#
# A fatal error has been detected by the Java Runtime Environment:
#
#  EXCEPTION_ACCESS_VIOLATION (0xc0000005) at pc=0x00007ffe9da8c4be, pid=12368, tid=6652
#
# JRE version: OpenJDK Runtime Environment (11.0.10) (build 11.0.10+0-b96-7249189)
# Java VM: OpenJDK 64-Bit Server VM (11.0.10+0-b96-7249189, mixed mode, tiered, compressed oops, g1 gc, windows-amd64)
# Problematic frame:
# C  [native-platform-file-events.dll+0x1c4be]
#
# No core dump will be written. Minidumps are not enabled by default on client versions of Windows
#
# If you would like to submit a bug report, please visit:
#   https://bugreport.java.com/bugreport/crash.jsp
# The crash happened outside the Java Virtual Machine in native code.
# See problematic frame for where to report the bug.
#

---------------  S U M M A R Y ------------

Command Line: --add-opens=java.base/java.util=ALL-UNNAMED --add-opens=java.base/java.lang=ALL-UNNAMED --add-opens=java.base/java.lang.invoke=ALL-UNNAMED --add-opens=java.base/java.util=ALL-UNNAMED --add-opens=java.prefs/java.util.prefs=ALL-UNNAMED --add-opens=java.prefs/java.util.prefs=ALL-UNNAMED --add-opens=java.base/java.nio.charset=ALL-UNNAMED --add-opens=java.base/java.net=ALL-UNNAMED --add-opens=java.base/java.util.concurrent.atomic=ALL-UNNAMED -Xmx2048m -Dfile.encoding=UTF-8 -Duser.country=FR -Duser.language=fr -Duser.variant org.gradle.launcher.daemon.bootstrap.GradleDaemon 7.0.2

Host: Intel(R) Core(TM) i5-8400 CPU @ 2.80GHz, 6 cores, 15G,  Windows 10 , 64 bit Build 19041 (10.0.19041.1023)
Time: Tue Aug 24 10:30:52 2021 Paris, Madrid (heure d’été) elapsed time: 27.394376 seconds (0d 0h 0m 27s)

---------------  T H R E A D  ---------------

Current thread (0x0000024203e6e000):  JavaThread "File watcher server" daemon [_thread_in_native, id=6652, stack(0x000000df34a00000,0x000000df34b00000)]

Stack: [0x000000df34a00000,0x000000df34b00000],  sp=0x000000df34afe6c0,  free space=1017k
Native frames: (J=compiled Java code, j=interpreted, Vv=VM code, C=native code)
C  [native-platform-file-events.dll+0x1c4be]

Java frames: (J=compiled Java code, j=interpreted, Vv=VM code)
j  net.rubygrapefruit.platform.internal.jni.AbstractFileEventFunctions$NativeFileWatcher.executeRunLoop0(Ljava/lang/Object;)V+0
j  net.rubygrapefruit.platform.internal.jni.AbstractFileEventFunctions$NativeFileWatcher.access$100(Lnet/rubygrapefruit/platform/internal/jni/AbstractFileEventFunctions$NativeFileWatcher;Ljava/lang/Object;)V+2
j  net.rubygrapefruit.platform.internal.jni.AbstractFileEventFunctions$NativeFileWatcher$1.run()V+26
v  ~StubRoutines::call_stub

siginfo: EXCEPTION_ACCESS_VIOLATION (0xc0000005), reading address 0xffffffffffffffff


Register to memory mapping:

RIP=0x00007ffe9da8c4be native-platform-file-events.dll
RAX=0x2473636974736974 is an unknown value
RBX=0x0000000000000001 is an unknown value
RCX=0x2473636974736974 is an unknown value
RDX=0x000000df34afe718 is pointing into the stack for thread: 0x0000024203e6e000
RSP=0x000000df34afe6c0 is pointing into the stack for thread: 0x0000024203e6e000
RBP=0x000000df34aff0b8 is pointing into the stack for thread: 0x0000024203e6e000
RSI=0x0 is NULL
RDI=
[error occurred during error reporting (printing register info), id 0xc0000005, EXCEPTION_ACCESS_VIOLATION (0xc0000005) at pc=0x00007ffe97179dc7]

Registers:
RAX=0x2473636974736974, RBX=0x0000000000000001, RCX=0x2473636974736974, RDX=0x000000df34afe718
RSP=0x000000df34afe6c0, RBP=0x000000df34aff0b8, RSI=0x0000000000000000, RDI=0x00000000ffffffff
R8 =0x000000df34afe720, R9 =0x000000007ffea000, R10=0x00000000546c6148, R11=0x0000134700cf6a71
R12=0x0000000000000000, R13=0x000002420523f9f8, R14=0x000000df34aff0e0, R15=0x0000024203e6e000
RIP=0x00007ffe9da8c4be, EFLAGS=0x0000000000010206

Top of Stack: (sp=0x000000df34afe6c0)
0x000000df34afe6c0:   0007ff52941a8b44 0007ff52918c8fbc
0x000000df34afe6d0:   0007ff52941a8b44 00007ffe9daa7be5
0x000000df34afe6e0:   000000df34afe798 000000df34afe718
0x000000df34afe6f0:   000000df00000000 000000df34afe728
0x000000df34afe700:   000000df34af0001 0000147925522f79
0x000000df34afe710:   000000df34afe720 000000000000002a
0x000000df34afe720:   0007ff52918c8fbc 0007ff52941a8b44
0x000000df34afe730:   000000df34aff0e0 00007ffe9daa7777
0x000000df34afe740:   000000df34afe798 000000df34afe790
0x000000df34afe750:   0000024200baa0a0 0000024263460000
0x000000df34afe760:   0000000000000000 00007ffe9da98bee
0x000000df34afe770:   0007ff52941a8b44 000000000000002a
0x000000df34afe780:   000000df341fc3c0 00007ffee59cf05b
0x000000df34afe790:   0000d98cc566faa0 000000000000002a
0x000000df34afe7a0:   000000000070006f 00007ffe9da8c6ec
0x000000df34afe7b0:   2473636974736974 000000df00000003 

Instructions: (pc=0x00007ffe9da8c4be)
0x00007ffe9da8c3be:   8b 00 48 89 44 24 38 48 8b 44 24 38 48 89 44 24
0x00007ffe9da8c3ce:   58 48 8b 84 24 b0 00 00 00 48 83 c0 08 48 89 44
0x00007ffe9da8c3de:   24 40 48 8d 54 24 70 48 8b 4c 24 40 e8 26 50 fe
0x00007ffe9da8c3ee:   ff 48 8b 00 48 89 44 24 48 48 8b 44 24 48 48 89
0x00007ffe9da8c3fe:   44 24 60 4c 8b 4c 24 50 4c 8b 44 24 58 48 8b 54
0x00007ffe9da8c40e:   24 60 48 8d 4c 24 78 e8 31 92 fe ff 48 8d 4c 24
0x00007ffe9da8c41e:   78 e8 8b 6a fe ff 48 8b c8 ff 15 db ab 11 00 89
0x00007ffe9da8c42e:   44 24 24 83 7c 24 24 ff 74 15 8b 44 24 24 83 e0
0x00007ffe9da8c43e:   10 85 c0 74 0a c7 44 24 28 01 00 00 00 eb 08 c7
0x00007ffe9da8c44e:   44 24 28 00 00 00 00 0f b6 44 24 28 88 44 24 20
0x00007ffe9da8c45e:   48 8d 4c 24 78 e8 1f 97 fe ff 0f b6 44 24 20 48
0x00007ffe9da8c46e:   8b 8c 24 98 00 00 00 48 33 cc e8 8f 76 fe ff 48
0x00007ffe9da8c47e:   81 c4 a8 00 00 00 c3 cc cc cc cc cc cc cc cc cc
0x00007ffe9da8c48e:   cc cc 48 89 4c 24 08 48 81 ec e8 00 00 00 48 8b
0x00007ffe9da8c49e:   05 a5 7d 10 00 48 33 c4 48 89 84 24 d0 00 00 00
0x00007ffe9da8c4ae:   c7 44 24 30 00 00 00 00 48 8b 84 24 f0 00 00 00
0x00007ffe9da8c4be:   83 78 68 03 0f 84 02 01 00 00 48 8b 84 24 f0 00
0x00007ffe9da8c4ce:   00 00 48 8b 48 28 ff 15 36 ab 11 00 89 44 24 38
0x00007ffe9da8c4de:   83 7c 24 38 00 0f 85 d0 00 00 00 ba 07 00 00 00
0x00007ffe9da8c4ee:   48 8b 0d 1b b0 10 00 e8 48 a4 fe ff 88 44 24 34
0x00007ffe9da8c4fe:   0f b6 44 24 34 85 c0 0f 84 90 00 00 00 ff 15 07
0x00007ffe9da8c50e:   ab 11 00 89 44 24 3c 48 8b 84 24 f0 00 00 00 48
0x00007ffe9da8c51e:   83 c0 08 48 8b d0 48 8d 8c 24 90 00 00 00 e8 05
0x00007ffe9da8c52e:   51 fe ff 48 89 44 24 40 48 8b 44 24 40 48 89 44
0x00007ffe9da8c53e:   24 48 8b 44 24 30 83 c8 01 89 44 24 30 48 8b 4c
0x00007ffe9da8c54e:   24 48 e8 d5 52 fe ff 48 89 44 24 50 48 8b 84 24
0x00007ffe9da8c55e:   f0 00 00 00 48 8b 40 28 48 89 44 24 58 8b 44 24
0x00007ffe9da8c56e:   3c 89 44 24 28 48 8b 44 24 50 48 89 44 24 20 4c
0x00007ffe9da8c57e:   8b 4c 24 58 4c 8d 05 77 af 0d 00 ba 07 00 00 00
0x00007ffe9da8c58e:   48 8b 0d 7b af 10 00 e8 f8 71 fe ff 90 8b 44 24
0x00007ffe9da8c59e:   30 83 e0 01 85 c0 74 13 83 64 24 30 fe 48 8d 8c
0x00007ffe9da8c5ae:   24 90 00 00 00 e8 e7 5a fe ff 90 eb 00 48 8b 84 


Stack slot to memory mapping:
stack at sp + 0 slots: 0x0007ff52941a8b44 is an unknown value
stack at sp + 1 slots: 0x0007ff52918c8fbc is an unknown value
stack at sp + 2 slots: 0x0007ff52941a8b44 is an unknown value
stack at sp + 3 slots: 0x00007ffe9daa7be5 native-platform-file-events.dll
stack at sp + 4 slots: 0x000000df34afe798 is pointing into the stack for thread: 0x0000024203e6e000
stack at sp + 5 slots: 0x000000df34afe718 is pointing into the stack for thread: 0x0000024203e6e000
stack at sp + 6 slots: 0x000000df00000000 is an unknown value
stack at sp + 7 slots: 0x000000df34afe728 is pointing into the stack for thread: 0x0000024203e6e000


---------------  P R O C E S S  ---------------

Threads class SMR info:
_java_thread_list=0x0000024202ca64e0, length=56, elements={
0x0000024264e9d800, 0x000002420005a000, 0x000002420005b800, 0x00000242000bc000,
0x00000242000bd000, 0x00000242000bf000, 0x00000242000c5800, 0x00000242000c8000,
0x00000242000cb800, 0x000002420023f000, 0x00000242028c1800, 0x0000024201ad0000,
0x0000024201a19000, 0x00000242018bd800, 0x000002420220e800, 0x0000024201893000,
0x00000242012dd800, 0x0000024201918800, 0x0000024201c33000, 0x00000242019c3800,
0x00000242019c1800, 0x00000242019c2000, 0x00000242019c3000, 0x0000024203e6f000,
0x0000024203e6e000, 0x0000024203e6c800, 0x0000024203e6d800, 0x0000024203e70000,
0x0000024203e70800, 0x0000024203e71800, 0x0000024203e75800, 0x0000024203e74000,
0x0000024203e78000, 0x0000024203e72800, 0x0000024203e79000, 0x0000024203e79800,
0x0000024203e76800, 0x0000024203b7f800, 0x0000024203b7c800, 0x0000024203b80800,
0x0000024203b7e000, 0x0000024203b7e800, 0x0000024203b7a800, 0x0000024203b7b800,
0x0000024203b81000, 0x0000024203b82000, 0x0000024203b83800, 0x0000024203b88800,
0x0000024207a90000, 0x0000024207a96000, 0x0000024207a95000, 0x0000024207a93800,
0x0000024207a96800, 0x0000024207a91000, 0x0000024207a98800, 0x000002420c58f800
}

Java Threads: ( => current thread )
  0x0000024264e9d800 JavaThread "main" [_thread_blocked, id=18076, stack(0x000000df32400000,0x000000df32500000)]
  0x000002420005a000 JavaThread "Reference Handler" daemon [_thread_blocked, id=7976, stack(0x000000df32b00000,0x000000df32c00000)]
  0x000002420005b800 JavaThread "Finalizer" daemon [_thread_blocked, id=6128, stack(0x000000df32c00000,0x000000df32d00000)]
  0x00000242000bc000 JavaThread "Signal Dispatcher" daemon [_thread_blocked, id=1392, stack(0x000000df32d00000,0x000000df32e00000)]
  0x00000242000bd000 JavaThread "Attach Listener" daemon [_thread_blocked, id=15364, stack(0x000000df32e00000,0x000000df32f00000)]
  0x00000242000bf000 JavaThread "Service Thread" daemon [_thread_blocked, id=15860, stack(0x000000df32f00000,0x000000df33000000)]
  0x00000242000c5800 JavaThread "C2 CompilerThread0" daemon [_thread_in_native, id=11276, stack(0x000000df33000000,0x000000df33100000)]
  0x00000242000c8000 JavaThread "C1 CompilerThread0" daemon [_thread_blocked, id=5992, stack(0x000000df33100000,0x000000df33200000)]
  0x00000242000cb800 JavaThread "Sweeper thread" daemon [_thread_blocked, id=5400, stack(0x000000df33200000,0x000000df33300000)]
  0x000002420023f000 JavaThread "Common-Cleaner" daemon [_thread_blocked, id=17600, stack(0x000000df33300000,0x000000df33400000)]
  0x00000242028c1800 JavaThread "Daemon health stats" [_thread_blocked, id=19552, stack(0x000000df33b00000,0x000000df33c00000)]
  0x0000024201ad0000 JavaThread "Incoming local TCP Connector on port 60545" [_thread_in_native, id=10416, stack(0x000000df33c00000,0x000000df33d00000)]
  0x0000024201a19000 JavaThread "Daemon periodic checks" [_thread_blocked, id=12968, stack(0x000000df33d00000,0x000000df33e00000)]
  0x00000242018bd800 JavaThread "Daemon" [_thread_blocked, id=5444, stack(0x000000df33e00000,0x000000df33f00000)]
  0x000002420220e800 JavaThread "Handler for socket connection from /127.0.0.1:60545 to /127.0.0.1:60546" [_thread_in_native, id=4300, stack(0x000000df33f00000,0x000000df34000000)]
  0x0000024201893000 JavaThread "Cancel handler" [_thread_blocked, id=10868, stack(0x000000df34000000,0x000000df34100000)]
  0x00000242012dd800 JavaThread "Daemon worker" [_thread_in_native, id=14816, stack(0x000000df34100000,0x000000df34200000)]
  0x0000024201918800 JavaThread "Asynchronous log dispatcher for DefaultDaemonConnection: socket connection from /127.0.0.1:60545 to /127.0.0.1:60546" [_thread_blocked, id=20436, stack(0x000000df34200000,0x000000df34300000)]
  0x0000024201c33000 JavaThread "Stdin handler" [_thread_blocked, id=15956, stack(0x000000df34300000,0x000000df34400000)]
  0x00000242019c3800 JavaThread "Daemon client event forwarder" [_thread_blocked, id=17256, stack(0x000000df34400000,0x000000df34500000)]
  0x00000242019c1800 JavaThread "Cache worker for file hash cache (C:\Users\80010-02-05\.gradle\caches\7.0.2\fileHashes)" [_thread_blocked, id=17032, stack(0x000000df34500000,0x000000df34600000)]
  0x00000242019c2000 JavaThread "File lock request listener" [_thread_in_native, id=16828, stack(0x000000df34600000,0x000000df34700000)]
  0x00000242019c3000 JavaThread "Cache worker for journal cache (C:\Users\80010-02-05\.gradle\caches\journal-1)" [_thread_blocked, id=6980, stack(0x000000df34800000,0x000000df34900000)]
  0x0000024203e6f000 JavaThread "Cache worker for file hash cache (U:\80010-02-05\CDA\Android\ListView\.gradle\7.0.2\fileHashes)" [_thread_blocked, id=5124, stack(0x000000df34900000,0x000000df34a00000)]
=>0x0000024203e6e000 JavaThread "File watcher server" daemon [_thread_in_native, id=6652, stack(0x000000df34a00000,0x000000df34b00000)]
  0x0000024203e6c800 JavaThread "File watcher consumer" daemon [_thread_blocked, id=6616, stack(0x000000df34b00000,0x000000df34c00000)]
  0x0000024203e6d800 JavaThread "Cache worker for checksums cache (U:\80010-02-05\CDA\Android\ListView\.gradle\checksums)" [_thread_blocked, id=15584, stack(0x000000df34c00000,0x000000df34d00000)]
  0x0000024203e70000 JavaThread "Cache worker for cache directory md-supplier (C:\Users\80010-02-05\.gradle\caches\7.0.2\md-supplier)" [_thread_blocked, id=20172, stack(0x000000df34d00000,0x000000df34e00000)]
  0x0000024203e70800 JavaThread "Cache worker for cache directory md-rule (C:\Users\80010-02-05\.gradle\caches\7.0.2\md-rule)" [_thread_blocked, id=12584, stack(0x000000df34e00000,0x000000df34f00000)]
  0x0000024203e71800 JavaThread "Cache worker for execution history cache (C:\Users\80010-02-05\.gradle\caches\7.0.2\executionHistory)" [_thread_blocked, id=16684, stack(0x000000df34f00000,0x000000df35000000)]
  0x0000024203e75800 JavaThread "jar transforms" [_thread_blocked, id=6988, stack(0x000000df35000000,0x000000df35100000)]
  0x0000024203e74000 JavaThread "jar transforms Thread 2" [_thread_blocked, id=19636, stack(0x000000df35100000,0x000000df35200000)]
  0x0000024203e78000 JavaThread "Cache worker for file content cache (C:\Users\80010-02-05\.gradle\caches\7.0.2\fileContent)" [_thread_blocked, id=3172, stack(0x000000df35200000,0x000000df35300000)]
  0x0000024203e72800 JavaThread "Cache worker for dependencies-accessors (U:\80010-02-05\CDA\Android\ListView\.gradle\7.0.2\dependencies-accessors)" [_thread_blocked, id=19728, stack(0x000000df35300000,0x000000df35400000)]
  0x0000024203e79000 JavaThread "jar transforms Thread 3" [_thread_blocked, id=13624, stack(0x000000df35400000,0x000000df35500000)]
  0x0000024203e79800 JavaThread "Cache worker for Build Output Cleanup Cache (U:\80010-02-05\CDA\Android\ListView\.gradle\buildOutputCleanup)" [_thread_blocked, id=13740, stack(0x000000df35500000,0x000000df35600000)]
  0x0000024203e76800 JavaThread "Build operations" [_thread_blocked, id=1780, stack(0x000000df35600000,0x000000df35700000)]
  0x0000024203b7f800 JavaThread "Build operations Thread 2" [_thread_blocked, id=5360, stack(0x000000df35700000,0x000000df35800000)]
  0x0000024203b7c800 JavaThread "Build operations Thread 3" [_thread_blocked, id=17996, stack(0x000000df35800000,0x000000df35900000)]
  0x0000024203b80800 JavaThread "Build operations Thread 4" [_thread_blocked, id=9044, stack(0x000000df35900000,0x000000df35a00000)]
  0x0000024203b7e000 JavaThread "Build operations Thread 5" [_thread_blocked, id=9880, stack(0x000000df35a00000,0x000000df35b00000)]
  0x0000024203b7e800 JavaThread "Build operations Thread 6" [_thread_blocked, id=11776, stack(0x000000df35b00000,0x000000df35c00000)]
  0x0000024203b7a800 JavaThread "jar transforms Thread 4" [_thread_blocked, id=16692, stack(0x000000df35c00000,0x000000df35d00000)]
  0x0000024203b7b800 JavaThread "jar transforms Thread 5" [_thread_blocked, id=20100, stack(0x000000df35d00000,0x000000df35e00000)]
  0x0000024203b81000 JavaThread "jar transforms Thread 6" [_thread_blocked, id=19168, stack(0x000000df35e00000,0x000000df35f00000)]
  0x0000024203b82000 JavaThread "Memory manager" [_thread_blocked, id=19964, stack(0x000000df35f00000,0x000000df36000000)]
  0x0000024203b83800 JavaThread "pool-3-thread-1" [_thread_blocked, id=16640, stack(0x000000df36100000,0x000000df36200000)]
  0x0000024203b88800 JavaThread "Cache worker for execution history cache (U:\80010-02-05\CDA\Android\ListView\.gradle\7.0.2\executionHistory)" [_thread_blocked, id=15068, stack(0x000000df36800000,0x000000df36900000)]
  0x0000024207a90000 JavaThread "WorkerExecutor Queue" [_thread_blocked, id=18928, stack(0x000000df36900000,0x000000df36a00000)]
  0x0000024207a96000 JavaThread "WorkerExecutor Queue Thread 2" [_thread_blocked, id=8252, stack(0x000000df36a00000,0x000000df36b00000)]
  0x0000024207a95000 JavaThread "WorkerExecutor Queue Thread 3" [_thread_blocked, id=15872, stack(0x000000df36b00000,0x000000df36c00000)]
  0x0000024207a93800 JavaThread "WorkerExecutor Queue Thread 4" [_thread_blocked, id=13660, stack(0x000000df36c00000,0x000000df36d00000)]
  0x0000024207a96800 JavaThread "WorkerExecutor Queue Thread 5" [_thread_blocked, id=18412, stack(0x000000df36d00000,0x000000df36e00000)]
  0x0000024207a91000 JavaThread "WorkerExecutor Queue Thread 6" [_thread_blocked, id=19068, stack(0x000000df36e00000,0x000000df36f00000)]
  0x0000024207a98800 JavaThread "pool-2-thread-1" [_thread_in_Java, id=18200, stack(0x000000df33500000,0x000000df33600000)]
  0x000002420c58f800 JavaThread "C2 CompilerThread1" daemon [_thread_in_native, id=19528, stack(0x000000df36000000,0x000000df36100000)]

Other Threads:
  0x0000024200057000 VMThread "VM Thread" [stack: 0x000000df32a00000,0x000000df32b00000] [id=8952]
  0x0000024200245800 WatcherThread [stack: 0x000000df33400000,0x000000df33500000] [id=10212]
  0x0000024264eb4800 GCTaskThread "GC Thread#0" [stack: 0x000000df32500000,0x000000df32600000] [id=19304]
  0x00000242010b9800 GCTaskThread "GC Thread#1" [stack: 0x000000df33600000,0x000000df33700000] [id=9312]
  0x0000024201243800 GCTaskThread "GC Thread#2" [stack: 0x000000df33700000,0x000000df33800000] [id=3104]
  0x0000024200cd4800 GCTaskThread "GC Thread#3" [stack: 0x000000df33800000,0x000000df33900000] [id=4144]
  0x0000024200b80800 GCTaskThread "GC Thread#4" [stack: 0x000000df33900000,0x000000df33a00000] [id=8804]
  0x0000024200804800 GCTaskThread "GC Thread#5" [stack: 0x000000df33a00000,0x000000df33b00000] [id=11408]
  0x0000024264ee9800 ConcurrentGCThread "G1 Main Marker" [stack: 0x000000df32600000,0x000000df32700000] [id=4912]
  0x0000024264eeb000 ConcurrentGCThread "G1 Conc#0" [stack: 0x000000df32700000,0x000000df32800000] [id=7056]
  0x00000242027a4000 ConcurrentGCThread "G1 Conc#1" [stack: 0x000000df34700000,0x000000df34800000] [id=6212]
  0x000002427f5b9000 ConcurrentGCThread "G1 Refine#0" [stack: 0x000000df32800000,0x000000df32900000] [id=3924]
  0x000002427f5ba000 ConcurrentGCThread "G1 Young RemSet Sampling" [stack: 0x000000df32900000,0x000000df32a00000] [id=7348]

Threads with active compile tasks:
C2 CompilerThread0  27440 12166   !   4       java.io.ObjectOutputStream::writeOrdinaryObject (175 bytes)
C1 CompilerThread0  27440 12185       3       java.lang.invoke.VarHandleObjects$FieldInstanceReadWrite::setRelease (30 bytes)
C2 CompilerThread1  27440 12175   !   4       java.io.ObjectOutputStream::writeSerialData (221 bytes)

VM state:not at safepoint (normal execution)

VM Mutex/Monitor currently owned by a thread:  ([mutex/lock_event])
[0x0000024264e98a90] Compile_lock - owner thread: 0x00000242000c8000
[0x0000024264e99db0] MethodCompileQueue_lock - owner thread: 0x00000242000c8000

Heap address: 0x0000000080000000, size: 2048 MB, Compressed Oops mode: 32-bit
Narrow klass base: 0x0000000000000000, Narrow klass shift: 3
Compressed class space size: 1073741824 Address: 0x0000000100000000

Heap:
 garbage-first heap   total 260096K, used 185136K [0x0000000080000000, 0x0000000100000000)
  region size 1024K, 97 young (99328K), 4 survivors (4096K)
 Metaspace       used 92298K, capacity 94671K, committed 94924K, reserved 1132544K
  class space    used 11453K, capacity 12285K, committed 12288K, reserved 1048576K
Heap Regions: E=young(eden), S=young(survivor), O=old, HS=humongous(starts), HC=humongous(continues), CS=collection set, F=free, A=archive, TAMS=top-at-mark-start (previous, next)
|   0|0x0000000080000000, 0x0000000080100000, 0x0000000080100000|100%| O|  |TAMS 0x0000000080100000, 0x0000000080000000| Untracked 
|   1|0x0000000080100000, 0x0000000080200000, 0x0000000080200000|100%| O|  |TAMS 0x0000000080200000, 0x0000000080100000| Untracked 
|   2|0x0000000080200000, 0x0000000080300000, 0x0000000080300000|100%| O|  |TAMS 0x0000000080300000, 0x0000000080200000| Untracked 
|   3|0x0000000080300000, 0x0000000080400000, 0x0000000080400000|100%|HS|  |TAMS 0x0000000080400000, 0x0000000080300000| Complete 
|   4|0x0000000080400000, 0x0000000080500000, 0x0000000080500000|100%|HC|  |TAMS 0x0000000080500000, 0x0000000080400000| Complete 
|   5|0x0000000080500000, 0x0000000080600000, 0x0000000080600000|100%|HC|  |TAMS 0x0000000080600000, 0x0000000080500000| Complete 
|   6|0x0000000080600000, 0x0000000080700000, 0x0000000080700000|100%| O|  |TAMS 0x0000000080700000, 0x0000000080600000| Untracked 
|   7|0x0000000080700000, 0x0000000080800000, 0x0000000080800000|100%| O|  |TAMS 0x0000000080800000, 0x0000000080700000| Untracked 
|   8|0x0000000080800000, 0x0000000080900000, 0x0000000080900000|100%| O|  |TAMS 0x0000000080900000, 0x0000000080800000| Untracked 
|   9|0x0000000080900000, 0x0000000080a00000, 0x0000000080a00000|100%| O|  |TAMS 0x0000000080a00000, 0x0000000080900000| Untracked 
|  10|0x0000000080a00000, 0x0000000080b00000, 0x0000000080b00000|100%| O|  |TAMS 0x0000000080b00000, 0x0000000080a00000| Untracked 
|  11|0x0000000080b00000, 0x0000000080c00000, 0x0000000080c00000|100%| O|  |TAMS 0x0000000080c00000, 0x0000000080b00000| Untracked 
|  12|0x0000000080c00000, 0x0000000080d00000, 0x0000000080d00000|100%| O|  |TAMS 0x0000000080d00000, 0x0000000080c00000| Untracked 
|  13|0x0000000080d00000, 0x0000000080e00000, 0x0000000080e00000|100%| O|  |TAMS 0x0000000080e00000, 0x0000000080d00000| Untracked 
|  14|0x0000000080e00000, 0x0000000080f00000, 0x0000000080f00000|100%| O|  |TAMS 0x0000000080f00000, 0x0000000080e00000| Untracked 
|  15|0x0000000080f00000, 0x0000000081000000, 0x0000000081000000|100%|HS|  |TAMS 0x0000000081000000, 0x0000000080f00000| Complete 
|  16|0x0000000081000000, 0x0000000081100000, 0x0000000081100000|100%|HS|  |TAMS 0x0000000081100000, 0x0000000081000000| Complete 
|  17|0x0000000081100000, 0x0000000081200000, 0x0000000081200000|100%|HS|  |TAMS 0x0000000081200000, 0x0000000081100000| Complete 
|  18|0x0000000081200000, 0x0000000081300000, 0x0000000081300000|100%|HC|  |TAMS 0x0000000081300000, 0x0000000081200000| Complete 
|  19|0x0000000081300000, 0x0000000081400000, 0x0000000081400000|100%| O|  |TAMS 0x0000000081400000, 0x0000000081300000| Untracked 
|  20|0x0000000081400000, 0x0000000081500000, 0x0000000081500000|100%| O|  |TAMS 0x0000000081500000, 0x0000000081400000| Untracked 
|  21|0x0000000081500000, 0x0000000081600000, 0x0000000081600000|100%| O|  |TAMS 0x0000000081600000, 0x0000000081500000| Untracked 
|  22|0x0000000081600000, 0x0000000081700000, 0x0000000081700000|100%| O|  |TAMS 0x0000000081700000, 0x0000000081600000| Untracked 
|  23|0x0000000081700000, 0x0000000081800000, 0x0000000081800000|100%| O|  |TAMS 0x0000000081800000, 0x0000000081700000| Untracked 
|  24|0x0000000081800000, 0x0000000081900000, 0x0000000081900000|100%| O|  |TAMS 0x0000000081900000, 0x0000000081800000| Untracked 
|  25|0x0000000081900000, 0x0000000081a00000, 0x0000000081a00000|100%| O|  |TAMS 0x000000008192dc00, 0x0000000081900000| Untracked 
|  26|0x0000000081a00000, 0x0000000081b00000, 0x0000000081b00000|100%| O|  |TAMS 0x0000000081a00000, 0x0000000081a00000| Untracked 
|  27|0x0000000081b00000, 0x0000000081c00000, 0x0000000081c00000|100%| O|  |TAMS 0x0000000081b00000, 0x0000000081b00000| Untracked 
|  28|0x0000000081c00000, 0x0000000081d00000, 0x0000000081d00000|100%| O|  |TAMS 0x0000000081c00000, 0x0000000081c00000| Untracked 
|  29|0x0000000081d00000, 0x0000000081e00000, 0x0000000081e00000|100%| O|  |TAMS 0x0000000081d00000, 0x0000000081d00000| Untracked 
|  30|0x0000000081e00000, 0x0000000081f00000, 0x0000000081f00000|100%| O|  |TAMS 0x0000000081e00000, 0x0000000081e00000| Untracked 
|  31|0x0000000081f00000, 0x0000000082000000, 0x0000000082000000|100%| O|  |TAMS 0x0000000081f00000, 0x0000000081f00000| Untracked 
|  32|0x0000000082000000, 0x0000000082100000, 0x0000000082100000|100%| O|  |TAMS 0x0000000082000000, 0x0000000082000000| Untracked 
|  33|0x0000000082100000, 0x0000000082200000, 0x0000000082200000|100%| O|  |TAMS 0x0000000082100000, 0x0000000082100000| Untracked 
|  34|0x0000000082200000, 0x0000000082300000, 0x0000000082300000|100%| O|  |TAMS 0x0000000082200000, 0x0000000082200000| Untracked 
|  35|0x0000000082300000, 0x0000000082400000, 0x0000000082400000|100%| O|  |TAMS 0x0000000082300000, 0x0000000082300000| Untracked 
|  36|0x0000000082400000, 0x0000000082500000, 0x0000000082500000|100%| O|  |TAMS 0x0000000082400000, 0x0000000082400000| Untracked 
|  37|0x0000000082500000, 0x0000000082600000, 0x0000000082600000|100%| O|  |TAMS 0x0000000082500000, 0x0000000082500000| Untracked 
|  38|0x0000000082600000, 0x0000000082700000, 0x0000000082700000|100%| O|  |TAMS 0x0000000082600000, 0x0000000082600000| Untracked 
|  39|0x0000000082700000, 0x0000000082800000, 0x0000000082800000|100%| O|  |TAMS 0x0000000082700000, 0x0000000082700000| Untracked 
|  40|0x0000000082800000, 0x0000000082900000, 0x0000000082900000|100%| O|  |TAMS 0x0000000082800000, 0x0000000082800000| Untracked 
|  41|0x0000000082900000, 0x0000000082a00000, 0x0000000082a00000|100%| O|  |TAMS 0x0000000082900000, 0x0000000082900000| Untracked 
|  42|0x0000000082a00000, 0x0000000082b00000, 0x0000000082b00000|100%| O|  |TAMS 0x0000000082a00000, 0x0000000082a00000| Untracked 
|  43|0x0000000082b00000, 0x0000000082c00000, 0x0000000082c00000|100%| O|  |TAMS 0x0000000082b00000, 0x0000000082b00000| Untracked 
|  44|0x0000000082c00000, 0x0000000082d00000, 0x0000000082d00000|100%| O|  |TAMS 0x0000000082c00000, 0x0000000082c00000| Untracked 
|  45|0x0000000082d00000, 0x0000000082e00000, 0x0000000082e00000|100%| O|  |TAMS 0x0000000082d00000, 0x0000000082d00000| Untracked 
|  46|0x0000000082e00000, 0x0000000082f00000, 0x0000000082f00000|100%| O|  |TAMS 0x0000000082e00000, 0x0000000082e00000| Untracked 
|  47|0x0000000082f00000, 0x0000000083000000, 0x0000000083000000|100%| O|  |TAMS 0x0000000082f00000, 0x0000000082f00000| Untracked 
|  48|0x0000000083000000, 0x0000000083100000, 0x0000000083100000|100%| O|  |TAMS 0x0000000083000000, 0x0000000083000000| Untracked 
|  49|0x0000000083100000, 0x0000000083200000, 0x0000000083200000|100%| O|  |TAMS 0x0000000083100000, 0x0000000083100000| Untracked 
|  50|0x0000000083200000, 0x0000000083300000, 0x0000000083300000|100%| O|  |TAMS 0x0000000083200000, 0x0000000083200000| Untracked 
|  51|0x0000000083300000, 0x0000000083400000, 0x0000000083400000|100%| O|  |TAMS 0x0000000083300000, 0x0000000083300000| Untracked 
|  52|0x0000000083400000, 0x0000000083500000, 0x0000000083500000|100%| O|  |TAMS 0x0000000083400000, 0x0000000083400000| Untracked 
|  53|0x0000000083500000, 0x0000000083500000, 0x0000000083600000|  0%| F|  |TAMS 0x0000000083500000, 0x0000000083500000| Untracked 
|  54|0x0000000083600000, 0x0000000083700000, 0x0000000083700000|100%| O|  |TAMS 0x0000000083600000, 0x0000000083600000| Untracked 
|  55|0x0000000083700000, 0x0000000083800000, 0x0000000083800000|100%|HS|  |TAMS 0x0000000083700000, 0x0000000083700000| Complete 
|  56|0x0000000083800000, 0x0000000083800000, 0x0000000083900000|  0%| F|  |TAMS 0x0000000083800000, 0x0000000083800000| Untracked 
|  57|0x0000000083900000, 0x0000000083900000, 0x0000000083a00000|  0%| F|  |TAMS 0x0000000083900000, 0x0000000083900000| Untracked 
|  58|0x0000000083a00000, 0x0000000083a00000, 0x0000000083b00000|  0%| F|  |TAMS 0x0000000083a00000, 0x0000000083a00000| Untracked 
|  59|0x0000000083b00000, 0x0000000083b00000, 0x0000000083c00000|  0%| F|  |TAMS 0x0000000083b00000, 0x0000000083b00000| Untracked 
|  60|0x0000000083c00000, 0x0000000083c00000, 0x0000000083d00000|  0%| F|  |TAMS 0x0000000083c00000, 0x0000000083c00000| Untracked 
|  61|0x0000000083d00000, 0x0000000083d00000, 0x0000000083e00000|  0%| F|  |TAMS 0x0000000083d00000, 0x0000000083d00000| Untracked 
|  62|0x0000000083e00000, 0x0000000083e00000, 0x0000000083f00000|  0%| F|  |TAMS 0x0000000083e00000, 0x0000000083e00000| Untracked 
|  63|0x0000000083f00000, 0x0000000083f00000, 0x0000000084000000|  0%| F|  |TAMS 0x0000000083f00000, 0x0000000083f00000| Untracked 
|  64|0x0000000084000000, 0x0000000084100000, 0x0000000084100000|100%| O|  |TAMS 0x0000000084000000, 0x0000000084000000| Untracked 
|  65|0x0000000084100000, 0x0000000084200000, 0x0000000084200000|100%| O|  |TAMS 0x0000000084100000, 0x0000000084100000| Untracked 
|  66|0x0000000084200000, 0x0000000084300000, 0x0000000084300000|100%| O|  |TAMS 0x0000000084200000, 0x0000000084200000| Untracked 
|  67|0x0000000084300000, 0x0000000084400000, 0x0000000084400000|100%| O|  |TAMS 0x0000000084300000, 0x0000000084300000| Untracked 
|  68|0x0000000084400000, 0x0000000084500000, 0x0000000084500000|100%| O|  |TAMS 0x0000000084400000, 0x0000000084400000| Untracked 
|  69|0x0000000084500000, 0x0000000084600000, 0x0000000084600000|100%| O|  |TAMS 0x0000000084500000, 0x0000000084500000| Untracked 
|  70|0x0000000084600000, 0x0000000084700000, 0x0000000084700000|100%| O|  |TAMS 0x0000000084600000, 0x0000000084600000| Untracked 
|  71|0x0000000084700000, 0x0000000084800000, 0x0000000084800000|100%| O|  |TAMS 0x0000000084700000, 0x0000000084700000| Untracked 
|  72|0x0000000084800000, 0x0000000084900000, 0x0000000084900000|100%| O|  |TAMS 0x0000000084800000, 0x0000000084800000| Untracked 
|  73|0x0000000084900000, 0x0000000084a00000, 0x0000000084a00000|100%| O|  |TAMS 0x0000000084900000, 0x0000000084900000| Untracked 
|  74|0x0000000084a00000, 0x0000000084b00000, 0x0000000084b00000|100%| O|  |TAMS 0x0000000084a00000, 0x0000000084a00000| Untracked 
|  75|0x0000000084b00000, 0x0000000084c00000, 0x0000000084c00000|100%| O|  |TAMS 0x0000000084b00000, 0x0000000084b00000| Untracked 
|  76|0x0000000084c00000, 0x0000000084d00000, 0x0000000084d00000|100%| O|  |TAMS 0x0000000084c00000, 0x0000000084c00000| Untracked 
|  77|0x0000000084d00000, 0x0000000084e00000, 0x0000000084e00000|100%| O|  |TAMS 0x0000000084d00000, 0x0000000084d00000| Untracked 
|  78|0x0000000084e00000, 0x0000000084e00000, 0x0000000084f00000|  0%| F|  |TAMS 0x0000000084e00000, 0x0000000084e00000| Untracked 
|  79|0x0000000084f00000, 0x0000000084f00000, 0x0000000085000000|  0%| F|  |TAMS 0x0000000084f00000, 0x0000000084f00000| Untracked 
|  80|0x0000000085000000, 0x0000000085000000, 0x0000000085100000|  0%| F|  |TAMS 0x0000000085000000, 0x0000000085000000| Untracked 
|  81|0x0000000085100000, 0x0000000085100000, 0x0000000085200000|  0%| F|  |TAMS 0x0000000085100000, 0x0000000085100000| Untracked 
|  82|0x0000000085200000, 0x0000000085200000, 0x0000000085300000|  0%| F|  |TAMS 0x0000000085200000, 0x0000000085200000| Untracked 
|  83|0x0000000085300000, 0x0000000085300000, 0x0000000085400000|  0%| F|  |TAMS 0x0000000085300000, 0x0000000085300000| Untracked 
|  84|0x0000000085400000, 0x0000000085500000, 0x0000000085500000|100%| O|  |TAMS 0x0000000085400000, 0x0000000085400000| Untracked 
|  85|0x0000000085500000, 0x0000000085600000, 0x0000000085600000|100%| O|  |TAMS 0x0000000085500000, 0x0000000085500000| Untracked 
|  86|0x0000000085600000, 0x0000000085700000, 0x0000000085700000|100%| O|  |TAMS 0x0000000085600000, 0x0000000085600000| Untracked 
|  87|0x0000000085700000, 0x0000000085800000, 0x0000000085800000|100%| O|  |TAMS 0x0000000085700000, 0x0000000085700000| Untracked 
|  88|0x0000000085800000, 0x0000000085900000, 0x0000000085900000|100%| O|  |TAMS 0x0000000085800000, 0x0000000085800000| Untracked 
|  89|0x0000000085900000, 0x0000000085a00000, 0x0000000085a00000|100%| O|  |TAMS 0x0000000085900000, 0x0000000085900000| Untracked 
|  90|0x0000000085a00000, 0x0000000085b00000, 0x0000000085b00000|100%| O|  |TAMS 0x0000000085a00000, 0x0000000085a00000| Untracked 
|  91|0x0000000085b00000, 0x0000000085c00000, 0x0000000085c00000|100%| O|  |TAMS 0x0000000085b00000, 0x0000000085b00000| Untracked 
|  92|0x0000000085c00000, 0x0000000085d00000, 0x0000000085d00000|100%| O|  |TAMS 0x0000000085c00000, 0x0000000085c00000| Untracked 
|  93|0x0000000085d00000, 0x0000000085d00000, 0x0000000085e00000|  0%| F|  |TAMS 0x0000000085d00000, 0x0000000085d00000| Untracked 
|  94|0x0000000085e00000, 0x0000000085e00000, 0x0000000085f00000|  0%| F|  |TAMS 0x0000000085e00000, 0x0000000085e00000| Untracked 
|  95|0x0000000085f00000, 0x0000000085f00000, 0x0000000086000000|  0%| F|  |TAMS 0x0000000085f00000, 0x0000000085f00000| Untracked 
|  96|0x0000000086000000, 0x0000000086000000, 0x0000000086100000|  0%| F|  |TAMS 0x0000000086000000, 0x0000000086000000| Untracked 
|  97|0x0000000086100000, 0x0000000086200000, 0x0000000086200000|100%| O|  |TAMS 0x0000000086100000, 0x0000000086100000| Untracked 
|  98|0x0000000086200000, 0x0000000086300000, 0x0000000086300000|100%| O|  |TAMS 0x0000000086200000, 0x0000000086200000| Untracked 
|  99|0x0000000086300000, 0x0000000086400000, 0x0000000086400000|100%| O|  |TAMS 0x0000000086300000, 0x0000000086300000| Untracked 
| 100|0x0000000086400000, 0x0000000086500000, 0x0000000086500000|100%| O|  |TAMS 0x0000000086400000, 0x0000000086400000| Untracked 
| 101|0x0000000086500000, 0x0000000086600000, 0x0000000086600000|100%| O|  |TAMS 0x0000000086500000, 0x0000000086500000| Untracked 
| 102|0x0000000086600000, 0x0000000086700000, 0x0000000086700000|100%| O|  |TAMS 0x0000000086600000, 0x0000000086600000| Untracked 
| 103|0x0000000086700000, 0x0000000086800000, 0x0000000086800000|100%| O|  |TAMS 0x0000000086700000, 0x0000000086700000| Untracked 
| 104|0x0000000086800000, 0x00000000868cc000, 0x0000000086900000| 79%| O|  |TAMS 0x0000000086800000, 0x0000000086800000| Untracked 
| 105|0x0000000086900000, 0x0000000086900000, 0x0000000086a00000|  0%| F|  |TAMS 0x0000000086900000, 0x0000000086900000| Untracked 
| 106|0x0000000086a00000, 0x0000000086a00000, 0x0000000086b00000|  0%| F|  |TAMS 0x0000000086a00000, 0x0000000086a00000| Untracked 
| 107|0x0000000086b00000, 0x0000000086b00000, 0x0000000086c00000|  0%| F|  |TAMS 0x0000000086b00000, 0x0000000086b00000| Untracked 
| 108|0x0000000086c00000, 0x0000000086c00000, 0x0000000086d00000|  0%| F|  |TAMS 0x0000000086c00000, 0x0000000086c00000| Untracked 
| 109|0x0000000086d00000, 0x0000000086d00000, 0x0000000086e00000|  0%| F|  |TAMS 0x0000000086d00000, 0x0000000086d00000| Untracked 
| 110|0x0000000086e00000, 0x0000000086e00000, 0x0000000086f00000|  0%| F|  |TAMS 0x0000000086e00000, 0x0000000086e00000| Untracked 
| 111|0x0000000086f00000, 0x0000000086f00000, 0x0000000087000000|  0%| F|  |TAMS 0x0000000086f00000, 0x0000000086f00000| Untracked 
| 112|0x0000000087000000, 0x0000000087000000, 0x0000000087100000|  0%| F|  |TAMS 0x0000000087000000, 0x0000000087000000| Untracked 
| 113|0x0000000087100000, 0x0000000087100000, 0x0000000087200000|  0%| F|  |TAMS 0x0000000087100000, 0x0000000087100000| Untracked 
| 114|0x0000000087200000, 0x0000000087200000, 0x0000000087300000|  0%| F|  |TAMS 0x0000000087200000, 0x0000000087200000| Untracked 
| 115|0x0000000087300000, 0x0000000087300000, 0x0000000087400000|  0%| F|  |TAMS 0x0000000087300000, 0x0000000087300000| Untracked 
| 116|0x0000000087400000, 0x0000000087400000, 0x0000000087500000|  0%| F|  |TAMS 0x0000000087400000, 0x0000000087400000| Untracked 
| 117|0x0000000087500000, 0x0000000087500000, 0x0000000087600000|  0%| F|  |TAMS 0x0000000087500000, 0x0000000087500000| Untracked 
| 118|0x0000000087600000, 0x0000000087600000, 0x0000000087700000|  0%| F|  |TAMS 0x0000000087600000, 0x0000000087600000| Untracked 
| 119|0x0000000087700000, 0x0000000087700000, 0x0000000087800000|  0%| F|  |TAMS 0x0000000087700000, 0x0000000087700000| Untracked 
| 120|0x0000000087800000, 0x0000000087800000, 0x0000000087900000|  0%| F|  |TAMS 0x0000000087800000, 0x0000000087800000| Untracked 
| 121|0x0000000087900000, 0x0000000087900000, 0x0000000087a00000|  0%| F|  |TAMS 0x0000000087900000, 0x0000000087900000| Untracked 
| 122|0x0000000087a00000, 0x0000000087a00000, 0x0000000087b00000|  0%| F|  |TAMS 0x0000000087a00000, 0x0000000087a00000| Untracked 
| 123|0x0000000087b00000, 0x0000000087b00000, 0x0000000087c00000|  0%| F|  |TAMS 0x0000000087b00000, 0x0000000087b00000| Untracked 
| 124|0x0000000087c00000, 0x0000000087c00000, 0x0000000087d00000|  0%| F|  |TAMS 0x0000000087c00000, 0x0000000087c00000| Untracked 
| 125|0x0000000087d00000, 0x0000000087d00000, 0x0000000087e00000|  0%| F|  |TAMS 0x0000000087d00000, 0x0000000087d00000| Untracked 
| 126|0x0000000087e00000, 0x0000000087e00000, 0x0000000087f00000|  0%| F|  |TAMS 0x0000000087e00000, 0x0000000087e00000| Untracked 
| 127|0x0000000087f00000, 0x0000000087f00000, 0x0000000088000000|  0%| F|  |TAMS 0x0000000087f00000, 0x0000000087f00000| Untracked 
| 128|0x0000000088000000, 0x0000000088000000, 0x0000000088100000|  0%| F|  |TAMS 0x0000000088000000, 0x0000000088000000| Untracked 
| 129|0x0000000088100000, 0x0000000088100000, 0x0000000088200000|  0%| F|  |TAMS 0x0000000088100000, 0x0000000088100000| Untracked 
| 130|0x0000000088200000, 0x0000000088200000, 0x0000000088300000|  0%| F|  |TAMS 0x0000000088200000, 0x0000000088200000| Untracked 
| 131|0x0000000088300000, 0x0000000088300000, 0x0000000088400000|  0%| F|  |TAMS 0x0000000088300000, 0x0000000088300000| Untracked 
| 132|0x0000000088400000, 0x0000000088400000, 0x0000000088500000|  0%| F|  |TAMS 0x0000000088400000, 0x0000000088400000| Untracked 
| 133|0x0000000088500000, 0x0000000088500000, 0x0000000088600000|  0%| F|  |TAMS 0x0000000088500000, 0x0000000088500000| Untracked 
| 134|0x0000000088600000, 0x0000000088600000, 0x0000000088700000|  0%| F|  |TAMS 0x0000000088600000, 0x0000000088600000| Untracked 
| 135|0x0000000088700000, 0x0000000088700000, 0x0000000088800000|  0%| F|  |TAMS 0x0000000088700000, 0x0000000088700000| Untracked 
| 136|0x0000000088800000, 0x0000000088800000, 0x0000000088900000|  0%| F|  |TAMS 0x0000000088800000, 0x0000000088800000| Untracked 
| 137|0x0000000088900000, 0x0000000088900000, 0x0000000088a00000|  0%| F|  |TAMS 0x0000000088900000, 0x0000000088900000| Untracked 
| 138|0x0000000088a00000, 0x0000000088a00000, 0x0000000088b00000|  0%| F|  |TAMS 0x0000000088a00000, 0x0000000088a00000| Untracked 
| 139|0x0000000088b00000, 0x0000000088b00000, 0x0000000088c00000|  0%| F|  |TAMS 0x0000000088b00000, 0x0000000088b00000| Untracked 
| 140|0x0000000088c00000, 0x0000000088c00000, 0x0000000088d00000|  0%| F|  |TAMS 0x0000000088c00000, 0x0000000088c00000| Untracked 
| 141|0x0000000088d00000, 0x0000000088d00000, 0x0000000088e00000|  0%| F|  |TAMS 0x0000000088d00000, 0x0000000088d00000| Untracked 
| 142|0x0000000088e00000, 0x0000000088e00000, 0x0000000088f00000|  0%| F|  |TAMS 0x0000000088e00000, 0x0000000088e00000| Untracked 
| 143|0x0000000088f00000, 0x0000000088f00000, 0x0000000089000000|  0%| F|  |TAMS 0x0000000088f00000, 0x0000000088f00000| Untracked 
| 144|0x0000000089000000, 0x0000000089100000, 0x0000000089100000|100%| S|CS|TAMS 0x0000000089000000, 0x0000000089000000| Complete 
| 145|0x0000000089100000, 0x0000000089200000, 0x0000000089200000|100%| S|CS|TAMS 0x0000000089100000, 0x0000000089100000| Complete 
| 146|0x0000000089200000, 0x0000000089300000, 0x0000000089300000|100%| S|CS|TAMS 0x0000000089200000, 0x0000000089200000| Complete 
| 147|0x0000000089300000, 0x0000000089400000, 0x0000000089400000|100%| S|CS|TAMS 0x0000000089300000, 0x0000000089300000| Complete 
| 148|0x0000000089400000, 0x0000000089400000, 0x0000000089500000|  0%| F|  |TAMS 0x0000000089400000, 0x0000000089400000| Untracked 
| 149|0x0000000089500000, 0x0000000089500000, 0x0000000089600000|  0%| F|  |TAMS 0x0000000089500000, 0x0000000089500000| Untracked 
| 150|0x0000000089600000, 0x0000000089600000, 0x0000000089700000|  0%| F|  |TAMS 0x0000000089600000, 0x0000000089600000| Untracked 
| 151|0x0000000089700000, 0x0000000089700000, 0x0000000089800000|  0%| F|  |TAMS 0x0000000089700000, 0x0000000089700000| Untracked 
| 152|0x0000000089800000, 0x0000000089800000, 0x0000000089900000|  0%| F|  |TAMS 0x0000000089800000, 0x0000000089800000| Untracked 
| 153|0x0000000089900000, 0x0000000089900000, 0x0000000089a00000|  0%| F|  |TAMS 0x0000000089900000, 0x0000000089900000| Untracked 
| 154|0x0000000089a00000, 0x0000000089a00000, 0x0000000089b00000|  0%| F|  |TAMS 0x0000000089a00000, 0x0000000089a00000| Untracked 
| 155|0x0000000089b00000, 0x0000000089b00000, 0x0000000089c00000|  0%| F|  |TAMS 0x0000000089b00000, 0x0000000089b00000| Untracked 
| 156|0x0000000089c00000, 0x0000000089c00000, 0x0000000089d00000|  0%| F|  |TAMS 0x0000000089c00000, 0x0000000089c00000| Untracked 
| 157|0x0000000089d00000, 0x0000000089d00000, 0x0000000089e00000|  0%| F|  |TAMS 0x0000000089d00000, 0x0000000089d00000| Untracked 
| 158|0x0000000089e00000, 0x0000000089e00000, 0x0000000089f00000|  0%| F|  |TAMS 0x0000000089e00000, 0x0000000089e00000| Untracked 
| 159|0x0000000089f00000, 0x0000000089f00000, 0x000000008a000000|  0%| F|  |TAMS 0x0000000089f00000, 0x0000000089f00000| Untracked 
| 160|0x000000008a000000, 0x000000008a000000, 0x000000008a100000|  0%| F|  |TAMS 0x000000008a000000, 0x000000008a000000| Untracked 
| 161|0x000000008a100000, 0x000000008a1de140, 0x000000008a200000| 86%| E|  |TAMS 0x000000008a100000, 0x000000008a100000| Complete 
| 162|0x000000008a200000, 0x000000008a300000, 0x000000008a300000|100%| E|CS|TAMS 0x000000008a200000, 0x000000008a200000| Complete 
| 163|0x000000008a300000, 0x000000008a400000, 0x000000008a400000|100%| E|CS|TAMS 0x000000008a300000, 0x000000008a300000| Complete 
| 164|0x000000008a400000, 0x000000008a500000, 0x000000008a500000|100%| E|CS|TAMS 0x000000008a400000, 0x000000008a400000| Complete 
| 165|0x000000008a500000, 0x000000008a600000, 0x000000008a600000|100%| E|CS|TAMS 0x000000008a500000, 0x000000008a500000| Complete 
| 166|0x000000008a600000, 0x000000008a700000, 0x000000008a700000|100%| E|CS|TAMS 0x000000008a600000, 0x000000008a600000| Complete 
| 167|0x000000008a700000, 0x000000008a800000, 0x000000008a800000|100%| E|CS|TAMS 0x000000008a700000, 0x000000008a700000| Complete 
| 168|0x000000008a800000, 0x000000008a900000, 0x000000008a900000|100%| E|CS|TAMS 0x000000008a800000, 0x000000008a800000| Complete 
| 169|0x000000008a900000, 0x000000008aa00000, 0x000000008aa00000|100%| E|CS|TAMS 0x000000008a900000, 0x000000008a900000| Complete 
| 170|0x000000008aa00000, 0x000000008ab00000, 0x000000008ab00000|100%| E|CS|TAMS 0x000000008aa00000, 0x000000008aa00000| Complete 
| 171|0x000000008ab00000, 0x000000008ac00000, 0x000000008ac00000|100%| E|CS|TAMS 0x000000008ab00000, 0x000000008ab00000| Complete 
| 172|0x000000008ac00000, 0x000000008ad00000, 0x000000008ad00000|100%| E|CS|TAMS 0x000000008ac00000, 0x000000008ac00000| Complete 
| 173|0x000000008ad00000, 0x000000008ae00000, 0x000000008ae00000|100%| E|CS|TAMS 0x000000008ad00000, 0x000000008ad00000| Complete 
| 174|0x000000008ae00000, 0x000000008af00000, 0x000000008af00000|100%| E|CS|TAMS 0x000000008ae00000, 0x000000008ae00000| Complete 
| 175|0x000000008af00000, 0x000000008b000000, 0x000000008b000000|100%| E|CS|TAMS 0x000000008af00000, 0x000000008af00000| Complete 
| 176|0x000000008b000000, 0x000000008b100000, 0x000000008b100000|100%| E|CS|TAMS 0x000000008b000000, 0x000000008b000000| Complete 
| 177|0x000000008b100000, 0x000000008b200000, 0x000000008b200000|100%| E|CS|TAMS 0x000000008b100000, 0x000000008b100000| Complete 
| 178|0x000000008b200000, 0x000000008b300000, 0x000000008b300000|100%| E|CS|TAMS 0x000000008b200000, 0x000000008b200000| Complete 
| 179|0x000000008b300000, 0x000000008b400000, 0x000000008b400000|100%| E|CS|TAMS 0x000000008b300000, 0x000000008b300000| Complete 
| 180|0x000000008b400000, 0x000000008b500000, 0x000000008b500000|100%| E|  |TAMS 0x000000008b400000, 0x000000008b400000| Complete 
| 181|0x000000008b500000, 0x000000008b600000, 0x000000008b600000|100%| E|CS|TAMS 0x000000008b500000, 0x000000008b500000| Complete 
| 182|0x000000008b600000, 0x000000008b700000, 0x000000008b700000|100%| E|CS|TAMS 0x000000008b600000, 0x000000008b600000| Complete 
| 183|0x000000008b700000, 0x000000008b800000, 0x000000008b800000|100%| E|CS|TAMS 0x000000008b700000, 0x000000008b700000| Complete 
| 184|0x000000008b800000, 0x000000008b900000, 0x000000008b900000|100%| E|CS|TAMS 0x000000008b800000, 0x000000008b800000| Complete 
| 185|0x000000008b900000, 0x000000008ba00000, 0x000000008ba00000|100%| E|CS|TAMS 0x000000008b900000, 0x000000008b900000| Complete 
| 186|0x000000008ba00000, 0x000000008bb00000, 0x000000008bb00000|100%| E|CS|TAMS 0x000000008ba00000, 0x000000008ba00000| Complete 
| 187|0x000000008bb00000, 0x000000008bc00000, 0x000000008bc00000|100%| E|CS|TAMS 0x000000008bb00000, 0x000000008bb00000| Complete 
| 188|0x000000008bc00000, 0x000000008bd00000, 0x000000008bd00000|100%| E|CS|TAMS 0x000000008bc00000, 0x000000008bc00000| Complete 
| 189|0x000000008bd00000, 0x000000008be00000, 0x000000008be00000|100%| E|CS|TAMS 0x000000008bd00000, 0x000000008bd00000| Complete 
| 190|0x000000008be00000, 0x000000008bf00000, 0x000000008bf00000|100%| E|CS|TAMS 0x000000008be00000, 0x000000008be00000| Complete 
| 191|0x000000008bf00000, 0x000000008c000000, 0x000000008c000000|100%| E|CS|TAMS 0x000000008bf00000, 0x000000008bf00000| Complete 
| 192|0x000000008c000000, 0x000000008c100000, 0x000000008c100000|100%| E|CS|TAMS 0x000000008c000000, 0x000000008c000000| Complete 
| 193|0x000000008c100000, 0x000000008c200000, 0x000000008c200000|100%| E|CS|TAMS 0x000000008c100000, 0x000000008c100000| Complete 
| 194|0x000000008c200000, 0x000000008c300000, 0x000000008c300000|100%| E|CS|TAMS 0x000000008c200000, 0x000000008c200000| Complete 
| 195|0x000000008c300000, 0x000000008c400000, 0x000000008c400000|100%| E|CS|TAMS 0x000000008c300000, 0x000000008c300000| Complete 
| 196|0x000000008c400000, 0x000000008c500000, 0x000000008c500000|100%| E|CS|TAMS 0x000000008c400000, 0x000000008c400000| Complete 
| 197|0x000000008c500000, 0x000000008c600000, 0x000000008c600000|100%| E|CS|TAMS 0x000000008c500000, 0x000000008c500000| Complete 
| 198|0x000000008c600000, 0x000000008c700000, 0x000000008c700000|100%| E|CS|TAMS 0x000000008c600000, 0x000000008c600000| Complete 
| 199|0x000000008c700000, 0x000000008c800000, 0x000000008c800000|100%| E|CS|TAMS 0x000000008c700000, 0x000000008c700000| Complete 
| 200|0x000000008c800000, 0x000000008c900000, 0x000000008c900000|100%| E|CS|TAMS 0x000000008c800000, 0x000000008c800000| Complete 
| 201|0x000000008c900000, 0x000000008ca00000, 0x000000008ca00000|100%| E|CS|TAMS 0x000000008c900000, 0x000000008c900000| Complete 
| 202|0x000000008ca00000, 0x000000008cb00000, 0x000000008cb00000|100%| E|CS|TAMS 0x000000008ca00000, 0x000000008ca00000| Complete 
| 203|0x000000008cb00000, 0x000000008cc00000, 0x000000008cc00000|100%| E|CS|TAMS 0x000000008cb00000, 0x000000008cb00000| Complete 
| 204|0x000000008cc00000, 0x000000008cd00000, 0x000000008cd00000|100%| E|CS|TAMS 0x000000008cc00000, 0x000000008cc00000| Complete 
| 205|0x000000008cd00000, 0x000000008ce00000, 0x000000008ce00000|100%| E|CS|TAMS 0x000000008cd00000, 0x000000008cd00000| Complete 
| 206|0x000000008ce00000, 0x000000008cf00000, 0x000000008cf00000|100%| E|CS|TAMS 0x000000008ce00000, 0x000000008ce00000| Complete 
| 207|0x000000008cf00000, 0x000000008d000000, 0x000000008d000000|100%| E|CS|TAMS 0x000000008cf00000, 0x000000008cf00000| Complete 
| 208|0x000000008d000000, 0x000000008d100000, 0x000000008d100000|100%| E|CS|TAMS 0x000000008d000000, 0x000000008d000000| Complete 
| 209|0x000000008d100000, 0x000000008d200000, 0x000000008d200000|100%| E|CS|TAMS 0x000000008d100000, 0x000000008d100000| Complete 
| 210|0x000000008d200000, 0x000000008d300000, 0x000000008d300000|100%| E|CS|TAMS 0x000000008d200000, 0x000000008d200000| Complete 
| 211|0x000000008d300000, 0x000000008d400000, 0x000000008d400000|100%| E|CS|TAMS 0x000000008d300000, 0x000000008d300000| Complete 
| 212|0x000000008d400000, 0x000000008d500000, 0x000000008d500000|100%| E|CS|TAMS 0x000000008d400000, 0x000000008d400000| Complete 
| 213|0x000000008d500000, 0x000000008d600000, 0x000000008d600000|100%| E|CS|TAMS 0x000000008d500000, 0x000000008d500000| Complete 
| 214|0x000000008d600000, 0x000000008d700000, 0x000000008d700000|100%| E|CS|TAMS 0x000000008d600000, 0x000000008d600000| Complete 
| 215|0x000000008d700000, 0x000000008d800000, 0x000000008d800000|100%| E|CS|TAMS 0x000000008d700000, 0x000000008d700000| Complete 
| 216|0x000000008d800000, 0x000000008d900000, 0x000000008d900000|100%| E|CS|TAMS 0x000000008d800000, 0x000000008d800000| Complete 
| 217|0x000000008d900000, 0x000000008da00000, 0x000000008da00000|100%| E|CS|TAMS 0x000000008d900000, 0x000000008d900000| Complete 
| 218|0x000000008da00000, 0x000000008db00000, 0x000000008db00000|100%| E|CS|TAMS 0x000000008da00000, 0x000000008da00000| Complete 
| 219|0x000000008db00000, 0x000000008dc00000, 0x000000008dc00000|100%| E|CS|TAMS 0x000000008db00000, 0x000000008db00000| Complete 
| 220|0x000000008dc00000, 0x000000008dd00000, 0x000000008dd00000|100%| E|CS|TAMS 0x000000008dc00000, 0x000000008dc00000| Complete 
| 221|0x000000008dd00000, 0x000000008de00000, 0x000000008de00000|100%| E|CS|TAMS 0x000000008dd00000, 0x000000008dd00000| Complete 
| 222|0x000000008de00000, 0x000000008df00000, 0x000000008df00000|100%| E|CS|TAMS 0x000000008de00000, 0x000000008de00000| Complete 
| 223|0x000000008df00000, 0x000000008e000000, 0x000000008e000000|100%| E|CS|TAMS 0x000000008df00000, 0x000000008df00000| Complete 
| 224|0x000000008e000000, 0x000000008e100000, 0x000000008e100000|100%| E|CS|TAMS 0x000000008e000000, 0x000000008e000000| Complete 
| 225|0x000000008e100000, 0x000000008e200000, 0x000000008e200000|100%| E|CS|TAMS 0x000000008e100000, 0x000000008e100000| Complete 
| 226|0x000000008e200000, 0x000000008e300000, 0x000000008e300000|100%| E|CS|TAMS 0x000000008e200000, 0x000000008e200000| Complete 
| 227|0x000000008e300000, 0x000000008e400000, 0x000000008e400000|100%| E|CS|TAMS 0x000000008e300000, 0x000000008e300000| Complete 
| 228|0x000000008e400000, 0x000000008e500000, 0x000000008e500000|100%| E|CS|TAMS 0x000000008e400000, 0x000000008e400000| Complete 
| 229|0x000000008e500000, 0x000000008e600000, 0x000000008e600000|100%| E|CS|TAMS 0x000000008e500000, 0x000000008e500000| Complete 
| 230|0x000000008e600000, 0x000000008e700000, 0x000000008e700000|100%| E|CS|TAMS 0x000000008e600000, 0x000000008e600000| Complete 
| 231|0x000000008e700000, 0x000000008e800000, 0x000000008e800000|100%| E|CS|TAMS 0x000000008e700000, 0x000000008e700000| Complete 
| 232|0x000000008e800000, 0x000000008e900000, 0x000000008e900000|100%| E|CS|TAMS 0x000000008e800000, 0x000000008e800000| Complete 
| 233|0x000000008e900000, 0x000000008ea00000, 0x000000008ea00000|100%| E|CS|TAMS 0x000000008e900000, 0x000000008e900000| Complete 
| 234|0x000000008ea00000, 0x000000008eb00000, 0x000000008eb00000|100%| E|CS|TAMS 0x000000008ea00000, 0x000000008ea00000| Complete 
| 235|0x000000008eb00000, 0x000000008ec00000, 0x000000008ec00000|100%| E|CS|TAMS 0x000000008eb00000, 0x000000008eb00000| Complete 
| 236|0x000000008ec00000, 0x000000008ed00000, 0x000000008ed00000|100%| E|CS|TAMS 0x000000008ec00000, 0x000000008ec00000| Complete 
| 237|0x000000008ed00000, 0x000000008ee00000, 0x000000008ee00000|100%| E|CS|TAMS 0x000000008ed00000, 0x000000008ed00000| Complete 
| 238|0x000000008ee00000, 0x000000008ef00000, 0x000000008ef00000|100%| E|CS|TAMS 0x000000008ee00000, 0x000000008ee00000| Complete 
| 239|0x000000008ef00000, 0x000000008f000000, 0x000000008f000000|100%| E|CS|TAMS 0x000000008ef00000, 0x000000008ef00000| Complete 
| 240|0x000000008f000000, 0x000000008f100000, 0x000000008f100000|100%| E|CS|TAMS 0x000000008f000000, 0x000000008f000000| Complete 
| 241|0x000000008f100000, 0x000000008f200000, 0x000000008f200000|100%| E|CS|TAMS 0x000000008f100000, 0x000000008f100000| Complete 
| 242|0x000000008f200000, 0x000000008f300000, 0x000000008f300000|100%| E|CS|TAMS 0x000000008f200000, 0x000000008f200000| Complete 
| 243|0x000000008f300000, 0x000000008f400000, 0x000000008f400000|100%| E|CS|TAMS 0x000000008f300000, 0x000000008f300000| Complete 
| 244|0x000000008f400000, 0x000000008f500000, 0x000000008f500000|100%| E|CS|TAMS 0x000000008f400000, 0x000000008f400000| Complete 
| 245|0x000000008f500000, 0x000000008f600000, 0x000000008f600000|100%| E|CS|TAMS 0x000000008f500000, 0x000000008f500000| Complete 
| 246|0x000000008f600000, 0x000000008f700000, 0x000000008f700000|100%| E|CS|TAMS 0x000000008f600000, 0x000000008f600000| Complete 
| 247|0x000000008f700000, 0x000000008f800000, 0x000000008f800000|100%| E|CS|TAMS 0x000000008f700000, 0x000000008f700000| Complete 
| 248|0x000000008f800000, 0x000000008f900000, 0x000000008f900000|100%| E|CS|TAMS 0x000000008f800000, 0x000000008f800000| Complete 
| 249|0x000000008f900000, 0x000000008fa00000, 0x000000008fa00000|100%| E|CS|TAMS 0x000000008f900000, 0x000000008f900000| Complete 
| 250|0x000000008fa00000, 0x000000008fb00000, 0x000000008fb00000|100%| E|CS|TAMS 0x000000008fa00000, 0x000000008fa00000| Complete 
| 251|0x000000008fb00000, 0x000000008fc00000, 0x000000008fc00000|100%| E|CS|TAMS 0x000000008fb00000, 0x000000008fb00000| Complete 
| 252|0x000000008fc00000, 0x000000008fd00000, 0x000000008fd00000|100%| E|CS|TAMS 0x000000008fc00000, 0x000000008fc00000| Complete 
| 253|0x000000008fd00000, 0x000000008fe00000, 0x000000008fe00000|100%| E|CS|TAMS 0x000000008fd00000, 0x000000008fd00000| Complete 

Card table byte_map: [0x0000024278600000,0x0000024278a00000] _byte_map_base: 0x0000024278200000

Marking Bits (Prev, Next): (CMBitMap*) 0x0000024264ee0ad0, (CMBitMap*) 0x0000024264ee0a98
 Prev Bits: [0x000002427ae00000, 0x000002427ce00000)
 Next Bits: [0x0000024278e00000, 0x000002427ae00000)

Polling page: 0x0000024264f80000

Metaspace:

Usage:
  Non-class:     80.52 MB capacity,    79.03 MB ( 98%) used,     1.23 MB (  2%) free+waste,   261.81 KB ( <1%) overhead. 
      Class:     12.00 MB capacity,    11.19 MB ( 93%) used,   706.20 KB (  6%) free+waste,   117.13 KB ( <1%) overhead. 
       Both:     92.52 MB capacity,    90.23 MB ( 98%) used,     1.92 MB (  2%) free+waste,   378.94 KB ( <1%) overhead. 

Virtual space:
  Non-class space:       82.00 MB reserved,      80.70 MB ( 98%) committed 
      Class space:        1.00 GB reserved,      12.00 MB (  1%) committed 
             Both:        1.08 GB reserved,      92.70 MB (  8%) committed 

Chunk freelists:
   Non-Class:  56.00 KB
       Class:  2.00 KB
        Both:  58.00 KB

MaxMetaspaceSize: 17179869184.00 GB
CompressedClassSpaceSize: 1.00 GB

CodeHeap 'non-profiled nmethods': size=120064Kb used=7623Kb max_used=7623Kb free=112440Kb
 bounds [0x0000024270470000, 0x0000024270bf0000, 0x00000242779b0000]
CodeHeap 'profiled nmethods': size=120000Kb used=26771Kb max_used=26771Kb free=93228Kb
 bounds [0x0000024268f40000, 0x000002426a970000, 0x0000024270470000]
CodeHeap 'non-nmethods': size=5696Kb used=2284Kb max_used=2347Kb free=3411Kb
 bounds [0x00000242689b0000, 0x0000024268c20000, 0x0000024268f40000]
 total_blobs=12991 nmethods=12105 adapters=797
 compilation: enabled
              stopped_count=0, restarted_count=0
 full_count=0

Compilation events (20 events):
Event: 27.380 Thread 0x00000242000c8000 nmethod 12118 0x000002426a938810 code [0x000002426a9389c0, 0x000002426a938ab8]
Event: 27.380 Thread 0x00000242000c8000 12119       3       org.gradle.internal.snapshot.FileSystemSnapshotHierarchyVisitor::leaveDirectory (1 bytes)
Event: 27.380 Thread 0x00000242000c8000 nmethod 12119 0x000002426a938b90 code [0x000002426a938d40, 0x000002426a938e38]
Event: 27.380 Thread 0x00000242000c8000 12120       3       org.gradle.internal.snapshot.AbstractIncompleteFileSystemNode::accept (16 bytes)
Event: 27.380 Thread 0x00000242000c8000 nmethod 12120 0x000002426a938f10 code [0x000002426a939120, 0x000002426a939788]
Event: 27.380 Thread 0x00000242000c8000 12121       3       org.gradle.internal.snapshot.AbstractIncompleteFileSystemNode$$Lambda$316/0x00000001004e6840::get$Lambda (9 bytes)
Event: 27.381 Thread 0x00000242000c8000 nmethod 12121 0x000002426a939990 code [0x000002426a939b60, 0x000002426a939db8]
Event: 27.381 Thread 0x00000242000c8000 12122       3       org.gradle.internal.snapshot.AbstractIncompleteFileSystemNode$$Lambda$316/0x00000001004e6840::<init> (10 bytes)
Event: 27.381 Thread 0x00000242000c8000 nmethod 12122 0x000002426a939e90 code [0x000002426a93a040, 0x000002426a93a1f8]
Event: 27.382 Thread 0x00000242000c5800 nmethod 12088 0x0000024270bd7c90 code [0x0000024270bd7f60, 0x0000024270bdadb0]
Event: 27.383 Thread 0x00000242000c5800 12103   !   4       org.gradle.internal.event.AbstractBroadcastDispatch::dispatch (191 bytes)
Event: 27.383 Thread 0x00000242000c8000 12123       3       java.lang.invoke.MethodHandle::bindArgumentL (10 bytes)
Event: 27.383 Thread 0x00000242000c8000 nmethod 12123 0x000002426a93a290 code [0x000002426a93a4a0, 0x000002426a93ab08]
Event: 27.385 Thread 0x00000242000c5800 nmethod 12103 0x0000024270bdc110 code [0x0000024270bdc2e0, 0x0000024270bdc5d8]
Event: 27.385 Thread 0x00000242000c5800 12094       4       java.lang.Integer::getChars (131 bytes)
Event: 27.385 Thread 0x00000242000c8000 12124       3       com.google.common.collect.AbstractMultiset::add (9 bytes)
Event: 27.385 Thread 0x00000242000c8000 nmethod 12124 0x000002426a93ad90 code [0x000002426a93af40, 0x000002426a93b108]
Event: 27.385 Thread 0x00000242000c8000 12126       3       org.gradle.internal.watch.vfs.impl.DefaultFileSystemWatchingStatistics$$Lambda$1033/0x0000000100bd6c40::visitEntry (9 bytes)
Event: 27.385 Thread 0x00000242000c8000 nmethod 12126 0x000002426a93b190 code [0x000002426a93b380, 0x000002426a93b6b8]
Event: 27.385 Thread 0x00000242000c8000 12130       3       com.google.common.collect.EnumMultiset::checkIsE (53 bytes)

GC Heap History (20 events):
Event: 1.107 GC heap before
{Heap before GC invocations=2 (full 0):
 garbage-first heap   total 260096K, used 47862K [0x0000000080000000, 0x0000000100000000)
  region size 1024K, 38 young (38912K), 1 survivors (1024K)
 Metaspace       used 15481K, capacity 15855K, committed 16000K, reserved 1062912K
  class space    used 1762K, capacity 1867K, committed 1920K, reserved 1048576K
}
Event: 1.109 GC heap after
{Heap after GC invocations=3 (full 0):
 garbage-first heap   total 260096K, used 15325K [0x0000000080000000, 0x0000000100000000)
  region size 1024K, 5 young (5120K), 5 survivors (5120K)
 Metaspace       used 15481K, capacity 15855K, committed 16000K, reserved 1062912K
  class space    used 1762K, capacity 1867K, committed 1920K, reserved 1048576K
}
Event: 1.449 GC heap before
{Heap before GC invocations=3 (full 0):
 garbage-first heap   total 260096K, used 51165K [0x0000000080000000, 0x0000000100000000)
  region size 1024K, 41 young (41984K), 5 survivors (5120K)
 Metaspace       used 20523K, capacity 21088K, committed 21248K, reserved 1067008K
  class space    used 2505K, capacity 2690K, committed 2816K, reserved 1048576K
}
Event: 1.454 GC heap after
{Heap after GC invocations=4 (full 0):
 garbage-first heap   total 260096K, used 16852K [0x0000000080000000, 0x0000000100000000)
  region size 1024K, 2 young (2048K), 2 survivors (2048K)
 Metaspace       used 20523K, capacity 21088K, committed 21248K, reserved 1067008K
  class space    used 2505K, capacity 2690K, committed 2816K, reserved 1048576K
}
Event: 1.983 GC heap before
{Heap before GC invocations=5 (full 0):
 garbage-first heap   total 260096K, used 81364K [0x0000000080000000, 0x0000000100000000)
  region size 1024K, 65 young (66560K), 2 survivors (2048K)
 Metaspace       used 26589K, capacity 27265K, committed 27392K, reserved 1073152K
  class space    used 3506K, capacity 3757K, committed 3840K, reserved 1048576K
}
Event: 1.986 GC heap after
{Heap after GC invocations=6 (full 0):
 garbage-first heap   total 260096K, used 18866K [0x0000000080000000, 0x0000000100000000)
  region size 1024K, 4 young (4096K), 4 survivors (4096K)
 Metaspace       used 26589K, capacity 27265K, committed 27392K, reserved 1073152K
  class space    used 3506K, capacity 3757K, committed 3840K, reserved 1048576K
}
Event: 2.464 GC heap before
{Heap before GC invocations=6 (full 0):
 garbage-first heap   total 260096K, used 64946K [0x0000000080000000, 0x0000000100000000)
  region size 1024K, 51 young (52224K), 4 survivors (4096K)
 Metaspace       used 34998K, capacity 35790K, committed 35840K, reserved 1081344K
  class space    used 4543K, capacity 4832K, committed 4864K, reserved 1048576K
}
Event: 2.470 GC heap after
{Heap after GC invocations=7 (full 0):
 garbage-first heap   total 260096K, used 22255K [0x0000000080000000, 0x0000000100000000)
  region size 1024K, 7 young (7168K), 7 survivors (7168K)
 Metaspace       used 34998K, capacity 35790K, committed 35840K, reserved 1081344K
  class space    used 4543K, capacity 4832K, committed 4864K, reserved 1048576K
}
Event: 3.420 GC heap before
{Heap before GC invocations=8 (full 0):
 garbage-first heap   total 260096K, used 148207K [0x0000000080000000, 0x0000000100000000)
  region size 1024K, 127 young (130048K), 7 survivors (7168K)
 Metaspace       used 44780K, capacity 45900K, committed 46208K, reserved 1089536K
  class space    used 5764K, capacity 6147K, committed 6272K, reserved 1048576K
}
Event: 3.427 GC heap after
{Heap after GC invocations=9 (full 0):
 garbage-first heap   total 260096K, used 29097K [0x0000000080000000, 0x0000000100000000)
  region size 1024K, 14 young (14336K), 14 survivors (14336K)
 Metaspace       used 44780K, capacity 45900K, committed 46208K, reserved 1089536K
  class space    used 5764K, capacity 6147K, committed 6272K, reserved 1048576K
}
Event: 4.798 GC heap before
{Heap before GC invocations=9 (full 0):
 garbage-first heap   total 260096K, used 163241K [0x0000000080000000, 0x0000000100000000)
  region size 1024K, 143 young (146432K), 14 survivors (14336K)
 Metaspace       used 58579K, capacity 60081K, committed 60160K, reserved 1101824K
  class space    used 7405K, capacity 7930K, committed 7936K, reserved 1048576K
}
Event: 4.816 GC heap after
{Heap after GC invocations=10 (full 0):
 garbage-first heap   total 260096K, used 43551K [0x0000000080000000, 0x0000000100000000)
  region size 1024K, 18 young (18432K), 18 survivors (18432K)
 Metaspace       used 58579K, capacity 60081K, committed 60160K, reserved 1101824K
  class space    used 7405K, capacity 7930K, committed 7936K, reserved 1048576K
}
Event: 5.856 GC heap before
{Heap before GC invocations=11 (full 0):
 garbage-first heap   total 260096K, used 180767K [0x0000000080000000, 0x0000000100000000)
  region size 1024K, 152 young (155648K), 18 survivors (18432K)
 Metaspace       used 70798K, capacity 72427K, committed 72780K, reserved 1112064K
  class space    used 9143K, capacity 9736K, committed 9856K, reserved 1048576K
}
Event: 5.870 GC heap after
{Heap after GC invocations=12 (full 0):
 garbage-first heap   total 260096K, used 54272K [0x0000000080000000, 0x0000000100000000)
  region size 1024K, 11 young (11264K), 11 survivors (11264K)
 Metaspace       used 70798K, capacity 72427K, committed 72780K, reserved 1112064K
  class space    used 9143K, capacity 9736K, committed 9856K, reserved 1048576K
}
Event: 7.313 GC heap before
{Heap before GC invocations=12 (full 0):
 garbage-first heap   total 260096K, used 193536K [0x0000000080000000, 0x0000000100000000)
  region size 1024K, 148 young (151552K), 11 survivors (11264K)
 Metaspace       used 81438K, capacity 83550K, committed 83788K, reserved 1122304K
  class space    used 10543K, capacity 11325K, committed 11392K, reserved 1048576K
}
Event: 7.323 GC heap after
{Heap after GC invocations=13 (full 0):
 garbage-first heap   total 260096K, used 65260K [0x0000000080000000, 0x0000000100000000)
  region size 1024K, 11 young (11264K), 11 survivors (11264K)
 Metaspace       used 81438K, capacity 83550K, committed 83788K, reserved 1122304K
  class space    used 10543K, capacity 11325K, committed 11392K, reserved 1048576K
}
Event: 20.126 GC heap before
{Heap before GC invocations=13 (full 0):
 garbage-first heap   total 260096K, used 210668K [0x0000000080000000, 0x0000000100000000)
  region size 1024K, 143 young (146432K), 11 survivors (11264K)
 Metaspace       used 83865K, capacity 86041K, committed 86348K, reserved 1124352K
  class space    used 10796K, capacity 11578K, committed 11648K, reserved 1048576K
}
Event: 20.142 GC heap after
{Heap after GC invocations=14 (full 0):
 garbage-first heap   total 260096K, used 87391K [0x0000000080000000, 0x0000000100000000)
  region size 1024K, 18 young (18432K), 18 survivors (18432K)
 Metaspace       used 83865K, capacity 86041K, committed 86348K, reserved 1124352K
  class space    used 10796K, capacity 11578K, committed 11648K, reserved 1048576K
}
Event: 22.882 GC heap before
{Heap before GC invocations=14 (full 0):
 garbage-first heap   total 260096K, used 210271K [0x0000000080000000, 0x0000000100000000)
  region size 1024K, 124 young (126976K), 18 survivors (18432K)
 Metaspace       used 87866K, capacity 90085K, committed 90188K, reserved 1128448K
  class space    used 11093K, capacity 11893K, committed 11904K, reserved 1048576K
}
Event: 22.898 GC heap after
{Heap after GC invocations=15 (full 0):
 garbage-first heap   total 260096K, used 91952K [0x0000000080000000, 0x0000000100000000)
  region size 1024K, 4 young (4096K), 4 survivors (4096K)
 Metaspace       used 87866K, capacity 90085K, committed 90188K, reserved 1128448K
  class space    used 11093K, capacity 11893K, committed 11904K, reserved 1048576K
}

Deoptimization events (20 events):
Event: 27.375 Thread 0x0000024201918800 Uncommon trap: trap_request=0xffffffbe fr.pc=0x0000024270bd3af8 relative=0x0000000000000598
Event: 27.375 Thread 0x0000024201918800 Uncommon trap: reason=profile_predicate action=maybe_recompile pc=0x0000024270bd3af8 method=com.esotericsoftware.kryo.io.Output.writeString(Ljava/lang/CharSequence;)V @ 67 c2
Event: 27.375 Thread 0x0000024201918800 DEOPT PACKING pc=0x0000024270bd3af8 sp=0x000000df342febd0
Event: 27.375 Thread 0x0000024201918800 DEOPT UNPACKING pc=0x00000242689d78af sp=0x000000df342feaf8 mode 2
Event: 27.383 Thread 0x00000242012dd800 Uncommon trap: trap_request=0xffffffc6 fr.pc=0x0000024270b9f088 relative=0x00000000000002a8
Event: 27.383 Thread 0x00000242012dd800 Uncommon trap: reason=bimorphic_or_optimized_type_check action=maybe_recompile pc=0x0000024270b9f088 method=java.util.stream.ReduceOps$ReduceOp.evaluateSequential(Ljava/util/stream/PipelineHelper;Ljava/util/Spliterator;)Ljava/lang/Object; @ 2 c2
Event: 27.383 Thread 0x00000242012dd800 DEOPT PACKING pc=0x0000024270b9f088 sp=0x000000df341fc4c0
Event: 27.383 Thread 0x00000242012dd800 DEOPT UNPACKING pc=0x00000242689d78af sp=0x000000df341fc440 mode 2
Event: 27.383 Thread 0x00000242012dd800 Uncommon trap: trap_request=0xffffff4d fr.pc=0x0000024270b99cd4 relative=0x0000000000000194
Event: 27.383 Thread 0x00000242012dd800 Uncommon trap: reason=unstable_if action=reinterpret pc=0x0000024270b99cd4 method=org.gradle.internal.snapshot.VfsRelativePath.normalizeRoot(Ljava/lang/String;)Ljava/lang/String; @ 24 c2
Event: 27.383 Thread 0x00000242012dd800 DEOPT PACKING pc=0x0000024270b99cd4 sp=0x000000df341fbf90
Event: 27.383 Thread 0x00000242012dd800 DEOPT UNPACKING pc=0x00000242689d78af sp=0x000000df341fbf38 mode 2
Event: 27.383 Thread 0x00000242012dd800 Uncommon trap: trap_request=0xffffff4d fr.pc=0x0000024270b82b04 relative=0x0000000000001044
Event: 27.383 Thread 0x00000242012dd800 Uncommon trap: reason=unstable_if action=reinterpret pc=0x0000024270b82b04 method=org.gradle.internal.snapshot.VfsRelativePath.compareToFirstSegment(Ljava/lang/String;Lorg/gradle/internal/snapshot/CaseSensitivity;)I @ 156 c2
Event: 27.383 Thread 0x00000242012dd800 DEOPT PACKING pc=0x0000024270b82b04 sp=0x000000df341fbe00
Event: 27.383 Thread 0x00000242012dd800 DEOPT UNPACKING pc=0x00000242689d78af sp=0x000000df341fbd80 mode 2
Event: 27.383 Thread 0x00000242012dd800 Uncommon trap: trap_request=0xffffffde fr.pc=0x0000024270ae6388 relative=0x0000000000001f68
Event: 27.383 Thread 0x00000242012dd800 Uncommon trap: reason=class_check action=maybe_recompile pc=0x0000024270ae6388 method=org.gradle.internal.snapshot.ChildMap$Entry.handleAncestorDescendantOrExactMatch(Lorg/gradle/internal/snapshot/VfsRelativePath;Lorg/gradle/internal/snapshot/CaseSensitiv
Event: 27.383 Thread 0x00000242012dd800 DEOPT PACKING pc=0x0000024270ae6388 sp=0x000000df341fbe00
Event: 27.383 Thread 0x00000242012dd800 DEOPT UNPACKING pc=0x00000242689d78af sp=0x000000df341fbde0 mode 2

Classes redefined (0 events):
No events

Internal exceptions (20 events):
Event: 13.589 Thread 0x00000242012dd800 Exception <a 'java/lang/NoSuchMethodError'{0x000000008b069870}: <clinit>> (0x000000008b069870) thrown at [./src/hotspot/share/prims/jni.cpp, line 1362]
Event: 13.591 Thread 0x00000242012dd800 Exception <a 'java/lang/NoSuchMethodError'{0x000000008b0ac8b0}: <clinit>> (0x000000008b0ac8b0) thrown at [./src/hotspot/share/prims/jni.cpp, line 1362]
Event: 13.591 Thread 0x00000242012dd800 Exception <a 'java/lang/NoSuchMethodError'{0x000000008b0b0510}: <clinit>> (0x000000008b0b0510) thrown at [./src/hotspot/share/prims/jni.cpp, line 1362]
Event: 13.591 Thread 0x00000242012dd800 Exception <a 'java/lang/NoSuchMethodError'{0x000000008b0b3c20}: <clinit>> (0x000000008b0b3c20) thrown at [./src/hotspot/share/prims/jni.cpp, line 1362]
Event: 13.592 Thread 0x00000242012dd800 Exception <a 'java/lang/NoSuchMethodError'{0x000000008b0d2e50}: <clinit>> (0x000000008b0d2e50) thrown at [./src/hotspot/share/prims/jni.cpp, line 1362]
Event: 13.592 Thread 0x00000242012dd800 Exception <a 'java/lang/NoSuchMethodError'{0x000000008b0f10e8}: <clinit>> (0x000000008b0f10e8) thrown at [./src/hotspot/share/prims/jni.cpp, line 1362]
Event: 13.593 Thread 0x00000242012dd800 Exception <a 'java/lang/NoSuchMethodError'{0x000000008af0c028}: <clinit>> (0x000000008af0c028) thrown at [./src/hotspot/share/prims/jni.cpp, line 1362]
Event: 13.594 Thread 0x00000242012dd800 Exception <a 'java/lang/NoSuchMethodError'{0x000000008af38a58}: <clinit>> (0x000000008af38a58) thrown at [./src/hotspot/share/prims/jni.cpp, line 1362]
Event: 13.595 Thread 0x00000242012dd800 Exception <a 'java/lang/NoSuchMethodError'{0x000000008af68510}: <clinit>> (0x000000008af68510) thrown at [./src/hotspot/share/prims/jni.cpp, line 1362]
Event: 13.596 Thread 0x00000242012dd800 Exception <a 'java/lang/NoSuchMethodError'{0x000000008af81d70}: <clinit>> (0x000000008af81d70) thrown at [./src/hotspot/share/prims/jni.cpp, line 1362]
Event: 21.298 Thread 0x00000242012dd800 Implicit null exception at 0x00000242709ee205 to 0x00000242709f4ecc
Event: 21.906 Thread 0x00000242012dd800 Exception <a 'java/lang/NoSuchMethodError'{0x000000008d890650}: <clinit>> (0x000000008d890650) thrown at [./src/hotspot/share/prims/jni.cpp, line 1362]
Event: 21.914 Thread 0x00000242012dd800 Exception <a 'java/lang/NoSuchMethodError'{0x000000008d620c88}: <clinit>> (0x000000008d620c88) thrown at [./src/hotspot/share/prims/jni.cpp, line 1362]
Event: 23.904 Thread 0x0000024203b86000 Exception <a 'java/lang/NoSuchMethodError'{0x000000008d7fa9a8}: 'int java.lang.invoke.DirectMethodHandle$Holder.invokeSpecial(java.lang.Object, java.lang.Object, java.lang.Object, java.lang.Object, java.lang.Object)'> (0x000000008d7fa9a8) thrown at [./src/hotspot/share/interpreter/linkResolver.cpp, line 773]
Event: 24.081 Thread 0x0000024203b7e000 Implicit null exception at 0x0000024270b952a6 to 0x0000024270b95ae4
Event: 27.284 Thread 0x00000242012dd800 Exception <a 'java/lang/NoSuchMethodError'{0x000000008b6e79d8}: 'void java.lang.invoke.DirectMethodHandle$Holder.invokeStatic(java.lang.Object, java.lang.Object, java.lang.Object, java.lang.Object, java.lang.Object, java.lang.Object, java.lang.Object)'> (0x000000008b6e79d8) thrown at [./src/hotspot/share/interpreter/linkResolver.cpp, line 773]
Event: 27.295 Thread 0x00000242019c3800 Exception <a 'java/lang/NoSuchMethodError'{0x000000008af055d8}: <clinit>> (0x000000008af055d8) thrown at [./src/hotspot/share/prims/jni.cpp, line 1362]
Event: 27.297 Thread 0x00000242019c3800 Exception <a 'java/lang/NoSuchMethodError'{0x000000008af2da20}: <clinit>> (0x000000008af2da20) thrown at [./src/hotspot/share/prims/jni.cpp, line 1362]
Event: 27.337 Thread 0x0000024207a98800 Exception <a 'sun/nio/fs/WindowsException'{0x000000008ae01040}> (0x000000008ae01040) thrown at [./src/hotspot/share/prims/jni.cpp, line 615]
Event: 27.377 Thread 0x00000242012dd800 Exception <a 'java/lang/NoSuchMethodError'{0x000000008abdb150}: 'int java.lang.invoke.DirectMethodHandle$Holder.invokeVirtual(java.lang.Object, java.lang.Object, java.lang.Object)'> (0x000000008abdb150) thrown at [./src/hotspot/share/interpreter/linkResolver.cpp, line 773]

Events (20 events):
Event: 27.384 loading class com/google/wireless/android/sdk/stats/StudioRunEvent
Event: 27.384 loading class com/google/wireless/android/sdk/stats/StudioRunEvent done
Event: 27.384 loading class com/google/common/collect/EnumMultiset
Event: 27.384 loading class com/google/common/collect/EnumMultiset done
Event: 27.385 loading class org/gradle/internal/snapshot/FileSystemLocationSnapshot
Event: 27.385 loading class org/gradle/internal/snapshot/FileSystemLocationSnapshot done
Event: 27.385 loading class com/google/common/collect/EnumMultiset
Event: 27.385 loading class com/google/common/collect/EnumMultiset done
Event: 27.385 loading class com/google/common/collect/EnumMultiset
Event: 27.385 loading class com/google/common/collect/EnumMultiset done
Event: 27.385 loading class org/gradle/internal/snapshot/FileSystemLocationSnapshot
Event: 27.385 loading class org/gradle/internal/snapshot/FileSystemLocationSnapshot done
Event: 27.385 loading class com/google/common/collect/EnumMultiset
Event: 27.385 loading class com/google/common/collect/EnumMultiset done
Event: 27.385 loading class com/google/common/collect/EnumMultiset
Event: 27.385 loading class com/google/common/collect/EnumMultiset done
Event: 27.385 loading class com/google/wireless/android/sdk/stats/AvdLaunchEvent
Event: 27.385 loading class com/google/wireless/android/sdk/stats/AvdLaunchEvent done
Event: 27.385 loading class com/google/wireless/android/sdk/stats/ProductDetails
Event: 27.385 loading class com/google/wireless/android/sdk/stats/ProductDetails done


Dynamic libraries:
0x00007ff655e10000 - 0x00007ff655e1a000 	C:\Program Files\Android\Android Studio1\jre\bin\java.exe
0x00007ffee80d0000 - 0x00007ffee82c5000 	C:\WINDOWS\SYSTEM32\ntdll.dll
0x00007ffee6480000 - 0x00007ffee653d000 	C:\WINDOWS\System32\KERNEL32.DLL
0x00007ffee5bd0000 - 0x00007ffee5e99000 	C:\WINDOWS\System32\KERNELBASE.dll
0x00007ffee59c0000 - 0x00007ffee5ac0000 	C:\WINDOWS\System32\ucrtbase.dll
0x00007ffed36a0000 - 0x00007ffed36b9000 	C:\Program Files\Android\Android Studio1\jre\bin\jli.dll
0x00007ffed1340000 - 0x00007ffed1357000 	C:\Program Files\Android\Android Studio1\jre\bin\VCRUNTIME140.dll
0x00007ffee7470000 - 0x00007ffee7610000 	C:\WINDOWS\System32\USER32.dll
0x00007ffee6080000 - 0x00007ffee60a2000 	C:\WINDOWS\System32\win32u.dll
0x00007ffec59e0000 - 0x00007ffec5c7a000 	C:\WINDOWS\WinSxS\amd64_microsoft.windows.common-controls_6595b64144ccf1df_6.0.19041.1110_none_60b5254171f9507e\COMCTL32.dll
0x00007ffee6620000 - 0x00007ffee664a000 	C:\WINDOWS\System32\GDI32.dll
0x00007ffee6bb0000 - 0x00007ffee6c4e000 	C:\WINDOWS\System32\msvcrt.dll
0x00007ffee5ed0000 - 0x00007ffee5fdb000 	C:\WINDOWS\System32\gdi32full.dll
0x00007ffee5fe0000 - 0x00007ffee607d000 	C:\WINDOWS\System32\msvcp_win.dll
0x00007ffee6440000 - 0x00007ffee6470000 	C:\WINDOWS\System32\IMM32.DLL
0x00007ffeadf60000 - 0x00007ffeadffd000 	C:\Program Files\Android\Android Studio1\jre\bin\msvcp140.dll
0x00007ffe96ea0000 - 0x00007ffe9796f000 	C:\Program Files\Android\Android Studio1\jre\bin\server\jvm.dll
0x00007ffee6390000 - 0x00007ffee643c000 	C:\WINDOWS\System32\ADVAPI32.dll
0x00007ffee7e40000 - 0x00007ffee7edb000 	C:\WINDOWS\System32\sechost.dll
0x00007ffee61f0000 - 0x00007ffee631a000 	C:\WINDOWS\System32\RPCRT4.dll
0x00007ffee7ee0000 - 0x00007ffee7ee8000 	C:\WINDOWS\System32\PSAPI.DLL
0x00007ffec7b50000 - 0x00007ffec7b77000 	C:\WINDOWS\SYSTEM32\WINMM.dll
0x00007ffedca50000 - 0x00007ffedca5a000 	C:\WINDOWS\SYSTEM32\VERSION.dll
0x00007ffeddb20000 - 0x00007ffeddb29000 	C:\WINDOWS\SYSTEM32\WSOCK32.dll
0x00007ffee7610000 - 0x00007ffee767b000 	C:\WINDOWS\System32\WS2_32.dll
0x00007ffee3760000 - 0x00007ffee3772000 	C:\WINDOWS\SYSTEM32\kernel.appcore.dll
0x00007ffed3610000 - 0x00007ffed3621000 	C:\Program Files\Android\Android Studio1\jre\bin\verify.dll
0x00007ffed48b0000 - 0x00007ffed4a94000 	C:\WINDOWS\SYSTEM32\DBGHELP.DLL
0x00007ffed4850000 - 0x00007ffed487c000 	C:\WINDOWS\SYSTEM32\dbgcore.DLL
0x00007ffee60b0000 - 0x00007ffee6133000 	C:\WINDOWS\System32\bcryptPrimitives.dll
0x00007ffed35e0000 - 0x00007ffed3609000 	C:\Program Files\Android\Android Studio1\jre\bin\java.dll
0x00007ffedbe70000 - 0x00007ffedbe7b000 	C:\Program Files\Android\Android Studio1\jre\bin\jimage.dll
0x00007ffed1e90000 - 0x00007ffed1ea8000 	C:\Program Files\Android\Android Studio1\jre\bin\zip.dll
0x00007ffee7680000 - 0x00007ffee7dbf000 	C:\WINDOWS\System32\SHELL32.dll
0x00007ffee3960000 - 0x00007ffee40f1000 	C:\WINDOWS\SYSTEM32\windows.storage.dll
0x00007ffee6e00000 - 0x00007ffee7155000 	C:\WINDOWS\System32\combase.dll
0x00007ffee5280000 - 0x00007ffee52ac000 	C:\WINDOWS\SYSTEM32\Wldp.dll
0x00007ffee6140000 - 0x00007ffee61ee000 	C:\WINDOWS\System32\SHCORE.dll
0x00007ffee6330000 - 0x00007ffee6385000 	C:\WINDOWS\System32\shlwapi.dll
0x00007ffee5750000 - 0x00007ffee576f000 	C:\WINDOWS\SYSTEM32\profapi.dll
0x00007ffed1e70000 - 0x00007ffed1e8a000 	C:\Program Files\Android\Android Studio1\jre\bin\net.dll
0x00007ffede980000 - 0x00007ffedea8a000 	C:\WINDOWS\SYSTEM32\WINHTTP.dll
0x00007ffee4f70000 - 0x00007ffee4fda000 	C:\WINDOWS\system32\mswsock.dll
0x00007ffecd220000 - 0x00007ffecd234000 	C:\Program Files\Android\Android Studio1\jre\bin\nio.dll
0x00007ffed0130000 - 0x00007ffed0157000 	C:\Users\80010-02-05\.gradle\native\8bec1ad78214c89d9ad589b4d07fe93259594b29d510b10fafb7a158f7737e5d\windows-amd64\native-platform.dll
0x00007ffe9da70000 - 0x00007ffe9dbad000 	C:\Users\80010-02-05\.gradle\native\53dbd7edfb1c66fb8903c78663c9afc45aea4f116125fa6feffd364cf09443e8\windows-amd64\native-platform-file-events.dll
0x00007ffeceb70000 - 0x00007ffeceb7a000 	C:\Program Files\Android\Android Studio1\jre\bin\management.dll
0x00007ffece620000 - 0x00007ffece62c000 	C:\Program Files\Android\Android Studio1\jre\bin\management_ext.dll
0x00007ffee5160000 - 0x00007ffee5178000 	C:\WINDOWS\SYSTEM32\CRYPTSP.dll
0x00007ffee48b0000 - 0x00007ffee48e4000 	C:\WINDOWS\system32\rsaenh.dll
0x00007ffee5ea0000 - 0x00007ffee5ec7000 	C:\WINDOWS\System32\bcrypt.dll
0x00007ffee5710000 - 0x00007ffee573e000 	C:\WINDOWS\SYSTEM32\USERENV.dll
0x00007ffee5150000 - 0x00007ffee515c000 	C:\WINDOWS\SYSTEM32\CRYPTBASE.dll
0x00007ffee4c00000 - 0x00007ffee4c3b000 	C:\WINDOWS\SYSTEM32\IPHLPAPI.DLL
0x00007ffee6320000 - 0x00007ffee6328000 	C:\WINDOWS\System32\NSI.dll
0x00007ffee0ce0000 - 0x00007ffee0cf7000 	C:\WINDOWS\SYSTEM32\dhcpcsvc6.DLL
0x00007ffee0c50000 - 0x00007ffee0c6d000 	C:\WINDOWS\SYSTEM32\dhcpcsvc.DLL
0x00007ffee4c40000 - 0x00007ffee4d0c000 	C:\WINDOWS\SYSTEM32\DNSAPI.dll

dbghelp: loaded successfully - version: 4.0.5 - missing functions: none
symbol engine: initialized successfully - sym options: 0x614 - pdb path: .;C:\Program Files\Android\Android Studio1\jre\bin;C:\WINDOWS\SYSTEM32;C:\WINDOWS\WinSxS\amd64_microsoft.windows.common-controls_6595b64144ccf1df_6.0.19041.1110_none_60b5254171f9507e;C:\Program Files\Android\Android Studio1\jre\bin\server;C:\Users\80010-02-05\.gradle\native\8bec1ad78214c89d9ad589b4d07fe93259594b29d510b10fafb7a158f7737e5d\windows-amd64;C:\Users\80010-02-05\.gradle\native\53dbd7edfb1c66fb8903c78663c9afc45aea4f116125fa6feffd364cf09443e8\windows-amd64

VM Arguments:
jvm_args: --add-opens=java.base/java.util=ALL-UNNAMED --add-opens=java.base/java.lang=ALL-UNNAMED --add-opens=java.base/java.lang.invoke=ALL-UNNAMED --add-opens=java.base/java.util=ALL-UNNAMED --add-opens=java.prefs/java.util.prefs=ALL-UNNAMED --add-opens=java.prefs/java.util.prefs=ALL-UNNAMED --add-opens=java.base/java.nio.charset=ALL-UNNAMED --add-opens=java.base/java.net=ALL-UNNAMED --add-opens=java.base/java.util.concurrent.atomic=ALL-UNNAMED -Xmx2048m -Dfile.encoding=UTF-8 -Duser.country=FR -Duser.language=fr -Duser.variant 
java_command: org.gradle.launcher.daemon.bootstrap.GradleDaemon 7.0.2
java_class_path (initial): C:\Users\80010-02-05\.gradle\wrapper\dists\gradle-7.0.2-bin\857tjihv64xamwrf0h14cai3r\gradle-7.0.2\lib\gradle-launcher-7.0.2.jar
Launcher Type: SUN_STANDARD

[Global flags]
     intx CICompilerCount                          = 3                                         {product} {ergonomic}
     uint ConcGCThreads                            = 2                                         {product} {ergonomic}
     uint G1ConcRefinementThreads                  = 6                                         {product} {ergonomic}
   size_t G1HeapRegionSize                         = 1048576                                   {product} {ergonomic}
    uintx GCDrainStackTargetSize                   = 64                                        {product} {ergonomic}
   size_t InitialHeapSize                          = 266338304                                 {product} {ergonomic}
   size_t MarkStackSize                            = 4194304                                   {product} {ergonomic}
   size_t MaxHeapSize                              = 2147483648                                {product} {command line}
   size_t MaxNewSize                               = 1287651328                                {product} {ergonomic}
   size_t MinHeapDeltaBytes                        = 1048576                                   {product} {ergonomic}
    uintx NonNMethodCodeHeapSize                   = 5830732                                {pd product} {ergonomic}
    uintx NonProfiledCodeHeapSize                  = 122913754                              {pd product} {ergonomic}
    uintx ProfiledCodeHeapSize                     = 122913754                              {pd product} {ergonomic}
    uintx ReservedCodeCacheSize                    = 251658240                              {pd product} {ergonomic}
     bool SegmentedCodeCache                       = true                                      {product} {ergonomic}
     bool UseCompressedClassPointers               = true                                 {lp64_product} {ergonomic}
     bool UseCompressedOops                        = true                                 {lp64_product} {ergonomic}
     bool UseG1GC                                  = true                                      {product} {ergonomic}
     bool UseLargePagesIndividualAllocation        = false                                  {pd product} {ergonomic}

Logging:
Log output configuration:
 #0: stdout all=warning uptime,level,tags
 #1: stderr all=off uptime,level,tags

Environment Variables:
JAVA_HOME=C:\Program Files\AdoptOpenJDK\jdk-16.0.1.9-hotspot\
PATH=C:\Program Files\AdoptOpenJDK\jdk-16.0.1.9-hotspot\bin;C:\Program Files\AdoptOpenJDK\jdk-11.0.5.10-hotspot\bin;C:\WINDOWS\system32;C:\WINDOWS;C:\WINDOWS\System32\Wbem;C:\WINDOWS\System32\WindowsPowerShell\v1.0\;C:\WINDOWS\System32\OpenSSH\;C:\Program Files\Git\cmd;C:\Program Files\Symfony;C:\ProgramData\ComposerSetup\bin;C:\php;C:\Users\80010-02-05\AppData\Local\Microsoft\WindowsApps;C:\Users\80010-02-05\AppData\Local\Programs\Microsoft VS Code\bin;C:\php;C:\Users\80010-02-05\AppData\Roaming\Composer\vendor\bin
USERNAME=80010-02-05
OS=Windows_NT
PROCESSOR_IDENTIFIER=Intel64 Family 6 Model 158 Stepping 10, GenuineIntel



---------------  S Y S T E M  ---------------

OS: Windows 10 , 64 bit Build 19041 (10.0.19041.1023)
OS uptime: 26 days 1:17 hours

CPU:total 6 (initial active 6) (6 cores per cpu, 1 threads per core) family 6 model 158 stepping 10 microcode 0xb4, cmov, cx8, fxsr, mmx, sse, sse2, sse3, ssse3, sse4.1, sse4.2, popcnt, avx, avx2, aes, clmul, erms, 3dnowpref, lzcnt, tsc, tscinvbit, bmi1, bmi2, adx, fma

Memory: 4k page, system-wide physical 16219M (6074M free)
TotalPageFile size 18651M (AvailPageFile size 4957M)
current process WorkingSet (physical memory assigned to process): 510M, peak: 527M
current process commit charge ("private bytes"): 550M, peak: 563M

vm_info: OpenJDK 64-Bit Server VM (11.0.10+0-b96-7249189) for windows-amd64 JRE (11.0.10+0-b96-7249189), built on Mar 31 2021 21:44:00 by "builder" with MS VC++ 14.0 (VS2015)

END.
