#
# A fatal error has been detected by the Java Runtime Environment:
#
#  EXCEPTION_ACCESS_VIOLATION (0xc0000005) at pc=0x00007ffdc5b4362e, pid=5668, tid=6240
#
# JRE version: OpenJDK Runtime Environment AdoptOpenJDK-16.0.1+9 (16.0.1+9) (build 16.0.1+9)
# Java VM: OpenJDK 64-Bit Server VM AdoptOpenJDK-16.0.1+9 (16.0.1+9, mixed mode, sharing, tiered, compressed oops, compressed class ptrs, g1 gc, windows-amd64)
# Problematic frame:
# C  [native-platform-file-events.dll+0x2362e]
#
# No core dump will be written. Minidumps are not enabled by default on client versions of Windows
#
# If you would like to submit a bug report, please visit:
#   https://github.com/AdoptOpenJDK/openjdk-support/issues
# The crash happened outside the Java Virtual Machine in native code.
# See problematic frame for where to report the bug.
#

---------------  S U M M A R Y ------------

Command Line: --add-opens=java.base/java.util=ALL-UNNAMED --add-opens=java.base/java.lang=ALL-UNNAMED --add-opens=java.base/java.lang.invoke=ALL-UNNAMED --add-opens=java.base/java.util=ALL-UNNAMED --add-opens=java.prefs/java.util.prefs=ALL-UNNAMED --add-opens=java.prefs/java.util.prefs=ALL-UNNAMED --add-opens=java.base/java.nio.charset=ALL-UNNAMED --add-opens=java.base/java.net=ALL-UNNAMED --add-opens=java.base/java.util.concurrent.atomic=ALL-UNNAMED -XX:MaxMetaspaceSize=256m -XX:+HeapDumpOnOutOfMemoryError -Xms256m -Xmx512m -Dfile.encoding=windows-1252 -Duser.country=FR -Duser.language=fr -Duser.variant org.gradle.launcher.daemon.bootstrap.GradleDaemon 7.0

Host: Intel(R) Core(TM) i5-8400 CPU @ 2.80GHz, 6 cores, 15G,  Windows 10 , 64 bit Build 19041 (10.0.19041.1023)
Time: Tue Jul 20 16:44:37 2021 Paris, Madrid (heure duild 19041 (10.0.19041.1023) elapsed time: 129.881644 seconds (0d 0h 2m 9s)

---------------  T H R E A D  ---------------

Current thread (0x0000027ae8460940):  JavaThread "File watcher server" daemon [_thread_in_native, id=6240, stack(0x000000cb17800000,0x000000cb17900000)]

Stack: [0x000000cb17800000,0x000000cb17900000],  sp=0x000000cb178fea40,  free space=1018k
Native frames: (J=compiled Java code, j=interpreted, Vv=VM code, C=native code)
C  [native-platform-file-events.dll+0x2362e]

Java frames: (J=compiled Java code, j=interpreted, Vv=VM code)
j  net.rubygrapefruit.platform.internal.jni.AbstractFileEventFunctions$NativeFileWatcher.executeRunLoop0(Ljava/lang/Object;)V+0
j  net.rubygrapefruit.platform.internal.jni.AbstractFileEventFunctions$NativeFileWatcher.access$100(Lnet/rubygrapefruit/platform/internal/jni/AbstractFileEventFunctions$NativeFileWatcher;Ljava/lang/Object;)V+2
j  net.rubygrapefruit.platform.internal.jni.AbstractFileEventFunctions$NativeFileWatcher$1.run()V+26
v  ~StubRoutines::call_stub

siginfo: EXCEPTION_ACCESS_VIOLATION (0xc0000005), reading address 0xffffffffffffffff


Register to memory mapping:

RIP=0x00007ffdc5b4362e native-platform-file-events.dll
RAX=0x2473636974736974 is an unknown value
RBX=0x0000000000000001 is an unknown value
RCX=0x2473636974736974 is an unknown value
RDX=0x000000cb178fea98 is pointing into the stack for thread: 0x0000027ae8460940
RSP=0x000000cb178fea40 is pointing into the stack for thread: 0x0000027ae8460940
RBP=0x000000cb178ff438 is pointing into the stack for thread: 0x0000027ae8460940
RSI=0x0 is NULL
RDI=0x00000000ffffffff is an unallocated location in the heap
R8 =0x000000cb178feaa0 is pointing into the stack for thread: 0x0000027ae8460940
R9 =0x000000007ffe6000 points into unknown readable memory: 0x00000000546c6148 | 48 61 6c 54 00 00 00 00
R10=0x00000000546c6148 is an unknown value
R11=0x0000053a0e571ac8 is an unknown value
R12=0x0 is NULL
R13={method} {0x0000027ae9f45a48} 'executeRunLoop0' '(Ljava/lang/Object;)V' in 'net/rubygrapefruit/platform/internal/jni/AbstractFileEventFunctions$NativeFileWatcher'
R14=0x000000cb178ff460 is pointing into the stack for thread: 0x0000027ae8460940
R15=0x0000027ae8460940 is a thread


Registers:
RAX=0x2473636974736974, RBX=0x0000000000000001, RCX=0x2473636974736974, RDX=0x000000cb178fea98
RSP=0x000000cb178fea40, RBP=0x000000cb178ff438, RSI=0x0000000000000000, RDI=0x00000000ffffffff
R8 =0x000000cb178feaa0, R9 =0x000000007ffe6000, R10=0x00000000546c6148, R11=0x0000053a0e571ac8
R12=0x0000000000000000, R13=0x0000027ae9f45a40, R14=0x000000cb178ff460, R15=0x0000027ae8460940
RIP=0x00007ffdc5b4362e, EFLAGS=0x0000000000010202

Top of Stack: (sp=0x000000cb178fea40)
0x000000cb178fea40:   00028d374462e660 00028d3738ed2624
0x000000cb178fea50:   00028d374462e660 00007ffdc5b5e965
0x000000cb178fea60:   000000cb178feb18 000000cb178fea98
0x000000cb178fea70:   000000cb00000000 000000cb178feaa8
0x000000cb178fea80:   000000cb178f0001 000006883b905958
0x000000cb178fea90:   000000cb178feaa0 00000000000000c0
0x000000cb178feaa0:   00028d3738ed2624 00028d374462e660
0x000000cb178feab0:   00000000ea9000d8 00007ffdc5b5e4f7
0x000000cb178feac0:   000000cb178feb18 000000cb178feb10
0x000000cb178fead0:   0000027ae53ec1f0 00007ffdc5b4d473
0x000000cb178feae0:   000000cb00000000 000000cb170fc4f0
0x000000cb178feaf0:   00028d374462e660 00000000000000c0
0x000000cb178feb00:   000000cb00000000 000000cb178feb70
0x000000cb178feb10:   0000deea466e7604 00000000000000c0
0x000000cb178feb20:   0000027aecd53d50 00007ffdc5b4385c
0x000000cb178feb30:   2473636974736974 0000027a00000003 

Instructions: (pc=0x00007ffdc5b4362e)
0x00007ffdc5b4352e:   8b 00 48 89 44 24 38 48 8b 44 24 38 48 89 44 24
0x00007ffdc5b4353e:   58 48 8b 84 24 b0 00 00 00 48 83 c0 08 48 89 44
0x00007ffdc5b4354e:   24 40 48 8d 54 24 70 48 8b 4c 24 40 e8 84 1a fe
0x00007ffdc5b4355e:   ff 48 8b 00 48 89 44 24 48 48 8b 44 24 48 48 89
0x00007ffdc5b4356e:   44 24 60 4c 8b 4c 24 50 4c 8b 44 24 58 48 8b 54
0x00007ffdc5b4357e:   24 60 48 8d 4c 24 78 e8 b2 48 fe ff 48 8d 4c 24
0x00007ffdc5b4358e:   78 e8 a8 20 fe ff 48 8b c8 ff 15 6b ba 16 00 89
0x00007ffdc5b4359e:   44 24 24 83 7c 24 24 ff 74 15 8b 44 24 24 83 e0
0x00007ffdc5b435ae:   10 85 c0 74 0a c7 44 24 28 01 00 00 00 eb 08 c7
0x00007ffdc5b435be:   44 24 28 00 00 00 00 0f b6 44 24 28 88 44 24 20
0x00007ffdc5b435ce:   48 8d 4c 24 78 e8 04 49 fe ff 0f b6 44 24 20 48
0x00007ffdc5b435de:   8b 8c 24 98 00 00 00 48 33 cc e8 35 fe fd ff 48
0x00007ffdc5b435ee:   81 c4 a8 00 00 00 c3 cc cc cc cc cc cc cc cc cc
0x00007ffdc5b435fe:   cc cc 48 89 4c 24 08 48 81 ec e8 00 00 00 48 8b
0x00007ffdc5b4360e:   05 a5 1a 15 00 48 33 c4 48 89 84 24 d0 00 00 00
0x00007ffdc5b4361e:   c7 44 24 30 00 00 00 00 48 8b 84 24 f0 00 00 00
0x00007ffdc5b4362e:   83 78 68 03 0f 84 02 01 00 00 48 8b 84 24 f0 00
0x00007ffdc5b4363e:   00 00 48 8b 48 28 ff 15 c6 b9 16 00 89 44 24 38
0x00007ffdc5b4364e:   83 7c 24 38 00 0f 85 d0 00 00 00 ba 07 00 00 00
0x00007ffdc5b4365e:   48 8b 0d e3 69 15 00 e8 cd d9 fd ff 88 44 24 34
0x00007ffdc5b4366e:   0f b6 44 24 34 85 c0 0f 84 90 00 00 00 ff 15 97
0x00007ffdc5b4367e:   b9 16 00 89 44 24 3c 48 8b 84 24 f0 00 00 00 48
0x00007ffdc5b4368e:   83 c0 08 48 8b d0 48 8d 8c 24 90 00 00 00 e8 cd
0x00007ffdc5b4369e:   5b fe ff 48 89 44 24 40 48 8b 44 24 40 48 89 44
0x00007ffdc5b436ae:   24 48 8b 44 24 30 83 c8 01 89 44 24 30 48 8b 4c
0x00007ffdc5b436be:   24 48 e8 4e 4d fe ff 48 89 44 24 50 48 8b 84 24
0x00007ffdc5b436ce:   f0 00 00 00 48 8b 40 28 48 89 44 24 58 8b 44 24
0x00007ffdc5b436de:   3c 89 44 24 28 48 8b 44 24 50 48 89 44 24 20 4c
0x00007ffdc5b436ee:   8b 4c 24 58 4c 8d 05 67 4f 11 00 ba 07 00 00 00
0x00007ffdc5b436fe:   48 8b 0d 43 69 15 00 e8 71 67 fe ff 90 8b 44 24
0x00007ffdc5b4370e:   30 83 e0 01 85 c0 74 13 83 64 24 30 fe 48 8d 8c
0x00007ffdc5b4371e:   24 90 00 00 00 e8 eb 1a fe ff 90 eb 00 48 8b 84 


Stack slot to memory mapping:
stack at sp + 0 slots: 0x00028d374462e660 is an unknown value
stack at sp + 1 slots: 0x00028d3738ed2624 is an unknown value
stack at sp + 2 slots: 0x00028d374462e660 is an unknown value
stack at sp + 3 slots: 0x00007ffdc5b5e965 native-platform-file-events.dll
stack at sp + 4 slots: 0x000000cb178feb18 is pointing into the stack for thread: 0x0000027ae8460940
stack at sp + 5 slots: 0x000000cb178fea98 is pointing into the stack for thread: 0x0000027ae8460940
stack at sp + 6 slots: 0x000000cb00000000 is an unknown value
stack at sp + 7 slots: 0x000000cb178feaa8 is pointing into the stack for thread: 0x0000027ae8460940


---------------  P R O C E S S  ---------------

Threads class SMR info:
_java_thread_list=0x0000027ae8e87c70, length=52, elements={
0x0000027ac7099fd0, 0x0000027ae459c450, 0x0000027ae459d220, 0x0000027ae45b1a70,
0x0000027ae45b4750, 0x0000027ae45b6070, 0x0000027ae45b9140, 0x0000027ae45bc560,
0x0000027ae45b9a50, 0x0000027ae45c12b0, 0x0000027ae50ccd80, 0x0000027ae50cd2a0,
0x0000027ae631fd80, 0x0000027ae76b42b0, 0x0000027ae5edb440, 0x0000027ae624d600,
0x0000027ae746c290, 0x0000027ae8460e90, 0x0000027ae8461e80, 0x0000027ae84623d0,
0x0000027ae8462920, 0x0000027ae84613e0, 0x0000027ae8462e70, 0x0000027ae84633c0,
0x0000027ae8463910, 0x0000027ae8463e60, 0x0000027ae8460940, 0x0000027ae8461930,
0x0000027ae74d6890, 0x0000027ae74d9310, 0x0000027ae74d6de0, 0x0000027ae74d5df0,
0x0000027ae74dbd90, 0x0000027ae74d7880, 0x0000027ae74d48b0, 0x0000027ae74d6340,
0x0000027ae74dc2e0, 0x0000027ae74d9db0, 0x0000027ae74d5350, 0x0000027ae74d7330,
0x0000027ae74da300, 0x0000027ae74d8320, 0x0000027ae74da850, 0x0000027ae74d8870,
0x0000027ae74d8dc0, 0x0000027ae74dada0, 0x0000027aeaf46b10, 0x0000027aeaf49040,
0x0000027aeaf435f0, 0x0000027aeaf44b30, 0x0000027aeaf485a0, 0x0000027ae512ce00
}

Java Threads: ( => current thread )
  0x0000027ac7099fd0 JavaThread "main" [_thread_blocked, id=5092, stack(0x000000cb15000000,0x000000cb15100000)]
  0x0000027ae459c450 JavaThread "Reference Handler" daemon [_thread_blocked, id=4028, stack(0x000000cb15700000,0x000000cb15800000)]
  0x0000027ae459d220 JavaThread "Finalizer" daemon [_thread_blocked, id=15344, stack(0x000000cb15800000,0x000000cb15900000)]
  0x0000027ae45b1a70 JavaThread "Signal Dispatcher" daemon [_thread_blocked, id=14844, stack(0x000000cb15900000,0x000000cb15a00000)]
  0x0000027ae45b4750 JavaThread "Attach Listener" daemon [_thread_blocked, id=15232, stack(0x000000cb15a00000,0x000000cb15b00000)]
  0x0000027ae45b6070 JavaThread "Service Thread" daemon [_thread_blocked, id=14544, stack(0x000000cb15b00000,0x000000cb15c00000)]
  0x0000027ae45b9140 JavaThread "Monitor Deflation Thread" daemon [_thread_blocked, id=12860, stack(0x000000cb15c00000,0x000000cb15d00000)]
  0x0000027ae45bc560 JavaThread "C2 CompilerThread0" daemon [_thread_blocked, id=6496, stack(0x000000cb15d00000,0x000000cb15e00000)]
  0x0000027ae45b9a50 JavaThread "C1 CompilerThread0" daemon [_thread_blocked, id=11816, stack(0x000000cb15e00000,0x000000cb15f00000)]
  0x0000027ae45c12b0 JavaThread "Sweeper thread" daemon [_thread_blocked, id=11668, stack(0x000000cb15f00000,0x000000cb16000000)]
  0x0000027ae50ccd80 JavaThread "Common-Cleaner" daemon [_thread_blocked, id=13364, stack(0x000000cb16000000,0x000000cb16100000)]
  0x0000027ae50cd2a0 JavaThread "Notification Thread" daemon [_thread_blocked, id=6552, stack(0x000000cb16100000,0x000000cb16200000)]
  0x0000027ae631fd80 JavaThread "Daemon health stats" [_thread_blocked, id=9980, stack(0x000000cb16a00000,0x000000cb16b00000)]
  0x0000027ae76b42b0 JavaThread "Incoming local TCP Connector on port 51878" [_thread_in_native, id=7104, stack(0x000000cb16b00000,0x000000cb16c00000)]
  0x0000027ae5edb440 JavaThread "Daemon periodic checks" [_thread_blocked, id=14416, stack(0x000000cb16c00000,0x000000cb16d00000)]
  0x0000027ae624d600 JavaThread "Daemon" [_thread_blocked, id=1356, stack(0x000000cb16d00000,0x000000cb16e00000)]
  0x0000027ae746c290 JavaThread "Handler for socket connection from /127.0.0.1:51878 to /127.0.0.1:51879" [_thread_in_native, id=1664, stack(0x000000cb16e00000,0x000000cb16f00000)]
  0x0000027ae8460e90 JavaThread "Cancel handler" [_thread_blocked, id=15136, stack(0x000000cb16f00000,0x000000cb17000000)]
  0x0000027ae8461e80 JavaThread "Daemon worker" [_thread_in_native, id=7664, stack(0x000000cb17000000,0x000000cb17100000)]
  0x0000027ae84623d0 JavaThread "Asynchronous log dispatcher for DefaultDaemonConnection: socket connection from /127.0.0.1:51878 to /127.0.0.1:51879" [_thread_blocked, id=15048, stack(0x000000cb17100000,0x000000cb17200000)]
  0x0000027ae8462920 JavaThread "Stdin handler" [_thread_blocked, id=14344, stack(0x000000cb17200000,0x000000cb17300000)]
  0x0000027ae84613e0 JavaThread "Daemon client event forwarder" [_thread_blocked, id=7648, stack(0x000000cb17300000,0x000000cb17400000)]
  0x0000027ae8462e70 JavaThread "Cache worker for file hash cache (C:\Users\80010-02-05\.gradle\caches\7.0\fileHashes)" [_thread_blocked, id=3288, stack(0x000000cb17400000,0x000000cb17500000)]
  0x0000027ae84633c0 JavaThread "File lock request listener" [_thread_in_native, id=7992, stack(0x000000cb17500000,0x000000cb17600000)]
  0x0000027ae8463910 JavaThread "Cache worker for journal cache (C:\Users\80010-02-05\.gradle\caches\journal-1)" [_thread_blocked, id=5048, stack(0x000000cb17600000,0x000000cb17700000)]
  0x0000027ae8463e60 JavaThread "Cache worker for file hash cache (U:\80010-02-05\CDA\calculatrice\.gradle\7.0\fileHashes)" [_thread_blocked, id=15088, stack(0x000000cb17700000,0x000000cb17800000)]
=>0x0000027ae8460940 JavaThread "File watcher server" daemon [_thread_in_native, id=6240, stack(0x000000cb17800000,0x000000cb17900000)]
  0x0000027ae8461930 JavaThread "File watcher consumer" daemon [_thread_blocked, id=14912, stack(0x000000cb17900000,0x000000cb17a00000)]
  0x0000027ae74d6890 JavaThread "Cache worker for checksums cache (U:\80010-02-05\CDA\calculatrice\.gradle\checksums)" [_thread_blocked, id=11524, stack(0x000000cb17a00000,0x000000cb17b00000)]
  0x0000027ae74d9310 JavaThread "Cache worker for cache directory md-rule (C:\Users\80010-02-05\.gradle\caches\7.0\md-rule)" [_thread_blocked, id=4764, stack(0x000000cb17c00000,0x000000cb17d00000)]
  0x0000027ae74d6de0 JavaThread "Cache worker for execution history cache (C:\Users\80010-02-05\.gradle\caches\7.0\executionHistory)" [_thread_blocked, id=2284, stack(0x000000cb17d00000,0x000000cb17e00000)]
  0x0000027ae74d5df0 JavaThread "jar transforms" [_thread_blocked, id=7264, stack(0x000000cb17f00000,0x000000cb18000000)]
  0x0000027ae74dbd90 JavaThread "jar transforms Thread 2" [_thread_blocked, id=12768, stack(0x000000cb18000000,0x000000cb18100000)]
  0x0000027ae74d7880 JavaThread "Cache worker for file content cache (C:\Users\80010-02-05\.gradle\caches\7.0\fileContent)" [_thread_blocked, id=13920, stack(0x000000cb18100000,0x000000cb18200000)]
  0x0000027ae74d48b0 JavaThread "jar transforms Thread 3" [_thread_blocked, id=3884, stack(0x000000cb18200000,0x000000cb18300000)]
  0x0000027ae74d6340 JavaThread "jar transforms Thread 4" [_thread_blocked, id=2168, stack(0x000000cb18300000,0x000000cb18400000)]
  0x0000027ae74dc2e0 JavaThread "jar transforms Thread 5" [_thread_blocked, id=1972, stack(0x000000cb18400000,0x000000cb18500000)]
  0x0000027ae74d9db0 JavaThread "jar transforms Thread 6" [_thread_blocked, id=9224, stack(0x000000cb18500000,0x000000cb18600000)]
  0x0000027ae74d5350 JavaThread "Cache worker for dependencies-accessors (U:\80010-02-05\CDA\calculatrice\.gradle\7.0\dependencies-accessors)" [_thread_blocked, id=7248, stack(0x000000cb18600000,0x000000cb18700000)]
  0x0000027ae74d7330 JavaThread "Build operations" [_thread_blocked, id=9644, stack(0x000000cb18800000,0x000000cb18900000)]
  0x0000027ae74da300 JavaThread "Build operations Thread 2" [_thread_blocked, id=13744, stack(0x000000cb18900000,0x000000cb18a00000)]
  0x0000027ae74d8320 JavaThread "Build operations Thread 3" [_thread_blocked, id=7272, stack(0x000000cb18a00000,0x000000cb18b00000)]
  0x0000027ae74da850 JavaThread "Build operations Thread 4" [_thread_blocked, id=10468, stack(0x000000cb18b00000,0x000000cb18c00000)]
  0x0000027ae74d8870 JavaThread "Build operations Thread 5" [_thread_blocked, id=1008, stack(0x000000cb18c00000,0x000000cb18d00000)]
  0x0000027ae74d8dc0 JavaThread "Build operations Thread 6" [_thread_blocked, id=10784, stack(0x000000cb18d00000,0x000000cb18e00000)]
  0x0000027ae74dada0 JavaThread "Memory manager" [_thread_blocked, id=9344, stack(0x000000cb18e00000,0x000000cb18f00000)]
  0x0000027aeaf46b10 JavaThread "Cache worker for Java compile cache (C:\Users\80010-02-05\.gradle\caches\7.0\javaCompile)" [_thread_blocked, id=9484, stack(0x000000cb19500000,0x000000cb19600000)]
  0x0000027aeaf49040 JavaThread "Exec process" [_thread_blocked, id=12912, stack(0x000000cb19a00000,0x000000cb19b00000)]
  0x0000027aeaf435f0 JavaThread "Exec process Thread 2" [_thread_blocked, id=2192, stack(0x000000cb19b00000,0x000000cb19c00000)]
  0x0000027aeaf44b30 JavaThread "Exec process Thread 3" [_thread_blocked, id=15176, stack(0x000000cb19c00000,0x000000cb19d00000)]
  0x0000027aeaf485a0 JavaThread "File lock release action executor" [_thread_blocked, id=7400, stack(0x000000cb14d00000,0x000000cb14e00000)]
  0x0000027ae512ce00 JavaThread "C2 CompilerThread1" daemon [_thread_blocked, id=5676, stack(0x000000cb14e00000,0x000000cb14f00000)]

Other Threads:
  0x0000027ae4596140 VMThread "VM Thread" [stack: 0x000000cb15600000,0x000000cb15700000] [id=4112]
  0x0000027ae50cf7d0 WatcherThread [stack: 0x000000cb16200000,0x000000cb16300000] [id=14848]
  0x0000027ac70e4220 GCTaskThread "GC Thread#0" [stack: 0x000000cb15100000,0x000000cb15200000] [id=972]
  0x0000027ae5f2c840 GCTaskThread "GC Thread#1" [stack: 0x000000cb16400000,0x000000cb16500000] [id=14524]
  0x0000027ae5f2cb50 GCTaskThread "GC Thread#2" [stack: 0x000000cb16500000,0x000000cb16600000] [id=15164]
  0x0000027ae5f2ce60 GCTaskThread "GC Thread#3" [stack: 0x000000cb16600000,0x000000cb16700000] [id=15120]
  0x0000027ae5e7e8e0 GCTaskThread "GC Thread#4" [stack: 0x000000cb16700000,0x000000cb16800000] [id=11344]
  0x0000027ae5e7fb40 GCTaskThread "GC Thread#5" [stack: 0x000000cb16800000,0x000000cb16900000] [id=6500]
  0x0000027ac70e9270 ConcurrentGCThread "G1 Main Marker" [stack: 0x000000cb15200000,0x000000cb15300000] [id=8736]
  0x0000027ac70e9c70 ConcurrentGCThread "G1 Conc#0" [stack: 0x000000cb15300000,0x000000cb15400000] [id=8268]
  0x0000027ae5e7ebf0 ConcurrentGCThread "G1 Conc#1" [stack: 0x000000cb17e00000,0x000000cb17f00000] [id=8132]
  0x0000027ac719e7a0 ConcurrentGCThread "G1 Refine#0" [stack: 0x000000cb15400000,0x000000cb15500000] [id=15352]
  0x0000027ae5a4b350 ConcurrentGCThread "G1 Refine#1" [stack: 0x000000cb16900000,0x000000cb16a00000] [id=13372]
  0x0000027aecc9fc90 ConcurrentGCThread "G1 Refine#2" [stack: 0x000000cb19700000,0x000000cb19800000] [id=11808]
  0x0000027ae5f9d530 ConcurrentGCThread "G1 Refine#3" [stack: 0x000000cb19800000,0x000000cb19900000] [id=6260]
  0x0000027ae5236e60 ConcurrentGCThread "G1 Refine#4" [stack: 0x000000cb19900000,0x000000cb19a00000] [id=11604]
  0x0000027ae4450280 ConcurrentGCThread "G1 Service" [stack: 0x000000cb15500000,0x000000cb15600000] [id=14852]

Threads with active compile tasks:

VM state: not at safepoint (normal execution)

VM Mutex/Monitor currently owned by a thread: None

Heap address: 0x00000000e0000000, size: 512 MB, Compressed Oops mode: 32-bit

CDS archive(s) mapped at: [0x0000000800000000-0x0000000800bf0000-0x0000000800bf0000), size 12517376, SharedBaseAddress: 0x0000000800000000, ArchiveRelocationMode: 0.
Compressed class space mapped at: 0x0000000800c00000-0x000000080dc00000, reserved size: 218103808
Narrow klass base: 0x0000000800000000, Narrow klass shift: 3, Narrow klass range: 0x100000000

GC Precious Log:
 CPUs: 6 total, 6 available
 Memory: 16219M
 Large Page Support: Disabled
 NUMA Support: Disabled
 Compressed Oops: Enabled (32-bit)
 Heap Region Size: 1M
 Heap Min Capacity: 256M
 Heap Initial Capacity: 256M
 Heap Max Capacity: 512M
 Pre-touch: Disabled
 Parallel Workers: 6
 Concurrent Workers: 2
 Concurrent Refinement Workers: 6
 Periodic GC: Disabled

Heap:
 garbage-first heap   total 262144K, used 62448K [0x00000000e0000000, 0x0000000100000000)
  region size 1024K, 38 young (38912K), 20 survivors (20480K)
 Metaspace       used 55690K, committed 56192K, reserved 262144K
  class space    used 7573K, committed 7808K, reserved 212992K

Heap Regions: E=young(eden), S=young(survivor), O=old, HS=humongous(starts), HC=humongous(continues), CS=collection set, F=free, OA=open archive, CA=closed archive, TAMS=top-at-mark-start (previous, next)
|   0|0x00000000e0000000, 0x00000000e0100000, 0x00000000e0100000|100%| O|  |TAMS 0x00000000e0100000, 0x00000000e0000000| Untracked 
|   1|0x00000000e0100000, 0x00000000e0200000, 0x00000000e0200000|100%| O|  |TAMS 0x00000000e0200000, 0x00000000e0100000| Untracked 
|   2|0x00000000e0200000, 0x00000000e0300000, 0x00000000e0300000|100%| O|  |TAMS 0x00000000e022e200, 0x00000000e0200000| Untracked 
|   3|0x00000000e0300000, 0x00000000e0400000, 0x00000000e0400000|100%|HS|  |TAMS 0x00000000e0400000, 0x00000000e0300000| Complete 
|   4|0x00000000e0400000, 0x00000000e0500000, 0x00000000e0500000|100%|HC|  |TAMS 0x00000000e0500000, 0x00000000e0400000| Complete 
|   5|0x00000000e0500000, 0x00000000e0600000, 0x00000000e0600000|100%|HC|  |TAMS 0x00000000e0600000, 0x00000000e0500000| Complete 
|   6|0x00000000e0600000, 0x00000000e0700000, 0x00000000e0700000|100%| O|  |TAMS 0x00000000e0700000, 0x00000000e0600000| Untracked 
|   7|0x00000000e0700000, 0x00000000e0800000, 0x00000000e0800000|100%| O|  |TAMS 0x00000000e0800000, 0x00000000e0700000| Untracked 
|   8|0x00000000e0800000, 0x00000000e0900000, 0x00000000e0900000|100%| O|  |TAMS 0x00000000e0900000, 0x00000000e0800000| Untracked 
|   9|0x00000000e0900000, 0x00000000e0a00000, 0x00000000e0a00000|100%| O|  |TAMS 0x00000000e0a00000, 0x00000000e0900000| Untracked 
|  10|0x00000000e0a00000, 0x00000000e0b00000, 0x00000000e0b00000|100%| O|  |TAMS 0x00000000e0a00000, 0x00000000e0a00000| Untracked 
|  11|0x00000000e0b00000, 0x00000000e0c00000, 0x00000000e0c00000|100%| O|  |TAMS 0x00000000e0b00000, 0x00000000e0b00000| Untracked 
|  12|0x00000000e0c00000, 0x00000000e0d00000, 0x00000000e0d00000|100%| O|  |TAMS 0x00000000e0c00000, 0x00000000e0c00000| Untracked 
|  13|0x00000000e0d00000, 0x00000000e0e00000, 0x00000000e0e00000|100%| O|  |TAMS 0x00000000e0d00000, 0x00000000e0d00000| Untracked 
|  14|0x00000000e0e00000, 0x00000000e0f00000, 0x00000000e0f00000|100%| O|  |TAMS 0x00000000e0e00000, 0x00000000e0e00000| Untracked 
|  15|0x00000000e0f00000, 0x00000000e1000000, 0x00000000e1000000|100%| O|  |TAMS 0x00000000e0f00000, 0x00000000e0f00000| Untracked 
|  16|0x00000000e1000000, 0x00000000e1100000, 0x00000000e1100000|100%| O|  |TAMS 0x00000000e1000000, 0x00000000e1000000| Untracked 
|  17|0x00000000e1100000, 0x00000000e1200000, 0x00000000e1200000|100%| O|  |TAMS 0x00000000e1100000, 0x00000000e1100000| Untracked 
|  18|0x00000000e1200000, 0x00000000e1300000, 0x00000000e1300000|100%| O|  |TAMS 0x00000000e1200000, 0x00000000e1200000| Untracked 
|  19|0x00000000e1300000, 0x00000000e1400000, 0x00000000e1400000|100%| O|  |TAMS 0x00000000e1300000, 0x00000000e1300000| Untracked 
|  20|0x00000000e1400000, 0x00000000e1500000, 0x00000000e1500000|100%| O|  |TAMS 0x00000000e1400000, 0x00000000e1400000| Untracked 
|  21|0x00000000e1500000, 0x00000000e1600000, 0x00000000e1600000|100%| O|  |TAMS 0x00000000e1500000, 0x00000000e1500000| Untracked 
|  22|0x00000000e1600000, 0x00000000e1700000, 0x00000000e1700000|100%| O|  |TAMS 0x00000000e1600000, 0x00000000e1600000| Untracked 
|  23|0x00000000e1700000, 0x00000000e17fc000, 0x00000000e1800000| 98%| O|  |TAMS 0x00000000e1700000, 0x00000000e1700000| Untracked 
|  24|0x00000000e1800000, 0x00000000e1800000, 0x00000000e1900000|  0%| F|  |TAMS 0x00000000e1800000, 0x00000000e1800000| Untracked 
|  25|0x00000000e1900000, 0x00000000e1900000, 0x00000000e1a00000|  0%| F|  |TAMS 0x00000000e1900000, 0x00000000e1900000| Untracked 
|  26|0x00000000e1a00000, 0x00000000e1a00000, 0x00000000e1b00000|  0%| F|  |TAMS 0x00000000e1a00000, 0x00000000e1a00000| Untracked 
|  27|0x00000000e1b00000, 0x00000000e1b00000, 0x00000000e1c00000|  0%| F|  |TAMS 0x00000000e1b00000, 0x00000000e1b00000| Untracked 
|  28|0x00000000e1c00000, 0x00000000e1c00000, 0x00000000e1d00000|  0%| F|  |TAMS 0x00000000e1c00000, 0x00000000e1c00000| Untracked 
|  29|0x00000000e1d00000, 0x00000000e1d00000, 0x00000000e1e00000|  0%| F|  |TAMS 0x00000000e1d00000, 0x00000000e1d00000| Untracked 
|  30|0x00000000e1e00000, 0x00000000e1e00000, 0x00000000e1f00000|  0%| F|  |TAMS 0x00000000e1e00000, 0x00000000e1e00000| Untracked 
|  31|0x00000000e1f00000, 0x00000000e1f00000, 0x00000000e2000000|  0%| F|  |TAMS 0x00000000e1f00000, 0x00000000e1f00000| Untracked 
|  32|0x00000000e2000000, 0x00000000e2000000, 0x00000000e2100000|  0%| F|  |TAMS 0x00000000e2000000, 0x00000000e2000000| Untracked 
|  33|0x00000000e2100000, 0x00000000e2100000, 0x00000000e2200000|  0%| F|  |TAMS 0x00000000e2100000, 0x00000000e2100000| Untracked 
|  34|0x00000000e2200000, 0x00000000e2200000, 0x00000000e2300000|  0%| F|  |TAMS 0x00000000e2200000, 0x00000000e2200000| Untracked 
|  35|0x00000000e2300000, 0x00000000e2300000, 0x00000000e2400000|  0%| F|  |TAMS 0x00000000e2300000, 0x00000000e2300000| Untracked 
|  36|0x00000000e2400000, 0x00000000e2400000, 0x00000000e2500000|  0%| F|  |TAMS 0x00000000e2400000, 0x00000000e2400000| Untracked 
|  37|0x00000000e2500000, 0x00000000e2500000, 0x00000000e2600000|  0%| F|  |TAMS 0x00000000e2500000, 0x00000000e2500000| Untracked 
|  38|0x00000000e2600000, 0x00000000e2600000, 0x00000000e2700000|  0%| F|  |TAMS 0x00000000e2600000, 0x00000000e2600000| Untracked 
|  39|0x00000000e2700000, 0x00000000e2700000, 0x00000000e2800000|  0%| F|  |TAMS 0x00000000e2700000, 0x00000000e2700000| Untracked 
|  40|0x00000000e2800000, 0x00000000e2800000, 0x00000000e2900000|  0%| F|  |TAMS 0x00000000e2800000, 0x00000000e2800000| Untracked 
|  41|0x00000000e2900000, 0x00000000e2900000, 0x00000000e2a00000|  0%| F|  |TAMS 0x00000000e2900000, 0x00000000e2900000| Untracked 
|  42|0x00000000e2a00000, 0x00000000e2a00000, 0x00000000e2b00000|  0%| F|  |TAMS 0x00000000e2a00000, 0x00000000e2a00000| Untracked 
|  43|0x00000000e2b00000, 0x00000000e2b00000, 0x00000000e2c00000|  0%| F|  |TAMS 0x00000000e2b00000, 0x00000000e2b00000| Untracked 
|  44|0x00000000e2c00000, 0x00000000e2c00000, 0x00000000e2d00000|  0%| F|  |TAMS 0x00000000e2c00000, 0x00000000e2c00000| Untracked 
|  45|0x00000000e2d00000, 0x00000000e2d00000, 0x00000000e2e00000|  0%| F|  |TAMS 0x00000000e2d00000, 0x00000000e2d00000| Untracked 
|  46|0x00000000e2e00000, 0x00000000e2e00000, 0x00000000e2f00000|  0%| F|  |TAMS 0x00000000e2e00000, 0x00000000e2e00000| Untracked 
|  47|0x00000000e2f00000, 0x00000000e2f00000, 0x00000000e3000000|  0%| F|  |TAMS 0x00000000e2f00000, 0x00000000e2f00000| Untracked 
|  48|0x00000000e3000000, 0x00000000e3000000, 0x00000000e3100000|  0%| F|  |TAMS 0x00000000e3000000, 0x00000000e3000000| Untracked 
|  49|0x00000000e3100000, 0x00000000e3100000, 0x00000000e3200000|  0%| F|  |TAMS 0x00000000e3100000, 0x00000000e3100000| Untracked 
|  50|0x00000000e3200000, 0x00000000e3200000, 0x00000000e3300000|  0%| F|  |TAMS 0x00000000e3200000, 0x00000000e3200000| Untracked 
|  51|0x00000000e3300000, 0x00000000e3300000, 0x00000000e3400000|  0%| F|  |TAMS 0x00000000e3300000, 0x00000000e3300000| Untracked 
|  52|0x00000000e3400000, 0x00000000e3400000, 0x00000000e3500000|  0%| F|  |TAMS 0x00000000e3400000, 0x00000000e3400000| Untracked 
|  53|0x00000000e3500000, 0x00000000e3500000, 0x00000000e3600000|  0%| F|  |TAMS 0x00000000e3500000, 0x00000000e3500000| Untracked 
|  54|0x00000000e3600000, 0x00000000e3600000, 0x00000000e3700000|  0%| F|  |TAMS 0x00000000e3600000, 0x00000000e3600000| Untracked 
|  55|0x00000000e3700000, 0x00000000e3700000, 0x00000000e3800000|  0%| F|  |TAMS 0x00000000e3700000, 0x00000000e3700000| Untracked 
|  56|0x00000000e3800000, 0x00000000e3800000, 0x00000000e3900000|  0%| F|  |TAMS 0x00000000e3800000, 0x00000000e3800000| Untracked 
|  57|0x00000000e3900000, 0x00000000e3900000, 0x00000000e3a00000|  0%| F|  |TAMS 0x00000000e3900000, 0x00000000e3900000| Untracked 
|  58|0x00000000e3a00000, 0x00000000e3a00000, 0x00000000e3b00000|  0%| F|  |TAMS 0x00000000e3a00000, 0x00000000e3a00000| Untracked 
|  59|0x00000000e3b00000, 0x00000000e3b00000, 0x00000000e3c00000|  0%| F|  |TAMS 0x00000000e3b00000, 0x00000000e3b00000| Untracked 
|  60|0x00000000e3c00000, 0x00000000e3c00000, 0x00000000e3d00000|  0%| F|  |TAMS 0x00000000e3c00000, 0x00000000e3c00000| Untracked 
|  61|0x00000000e3d00000, 0x00000000e3d00000, 0x00000000e3e00000|  0%| F|  |TAMS 0x00000000e3d00000, 0x00000000e3d00000| Untracked 
|  62|0x00000000e3e00000, 0x00000000e3e00000, 0x00000000e3f00000|  0%| F|  |TAMS 0x00000000e3e00000, 0x00000000e3e00000| Untracked 
|  63|0x00000000e3f00000, 0x00000000e3f00000, 0x00000000e4000000|  0%| F|  |TAMS 0x00000000e3f00000, 0x00000000e3f00000| Untracked 
|  64|0x00000000e4000000, 0x00000000e4000000, 0x00000000e4100000|  0%| F|  |TAMS 0x00000000e4000000, 0x00000000e4000000| Untracked 
|  65|0x00000000e4100000, 0x00000000e4100000, 0x00000000e4200000|  0%| F|  |TAMS 0x00000000e4100000, 0x00000000e4100000| Untracked 
|  66|0x00000000e4200000, 0x00000000e4200000, 0x00000000e4300000|  0%| F|  |TAMS 0x00000000e4200000, 0x00000000e4200000| Untracked 
|  67|0x00000000e4300000, 0x00000000e4300000, 0x00000000e4400000|  0%| F|  |TAMS 0x00000000e4300000, 0x00000000e4300000| Untracked 
|  68|0x00000000e4400000, 0x00000000e4400000, 0x00000000e4500000|  0%| F|  |TAMS 0x00000000e4400000, 0x00000000e4400000| Untracked 
|  69|0x00000000e4500000, 0x00000000e4500000, 0x00000000e4600000|  0%| F|  |TAMS 0x00000000e4500000, 0x00000000e4500000| Untracked 
|  70|0x00000000e4600000, 0x00000000e4600000, 0x00000000e4700000|  0%| F|  |TAMS 0x00000000e4600000, 0x00000000e4600000| Untracked 
|  71|0x00000000e4700000, 0x00000000e4700000, 0x00000000e4800000|  0%| F|  |TAMS 0x00000000e4700000, 0x00000000e4700000| Untracked 
|  72|0x00000000e4800000, 0x00000000e4800000, 0x00000000e4900000|  0%| F|  |TAMS 0x00000000e4800000, 0x00000000e4800000| Untracked 
|  73|0x00000000e4900000, 0x00000000e4900000, 0x00000000e4a00000|  0%| F|  |TAMS 0x00000000e4900000, 0x00000000e4900000| Untracked 
|  74|0x00000000e4a00000, 0x00000000e4a00000, 0x00000000e4b00000|  0%| F|  |TAMS 0x00000000e4a00000, 0x00000000e4a00000| Untracked 
|  75|0x00000000e4b00000, 0x00000000e4b00000, 0x00000000e4c00000|  0%| F|  |TAMS 0x00000000e4b00000, 0x00000000e4b00000| Untracked 
|  76|0x00000000e4c00000, 0x00000000e4c00000, 0x00000000e4d00000|  0%| F|  |TAMS 0x00000000e4c00000, 0x00000000e4c00000| Untracked 
|  77|0x00000000e4d00000, 0x00000000e4d00000, 0x00000000e4e00000|  0%| F|  |TAMS 0x00000000e4d00000, 0x00000000e4d00000| Untracked 
|  78|0x00000000e4e00000, 0x00000000e4e00000, 0x00000000e4f00000|  0%| F|  |TAMS 0x00000000e4e00000, 0x00000000e4e00000| Untracked 
|  79|0x00000000e4f00000, 0x00000000e4f00000, 0x00000000e5000000|  0%| F|  |TAMS 0x00000000e4f00000, 0x00000000e4f00000| Untracked 
|  80|0x00000000e5000000, 0x00000000e5000000, 0x00000000e5100000|  0%| F|  |TAMS 0x00000000e5000000, 0x00000000e5000000| Untracked 
|  81|0x00000000e5100000, 0x00000000e5100000, 0x00000000e5200000|  0%| F|  |TAMS 0x00000000e5100000, 0x00000000e5100000| Untracked 
|  82|0x00000000e5200000, 0x00000000e5200000, 0x00000000e5300000|  0%| F|  |TAMS 0x00000000e5200000, 0x00000000e5200000| Untracked 
|  83|0x00000000e5300000, 0x00000000e5400000, 0x00000000e5400000|100%| S|CS|TAMS 0x00000000e5300000, 0x00000000e5300000| Complete 
|  84|0x00000000e5400000, 0x00000000e5500000, 0x00000000e5500000|100%| S|CS|TAMS 0x00000000e5400000, 0x00000000e5400000| Complete 
|  85|0x00000000e5500000, 0x00000000e5600000, 0x00000000e5600000|100%| S|CS|TAMS 0x00000000e5500000, 0x00000000e5500000| Complete 
|  86|0x00000000e5600000, 0x00000000e5700000, 0x00000000e5700000|100%| S|CS|TAMS 0x00000000e5600000, 0x00000000e5600000| Complete 
|  87|0x00000000e5700000, 0x00000000e5800000, 0x00000000e5800000|100%| S|CS|TAMS 0x00000000e5700000, 0x00000000e5700000| Complete 
|  88|0x00000000e5800000, 0x00000000e5900000, 0x00000000e5900000|100%| S|CS|TAMS 0x00000000e5800000, 0x00000000e5800000| Complete 
|  89|0x00000000e5900000, 0x00000000e5a00000, 0x00000000e5a00000|100%| S|CS|TAMS 0x00000000e5900000, 0x00000000e5900000| Complete 
|  90|0x00000000e5a00000, 0x00000000e5b00000, 0x00000000e5b00000|100%| S|CS|TAMS 0x00000000e5a00000, 0x00000000e5a00000| Complete 
|  91|0x00000000e5b00000, 0x00000000e5c00000, 0x00000000e5c00000|100%| S|CS|TAMS 0x00000000e5b00000, 0x00000000e5b00000| Complete 
|  92|0x00000000e5c00000, 0x00000000e5d00000, 0x00000000e5d00000|100%| S|CS|TAMS 0x00000000e5c00000, 0x00000000e5c00000| Complete 
|  93|0x00000000e5d00000, 0x00000000e5e00000, 0x00000000e5e00000|100%| S|CS|TAMS 0x00000000e5d00000, 0x00000000e5d00000| Complete 
|  94|0x00000000e5e00000, 0x00000000e5f00000, 0x00000000e5f00000|100%| S|CS|TAMS 0x00000000e5e00000, 0x00000000e5e00000| Complete 
|  95|0x00000000e5f00000, 0x00000000e6000000, 0x00000000e6000000|100%| S|CS|TAMS 0x00000000e5f00000, 0x00000000e5f00000| Complete 
|  96|0x00000000e6000000, 0x00000000e6100000, 0x00000000e6100000|100%| S|CS|TAMS 0x00000000e6000000, 0x00000000e6000000| Complete 
|  97|0x00000000e6100000, 0x00000000e6200000, 0x00000000e6200000|100%| S|CS|TAMS 0x00000000e6100000, 0x00000000e6100000| Complete 
|  98|0x00000000e6200000, 0x00000000e6300000, 0x00000000e6300000|100%| S|CS|TAMS 0x00000000e6200000, 0x00000000e6200000| Complete 
|  99|0x00000000e6300000, 0x00000000e6400000, 0x00000000e6400000|100%| S|CS|TAMS 0x00000000e6300000, 0x00000000e6300000| Complete 
| 100|0x00000000e6400000, 0x00000000e6500000, 0x00000000e6500000|100%| S|CS|TAMS 0x00000000e6400000, 0x00000000e6400000| Complete 
| 101|0x00000000e6500000, 0x00000000e6600000, 0x00000000e6600000|100%| S|CS|TAMS 0x00000000e6500000, 0x00000000e6500000| Complete 
| 102|0x00000000e6600000, 0x00000000e6700000, 0x00000000e6700000|100%| S|CS|TAMS 0x00000000e6600000, 0x00000000e6600000| Complete 
| 103|0x00000000e6700000, 0x00000000e6700000, 0x00000000e6800000|  0%| F|  |TAMS 0x00000000e6700000, 0x00000000e6700000| Untracked 
| 104|0x00000000e6800000, 0x00000000e6800000, 0x00000000e6900000|  0%| F|  |TAMS 0x00000000e6800000, 0x00000000e6800000| Untracked 
| 105|0x00000000e6900000, 0x00000000e6900000, 0x00000000e6a00000|  0%| F|  |TAMS 0x00000000e6900000, 0x00000000e6900000| Untracked 
| 106|0x00000000e6a00000, 0x00000000e6a00000, 0x00000000e6b00000|  0%| F|  |TAMS 0x00000000e6a00000, 0x00000000e6a00000| Untracked 
| 107|0x00000000e6b00000, 0x00000000e6b00000, 0x00000000e6c00000|  0%| F|  |TAMS 0x00000000e6b00000, 0x00000000e6b00000| Untracked 
| 108|0x00000000e6c00000, 0x00000000e6c00000, 0x00000000e6d00000|  0%| F|  |TAMS 0x00000000e6c00000, 0x00000000e6c00000| Untracked 
| 109|0x00000000e6d00000, 0x00000000e6d00000, 0x00000000e6e00000|  0%| F|  |TAMS 0x00000000e6d00000, 0x00000000e6d00000| Untracked 
| 110|0x00000000e6e00000, 0x00000000e6e00000, 0x00000000e6f00000|  0%| F|  |TAMS 0x00000000e6e00000, 0x00000000e6e00000| Untracked 
| 111|0x00000000e6f00000, 0x00000000e6f00000, 0x00000000e7000000|  0%| F|  |TAMS 0x00000000e6f00000, 0x00000000e6f00000| Untracked 
| 112|0x00000000e7000000, 0x00000000e7000000, 0x00000000e7100000|  0%| F|  |TAMS 0x00000000e7000000, 0x00000000e7000000| Untracked 
| 113|0x00000000e7100000, 0x00000000e7100000, 0x00000000e7200000|  0%| F|  |TAMS 0x00000000e7100000, 0x00000000e7100000| Untracked 
| 114|0x00000000e7200000, 0x00000000e7200000, 0x00000000e7300000|  0%| F|  |TAMS 0x00000000e7200000, 0x00000000e7200000| Untracked 
| 115|0x00000000e7300000, 0x00000000e7300000, 0x00000000e7400000|  0%| F|  |TAMS 0x00000000e7300000, 0x00000000e7300000| Untracked 
| 116|0x00000000e7400000, 0x00000000e7400000, 0x00000000e7500000|  0%| F|  |TAMS 0x00000000e7400000, 0x00000000e7400000| Untracked 
| 117|0x00000000e7500000, 0x00000000e7500000, 0x00000000e7600000|  0%| F|  |TAMS 0x00000000e7500000, 0x00000000e7500000| Untracked 
| 118|0x00000000e7600000, 0x00000000e7600000, 0x00000000e7700000|  0%| F|  |TAMS 0x00000000e7600000, 0x00000000e7600000| Untracked 
| 119|0x00000000e7700000, 0x00000000e7700000, 0x00000000e7800000|  0%| F|  |TAMS 0x00000000e7700000, 0x00000000e7700000| Untracked 
| 120|0x00000000e7800000, 0x00000000e7800000, 0x00000000e7900000|  0%| F|  |TAMS 0x00000000e7800000, 0x00000000e7800000| Untracked 
| 121|0x00000000e7900000, 0x00000000e7900000, 0x00000000e7a00000|  0%| F|  |TAMS 0x00000000e7900000, 0x00000000e7900000| Untracked 
| 122|0x00000000e7a00000, 0x00000000e7a00000, 0x00000000e7b00000|  0%| F|  |TAMS 0x00000000e7a00000, 0x00000000e7a00000| Untracked 
| 123|0x00000000e7b00000, 0x00000000e7b00000, 0x00000000e7c00000|  0%| F|  |TAMS 0x00000000e7b00000, 0x00000000e7b00000| Untracked 
| 124|0x00000000e7c00000, 0x00000000e7c00000, 0x00000000e7d00000|  0%| F|  |TAMS 0x00000000e7c00000, 0x00000000e7c00000| Untracked 
| 125|0x00000000e7d00000, 0x00000000e7d00000, 0x00000000e7e00000|  0%| F|  |TAMS 0x00000000e7d00000, 0x00000000e7d00000| Untracked 
| 126|0x00000000e7e00000, 0x00000000e7e00000, 0x00000000e7f00000|  0%| F|  |TAMS 0x00000000e7e00000, 0x00000000e7e00000| Untracked 
| 127|0x00000000e7f00000, 0x00000000e7f00000, 0x00000000e8000000|  0%| F|  |TAMS 0x00000000e7f00000, 0x00000000e7f00000| Untracked 
| 128|0x00000000e8000000, 0x00000000e8000000, 0x00000000e8100000|  0%| F|  |TAMS 0x00000000e8000000, 0x00000000e8000000| Untracked 
| 129|0x00000000e8100000, 0x00000000e8100000, 0x00000000e8200000|  0%| F|  |TAMS 0x00000000e8100000, 0x00000000e8100000| Untracked 
| 130|0x00000000e8200000, 0x00000000e8200000, 0x00000000e8300000|  0%| F|  |TAMS 0x00000000e8200000, 0x00000000e8200000| Untracked 
| 131|0x00000000e8300000, 0x00000000e8300000, 0x00000000e8400000|  0%| F|  |TAMS 0x00000000e8300000, 0x00000000e8300000| Untracked 
| 132|0x00000000e8400000, 0x00000000e8400000, 0x00000000e8500000|  0%| F|  |TAMS 0x00000000e8400000, 0x00000000e8400000| Untracked 
| 133|0x00000000e8500000, 0x00000000e8500000, 0x00000000e8600000|  0%| F|  |TAMS 0x00000000e8500000, 0x00000000e8500000| Untracked 
| 134|0x00000000e8600000, 0x00000000e8600000, 0x00000000e8700000|  0%| F|  |TAMS 0x00000000e8600000, 0x00000000e8600000| Untracked 
| 135|0x00000000e8700000, 0x00000000e8700000, 0x00000000e8800000|  0%| F|  |TAMS 0x00000000e8700000, 0x00000000e8700000| Untracked 
| 136|0x00000000e8800000, 0x00000000e8800000, 0x00000000e8900000|  0%| F|  |TAMS 0x00000000e8800000, 0x00000000e8800000| Untracked 
| 137|0x00000000e8900000, 0x00000000e8900000, 0x00000000e8a00000|  0%| F|  |TAMS 0x00000000e8900000, 0x00000000e8900000| Untracked 
| 138|0x00000000e8a00000, 0x00000000e8a00000, 0x00000000e8b00000|  0%| F|  |TAMS 0x00000000e8a00000, 0x00000000e8a00000| Untracked 
| 139|0x00000000e8b00000, 0x00000000e8b00000, 0x00000000e8c00000|  0%| F|  |TAMS 0x00000000e8b00000, 0x00000000e8b00000| Untracked 
| 140|0x00000000e8c00000, 0x00000000e8c00000, 0x00000000e8d00000|  0%| F|  |TAMS 0x00000000e8c00000, 0x00000000e8c00000| Untracked 
| 141|0x00000000e8d00000, 0x00000000e8d00000, 0x00000000e8e00000|  0%| F|  |TAMS 0x00000000e8d00000, 0x00000000e8d00000| Untracked 
| 142|0x00000000e8e00000, 0x00000000e8e00000, 0x00000000e8f00000|  0%| F|  |TAMS 0x00000000e8e00000, 0x00000000e8e00000| Untracked 
| 143|0x00000000e8f00000, 0x00000000e8f00000, 0x00000000e9000000|  0%| F|  |TAMS 0x00000000e8f00000, 0x00000000e8f00000| Untracked 
| 144|0x00000000e9000000, 0x00000000e9000000, 0x00000000e9100000|  0%| F|  |TAMS 0x00000000e9000000, 0x00000000e9000000| Untracked 
| 145|0x00000000e9100000, 0x00000000e9100000, 0x00000000e9200000|  0%| F|  |TAMS 0x00000000e9100000, 0x00000000e9100000| Untracked 
| 146|0x00000000e9200000, 0x00000000e9200000, 0x00000000e9300000|  0%| F|  |TAMS 0x00000000e9200000, 0x00000000e9200000| Untracked 
| 147|0x00000000e9300000, 0x00000000e9300000, 0x00000000e9400000|  0%| F|  |TAMS 0x00000000e9300000, 0x00000000e9300000| Untracked 
| 148|0x00000000e9400000, 0x00000000e9400000, 0x00000000e9500000|  0%| F|  |TAMS 0x00000000e9400000, 0x00000000e9400000| Untracked 
| 149|0x00000000e9500000, 0x00000000e9500000, 0x00000000e9600000|  0%| F|  |TAMS 0x00000000e9500000, 0x00000000e9500000| Untracked 
| 150|0x00000000e9600000, 0x00000000e9600000, 0x00000000e9700000|  0%| F|  |TAMS 0x00000000e9600000, 0x00000000e9600000| Untracked 
| 151|0x00000000e9700000, 0x00000000e9700000, 0x00000000e9800000|  0%| F|  |TAMS 0x00000000e9700000, 0x00000000e9700000| Untracked 
| 152|0x00000000e9800000, 0x00000000e9800000, 0x00000000e9900000|  0%| F|  |TAMS 0x00000000e9800000, 0x00000000e9800000| Untracked 
| 153|0x00000000e9900000, 0x00000000e9900000, 0x00000000e9a00000|  0%| F|  |TAMS 0x00000000e9900000, 0x00000000e9900000| Untracked 
| 154|0x00000000e9a00000, 0x00000000e9a00000, 0x00000000e9b00000|  0%| F|  |TAMS 0x00000000e9a00000, 0x00000000e9a00000| Untracked 
| 155|0x00000000e9b00000, 0x00000000e9b00000, 0x00000000e9c00000|  0%| F|  |TAMS 0x00000000e9b00000, 0x00000000e9b00000| Untracked 
| 156|0x00000000e9c00000, 0x00000000e9c00000, 0x00000000e9d00000|  0%| F|  |TAMS 0x00000000e9c00000, 0x00000000e9c00000| Untracked 
| 157|0x00000000e9d00000, 0x00000000e9d00000, 0x00000000e9e00000|  0%| F|  |TAMS 0x00000000e9d00000, 0x00000000e9d00000| Untracked 
| 158|0x00000000e9e00000, 0x00000000e9e00000, 0x00000000e9f00000|  0%| F|  |TAMS 0x00000000e9e00000, 0x00000000e9e00000| Untracked 
| 159|0x00000000e9f00000, 0x00000000e9f00000, 0x00000000ea000000|  0%| F|  |TAMS 0x00000000e9f00000, 0x00000000e9f00000| Untracked 
| 160|0x00000000ea000000, 0x00000000ea000000, 0x00000000ea100000|  0%| F|  |TAMS 0x00000000ea000000, 0x00000000ea000000| Untracked 
| 161|0x00000000ea100000, 0x00000000ea100000, 0x00000000ea200000|  0%| F|  |TAMS 0x00000000ea100000, 0x00000000ea100000| Untracked 
| 162|0x00000000ea200000, 0x00000000ea200000, 0x00000000ea300000|  0%| F|  |TAMS 0x00000000ea200000, 0x00000000ea200000| Untracked 
| 163|0x00000000ea300000, 0x00000000ea300000, 0x00000000ea400000|  0%| F|  |TAMS 0x00000000ea300000, 0x00000000ea300000| Untracked 
| 164|0x00000000ea400000, 0x00000000ea400000, 0x00000000ea500000|  0%| F|  |TAMS 0x00000000ea400000, 0x00000000ea400000| Untracked 
| 165|0x00000000ea500000, 0x00000000ea500000, 0x00000000ea600000|  0%| F|  |TAMS 0x00000000ea500000, 0x00000000ea500000| Untracked 
| 166|0x00000000ea600000, 0x00000000ea600000, 0x00000000ea700000|  0%| F|  |TAMS 0x00000000ea600000, 0x00000000ea600000| Untracked 
| 167|0x00000000ea700000, 0x00000000ea700000, 0x00000000ea800000|  0%| F|  |TAMS 0x00000000ea700000, 0x00000000ea700000| Untracked 
| 168|0x00000000ea800000, 0x00000000ea800000, 0x00000000ea900000|  0%| F|  |TAMS 0x00000000ea800000, 0x00000000ea800000| Untracked 
| 169|0x00000000ea900000, 0x00000000ea900000, 0x00000000eaa00000|  0%| F|  |TAMS 0x00000000ea900000, 0x00000000ea900000| Untracked 
| 170|0x00000000eaa00000, 0x00000000eaa00000, 0x00000000eab00000|  0%| F|  |TAMS 0x00000000eaa00000, 0x00000000eaa00000| Untracked 
| 171|0x00000000eab00000, 0x00000000eab00000, 0x00000000eac00000|  0%| F|  |TAMS 0x00000000eab00000, 0x00000000eab00000| Untracked 
| 172|0x00000000eac00000, 0x00000000eac00000, 0x00000000ead00000|  0%| F|  |TAMS 0x00000000eac00000, 0x00000000eac00000| Untracked 
| 173|0x00000000ead00000, 0x00000000ead00000, 0x00000000eae00000|  0%| F|  |TAMS 0x00000000ead00000, 0x00000000ead00000| Untracked 
| 174|0x00000000eae00000, 0x00000000eae00000, 0x00000000eaf00000|  0%| F|  |TAMS 0x00000000eae00000, 0x00000000eae00000| Untracked 
| 175|0x00000000eaf00000, 0x00000000eaf00000, 0x00000000eb000000|  0%| F|  |TAMS 0x00000000eaf00000, 0x00000000eaf00000| Untracked 
| 176|0x00000000eb000000, 0x00000000eb000000, 0x00000000eb100000|  0%| F|  |TAMS 0x00000000eb000000, 0x00000000eb000000| Untracked 
| 177|0x00000000eb100000, 0x00000000eb100000, 0x00000000eb200000|  0%| F|  |TAMS 0x00000000eb100000, 0x00000000eb100000| Untracked 
| 178|0x00000000eb200000, 0x00000000eb200000, 0x00000000eb300000|  0%| F|  |TAMS 0x00000000eb200000, 0x00000000eb200000| Untracked 
| 179|0x00000000eb300000, 0x00000000eb300000, 0x00000000eb400000|  0%| F|  |TAMS 0x00000000eb300000, 0x00000000eb300000| Untracked 
| 180|0x00000000eb400000, 0x00000000eb400000, 0x00000000eb500000|  0%| F|  |TAMS 0x00000000eb400000, 0x00000000eb400000| Untracked 
| 181|0x00000000eb500000, 0x00000000eb500000, 0x00000000eb600000|  0%| F|  |TAMS 0x00000000eb500000, 0x00000000eb500000| Untracked 
| 182|0x00000000eb600000, 0x00000000eb600000, 0x00000000eb700000|  0%| F|  |TAMS 0x00000000eb600000, 0x00000000eb600000| Untracked 
| 183|0x00000000eb700000, 0x00000000eb700000, 0x00000000eb800000|  0%| F|  |TAMS 0x00000000eb700000, 0x00000000eb700000| Untracked 
| 184|0x00000000eb800000, 0x00000000eb800000, 0x00000000eb900000|  0%| F|  |TAMS 0x00000000eb800000, 0x00000000eb800000| Untracked 
| 185|0x00000000eb900000, 0x00000000eb900000, 0x00000000eba00000|  0%| F|  |TAMS 0x00000000eb900000, 0x00000000eb900000| Untracked 
| 186|0x00000000eba00000, 0x00000000eba00000, 0x00000000ebb00000|  0%| F|  |TAMS 0x00000000eba00000, 0x00000000eba00000| Untracked 
| 187|0x00000000ebb00000, 0x00000000ebb00000, 0x00000000ebc00000|  0%| F|  |TAMS 0x00000000ebb00000, 0x00000000ebb00000| Untracked 
| 188|0x00000000ebc00000, 0x00000000ebc00000, 0x00000000ebd00000|  0%| F|  |TAMS 0x00000000ebc00000, 0x00000000ebc00000| Untracked 
| 189|0x00000000ebd00000, 0x00000000ebd00000, 0x00000000ebe00000|  0%| F|  |TAMS 0x00000000ebd00000, 0x00000000ebd00000| Untracked 
| 190|0x00000000ebe00000, 0x00000000ebe00000, 0x00000000ebf00000|  0%| F|  |TAMS 0x00000000ebe00000, 0x00000000ebe00000| Untracked 
| 191|0x00000000ebf00000, 0x00000000ebf00000, 0x00000000ec000000|  0%| F|  |TAMS 0x00000000ebf00000, 0x00000000ebf00000| Untracked 
| 192|0x00000000ec000000, 0x00000000ec000000, 0x00000000ec100000|  0%| F|  |TAMS 0x00000000ec000000, 0x00000000ec000000| Untracked 
| 193|0x00000000ec100000, 0x00000000ec100000, 0x00000000ec200000|  0%| F|  |TAMS 0x00000000ec100000, 0x00000000ec100000| Untracked 
| 194|0x00000000ec200000, 0x00000000ec200000, 0x00000000ec300000|  0%| F|  |TAMS 0x00000000ec200000, 0x00000000ec200000| Untracked 
| 195|0x00000000ec300000, 0x00000000ec300000, 0x00000000ec400000|  0%| F|  |TAMS 0x00000000ec300000, 0x00000000ec300000| Untracked 
| 196|0x00000000ec400000, 0x00000000ec400000, 0x00000000ec500000|  0%| F|  |TAMS 0x00000000ec400000, 0x00000000ec400000| Untracked 
| 197|0x00000000ec500000, 0x00000000ec500000, 0x00000000ec600000|  0%| F|  |TAMS 0x00000000ec500000, 0x00000000ec500000| Untracked 
| 198|0x00000000ec600000, 0x00000000ec600000, 0x00000000ec700000|  0%| F|  |TAMS 0x00000000ec600000, 0x00000000ec600000| Untracked 
| 199|0x00000000ec700000, 0x00000000ec700000, 0x00000000ec800000|  0%| F|  |TAMS 0x00000000ec700000, 0x00000000ec700000| Untracked 
| 200|0x00000000ec800000, 0x00000000ec800000, 0x00000000ec900000|  0%| F|  |TAMS 0x00000000ec800000, 0x00000000ec800000| Untracked 
| 201|0x00000000ec900000, 0x00000000ec900000, 0x00000000eca00000|  0%| F|  |TAMS 0x00000000ec900000, 0x00000000ec900000| Untracked 
| 202|0x00000000eca00000, 0x00000000eca00000, 0x00000000ecb00000|  0%| F|  |TAMS 0x00000000eca00000, 0x00000000eca00000| Untracked 
| 203|0x00000000ecb00000, 0x00000000ecb00000, 0x00000000ecc00000|  0%| F|  |TAMS 0x00000000ecb00000, 0x00000000ecb00000| Untracked 
| 204|0x00000000ecc00000, 0x00000000ecc00000, 0x00000000ecd00000|  0%| F|  |TAMS 0x00000000ecc00000, 0x00000000ecc00000| Untracked 
| 205|0x00000000ecd00000, 0x00000000ecd00000, 0x00000000ece00000|  0%| F|  |TAMS 0x00000000ecd00000, 0x00000000ecd00000| Untracked 
| 206|0x00000000ece00000, 0x00000000ece00000, 0x00000000ecf00000|  0%| F|  |TAMS 0x00000000ece00000, 0x00000000ece00000| Untracked 
| 207|0x00000000ecf00000, 0x00000000ecf00000, 0x00000000ed000000|  0%| F|  |TAMS 0x00000000ecf00000, 0x00000000ecf00000| Untracked 
| 208|0x00000000ed000000, 0x00000000ed000000, 0x00000000ed100000|  0%| F|  |TAMS 0x00000000ed000000, 0x00000000ed000000| Untracked 
| 209|0x00000000ed100000, 0x00000000ed100000, 0x00000000ed200000|  0%| F|  |TAMS 0x00000000ed100000, 0x00000000ed100000| Untracked 
| 210|0x00000000ed200000, 0x00000000ed200000, 0x00000000ed300000|  0%| F|  |TAMS 0x00000000ed200000, 0x00000000ed200000| Untracked 
| 211|0x00000000ed300000, 0x00000000ed300000, 0x00000000ed400000|  0%| F|  |TAMS 0x00000000ed300000, 0x00000000ed300000| Untracked 
| 212|0x00000000ed400000, 0x00000000ed400000, 0x00000000ed500000|  0%| F|  |TAMS 0x00000000ed400000, 0x00000000ed400000| Untracked 
| 213|0x00000000ed500000, 0x00000000ed500000, 0x00000000ed600000|  0%| F|  |TAMS 0x00000000ed500000, 0x00000000ed500000| Untracked 
| 214|0x00000000ed600000, 0x00000000ed600000, 0x00000000ed700000|  0%| F|  |TAMS 0x00000000ed600000, 0x00000000ed600000| Untracked 
| 215|0x00000000ed700000, 0x00000000ed700000, 0x00000000ed800000|  0%| F|  |TAMS 0x00000000ed700000, 0x00000000ed700000| Untracked 
| 216|0x00000000ed800000, 0x00000000ed800000, 0x00000000ed900000|  0%| F|  |TAMS 0x00000000ed800000, 0x00000000ed800000| Untracked 
| 217|0x00000000ed900000, 0x00000000ed900000, 0x00000000eda00000|  0%| F|  |TAMS 0x00000000ed900000, 0x00000000ed900000| Untracked 
| 218|0x00000000eda00000, 0x00000000eda00000, 0x00000000edb00000|  0%| F|  |TAMS 0x00000000eda00000, 0x00000000eda00000| Untracked 
| 219|0x00000000edb00000, 0x00000000edb00000, 0x00000000edc00000|  0%| F|  |TAMS 0x00000000edb00000, 0x00000000edb00000| Untracked 
| 220|0x00000000edc00000, 0x00000000edc00000, 0x00000000edd00000|  0%| F|  |TAMS 0x00000000edc00000, 0x00000000edc00000| Untracked 
| 221|0x00000000edd00000, 0x00000000edd00000, 0x00000000ede00000|  0%| F|  |TAMS 0x00000000edd00000, 0x00000000edd00000| Untracked 
| 222|0x00000000ede00000, 0x00000000ede00000, 0x00000000edf00000|  0%| F|  |TAMS 0x00000000ede00000, 0x00000000ede00000| Untracked 
| 223|0x00000000edf00000, 0x00000000edf00000, 0x00000000ee000000|  0%| F|  |TAMS 0x00000000edf00000, 0x00000000edf00000| Untracked 
| 224|0x00000000ee000000, 0x00000000ee000000, 0x00000000ee100000|  0%| F|  |TAMS 0x00000000ee000000, 0x00000000ee000000| Untracked 
| 225|0x00000000ee100000, 0x00000000ee100000, 0x00000000ee200000|  0%| F|  |TAMS 0x00000000ee100000, 0x00000000ee100000| Untracked 
| 226|0x00000000ee200000, 0x00000000ee200000, 0x00000000ee300000|  0%| F|  |TAMS 0x00000000ee200000, 0x00000000ee200000| Untracked 
| 227|0x00000000ee300000, 0x00000000ee300000, 0x00000000ee400000|  0%| F|  |TAMS 0x00000000ee300000, 0x00000000ee300000| Untracked 
| 228|0x00000000ee400000, 0x00000000ee400000, 0x00000000ee500000|  0%| F|  |TAMS 0x00000000ee400000, 0x00000000ee400000| Untracked 
| 229|0x00000000ee500000, 0x00000000ee500000, 0x00000000ee600000|  0%| F|  |TAMS 0x00000000ee500000, 0x00000000ee500000| Untracked 
| 230|0x00000000ee600000, 0x00000000ee600000, 0x00000000ee700000|  0%| F|  |TAMS 0x00000000ee600000, 0x00000000ee600000| Untracked 
| 231|0x00000000ee700000, 0x00000000ee700000, 0x00000000ee800000|  0%| F|  |TAMS 0x00000000ee700000, 0x00000000ee700000| Untracked 
| 232|0x00000000ee800000, 0x00000000ee800000, 0x00000000ee900000|  0%| F|  |TAMS 0x00000000ee800000, 0x00000000ee800000| Untracked 
| 233|0x00000000ee900000, 0x00000000ee900000, 0x00000000eea00000|  0%| F|  |TAMS 0x00000000ee900000, 0x00000000ee900000| Untracked 
| 234|0x00000000eea00000, 0x00000000eea00000, 0x00000000eeb00000|  0%| F|  |TAMS 0x00000000eea00000, 0x00000000eea00000| Untracked 
| 235|0x00000000eeb00000, 0x00000000eeb00000, 0x00000000eec00000|  0%| F|  |TAMS 0x00000000eeb00000, 0x00000000eeb00000| Untracked 
| 236|0x00000000eec00000, 0x00000000eec00000, 0x00000000eed00000|  0%| F|  |TAMS 0x00000000eec00000, 0x00000000eec00000| Untracked 
| 237|0x00000000eed00000, 0x00000000eed00000, 0x00000000eee00000|  0%| F|  |TAMS 0x00000000eed00000, 0x00000000eed00000| Untracked 
| 238|0x00000000eee00000, 0x00000000eeeb8818, 0x00000000eef00000| 72%| E|  |TAMS 0x00000000eee00000, 0x00000000eee00000| Complete 
| 239|0x00000000eef00000, 0x00000000ef000000, 0x00000000ef000000|100%| E|CS|TAMS 0x00000000eef00000, 0x00000000eef00000| Complete 
| 240|0x00000000ef000000, 0x00000000ef100000, 0x00000000ef100000|100%| E|CS|TAMS 0x00000000ef000000, 0x00000000ef000000| Complete 
| 241|0x00000000ef100000, 0x00000000ef200000, 0x00000000ef200000|100%| E|CS|TAMS 0x00000000ef100000, 0x00000000ef100000| Complete 
| 242|0x00000000ef200000, 0x00000000ef300000, 0x00000000ef300000|100%| E|CS|TAMS 0x00000000ef200000, 0x00000000ef200000| Complete 
| 243|0x00000000ef300000, 0x00000000ef400000, 0x00000000ef400000|100%| E|CS|TAMS 0x00000000ef300000, 0x00000000ef300000| Complete 
| 244|0x00000000ef400000, 0x00000000ef500000, 0x00000000ef500000|100%| E|CS|TAMS 0x00000000ef400000, 0x00000000ef400000| Complete 
| 245|0x00000000ef500000, 0x00000000ef600000, 0x00000000ef600000|100%| E|CS|TAMS 0x00000000ef500000, 0x00000000ef500000| Complete 
| 246|0x00000000ef600000, 0x00000000ef700000, 0x00000000ef700000|100%| E|CS|TAMS 0x00000000ef600000, 0x00000000ef600000| Complete 
| 247|0x00000000ef700000, 0x00000000ef800000, 0x00000000ef800000|100%| E|CS|TAMS 0x00000000ef700000, 0x00000000ef700000| Complete 
| 248|0x00000000ef800000, 0x00000000ef900000, 0x00000000ef900000|100%| E|CS|TAMS 0x00000000ef800000, 0x00000000ef800000| Complete 
| 249|0x00000000ef900000, 0x00000000efa00000, 0x00000000efa00000|100%| E|CS|TAMS 0x00000000ef900000, 0x00000000ef900000| Complete 
| 250|0x00000000efa00000, 0x00000000efb00000, 0x00000000efb00000|100%| E|CS|TAMS 0x00000000efa00000, 0x00000000efa00000| Complete 
| 251|0x00000000efb00000, 0x00000000efc00000, 0x00000000efc00000|100%| E|CS|TAMS 0x00000000efb00000, 0x00000000efb00000| Complete 
| 252|0x00000000efc00000, 0x00000000efd00000, 0x00000000efd00000|100%| E|CS|TAMS 0x00000000efc00000, 0x00000000efc00000| Complete 
| 253|0x00000000efd00000, 0x00000000efe00000, 0x00000000efe00000|100%| E|CS|TAMS 0x00000000efd00000, 0x00000000efd00000| Complete 
| 254|0x00000000efe00000, 0x00000000eff00000, 0x00000000eff00000|100%| E|CS|TAMS 0x00000000efe00000, 0x00000000efe00000| Complete 
| 255|0x00000000eff00000, 0x00000000f0000000, 0x00000000f0000000|100%| E|CS|TAMS 0x00000000eff00000, 0x00000000eff00000| Complete 

Card table byte_map: [0x0000027ae0ba0000,0x0000027ae0ca0000] _byte_map_base: 0x0000027ae04a0000

Marking Bits (Prev, Next): (CMBitMap*) 0x0000027ac70e4820, (CMBitMap*) 0x0000027ac70e4860
 Prev Bits: [0x0000027ae0da0000, 0x0000027ae15a0000)
 Next Bits: [0x0000027ae15a0000, 0x0000027ae1da0000)

Polling page: 0x0000027ac71a0000

Metaspace:

Usage:
  Non-class:     46.99 MB used.
      Class:      7.40 MB used.
       Both:     54.39 MB used.

Virtual space:
  Non-class space:       48.00 MB reserved,      47.25 MB ( 98%) committed,  6 nodes.
      Class space:      208.00 MB reserved,       7.62 MB (  4%) committed,  1 nodes.
              Both:      256.00 MB reserved,      54.88 MB ( 21%) committed. 

Chunk freelists:
   Non-Class:  752.00 KB
       Class:  400.00 KB
        Both:  1.12 MB

MaxMetaspaceSize: 256.00 MB
CompressedClassSpaceSize: 208.00 MB
 - commit_granule_bytes: 65536.
 - commit_granule_words: 8192.
 - virtual_space_node_default_size: 1048576.
 - enlarge_chunks_in_place: 1.
 - new_chunks_are_fully_committed: 0.
 - uncommit_free_chunks: 1.
 - use_allocation_guard: 0.
 - handle_deallocations: 1.


Internal statistics:

num_allocs_failed_limit: 6.
num_arena_births: 588.
num_arena_deaths: 0.
num_vsnodes_births: 7.
num_vsnodes_deaths: 0.
num_space_committed: 878.
num_space_uncommitted: 0.
num_chunks_returned_to_freelist: 6.
num_chunks_taken_from_freelist: 2770.
num_chunk_merges: 6.
num_chunk_splits: 1828.
num_chunks_enlarged: 1241.
num_purges: 0.

CodeHeap 'non-profiled nmethods': size=120000Kb used=2873Kb max_used=3349Kb free=117126Kb
 bounds [0x0000027ad8d30000, 0x0000027ad9080000, 0x0000027ae0260000]
CodeHeap 'profiled nmethods': size=120000Kb used=10329Kb max_used=11540Kb free=109670Kb
 bounds [0x0000027ad1800000, 0x0000027ad2350000, 0x0000027ad8d30000]
CodeHeap 'non-nmethods': size=5760Kb used=2352Kb max_used=2438Kb free=3408Kb
 bounds [0x0000027ad1260000, 0x0000027ad14e0000, 0x0000027ad1800000]
 total_blobs=6118 nmethods=5250 adapters=780
 compilation: enabled
              stopped_count=0, restarted_count=0
 full_count=0

Compilation events (20 events):
Event: 129.855 Thread 0x0000027ae45b9a50 6076       3       kotlin.reflect.jvm.internal.impl.name.FqNameUnsafe::asString (13 bytes)
Event: 129.855 Thread 0x0000027ae45b9a50 nmethod 6076 0x0000027ad1ca9410 code [0x0000027ad1ca95c0, 0x0000027ad1ca9748]
Event: 129.855 Thread 0x0000027ae45b9a50 6077       3       kotlin.reflect.jvm.internal.impl.name.Name::asString (13 bytes)
Event: 129.855 Thread 0x0000027ae45b9a50 nmethod 6077 0x0000027ad1ca9010 code [0x0000027ad1ca91c0, 0x0000027ad1ca9348]
Event: 129.856 Thread 0x0000027ae45bc560 6078       4       java.lang.invoke.MethodHandleNatives::refKindIsField (32 bytes)
Event: 129.856 Thread 0x0000027ae45bc560 nmethod 6078 0x0000027ad8e34910 code [0x0000027ad8e34a80, 0x0000027ad8e34af8]
Event: 129.858 Thread 0x0000027ae45b9a50 6079       1       org.gradle.launcher.daemon.server.health.gc.GarbageCollectionEvent::getCount (5 bytes)
Event: 129.858 Thread 0x0000027ae45b9a50 nmethod 6079 0x0000027ad8e34610 code [0x0000027ad8e347a0, 0x0000027ad8e34878]
Event: 129.859 Thread 0x0000027ae45bc560 6080       4       org.gradle.internal.logging.text.AbstractLineChoppingStyledTextOutput$1::execute (9 bytes)
Event: 129.859 Thread 0x0000027ae45b9a50 6083       3       java.util.regex.Matcher::start (65 bytes)
Event: 129.859 Thread 0x0000027ae45b9a50 nmethod 6083 0x0000027ad1d7ef90 code [0x0000027ad1d7f1e0, 0x0000027ad1d7fa48]
Event: 129.862 Thread 0x0000027ae45b9a50 6087       3       org.gradle.internal.file.DefaultFileHierarchySet$Node::isChildOfOrThis (110 bytes)
Event: 129.863 Thread 0x0000027ae45bc560 nmethod 6080 0x0000027ad8ddda90 code [0x0000027ad8dddc80, 0x0000027ad8dde308]
Event: 129.863 Thread 0x0000027ae45bc560 6081       4       org.gradle.internal.logging.text.AbstractLineChoppingStyledTextOutput$1::execute (130 bytes)
Event: 129.863 Thread 0x0000027ae45b9a50 nmethod 6087 0x0000027ad1907090 code [0x0000027ad19073c0, 0x0000027ad1908998]
Event: 129.863 Thread 0x0000027ae45b9a50 6088       3       org.gradle.internal.file.DefaultFileHierarchySet$Node::contains (101 bytes)
Event: 129.863 Thread 0x0000027ae512ce00 6082       4       org.gradle.internal.logging.text.AbstractLineChoppingStyledTextOutput$2::execute (73 bytes)
Event: 129.864 Thread 0x0000027ae45b9a50 nmethod 6088 0x0000027ad18d0790 code [0x0000027ad18d09e0, 0x0000027ad18d13d8]
Event: 129.864 Thread 0x0000027ae45b9a50 6089       3       org.gradle.internal.file.DefaultFileHierarchySet$PrefixFileSet::contains (10 bytes)
Event: 129.864 Thread 0x0000027ae45b9a50 nmethod 6089 0x0000027ad1ca8c10 code [0x0000027ad1ca8dc0, 0x0000027ad1ca8f28]

GC Heap History (10 events):
Event: 0.406 GC heap before
{Heap before GC invocations=0 (full 0):
 garbage-first heap   total 262144K, used 26624K [0x00000000e0000000, 0x0000000100000000)
  region size 1024K, 21 young (21504K), 0 survivors (0K)
 Metaspace       used 3167K, committed 3328K, reserved 221184K
  class space    used 380K, committed 448K, reserved 212992K
}
Event: 0.408 GC heap after
{Heap after GC invocations=1 (full 0):
 garbage-first heap   total 262144K, used 9512K [0x00000000e0000000, 0x0000000100000000)
  region size 1024K, 3 young (3072K), 3 survivors (3072K)
 Metaspace       used 3167K, committed 3328K, reserved 221184K
  class space    used 380K, committed 448K, reserved 212992K
}
Event: 0.643 GC heap before
{Heap before GC invocations=1 (full 0):
 garbage-first heap   total 262144K, used 33064K [0x00000000e0000000, 0x0000000100000000)
  region size 1024K, 26 young (26624K), 3 survivors (3072K)
 Metaspace       used 4119K, committed 4288K, reserved 221184K
  class space    used 480K, committed 576K, reserved 212992K
}
Event: 0.645 GC heap after
{Heap after GC invocations=2 (full 0):
 garbage-first heap   total 262144K, used 10023K [0x00000000e0000000, 0x0000000100000000)
  region size 1024K, 1 young (1024K), 1 survivors (1024K)
 Metaspace       used 4119K, committed 4288K, reserved 221184K
  class space    used 480K, committed 576K, reserved 212992K
}
Event: 2.037 GC heap before
{Heap before GC invocations=2 (full 0):
 garbage-first heap   total 262144K, used 121639K [0x00000000e0000000, 0x0000000100000000)
  region size 1024K, 111 young (113664K), 1 survivors (1024K)
 Metaspace       used 20977K, committed 21248K, reserved 237568K
  class space    used 3034K, committed 3200K, reserved 212992K
}
Event: 2.044 GC heap after
{Heap after GC invocations=3 (full 0):
 garbage-first heap   total 262144K, used 19962K [0x00000000e0000000, 0x0000000100000000)
  region size 1024K, 11 young (11264K), 11 survivors (11264K)
 Metaspace       used 20977K, committed 21248K, reserved 237568K
  class space    used 3034K, committed 3200K, reserved 212992K
}
Event: 2.984 GC heap before
{Heap before GC invocations=4 (full 0):
 garbage-first heap   total 262144K, used 120314K [0x00000000e0000000, 0x0000000100000000)
  region size 1024K, 107 young (109568K), 11 survivors (11264K)
 Metaspace       used 35158K, committed 35520K, reserved 245760K
  class space    used 4649K, committed 4864K, reserved 212992K
}
Event: 2.991 GC heap after
{Heap after GC invocations=5 (full 0):
 garbage-first heap   total 262144K, used 29009K [0x00000000e0000000, 0x0000000100000000)
  region size 1024K, 19 young (19456K), 19 survivors (19456K)
 Metaspace       used 35158K, committed 35520K, reserved 245760K
  class space    used 4649K, committed 4864K, reserved 212992K
}
Event: 4.928 GC heap before
{Heap before GC invocations=6 (full 0):
 garbage-first heap   total 262144K, used 165201K [0x00000000e0000000, 0x0000000100000000)
  region size 1024K, 153 young (156672K), 19 survivors (19456K)
 Metaspace       used 53608K, committed 54080K, reserved 262144K
  class space    used 7290K, committed 7488K, reserved 212992K
}
Event: 4.943 GC heap after
{Heap after GC invocations=7 (full 0):
 garbage-first heap   total 262144K, used 45040K [0x00000000e0000000, 0x0000000100000000)
  region size 1024K, 20 young (20480K), 20 survivors (20480K)
 Metaspace       used 53608K, committed 54080K, reserved 262144K
  class space    used 7290K, committed 7488K, reserved 212992K
}

Deoptimization events (20 events):
Event: 129.818 Thread 0x0000027aeaf46070 Uncommon trap: trap_request=0xffffff45 fr.pc=0x0000027ad8d7844c relative=0x000000000000004c
Event: 129.818 Thread 0x0000027ae74db840 Uncommon trap: trap_request=0xffffff45 fr.pc=0x0000027ad8d7844c relative=0x000000000000004c
Event: 129.818 Thread 0x0000027ae74d4e00 Uncommon trap: trap_request=0xffffff45 fr.pc=0x0000027ad8d7844c relative=0x000000000000004c
Event: 129.818 Thread 0x0000027aeaf465c0 Uncommon trap: trap_request=0xffffff45 fr.pc=0x0000027ad8d7844c relative=0x000000000000004c
Event: 129.818 Thread 0x0000027aeaf44090 Uncommon trap: trap_request=0xffffff45 fr.pc=0x0000027ad8d7844c relative=0x000000000000004c
Event: 129.818 Thread 0x0000027aeaf46070 Uncommon trap: reason=unstable_if action=reinterpret pc=0x0000027ad8d7844c method=java.lang.Thread.interrupted()Z @ 10 c2
Event: 129.818 Thread 0x0000027ae74db840 Uncommon trap: reason=unstable_if action=reinterpret pc=0x0000027ad8d7844c method=java.lang.Thread.interrupted()Z @ 10 c2
Event: 129.818 Thread 0x0000027ae74d4e00 Uncommon trap: reason=unstable_if action=reinterpret pc=0x0000027ad8d7844c method=java.lang.Thread.interrupted()Z @ 10 c2
Event: 129.818 Thread 0x0000027aeaf465c0 Uncommon trap: reason=unstable_if action=reinterpret pc=0x0000027ad8d7844c method=java.lang.Thread.interrupted()Z @ 10 c2
Event: 129.818 Thread 0x0000027aeaf44090 Uncommon trap: reason=unstable_if action=reinterpret pc=0x0000027ad8d7844c method=java.lang.Thread.interrupted()Z @ 10 c2
Event: 129.818 Thread 0x0000027ae74db840 DEOPT PACKING pc=0x0000027ad8d7844c sp=0x000000cb18ffef00
Event: 129.818 Thread 0x0000027aeaf46070 DEOPT PACKING pc=0x0000027ad8d7844c sp=0x000000cb192ff0c0
Event: 129.818 Thread 0x0000027ae74db840 DEOPT UNPACKING pc=0x0000027ad12ad72e sp=0x000000cb18ffee90 mode 2
Event: 129.818 Thread 0x0000027ae74d4e00 DEOPT PACKING pc=0x0000027ad8d7844c sp=0x000000cb190ff270
Event: 129.818 Thread 0x0000027aeaf465c0 DEOPT PACKING pc=0x0000027ad8d7844c sp=0x000000cb193ff040
Event: 129.818 Thread 0x0000027aeaf44090 DEOPT PACKING pc=0x0000027ad8d7844c sp=0x000000cb191feb70
Event: 129.818 Thread 0x0000027aeaf44090 DEOPT UNPACKING pc=0x0000027ad12ad72e sp=0x000000cb191feb00 mode 2
Event: 129.818 Thread 0x0000027ae74d4e00 DEOPT UNPACKING pc=0x0000027ad12ad72e sp=0x000000cb190ff200 mode 2
Event: 129.818 Thread 0x0000027aeaf465c0 DEOPT UNPACKING pc=0x0000027ad12ad72e sp=0x000000cb193fefd0 mode 2
Event: 129.818 Thread 0x0000027aeaf46070 DEOPT UNPACKING pc=0x0000027ad12ad72e sp=0x000000cb192ff050 mode 2

Classes unloaded (0 events):
No events

Classes redefined (0 events):
No events

Internal exceptions (20 events):
Event: 5.218 Thread 0x0000027aeaf465c0 Exception <a 'java/lang/ClassNotFoundException'{0x00000000ef90f0d0}: org/gradle/api/tasks/JavaExecCustomizer> (0x00000000ef90f0d0) 
thrown [e:\jenkins\tmp\workspace\build\src\src\hotspot\share\classfile\systemDictionary.cpp, line 256]
Event: 5.219 Thread 0x0000027aeaf465c0 Exception <a 'java/lang/ClassNotFoundException'{0x00000000ef968a30}: org/gradle/api/tasks/JavaExec_DecoratedCustomizer> (0x00000000ef968a30) 
thrown [e:\jenkins\tmp\workspace\build\src\src\hotspot\share\classfile\systemDictionary.cpp, line 256]
Event: 5.226 Thread 0x0000027aeaf465c0 Exception <a 'java/lang/ClassNotFoundException'{0x00000000ef8a9010}: org/gradle/api/internal/file/collections/DefaultConfigurableFileCollectionBeanInfo> (0x00000000ef8a9010) 
thrown [e:\jenkins\tmp\workspace\build\src\src\hotspot\share\classfile\systemDictionary.cpp, line 256]
Event: 5.226 Thread 0x0000027aeaf465c0 Exception <a 'java/lang/ClassNotFoundException'{0x00000000ef8aec98}: org/gradle/api/internal/file/CompositeFileCollectionBeanInfo> (0x00000000ef8aec98) 
thrown [e:\jenkins\tmp\workspace\build\src\src\hotspot\share\classfile\systemDictionary.cpp, line 256]
Event: 5.226 Thread 0x0000027aeaf465c0 Exception <a 'java/lang/ClassNotFoundException'{0x00000000ef8b4910}: org/gradle/api/internal/file/AbstractFileCollectionBeanInfo> (0x00000000ef8b4910) 
thrown [e:\jenkins\tmp\workspace\build\src\src\hotspot\share\classfile\systemDictionary.cpp, line 256]
Event: 5.226 Thread 0x0000027aeaf465c0 Exception <a 'java/lang/ClassNotFoundException'{0x00000000ef8ba558}: org/gradle/api/internal/file/AbstractFileCollectionCustomizer> (0x00000000ef8ba558) 
thrown [e:\jenkins\tmp\workspace\build\src\src\hotspot\share\classfile\systemDictionary.cpp, line 256]
Event: 5.227 Thread 0x0000027aeaf465c0 Exception <a 'java/lang/ClassNotFoundException'{0x00000000ef8d1fe8}: org/gradle/api/internal/file/CompositeFileCollectionCustomizer> (0x00000000ef8d1fe8) 
thrown [e:\jenkins\tmp\workspace\build\src\src\hotspot\share\classfile\systemDictionary.cpp, line 256]
Event: 5.227 Thread 0x0000027aeaf465c0 Exception <a 'java/lang/ClassNotFoundException'{0x00000000ef8e03d0}: org/gradle/api/internal/file/collections/DefaultConfigurableFileCollectionCustomizer> (0x00000000ef8e03d0) 
thrown [e:\jenkins\tmp\workspace\build\src\src\hotspot\share\classfile\systemDictionary.cpp, line 256]
Event: 5.231 Thread 0x0000027aeaf465c0 Exception <a 'java/lang/ClassNotFoundException'{0x00000000ef721eb8}: java/io/FileBeanInfo> (0x00000000ef721eb8) 
thrown [e:\jenkins\tmp\workspace\build\src\src\hotspot\share\classfile\systemDictionary.cpp, line 256]
Event: 5.231 Thread 0x0000027aeaf465c0 Exception <a 'java/lang/ClassNotFoundException'{0x00000000ef725300}: java/io/FileCustomizer> (0x00000000ef725300) 
thrown [e:\jenkins\tmp\workspace\build\src\src\hotspot\share\classfile\systemDictionary.cpp, line 256]
Event: 5.234 Thread 0x0000027aeaf465c0 Exception <a 'java/lang/ClassNotFoundException'{0x00000000ef649e58}: java/lang/StringBeanInfo> (0x00000000ef649e58) 
thrown [e:\jenkins\tmp\workspace\build\src\src\hotspot\share\classfile\systemDictionary.cpp, line 256]
Event: 5.234 Thread 0x0000027aeaf465c0 Exception <a 'java/lang/ClassNotFoundException'{0x00000000ef64d650}: java/lang/StringCustomizer> (0x00000000ef64d650) 
thrown [e:\jenkins\tmp\workspace\build\src\src\hotspot\share\classfile\systemDictionary.cpp, line 256]
Event: 5.235 Thread 0x0000027aeaf465c0 Implicit null exception at 0x0000027ad8f2146f to 0x0000027ad8f21964
Event: 5.237 Thread 0x0000027aeaf465c0 Exception <a 'java/lang/NoSuchMethodError'{0x00000000ef684060}: 'void java.lang.invoke.DirectMethodHandle$Holder.invokeInterface(java.lang.Object, java.lang.Object, java.lang.Object, java.lang.Object)'> (0x00000000ef684060) 
thrown [e:\jenkins\tmp\workspace\build\src\src\hotspot\share\interpreter\linkResolver.cpp, line 790]
Event: 5.251 Thread 0x0000027aeaf49040 Exception <a 'java/lang/NoSuchMethodError'{0x00000000ef581b30}: 'void java.lang.invoke.DirectMethodHandle$Holder.invokeStatic(java.lang.Object, long)'> (0x00000000ef581b30) 
thrown [e:\jenkins\tmp\workspace\build\src\src\hotspot\share\interpreter\linkResolver.cpp, line 790]
Event: 5.251 Thread 0x0000027aeaf49040 Exception <a 'java/lang/NoSuchMethodError'{0x00000000ef5873b8}: 'java.lang.Object java.lang.invoke.DirectMethodHandle$Holder.newInvokeSpecial(java.lang.Object, long)'> (0x00000000ef5873b8) 
thrown [e:\jenkins\tmp\workspace\build\src\src\hotspot\share\interpreter\linkResolver.cpp, line 790]
Event: 5.252 Thread 0x0000027aeaf49040 Exception <a 'java/lang/NoSuchMethodError'{0x00000000ef58e1d0}: 'java.lang.Object java.lang.invoke.DirectMethodHandle$Holder.invokeStatic(java.lang.Object, java.lang.Object, long, java.lang.Object)'> (0x00000000ef58e1d0) 
thrown [e:\jenkins\tmp\workspace\build\src\src\hotspot\share\interpreter\linkResolver.cpp, line 790]
Event: 5.252 Thread 0x0000027aeaf49040 Exception <a 'java/lang/NoSuchMethodError'{0x00000000ef591e70}: 'java.lang.Object java.lang.invoke.DirectMethodHandle$Holder.invokeStaticInit(java.lang.Object, java.lang.Object, long, java.lang.Object)'> (0x00000000ef591e70) 
thrown [e:\jenkins\tmp\workspace\build\src\src\hotspot\share\interpreter\linkResolver.cpp, line 790]
Event: 5.252 Thread 0x0000027aeaf49040 Exception <a 'java/lang/NoSuchMethodError'{0x00000000ef598a20}: 'java.lang.Object java.lang.invoke.DirectMethodHandle$Holder.newInvokeSpecial(java.lang.Object, java.lang.Object, long)'> (0x00000000ef598a20) 
thrown [e:\jenkins\tmp\workspace\build\src\src\hotspot\share\interpreter\linkResolver.cpp, line 790]
Event: 5.252 Thread 0x0000027aeaf49040 Exception <a 'java/lang/NoSuchMethodError'{0x00000000ef59c790}: 'java.lang.Object java.lang.invoke.Invokers$Holder.linkToTargetMethod(java.lang.Object, long, java.lang.Object)'> (0x00000000ef59c790) 
thrown [e:\jenkins\tmp\workspace\build\src\src\hotspot\share\interpreter\linkResolver.cpp, line 790]

Events (20 events):
Event: 91.781 Executing  VM operation: Cleanup done
Event: 103.869 Executing  VM operation: Cleanup
Event: 103.869 Executing  VM operation: Cleanup done
Event: 111.933 Executing  VM operation: Cleanup
Event: 111.933 Executing  VM operation: Cleanup done
Event: 127.059 Executing  VM operation: Cleanup
Event: 127.059 Executing  VM operation: Cleanup done
Event: 128.130 Thread 0x0000027aeaf485a0 Thread added: 0x0000027aeaf485a0
Event: 129.818 Thread 0x0000027ae74db840 Thread exited: 0x0000027ae74db840
Event: 129.818 Thread 0x0000027aeaf44090 Thread exited: 0x0000027aeaf44090
Event: 129.818 Thread 0x0000027ae74d4e00 Thread exited: 0x0000027ae74d4e00
Event: 129.818 Thread 0x0000027aeaf46070 Thread exited: 0x0000027aeaf46070
Event: 129.818 Thread 0x0000027aeaf465c0 Thread exited: 0x0000027aeaf465c0
Event: 129.819 loading class java/util/concurrent/ConcurrentLinkedQueue$Itr
Event: 129.820 loading class java/util/concurrent/ConcurrentLinkedQueue$Itr done
Event: 129.857 Executing  VM operation: HandshakeAllThreads
Event: 129.858 Executing  VM operation: HandshakeAllThreads done
Event: 129.858 Executing  VM operation: Cleanup
Event: 129.858 Executing  VM operation: Cleanup done
Event: 129.863 Thread 0x0000027ae512ce00 Thread added: 0x0000027ae512ce00


Dynamic libraries:
0x00007ff775c80000 - 0x00007ff775c8e000 	C:\Program Files\AdoptOpenJDK\jdk-16.0.1.9-hotspot\bin\java.exe
0x00007ffddf710000 - 0x00007ffddf905000 	C:\WINDOWS\SYSTEM32\ntdll.dll
0x00007ffddea10000 - 0x00007ffddeacd000 	C:\WINDOWS\System32\KERNEL32.DLL
0x00007ffddd3c0000 - 0x00007ffddd689000 	C:\WINDOWS\System32\KERNELBASE.dll
0x00007ffddd160000 - 0x00007ffddd260000 	C:\WINDOWS\System32\ucrtbase.dll
0x00007ffdd6750000 - 0x00007ffdd6769000 	C:\Program Files\AdoptOpenJDK\jdk-16.0.1.9-hotspot\bin\VCRUNTIME140.dll
0x00007ffdd1910000 - 0x00007ffdd1928000 	C:\Program Files\AdoptOpenJDK\jdk-16.0.1.9-hotspot\bin\jli.dll
0x00007ffddedb0000 - 0x00007ffddef50000 	C:\WINDOWS\System32\USER32.dll
0x00007ffddd750000 - 0x00007ffddd772000 	C:\WINDOWS\System32\win32u.dll
0x00007ffdb8d80000 - 0x00007ffdb901a000 	C:\WINDOWS\WinSxS\amd64_microsoft.windows.common-controls_6595b64144ccf1df_6.0.19041.1083_none_60bbe31371f34e71\COMCTL32.dll
0x00007ffdde500000 - 0x00007ffdde52a000 	C:\WINDOWS\System32\GDI32.dll
0x00007ffdde970000 - 0x00007ffddea0e000 	C:\WINDOWS\System32\msvcrt.dll
0x00007ffddce50000 - 0x00007ffddcf5b000 	C:\WINDOWS\System32\gdi32full.dll
0x00007ffddcfc0000 - 0x00007ffddd05d000 	C:\WINDOWS\System32\msvcp_win.dll
0x00007ffddf6a0000 - 0x00007ffddf6d0000 	C:\WINDOWS\System32\IMM32.DLL
0x00007ffdd7060000 - 0x00007ffdd706c000 	C:\Program Files\AdoptOpenJDK\jdk-16.0.1.9-hotspot\bin\vcruntime140_1.dll
0x00007ffdc6380000 - 0x00007ffdc6411000 	C:\Program Files\AdoptOpenJDK\jdk-16.0.1.9-hotspot\bin\msvcp140.dll
0x00007ffd671c0000 - 0x00007ffd67df8000 	C:\Program Files\AdoptOpenJDK\jdk-16.0.1.9-hotspot\bin\server\jvm.dll
0x00007ffddead0000 - 0x00007ffddeb7c000 	C:\WINDOWS\System32\ADVAPI32.dll
0x00007ffdde400000 - 0x00007ffdde49b000 	C:\WINDOWS\System32\sechost.dll
0x00007ffddef50000 - 0x00007ffddf07a000 	C:\WINDOWS\System32\RPCRT4.dll
0x00007ffdddf20000 - 0x00007ffdddf28000 	C:\WINDOWS\System32\PSAPI.DLL
0x00007ffdc5cc0000 - 0x00007ffdc5cc9000 	C:\WINDOWS\SYSTEM32\WSOCK32.dll
0x00007ffdc0d40000 - 0x00007ffdc0d67000 	C:\WINDOWS\SYSTEM32\WINMM.dll
0x00007ffdd45d0000 - 0x00007ffdd45da000 	C:\WINDOWS\SYSTEM32\VERSION.dll
0x00007ffddf090000 - 0x00007ffddf0fb000 	C:\WINDOWS\System32\WS2_32.dll
0x00007ffddad90000 - 0x00007ffddada2000 	C:\WINDOWS\SYSTEM32\kernel.appcore.dll
0x00007ffdd69a0000 - 0x00007ffdd69aa000 	C:\Program Files\AdoptOpenJDK\jdk-16.0.1.9-hotspot\bin\jimage.dll
0x00007ffdd7c40000 - 0x00007ffdd7e24000 	C:\WINDOWS\SYSTEM32\DBGHELP.DLL
0x00007ffdd7a40000 - 0x00007ffdd7a6c000 	C:\WINDOWS\SYSTEM32\dbgcore.DLL
0x00007ffddd690000 - 0x00007ffddd713000 	C:\WINDOWS\System32\bcryptPrimitives.dll
0x00007ffdc72c0000 - 0x00007ffdc72e5000 	C:\Program Files\AdoptOpenJDK\jdk-16.0.1.9-hotspot\bin\java.dll
0x00007ffddd780000 - 0x00007ffdddebf000 	C:\WINDOWS\System32\SHELL32.dll
0x00007ffddaf90000 - 0x00007ffddb721000 	C:\WINDOWS\SYSTEM32\windows.storage.dll
0x00007ffddf340000 - 0x00007ffddf695000 	C:\WINDOWS\System32\combase.dll
0x00007ffddc8c0000 - 0x00007ffddc8ec000 	C:\WINDOWS\SYSTEM32\Wldp.dll
0x00007ffddf1b0000 - 0x00007ffddf25e000 	C:\WINDOWS\System32\SHCORE.dll
0x00007ffddeb80000 - 0x00007ffddebd5000 	C:\WINDOWS\System32\shlwapi.dll
0x00007ffddcd90000 - 0x00007ffddcdaf000 	C:\WINDOWS\SYSTEM32\profapi.dll
0x00007ffdc72a0000 - 0x00007ffdc72b9000 	C:\Program Files\AdoptOpenJDK\jdk-16.0.1.9-hotspot\bin\net.dll
0x00007ffdd6030000 - 0x00007ffdd613a000 	C:\WINDOWS\SYSTEM32\WINHTTP.dll
0x00007ffddc620000 - 0x00007ffddc68a000 	C:\WINDOWS\system32\mswsock.dll
0x00007ffdc7220000 - 0x00007ffdc7233000 	C:\Program Files\AdoptOpenJDK\jdk-16.0.1.9-hotspot\bin\nio.dll
0x00007ffdc7200000 - 0x00007ffdc7218000 	C:\Program Files\AdoptOpenJDK\jdk-16.0.1.9-hotspot\bin\zip.dll
0x00007ffdcd530000 - 0x00007ffdcd540000 	C:\Program Files\AdoptOpenJDK\jdk-16.0.1.9-hotspot\bin\verify.dll
0x00007ffdd69b0000 - 0x00007ffdd69d7000 	C:\Users\80010-02-05\.gradle\native\49d0259a56938c7f99b2704e745ce422c4f750a7a20b539a32ccef96729676b1\windows-amd64\native-platform.dll
0x00007ffdc5b20000 - 0x00007ffdc5cb6000 	C:\Users\80010-02-05\.gradle\native\12488b8bf47d2d4c9fbf2f6322a914ad602e24e48041cd04a747c6da556b65c4\windows-amd64\native-platform-file-events.dll
0x00007ffdc9840000 - 0x00007ffdc9849000 	C:\Program Files\AdoptOpenJDK\jdk-16.0.1.9-hotspot\bin\management.dll
0x00007ffdc9800000 - 0x00007ffdc980b000 	C:\Program Files\AdoptOpenJDK\jdk-16.0.1.9-hotspot\bin\management_ext.dll
0x00007ffddc800000 - 0x00007ffddc818000 	C:\WINDOWS\SYSTEM32\CRYPTSP.dll
0x00007ffddbef0000 - 0x00007ffddbf24000 	C:\WINDOWS\system32\rsaenh.dll
0x00007ffddd720000 - 0x00007ffddd747000 	C:\WINDOWS\System32\bcrypt.dll
0x00007ffddcd50000 - 0x00007ffddcd7e000 	C:\WINDOWS\SYSTEM32\USERENV.dll
0x00007ffddc820000 - 0x00007ffddc82c000 	C:\WINDOWS\SYSTEM32\CRYPTBASE.dll
0x00007ffddc2c0000 - 0x00007ffddc2fb000 	C:\WINDOWS\SYSTEM32\IPHLPAPI.DLL
0x00007ffddf080000 - 0x00007ffddf088000 	C:\WINDOWS\System32\NSI.dll
0x00007ffdd8810000 - 0x00007ffdd8827000 	C:\WINDOWS\SYSTEM32\dhcpcsvc6.DLL
0x00007ffdd8610000 - 0x00007ffdd862d000 	C:\WINDOWS\SYSTEM32\dhcpcsvc.DLL
0x00007ffddc300000 - 0x00007ffddc3cc000 	C:\WINDOWS\SYSTEM32\DNSAPI.dll
0x00007ffdc71d0000 - 0x00007ffdc71de000 	C:\Program Files\AdoptOpenJDK\jdk-16.0.1.9-hotspot\bin\sunmscapi.dll
0x00007ffddd260000 - 0x00007ffddd3bf000 	C:\WINDOWS\System32\CRYPT32.dll
0x00007ffddc930000 - 0x00007ffddc957000 	C:\WINDOWS\SYSTEM32\ncrypt.dll
0x00007ffddc8f0000 - 0x00007ffddc92b000 	C:\WINDOWS\SYSTEM32\NTASN1.dll
0x00007ffdc6f20000 - 0x00007ffdc6f27000 	C:\WINDOWS\system32\wshunix.dll

dbghelp: loaded successfully - version: 4.0.5 - missing functions: none
symbol engine: initialized successfully - sym options: 0x614 - pdb path: .;C:\Program Files\AdoptOpenJDK\jdk-16.0.1.9-hotspot\bin;C:\WINDOWS\SYSTEM32;C:\WINDOWS\WinSxS\amd64_microsoft.windows.common-controls_6595b64144ccf1df_6.0.19041.1083_none_60bbe31371f34e71;C:\Program Files\AdoptOpenJDK\jdk-16.0.1.9-hotspot\bin\server;C:\Users\80010-02-05\.gradle\native\49d0259a56938c7f99b2704e745ce422c4f750a7a20b539a32ccef96729676b1\windows-amd64;C:\Users\80010-02-05\.gradle\native\12488b8bf47d2d4c9fbf2f6322a914ad602e24e48041cd04a747c6da556b65c4\windows-amd64

VM Arguments:
jvm_args: --add-opens=java.base/java.util=ALL-UNNAMED --add-opens=java.base/java.lang=ALL-UNNAMED --add-opens=java.base/java.lang.invoke=ALL-UNNAMED --add-opens=java.base/java.util=ALL-UNNAMED --add-opens=java.prefs/java.util.prefs=ALL-UNNAMED --add-opens=java.prefs/java.util.prefs=ALL-UNNAMED --add-opens=java.base/java.nio.charset=ALL-UNNAMED --add-opens=java.base/java.net=ALL-UNNAMED --add-opens=java.base/java.util.concurrent.atomic=ALL-UNNAMED -XX:MaxMetaspaceSize=256m -XX:+HeapDumpOnOutOfMemoryError -Xms256m -Xmx512m -Dfile.encoding=windows-1252 -Duser.country=FR -Duser.language=fr -Duser.variant 
java_command: org.gradle.launcher.daemon.bootstrap.GradleDaemon 7.0
java_class_path (initial): C:\Users\80010-02-05\.gradle\wrapper\dists\gradle-7.0-bin\2p9ebqfz6ilrfozi676ogco7n\gradle-7.0\lib\gradle-launcher-7.0.jar
Launcher Type: SUN_STANDARD

[Global flags]
     intx CICompilerCount                          = 3                                         {product} {ergonomic}
   size_t CompressedClassSpaceSize                 = 218103808                                 {product} {ergonomic}
     uint ConcGCThreads                            = 2                                         {product} {ergonomic}
     uint G1ConcRefinementThreads                  = 6                                         {product} {ergonomic}
   size_t G1HeapRegionSize                         = 1048576                                   {product} {ergonomic}
    uintx GCDrainStackTargetSize                   = 64                                        {product} {ergonomic}
     bool HeapDumpOnOutOfMemoryError               = true                                   {manageable} {command line}
   size_t InitialHeapSize                          = 268435456                                 {product} {command line}
   size_t MarkStackSize                            = 4194304                                   {product} {ergonomic}
   size_t MaxHeapSize                              = 536870912                                 {product} {command line}
   size_t MaxMetaspaceSize                         = 268435456                                 {product} {command line}
   size_t MaxNewSize                               = 321912832                                 {product} {ergonomic}
   size_t MinHeapDeltaBytes                        = 1048576                                   {product} {ergonomic}
   size_t MinHeapSize                              = 268435456                                 {product} {command line}
    uintx NonNMethodCodeHeapSize                   = 5832780                                {pd product} {ergonomic}
    uintx NonProfiledCodeHeapSize                  = 122912730                              {pd product} {ergonomic}
    uintx ProfiledCodeHeapSize                     = 122912730                              {pd product} {ergonomic}
    uintx ReservedCodeCacheSize                    = 251658240                              {pd product} {ergonomic}
     bool SegmentedCodeCache                       = true                                      {product} {ergonomic}
   size_t SoftMaxHeapSize                          = 536870912                              {manageable} {ergonomic}
     bool UseCompressedClassPointers               = true                           {product lp64_product} {ergonomic}
     bool UseCompressedOops                        = true                           {product lp64_product} {ergonomic}
     bool UseG1GC                                  = true                                      {product} {ergonomic}
     bool UseLargePagesIndividualAllocation        = false                                  {pd product} {ergonomic}

Logging:
Log output configuration:
 #0: stdout all=warning uptime,level,tags
 #1: stderr all=off uptime,level,tags

Environment Variables:
JAVA_HOME=C:\Program Files\AdoptOpenJDK\jdk-16.0.1.9-hotspot\
PATH=C:\Program Files\AdoptOpenJDK\jdk-16.0.1.9-hotspot\bin;C:\Program Files\AdoptOpenJDK\jdk-11.0.5.10-hotspot\bin;C:\WINDOWS\system32;C:\WINDOWS;C:\WINDOWS\System32\Wbem;C:\WINDOWS\System32\WindowsPowerShell\v1.0\;C:\WINDOWS\System32\OpenSSH\;C:\Program Files\Git\cmd;C:\Program Files\Symfony;C:\ProgramData\ComposerSetup\bin;C:\php;C:\Users\80010-02-05\AppData\Local\Microsoft\WindowsApps;C:\Users\80010-02-05\AppData\Local\Programs\Microsoft VS Code\bin;C:\php;C:\Users\80010-02-05\AppData\Roaming\Composer\vendor\bin
USERNAME=80010-02-05
OS=Windows_NT
PROCESSOR_IDENTIFIER=Intel64 Family 6 Model 158 Stepping 10, GenuineIntel



---------------  S Y S T E M  ---------------

OS:
 Windows 10 , 64 bit Build 19041 (10.0.19041.1023)
OS uptime: 8 days 7:30 hours

CPU: total 6 (initial active 6) (6 cores per cpu, 1 threads per core) family 6 model 158 stepping 10 microcode 0xb4, cx8, cmov, fxsr, mmx, 3dnowpref, sse, sse2, sse3, ssse3, sse4.1, sse4.2, popcnt, lzcnt, tsc, tscinvbit, avx, avx2, aes, erms, clmul, bmi1, bmi2, adx, fma, vzeroupper, clflush, clflushopt

Memory: 4k page, system-wide physical 16219M (7660M free)
TotalPageFile size 18651M (AvailPageFile size 5574M)
current process WorkingSet (physical memory assigned to process): 360M, peak: 398M
current process commit charge ("private bytes"): 451M, peak: 490M

vm_info: OpenJDK 64-Bit Server VM (16.0.1+9) for windows-amd64 JRE (16.0.1+9), built on Apr 21 2021 12:30:27 by "" with MS VC++ 16.7 (VS2019)

END.
