#
# A fatal error has been detected by the Java Runtime Environment:
#
#  EXCEPTION_ACCESS_VIOLATION (0xc0000005) at pc=0x00007ffdc5b4362e, pid=14052, tid=4444
#
# JRE version: OpenJDK Runtime Environment AdoptOpenJDK-16.0.1+9 (16.0.1+9) (build 16.0.1+9)
# Java VM: OpenJDK 64-Bit Server VM AdoptOpenJDK-16.0.1+9 (16.0.1+9, mixed mode, sharing, tiered, compressed oops, compressed class ptrs, g1 gc, windows-amd64)
# Problematic frame:
# C  [native-platform-file-events.dll+0x2362e]
#
# No core dump will be written. Minidumps are not enabled by default on client versions of Windows
#
# If you would like to submit a bug report, please visit:
#   https://github.com/AdoptOpenJDK/openjdk-support/issues
# The crash happened outside the Java Virtual Machine in native code.
# See problematic frame for where to report the bug.
#

---------------  S U M M A R Y ------------

Command Line: --add-opens=java.base/java.util=ALL-UNNAMED --add-opens=java.base/java.lang=ALL-UNNAMED --add-opens=java.base/java.lang.invoke=ALL-UNNAMED --add-opens=java.base/java.util=ALL-UNNAMED --add-opens=java.prefs/java.util.prefs=ALL-UNNAMED --add-opens=java.prefs/java.util.prefs=ALL-UNNAMED --add-opens=java.base/java.nio.charset=ALL-UNNAMED --add-opens=java.base/java.net=ALL-UNNAMED --add-opens=java.base/java.util.concurrent.atomic=ALL-UNNAMED -XX:MaxMetaspaceSize=256m -XX:+HeapDumpOnOutOfMemoryError -Xms256m -Xmx512m -Dfile.encoding=windows-1252 -Duser.country=FR -Duser.language=fr -Duser.variant org.gradle.launcher.daemon.bootstrap.GradleDaemon 7.0

Host: Intel(R) Core(TM) i5-8400 CPU @ 2.80GHz, 6 cores, 15G,  Windows 10 , 64 bit Build 19041 (10.0.19041.1023)
Time: Tue Jul 20 15:56:37 2021 Paris, Madrid (heure duild 19041 (10.0.19041.1023) elapsed time: 5685.411319 seconds (0d 1h 34m 45s)

---------------  T H R E A D  ---------------

Current thread (0x0000027685beeb00):  JavaThread "File watcher server" daemon [_thread_in_native, id=4444, stack(0x000000e4f6a00000,0x000000e4f6b00000)]

Stack: [0x000000e4f6a00000,0x000000e4f6b00000],  sp=0x000000e4f6afe490,  free space=1017k
Native frames: (J=compiled Java code, j=interpreted, Vv=VM code, C=native code)
C  [native-platform-file-events.dll+0x2362e]

Java frames: (J=compiled Java code, j=interpreted, Vv=VM code)
j  net.rubygrapefruit.platform.internal.jni.AbstractFileEventFunctions$NativeFileWatcher.executeRunLoop0(Ljava/lang/Object;)V+0
j  net.rubygrapefruit.platform.internal.jni.AbstractFileEventFunctions$NativeFileWatcher.access$100(Lnet/rubygrapefruit/platform/internal/jni/AbstractFileEventFunctions$NativeFileWatcher;Ljava/lang/Object;)V+2
j  net.rubygrapefruit.platform.internal.jni.AbstractFileEventFunctions$NativeFileWatcher$1.run()V+26
v  ~StubRoutines::call_stub

siginfo: EXCEPTION_ACCESS_VIOLATION (0xc0000005), reading address 0xffffffffffffffff


Register to memory mapping:

RIP=0x00007ffdc5b4362e native-platform-file-events.dll
RAX=0x0061006c0063002d is an unknown value
RBX=0x0000000000000001 is an unknown value
RCX=0x0061006c0063002d is an unknown value
RDX=0x000000e4f6afe4e8 is pointing into the stack for thread: 0x0000027685beeb00
RSP=0x000000e4f6afe490 is pointing into the stack for thread: 0x0000027685beeb00
RBP=0x000000e4f6afee88 is pointing into the stack for thread: 0x0000027685beeb00
RSI=0x0 is NULL
RDI=0x00000000ffffffff is an unallocated location in the heap
R8 =0x000000e4f6afe4f0 is pointing into the stack for thread: 0x0000027685beeb00
R9 =0x000000007ffe6000 points into unknown readable memory: 0x00000000546c6148 | 48 61 6c 54 00 00 00 00
R10=0x00000000546c6148 is an unknown value
R11=0x0000053a0e571ac8 is an unknown value
R12=0x0 is NULL
R13={method} {0x0000027687746070} 'executeRunLoop0' '(Ljava/lang/Object;)V' in 'net/rubygrapefruit/platform/internal/jni/AbstractFileEventFunctions$NativeFileWatcher'
R14=0x000000e4f6afeeb0 is pointing into the stack for thread: 0x0000027685beeb00
R15=0x0000027685beeb00 is a thread


Registers:
RAX=0x0061006c0063002d, RBX=0x0000000000000001, RCX=0x0061006c0063002d, RDX=0x000000e4f6afe4e8
RSP=0x000000e4f6afe490, RBP=0x000000e4f6afee88, RSI=0x0000000000000000, RDI=0x00000000ffffffff
R8 =0x000000e4f6afe4f0, R9 =0x000000007ffe6000, R10=0x00000000546c6148, R11=0x0000053a0e571ac8
R12=0x0000000000000000, R13=0x0000027687746068, R14=0x000000e4f6afeeb0, R15=0x0000027685beeb00
RIP=0x00007ffdc5b4362e, EFLAGS=0x0000000000010206

Top of Stack: (sp=0x000000e4f6afe490)
0x000000e4f6afe490:   00028a98da16d758 00028a98d9b7daf0
0x000000e4f6afe4a0:   00028a98da16d758 00007ffdc5b5e965
0x000000e4f6afe4b0:   000000e4f6afe568 000000e4f6afe4e8
0x000000e4f6afe4c0:   000000e400000000 000000e4f6afe4f8
0x000000e4f6afe4d0:   000000e4f6af0001 00000681874d0746
0x000000e4f6afe4e0:   000000e4f6afe4f0 0000000000000006
0x000000e4f6afe4f0:   00028a98d9b7daf0 00028a98da16d758
0x000000e4f6afe500:   00000000ea9000d8 00007ffdc5b5e4f7
0x000000e4f6afe510:   000000e4f6afe568 000000e4f6afe560
0x000000e4f6afe520:   00000276830e23e0 00007ffdc5b4d473
0x000000e4f6afe530:   000000e400000000 000000e4f7cfbdb0
0x000000e4f6afe540:   00028a98da16d758 0000000000000006
0x000000e4f6afe550:   000000e400000000 000000e4f6afe5c0
0x000000e4f6afe560:   0000d517bce1ade1 0000000000000006
0x000000e4f6afe570:   0000027684d61290 00007ffdc5b4385c
0x000000e4f6afe580:   0061006c0063002d 0000027600000003 

Instructions: (pc=0x00007ffdc5b4362e)
0x00007ffdc5b4352e:   8b 00 48 89 44 24 38 48 8b 44 24 38 48 89 44 24
0x00007ffdc5b4353e:   58 48 8b 84 24 b0 00 00 00 48 83 c0 08 48 89 44
0x00007ffdc5b4354e:   24 40 48 8d 54 24 70 48 8b 4c 24 40 e8 84 1a fe
0x00007ffdc5b4355e:   ff 48 8b 00 48 89 44 24 48 48 8b 44 24 48 48 89
0x00007ffdc5b4356e:   44 24 60 4c 8b 4c 24 50 4c 8b 44 24 58 48 8b 54
0x00007ffdc5b4357e:   24 60 48 8d 4c 24 78 e8 b2 48 fe ff 48 8d 4c 24
0x00007ffdc5b4358e:   78 e8 a8 20 fe ff 48 8b c8 ff 15 6b ba 16 00 89
0x00007ffdc5b4359e:   44 24 24 83 7c 24 24 ff 74 15 8b 44 24 24 83 e0
0x00007ffdc5b435ae:   10 85 c0 74 0a c7 44 24 28 01 00 00 00 eb 08 c7
0x00007ffdc5b435be:   44 24 28 00 00 00 00 0f b6 44 24 28 88 44 24 20
0x00007ffdc5b435ce:   48 8d 4c 24 78 e8 04 49 fe ff 0f b6 44 24 20 48
0x00007ffdc5b435de:   8b 8c 24 98 00 00 00 48 33 cc e8 35 fe fd ff 48
0x00007ffdc5b435ee:   81 c4 a8 00 00 00 c3 cc cc cc cc cc cc cc cc cc
0x00007ffdc5b435fe:   cc cc 48 89 4c 24 08 48 81 ec e8 00 00 00 48 8b
0x00007ffdc5b4360e:   05 a5 1a 15 00 48 33 c4 48 89 84 24 d0 00 00 00
0x00007ffdc5b4361e:   c7 44 24 30 00 00 00 00 48 8b 84 24 f0 00 00 00
0x00007ffdc5b4362e:   83 78 68 03 0f 84 02 01 00 00 48 8b 84 24 f0 00
0x00007ffdc5b4363e:   00 00 48 8b 48 28 ff 15 c6 b9 16 00 89 44 24 38
0x00007ffdc5b4364e:   83 7c 24 38 00 0f 85 d0 00 00 00 ba 07 00 00 00
0x00007ffdc5b4365e:   48 8b 0d e3 69 15 00 e8 cd d9 fd ff 88 44 24 34
0x00007ffdc5b4366e:   0f b6 44 24 34 85 c0 0f 84 90 00 00 00 ff 15 97
0x00007ffdc5b4367e:   b9 16 00 89 44 24 3c 48 8b 84 24 f0 00 00 00 48
0x00007ffdc5b4368e:   83 c0 08 48 8b d0 48 8d 8c 24 90 00 00 00 e8 cd
0x00007ffdc5b4369e:   5b fe ff 48 89 44 24 40 48 8b 44 24 40 48 89 44
0x00007ffdc5b436ae:   24 48 8b 44 24 30 83 c8 01 89 44 24 30 48 8b 4c
0x00007ffdc5b436be:   24 48 e8 4e 4d fe ff 48 89 44 24 50 48 8b 84 24
0x00007ffdc5b436ce:   f0 00 00 00 48 8b 40 28 48 89 44 24 58 8b 44 24
0x00007ffdc5b436de:   3c 89 44 24 28 48 8b 44 24 50 48 89 44 24 20 4c
0x00007ffdc5b436ee:   8b 4c 24 58 4c 8d 05 67 4f 11 00 ba 07 00 00 00
0x00007ffdc5b436fe:   48 8b 0d 43 69 15 00 e8 71 67 fe ff 90 8b 44 24
0x00007ffdc5b4370e:   30 83 e0 01 85 c0 74 13 83 64 24 30 fe 48 8d 8c
0x00007ffdc5b4371e:   24 90 00 00 00 e8 eb 1a fe ff 90 eb 00 48 8b 84 


Stack slot to memory mapping:
stack at sp + 0 slots: 0x00028a98da16d758 is an unknown value
stack at sp + 1 slots: 0x00028a98d9b7daf0 is an unknown value
stack at sp + 2 slots: 0x00028a98da16d758 is an unknown value
stack at sp + 3 slots: 0x00007ffdc5b5e965 native-platform-file-events.dll
stack at sp + 4 slots: 0x000000e4f6afe568 is pointing into the stack for thread: 0x0000027685beeb00
stack at sp + 5 slots: 0x000000e4f6afe4e8 is pointing into the stack for thread: 0x0000027685beeb00
stack at sp + 6 slots: 0x000000e400000000 is an unknown value
stack at sp + 7 slots: 0x000000e4f6afe4f8 is pointing into the stack for thread: 0x0000027685beeb00


---------------  P R O C E S S  ---------------

Threads class SMR info:
_java_thread_list=0x0000027684d612f0, length=56, elements={
0x00000276e60ec550, 0x00000276ff67f170, 0x00000276ff67ff40, 0x00000276ff6944e0,
0x00000276ff697f70, 0x00000276ff698880, 0x00000276ff69a1a0, 0x00000276ff69b630,
0x00000276ff69c030, 0x00000276ff6a0620, 0x0000027682a14070, 0x0000027682a14590,
0x0000027683938380, 0x00000276848e7e30, 0x0000027682e6d580, 0x0000027685bf5540,
0x0000027685bf0ae0, 0x0000027685bf5a90, 0x0000027685beeb00, 0x0000027685bf1030,
0x0000027685bf2ac0, 0x0000027685bee060, 0x0000027685bee5b0, 0x0000027685bef5a0,
0x0000027685befaf0, 0x0000027685bf3560, 0x0000027685bf3ab0, 0x0000027685bf4550,
0x000002768829aae0, 0x000002768829a040, 0x0000027683434ef0, 0x0000027683434450,
0x0000027683432470, 0x0000027683431f20, 0x00000276834329c0, 0x00000276834349a0,
0x00000276834339b0, 0x0000027683433460, 0x0000027683433f00, 0x000002768829b580,
0x0000027688297070, 0x0000027688298b00, 0x00000276882975c0, 0x0000027688299af0,
0x000002768829cac0, 0x000002768829bad0, 0x00000276882995a0, 0x000002768829a590,
0x000002768829dab0, 0x000002768829b030, 0x000002768829c020, 0x000002768829c570,
0x000002768829d010, 0x000002768829e000, 0x000002768829e550, 0x0000027682e6c590
}

Java Threads: ( => current thread )
  0x00000276e60ec550 JavaThread "main" [_thread_blocked, id=3864, stack(0x000000e4f4200000,0x000000e4f4300000)]
  0x00000276ff67f170 JavaThread "Reference Handler" daemon [_thread_blocked, id=13556, stack(0x000000e4f4900000,0x000000e4f4a00000)]
  0x00000276ff67ff40 JavaThread "Finalizer" daemon [_thread_blocked, id=9268, stack(0x000000e4f4a00000,0x000000e4f4b00000)]
  0x00000276ff6944e0 JavaThread "Signal Dispatcher" daemon [_thread_blocked, id=10896, stack(0x000000e4f4b00000,0x000000e4f4c00000)]
  0x00000276ff697f70 JavaThread "Attach Listener" daemon [_thread_blocked, id=9464, stack(0x000000e4f4c00000,0x000000e4f4d00000)]
  0x00000276ff698880 JavaThread "Service Thread" daemon [_thread_blocked, id=6592, stack(0x000000e4f4d00000,0x000000e4f4e00000)]
  0x00000276ff69a1a0 JavaThread "Monitor Deflation Thread" daemon [_thread_blocked, id=6700, stack(0x000000e4f4e00000,0x000000e4f4f00000)]
  0x00000276ff69b630 JavaThread "C2 CompilerThread0" daemon [_thread_blocked, id=6496, stack(0x000000e4f4f00000,0x000000e4f5000000)]
  0x00000276ff69c030 JavaThread "C1 CompilerThread0" daemon [_thread_blocked, id=7412, stack(0x000000e4f5000000,0x000000e4f5100000)]
  0x00000276ff6a0620 JavaThread "Sweeper thread" daemon [_thread_blocked, id=2292, stack(0x000000e4f5100000,0x000000e4f5200000)]
  0x0000027682a14070 JavaThread "Common-Cleaner" daemon [_thread_blocked, id=13584, stack(0x000000e4f5200000,0x000000e4f5300000)]
  0x0000027682a14590 JavaThread "Notification Thread" daemon [_thread_blocked, id=6992, stack(0x000000e4f5300000,0x000000e4f5400000)]
  0x0000027683938380 JavaThread "Daemon health stats" [_thread_blocked, id=5400, stack(0x000000e4f5c00000,0x000000e4f5d00000)]
  0x00000276848e7e30 JavaThread "Incoming local TCP Connector on port 56932" [_thread_in_native, id=9228, stack(0x000000e4f5d00000,0x000000e4f5e00000)]
  0x0000027682e6d580 JavaThread "Daemon periodic checks" [_thread_blocked, id=6128, stack(0x000000e4f5e00000,0x000000e4f5f00000)]
  0x0000027685bf5540 JavaThread "Cache worker for file hash cache (C:\Users\80010-02-05\.gradle\caches\7.0\fileHashes)" [_thread_blocked, id=10164, stack(0x000000e4f6600000,0x000000e4f6700000)]
  0x0000027685bf0ae0 JavaThread "File lock request listener" [_thread_in_native, id=11872, stack(0x000000e4f6700000,0x000000e4f6800000)]
  0x0000027685bf5a90 JavaThread "Cache worker for journal cache (C:\Users\80010-02-05\.gradle\caches\journal-1)" [_thread_blocked, id=4764, stack(0x000000e4f6800000,0x000000e4f6900000)]
=>0x0000027685beeb00 JavaThread "File watcher server" daemon [_thread_in_native, id=4444, stack(0x000000e4f6a00000,0x000000e4f6b00000)]
  0x0000027685bf1030 JavaThread "File watcher consumer" daemon [_thread_blocked, id=8892, stack(0x000000e4f6b00000,0x000000e4f6c00000)]
  0x0000027685bf2ac0 JavaThread "Cache worker for execution history cache (C:\Users\80010-02-05\.gradle\caches\7.0\executionHistory)" [_thread_blocked, id=8060, stack(0x000000e4f6f00000,0x000000e4f7000000)]
  0x0000027685bee060 JavaThread "jar transforms" [_thread_blocked, id=10556, stack(0x000000e4f7100000,0x000000e4f7200000)]
  0x0000027685bee5b0 JavaThread "jar transforms Thread 2" [_thread_blocked, id=7756, stack(0x000000e4f7200000,0x000000e4f7300000)]
  0x0000027685bef5a0 JavaThread "Cache worker for file content cache (C:\Users\80010-02-05\.gradle\caches\7.0\fileContent)" [_thread_blocked, id=4392, stack(0x000000e4f7300000,0x000000e4f7400000)]
  0x0000027685befaf0 JavaThread "jar transforms Thread 3" [_thread_blocked, id=2500, stack(0x000000e4f7400000,0x000000e4f7500000)]
  0x0000027685bf3560 JavaThread "jar transforms Thread 4" [_thread_blocked, id=3652, stack(0x000000e4f7500000,0x000000e4f7600000)]
  0x0000027685bf3ab0 JavaThread "jar transforms Thread 5" [_thread_blocked, id=11624, stack(0x000000e4f7600000,0x000000e4f7700000)]
  0x0000027685bf4550 JavaThread "jar transforms Thread 6" [_thread_blocked, id=7424, stack(0x000000e4f7700000,0x000000e4f7800000)]
  0x000002768829aae0 JavaThread "Memory manager" [_thread_blocked, id=5224, stack(0x000000e4f8000000,0x000000e4f8100000)]
  0x000002768829a040 JavaThread "Cache worker for Java compile cache (C:\Users\80010-02-05\.gradle\caches\7.0\javaCompile)" [_thread_blocked, id=3556, stack(0x000000e4f8700000,0x000000e4f8800000)]
  0x0000027683434ef0 JavaThread "Daemon Thread 7" [_thread_blocked, id=3084, stack(0x000000e4f3f00000,0x000000e4f4000000)]
  0x0000027683434450 JavaThread "Handler for socket connection from /127.0.0.1:56932 to /127.0.0.1:55961" [_thread_in_native, id=888, stack(0x000000e4f4000000,0x000000e4f4100000)]
  0x0000027683432470 JavaThread "Cancel handler" [_thread_blocked, id=6552, stack(0x000000e4f4100000,0x000000e4f4200000)]
  0x0000027683431f20 JavaThread "Daemon worker Thread 7" [_thread_blocked, id=1968, stack(0x000000e4f5500000,0x000000e4f5600000)]
  0x00000276834329c0 JavaThread "Asynchronous log dispatcher for DefaultDaemonConnection: socket connection from /127.0.0.1:56932 to /127.0.0.1:55961" [_thread_blocked, id=11496, stack(0x000000e4f5f00000,0x000000e4f6000000)]
  0x00000276834349a0 JavaThread "Stdin handler" [_thread_blocked, id=5200, stack(0x000000e4f6000000,0x000000e4f6100000)]
  0x00000276834339b0 JavaThread "Daemon client event forwarder" [_thread_blocked, id=10880, stack(0x000000e4f6100000,0x000000e4f6200000)]
  0x0000027683433460 JavaThread "Cache worker for file hash cache (U:\80010-02-05\CDA\calculatrice\.gradle\7.0\fileHashes)" [_thread_blocked, id=11944, stack(0x000000e4f6200000,0x000000e4f6300000)]
  0x0000027683433f00 JavaThread "Cache worker for checksums cache (U:\80010-02-05\CDA\calculatrice\.gradle\checksums)" [_thread_blocked, id=8132, stack(0x000000e4f6300000,0x000000e4f6400000)]
  0x000002768829b580 JavaThread "Cache worker for cache directory md-supplier (C:\Users\80010-02-05\.gradle\caches\7.0\md-supplier)" [_thread_blocked, id=7428, stack(0x000000e4f6400000,0x000000e4f6500000)]
  0x0000027688297070 JavaThread "Cache worker for cache directory md-rule (C:\Users\80010-02-05\.gradle\caches\7.0\md-rule)" [_thread_blocked, id=7604, stack(0x000000e4f6500000,0x000000e4f6600000)]
  0x0000027688298b00 JavaThread "Cache worker for dependencies-accessors (U:\80010-02-05\CDA\calculatrice\.gradle\7.0\dependencies-accessors)" [_thread_blocked, id=8412, stack(0x000000e4f6900000,0x000000e4f6a00000)]
  0x00000276882975c0 JavaThread "Cache worker for Build Output Cleanup Cache (U:\80010-02-05\CDA\calculatrice\.gradle\buildOutputCleanup)" [_thread_blocked, id=2284, stack(0x000000e4f6c00000,0x000000e4f6d00000)]
  0x0000027688299af0 JavaThread "Build operations" [_thread_blocked, id=1420, stack(0x000000e4f6d00000,0x000000e4f6e00000)]
  0x000002768829cac0 JavaThread "Build operations Thread 2" [_thread_blocked, id=9012, stack(0x000000e4f6e00000,0x000000e4f6f00000)]
  0x000002768829bad0 JavaThread "Build operations Thread 3" [_thread_blocked, id=7060, stack(0x000000e4f7800000,0x000000e4f7900000)]
  0x00000276882995a0 JavaThread "Build operations Thread 4" [_thread_blocked, id=532, stack(0x000000e4f7900000,0x000000e4f7a00000)]
  0x000002768829a590 JavaThread "Build operations Thread 5" [_thread_blocked, id=9404, stack(0x000000e4f7a00000,0x000000e4f7b00000)]
  0x000002768829dab0 JavaThread "Build operations Thread 6" [_thread_blocked, id=13012, stack(0x000000e4f7b00000,0x000000e4f7c00000)]
  0x000002768829b030 JavaThread "Execution worker for ':'" [_thread_in_native, id=3748, stack(0x000000e4f7c00000,0x000000e4f7d00000)]
  0x000002768829c020 JavaThread "Execution worker for ':' Thread 2" [_thread_blocked, id=2556, stack(0x000000e4f7d00000,0x000000e4f7e00000)]
  0x000002768829c570 JavaThread "Execution worker for ':' Thread 3" [_thread_blocked, id=10648, stack(0x000000e4f7e00000,0x000000e4f7f00000)]
  0x000002768829d010 JavaThread "Execution worker for ':' Thread 4" [_thread_blocked, id=8304, stack(0x000000e4f7f00000,0x000000e4f8000000)]
  0x000002768829e000 JavaThread "Execution worker for ':' Thread 5" [_thread_blocked, id=6800, stack(0x000000e4f8100000,0x000000e4f8200000)]
  0x000002768829e550 JavaThread "Cache worker for execution history cache (U:\80010-02-05\CDA\calculatrice\.gradle\7.0\executionHistory)" [_thread_blocked, id=8736, stack(0x000000e4f8200000,0x000000e4f8300000)]
  0x0000027682e6c590 JavaThread "Cache worker for Java compile cache (U:\80010-02-05\CDA\calculatrice\.gradle\7.0\javaCompile)" [_thread_blocked, id=5976, stack(0x000000e4f8300000,0x000000e4f8400000)]

Other Threads:
  0x00000276ff678a60 VMThread "VM Thread" [stack: 0x000000e4f4800000,0x000000e4f4900000] [id=7680]
  0x0000027682a1cac0 WatcherThread [stack: 0x000000e4f5400000,0x000000e4f5500000] [id=4912]
  0x00000276e6114040 GCTaskThread "GC Thread#0" [stack: 0x000000e4f4300000,0x000000e4f4400000] [id=4812]
  0x0000027683260d30 GCTaskThread "GC Thread#1" [stack: 0x000000e4f5600000,0x000000e4f5700000] [id=7828]
  0x0000027683261040 GCTaskThread "GC Thread#2" [stack: 0x000000e4f5700000,0x000000e4f5800000] [id=11444]
  0x0000027683261350 GCTaskThread "GC Thread#3" [stack: 0x000000e4f5800000,0x000000e4f5900000] [id=436]
  0x0000027683261660 GCTaskThread "GC Thread#4" [stack: 0x000000e4f5900000,0x000000e4f5a00000] [id=9444]
  0x0000027682e68c40 GCTaskThread "GC Thread#5" [stack: 0x000000e4f5a00000,0x000000e4f5b00000] [id=8376]
  0x00000276e6119090 ConcurrentGCThread "G1 Main Marker" [stack: 0x000000e4f4400000,0x000000e4f4500000] [id=1616]
  0x00000276e6119a90 ConcurrentGCThread "G1 Conc#0" [stack: 0x000000e4f4500000,0x000000e4f4600000] [id=5700]
  0x0000027684f04920 ConcurrentGCThread "G1 Conc#1" [stack: 0x000000e4f7000000,0x000000e4f7100000] [id=10080]
  0x00000276e61cd4b0 ConcurrentGCThread "G1 Refine#0" [stack: 0x000000e4f4600000,0x000000e4f4700000] [id=8956]
  0x000002768323e4f0 ConcurrentGCThread "G1 Refine#1" [stack: 0x000000e4f5b00000,0x000000e4f5c00000] [id=7312]
  0x000002768525bc20 ConcurrentGCThread "G1 Refine#2" [stack: 0x000000e4f8900000,0x000000e4f8a00000] [id=10144]
  0x0000027683538c60 ConcurrentGCThread "G1 Refine#3" [stack: 0x000000e4f8a00000,0x000000e4f8b00000] [id=788]
  0x0000027683231d30 ConcurrentGCThread "G1 Refine#4" [stack: 0x000000e4f8b00000,0x000000e4f8c00000] [id=972]
  0x00000276e61cdec0 ConcurrentGCThread "G1 Service" [stack: 0x000000e4f4700000,0x000000e4f4800000] [id=3124]

Threads with active compile tasks:

VM state: not at safepoint (normal execution)

VM Mutex/Monitor currently owned by a thread: None

Heap address: 0x00000000e0000000, size: 512 MB, Compressed Oops mode: 32-bit

CDS archive(s) mapped at: [0x0000000800000000-0x0000000800bf0000-0x0000000800bf0000), size 12517376, SharedBaseAddress: 0x0000000800000000, ArchiveRelocationMode: 0.
Compressed class space mapped at: 0x0000000800c00000-0x000000080dc00000, reserved size: 218103808
Narrow klass base: 0x0000000800000000, Narrow klass shift: 3, Narrow klass range: 0x100000000

GC Precious Log:
 CPUs: 6 total, 6 available
 Memory: 16219M
 Large Page Support: Disabled
 NUMA Support: Disabled
 Compressed Oops: Enabled (32-bit)
 Heap Region Size: 1M
 Heap Min Capacity: 256M
 Heap Initial Capacity: 256M
 Heap Max Capacity: 512M
 Pre-touch: Disabled
 Parallel Workers: 6
 Concurrent Workers: 2
 Concurrent Refinement Workers: 6
 Periodic GC: Disabled

Heap:
 garbage-first heap   total 262144K, used 185077K [0x00000000e0000000, 0x0000000100000000)
  region size 1024K, 105 young (107520K), 19 survivors (19456K)
 Metaspace       used 75099K, committed 75968K, reserved 286720K
  class space    used 9819K, committed 10240K, reserved 212992K

Heap Regions: E=young(eden), S=young(survivor), O=old, HS=humongous(starts), HC=humongous(continues), CS=collection set, F=free, OA=open archive, CA=closed archive, TAMS=top-at-mark-start (previous, next)
|   0|0x00000000e0000000, 0x00000000e0100000, 0x00000000e0100000|100%| O|  |TAMS 0x00000000e0100000, 0x00000000e0000000| Untracked 
|   1|0x00000000e0100000, 0x00000000e0200000, 0x00000000e0200000|100%| O|  |TAMS 0x00000000e0200000, 0x00000000e0100000| Untracked 
|   2|0x00000000e0200000, 0x00000000e0300000, 0x00000000e0300000|100%| O|  |TAMS 0x00000000e0300000, 0x00000000e0200000| Untracked 
|   3|0x00000000e0300000, 0x00000000e0400000, 0x00000000e0400000|100%|HS|  |TAMS 0x00000000e0400000, 0x00000000e0300000| Complete 
|   4|0x00000000e0400000, 0x00000000e0500000, 0x00000000e0500000|100%|HC|  |TAMS 0x00000000e0500000, 0x00000000e0400000| Complete 
|   5|0x00000000e0500000, 0x00000000e0600000, 0x00000000e0600000|100%|HC|  |TAMS 0x00000000e0600000, 0x00000000e0500000| Complete 
|   6|0x00000000e0600000, 0x00000000e0700000, 0x00000000e0700000|100%| O|  |TAMS 0x00000000e0700000, 0x00000000e0600000| Untracked 
|   7|0x00000000e0700000, 0x00000000e0800000, 0x00000000e0800000|100%| O|  |TAMS 0x00000000e0800000, 0x00000000e0700000| Untracked 
|   8|0x00000000e0800000, 0x00000000e0900000, 0x00000000e0900000|100%| O|  |TAMS 0x00000000e0900000, 0x00000000e0800000| Untracked 
|   9|0x00000000e0900000, 0x00000000e0a00000, 0x00000000e0a00000|100%| O|  |TAMS 0x00000000e0a00000, 0x00000000e0900000| Untracked 
|  10|0x00000000e0a00000, 0x00000000e0b00000, 0x00000000e0b00000|100%| O|  |TAMS 0x00000000e0b00000, 0x00000000e0a00000| Untracked 
|  11|0x00000000e0b00000, 0x00000000e0c00000, 0x00000000e0c00000|100%| O|  |TAMS 0x00000000e0c00000, 0x00000000e0b00000| Untracked 
|  12|0x00000000e0c00000, 0x00000000e0d00000, 0x00000000e0d00000|100%| O|  |TAMS 0x00000000e0d00000, 0x00000000e0c00000| Untracked 
|  13|0x00000000e0d00000, 0x00000000e0e00000, 0x00000000e0e00000|100%| O|  |TAMS 0x00000000e0e00000, 0x00000000e0d00000| Untracked 
|  14|0x00000000e0e00000, 0x00000000e0f00000, 0x00000000e0f00000|100%| O|  |TAMS 0x00000000e0f00000, 0x00000000e0e00000| Untracked 
|  15|0x00000000e0f00000, 0x00000000e1000000, 0x00000000e1000000|100%| O|  |TAMS 0x00000000e1000000, 0x00000000e0f00000| Untracked 
|  16|0x00000000e1000000, 0x00000000e1100000, 0x00000000e1100000|100%| O|  |TAMS 0x00000000e1100000, 0x00000000e1000000| Untracked 
|  17|0x00000000e1100000, 0x00000000e1200000, 0x00000000e1200000|100%| O|  |TAMS 0x00000000e1200000, 0x00000000e1100000| Untracked 
|  18|0x00000000e1200000, 0x00000000e1300000, 0x00000000e1300000|100%| O|  |TAMS 0x00000000e1300000, 0x00000000e1200000| Untracked 
|  19|0x00000000e1300000, 0x00000000e1400000, 0x00000000e1400000|100%| O|  |TAMS 0x00000000e1400000, 0x00000000e1300000| Untracked 
|  20|0x00000000e1400000, 0x00000000e1500000, 0x00000000e1500000|100%| O|  |TAMS 0x00000000e1500000, 0x00000000e1400000| Untracked 
|  21|0x00000000e1500000, 0x00000000e1600000, 0x00000000e1600000|100%| O|  |TAMS 0x00000000e1600000, 0x00000000e1500000| Untracked 
|  22|0x00000000e1600000, 0x00000000e1700000, 0x00000000e1700000|100%| O|  |TAMS 0x00000000e1700000, 0x00000000e1600000| Untracked 
|  23|0x00000000e1700000, 0x00000000e1800000, 0x00000000e1800000|100%| O|  |TAMS 0x00000000e1800000, 0x00000000e1700000| Untracked 
|  24|0x00000000e1800000, 0x00000000e1900000, 0x00000000e1900000|100%| O|  |TAMS 0x00000000e1900000, 0x00000000e1800000| Untracked 
|  25|0x00000000e1900000, 0x00000000e1a00000, 0x00000000e1a00000|100%| O|  |TAMS 0x00000000e1a00000, 0x00000000e1900000| Untracked 
|  26|0x00000000e1a00000, 0x00000000e1b00000, 0x00000000e1b00000|100%| O|  |TAMS 0x00000000e1b00000, 0x00000000e1a00000| Untracked 
|  27|0x00000000e1b00000, 0x00000000e1c00000, 0x00000000e1c00000|100%| O|  |TAMS 0x00000000e1c00000, 0x00000000e1b00000| Untracked 
|  28|0x00000000e1c00000, 0x00000000e1d00000, 0x00000000e1d00000|100%| O|  |TAMS 0x00000000e1d00000, 0x00000000e1c00000| Untracked 
|  29|0x00000000e1d00000, 0x00000000e1e00000, 0x00000000e1e00000|100%| O|  |TAMS 0x00000000e1e00000, 0x00000000e1d00000| Untracked 
|  30|0x00000000e1e00000, 0x00000000e1f00000, 0x00000000e1f00000|100%| O|  |TAMS 0x00000000e1f00000, 0x00000000e1e00000| Untracked 
|  31|0x00000000e1f00000, 0x00000000e2000000, 0x00000000e2000000|100%| O|  |TAMS 0x00000000e2000000, 0x00000000e1f00000| Untracked 
|  32|0x00000000e2000000, 0x00000000e2100000, 0x00000000e2100000|100%| O|  |TAMS 0x00000000e2100000, 0x00000000e2000000| Untracked 
|  33|0x00000000e2100000, 0x00000000e2200000, 0x00000000e2200000|100%| O|  |TAMS 0x00000000e2200000, 0x00000000e2100000| Untracked 
|  34|0x00000000e2200000, 0x00000000e2300000, 0x00000000e2300000|100%| O|  |TAMS 0x00000000e2300000, 0x00000000e2200000| Untracked 
|  35|0x00000000e2300000, 0x00000000e2400000, 0x00000000e2400000|100%| O|  |TAMS 0x00000000e2400000, 0x00000000e2300000| Untracked 
|  36|0x00000000e2400000, 0x00000000e2500000, 0x00000000e2500000|100%| O|  |TAMS 0x00000000e2500000, 0x00000000e2400000| Untracked 
|  37|0x00000000e2500000, 0x00000000e2600000, 0x00000000e2600000|100%| O|  |TAMS 0x00000000e2600000, 0x00000000e2500000| Untracked 
|  38|0x00000000e2600000, 0x00000000e2700000, 0x00000000e2700000|100%| O|  |TAMS 0x00000000e2700000, 0x00000000e2600000| Untracked 
|  39|0x00000000e2700000, 0x00000000e2800000, 0x00000000e2800000|100%| O|  |TAMS 0x00000000e2800000, 0x00000000e2700000| Untracked 
|  40|0x00000000e2800000, 0x00000000e2900000, 0x00000000e2900000|100%| O|  |TAMS 0x00000000e2900000, 0x00000000e2800000| Untracked 
|  41|0x00000000e2900000, 0x00000000e2a00000, 0x00000000e2a00000|100%| O|  |TAMS 0x00000000e29b4c00, 0x00000000e2900000| Untracked 
|  42|0x00000000e2a00000, 0x00000000e2b00000, 0x00000000e2b00000|100%|HS|  |TAMS 0x00000000e2a00000, 0x00000000e2a00000| Complete 
|  43|0x00000000e2b00000, 0x00000000e2c00000, 0x00000000e2c00000|100%|HC|  |TAMS 0x00000000e2b00000, 0x00000000e2b00000| Complete 
|  44|0x00000000e2c00000, 0x00000000e2d00000, 0x00000000e2d00000|100%|HC|  |TAMS 0x00000000e2c00000, 0x00000000e2c00000| Complete 
|  45|0x00000000e2d00000, 0x00000000e2e00000, 0x00000000e2e00000|100%|HC|  |TAMS 0x00000000e2d00000, 0x00000000e2d00000| Complete 
|  46|0x00000000e2e00000, 0x00000000e2f00000, 0x00000000e2f00000|100%|HC|  |TAMS 0x00000000e2e00000, 0x00000000e2e00000| Complete 
|  47|0x00000000e2f00000, 0x00000000e3000000, 0x00000000e3000000|100%|HS|  |TAMS 0x00000000e2f00000, 0x00000000e2f00000| Complete 
|  48|0x00000000e3000000, 0x00000000e3100000, 0x00000000e3100000|100%|HC|  |TAMS 0x00000000e3000000, 0x00000000e3000000| Complete 
|  49|0x00000000e3100000, 0x00000000e3200000, 0x00000000e3200000|100%|HC|  |TAMS 0x00000000e3100000, 0x00000000e3100000| Complete 
|  50|0x00000000e3200000, 0x00000000e3300000, 0x00000000e3300000|100%|HC|  |TAMS 0x00000000e3200000, 0x00000000e3200000| Complete 
|  51|0x00000000e3300000, 0x00000000e3400000, 0x00000000e3400000|100%|HS|  |TAMS 0x00000000e3300000, 0x00000000e3300000| Complete 
|  52|0x00000000e3400000, 0x00000000e3500000, 0x00000000e3500000|100%|HC|  |TAMS 0x00000000e3400000, 0x00000000e3400000| Complete 
|  53|0x00000000e3500000, 0x00000000e3600000, 0x00000000e3600000|100%|HC|  |TAMS 0x00000000e3500000, 0x00000000e3500000| Complete 
|  54|0x00000000e3600000, 0x00000000e3700000, 0x00000000e3700000|100%|HC|  |TAMS 0x00000000e3600000, 0x00000000e3600000| Complete 
|  55|0x00000000e3700000, 0x00000000e3800000, 0x00000000e3800000|100%|HC|  |TAMS 0x00000000e3700000, 0x00000000e3700000| Complete 
|  56|0x00000000e3800000, 0x00000000e3900000, 0x00000000e3900000|100%|HS|  |TAMS 0x00000000e3800000, 0x00000000e3800000| Complete 
|  57|0x00000000e3900000, 0x00000000e3a00000, 0x00000000e3a00000|100%|HC|  |TAMS 0x00000000e3900000, 0x00000000e3900000| Complete 
|  58|0x00000000e3a00000, 0x00000000e3b00000, 0x00000000e3b00000|100%|HC|  |TAMS 0x00000000e3a00000, 0x00000000e3a00000| Complete 
|  59|0x00000000e3b00000, 0x00000000e3c00000, 0x00000000e3c00000|100%|HC|  |TAMS 0x00000000e3b00000, 0x00000000e3b00000| Complete 
|  60|0x00000000e3c00000, 0x00000000e3d00000, 0x00000000e3d00000|100%|HS|  |TAMS 0x00000000e3c00000, 0x00000000e3c00000| Complete 
|  61|0x00000000e3d00000, 0x00000000e3e00000, 0x00000000e3e00000|100%|HC|  |TAMS 0x00000000e3d00000, 0x00000000e3d00000| Complete 
|  62|0x00000000e3e00000, 0x00000000e3f00000, 0x00000000e3f00000|100%|HC|  |TAMS 0x00000000e3e00000, 0x00000000e3e00000| Complete 
|  63|0x00000000e3f00000, 0x00000000e4000000, 0x00000000e4000000|100%|HC|  |TAMS 0x00000000e3f00000, 0x00000000e3f00000| Complete 
|  64|0x00000000e4000000, 0x00000000e4100000, 0x00000000e4100000|100%|HC|  |TAMS 0x00000000e4000000, 0x00000000e4000000| Complete 
|  65|0x00000000e4100000, 0x00000000e4200000, 0x00000000e4200000|100%|HS|  |TAMS 0x00000000e4100000, 0x00000000e4100000| Complete 
|  66|0x00000000e4200000, 0x00000000e4300000, 0x00000000e4300000|100%|HC|  |TAMS 0x00000000e4200000, 0x00000000e4200000| Complete 
|  67|0x00000000e4300000, 0x00000000e4400000, 0x00000000e4400000|100%|HC|  |TAMS 0x00000000e4300000, 0x00000000e4300000| Complete 
|  68|0x00000000e4400000, 0x00000000e4500000, 0x00000000e4500000|100%|HC|  |TAMS 0x00000000e4400000, 0x00000000e4400000| Complete 
|  69|0x00000000e4500000, 0x00000000e4600000, 0x00000000e4600000|100%| O|  |TAMS 0x00000000e4500000, 0x00000000e4500000| Untracked 
|  70|0x00000000e4600000, 0x00000000e4700000, 0x00000000e4700000|100%| O|  |TAMS 0x00000000e4600000, 0x00000000e4600000| Untracked 
|  71|0x00000000e4700000, 0x00000000e4800000, 0x00000000e4800000|100%| O|  |TAMS 0x00000000e4700000, 0x00000000e4700000| Untracked 
|  72|0x00000000e4800000, 0x00000000e4900000, 0x00000000e4900000|100%| O|  |TAMS 0x00000000e4800000, 0x00000000e4800000| Untracked 
|  73|0x00000000e4900000, 0x00000000e4a00000, 0x00000000e4a00000|100%| O|  |TAMS 0x00000000e4900000, 0x00000000e4900000| Untracked 
|  74|0x00000000e4a00000, 0x00000000e4b00000, 0x00000000e4b00000|100%| O|  |TAMS 0x00000000e4a00000, 0x00000000e4a00000| Untracked 
|  75|0x00000000e4b00000, 0x00000000e4c00000, 0x00000000e4c00000|100%| O|  |TAMS 0x00000000e4b00000, 0x00000000e4b00000| Untracked 
|  76|0x00000000e4c00000, 0x00000000e4d00000, 0x00000000e4d00000|100%| O|  |TAMS 0x00000000e4c00000, 0x00000000e4c00000| Untracked 
|  77|0x00000000e4d00000, 0x00000000e4dbd600, 0x00000000e4e00000| 73%| O|  |TAMS 0x00000000e4d00000, 0x00000000e4d00000| Untracked 
|  78|0x00000000e4e00000, 0x00000000e4e00000, 0x00000000e4f00000|  0%| F|  |TAMS 0x00000000e4e00000, 0x00000000e4e00000| Untracked 
|  79|0x00000000e4f00000, 0x00000000e4f00000, 0x00000000e5000000|  0%| F|  |TAMS 0x00000000e4f00000, 0x00000000e4f00000| Untracked 
|  80|0x00000000e5000000, 0x00000000e5000000, 0x00000000e5100000|  0%| F|  |TAMS 0x00000000e5000000, 0x00000000e5000000| Untracked 
|  81|0x00000000e5100000, 0x00000000e5100000, 0x00000000e5200000|  0%| F|  |TAMS 0x00000000e5100000, 0x00000000e5100000| Untracked 
|  82|0x00000000e5200000, 0x00000000e5200000, 0x00000000e5300000|  0%| F|  |TAMS 0x00000000e5200000, 0x00000000e5200000| Untracked 
|  83|0x00000000e5300000, 0x00000000e5300000, 0x00000000e5400000|  0%| F|  |TAMS 0x00000000e5300000, 0x00000000e5300000| Untracked 
|  84|0x00000000e5400000, 0x00000000e5400000, 0x00000000e5500000|  0%| F|  |TAMS 0x00000000e5400000, 0x00000000e5400000| Untracked 
|  85|0x00000000e5500000, 0x00000000e5500000, 0x00000000e5600000|  0%| F|  |TAMS 0x00000000e5500000, 0x00000000e5500000| Untracked 
|  86|0x00000000e5600000, 0x00000000e5600000, 0x00000000e5700000|  0%| F|  |TAMS 0x00000000e5600000, 0x00000000e5600000| Untracked 
|  87|0x00000000e5700000, 0x00000000e5700000, 0x00000000e5800000|  0%| F|  |TAMS 0x00000000e5700000, 0x00000000e5700000| Untracked 
|  88|0x00000000e5800000, 0x00000000e5800000, 0x00000000e5900000|  0%| F|  |TAMS 0x00000000e5800000, 0x00000000e5800000| Untracked 
|  89|0x00000000e5900000, 0x00000000e5900000, 0x00000000e5a00000|  0%| F|  |TAMS 0x00000000e5900000, 0x00000000e5900000| Untracked 
|  90|0x00000000e5a00000, 0x00000000e5a00000, 0x00000000e5b00000|  0%| F|  |TAMS 0x00000000e5a00000, 0x00000000e5a00000| Untracked 
|  91|0x00000000e5b00000, 0x00000000e5b00000, 0x00000000e5c00000|  0%| F|  |TAMS 0x00000000e5b00000, 0x00000000e5b00000| Untracked 
|  92|0x00000000e5c00000, 0x00000000e5c00000, 0x00000000e5d00000|  0%| F|  |TAMS 0x00000000e5c00000, 0x00000000e5c00000| Untracked 
|  93|0x00000000e5d00000, 0x00000000e5e00000, 0x00000000e5e00000|100%| S|CS|TAMS 0x00000000e5d00000, 0x00000000e5d00000| Complete 
|  94|0x00000000e5e00000, 0x00000000e5f00000, 0x00000000e5f00000|100%| S|CS|TAMS 0x00000000e5e00000, 0x00000000e5e00000| Complete 
|  95|0x00000000e5f00000, 0x00000000e6000000, 0x00000000e6000000|100%| S|CS|TAMS 0x00000000e5f00000, 0x00000000e5f00000| Complete 
|  96|0x00000000e6000000, 0x00000000e6100000, 0x00000000e6100000|100%| S|CS|TAMS 0x00000000e6000000, 0x00000000e6000000| Complete 
|  97|0x00000000e6100000, 0x00000000e6200000, 0x00000000e6200000|100%| S|CS|TAMS 0x00000000e6100000, 0x00000000e6100000| Complete 
|  98|0x00000000e6200000, 0x00000000e6300000, 0x00000000e6300000|100%| S|CS|TAMS 0x00000000e6200000, 0x00000000e6200000| Complete 
|  99|0x00000000e6300000, 0x00000000e6400000, 0x00000000e6400000|100%| S|CS|TAMS 0x00000000e6300000, 0x00000000e6300000| Complete 
| 100|0x00000000e6400000, 0x00000000e6500000, 0x00000000e6500000|100%| S|CS|TAMS 0x00000000e6400000, 0x00000000e6400000| Complete 
| 101|0x00000000e6500000, 0x00000000e6600000, 0x00000000e6600000|100%| S|CS|TAMS 0x00000000e6500000, 0x00000000e6500000| Complete 
| 102|0x00000000e6600000, 0x00000000e6700000, 0x00000000e6700000|100%| S|CS|TAMS 0x00000000e6600000, 0x00000000e6600000| Complete 
| 103|0x00000000e6700000, 0x00000000e6700000, 0x00000000e6800000|  0%| F|  |TAMS 0x00000000e6700000, 0x00000000e6700000| Untracked 
| 104|0x00000000e6800000, 0x00000000e6800000, 0x00000000e6900000|  0%| F|  |TAMS 0x00000000e6800000, 0x00000000e6800000| Untracked 
| 105|0x00000000e6900000, 0x00000000e6900000, 0x00000000e6a00000|  0%| F|  |TAMS 0x00000000e6900000, 0x00000000e6900000| Untracked 
| 106|0x00000000e6a00000, 0x00000000e6a00000, 0x00000000e6b00000|  0%| F|  |TAMS 0x00000000e6a00000, 0x00000000e6a00000| Untracked 
| 107|0x00000000e6b00000, 0x00000000e6b00000, 0x00000000e6c00000|  0%| F|  |TAMS 0x00000000e6b00000, 0x00000000e6b00000| Untracked 
| 108|0x00000000e6c00000, 0x00000000e6c00000, 0x00000000e6d00000|  0%| F|  |TAMS 0x00000000e6c00000, 0x00000000e6c00000| Untracked 
| 109|0x00000000e6d00000, 0x00000000e6d00000, 0x00000000e6e00000|  0%| F|  |TAMS 0x00000000e6d00000, 0x00000000e6d00000| Untracked 
| 110|0x00000000e6e00000, 0x00000000e6e00000, 0x00000000e6f00000|  0%| F|  |TAMS 0x00000000e6e00000, 0x00000000e6e00000| Untracked 
| 111|0x00000000e6f00000, 0x00000000e6f00000, 0x00000000e7000000|  0%| F|  |TAMS 0x00000000e6f00000, 0x00000000e6f00000| Untracked 
| 112|0x00000000e7000000, 0x00000000e7000000, 0x00000000e7100000|  0%| F|  |TAMS 0x00000000e7000000, 0x00000000e7000000| Untracked 
| 113|0x00000000e7100000, 0x00000000e7100000, 0x00000000e7200000|  0%| F|  |TAMS 0x00000000e7100000, 0x00000000e7100000| Untracked 
| 114|0x00000000e7200000, 0x00000000e7300000, 0x00000000e7300000|100%| S|CS|TAMS 0x00000000e7200000, 0x00000000e7200000| Complete 
| 115|0x00000000e7300000, 0x00000000e7400000, 0x00000000e7400000|100%| S|CS|TAMS 0x00000000e7300000, 0x00000000e7300000| Complete 
| 116|0x00000000e7400000, 0x00000000e7500000, 0x00000000e7500000|100%| S|CS|TAMS 0x00000000e7400000, 0x00000000e7400000| Complete 
| 117|0x00000000e7500000, 0x00000000e7600000, 0x00000000e7600000|100%| S|CS|TAMS 0x00000000e7500000, 0x00000000e7500000| Complete 
| 118|0x00000000e7600000, 0x00000000e7700000, 0x00000000e7700000|100%| S|CS|TAMS 0x00000000e7600000, 0x00000000e7600000| Complete 
| 119|0x00000000e7700000, 0x00000000e7800000, 0x00000000e7800000|100%| S|CS|TAMS 0x00000000e7700000, 0x00000000e7700000| Complete 
| 120|0x00000000e7800000, 0x00000000e7900000, 0x00000000e7900000|100%| S|CS|TAMS 0x00000000e7800000, 0x00000000e7800000| Complete 
| 121|0x00000000e7900000, 0x00000000e7a00000, 0x00000000e7a00000|100%| S|CS|TAMS 0x00000000e7900000, 0x00000000e7900000| Complete 
| 122|0x00000000e7a00000, 0x00000000e7b00000, 0x00000000e7b00000|100%| S|CS|TAMS 0x00000000e7a00000, 0x00000000e7a00000| Complete 
| 123|0x00000000e7b00000, 0x00000000e7b00000, 0x00000000e7c00000|  0%| F|  |TAMS 0x00000000e7b00000, 0x00000000e7b00000| Untracked 
| 124|0x00000000e7c00000, 0x00000000e7c00000, 0x00000000e7d00000|  0%| F|  |TAMS 0x00000000e7c00000, 0x00000000e7c00000| Untracked 
| 125|0x00000000e7d00000, 0x00000000e7d00000, 0x00000000e7e00000|  0%| F|  |TAMS 0x00000000e7d00000, 0x00000000e7d00000| Untracked 
| 126|0x00000000e7e00000, 0x00000000e7e00000, 0x00000000e7f00000|  0%| F|  |TAMS 0x00000000e7e00000, 0x00000000e7e00000| Untracked 
| 127|0x00000000e7f00000, 0x00000000e7f00000, 0x00000000e8000000|  0%| F|  |TAMS 0x00000000e7f00000, 0x00000000e7f00000| Untracked 
| 128|0x00000000e8000000, 0x00000000e8000000, 0x00000000e8100000|  0%| F|  |TAMS 0x00000000e8000000, 0x00000000e8000000| Untracked 
| 129|0x00000000e8100000, 0x00000000e8100000, 0x00000000e8200000|  0%| F|  |TAMS 0x00000000e8100000, 0x00000000e8100000| Untracked 
| 130|0x00000000e8200000, 0x00000000e8200000, 0x00000000e8300000|  0%| F|  |TAMS 0x00000000e8200000, 0x00000000e8200000| Untracked 
| 131|0x00000000e8300000, 0x00000000e8300000, 0x00000000e8400000|  0%| F|  |TAMS 0x00000000e8300000, 0x00000000e8300000| Untracked 
| 132|0x00000000e8400000, 0x00000000e8400000, 0x00000000e8500000|  0%| F|  |TAMS 0x00000000e8400000, 0x00000000e8400000| Untracked 
| 133|0x00000000e8500000, 0x00000000e8500000, 0x00000000e8600000|  0%| F|  |TAMS 0x00000000e8500000, 0x00000000e8500000| Untracked 
| 134|0x00000000e8600000, 0x00000000e8600000, 0x00000000e8700000|  0%| F|  |TAMS 0x00000000e8600000, 0x00000000e8600000| Untracked 
| 135|0x00000000e8700000, 0x00000000e8700000, 0x00000000e8800000|  0%| F|  |TAMS 0x00000000e8700000, 0x00000000e8700000| Untracked 
| 136|0x00000000e8800000, 0x00000000e8800000, 0x00000000e8900000|  0%| F|  |TAMS 0x00000000e8800000, 0x00000000e8800000| Untracked 
| 137|0x00000000e8900000, 0x00000000e8900000, 0x00000000e8a00000|  0%| F|  |TAMS 0x00000000e8900000, 0x00000000e8900000| Untracked 
| 138|0x00000000e8a00000, 0x00000000e8a00000, 0x00000000e8b00000|  0%| F|  |TAMS 0x00000000e8a00000, 0x00000000e8a00000| Untracked 
| 139|0x00000000e8b00000, 0x00000000e8b00000, 0x00000000e8c00000|  0%| F|  |TAMS 0x00000000e8b00000, 0x00000000e8b00000| Untracked 
| 140|0x00000000e8c00000, 0x00000000e8c00000, 0x00000000e8d00000|  0%| F|  |TAMS 0x00000000e8c00000, 0x00000000e8c00000| Untracked 
| 141|0x00000000e8d00000, 0x00000000e8d00000, 0x00000000e8e00000|  0%| F|  |TAMS 0x00000000e8d00000, 0x00000000e8d00000| Untracked 
| 142|0x00000000e8e00000, 0x00000000e8e00000, 0x00000000e8f00000|  0%| F|  |TAMS 0x00000000e8e00000, 0x00000000e8e00000| Untracked 
| 143|0x00000000e8f00000, 0x00000000e8f00000, 0x00000000e9000000|  0%| F|  |TAMS 0x00000000e8f00000, 0x00000000e8f00000| Untracked 
| 144|0x00000000e9000000, 0x00000000e9000000, 0x00000000e9100000|  0%| F|  |TAMS 0x00000000e9000000, 0x00000000e9000000| Untracked 
| 145|0x00000000e9100000, 0x00000000e9100000, 0x00000000e9200000|  0%| F|  |TAMS 0x00000000e9100000, 0x00000000e9100000| Untracked 
| 146|0x00000000e9200000, 0x00000000e9200000, 0x00000000e9300000|  0%| F|  |TAMS 0x00000000e9200000, 0x00000000e9200000| Untracked 
| 147|0x00000000e9300000, 0x00000000e9300000, 0x00000000e9400000|  0%| F|  |TAMS 0x00000000e9300000, 0x00000000e9300000| Untracked 
| 148|0x00000000e9400000, 0x00000000e9400000, 0x00000000e9500000|  0%| F|  |TAMS 0x00000000e9400000, 0x00000000e9400000| Untracked 
| 149|0x00000000e9500000, 0x00000000e9500000, 0x00000000e9600000|  0%| F|  |TAMS 0x00000000e9500000, 0x00000000e9500000| Untracked 
| 150|0x00000000e9600000, 0x00000000e9600000, 0x00000000e9700000|  0%| F|  |TAMS 0x00000000e9600000, 0x00000000e9600000| Untracked 
| 151|0x00000000e9700000, 0x00000000e9700000, 0x00000000e9800000|  0%| F|  |TAMS 0x00000000e9700000, 0x00000000e9700000| Untracked 
| 152|0x00000000e9800000, 0x00000000e9800000, 0x00000000e9900000|  0%| F|  |TAMS 0x00000000e9800000, 0x00000000e9800000| Untracked 
| 153|0x00000000e9900000, 0x00000000e9900000, 0x00000000e9a00000|  0%| F|  |TAMS 0x00000000e9900000, 0x00000000e9900000| Untracked 
| 154|0x00000000e9a00000, 0x00000000e9a00000, 0x00000000e9b00000|  0%| F|  |TAMS 0x00000000e9a00000, 0x00000000e9a00000| Untracked 
| 155|0x00000000e9b00000, 0x00000000e9b00000, 0x00000000e9c00000|  0%| F|  |TAMS 0x00000000e9b00000, 0x00000000e9b00000| Untracked 
| 156|0x00000000e9c00000, 0x00000000e9c00000, 0x00000000e9d00000|  0%| F|  |TAMS 0x00000000e9c00000, 0x00000000e9c00000| Untracked 
| 157|0x00000000e9d00000, 0x00000000e9d00000, 0x00000000e9e00000|  0%| F|  |TAMS 0x00000000e9d00000, 0x00000000e9d00000| Untracked 
| 158|0x00000000e9e00000, 0x00000000e9e00000, 0x00000000e9f00000|  0%| F|  |TAMS 0x00000000e9e00000, 0x00000000e9e00000| Untracked 
| 159|0x00000000e9f00000, 0x00000000e9f00000, 0x00000000ea000000|  0%| F|  |TAMS 0x00000000e9f00000, 0x00000000e9f00000| Untracked 
| 160|0x00000000ea000000, 0x00000000ea000000, 0x00000000ea100000|  0%| F|  |TAMS 0x00000000ea000000, 0x00000000ea000000| Untracked 
| 161|0x00000000ea100000, 0x00000000ea100000, 0x00000000ea200000|  0%| F|  |TAMS 0x00000000ea100000, 0x00000000ea100000| Untracked 
| 162|0x00000000ea200000, 0x00000000ea200000, 0x00000000ea300000|  0%| F|  |TAMS 0x00000000ea200000, 0x00000000ea200000| Untracked 
| 163|0x00000000ea300000, 0x00000000ea300000, 0x00000000ea400000|  0%| F|  |TAMS 0x00000000ea300000, 0x00000000ea300000| Untracked 
| 164|0x00000000ea400000, 0x00000000ea400000, 0x00000000ea500000|  0%| F|  |TAMS 0x00000000ea400000, 0x00000000ea400000| Untracked 
| 165|0x00000000ea500000, 0x00000000ea500000, 0x00000000ea600000|  0%| F|  |TAMS 0x00000000ea500000, 0x00000000ea500000| Untracked 
| 166|0x00000000ea600000, 0x00000000ea600000, 0x00000000ea700000|  0%| F|  |TAMS 0x00000000ea600000, 0x00000000ea600000| Untracked 
| 167|0x00000000ea700000, 0x00000000ea700000, 0x00000000ea800000|  0%| F|  |TAMS 0x00000000ea700000, 0x00000000ea700000| Untracked 
| 168|0x00000000ea800000, 0x00000000ea800000, 0x00000000ea900000|  0%| F|  |TAMS 0x00000000ea800000, 0x00000000ea800000| Untracked 
| 169|0x00000000ea900000, 0x00000000ea900000, 0x00000000eaa00000|  0%| F|  |TAMS 0x00000000ea900000, 0x00000000ea900000| Untracked 
| 170|0x00000000eaa00000, 0x00000000eaacfd18, 0x00000000eab00000| 81%| E|  |TAMS 0x00000000eaa00000, 0x00000000eaa00000| Complete 
| 171|0x00000000eab00000, 0x00000000eac00000, 0x00000000eac00000|100%| E|CS|TAMS 0x00000000eab00000, 0x00000000eab00000| Complete 
| 172|0x00000000eac00000, 0x00000000ead00000, 0x00000000ead00000|100%| E|CS|TAMS 0x00000000eac00000, 0x00000000eac00000| Complete 
| 173|0x00000000ead00000, 0x00000000eae00000, 0x00000000eae00000|100%| E|CS|TAMS 0x00000000ead00000, 0x00000000ead00000| Complete 
| 174|0x00000000eae00000, 0x00000000eaf00000, 0x00000000eaf00000|100%| E|CS|TAMS 0x00000000eae00000, 0x00000000eae00000| Complete 
| 175|0x00000000eaf00000, 0x00000000eb000000, 0x00000000eb000000|100%| E|CS|TAMS 0x00000000eaf00000, 0x00000000eaf00000| Complete 
| 176|0x00000000eb000000, 0x00000000eb100000, 0x00000000eb100000|100%| E|CS|TAMS 0x00000000eb000000, 0x00000000eb000000| Complete 
| 177|0x00000000eb100000, 0x00000000eb200000, 0x00000000eb200000|100%| E|CS|TAMS 0x00000000eb100000, 0x00000000eb100000| Complete 
| 178|0x00000000eb200000, 0x00000000eb300000, 0x00000000eb300000|100%| E|CS|TAMS 0x00000000eb200000, 0x00000000eb200000| Complete 
| 179|0x00000000eb300000, 0x00000000eb400000, 0x00000000eb400000|100%| E|CS|TAMS 0x00000000eb300000, 0x00000000eb300000| Complete 
| 180|0x00000000eb400000, 0x00000000eb500000, 0x00000000eb500000|100%| E|CS|TAMS 0x00000000eb400000, 0x00000000eb400000| Complete 
| 181|0x00000000eb500000, 0x00000000eb600000, 0x00000000eb600000|100%| E|CS|TAMS 0x00000000eb500000, 0x00000000eb500000| Complete 
| 182|0x00000000eb600000, 0x00000000eb700000, 0x00000000eb700000|100%| E|CS|TAMS 0x00000000eb600000, 0x00000000eb600000| Complete 
| 183|0x00000000eb700000, 0x00000000eb800000, 0x00000000eb800000|100%| E|CS|TAMS 0x00000000eb700000, 0x00000000eb700000| Complete 
| 184|0x00000000eb800000, 0x00000000eb900000, 0x00000000eb900000|100%| E|CS|TAMS 0x00000000eb800000, 0x00000000eb800000| Complete 
| 185|0x00000000eb900000, 0x00000000eba00000, 0x00000000eba00000|100%| E|CS|TAMS 0x00000000eb900000, 0x00000000eb900000| Complete 
| 186|0x00000000eba00000, 0x00000000ebb00000, 0x00000000ebb00000|100%| E|CS|TAMS 0x00000000eba00000, 0x00000000eba00000| Complete 
| 187|0x00000000ebb00000, 0x00000000ebc00000, 0x00000000ebc00000|100%| E|CS|TAMS 0x00000000ebb00000, 0x00000000ebb00000| Complete 
| 188|0x00000000ebc00000, 0x00000000ebd00000, 0x00000000ebd00000|100%| E|CS|TAMS 0x00000000ebc00000, 0x00000000ebc00000| Complete 
| 189|0x00000000ebd00000, 0x00000000ebe00000, 0x00000000ebe00000|100%| E|CS|TAMS 0x00000000ebd00000, 0x00000000ebd00000| Complete 
| 190|0x00000000ebe00000, 0x00000000ebf00000, 0x00000000ebf00000|100%| E|CS|TAMS 0x00000000ebe00000, 0x00000000ebe00000| Complete 
| 191|0x00000000ebf00000, 0x00000000ec000000, 0x00000000ec000000|100%| E|CS|TAMS 0x00000000ebf00000, 0x00000000ebf00000| Complete 
| 192|0x00000000ec000000, 0x00000000ec100000, 0x00000000ec100000|100%| E|CS|TAMS 0x00000000ec000000, 0x00000000ec000000| Complete 
| 193|0x00000000ec100000, 0x00000000ec200000, 0x00000000ec200000|100%| E|CS|TAMS 0x00000000ec100000, 0x00000000ec100000| Complete 
| 194|0x00000000ec200000, 0x00000000ec300000, 0x00000000ec300000|100%| E|CS|TAMS 0x00000000ec200000, 0x00000000ec200000| Complete 
| 195|0x00000000ec300000, 0x00000000ec400000, 0x00000000ec400000|100%| E|CS|TAMS 0x00000000ec300000, 0x00000000ec300000| Complete 
| 196|0x00000000ec400000, 0x00000000ec500000, 0x00000000ec500000|100%| E|CS|TAMS 0x00000000ec400000, 0x00000000ec400000| Complete 
| 197|0x00000000ec500000, 0x00000000ec600000, 0x00000000ec600000|100%| E|  |TAMS 0x00000000ec500000, 0x00000000ec500000| Complete 
| 198|0x00000000ec600000, 0x00000000ec700000, 0x00000000ec700000|100%| E|CS|TAMS 0x00000000ec600000, 0x00000000ec600000| Complete 
| 199|0x00000000ec700000, 0x00000000ec800000, 0x00000000ec800000|100%| E|CS|TAMS 0x00000000ec700000, 0x00000000ec700000| Complete 
| 200|0x00000000ec800000, 0x00000000ec900000, 0x00000000ec900000|100%| E|CS|TAMS 0x00000000ec800000, 0x00000000ec800000| Complete 
| 201|0x00000000ec900000, 0x00000000eca00000, 0x00000000eca00000|100%| E|CS|TAMS 0x00000000ec900000, 0x00000000ec900000| Complete 
| 202|0x00000000eca00000, 0x00000000ecb00000, 0x00000000ecb00000|100%| E|CS|TAMS 0x00000000eca00000, 0x00000000eca00000| Complete 
| 203|0x00000000ecb00000, 0x00000000ecc00000, 0x00000000ecc00000|100%| E|CS|TAMS 0x00000000ecb00000, 0x00000000ecb00000| Complete 
| 204|0x00000000ecc00000, 0x00000000ecd00000, 0x00000000ecd00000|100%| E|CS|TAMS 0x00000000ecc00000, 0x00000000ecc00000| Complete 
| 205|0x00000000ecd00000, 0x00000000ece00000, 0x00000000ece00000|100%| E|CS|TAMS 0x00000000ecd00000, 0x00000000ecd00000| Complete 
| 206|0x00000000ece00000, 0x00000000ecf00000, 0x00000000ecf00000|100%| E|CS|TAMS 0x00000000ece00000, 0x00000000ece00000| Complete 
| 207|0x00000000ecf00000, 0x00000000ed000000, 0x00000000ed000000|100%| E|CS|TAMS 0x00000000ecf00000, 0x00000000ecf00000| Complete 
| 208|0x00000000ed000000, 0x00000000ed100000, 0x00000000ed100000|100%| E|CS|TAMS 0x00000000ed000000, 0x00000000ed000000| Complete 
| 209|0x00000000ed100000, 0x00000000ed200000, 0x00000000ed200000|100%| E|CS|TAMS 0x00000000ed100000, 0x00000000ed100000| Complete 
| 210|0x00000000ed200000, 0x00000000ed300000, 0x00000000ed300000|100%| E|CS|TAMS 0x00000000ed200000, 0x00000000ed200000| Complete 
| 211|0x00000000ed300000, 0x00000000ed400000, 0x00000000ed400000|100%| E|CS|TAMS 0x00000000ed300000, 0x00000000ed300000| Complete 
| 212|0x00000000ed400000, 0x00000000ed500000, 0x00000000ed500000|100%| E|CS|TAMS 0x00000000ed400000, 0x00000000ed400000| Complete 
| 213|0x00000000ed500000, 0x00000000ed600000, 0x00000000ed600000|100%| E|CS|TAMS 0x00000000ed500000, 0x00000000ed500000| Complete 
| 214|0x00000000ed600000, 0x00000000ed700000, 0x00000000ed700000|100%| E|CS|TAMS 0x00000000ed600000, 0x00000000ed600000| Complete 
| 215|0x00000000ed700000, 0x00000000ed800000, 0x00000000ed800000|100%| E|CS|TAMS 0x00000000ed700000, 0x00000000ed700000| Complete 
| 216|0x00000000ed800000, 0x00000000ed900000, 0x00000000ed900000|100%| E|CS|TAMS 0x00000000ed800000, 0x00000000ed800000| Complete 
| 217|0x00000000ed900000, 0x00000000eda00000, 0x00000000eda00000|100%| E|CS|TAMS 0x00000000ed900000, 0x00000000ed900000| Complete 
| 218|0x00000000eda00000, 0x00000000edb00000, 0x00000000edb00000|100%| E|CS|TAMS 0x00000000eda00000, 0x00000000eda00000| Complete 
| 219|0x00000000edb00000, 0x00000000edc00000, 0x00000000edc00000|100%| E|CS|TAMS 0x00000000edb00000, 0x00000000edb00000| Complete 
| 220|0x00000000edc00000, 0x00000000edd00000, 0x00000000edd00000|100%| E|CS|TAMS 0x00000000edc00000, 0x00000000edc00000| Complete 
| 221|0x00000000edd00000, 0x00000000ede00000, 0x00000000ede00000|100%| E|CS|TAMS 0x00000000edd00000, 0x00000000edd00000| Complete 
| 222|0x00000000ede00000, 0x00000000edf00000, 0x00000000edf00000|100%| E|CS|TAMS 0x00000000ede00000, 0x00000000ede00000| Complete 
| 223|0x00000000edf00000, 0x00000000ee000000, 0x00000000ee000000|100%| E|CS|TAMS 0x00000000edf00000, 0x00000000edf00000| Complete 
| 224|0x00000000ee000000, 0x00000000ee100000, 0x00000000ee100000|100%| E|CS|TAMS 0x00000000ee000000, 0x00000000ee000000| Complete 
| 225|0x00000000ee100000, 0x00000000ee200000, 0x00000000ee200000|100%| E|CS|TAMS 0x00000000ee100000, 0x00000000ee100000| Complete 
| 226|0x00000000ee200000, 0x00000000ee300000, 0x00000000ee300000|100%| E|CS|TAMS 0x00000000ee200000, 0x00000000ee200000| Complete 
| 227|0x00000000ee300000, 0x00000000ee400000, 0x00000000ee400000|100%| E|CS|TAMS 0x00000000ee300000, 0x00000000ee300000| Complete 
| 228|0x00000000ee400000, 0x00000000ee500000, 0x00000000ee500000|100%| E|CS|TAMS 0x00000000ee400000, 0x00000000ee400000| Complete 
| 229|0x00000000ee500000, 0x00000000ee600000, 0x00000000ee600000|100%| E|CS|TAMS 0x00000000ee500000, 0x00000000ee500000| Complete 
| 230|0x00000000ee600000, 0x00000000ee700000, 0x00000000ee700000|100%| E|CS|TAMS 0x00000000ee600000, 0x00000000ee600000| Complete 
| 231|0x00000000ee700000, 0x00000000ee800000, 0x00000000ee800000|100%| E|CS|TAMS 0x00000000ee700000, 0x00000000ee700000| Complete 
| 232|0x00000000ee800000, 0x00000000ee900000, 0x00000000ee900000|100%| E|CS|TAMS 0x00000000ee800000, 0x00000000ee800000| Complete 
| 233|0x00000000ee900000, 0x00000000eea00000, 0x00000000eea00000|100%| E|CS|TAMS 0x00000000ee900000, 0x00000000ee900000| Complete 
| 234|0x00000000eea00000, 0x00000000eeb00000, 0x00000000eeb00000|100%| E|CS|TAMS 0x00000000eea00000, 0x00000000eea00000| Complete 
| 235|0x00000000eeb00000, 0x00000000eec00000, 0x00000000eec00000|100%| E|CS|TAMS 0x00000000eeb00000, 0x00000000eeb00000| Complete 
| 236|0x00000000eec00000, 0x00000000eed00000, 0x00000000eed00000|100%| E|CS|TAMS 0x00000000eec00000, 0x00000000eec00000| Complete 
| 237|0x00000000eed00000, 0x00000000eee00000, 0x00000000eee00000|100%| E|CS|TAMS 0x00000000eed00000, 0x00000000eed00000| Complete 
| 238|0x00000000eee00000, 0x00000000eef00000, 0x00000000eef00000|100%| E|CS|TAMS 0x00000000eee00000, 0x00000000eee00000| Complete 
| 239|0x00000000eef00000, 0x00000000ef000000, 0x00000000ef000000|100%| E|CS|TAMS 0x00000000eef00000, 0x00000000eef00000| Complete 
| 240|0x00000000ef000000, 0x00000000ef100000, 0x00000000ef100000|100%| E|CS|TAMS 0x00000000ef000000, 0x00000000ef000000| Complete 
| 241|0x00000000ef100000, 0x00000000ef200000, 0x00000000ef200000|100%| E|CS|TAMS 0x00000000ef100000, 0x00000000ef100000| Complete 
| 242|0x00000000ef200000, 0x00000000ef300000, 0x00000000ef300000|100%| E|CS|TAMS 0x00000000ef200000, 0x00000000ef200000| Complete 
| 243|0x00000000ef300000, 0x00000000ef400000, 0x00000000ef400000|100%| E|CS|TAMS 0x00000000ef300000, 0x00000000ef300000| Complete 
| 244|0x00000000ef400000, 0x00000000ef500000, 0x00000000ef500000|100%| E|CS|TAMS 0x00000000ef400000, 0x00000000ef400000| Complete 
| 245|0x00000000ef500000, 0x00000000ef600000, 0x00000000ef600000|100%| E|CS|TAMS 0x00000000ef500000, 0x00000000ef500000| Complete 
| 246|0x00000000ef600000, 0x00000000ef700000, 0x00000000ef700000|100%| E|CS|TAMS 0x00000000ef600000, 0x00000000ef600000| Complete 
| 247|0x00000000ef700000, 0x00000000ef800000, 0x00000000ef800000|100%| E|CS|TAMS 0x00000000ef700000, 0x00000000ef700000| Complete 
| 248|0x00000000ef800000, 0x00000000ef900000, 0x00000000ef900000|100%| E|CS|TAMS 0x00000000ef800000, 0x00000000ef800000| Complete 
| 249|0x00000000ef900000, 0x00000000efa00000, 0x00000000efa00000|100%| E|CS|TAMS 0x00000000ef900000, 0x00000000ef900000| Complete 
| 250|0x00000000efa00000, 0x00000000efb00000, 0x00000000efb00000|100%| E|CS|TAMS 0x00000000efa00000, 0x00000000efa00000| Complete 
| 251|0x00000000efb00000, 0x00000000efc00000, 0x00000000efc00000|100%| E|CS|TAMS 0x00000000efb00000, 0x00000000efb00000| Complete 
| 252|0x00000000efc00000, 0x00000000efd00000, 0x00000000efd00000|100%| E|CS|TAMS 0x00000000efc00000, 0x00000000efc00000| Complete 
| 253|0x00000000efd00000, 0x00000000efe00000, 0x00000000efe00000|100%| E|CS|TAMS 0x00000000efd00000, 0x00000000efd00000| Complete 
| 254|0x00000000efe00000, 0x00000000eff00000, 0x00000000eff00000|100%| E|CS|TAMS 0x00000000efe00000, 0x00000000efe00000| Complete 
| 255|0x00000000eff00000, 0x00000000f0000000, 0x00000000f0000000|100%| E|CS|TAMS 0x00000000eff00000, 0x00000000eff00000| Complete 

Card table byte_map: [0x00000276fdcb0000,0x00000276fddb0000] _byte_map_base: 0x00000276fd5b0000

Marking Bits (Prev, Next): (CMBitMap*) 0x00000276e6114680, (CMBitMap*) 0x00000276e6114640
 Prev Bits: [0x00000276fe6b0000, 0x00000276feeb0000)
 Next Bits: [0x00000276fdeb0000, 0x00000276fe6b0000)

Polling page: 0x00000276e4060000

Metaspace:

Usage:
  Non-class:     63.75 MB used.
      Class:      9.59 MB used.
       Both:     73.34 MB used.

Virtual space:
  Non-class space:       72.00 MB reserved,      64.19 MB ( 89%) committed,  9 nodes.
      Class space:      208.00 MB reserved,      10.00 MB (  5%) committed,  1 nodes.
              Both:      280.00 MB reserved,      74.19 MB ( 26%) committed. 

Chunk freelists:
   Non-Class:  3.47 MB
       Class:  1.82 MB
        Both:  5.29 MB

MaxMetaspaceSize: 256.00 MB
CompressedClassSpaceSize: 208.00 MB
 - commit_granule_bytes: 65536.
 - commit_granule_words: 8192.
 - virtual_space_node_default_size: 1048576.
 - enlarge_chunks_in_place: 1.
 - new_chunks_are_fully_committed: 0.
 - uncommit_free_chunks: 1.
 - use_allocation_guard: 0.
 - handle_deallocations: 1.


Internal statistics:

num_allocs_failed_limit: 9.
num_arena_births: 1378.
num_arena_deaths: 194.
num_vsnodes_births: 10.
num_vsnodes_deaths: 0.
num_space_committed: 1187.
num_space_uncommitted: 0.
num_chunks_returned_to_freelist: 241.
num_chunks_taken_from_freelist: 4838.
num_chunk_merges: 81.
num_chunk_splits: 2919.
num_chunks_enlarged: 1735.
num_purges: 2.

CodeHeap 'non-profiled nmethods': size=120000Kb used=7285Kb max_used=7285Kb free=112714Kb
 bounds [0x00000276f6570000, 0x00000276f6c90000, 0x00000276fdaa0000]
CodeHeap 'profiled nmethods': size=120000Kb used=22406Kb max_used=22406Kb free=97593Kb
 bounds [0x00000276ef040000, 0x00000276f0630000, 0x00000276f6570000]
CodeHeap 'non-nmethods': size=5760Kb used=2376Kb max_used=2468Kb free=3383Kb
 bounds [0x00000276eeaa0000, 0x00000276eed20000, 0x00000276ef040000]
 total_blobs=12248 nmethods=11349 adapters=811
 compilation: enabled
              stopped_count=0, restarted_count=0
 full_count=0

Compilation events (20 events):
Event: 5685.331 Thread 0x00000276ff69c030 13036       1       org.gradle.internal.fingerprint.impl.DefaultFileCollectionSnapshotter$SnapshottingVisitor::getRoots (5 bytes)
Event: 5685.332 Thread 0x00000276ff69c030 nmethod 13036 0x00000276f6c7c210 code [0x00000276f6c7c3a0, 0x00000276f6c7c478]
Event: 5685.366 Thread 0x00000276ff69c030 13037       3       org.gradle.internal.watch.vfs.impl.WatchingVirtualFileSystem$$Lambda$260/0x0000000800f58220::get (12 bytes)
Event: 5685.366 Thread 0x00000276ff69c030 nmethod 13037 0x00000276f061e190 code [0x00000276f061e340, 0x00000276f061e588]
Event: 5685.366 Thread 0x00000276ff69c030 13038       3       org.gradle.internal.watch.vfs.impl.WatchingVirtualFileSystem::lambda$withWatcherChangeErrorHandling$7 (8 bytes)
Event: 5685.366 Thread 0x00000276ff69c030 nmethod 13038 0x00000276f061e690 code [0x00000276f061e840, 0x00000276f061ea08]
Event: 5685.366 Thread 0x00000276ff69c030 13039       3       org.gradle.api.internal.provider.Providers$NoValueProvider::calculateValue (5 bytes)
Event: 5685.366 Thread 0x00000276ff69c030 nmethod 13039 0x00000276f061eb10 code [0x00000276f061eca0, 0x00000276f061edb8]
Event: 5685.366 Thread 0x00000276ff69c030 13040       3       org.gradle.internal.fingerprint.impl.DefaultFileNormalizationSpec::from (31 bytes)
Event: 5685.367 Thread 0x00000276ff69c030 nmethod 13040 0x00000276f061ee90 code [0x00000276f061f080, 0x00000276f061f5e8]
Event: 5685.367 Thread 0x00000276ff69c030 13041       3       org.gradle.internal.fingerprint.impl.DefaultFileNormalizationSpec::<init> (15 bytes)
Event: 5685.367 Thread 0x00000276ff69c030 nmethod 13041 0x00000276f061f790 code [0x00000276f061f940, 0x00000276f061fb58]
Event: 5685.370 Thread 0x00000276ff69c030 13042       3       org.gradle.api.file.RelativePath::<init> (8 bytes)
Event: 5685.370 Thread 0x00000276ff69c030 nmethod 13042 0x00000276f061fc10 code [0x00000276f061fdc0, 0x00000276f061ff08]
Event: 5685.372 Thread 0x00000276ff69c030 13043       3       com.google.common.collect.Iterables::toArray (13 bytes)
Event: 5685.373 Thread 0x00000276ff69c030 nmethod 13043 0x00000276f0620010 code [0x00000276f0620240, 0x00000276f0620b08]
Event: 5685.379 Thread 0x00000276ff69c030 13044       3       org.gradle.internal.snapshot.SingletonChildMap::access$100 (7 bytes)
Event: 5685.379 Thread 0x00000276ff69c030 nmethod 13044 0x00000276f0620d90 code [0x00000276f0620f40, 0x00000276f0621068]
Event: 5685.379 Thread 0x00000276ff69c030 13045       3       org.gradle.internal.snapshot.SingletonChildMap::withReplacedChild (43 bytes)
Event: 5685.380 Thread 0x00000276ff69c030 nmethod 13045 0x00000276f0621190 code [0x00000276f0621380, 0x00000276f06217c8]

GC Heap History (20 events):
Event: 0.414 GC heap before
{Heap before GC invocations=0 (full 0):
 garbage-first heap   total 262144K, used 26624K [0x00000000e0000000, 0x0000000100000000)
  region size 1024K, 21 young (21504K), 0 survivors (0K)
 Metaspace       used 3156K, committed 3328K, reserved 221184K
  class space    used 378K, committed 448K, reserved 212992K
}
Event: 0.416 GC heap after
{Heap after GC invocations=1 (full 0):
 garbage-first heap   total 262144K, used 9322K [0x00000000e0000000, 0x0000000100000000)
  region size 1024K, 3 young (3072K), 3 survivors (3072K)
 Metaspace       used 3156K, committed 3328K, reserved 221184K
  class space    used 378K, committed 448K, reserved 212992K
}
Event: 0.655 GC heap before
{Heap before GC invocations=1 (full 0):
 garbage-first heap   total 262144K, used 32874K [0x00000000e0000000, 0x0000000100000000)
  region size 1024K, 26 young (26624K), 3 survivors (3072K)
 Metaspace       used 4124K, committed 4288K, reserved 221184K
  class space    used 480K, committed 576K, reserved 212992K
}
Event: 0.657 GC heap after
{Heap after GC invocations=2 (full 0):
 garbage-first heap   total 262144K, used 9922K [0x00000000e0000000, 0x0000000100000000)
  region size 1024K, 1 young (1024K), 1 survivors (1024K)
 Metaspace       used 4124K, committed 4288K, reserved 221184K
  class space    used 480K, committed 576K, reserved 212992K
}
Event: 2.017 GC heap before
{Heap before GC invocations=2 (full 0):
 garbage-first heap   total 262144K, used 121538K [0x00000000e0000000, 0x0000000100000000)
  region size 1024K, 110 young (112640K), 1 survivors (1024K)
 Metaspace       used 20973K, committed 21248K, reserved 237568K
  class space    used 3038K, committed 3200K, reserved 212992K
}
Event: 2.023 GC heap after
{Heap after GC invocations=3 (full 0):
 garbage-first heap   total 262144K, used 19902K [0x00000000e0000000, 0x0000000100000000)
  region size 1024K, 11 young (11264K), 11 survivors (11264K)
 Metaspace       used 20973K, committed 21248K, reserved 237568K
  class space    used 3038K, committed 3200K, reserved 212992K
}
Event: 3.106 GC heap before
{Heap before GC invocations=4 (full 0):
 garbage-first heap   total 262144K, used 120254K [0x00000000e0000000, 0x0000000100000000)
  region size 1024K, 107 young (109568K), 11 survivors (11264K)
 Metaspace       used 35146K, committed 35520K, reserved 245760K
  class space    used 4654K, committed 4864K, reserved 212992K
}
Event: 3.114 GC heap after
{Heap after GC invocations=5 (full 0):
 garbage-first heap   total 262144K, used 28759K [0x00000000e0000000, 0x0000000100000000)
  region size 1024K, 19 young (19456K), 19 survivors (19456K)
 Metaspace       used 35146K, committed 35520K, reserved 245760K
  class space    used 4654K, committed 4864K, reserved 212992K
}
Event: 4.942 GC heap before
{Heap before GC invocations=6 (full 0):
 garbage-first heap   total 262144K, used 164951K [0x00000000e0000000, 0x0000000100000000)
  region size 1024K, 153 young (156672K), 19 survivors (19456K)
 Metaspace       used 53476K, committed 53952K, reserved 262144K
  class space    used 7278K, committed 7488K, reserved 212992K
}
Event: 4.957 GC heap after
{Heap after GC invocations=7 (full 0):
 garbage-first heap   total 262144K, used 43983K [0x00000000e0000000, 0x0000000100000000)
  region size 1024K, 20 young (20480K), 20 survivors (20480K)
 Metaspace       used 53476K, committed 53952K, reserved 262144K
  class space    used 7278K, committed 7488K, reserved 212992K
}
Event: 2919.866 GC heap before
{Heap before GC invocations=7 (full 0):
 garbage-first heap   total 262144K, used 179151K [0x00000000e0000000, 0x0000000100000000)
  region size 1024K, 153 young (156672K), 20 survivors (20480K)
 Metaspace       used 57418K, committed 57984K, reserved 270336K
  class space    used 7641K, committed 7872K, reserved 212992K
}
Event: 2919.879 GC heap after
{Heap after GC invocations=8 (full 0):
 garbage-first heap   total 262144K, used 46650K [0x00000000e0000000, 0x0000000100000000)
  region size 1024K, 4 young (4096K), 4 survivors (4096K)
 Metaspace       used 57418K, committed 57984K, reserved 270336K
  class space    used 7641K, committed 7872K, reserved 212992K
}
Event: 3828.772 GC heap before
{Heap before GC invocations=8 (full 0):
 garbage-first heap   total 262144K, used 72250K [0x00000000e0000000, 0x0000000100000000)
  region size 1024K, 31 young (31744K), 4 survivors (4096K)
 Metaspace       used 58975K, committed 59456K, reserved 270336K
  class space    used 7926K, committed 8128K, reserved 212992K
}
Event: 3828.775 GC heap after
{Heap after GC invocations=9 (full 0):
 garbage-first heap   total 262144K, used 45611K [0x00000000e0000000, 0x0000000100000000)
  region size 1024K, 3 young (3072K), 3 survivors (3072K)
 Metaspace       used 58975K, committed 59456K, reserved 270336K
  class space    used 7926K, committed 8128K, reserved 212992K
}
Event: 4472.406 GC heap before
{Heap before GC invocations=10 (full 0):
 garbage-first heap   total 262144K, used 198187K [0x00000000e0000000, 0x0000000100000000)
  region size 1024K, 153 young (156672K), 3 survivors (3072K)
 Metaspace       used 64432K, committed 65088K, reserved 270336K
  class space    used 8497K, committed 8832K, reserved 212992K
}
Event: 4472.412 GC heap after
{Heap after GC invocations=11 (full 0):
 garbage-first heap   total 262144K, used 53386K [0x00000000e0000000, 0x0000000100000000)
  region size 1024K, 11 young (11264K), 11 survivors (11264K)
 Metaspace       used 64432K, committed 65088K, reserved 270336K
  class space    used 8497K, committed 8832K, reserved 212992K
}
Event: 4473.081 GC heap before
{Heap before GC invocations=11 (full 0):
 garbage-first heap   total 262144K, used 212106K [0x00000000e0000000, 0x0000000100000000)
  region size 1024K, 153 young (156672K), 11 survivors (11264K)
 Metaspace       used 65685K, committed 66368K, reserved 278528K
  class space    used 8642K, committed 8960K, reserved 212992K
}
Event: 4473.088 GC heap after
{Heap after GC invocations=12 (full 0):
 garbage-first heap   total 262144K, used 72904K [0x00000000e0000000, 0x0000000100000000)
  region size 1024K, 16 young (16384K), 16 survivors (16384K)
 Metaspace       used 65685K, committed 66368K, reserved 278528K
  class space    used 8642K, committed 8960K, reserved 212992K
}
Event: 4480.032 GC heap before
{Heap before GC invocations=12 (full 0):
 garbage-first heap   total 262144K, used 221384K [0x00000000e0000000, 0x0000000100000000)
  region size 1024K, 149 young (152576K), 16 survivors (16384K)
 Metaspace       used 74358K, committed 75264K, reserved 278528K
  class space    used 9795K, committed 10240K, reserved 212992K
}
Event: 4480.042 GC heap after
{Heap after GC invocations=13 (full 0):
 garbage-first heap   total 262144K, used 99061K [0x00000000e0000000, 0x0000000100000000)
  region size 1024K, 19 young (19456K), 19 survivors (19456K)
 Metaspace       used 74358K, committed 75264K, reserved 278528K
  class space    used 9795K, committed 10240K, reserved 212992K
}

Deoptimization events (20 events):
Event: 4646.754 Thread 0x000002768829e000 DEOPT PACKING pc=0x00000276f6a5f708 sp=0x000000e4f7afe150
Event: 4646.754 Thread 0x000002768829d010 Uncommon trap: trap_request=0xffffff45 fr.pc=0x00000276f6a5f708 relative=0x00000000000003c8
Event: 4646.754 Thread 0x000002768829e000 DEOPT UNPACKING pc=0x00000276eeaed72e sp=0x000000e4f7afe090 mode 2
Event: 4646.754 Thread 0x000002768829d010 Uncommon trap: reason=unstable_if action=reinterpret pc=0x00000276f6a5f708 method=java.util.concurrent.ConcurrentHashMap.addCount(JI)V @ 68 c2
Event: 4646.754 Thread 0x000002768829d010 DEOPT PACKING pc=0x00000276f6a5f708 sp=0x000000e4f78fe770
Event: 4646.754 Thread 0x000002768829d010 DEOPT UNPACKING pc=0x00000276eeaed72e sp=0x000000e4f78fe6b0 mode 2
Event: 4646.828 Thread 0x00000276882975c0 DEOPT PACKING pc=0x00000276ef7dcce1 sp=0x000000e4f7cf90e0
Event: 4646.828 Thread 0x00000276882975c0 DEOPT UNPACKING pc=0x00000276eeaedece sp=0x000000e4f7cf85d8 mode 0
Event: 4646.886 Thread 0x00000276882975c0 DEOPT PACKING pc=0x00000276ef504e4c sp=0x000000e4f7cf8f10
Event: 4646.886 Thread 0x00000276882975c0 DEOPT UNPACKING pc=0x00000276eeaedece sp=0x000000e4f7cf83d8 mode 0
Event: 4646.912 Thread 0x00000276882975c0 DEOPT PACKING pc=0x00000276ef504e4c sp=0x000000e4f7cf7a40
Event: 4646.912 Thread 0x00000276882975c0 DEOPT UNPACKING pc=0x00000276eeaedece sp=0x000000e4f7cf6f08 mode 0
Event: 4647.127 Thread 0x0000027683433460 Uncommon trap: trap_request=0xffffffc6 fr.pc=0x00000276f6b6e804 relative=0x0000000000002504
Event: 4647.127 Thread 0x0000027683433460 Uncommon trap: reason=bimorphic_or_optimized_type_check action=maybe_recompile pc=0x00000276f6b6e804 method=java.util.TimSort.mergeHi(IIII)V @ 227 c2
Event: 4647.127 Thread 0x0000027683433460 DEOPT PACKING pc=0x00000276f6b6e804 sp=0x000000e4f84fe940
Event: 4647.127 Thread 0x0000027683433460 DEOPT UNPACKING pc=0x00000276eeaed72e sp=0x000000e4f84fe958 mode 2
Event: 5685.073 Thread 0x0000027683431f20 Uncommon trap: trap_request=0xffffffbe fr.pc=0x00000276f6c2c0f0 relative=0x0000000000000990
Event: 5685.073 Thread 0x0000027683431f20 Uncommon trap: reason=profile_predicate action=maybe_recompile pc=0x00000276f6c2c0f0 method=com.google.common.collect.RegularImmutableMap.createHashTable([Ljava/lang/Object;III)[I @ 99 c2
Event: 5685.073 Thread 0x0000027683431f20 DEOPT PACKING pc=0x00000276f6c2c0f0 sp=0x000000e4f55fc520
Event: 5685.073 Thread 0x0000027683431f20 DEOPT UNPACKING pc=0x00000276eeaed72e sp=0x000000e4f55fc4a0 mode 2

Classes unloaded (20 events):
Event: 3828.800 Thread 0x00000276ff678a60 Unloading class 0x0000000800d12400 'jdk/internal/reflect/GeneratedSerializationConstructorAccessor1'
Event: 3828.800 Thread 0x00000276ff678a60 Unloading class 0x0000000800ce2400 'java/lang/invoke/LambdaForm$DMH+0x0000000800ce2400'
Event: 3828.800 Thread 0x00000276ff678a60 Unloading class 0x0000000800ce1c00 'java/lang/invoke/LambdaForm$DMH+0x0000000800ce1c00'
Event: 3828.800 Thread 0x00000276ff678a60 Unloading class 0x0000000800ce1800 'java/lang/invoke/LambdaForm$MH+0x0000000800ce1800'
Event: 3828.800 Thread 0x00000276ff678a60 Unloading class 0x0000000800ce1400 'java/lang/invoke/LambdaForm$MH+0x0000000800ce1400'
Event: 3828.800 Thread 0x00000276ff678a60 Unloading class 0x0000000800ce1000 'java/lang/invoke/LambdaForm$MH+0x0000000800ce1000'
Event: 3828.800 Thread 0x00000276ff678a60 Unloading class 0x0000000800ce0c00 'java/lang/invoke/LambdaForm$MH+0x0000000800ce0c00'
Event: 3828.800 Thread 0x00000276ff678a60 Unloading class 0x0000000800ce0800 'java/lang/invoke/LambdaForm$MH+0x0000000800ce0800'
Event: 3828.800 Thread 0x00000276ff678a60 Unloading class 0x0000000800ce0400 'java/lang/invoke/LambdaForm$MH+0x0000000800ce0400'
Event: 3828.800 Thread 0x00000276ff678a60 Unloading class 0x0000000800ce0000 'java/lang/invoke/LambdaForm$MH+0x0000000800ce0000'
Event: 3828.800 Thread 0x00000276ff678a60 Unloading class 0x0000000800cc3000 'java/lang/invoke/LambdaForm$MH+0x0000000800cc3000'
Event: 3828.800 Thread 0x00000276ff678a60 Unloading class 0x0000000800cc2800 'java/lang/invoke/LambdaForm$MH+0x0000000800cc2800'
Event: 3828.800 Thread 0x00000276ff678a60 Unloading class 0x0000000800cc2400 'java/lang/invoke/LambdaForm$MH+0x0000000800cc2400'
Event: 3828.800 Thread 0x00000276ff678a60 Unloading class 0x0000000800cc2000 'java/lang/invoke/LambdaForm$MH+0x0000000800cc2000'
Event: 3828.800 Thread 0x00000276ff678a60 Unloading class 0x0000000800cc1c00 'java/lang/invoke/LambdaForm$MH+0x0000000800cc1c00'
Event: 3828.800 Thread 0x00000276ff678a60 Unloading class 0x0000000800cc1400 'java/lang/invoke/LambdaForm$MH+0x0000000800cc1400'
Event: 3828.800 Thread 0x00000276ff678a60 Unloading class 0x0000000800c22c00 'java/lang/invoke/LambdaForm$MH+0x0000000800c22c00'
Event: 3828.800 Thread 0x00000276ff678a60 Unloading class 0x0000000800c22800 'java/lang/invoke/LambdaForm$MH+0x0000000800c22800'
Event: 3828.800 Thread 0x00000276ff678a60 Unloading class 0x0000000800c22000 'java/lang/invoke/LambdaForm$MH+0x0000000800c22000'
Event: 3828.800 Thread 0x00000276ff678a60 Unloading class 0x0000000800c20400 'java/lang/invoke/LambdaForm$MH+0x0000000800c20400'

Classes redefined (0 events):
No events

Internal exceptions (20 events):
Event: 4646.877 Thread 0x00000276882975c0 Exception <a 'sun/nio/fs/WindowsException'{0x00000000ecf39ed0}> (0x00000000ecf39ed0) 
thrown [e:\jenkins\tmp\workspace\build\src\src\hotspot\share\prims\jni.cpp, line 579]
Event: 4646.877 Thread 0x00000276882975c0 Exception <a 'sun/nio/fs/WindowsException'{0x00000000ecf3a1a0}> (0x00000000ecf3a1a0) 
thrown [e:\jenkins\tmp\workspace\build\src\src\hotspot\share\prims\jni.cpp, line 579]
Event: 4646.879 Thread 0x00000276882975c0 Exception <a 'sun/nio/fs/WindowsException'{0x00000000ecf6d3b8}> (0x00000000ecf6d3b8) 
thrown [e:\jenkins\tmp\workspace\build\src\src\hotspot\share\prims\jni.cpp, line 579]
Event: 4646.879 Thread 0x00000276882975c0 Exception <a 'sun/nio/fs/WindowsException'{0x00000000ecf6d688}> (0x00000000ecf6d688) 
thrown [e:\jenkins\tmp\workspace\build\src\src\hotspot\share\prims\jni.cpp, line 579]
Event: 4646.881 Thread 0x00000276882975c0 Exception <a 'sun/nio/fs/WindowsException'{0x00000000ece4ba28}> (0x00000000ece4ba28) 
thrown [e:\jenkins\tmp\workspace\build\src\src\hotspot\share\prims\jni.cpp, line 579]
Event: 4646.881 Thread 0x00000276882975c0 Exception <a 'sun/nio/fs/WindowsException'{0x00000000ece4bd28}> (0x00000000ece4bd28) 
thrown [e:\jenkins\tmp\workspace\build\src\src\hotspot\share\prims\jni.cpp, line 579]
Event: 4646.883 Thread 0x00000276882975c0 Exception <a 'sun/nio/fs/WindowsException'{0x00000000ecda4fd8}> (0x00000000ecda4fd8) 
thrown [e:\jenkins\tmp\workspace\build\src\src\hotspot\share\prims\jni.cpp, line 579]
Event: 4646.884 Thread 0x00000276882975c0 Exception <a 'sun/nio/fs/WindowsException'{0x00000000ecda5278}> (0x00000000ecda5278) 
thrown [e:\jenkins\tmp\workspace\build\src\src\hotspot\share\prims\jni.cpp, line 579]
Event: 4646.895 Thread 0x00000276882975c0 Exception <a 'sun/nio/fs/WindowsException'{0x00000000eca34610}> (0x00000000eca34610) 
thrown [e:\jenkins\tmp\workspace\build\src\src\hotspot\share\prims\jni.cpp, line 579]
Event: 4646.895 Thread 0x00000276882975c0 Exception <a 'sun/nio/fs/WindowsException'{0x00000000eca348e0}> (0x00000000eca348e0) 
thrown [e:\jenkins\tmp\workspace\build\src\src\hotspot\share\prims\jni.cpp, line 579]
Event: 4646.904 Thread 0x00000276882975c0 Exception <a 'sun/nio/fs/WindowsException'{0x00000000ec88ad58}> (0x00000000ec88ad58) 
thrown [e:\jenkins\tmp\workspace\build\src\src\hotspot\share\prims\jni.cpp, line 579]
Event: 4646.904 Thread 0x00000276882975c0 Exception <a 'sun/nio/fs/WindowsException'{0x00000000ec88b050}> (0x00000000ec88b050) 
thrown [e:\jenkins\tmp\workspace\build\src\src\hotspot\share\prims\jni.cpp, line 579]
Event: 4646.908 Thread 0x00000276882975c0 Exception <a 'sun/nio/fs/WindowsException'{0x00000000ec61f408}> (0x00000000ec61f408) 
thrown [e:\jenkins\tmp\workspace\build\src\src\hotspot\share\prims\jni.cpp, line 579]
Event: 4646.909 Thread 0x00000276882975c0 Exception <a 'sun/nio/fs/WindowsException'{0x00000000ec61f708}> (0x00000000ec61f708) 
thrown [e:\jenkins\tmp\workspace\build\src\src\hotspot\share\prims\jni.cpp, line 579]
Event: 4646.911 Thread 0x00000276882975c0 Exception <a 'sun/nio/fs/WindowsException'{0x00000000ec634228}> (0x00000000ec634228) 
thrown [e:\jenkins\tmp\workspace\build\src\src\hotspot\share\prims\jni.cpp, line 579]
Event: 4646.911 Thread 0x00000276882975c0 Exception <a 'sun/nio/fs/WindowsException'{0x00000000ec6344e8}> (0x00000000ec6344e8) 
thrown [e:\jenkins\tmp\workspace\build\src\src\hotspot\share\prims\jni.cpp, line 579]
Event: 4646.921 Thread 0x00000276882975c0 Exception <a 'sun/nio/fs/WindowsException'{0x00000000ec5987a8}> (0x00000000ec5987a8) 
thrown [e:\jenkins\tmp\workspace\build\src\src\hotspot\share\prims\jni.cpp, line 579]
Event: 4646.921 Thread 0x00000276882975c0 Exception <a 'sun/nio/fs/WindowsException'{0x00000000ec599960}> (0x00000000ec599960) 
thrown [e:\jenkins\tmp\workspace\build\src\src\hotspot\share\prims\jni.cpp, line 579]
Event: 5685.222 Thread 0x0000027683431f20 Exception <a 'sun/nio/fs/WindowsException'{0x00000000eacdc1d0}> (0x00000000eacdc1d0) 
thrown [e:\jenkins\tmp\workspace\build\src\src\hotspot\share\prims\jni.cpp, line 579]
Event: 5685.222 Thread 0x0000027683431f20 Exception <a 'sun/nio/fs/WindowsException'{0x00000000eacdc470}> (0x00000000eacdc470) 
thrown [e:\jenkins\tmp\workspace\build\src\src\hotspot\share\prims\jni.cpp, line 579]

Events (20 events):
Event: 5685.050 Thread 0x00000276834349a0 Thread added: 0x00000276834349a0
Event: 5685.050 Thread 0x00000276834339b0 Thread added: 0x00000276834339b0
Event: 5685.061 Thread 0x0000027683433460 Thread added: 0x0000027683433460
Event: 5685.080 Thread 0x0000027683433f00 Thread added: 0x0000027683433f00
Event: 5685.089 Thread 0x000002768829b580 Thread added: 0x000002768829b580
Event: 5685.091 Thread 0x0000027688297070 Thread added: 0x0000027688297070
Event: 5685.133 Thread 0x0000027688298b00 Thread added: 0x0000027688298b00
Event: 5685.170 Thread 0x00000276882975c0 Thread added: 0x00000276882975c0
Event: 5685.213 Thread 0x0000027688299af0 Thread added: 0x0000027688299af0
Event: 5685.213 Thread 0x000002768829cac0 Thread added: 0x000002768829cac0
Event: 5685.213 Thread 0x000002768829bad0 Thread added: 0x000002768829bad0
Event: 5685.213 Thread 0x00000276882995a0 Thread added: 0x00000276882995a0
Event: 5685.213 Thread 0x000002768829a590 Thread added: 0x000002768829a590
Event: 5685.213 Thread 0x000002768829dab0 Thread added: 0x000002768829dab0
Event: 5685.248 Thread 0x000002768829b030 Thread added: 0x000002768829b030
Event: 5685.248 Thread 0x000002768829c020 Thread added: 0x000002768829c020
Event: 5685.248 Thread 0x000002768829c570 Thread added: 0x000002768829c570
Event: 5685.248 Thread 0x000002768829d010 Thread added: 0x000002768829d010
Event: 5685.248 Thread 0x000002768829e000 Thread added: 0x000002768829e000
Event: 5685.254 Thread 0x000002768829e550 Thread added: 0x000002768829e550


Dynamic libraries:
0x00007ff775c80000 - 0x00007ff775c8e000 	C:\Program Files\AdoptOpenJDK\jdk-16.0.1.9-hotspot\bin\java.exe
0x00007ffddf710000 - 0x00007ffddf905000 	C:\WINDOWS\SYSTEM32\ntdll.dll
0x00007ffddea10000 - 0x00007ffddeacd000 	C:\WINDOWS\System32\KERNEL32.DLL
0x00007ffddd3c0000 - 0x00007ffddd689000 	C:\WINDOWS\System32\KERNELBASE.dll
0x00007ffddd160000 - 0x00007ffddd260000 	C:\WINDOWS\System32\ucrtbase.dll
0x00007ffdd6760000 - 0x00007ffdd6779000 	C:\Program Files\AdoptOpenJDK\jdk-16.0.1.9-hotspot\bin\VCRUNTIME140.dll
0x00007ffdd21c0000 - 0x00007ffdd21d8000 	C:\Program Files\AdoptOpenJDK\jdk-16.0.1.9-hotspot\bin\jli.dll
0x00007ffddedb0000 - 0x00007ffddef50000 	C:\WINDOWS\System32\USER32.dll
0x00007ffddd750000 - 0x00007ffddd772000 	C:\WINDOWS\System32\win32u.dll
0x00007ffdb8d80000 - 0x00007ffdb901a000 	C:\WINDOWS\WinSxS\amd64_microsoft.windows.common-controls_6595b64144ccf1df_6.0.19041.1083_none_60bbe31371f34e71\COMCTL32.dll
0x00007ffdde500000 - 0x00007ffdde52a000 	C:\WINDOWS\System32\GDI32.dll
0x00007ffdde970000 - 0x00007ffddea0e000 	C:\WINDOWS\System32\msvcrt.dll
0x00007ffddce50000 - 0x00007ffddcf5b000 	C:\WINDOWS\System32\gdi32full.dll
0x00007ffddcfc0000 - 0x00007ffddd05d000 	C:\WINDOWS\System32\msvcp_win.dll
0x00007ffddf6a0000 - 0x00007ffddf6d0000 	C:\WINDOWS\System32\IMM32.DLL
0x00007ffdd8290000 - 0x00007ffdd829c000 	C:\Program Files\AdoptOpenJDK\jdk-16.0.1.9-hotspot\bin\vcruntime140_1.dll
0x00007ffdcd530000 - 0x00007ffdcd5c1000 	C:\Program Files\AdoptOpenJDK\jdk-16.0.1.9-hotspot\bin\msvcp140.dll
0x00007ffd6a6a0000 - 0x00007ffd6b2d8000 	C:\Program Files\AdoptOpenJDK\jdk-16.0.1.9-hotspot\bin\server\jvm.dll
0x00007ffddead0000 - 0x00007ffddeb7c000 	C:\WINDOWS\System32\ADVAPI32.dll
0x00007ffdde400000 - 0x00007ffdde49b000 	C:\WINDOWS\System32\sechost.dll
0x00007ffddef50000 - 0x00007ffddf07a000 	C:\WINDOWS\System32\RPCRT4.dll
0x00007ffdddf20000 - 0x00007ffdddf28000 	C:\WINDOWS\System32\PSAPI.DLL
0x00007ffdc5cc0000 - 0x00007ffdc5cc9000 	C:\WINDOWS\SYSTEM32\WSOCK32.dll
0x00007ffdc0d40000 - 0x00007ffdc0d67000 	C:\WINDOWS\SYSTEM32\WINMM.dll
0x00007ffdd45d0000 - 0x00007ffdd45da000 	C:\WINDOWS\SYSTEM32\VERSION.dll
0x00007ffddf090000 - 0x00007ffddf0fb000 	C:\WINDOWS\System32\WS2_32.dll
0x00007ffddad90000 - 0x00007ffddada2000 	C:\WINDOWS\SYSTEM32\kernel.appcore.dll
0x00007ffdd7190000 - 0x00007ffdd719a000 	C:\Program Files\AdoptOpenJDK\jdk-16.0.1.9-hotspot\bin\jimage.dll
0x00007ffdd7c40000 - 0x00007ffdd7e24000 	C:\WINDOWS\SYSTEM32\DBGHELP.DLL
0x00007ffdd7a40000 - 0x00007ffdd7a6c000 	C:\WINDOWS\SYSTEM32\dbgcore.DLL
0x00007ffddd690000 - 0x00007ffddd713000 	C:\WINDOWS\System32\bcryptPrimitives.dll
0x00007ffdcdc60000 - 0x00007ffdcdc85000 	C:\Program Files\AdoptOpenJDK\jdk-16.0.1.9-hotspot\bin\java.dll
0x00007ffddd780000 - 0x00007ffdddebf000 	C:\WINDOWS\System32\SHELL32.dll
0x00007ffddaf90000 - 0x00007ffddb721000 	C:\WINDOWS\SYSTEM32\windows.storage.dll
0x00007ffddf340000 - 0x00007ffddf695000 	C:\WINDOWS\System32\combase.dll
0x00007ffddc8c0000 - 0x00007ffddc8ec000 	C:\WINDOWS\SYSTEM32\Wldp.dll
0x00007ffddf1b0000 - 0x00007ffddf25e000 	C:\WINDOWS\System32\SHCORE.dll
0x00007ffddeb80000 - 0x00007ffddebd5000 	C:\WINDOWS\System32\shlwapi.dll
0x00007ffddcd90000 - 0x00007ffddcdaf000 	C:\WINDOWS\SYSTEM32\profapi.dll
0x00007ffdd1910000 - 0x00007ffdd1929000 	C:\Program Files\AdoptOpenJDK\jdk-16.0.1.9-hotspot\bin\net.dll
0x00007ffdd6030000 - 0x00007ffdd613a000 	C:\WINDOWS\SYSTEM32\WINHTTP.dll
0x00007ffddc620000 - 0x00007ffddc68a000 	C:\WINDOWS\system32\mswsock.dll
0x00007ffdc9880000 - 0x00007ffdc9893000 	C:\Program Files\AdoptOpenJDK\jdk-16.0.1.9-hotspot\bin\nio.dll
0x00007ffdc9860000 - 0x00007ffdc9878000 	C:\Program Files\AdoptOpenJDK\jdk-16.0.1.9-hotspot\bin\zip.dll
0x00007ffdd7130000 - 0x00007ffdd7140000 	C:\Program Files\AdoptOpenJDK\jdk-16.0.1.9-hotspot\bin\verify.dll
0x00007ffdd69b0000 - 0x00007ffdd69d7000 	C:\Users\80010-02-05\.gradle\native\49d0259a56938c7f99b2704e745ce422c4f750a7a20b539a32ccef96729676b1\windows-amd64\native-platform.dll
0x00007ffdc5b20000 - 0x00007ffdc5cb6000 	C:\Users\80010-02-05\.gradle\native\12488b8bf47d2d4c9fbf2f6322a914ad602e24e48041cd04a747c6da556b65c4\windows-amd64\native-platform-file-events.dll
0x00007ffdd7060000 - 0x00007ffdd7069000 	C:\Program Files\AdoptOpenJDK\jdk-16.0.1.9-hotspot\bin\management.dll
0x00007ffdd69a0000 - 0x00007ffdd69ab000 	C:\Program Files\AdoptOpenJDK\jdk-16.0.1.9-hotspot\bin\management_ext.dll
0x00007ffddc800000 - 0x00007ffddc818000 	C:\WINDOWS\SYSTEM32\CRYPTSP.dll
0x00007ffddbef0000 - 0x00007ffddbf24000 	C:\WINDOWS\system32\rsaenh.dll
0x00007ffddd720000 - 0x00007ffddd747000 	C:\WINDOWS\System32\bcrypt.dll
0x00007ffddcd50000 - 0x00007ffddcd7e000 	C:\WINDOWS\SYSTEM32\USERENV.dll
0x00007ffddc820000 - 0x00007ffddc82c000 	C:\WINDOWS\SYSTEM32\CRYPTBASE.dll
0x00007ffddc2c0000 - 0x00007ffddc2fb000 	C:\WINDOWS\SYSTEM32\IPHLPAPI.DLL
0x00007ffddf080000 - 0x00007ffddf088000 	C:\WINDOWS\System32\NSI.dll
0x00007ffdd8810000 - 0x00007ffdd8827000 	C:\WINDOWS\SYSTEM32\dhcpcsvc6.DLL
0x00007ffdd8610000 - 0x00007ffdd862d000 	C:\WINDOWS\SYSTEM32\dhcpcsvc.DLL
0x00007ffddc300000 - 0x00007ffddc3cc000 	C:\WINDOWS\SYSTEM32\DNSAPI.dll
0x00007ffdd6750000 - 0x00007ffdd675e000 	C:\Program Files\AdoptOpenJDK\jdk-16.0.1.9-hotspot\bin\sunmscapi.dll
0x00007ffddd260000 - 0x00007ffddd3bf000 	C:\WINDOWS\System32\CRYPT32.dll
0x00007ffddc930000 - 0x00007ffddc957000 	C:\WINDOWS\SYSTEM32\ncrypt.dll
0x00007ffddc8f0000 - 0x00007ffddc92b000 	C:\WINDOWS\SYSTEM32\NTASN1.dll
0x00007ffdd21b0000 - 0x00007ffdd21b7000 	C:\WINDOWS\system32\wshunix.dll

dbghelp: loaded successfully - version: 4.0.5 - missing functions: none
symbol engine: initialized successfully - sym options: 0x614 - pdb path: .;C:\Program Files\AdoptOpenJDK\jdk-16.0.1.9-hotspot\bin;C:\WINDOWS\SYSTEM32;C:\WINDOWS\WinSxS\amd64_microsoft.windows.common-controls_6595b64144ccf1df_6.0.19041.1083_none_60bbe31371f34e71;C:\Program Files\AdoptOpenJDK\jdk-16.0.1.9-hotspot\bin\server;C:\Users\80010-02-05\.gradle\native\49d0259a56938c7f99b2704e745ce422c4f750a7a20b539a32ccef96729676b1\windows-amd64;C:\Users\80010-02-05\.gradle\native\12488b8bf47d2d4c9fbf2f6322a914ad602e24e48041cd04a747c6da556b65c4\windows-amd64

VM Arguments:
jvm_args: --add-opens=java.base/java.util=ALL-UNNAMED --add-opens=java.base/java.lang=ALL-UNNAMED --add-opens=java.base/java.lang.invoke=ALL-UNNAMED --add-opens=java.base/java.util=ALL-UNNAMED --add-opens=java.prefs/java.util.prefs=ALL-UNNAMED --add-opens=java.prefs/java.util.prefs=ALL-UNNAMED --add-opens=java.base/java.nio.charset=ALL-UNNAMED --add-opens=java.base/java.net=ALL-UNNAMED --add-opens=java.base/java.util.concurrent.atomic=ALL-UNNAMED -XX:MaxMetaspaceSize=256m -XX:+HeapDumpOnOutOfMemoryError -Xms256m -Xmx512m -Dfile.encoding=windows-1252 -Duser.country=FR -Duser.language=fr -Duser.variant 
java_command: org.gradle.launcher.daemon.bootstrap.GradleDaemon 7.0
java_class_path (initial): C:\Users\80010-02-05\.gradle\wrapper\dists\gradle-7.0-bin\2p9ebqfz6ilrfozi676ogco7n\gradle-7.0\lib\gradle-launcher-7.0.jar
Launcher Type: SUN_STANDARD

[Global flags]
     intx CICompilerCount                          = 3                                         {product} {ergonomic}
   size_t CompressedClassSpaceSize                 = 218103808                                 {product} {ergonomic}
     uint ConcGCThreads                            = 2                                         {product} {ergonomic}
     uint G1ConcRefinementThreads                  = 6                                         {product} {ergonomic}
   size_t G1HeapRegionSize                         = 1048576                                   {product} {ergonomic}
    uintx GCDrainStackTargetSize                   = 64                                        {product} {ergonomic}
     bool HeapDumpOnOutOfMemoryError               = true                                   {manageable} {command line}
   size_t InitialHeapSize                          = 268435456                                 {product} {command line}
   size_t MarkStackSize                            = 4194304                                   {product} {ergonomic}
   size_t MaxHeapSize                              = 536870912                                 {product} {command line}
   size_t MaxMetaspaceSize                         = 268435456                                 {product} {command line}
   size_t MaxNewSize                               = 321912832                                 {product} {ergonomic}
   size_t MinHeapDeltaBytes                        = 1048576                                   {product} {ergonomic}
   size_t MinHeapSize                              = 268435456                                 {product} {command line}
    uintx NonNMethodCodeHeapSize                   = 5832780                                {pd product} {ergonomic}
    uintx NonProfiledCodeHeapSize                  = 122912730                              {pd product} {ergonomic}
    uintx ProfiledCodeHeapSize                     = 122912730                              {pd product} {ergonomic}
    uintx ReservedCodeCacheSize                    = 251658240                              {pd product} {ergonomic}
     bool SegmentedCodeCache                       = true                                      {product} {ergonomic}
   size_t SoftMaxHeapSize                          = 536870912                              {manageable} {ergonomic}
     bool UseCompressedClassPointers               = true                           {product lp64_product} {ergonomic}
     bool UseCompressedOops                        = true                           {product lp64_product} {ergonomic}
     bool UseG1GC                                  = true                                      {product} {ergonomic}
     bool UseLargePagesIndividualAllocation        = false                                  {pd product} {ergonomic}

Logging:
Log output configuration:
 #0: stdout all=warning uptime,level,tags
 #1: stderr all=off uptime,level,tags

Environment Variables:
JAVA_HOME=C:\Program Files\AdoptOpenJDK\jdk-16.0.1.9-hotspot\
PATH=C:\Program Files\AdoptOpenJDK\jdk-16.0.1.9-hotspot\bin;C:\Program Files\AdoptOpenJDK\jdk-11.0.5.10-hotspot\bin;C:\WINDOWS\system32;C:\WINDOWS;C:\WINDOWS\System32\Wbem;C:\WINDOWS\System32\WindowsPowerShell\v1.0\;C:\WINDOWS\System32\OpenSSH\;C:\Program Files\Git\cmd;C:\Program Files\Symfony;C:\ProgramData\ComposerSetup\bin;C:\php;C:\Users\80010-02-05\AppData\Local\Microsoft\WindowsApps;C:\Users\80010-02-05\AppData\Local\Programs\Microsoft VS Code\bin;C:\php;C:\Users\80010-02-05\AppData\Roaming\Composer\vendor\bin
USERNAME=80010-02-05
OS=Windows_NT
PROCESSOR_IDENTIFIER=Intel64 Family 6 Model 158 Stepping 10, GenuineIntel



---------------  S Y S T E M  ---------------

OS:
 Windows 10 , 64 bit Build 19041 (10.0.19041.1023)
OS uptime: 8 days 6:42 hours

CPU: total 6 (initial active 6) (6 cores per cpu, 1 threads per core) family 6 model 158 stepping 10 microcode 0xb4, cx8, cmov, fxsr, mmx, 3dnowpref, sse, sse2, sse3, ssse3, sse4.1, sse4.2, popcnt, lzcnt, tsc, tscinvbit, avx, avx2, aes, erms, clmul, bmi1, bmi2, adx, fma, vzeroupper, clflush, clflushopt

Memory: 4k page, system-wide physical 16219M (8440M free)
TotalPageFile size 18651M (AvailPageFile size 6599M)
current process WorkingSet (physical memory assigned to process): 475M, peak: 479M
current process commit charge ("private bytes"): 519M, peak: 530M

vm_info: OpenJDK 64-Bit Server VM (16.0.1+9) for windows-amd64 JRE (16.0.1+9), built on Apr 21 2021 12:30:27 by "" with MS VC++ 16.7 (VS2019)

END.
