#
# A fatal error has been detected by the Java Runtime Environment:
#
#  EXCEPTION_ACCESS_VIOLATION (0xc0000005) at pc=0x00007ffdc5b4362e, pid=15208, tid=13436
#
# JRE version: OpenJDK Runtime Environment AdoptOpenJDK-16.0.1+9 (16.0.1+9) (build 16.0.1+9)
# Java VM: OpenJDK 64-Bit Server VM AdoptOpenJDK-16.0.1+9 (16.0.1+9, mixed mode, sharing, tiered, compressed oops, compressed class ptrs, g1 gc, windows-amd64)
# Problematic frame:
# C  [native-platform-file-events.dll+0x2362e]
#
# No core dump will be written. Minidumps are not enabled by default on client versions of Windows
#
# If you would like to submit a bug report, please visit:
#   https://github.com/AdoptOpenJDK/openjdk-support/issues
# The crash happened outside the Java Virtual Machine in native code.
# See problematic frame for where to report the bug.
#

---------------  S U M M A R Y ------------

Command Line: --add-opens=java.base/java.util=ALL-UNNAMED --add-opens=java.base/java.lang=ALL-UNNAMED --add-opens=java.base/java.lang.invoke=ALL-UNNAMED --add-opens=java.base/java.util=ALL-UNNAMED --add-opens=java.prefs/java.util.prefs=ALL-UNNAMED --add-opens=java.prefs/java.util.prefs=ALL-UNNAMED --add-opens=java.base/java.nio.charset=ALL-UNNAMED --add-opens=java.base/java.net=ALL-UNNAMED --add-opens=java.base/java.util.concurrent.atomic=ALL-UNNAMED -XX:MaxMetaspaceSize=256m -XX:+HeapDumpOnOutOfMemoryError -Xms256m -Xmx512m -Dfile.encoding=windows-1252 -Duser.country=FR -Duser.language=fr -Duser.variant org.gradle.launcher.daemon.bootstrap.GradleDaemon 7.0

Host: Intel(R) Core(TM) i5-8400 CPU @ 2.80GHz, 6 cores, 15G,  Windows 10 , 64 bit Build 19041 (10.0.19041.1023)
Time: Tue Jul 20 16:40:40 2021 Paris, Madrid (heure duild 19041 (10.0.19041.1023) elapsed time: 17.179691 seconds (0d 0h 0m 17s)

---------------  T H R E A D  ---------------

Current thread (0x000001cd47c1bfd0):  JavaThread "File watcher server" daemon [_thread_in_native, id=13436, stack(0x000000c6d1000000,0x000000c6d1100000)]

Stack: [0x000000c6d1000000,0x000000c6d1100000],  sp=0x000000c6d10fe960,  free space=1018k
Native frames: (J=compiled Java code, j=interpreted, Vv=VM code, C=native code)
C  [native-platform-file-events.dll+0x2362e]

Java frames: (J=compiled Java code, j=interpreted, Vv=VM code)
j  net.rubygrapefruit.platform.internal.jni.AbstractFileEventFunctions$NativeFileWatcher.executeRunLoop0(Ljava/lang/Object;)V+0
j  net.rubygrapefruit.platform.internal.jni.AbstractFileEventFunctions$NativeFileWatcher.access$100(Lnet/rubygrapefruit/platform/internal/jni/AbstractFileEventFunctions$NativeFileWatcher;Ljava/lang/Object;)V+2
j  net.rubygrapefruit.platform.internal.jni.AbstractFileEventFunctions$NativeFileWatcher$1.run()V+26
v  ~StubRoutines::call_stub

siginfo: EXCEPTION_ACCESS_VIOLATION (0xc0000005), reading address 0xffffffffffffffff


Register to memory mapping:

RIP=0x00007ffdc5b4362e native-platform-file-events.dll
RAX=0x2473636974736974 is an unknown value
RBX=0x0000000000000001 is an unknown value
RCX=0x2473636974736974 is an unknown value
RDX=0x000000c6d10fe9b8 is pointing into the stack for thread: 0x000001cd47c1bfd0
RSP=0x000000c6d10fe960 is pointing into the stack for thread: 0x000001cd47c1bfd0
RBP=0x000000c6d10ff358 is pointing into the stack for thread: 0x000001cd47c1bfd0
RSI=0x0 is NULL
RDI=0x00000000ffffffff is an unallocated location in the heap
R8 =0x000000c6d10fe9c0 is pointing into the stack for thread: 0x000001cd47c1bfd0
R9 =0x000000007ffe6000 points into unknown readable memory: 0x00000000546c6148 | 48 61 6c 54 00 00 00 00
R10=0x00000000546c6148 is an unknown value
R11=0x0000053a0e571ac8 is an unknown value
R12=0x0 is NULL
R13={method} {0x000001cd4af461f0} 'executeRunLoop0' '(Ljava/lang/Object;)V' in 'net/rubygrapefruit/platform/internal/jni/AbstractFileEventFunctions$NativeFileWatcher'
R14=0x000000c6d10ff380 is pointing into the stack for thread: 0x000001cd47c1bfd0
R15=0x000001cd47c1bfd0 is a thread


Registers:
RAX=0x2473636974736974, RBX=0x0000000000000001, RCX=0x2473636974736974, RDX=0x000000c6d10fe9b8
RSP=0x000000c6d10fe960, RBP=0x000000c6d10ff358, RSI=0x0000000000000000, RDI=0x00000000ffffffff
R8 =0x000000c6d10fe9c0, R9 =0x000000007ffe6000, R10=0x00000000546c6148, R11=0x0000053a0e571ac8
R12=0x0000000000000000, R13=0x000001cd4af461e8, R14=0x000000c6d10ff380, R15=0x000001cd47c1bfd0
RIP=0x00007ffdc5b4362e, EFLAGS=0x0000000000010202

Top of Stack: (sp=0x000000c6d10fe960)
0x000000c6d10fe960:   00028d000d6cf790 00028d000d5fd3e4
0x000000c6d10fe970:   00028d000d6cf790 00007ffdc5b5e965
0x000000c6d10fe980:   000000c6d10fea38 000000c6d10fe9b8
0x000000c6d10fe990:   000000c600000000 000000c6d10fe9c8
0x000000c6d10fe9a0:   000000c6d10f0001 00000687ae36d984
0x000000c6d10fe9b0:   000000c6d10fe9c0 0000000000000000
0x000000c6d10fe9c0:   00028d000d5fd3e4 00028d000d6cf790
0x000000c6d10fe9d0:   00000000ea9000d8 00007ffdc5b5e4f7
0x000000c6d10fe9e0:   000000c6d10fea38 000000c6d10fea30
0x000000c6d10fe9f0:   000001cd46c31590 00007ffdc5b4d473
0x000000c6d10fea00:   000000c600000000 000000c6d08fbdc0
0x000000c6d10fea10:   00028d000d6cf790 0000000000000000
0x000000c6d10fea20:   000000c600000000 000000c6d10fea90
0x000000c6d10fea30:   0000f04d98c9d846 0000000000000000
0x000000c6d10fea40:   000001cd4bd5fdd0 00007ffdc5b4385c
0x000000c6d10fea50:   2473636974736974 000001cd00000003 

Instructions: (pc=0x00007ffdc5b4362e)
0x00007ffdc5b4352e:   8b 00 48 89 44 24 38 48 8b 44 24 38 48 89 44 24
0x00007ffdc5b4353e:   58 48 8b 84 24 b0 00 00 00 48 83 c0 08 48 89 44
0x00007ffdc5b4354e:   24 40 48 8d 54 24 70 48 8b 4c 24 40 e8 84 1a fe
0x00007ffdc5b4355e:   ff 48 8b 00 48 89 44 24 48 48 8b 44 24 48 48 89
0x00007ffdc5b4356e:   44 24 60 4c 8b 4c 24 50 4c 8b 44 24 58 48 8b 54
0x00007ffdc5b4357e:   24 60 48 8d 4c 24 78 e8 b2 48 fe ff 48 8d 4c 24
0x00007ffdc5b4358e:   78 e8 a8 20 fe ff 48 8b c8 ff 15 6b ba 16 00 89
0x00007ffdc5b4359e:   44 24 24 83 7c 24 24 ff 74 15 8b 44 24 24 83 e0
0x00007ffdc5b435ae:   10 85 c0 74 0a c7 44 24 28 01 00 00 00 eb 08 c7
0x00007ffdc5b435be:   44 24 28 00 00 00 00 0f b6 44 24 28 88 44 24 20
0x00007ffdc5b435ce:   48 8d 4c 24 78 e8 04 49 fe ff 0f b6 44 24 20 48
0x00007ffdc5b435de:   8b 8c 24 98 00 00 00 48 33 cc e8 35 fe fd ff 48
0x00007ffdc5b435ee:   81 c4 a8 00 00 00 c3 cc cc cc cc cc cc cc cc cc
0x00007ffdc5b435fe:   cc cc 48 89 4c 24 08 48 81 ec e8 00 00 00 48 8b
0x00007ffdc5b4360e:   05 a5 1a 15 00 48 33 c4 48 89 84 24 d0 00 00 00
0x00007ffdc5b4361e:   c7 44 24 30 00 00 00 00 48 8b 84 24 f0 00 00 00
0x00007ffdc5b4362e:   83 78 68 03 0f 84 02 01 00 00 48 8b 84 24 f0 00
0x00007ffdc5b4363e:   00 00 48 8b 48 28 ff 15 c6 b9 16 00 89 44 24 38
0x00007ffdc5b4364e:   83 7c 24 38 00 0f 85 d0 00 00 00 ba 07 00 00 00
0x00007ffdc5b4365e:   48 8b 0d e3 69 15 00 e8 cd d9 fd ff 88 44 24 34
0x00007ffdc5b4366e:   0f b6 44 24 34 85 c0 0f 84 90 00 00 00 ff 15 97
0x00007ffdc5b4367e:   b9 16 00 89 44 24 3c 48 8b 84 24 f0 00 00 00 48
0x00007ffdc5b4368e:   83 c0 08 48 8b d0 48 8d 8c 24 90 00 00 00 e8 cd
0x00007ffdc5b4369e:   5b fe ff 48 89 44 24 40 48 8b 44 24 40 48 89 44
0x00007ffdc5b436ae:   24 48 8b 44 24 30 83 c8 01 89 44 24 30 48 8b 4c
0x00007ffdc5b436be:   24 48 e8 4e 4d fe ff 48 89 44 24 50 48 8b 84 24
0x00007ffdc5b436ce:   f0 00 00 00 48 8b 40 28 48 89 44 24 58 8b 44 24
0x00007ffdc5b436de:   3c 89 44 24 28 48 8b 44 24 50 48 89 44 24 20 4c
0x00007ffdc5b436ee:   8b 4c 24 58 4c 8d 05 67 4f 11 00 ba 07 00 00 00
0x00007ffdc5b436fe:   48 8b 0d 43 69 15 00 e8 71 67 fe ff 90 8b 44 24
0x00007ffdc5b4370e:   30 83 e0 01 85 c0 74 13 83 64 24 30 fe 48 8d 8c
0x00007ffdc5b4371e:   24 90 00 00 00 e8 eb 1a fe ff 90 eb 00 48 8b 84 


Stack slot to memory mapping:
stack at sp + 0 slots: 0x00028d000d6cf790 is an unknown value
stack at sp + 1 slots: 0x00028d000d5fd3e4 is an unknown value
stack at sp + 2 slots: 0x00028d000d6cf790 is an unknown value
stack at sp + 3 slots: 0x00007ffdc5b5e965 native-platform-file-events.dll
stack at sp + 4 slots: 0x000000c6d10fea38 is pointing into the stack for thread: 0x000001cd47c1bfd0
stack at sp + 5 slots: 0x000000c6d10fe9b8 is pointing into the stack for thread: 0x000001cd47c1bfd0
stack at sp + 6 slots: 0x000000c600000000 is an unknown value
stack at sp + 7 slots: 0x000000c6d10fe9c8 is pointing into the stack for thread: 0x000001cd47c1bfd0


---------------  P R O C E S S  ---------------

Threads class SMR info:
_java_thread_list=0x000001cd4bd61060, length=50, elements={
0x000001cd2820c5c0, 0x000001cd456ef430, 0x000001cd456f0200, 0x000001cd457016c0,
0x000001cd45705250, 0x000001cd45705b60, 0x000001cd45707480, 0x000001cd4570a930,
0x000001cd4570d6f0, 0x000001cd4570dc50, 0x000001cd46206ae0, 0x000001cd4620c020,
0x000001cd4727e4c0, 0x000001cd473ca820, 0x000001cd47f0c250, 0x000001cd483fc1f0,
0x000001cd480d9a70, 0x000001cd47c1cfc0, 0x000001cd47c1ca70, 0x000001cd47c1aa90,
0x000001cd47c1b530, 0x000001cd47c1d510, 0x000001cd47c1c520, 0x000001cd47c1a540,
0x000001cd47c1ba80, 0x000001cd47c1da60, 0x000001cd47c1bfd0, 0x000001cd48426070,
0x000001cd48427060, 0x000001cd484285a0, 0x000001cd484265c0, 0x000001cd48427b00,
0x000001cd48428af0, 0x000001cd48426b10, 0x000001cd48429590, 0x000001cd49ba7630,
0x000001cd49ba90c0, 0x000001cd49ba80d0, 0x000001cd49ba8b70, 0x000001cd49ba7b80,
0x000001cd49bab5f0, 0x000001cd49badb20, 0x000001cd49bad080, 0x000001cd49ba8620,
0x000001cd49ba9b60, 0x000001cd49bacb30, 0x000001cd4d358680, 0x000001cd4d357be0,
0x000001cd4d3546c0, 0x000001cd4d357140
}

Java Threads: ( => current thread )
  0x000001cd2820c5c0 JavaThread "main" [_thread_blocked, id=10868, stack(0x000000c6ce800000,0x000000c6ce900000)]
  0x000001cd456ef430 JavaThread "Reference Handler" daemon [_thread_blocked, id=1184, stack(0x000000c6cef00000,0x000000c6cf000000)]
  0x000001cd456f0200 JavaThread "Finalizer" daemon [_thread_blocked, id=4892, stack(0x000000c6cf000000,0x000000c6cf100000)]
  0x000001cd457016c0 JavaThread "Signal Dispatcher" daemon [_thread_blocked, id=3088, stack(0x000000c6cf100000,0x000000c6cf200000)]
  0x000001cd45705250 JavaThread "Attach Listener" daemon [_thread_blocked, id=14556, stack(0x000000c6cf200000,0x000000c6cf300000)]
  0x000001cd45705b60 JavaThread "Service Thread" daemon [_thread_blocked, id=11192, stack(0x000000c6cf300000,0x000000c6cf400000)]
  0x000001cd45707480 JavaThread "Monitor Deflation Thread" daemon [_thread_blocked, id=3124, stack(0x000000c6cf400000,0x000000c6cf500000)]
  0x000001cd4570a930 JavaThread "C2 CompilerThread0" daemon [_thread_in_native, id=10124, stack(0x000000c6cf500000,0x000000c6cf600000)]
  0x000001cd4570d6f0 JavaThread "C1 CompilerThread0" daemon [_thread_blocked, id=14588, stack(0x000000c6cf600000,0x000000c6cf700000)]
  0x000001cd4570dc50 JavaThread "Sweeper thread" daemon [_thread_blocked, id=4952, stack(0x000000c6cf700000,0x000000c6cf800000)]
  0x000001cd46206ae0 JavaThread "Common-Cleaner" daemon [_thread_blocked, id=14500, stack(0x000000c6cf800000,0x000000c6cf900000)]
  0x000001cd4620c020 JavaThread "Notification Thread" daemon [_thread_blocked, id=6468, stack(0x000000c6cf900000,0x000000c6cfa00000)]
  0x000001cd4727e4c0 JavaThread "Daemon health stats" [_thread_blocked, id=4492, stack(0x000000c6d0200000,0x000000c6d0300000)]
  0x000001cd473ca820 JavaThread "Incoming local TCP Connector on port 55078" [_thread_in_native, id=3620, stack(0x000000c6d0300000,0x000000c6d0400000)]
  0x000001cd47f0c250 JavaThread "Daemon periodic checks" [_thread_blocked, id=10144, stack(0x000000c6d0400000,0x000000c6d0500000)]
  0x000001cd483fc1f0 JavaThread "Daemon" [_thread_blocked, id=8196, stack(0x000000c6d0500000,0x000000c6d0600000)]
  0x000001cd480d9a70 JavaThread "Handler for socket connection from /127.0.0.1:55078 to /127.0.0.1:55079" [_thread_in_native, id=14476, stack(0x000000c6d0600000,0x000000c6d0700000)]
  0x000001cd47c1cfc0 JavaThread "Cancel handler" [_thread_blocked, id=2296, stack(0x000000c6d0700000,0x000000c6d0800000)]
  0x000001cd47c1ca70 JavaThread "Daemon worker" [_thread_in_native, id=12456, stack(0x000000c6d0800000,0x000000c6d0900000)]
  0x000001cd47c1aa90 JavaThread "Asynchronous log dispatcher for DefaultDaemonConnection: socket connection from /127.0.0.1:55078 to /127.0.0.1:55079" [_thread_blocked, id=11048, stack(0x000000c6d0900000,0x000000c6d0a00000)]
  0x000001cd47c1b530 JavaThread "Stdin handler" [_thread_blocked, id=15068, stack(0x000000c6d0a00000,0x000000c6d0b00000)]
  0x000001cd47c1d510 JavaThread "Daemon client event forwarder" [_thread_blocked, id=3564, stack(0x000000c6d0b00000,0x000000c6d0c00000)]
  0x000001cd47c1c520 JavaThread "Cache worker for file hash cache (C:\Users\80010-02-05\.gradle\caches\7.0\fileHashes)" [_thread_blocked, id=15212, stack(0x000000c6d0c00000,0x000000c6d0d00000)]
  0x000001cd47c1a540 JavaThread "File lock request listener" [_thread_in_native, id=1520, stack(0x000000c6d0d00000,0x000000c6d0e00000)]
  0x000001cd47c1ba80 JavaThread "Cache worker for journal cache (C:\Users\80010-02-05\.gradle\caches\journal-1)" [_thread_blocked, id=14620, stack(0x000000c6d0e00000,0x000000c6d0f00000)]
  0x000001cd47c1da60 Thread [stack: 0x000000c6d0f00000,0x000000c6d1000000] [id=14632]
=>0x000001cd47c1bfd0 JavaThread "File watcher server" daemon [_thread_in_native, id=13436, stack(0x000000c6d1000000,0x000000c6d1100000)]
  0x000001cd48426070 JavaThread "File watcher consumer" daemon [_thread_blocked, id=4636, stack(0x000000c6d1100000,0x000000c6d1200000)]
  0x000001cd48427060 JavaThread "Cache worker for checksums cache (U:\80010-02-05\CDA\calculatrice\.gradle\checksums)" [_thread_blocked, id=14868, stack(0x000000c6d1200000,0x000000c6d1300000)]
  0x000001cd484285a0 JavaThread "Cache worker for execution history cache (C:\Users\80010-02-05\.gradle\caches\7.0\executionHistory)" [_thread_blocked, id=8596, stack(0x000000c6d1500000,0x000000c6d1600000)]
  0x000001cd484265c0 JavaThread "jar transforms" [_thread_blocked, id=12616, stack(0x000000c6d1700000,0x000000c6d1800000)]
  0x000001cd48427b00 JavaThread "jar transforms Thread 2" [_thread_blocked, id=14952, stack(0x000000c6d1800000,0x000000c6d1900000)]
  0x000001cd48428af0 JavaThread "Cache worker for file content cache (C:\Users\80010-02-05\.gradle\caches\7.0\fileContent)" [_thread_blocked, id=3596, stack(0x000000c6d1900000,0x000000c6d1a00000)]
  0x000001cd48426b10 JavaThread "jar transforms Thread 3" [_thread_blocked, id=11156, stack(0x000000c6d1a00000,0x000000c6d1b00000)]
  0x000001cd48429590 JavaThread "jar transforms Thread 4" [_thread_blocked, id=14260, stack(0x000000c6d1b00000,0x000000c6d1c00000)]
  0x000001cd49ba7630 JavaThread "jar transforms Thread 5" [_thread_blocked, id=14796, stack(0x000000c6d1c00000,0x000000c6d1d00000)]
  0x000001cd49ba90c0 JavaThread "jar transforms Thread 6" [_thread_blocked, id=9884, stack(0x000000c6d1d00000,0x000000c6d1e00000)]
  0x000001cd49ba80d0 JavaThread "Cache worker for dependencies-accessors (U:\80010-02-05\CDA\calculatrice\.gradle\7.0\dependencies-accessors)" [_thread_blocked, id=15272, stack(0x000000c6d1e00000,0x000000c6d1f00000)]
  0x000001cd49ba8b70 JavaThread "Build operations" [_thread_blocked, id=9260, stack(0x000000c6d2000000,0x000000c6d2100000)]
  0x000001cd49ba7b80 JavaThread "Build operations Thread 2" [_thread_blocked, id=6800, stack(0x000000c6d2100000,0x000000c6d2200000)]
  0x000001cd49bab5f0 JavaThread "Build operations Thread 3" [_thread_blocked, id=8292, stack(0x000000c6d2200000,0x000000c6d2300000)]
  0x000001cd49badb20 JavaThread "Build operations Thread 4" [_thread_blocked, id=1152, stack(0x000000c6d2300000,0x000000c6d2400000)]
  0x000001cd49bad080 JavaThread "Build operations Thread 5" [_thread_blocked, id=12484, stack(0x000000c6d2400000,0x000000c6d2500000)]
  0x000001cd49ba8620 JavaThread "Build operations Thread 6" [_thread_blocked, id=11172, stack(0x000000c6d2500000,0x000000c6d2600000)]
  0x000001cd49ba9b60 JavaThread "Memory manager" [_thread_blocked, id=10704, stack(0x000000c6d2600000,0x000000c6d2700000)]
  0x000001cd49bacb30 JavaThread "Cache worker for Java compile cache (C:\Users\80010-02-05\.gradle\caches\7.0\javaCompile)" [_thread_blocked, id=4196, stack(0x000000c6d2d00000,0x000000c6d2e00000)]
  0x000001cd4d358680 JavaThread "Exec process" [_thread_blocked, id=11712, stack(0x000000c6d2f00000,0x000000c6d3000000)]
  0x000001cd4d357be0 JavaThread "Exec process Thread 2" [_thread_blocked, id=10756, stack(0x000000c6d3000000,0x000000c6d3100000)]
  0x000001cd4d3546c0 JavaThread "Exec process Thread 3" [_thread_blocked, id=14252, stack(0x000000c6d3100000,0x000000c6d3200000)]
  0x000001cd4d357140 JavaThread "DisconnectableInputStream source reader" daemon [_thread_blocked, id=2100, stack(0x000000c6cfb00000,0x000000c6cfc00000)]

Other Threads:
  0x000001cd456e8d20 VMThread "VM Thread" [stack: 0x000000c6cee00000,0x000000c6cef00000] [id=9864]
  0x000001cd4620c540 WatcherThread [stack: 0x000000c6cfa00000,0x000000c6cfb00000] [id=14236]
  0x000001cd282345b0 GCTaskThread "GC Thread#0" [stack: 0x000000c6ce900000,0x000000c6cea00000] [id=13084]
  0x000001cd46b855b0 GCTaskThread "GC Thread#1" [stack: 0x000000c6cfc00000,0x000000c6cfd00000] [id=9280]
  0x000001cd46b858c0 GCTaskThread "GC Thread#2" [stack: 0x000000c6cfd00000,0x000000c6cfe00000] [id=3340]
  0x000001cd46aa5020 GCTaskThread "GC Thread#3" [stack: 0x000000c6cfe00000,0x000000c6cff00000] [id=13560]
  0x000001cd46aa5330 GCTaskThread "GC Thread#4" [stack: 0x000000c6cff00000,0x000000c6d0000000] [id=5548]
  0x000001cd46aa5640 GCTaskThread "GC Thread#5" [stack: 0x000000c6d0000000,0x000000c6d0100000] [id=6672]
  0x000001cd28239600 ConcurrentGCThread "G1 Main Marker" [stack: 0x000000c6cea00000,0x000000c6ceb00000] [id=3184]
  0x000001cd2823a000 ConcurrentGCThread "G1 Conc#0" [stack: 0x000000c6ceb00000,0x000000c6cec00000] [id=4204]
  0x000001cd48995190 ConcurrentGCThread "G1 Conc#1" [stack: 0x000000c6d1600000,0x000000c6d1700000] [id=1968]
  0x000001cd282ebe60 ConcurrentGCThread "G1 Refine#0" [stack: 0x000000c6cec00000,0x000000c6ced00000] [id=5412]
  0x000001cd463563c0 ConcurrentGCThread "G1 Refine#1" [stack: 0x000000c6d0100000,0x000000c6d0200000] [id=2068]
  0x000001cd282ec870 ConcurrentGCThread "G1 Service" [stack: 0x000000c6ced00000,0x000000c6cee00000] [id=14936]

Threads with active compile tasks:

VM state: not at safepoint (normal execution)

VM Mutex/Monitor currently owned by a thread: None

Heap address: 0x00000000e0000000, size: 512 MB, Compressed Oops mode: 32-bit

CDS archive(s) mapped at: [0x0000000800000000-0x0000000800bf0000-0x0000000800bf0000), size 12517376, SharedBaseAddress: 0x0000000800000000, ArchiveRelocationMode: 0.
Compressed class space mapped at: 0x0000000800c00000-0x000000080dc00000, reserved size: 218103808
Narrow klass base: 0x0000000800000000, Narrow klass shift: 3, Narrow klass range: 0x100000000

GC Precious Log:
 CPUs: 6 total, 6 available
 Memory: 16219M
 Large Page Support: Disabled
 NUMA Support: Disabled
 Compressed Oops: Enabled (32-bit)
 Heap Region Size: 1M
 Heap Min Capacity: 256M
 Heap Initial Capacity: 256M
 Heap Max Capacity: 512M
 Pre-touch: Disabled
 Parallel Workers: 6
 Concurrent Workers: 2
 Concurrent Refinement Workers: 6
 Periodic GC: Disabled

Heap:
 garbage-first heap   total 262144K, used 58774K [0x00000000e0000000, 0x0000000100000000)
  region size 1024K, 40 young (40960K), 20 survivors (20480K)
 Metaspace       used 55849K, committed 56320K, reserved 262144K
  class space    used 7600K, committed 7808K, reserved 212992K

Heap Regions: E=young(eden), S=young(survivor), O=old, HS=humongous(starts), HC=humongous(continues), CS=collection set, F=free, OA=open archive, CA=closed archive, TAMS=top-at-mark-start (previous, next)
|   0|0x00000000e0000000, 0x00000000e0100000, 0x00000000e0100000|100%| O|  |TAMS 0x00000000e0100000, 0x00000000e0000000| Untracked 
|   1|0x00000000e0100000, 0x00000000e0200000, 0x00000000e0200000|100%| O|  |TAMS 0x00000000e01fde00, 0x00000000e0100000| Untracked 
|   2|0x00000000e0200000, 0x00000000e0300000, 0x00000000e0300000|100%| O|  |TAMS 0x00000000e0200000, 0x00000000e0200000| Untracked 
|   3|0x00000000e0300000, 0x00000000e0400000, 0x00000000e0400000|100%|HS|  |TAMS 0x00000000e0400000, 0x00000000e0300000| Complete 
|   4|0x00000000e0400000, 0x00000000e0500000, 0x00000000e0500000|100%|HC|  |TAMS 0x00000000e0500000, 0x00000000e0400000| Complete 
|   5|0x00000000e0500000, 0x00000000e0600000, 0x00000000e0600000|100%|HC|  |TAMS 0x00000000e0600000, 0x00000000e0500000| Complete 
|   6|0x00000000e0600000, 0x00000000e0700000, 0x00000000e0700000|100%| O|  |TAMS 0x00000000e0700000, 0x00000000e0600000| Untracked 
|   7|0x00000000e0700000, 0x00000000e0800000, 0x00000000e0800000|100%| O|  |TAMS 0x00000000e0800000, 0x00000000e0700000| Untracked 
|   8|0x00000000e0800000, 0x00000000e0900000, 0x00000000e0900000|100%| O|  |TAMS 0x00000000e0900000, 0x00000000e0800000| Untracked 
|   9|0x00000000e0900000, 0x00000000e0a00000, 0x00000000e0a00000|100%| O|  |TAMS 0x00000000e0a00000, 0x00000000e0900000| Untracked 
|  10|0x00000000e0a00000, 0x00000000e0b00000, 0x00000000e0b00000|100%| O|  |TAMS 0x00000000e0a00000, 0x00000000e0a00000| Untracked 
|  11|0x00000000e0b00000, 0x00000000e0c00000, 0x00000000e0c00000|100%| O|  |TAMS 0x00000000e0b00000, 0x00000000e0b00000| Untracked 
|  12|0x00000000e0c00000, 0x00000000e0d00000, 0x00000000e0d00000|100%| O|  |TAMS 0x00000000e0c00000, 0x00000000e0c00000| Untracked 
|  13|0x00000000e0d00000, 0x00000000e0e00000, 0x00000000e0e00000|100%| O|  |TAMS 0x00000000e0d00000, 0x00000000e0d00000| Untracked 
|  14|0x00000000e0e00000, 0x00000000e0f00000, 0x00000000e0f00000|100%| O|  |TAMS 0x00000000e0e00000, 0x00000000e0e00000| Untracked 
|  15|0x00000000e0f00000, 0x00000000e1000000, 0x00000000e1000000|100%| O|  |TAMS 0x00000000e0f00000, 0x00000000e0f00000| Untracked 
|  16|0x00000000e1000000, 0x00000000e1100000, 0x00000000e1100000|100%| O|  |TAMS 0x00000000e1000000, 0x00000000e1000000| Untracked 
|  17|0x00000000e1100000, 0x00000000e1200000, 0x00000000e1200000|100%| O|  |TAMS 0x00000000e1100000, 0x00000000e1100000| Untracked 
|  18|0x00000000e1200000, 0x00000000e12f7a00, 0x00000000e1300000| 96%| O|  |TAMS 0x00000000e1200000, 0x00000000e1200000| Untracked 
|  19|0x00000000e1300000, 0x00000000e1300000, 0x00000000e1400000|  0%| F|  |TAMS 0x00000000e1300000, 0x00000000e1300000| Untracked 
|  20|0x00000000e1400000, 0x00000000e1400000, 0x00000000e1500000|  0%| F|  |TAMS 0x00000000e1400000, 0x00000000e1400000| Untracked 
|  21|0x00000000e1500000, 0x00000000e1500000, 0x00000000e1600000|  0%| F|  |TAMS 0x00000000e1500000, 0x00000000e1500000| Untracked 
|  22|0x00000000e1600000, 0x00000000e1600000, 0x00000000e1700000|  0%| F|  |TAMS 0x00000000e1600000, 0x00000000e1600000| Untracked 
|  23|0x00000000e1700000, 0x00000000e1700000, 0x00000000e1800000|  0%| F|  |TAMS 0x00000000e1700000, 0x00000000e1700000| Untracked 
|  24|0x00000000e1800000, 0x00000000e1800000, 0x00000000e1900000|  0%| F|  |TAMS 0x00000000e1800000, 0x00000000e1800000| Untracked 
|  25|0x00000000e1900000, 0x00000000e1900000, 0x00000000e1a00000|  0%| F|  |TAMS 0x00000000e1900000, 0x00000000e1900000| Untracked 
|  26|0x00000000e1a00000, 0x00000000e1a00000, 0x00000000e1b00000|  0%| F|  |TAMS 0x00000000e1a00000, 0x00000000e1a00000| Untracked 
|  27|0x00000000e1b00000, 0x00000000e1b00000, 0x00000000e1c00000|  0%| F|  |TAMS 0x00000000e1b00000, 0x00000000e1b00000| Untracked 
|  28|0x00000000e1c00000, 0x00000000e1c00000, 0x00000000e1d00000|  0%| F|  |TAMS 0x00000000e1c00000, 0x00000000e1c00000| Untracked 
|  29|0x00000000e1d00000, 0x00000000e1d00000, 0x00000000e1e00000|  0%| F|  |TAMS 0x00000000e1d00000, 0x00000000e1d00000| Untracked 
|  30|0x00000000e1e00000, 0x00000000e1e00000, 0x00000000e1f00000|  0%| F|  |TAMS 0x00000000e1e00000, 0x00000000e1e00000| Untracked 
|  31|0x00000000e1f00000, 0x00000000e1f00000, 0x00000000e2000000|  0%| F|  |TAMS 0x00000000e1f00000, 0x00000000e1f00000| Untracked 
|  32|0x00000000e2000000, 0x00000000e2000000, 0x00000000e2100000|  0%| F|  |TAMS 0x00000000e2000000, 0x00000000e2000000| Untracked 
|  33|0x00000000e2100000, 0x00000000e2100000, 0x00000000e2200000|  0%| F|  |TAMS 0x00000000e2100000, 0x00000000e2100000| Untracked 
|  34|0x00000000e2200000, 0x00000000e2200000, 0x00000000e2300000|  0%| F|  |TAMS 0x00000000e2200000, 0x00000000e2200000| Untracked 
|  35|0x00000000e2300000, 0x00000000e2300000, 0x00000000e2400000|  0%| F|  |TAMS 0x00000000e2300000, 0x00000000e2300000| Untracked 
|  36|0x00000000e2400000, 0x00000000e2400000, 0x00000000e2500000|  0%| F|  |TAMS 0x00000000e2400000, 0x00000000e2400000| Untracked 
|  37|0x00000000e2500000, 0x00000000e2500000, 0x00000000e2600000|  0%| F|  |TAMS 0x00000000e2500000, 0x00000000e2500000| Untracked 
|  38|0x00000000e2600000, 0x00000000e2600000, 0x00000000e2700000|  0%| F|  |TAMS 0x00000000e2600000, 0x00000000e2600000| Untracked 
|  39|0x00000000e2700000, 0x00000000e2700000, 0x00000000e2800000|  0%| F|  |TAMS 0x00000000e2700000, 0x00000000e2700000| Untracked 
|  40|0x00000000e2800000, 0x00000000e2800000, 0x00000000e2900000|  0%| F|  |TAMS 0x00000000e2800000, 0x00000000e2800000| Untracked 
|  41|0x00000000e2900000, 0x00000000e2900000, 0x00000000e2a00000|  0%| F|  |TAMS 0x00000000e2900000, 0x00000000e2900000| Untracked 
|  42|0x00000000e2a00000, 0x00000000e2a00000, 0x00000000e2b00000|  0%| F|  |TAMS 0x00000000e2a00000, 0x00000000e2a00000| Untracked 
|  43|0x00000000e2b00000, 0x00000000e2b00000, 0x00000000e2c00000|  0%| F|  |TAMS 0x00000000e2b00000, 0x00000000e2b00000| Untracked 
|  44|0x00000000e2c00000, 0x00000000e2c00000, 0x00000000e2d00000|  0%| F|  |TAMS 0x00000000e2c00000, 0x00000000e2c00000| Untracked 
|  45|0x00000000e2d00000, 0x00000000e2d00000, 0x00000000e2e00000|  0%| F|  |TAMS 0x00000000e2d00000, 0x00000000e2d00000| Untracked 
|  46|0x00000000e2e00000, 0x00000000e2e00000, 0x00000000e2f00000|  0%| F|  |TAMS 0x00000000e2e00000, 0x00000000e2e00000| Untracked 
|  47|0x00000000e2f00000, 0x00000000e2f00000, 0x00000000e3000000|  0%| F|  |TAMS 0x00000000e2f00000, 0x00000000e2f00000| Untracked 
|  48|0x00000000e3000000, 0x00000000e3000000, 0x00000000e3100000|  0%| F|  |TAMS 0x00000000e3000000, 0x00000000e3000000| Untracked 
|  49|0x00000000e3100000, 0x00000000e3100000, 0x00000000e3200000|  0%| F|  |TAMS 0x00000000e3100000, 0x00000000e3100000| Untracked 
|  50|0x00000000e3200000, 0x00000000e3200000, 0x00000000e3300000|  0%| F|  |TAMS 0x00000000e3200000, 0x00000000e3200000| Untracked 
|  51|0x00000000e3300000, 0x00000000e3300000, 0x00000000e3400000|  0%| F|  |TAMS 0x00000000e3300000, 0x00000000e3300000| Untracked 
|  52|0x00000000e3400000, 0x00000000e3400000, 0x00000000e3500000|  0%| F|  |TAMS 0x00000000e3400000, 0x00000000e3400000| Untracked 
|  53|0x00000000e3500000, 0x00000000e3500000, 0x00000000e3600000|  0%| F|  |TAMS 0x00000000e3500000, 0x00000000e3500000| Untracked 
|  54|0x00000000e3600000, 0x00000000e3600000, 0x00000000e3700000|  0%| F|  |TAMS 0x00000000e3600000, 0x00000000e3600000| Untracked 
|  55|0x00000000e3700000, 0x00000000e3700000, 0x00000000e3800000|  0%| F|  |TAMS 0x00000000e3700000, 0x00000000e3700000| Untracked 
|  56|0x00000000e3800000, 0x00000000e3800000, 0x00000000e3900000|  0%| F|  |TAMS 0x00000000e3800000, 0x00000000e3800000| Untracked 
|  57|0x00000000e3900000, 0x00000000e3900000, 0x00000000e3a00000|  0%| F|  |TAMS 0x00000000e3900000, 0x00000000e3900000| Untracked 
|  58|0x00000000e3a00000, 0x00000000e3a00000, 0x00000000e3b00000|  0%| F|  |TAMS 0x00000000e3a00000, 0x00000000e3a00000| Untracked 
|  59|0x00000000e3b00000, 0x00000000e3b00000, 0x00000000e3c00000|  0%| F|  |TAMS 0x00000000e3b00000, 0x00000000e3b00000| Untracked 
|  60|0x00000000e3c00000, 0x00000000e3c00000, 0x00000000e3d00000|  0%| F|  |TAMS 0x00000000e3c00000, 0x00000000e3c00000| Untracked 
|  61|0x00000000e3d00000, 0x00000000e3d00000, 0x00000000e3e00000|  0%| F|  |TAMS 0x00000000e3d00000, 0x00000000e3d00000| Untracked 
|  62|0x00000000e3e00000, 0x00000000e3e00000, 0x00000000e3f00000|  0%| F|  |TAMS 0x00000000e3e00000, 0x00000000e3e00000| Untracked 
|  63|0x00000000e3f00000, 0x00000000e3f00000, 0x00000000e4000000|  0%| F|  |TAMS 0x00000000e3f00000, 0x00000000e3f00000| Untracked 
|  64|0x00000000e4000000, 0x00000000e4000000, 0x00000000e4100000|  0%| F|  |TAMS 0x00000000e4000000, 0x00000000e4000000| Untracked 
|  65|0x00000000e4100000, 0x00000000e4100000, 0x00000000e4200000|  0%| F|  |TAMS 0x00000000e4100000, 0x00000000e4100000| Untracked 
|  66|0x00000000e4200000, 0x00000000e4200000, 0x00000000e4300000|  0%| F|  |TAMS 0x00000000e4200000, 0x00000000e4200000| Untracked 
|  67|0x00000000e4300000, 0x00000000e4300000, 0x00000000e4400000|  0%| F|  |TAMS 0x00000000e4300000, 0x00000000e4300000| Untracked 
|  68|0x00000000e4400000, 0x00000000e4400000, 0x00000000e4500000|  0%| F|  |TAMS 0x00000000e4400000, 0x00000000e4400000| Untracked 
|  69|0x00000000e4500000, 0x00000000e4500000, 0x00000000e4600000|  0%| F|  |TAMS 0x00000000e4500000, 0x00000000e4500000| Untracked 
|  70|0x00000000e4600000, 0x00000000e4600000, 0x00000000e4700000|  0%| F|  |TAMS 0x00000000e4600000, 0x00000000e4600000| Untracked 
|  71|0x00000000e4700000, 0x00000000e4700000, 0x00000000e4800000|  0%| F|  |TAMS 0x00000000e4700000, 0x00000000e4700000| Untracked 
|  72|0x00000000e4800000, 0x00000000e4800000, 0x00000000e4900000|  0%| F|  |TAMS 0x00000000e4800000, 0x00000000e4800000| Untracked 
|  73|0x00000000e4900000, 0x00000000e4900000, 0x00000000e4a00000|  0%| F|  |TAMS 0x00000000e4900000, 0x00000000e4900000| Untracked 
|  74|0x00000000e4a00000, 0x00000000e4a00000, 0x00000000e4b00000|  0%| F|  |TAMS 0x00000000e4a00000, 0x00000000e4a00000| Untracked 
|  75|0x00000000e4b00000, 0x00000000e4b00000, 0x00000000e4c00000|  0%| F|  |TAMS 0x00000000e4b00000, 0x00000000e4b00000| Untracked 
|  76|0x00000000e4c00000, 0x00000000e4c00000, 0x00000000e4d00000|  0%| F|  |TAMS 0x00000000e4c00000, 0x00000000e4c00000| Untracked 
|  77|0x00000000e4d00000, 0x00000000e4d00000, 0x00000000e4e00000|  0%| F|  |TAMS 0x00000000e4d00000, 0x00000000e4d00000| Untracked 
|  78|0x00000000e4e00000, 0x00000000e4e00000, 0x00000000e4f00000|  0%| F|  |TAMS 0x00000000e4e00000, 0x00000000e4e00000| Untracked 
|  79|0x00000000e4f00000, 0x00000000e4f00000, 0x00000000e5000000|  0%| F|  |TAMS 0x00000000e4f00000, 0x00000000e4f00000| Untracked 
|  80|0x00000000e5000000, 0x00000000e5000000, 0x00000000e5100000|  0%| F|  |TAMS 0x00000000e5000000, 0x00000000e5000000| Untracked 
|  81|0x00000000e5100000, 0x00000000e5100000, 0x00000000e5200000|  0%| F|  |TAMS 0x00000000e5100000, 0x00000000e5100000| Untracked 
|  82|0x00000000e5200000, 0x00000000e5200000, 0x00000000e5300000|  0%| F|  |TAMS 0x00000000e5200000, 0x00000000e5200000| Untracked 
|  83|0x00000000e5300000, 0x00000000e536de48, 0x00000000e5400000| 42%| S|CS|TAMS 0x00000000e5300000, 0x00000000e5300000| Complete 
|  84|0x00000000e5400000, 0x00000000e5500000, 0x00000000e5500000|100%| S|CS|TAMS 0x00000000e5400000, 0x00000000e5400000| Complete 
|  85|0x00000000e5500000, 0x00000000e5600000, 0x00000000e5600000|100%| S|CS|TAMS 0x00000000e5500000, 0x00000000e5500000| Complete 
|  86|0x00000000e5600000, 0x00000000e5700000, 0x00000000e5700000|100%| S|CS|TAMS 0x00000000e5600000, 0x00000000e5600000| Complete 
|  87|0x00000000e5700000, 0x00000000e5800000, 0x00000000e5800000|100%| S|CS|TAMS 0x00000000e5700000, 0x00000000e5700000| Complete 
|  88|0x00000000e5800000, 0x00000000e5900000, 0x00000000e5900000|100%| S|CS|TAMS 0x00000000e5800000, 0x00000000e5800000| Complete 
|  89|0x00000000e5900000, 0x00000000e5a00000, 0x00000000e5a00000|100%| S|CS|TAMS 0x00000000e5900000, 0x00000000e5900000| Complete 
|  90|0x00000000e5a00000, 0x00000000e5b00000, 0x00000000e5b00000|100%| S|CS|TAMS 0x00000000e5a00000, 0x00000000e5a00000| Complete 
|  91|0x00000000e5b00000, 0x00000000e5c00000, 0x00000000e5c00000|100%| S|CS|TAMS 0x00000000e5b00000, 0x00000000e5b00000| Complete 
|  92|0x00000000e5c00000, 0x00000000e5d00000, 0x00000000e5d00000|100%| S|CS|TAMS 0x00000000e5c00000, 0x00000000e5c00000| Complete 
|  93|0x00000000e5d00000, 0x00000000e5e00000, 0x00000000e5e00000|100%| S|CS|TAMS 0x00000000e5d00000, 0x00000000e5d00000| Complete 
|  94|0x00000000e5e00000, 0x00000000e5f00000, 0x00000000e5f00000|100%| S|CS|TAMS 0x00000000e5e00000, 0x00000000e5e00000| Complete 
|  95|0x00000000e5f00000, 0x00000000e6000000, 0x00000000e6000000|100%| S|CS|TAMS 0x00000000e5f00000, 0x00000000e5f00000| Complete 
|  96|0x00000000e6000000, 0x00000000e6100000, 0x00000000e6100000|100%| S|CS|TAMS 0x00000000e6000000, 0x00000000e6000000| Complete 
|  97|0x00000000e6100000, 0x00000000e6200000, 0x00000000e6200000|100%| S|CS|TAMS 0x00000000e6100000, 0x00000000e6100000| Complete 
|  98|0x00000000e6200000, 0x00000000e6300000, 0x00000000e6300000|100%| S|CS|TAMS 0x00000000e6200000, 0x00000000e6200000| Complete 
|  99|0x00000000e6300000, 0x00000000e6400000, 0x00000000e6400000|100%| S|CS|TAMS 0x00000000e6300000, 0x00000000e6300000| Complete 
| 100|0x00000000e6400000, 0x00000000e6500000, 0x00000000e6500000|100%| S|CS|TAMS 0x00000000e6400000, 0x00000000e6400000| Complete 
| 101|0x00000000e6500000, 0x00000000e6600000, 0x00000000e6600000|100%| S|CS|TAMS 0x00000000e6500000, 0x00000000e6500000| Complete 
| 102|0x00000000e6600000, 0x00000000e6700000, 0x00000000e6700000|100%| S|CS|TAMS 0x00000000e6600000, 0x00000000e6600000| Complete 
| 103|0x00000000e6700000, 0x00000000e6700000, 0x00000000e6800000|  0%| F|  |TAMS 0x00000000e6700000, 0x00000000e6700000| Untracked 
| 104|0x00000000e6800000, 0x00000000e6800000, 0x00000000e6900000|  0%| F|  |TAMS 0x00000000e6800000, 0x00000000e6800000| Untracked 
| 105|0x00000000e6900000, 0x00000000e6900000, 0x00000000e6a00000|  0%| F|  |TAMS 0x00000000e6900000, 0x00000000e6900000| Untracked 
| 106|0x00000000e6a00000, 0x00000000e6a00000, 0x00000000e6b00000|  0%| F|  |TAMS 0x00000000e6a00000, 0x00000000e6a00000| Untracked 
| 107|0x00000000e6b00000, 0x00000000e6b00000, 0x00000000e6c00000|  0%| F|  |TAMS 0x00000000e6b00000, 0x00000000e6b00000| Untracked 
| 108|0x00000000e6c00000, 0x00000000e6c00000, 0x00000000e6d00000|  0%| F|  |TAMS 0x00000000e6c00000, 0x00000000e6c00000| Untracked 
| 109|0x00000000e6d00000, 0x00000000e6d00000, 0x00000000e6e00000|  0%| F|  |TAMS 0x00000000e6d00000, 0x00000000e6d00000| Untracked 
| 110|0x00000000e6e00000, 0x00000000e6e00000, 0x00000000e6f00000|  0%| F|  |TAMS 0x00000000e6e00000, 0x00000000e6e00000| Untracked 
| 111|0x00000000e6f00000, 0x00000000e6f00000, 0x00000000e7000000|  0%| F|  |TAMS 0x00000000e6f00000, 0x00000000e6f00000| Untracked 
| 112|0x00000000e7000000, 0x00000000e7000000, 0x00000000e7100000|  0%| F|  |TAMS 0x00000000e7000000, 0x00000000e7000000| Untracked 
| 113|0x00000000e7100000, 0x00000000e7100000, 0x00000000e7200000|  0%| F|  |TAMS 0x00000000e7100000, 0x00000000e7100000| Untracked 
| 114|0x00000000e7200000, 0x00000000e7200000, 0x00000000e7300000|  0%| F|  |TAMS 0x00000000e7200000, 0x00000000e7200000| Untracked 
| 115|0x00000000e7300000, 0x00000000e7300000, 0x00000000e7400000|  0%| F|  |TAMS 0x00000000e7300000, 0x00000000e7300000| Untracked 
| 116|0x00000000e7400000, 0x00000000e7400000, 0x00000000e7500000|  0%| F|  |TAMS 0x00000000e7400000, 0x00000000e7400000| Untracked 
| 117|0x00000000e7500000, 0x00000000e7500000, 0x00000000e7600000|  0%| F|  |TAMS 0x00000000e7500000, 0x00000000e7500000| Untracked 
| 118|0x00000000e7600000, 0x00000000e7600000, 0x00000000e7700000|  0%| F|  |TAMS 0x00000000e7600000, 0x00000000e7600000| Untracked 
| 119|0x00000000e7700000, 0x00000000e7700000, 0x00000000e7800000|  0%| F|  |TAMS 0x00000000e7700000, 0x00000000e7700000| Untracked 
| 120|0x00000000e7800000, 0x00000000e7800000, 0x00000000e7900000|  0%| F|  |TAMS 0x00000000e7800000, 0x00000000e7800000| Untracked 
| 121|0x00000000e7900000, 0x00000000e7900000, 0x00000000e7a00000|  0%| F|  |TAMS 0x00000000e7900000, 0x00000000e7900000| Untracked 
| 122|0x00000000e7a00000, 0x00000000e7a00000, 0x00000000e7b00000|  0%| F|  |TAMS 0x00000000e7a00000, 0x00000000e7a00000| Untracked 
| 123|0x00000000e7b00000, 0x00000000e7b00000, 0x00000000e7c00000|  0%| F|  |TAMS 0x00000000e7b00000, 0x00000000e7b00000| Untracked 
| 124|0x00000000e7c00000, 0x00000000e7c00000, 0x00000000e7d00000|  0%| F|  |TAMS 0x00000000e7c00000, 0x00000000e7c00000| Untracked 
| 125|0x00000000e7d00000, 0x00000000e7d00000, 0x00000000e7e00000|  0%| F|  |TAMS 0x00000000e7d00000, 0x00000000e7d00000| Untracked 
| 126|0x00000000e7e00000, 0x00000000e7e00000, 0x00000000e7f00000|  0%| F|  |TAMS 0x00000000e7e00000, 0x00000000e7e00000| Untracked 
| 127|0x00000000e7f00000, 0x00000000e7f00000, 0x00000000e8000000|  0%| F|  |TAMS 0x00000000e7f00000, 0x00000000e7f00000| Untracked 
| 128|0x00000000e8000000, 0x00000000e8000000, 0x00000000e8100000|  0%| F|  |TAMS 0x00000000e8000000, 0x00000000e8000000| Untracked 
| 129|0x00000000e8100000, 0x00000000e8100000, 0x00000000e8200000|  0%| F|  |TAMS 0x00000000e8100000, 0x00000000e8100000| Untracked 
| 130|0x00000000e8200000, 0x00000000e8200000, 0x00000000e8300000|  0%| F|  |TAMS 0x00000000e8200000, 0x00000000e8200000| Untracked 
| 131|0x00000000e8300000, 0x00000000e8300000, 0x00000000e8400000|  0%| F|  |TAMS 0x00000000e8300000, 0x00000000e8300000| Untracked 
| 132|0x00000000e8400000, 0x00000000e8400000, 0x00000000e8500000|  0%| F|  |TAMS 0x00000000e8400000, 0x00000000e8400000| Untracked 
| 133|0x00000000e8500000, 0x00000000e8500000, 0x00000000e8600000|  0%| F|  |TAMS 0x00000000e8500000, 0x00000000e8500000| Untracked 
| 134|0x00000000e8600000, 0x00000000e8600000, 0x00000000e8700000|  0%| F|  |TAMS 0x00000000e8600000, 0x00000000e8600000| Untracked 
| 135|0x00000000e8700000, 0x00000000e8700000, 0x00000000e8800000|  0%| F|  |TAMS 0x00000000e8700000, 0x00000000e8700000| Untracked 
| 136|0x00000000e8800000, 0x00000000e8800000, 0x00000000e8900000|  0%| F|  |TAMS 0x00000000e8800000, 0x00000000e8800000| Untracked 
| 137|0x00000000e8900000, 0x00000000e8900000, 0x00000000e8a00000|  0%| F|  |TAMS 0x00000000e8900000, 0x00000000e8900000| Untracked 
| 138|0x00000000e8a00000, 0x00000000e8a00000, 0x00000000e8b00000|  0%| F|  |TAMS 0x00000000e8a00000, 0x00000000e8a00000| Untracked 
| 139|0x00000000e8b00000, 0x00000000e8b00000, 0x00000000e8c00000|  0%| F|  |TAMS 0x00000000e8b00000, 0x00000000e8b00000| Untracked 
| 140|0x00000000e8c00000, 0x00000000e8c00000, 0x00000000e8d00000|  0%| F|  |TAMS 0x00000000e8c00000, 0x00000000e8c00000| Untracked 
| 141|0x00000000e8d00000, 0x00000000e8d00000, 0x00000000e8e00000|  0%| F|  |TAMS 0x00000000e8d00000, 0x00000000e8d00000| Untracked 
| 142|0x00000000e8e00000, 0x00000000e8e00000, 0x00000000e8f00000|  0%| F|  |TAMS 0x00000000e8e00000, 0x00000000e8e00000| Untracked 
| 143|0x00000000e8f00000, 0x00000000e8f00000, 0x00000000e9000000|  0%| F|  |TAMS 0x00000000e8f00000, 0x00000000e8f00000| Untracked 
| 144|0x00000000e9000000, 0x00000000e9000000, 0x00000000e9100000|  0%| F|  |TAMS 0x00000000e9000000, 0x00000000e9000000| Untracked 
| 145|0x00000000e9100000, 0x00000000e9100000, 0x00000000e9200000|  0%| F|  |TAMS 0x00000000e9100000, 0x00000000e9100000| Untracked 
| 146|0x00000000e9200000, 0x00000000e9200000, 0x00000000e9300000|  0%| F|  |TAMS 0x00000000e9200000, 0x00000000e9200000| Untracked 
| 147|0x00000000e9300000, 0x00000000e9300000, 0x00000000e9400000|  0%| F|  |TAMS 0x00000000e9300000, 0x00000000e9300000| Untracked 
| 148|0x00000000e9400000, 0x00000000e9400000, 0x00000000e9500000|  0%| F|  |TAMS 0x00000000e9400000, 0x00000000e9400000| Untracked 
| 149|0x00000000e9500000, 0x00000000e9500000, 0x00000000e9600000|  0%| F|  |TAMS 0x00000000e9500000, 0x00000000e9500000| Untracked 
| 150|0x00000000e9600000, 0x00000000e9600000, 0x00000000e9700000|  0%| F|  |TAMS 0x00000000e9600000, 0x00000000e9600000| Untracked 
| 151|0x00000000e9700000, 0x00000000e9700000, 0x00000000e9800000|  0%| F|  |TAMS 0x00000000e9700000, 0x00000000e9700000| Untracked 
| 152|0x00000000e9800000, 0x00000000e9800000, 0x00000000e9900000|  0%| F|  |TAMS 0x00000000e9800000, 0x00000000e9800000| Untracked 
| 153|0x00000000e9900000, 0x00000000e9900000, 0x00000000e9a00000|  0%| F|  |TAMS 0x00000000e9900000, 0x00000000e9900000| Untracked 
| 154|0x00000000e9a00000, 0x00000000e9a00000, 0x00000000e9b00000|  0%| F|  |TAMS 0x00000000e9a00000, 0x00000000e9a00000| Untracked 
| 155|0x00000000e9b00000, 0x00000000e9b00000, 0x00000000e9c00000|  0%| F|  |TAMS 0x00000000e9b00000, 0x00000000e9b00000| Untracked 
| 156|0x00000000e9c00000, 0x00000000e9c00000, 0x00000000e9d00000|  0%| F|  |TAMS 0x00000000e9c00000, 0x00000000e9c00000| Untracked 
| 157|0x00000000e9d00000, 0x00000000e9d00000, 0x00000000e9e00000|  0%| F|  |TAMS 0x00000000e9d00000, 0x00000000e9d00000| Untracked 
| 158|0x00000000e9e00000, 0x00000000e9e00000, 0x00000000e9f00000|  0%| F|  |TAMS 0x00000000e9e00000, 0x00000000e9e00000| Untracked 
| 159|0x00000000e9f00000, 0x00000000e9f00000, 0x00000000ea000000|  0%| F|  |TAMS 0x00000000e9f00000, 0x00000000e9f00000| Untracked 
| 160|0x00000000ea000000, 0x00000000ea000000, 0x00000000ea100000|  0%| F|  |TAMS 0x00000000ea000000, 0x00000000ea000000| Untracked 
| 161|0x00000000ea100000, 0x00000000ea100000, 0x00000000ea200000|  0%| F|  |TAMS 0x00000000ea100000, 0x00000000ea100000| Untracked 
| 162|0x00000000ea200000, 0x00000000ea200000, 0x00000000ea300000|  0%| F|  |TAMS 0x00000000ea200000, 0x00000000ea200000| Untracked 
| 163|0x00000000ea300000, 0x00000000ea300000, 0x00000000ea400000|  0%| F|  |TAMS 0x00000000ea300000, 0x00000000ea300000| Untracked 
| 164|0x00000000ea400000, 0x00000000ea400000, 0x00000000ea500000|  0%| F|  |TAMS 0x00000000ea400000, 0x00000000ea400000| Untracked 
| 165|0x00000000ea500000, 0x00000000ea500000, 0x00000000ea600000|  0%| F|  |TAMS 0x00000000ea500000, 0x00000000ea500000| Untracked 
| 166|0x00000000ea600000, 0x00000000ea600000, 0x00000000ea700000|  0%| F|  |TAMS 0x00000000ea600000, 0x00000000ea600000| Untracked 
| 167|0x00000000ea700000, 0x00000000ea700000, 0x00000000ea800000|  0%| F|  |TAMS 0x00000000ea700000, 0x00000000ea700000| Untracked 
| 168|0x00000000ea800000, 0x00000000ea800000, 0x00000000ea900000|  0%| F|  |TAMS 0x00000000ea800000, 0x00000000ea800000| Untracked 
| 169|0x00000000ea900000, 0x00000000ea900000, 0x00000000eaa00000|  0%| F|  |TAMS 0x00000000ea900000, 0x00000000ea900000| Untracked 
| 170|0x00000000eaa00000, 0x00000000eaa00000, 0x00000000eab00000|  0%| F|  |TAMS 0x00000000eaa00000, 0x00000000eaa00000| Untracked 
| 171|0x00000000eab00000, 0x00000000eab00000, 0x00000000eac00000|  0%| F|  |TAMS 0x00000000eab00000, 0x00000000eab00000| Untracked 
| 172|0x00000000eac00000, 0x00000000eac00000, 0x00000000ead00000|  0%| F|  |TAMS 0x00000000eac00000, 0x00000000eac00000| Untracked 
| 173|0x00000000ead00000, 0x00000000ead00000, 0x00000000eae00000|  0%| F|  |TAMS 0x00000000ead00000, 0x00000000ead00000| Untracked 
| 174|0x00000000eae00000, 0x00000000eae00000, 0x00000000eaf00000|  0%| F|  |TAMS 0x00000000eae00000, 0x00000000eae00000| Untracked 
| 175|0x00000000eaf00000, 0x00000000eaf00000, 0x00000000eb000000|  0%| F|  |TAMS 0x00000000eaf00000, 0x00000000eaf00000| Untracked 
| 176|0x00000000eb000000, 0x00000000eb000000, 0x00000000eb100000|  0%| F|  |TAMS 0x00000000eb000000, 0x00000000eb000000| Untracked 
| 177|0x00000000eb100000, 0x00000000eb100000, 0x00000000eb200000|  0%| F|  |TAMS 0x00000000eb100000, 0x00000000eb100000| Untracked 
| 178|0x00000000eb200000, 0x00000000eb200000, 0x00000000eb300000|  0%| F|  |TAMS 0x00000000eb200000, 0x00000000eb200000| Untracked 
| 179|0x00000000eb300000, 0x00000000eb300000, 0x00000000eb400000|  0%| F|  |TAMS 0x00000000eb300000, 0x00000000eb300000| Untracked 
| 180|0x00000000eb400000, 0x00000000eb400000, 0x00000000eb500000|  0%| F|  |TAMS 0x00000000eb400000, 0x00000000eb400000| Untracked 
| 181|0x00000000eb500000, 0x00000000eb500000, 0x00000000eb600000|  0%| F|  |TAMS 0x00000000eb500000, 0x00000000eb500000| Untracked 
| 182|0x00000000eb600000, 0x00000000eb600000, 0x00000000eb700000|  0%| F|  |TAMS 0x00000000eb600000, 0x00000000eb600000| Untracked 
| 183|0x00000000eb700000, 0x00000000eb700000, 0x00000000eb800000|  0%| F|  |TAMS 0x00000000eb700000, 0x00000000eb700000| Untracked 
| 184|0x00000000eb800000, 0x00000000eb800000, 0x00000000eb900000|  0%| F|  |TAMS 0x00000000eb800000, 0x00000000eb800000| Untracked 
| 185|0x00000000eb900000, 0x00000000eb900000, 0x00000000eba00000|  0%| F|  |TAMS 0x00000000eb900000, 0x00000000eb900000| Untracked 
| 186|0x00000000eba00000, 0x00000000eba00000, 0x00000000ebb00000|  0%| F|  |TAMS 0x00000000eba00000, 0x00000000eba00000| Untracked 
| 187|0x00000000ebb00000, 0x00000000ebb00000, 0x00000000ebc00000|  0%| F|  |TAMS 0x00000000ebb00000, 0x00000000ebb00000| Untracked 
| 188|0x00000000ebc00000, 0x00000000ebc00000, 0x00000000ebd00000|  0%| F|  |TAMS 0x00000000ebc00000, 0x00000000ebc00000| Untracked 
| 189|0x00000000ebd00000, 0x00000000ebd00000, 0x00000000ebe00000|  0%| F|  |TAMS 0x00000000ebd00000, 0x00000000ebd00000| Untracked 
| 190|0x00000000ebe00000, 0x00000000ebe00000, 0x00000000ebf00000|  0%| F|  |TAMS 0x00000000ebe00000, 0x00000000ebe00000| Untracked 
| 191|0x00000000ebf00000, 0x00000000ebf00000, 0x00000000ec000000|  0%| F|  |TAMS 0x00000000ebf00000, 0x00000000ebf00000| Untracked 
| 192|0x00000000ec000000, 0x00000000ec000000, 0x00000000ec100000|  0%| F|  |TAMS 0x00000000ec000000, 0x00000000ec000000| Untracked 
| 193|0x00000000ec100000, 0x00000000ec100000, 0x00000000ec200000|  0%| F|  |TAMS 0x00000000ec100000, 0x00000000ec100000| Untracked 
| 194|0x00000000ec200000, 0x00000000ec200000, 0x00000000ec300000|  0%| F|  |TAMS 0x00000000ec200000, 0x00000000ec200000| Untracked 
| 195|0x00000000ec300000, 0x00000000ec300000, 0x00000000ec400000|  0%| F|  |TAMS 0x00000000ec300000, 0x00000000ec300000| Untracked 
| 196|0x00000000ec400000, 0x00000000ec400000, 0x00000000ec500000|  0%| F|  |TAMS 0x00000000ec400000, 0x00000000ec400000| Untracked 
| 197|0x00000000ec500000, 0x00000000ec500000, 0x00000000ec600000|  0%| F|  |TAMS 0x00000000ec500000, 0x00000000ec500000| Untracked 
| 198|0x00000000ec600000, 0x00000000ec600000, 0x00000000ec700000|  0%| F|  |TAMS 0x00000000ec600000, 0x00000000ec600000| Untracked 
| 199|0x00000000ec700000, 0x00000000ec700000, 0x00000000ec800000|  0%| F|  |TAMS 0x00000000ec700000, 0x00000000ec700000| Untracked 
| 200|0x00000000ec800000, 0x00000000ec800000, 0x00000000ec900000|  0%| F|  |TAMS 0x00000000ec800000, 0x00000000ec800000| Untracked 
| 201|0x00000000ec900000, 0x00000000ec900000, 0x00000000eca00000|  0%| F|  |TAMS 0x00000000ec900000, 0x00000000ec900000| Untracked 
| 202|0x00000000eca00000, 0x00000000eca00000, 0x00000000ecb00000|  0%| F|  |TAMS 0x00000000eca00000, 0x00000000eca00000| Untracked 
| 203|0x00000000ecb00000, 0x00000000ecb00000, 0x00000000ecc00000|  0%| F|  |TAMS 0x00000000ecb00000, 0x00000000ecb00000| Untracked 
| 204|0x00000000ecc00000, 0x00000000ecc00000, 0x00000000ecd00000|  0%| F|  |TAMS 0x00000000ecc00000, 0x00000000ecc00000| Untracked 
| 205|0x00000000ecd00000, 0x00000000ecd00000, 0x00000000ece00000|  0%| F|  |TAMS 0x00000000ecd00000, 0x00000000ecd00000| Untracked 
| 206|0x00000000ece00000, 0x00000000ece00000, 0x00000000ecf00000|  0%| F|  |TAMS 0x00000000ece00000, 0x00000000ece00000| Untracked 
| 207|0x00000000ecf00000, 0x00000000ecf00000, 0x00000000ed000000|  0%| F|  |TAMS 0x00000000ecf00000, 0x00000000ecf00000| Untracked 
| 208|0x00000000ed000000, 0x00000000ed000000, 0x00000000ed100000|  0%| F|  |TAMS 0x00000000ed000000, 0x00000000ed000000| Untracked 
| 209|0x00000000ed100000, 0x00000000ed100000, 0x00000000ed200000|  0%| F|  |TAMS 0x00000000ed100000, 0x00000000ed100000| Untracked 
| 210|0x00000000ed200000, 0x00000000ed200000, 0x00000000ed300000|  0%| F|  |TAMS 0x00000000ed200000, 0x00000000ed200000| Untracked 
| 211|0x00000000ed300000, 0x00000000ed300000, 0x00000000ed400000|  0%| F|  |TAMS 0x00000000ed300000, 0x00000000ed300000| Untracked 
| 212|0x00000000ed400000, 0x00000000ed400000, 0x00000000ed500000|  0%| F|  |TAMS 0x00000000ed400000, 0x00000000ed400000| Untracked 
| 213|0x00000000ed500000, 0x00000000ed500000, 0x00000000ed600000|  0%| F|  |TAMS 0x00000000ed500000, 0x00000000ed500000| Untracked 
| 214|0x00000000ed600000, 0x00000000ed600000, 0x00000000ed700000|  0%| F|  |TAMS 0x00000000ed600000, 0x00000000ed600000| Untracked 
| 215|0x00000000ed700000, 0x00000000ed700000, 0x00000000ed800000|  0%| F|  |TAMS 0x00000000ed700000, 0x00000000ed700000| Untracked 
| 216|0x00000000ed800000, 0x00000000ed800000, 0x00000000ed900000|  0%| F|  |TAMS 0x00000000ed800000, 0x00000000ed800000| Untracked 
| 217|0x00000000ed900000, 0x00000000ed900000, 0x00000000eda00000|  0%| F|  |TAMS 0x00000000ed900000, 0x00000000ed900000| Untracked 
| 218|0x00000000eda00000, 0x00000000eda00000, 0x00000000edb00000|  0%| F|  |TAMS 0x00000000eda00000, 0x00000000eda00000| Untracked 
| 219|0x00000000edb00000, 0x00000000edb00000, 0x00000000edc00000|  0%| F|  |TAMS 0x00000000edb00000, 0x00000000edb00000| Untracked 
| 220|0x00000000edc00000, 0x00000000edc00000, 0x00000000edd00000|  0%| F|  |TAMS 0x00000000edc00000, 0x00000000edc00000| Untracked 
| 221|0x00000000edd00000, 0x00000000edd00000, 0x00000000ede00000|  0%| F|  |TAMS 0x00000000edd00000, 0x00000000edd00000| Untracked 
| 222|0x00000000ede00000, 0x00000000ede00000, 0x00000000edf00000|  0%| F|  |TAMS 0x00000000ede00000, 0x00000000ede00000| Untracked 
| 223|0x00000000edf00000, 0x00000000edf00000, 0x00000000ee000000|  0%| F|  |TAMS 0x00000000edf00000, 0x00000000edf00000| Untracked 
| 224|0x00000000ee000000, 0x00000000ee000000, 0x00000000ee100000|  0%| F|  |TAMS 0x00000000ee000000, 0x00000000ee000000| Untracked 
| 225|0x00000000ee100000, 0x00000000ee100000, 0x00000000ee200000|  0%| F|  |TAMS 0x00000000ee100000, 0x00000000ee100000| Untracked 
| 226|0x00000000ee200000, 0x00000000ee200000, 0x00000000ee300000|  0%| F|  |TAMS 0x00000000ee200000, 0x00000000ee200000| Untracked 
| 227|0x00000000ee300000, 0x00000000ee300000, 0x00000000ee400000|  0%| F|  |TAMS 0x00000000ee300000, 0x00000000ee300000| Untracked 
| 228|0x00000000ee400000, 0x00000000ee400000, 0x00000000ee500000|  0%| F|  |TAMS 0x00000000ee400000, 0x00000000ee400000| Untracked 
| 229|0x00000000ee500000, 0x00000000ee500000, 0x00000000ee600000|  0%| F|  |TAMS 0x00000000ee500000, 0x00000000ee500000| Untracked 
| 230|0x00000000ee600000, 0x00000000ee600000, 0x00000000ee700000|  0%| F|  |TAMS 0x00000000ee600000, 0x00000000ee600000| Untracked 
| 231|0x00000000ee700000, 0x00000000ee700000, 0x00000000ee800000|  0%| F|  |TAMS 0x00000000ee700000, 0x00000000ee700000| Untracked 
| 232|0x00000000ee800000, 0x00000000ee800000, 0x00000000ee900000|  0%| F|  |TAMS 0x00000000ee800000, 0x00000000ee800000| Untracked 
| 233|0x00000000ee900000, 0x00000000ee900000, 0x00000000eea00000|  0%| F|  |TAMS 0x00000000ee900000, 0x00000000ee900000| Untracked 
| 234|0x00000000eea00000, 0x00000000eea00000, 0x00000000eeb00000|  0%| F|  |TAMS 0x00000000eea00000, 0x00000000eea00000| Untracked 
| 235|0x00000000eeb00000, 0x00000000eeb00000, 0x00000000eec00000|  0%| F|  |TAMS 0x00000000eeb00000, 0x00000000eeb00000| Untracked 
| 236|0x00000000eec00000, 0x00000000eec38818, 0x00000000eed00000| 22%| E|  |TAMS 0x00000000eec00000, 0x00000000eec00000| Complete 
| 237|0x00000000eed00000, 0x00000000eee00000, 0x00000000eee00000|100%| E|CS|TAMS 0x00000000eed00000, 0x00000000eed00000| Complete 
| 238|0x00000000eee00000, 0x00000000eef00000, 0x00000000eef00000|100%| E|CS|TAMS 0x00000000eee00000, 0x00000000eee00000| Complete 
| 239|0x00000000eef00000, 0x00000000ef000000, 0x00000000ef000000|100%| E|CS|TAMS 0x00000000eef00000, 0x00000000eef00000| Complete 
| 240|0x00000000ef000000, 0x00000000ef100000, 0x00000000ef100000|100%| E|CS|TAMS 0x00000000ef000000, 0x00000000ef000000| Complete 
| 241|0x00000000ef100000, 0x00000000ef200000, 0x00000000ef200000|100%| E|CS|TAMS 0x00000000ef100000, 0x00000000ef100000| Complete 
| 242|0x00000000ef200000, 0x00000000ef300000, 0x00000000ef300000|100%| E|CS|TAMS 0x00000000ef200000, 0x00000000ef200000| Complete 
| 243|0x00000000ef300000, 0x00000000ef400000, 0x00000000ef400000|100%| E|CS|TAMS 0x00000000ef300000, 0x00000000ef300000| Complete 
| 244|0x00000000ef400000, 0x00000000ef500000, 0x00000000ef500000|100%| E|CS|TAMS 0x00000000ef400000, 0x00000000ef400000| Complete 
| 245|0x00000000ef500000, 0x00000000ef600000, 0x00000000ef600000|100%| E|CS|TAMS 0x00000000ef500000, 0x00000000ef500000| Complete 
| 246|0x00000000ef600000, 0x00000000ef700000, 0x00000000ef700000|100%| E|CS|TAMS 0x00000000ef600000, 0x00000000ef600000| Complete 
| 247|0x00000000ef700000, 0x00000000ef800000, 0x00000000ef800000|100%| E|CS|TAMS 0x00000000ef700000, 0x00000000ef700000| Complete 
| 248|0x00000000ef800000, 0x00000000ef900000, 0x00000000ef900000|100%| E|CS|TAMS 0x00000000ef800000, 0x00000000ef800000| Complete 
| 249|0x00000000ef900000, 0x00000000efa00000, 0x00000000efa00000|100%| E|CS|TAMS 0x00000000ef900000, 0x00000000ef900000| Complete 
| 250|0x00000000efa00000, 0x00000000efb00000, 0x00000000efb00000|100%| E|CS|TAMS 0x00000000efa00000, 0x00000000efa00000| Complete 
| 251|0x00000000efb00000, 0x00000000efc00000, 0x00000000efc00000|100%| E|CS|TAMS 0x00000000efb00000, 0x00000000efb00000| Complete 
| 252|0x00000000efc00000, 0x00000000efd00000, 0x00000000efd00000|100%| E|CS|TAMS 0x00000000efc00000, 0x00000000efc00000| Complete 
| 253|0x00000000efd00000, 0x00000000efe00000, 0x00000000efe00000|100%| E|CS|TAMS 0x00000000efd00000, 0x00000000efd00000| Complete 
| 254|0x00000000efe00000, 0x00000000eff00000, 0x00000000eff00000|100%| E|CS|TAMS 0x00000000efe00000, 0x00000000efe00000| Complete 
| 255|0x00000000eff00000, 0x00000000f0000000, 0x00000000f0000000|100%| E|CS|TAMS 0x00000000eff00000, 0x00000000eff00000| Complete 

Card table byte_map: [0x000001cd41cf0000,0x000001cd41df0000] _byte_map_base: 0x000001cd415f0000

Marking Bits (Prev, Next): (CMBitMap*) 0x000001cd28234bb0, (CMBitMap*) 0x000001cd28234bf0
 Prev Bits: [0x000001cd41ef0000, 0x000001cd426f0000)
 Next Bits: [0x000001cd426f0000, 0x000001cd42ef0000)

Polling page: 0x000001cd282f0000

Metaspace:

Usage:
  Non-class:     47.12 MB used.
      Class:      7.42 MB used.
       Both:     54.54 MB used.

Virtual space:
  Non-class space:       48.00 MB reserved,      47.38 MB ( 99%) committed,  6 nodes.
      Class space:      208.00 MB reserved,       7.62 MB (  4%) committed,  1 nodes.
              Both:      256.00 MB reserved,      55.00 MB ( 21%) committed. 

Chunk freelists:
   Non-Class:  613.00 KB
       Class:  418.00 KB
        Both:  1.01 MB

MaxMetaspaceSize: 256.00 MB
CompressedClassSpaceSize: 208.00 MB
 - commit_granule_bytes: 65536.
 - commit_granule_words: 8192.
 - virtual_space_node_default_size: 1048576.
 - enlarge_chunks_in_place: 1.
 - new_chunks_are_fully_committed: 0.
 - uncommit_free_chunks: 1.
 - use_allocation_guard: 0.
 - handle_deallocations: 1.


Internal statistics:

num_allocs_failed_limit: 6.
num_arena_births: 598.
num_arena_deaths: 0.
num_vsnodes_births: 7.
num_vsnodes_deaths: 0.
num_space_committed: 880.
num_space_uncommitted: 0.
num_chunks_returned_to_freelist: 6.
num_chunks_taken_from_freelist: 2788.
num_chunk_merges: 6.
num_chunk_splits: 1834.
num_chunks_enlarged: 1257.
num_purges: 0.

CodeHeap 'non-profiled nmethods': size=120000Kb used=2779Kb max_used=3274Kb free=117220Kb
 bounds [0x000001cd39e80000, 0x000001cd3a1c0000, 0x000001cd413b0000]
CodeHeap 'profiled nmethods': size=120000Kb used=10296Kb max_used=11847Kb free=109703Kb
 bounds [0x000001cd32950000, 0x000001cd334f0000, 0x000001cd39e80000]
CodeHeap 'non-nmethods': size=5760Kb used=2348Kb max_used=2437Kb free=3411Kb
 bounds [0x000001cd323b0000, 0x000001cd32630000, 0x000001cd32950000]
 total_blobs=6081 nmethods=5214 adapters=779
 compilation: enabled
              stopped_count=0, restarted_count=0
 full_count=0

Compilation events (20 events):
Event: 17.149 Thread 0x000001cd4570d6f0 nmethod 6035 0x000001cd32bb3f90 code [0x000001cd32bb4160, 0x000001cd32bb43b8]
Event: 17.149 Thread 0x000001cd4570d6f0 6036       3       kotlin.reflect.jvm.internal.impl.name.FqNameUnsafe::asString (13 bytes)
Event: 17.149 Thread 0x000001cd4570d6f0 nmethod 6036 0x000001cd32f3b390 code [0x000001cd32f3b540, 0x000001cd32f3b6c8]
Event: 17.149 Thread 0x000001cd4570d6f0 6037       3       kotlin.reflect.jvm.internal.impl.name.Name::asString (13 bytes)
Event: 17.149 Thread 0x000001cd4570d6f0 nmethod 6037 0x000001cd33083e90 code [0x000001cd33084040, 0x000001cd330841c8]
Event: 17.151 Thread 0x000001cd4570a930 6038       4       java.util.stream.AbstractPipeline::wrapSink (37 bytes)
Event: 17.152 Thread 0x000001cd4570d6f0 6039       1       java.util.stream.FindOps$FindOp::getOpFlags (5 bytes)
Event: 17.152 Thread 0x000001cd4570d6f0 nmethod 6039 0x000001cd39f44890 code [0x000001cd39f44a20, 0x000001cd39f44af8]
Event: 17.152 Thread 0x000001cd4570d6f0 6041       3       java.lang.StringUTF16::checkIndex (9 bytes)
Event: 17.152 Thread 0x000001cd4570d6f0 nmethod 6041 0x000001cd32bb3b10 code [0x000001cd32bb3cc0, 0x000001cd32bb3e48]
Event: 17.152 Thread 0x000001cd4570d6f0 6040       3       java.util.regex.Matcher::start (65 bytes)
Event: 17.152 Thread 0x000001cd4570a930 nmethod 6038 0x000001cd39fbdb10 code [0x000001cd39fbdca0, 0x000001cd39fbddb8]
Event: 17.152 Thread 0x000001cd4570d6f0 nmethod 6040 0x000001cd32df5210 code [0x000001cd32df5460, 0x000001cd32df5cc8]
Event: 17.153 Thread 0x000001cd4570a930 6043       4       jdk.internal.org.objectweb.asm.MethodWriter::visitFieldInsn (258 bytes)
Event: 17.155 Thread 0x000001cd4570d6f0 6044       3       org.gradle.internal.file.DefaultFileHierarchySet$Node::isChildOfOrThis (110 bytes)
Event: 17.156 Thread 0x000001cd4570d6f0 nmethod 6044 0x000001cd32a56910 code [0x000001cd32a56c40, 0x000001cd32a58218]
Event: 17.156 Thread 0x000001cd4570d6f0 6045       3       org.gradle.internal.file.DefaultFileHierarchySet$Node::contains (101 bytes)
Event: 17.156 Thread 0x000001cd4570d6f0 nmethod 6045 0x000001cd329a3f10 code [0x000001cd329a4160, 0x000001cd329a4b58]
Event: 17.157 Thread 0x000001cd4570a930 nmethod 6043 0x000001cd39fbcf90 code [0x000001cd39fbd160, 0x000001cd39fbd5f0]
Event: 17.158 Thread 0x000001cd4570a930 6046       4       sun.invoke.util.VerifyAccess::isClassAccessible (230 bytes)

GC Heap History (10 events):
Event: 0.399 GC heap before
{Heap before GC invocations=0 (full 0):
 garbage-first heap   total 262144K, used 26624K [0x00000000e0000000, 0x0000000100000000)
  region size 1024K, 21 young (21504K), 0 survivors (0K)
 Metaspace       used 3148K, committed 3328K, reserved 221184K
  class space    used 378K, committed 448K, reserved 212992K
}
Event: 0.401 GC heap after
{Heap after GC invocations=1 (full 0):
 garbage-first heap   total 262144K, used 9340K [0x00000000e0000000, 0x0000000100000000)
  region size 1024K, 3 young (3072K), 3 survivors (3072K)
 Metaspace       used 3148K, committed 3328K, reserved 221184K
  class space    used 378K, committed 448K, reserved 212992K
}
Event: 0.643 GC heap before
{Heap before GC invocations=1 (full 0):
 garbage-first heap   total 262144K, used 32892K [0x00000000e0000000, 0x0000000100000000)
  region size 1024K, 26 young (26624K), 3 survivors (3072K)
 Metaspace       used 4121K, committed 4288K, reserved 221184K
  class space    used 481K, committed 576K, reserved 212992K
}
Event: 0.645 GC heap after
{Heap after GC invocations=2 (full 0):
 garbage-first heap   total 262144K, used 9801K [0x00000000e0000000, 0x0000000100000000)
  region size 1024K, 1 young (1024K), 1 survivors (1024K)
 Metaspace       used 4121K, committed 4288K, reserved 221184K
  class space    used 481K, committed 576K, reserved 212992K
}
Event: 1.965 GC heap before
{Heap before GC invocations=2 (full 0):
 garbage-first heap   total 262144K, used 120393K [0x00000000e0000000, 0x0000000100000000)
  region size 1024K, 110 young (112640K), 1 survivors (1024K)
 Metaspace       used 20970K, committed 21248K, reserved 237568K
  class space    used 3031K, committed 3200K, reserved 212992K
}
Event: 1.971 GC heap after
{Heap after GC invocations=3 (full 0):
 garbage-first heap   total 262144K, used 19922K [0x00000000e0000000, 0x0000000100000000)
  region size 1024K, 11 young (11264K), 11 survivors (11264K)
 Metaspace       used 20970K, committed 21248K, reserved 237568K
  class space    used 3031K, committed 3200K, reserved 212992K
}
Event: 2.927 GC heap before
{Heap before GC invocations=4 (full 0):
 garbage-first heap   total 262144K, used 120274K [0x00000000e0000000, 0x0000000100000000)
  region size 1024K, 107 young (109568K), 11 survivors (11264K)
 Metaspace       used 35109K, committed 35520K, reserved 245760K
  class space    used 4646K, committed 4864K, reserved 212992K
}
Event: 2.935 GC heap after
{Heap after GC invocations=5 (full 0):
 garbage-first heap   total 262144K, used 28151K [0x00000000e0000000, 0x0000000100000000)
  region size 1024K, 18 young (18432K), 18 survivors (18432K)
 Metaspace       used 35109K, committed 35520K, reserved 245760K
  class space    used 4646K, committed 4864K, reserved 212992K
}
Event: 4.895 GC heap before
{Heap before GC invocations=6 (full 0):
 garbage-first heap   total 262144K, used 165367K [0x00000000e0000000, 0x0000000100000000)
  region size 1024K, 153 young (156672K), 18 survivors (18432K)
 Metaspace       used 54015K, committed 54528K, reserved 262144K
  class space    used 7372K, committed 7616K, reserved 212992K
}
Event: 4.908 GC heap after
{Heap after GC invocations=7 (full 0):
 garbage-first heap   total 262144K, used 39318K [0x00000000e0000000, 0x0000000100000000)
  region size 1024K, 20 young (20480K), 20 survivors (20480K)
 Metaspace       used 54015K, committed 54528K, reserved 262144K
  class space    used 7372K, committed 7616K, reserved 212992K
}

Deoptimization events (20 events):
Event: 5.021 Thread 0x000001cd49babb40 Uncommon trap: trap_request=0xffffffc6 fr.pc=0x000001cd3a1084d4 relative=0x0000000000000094
Event: 5.021 Thread 0x000001cd49babb40 Uncommon trap: reason=bimorphic_or_optimized_type_check action=maybe_recompile pc=0x000001cd3a1084d4 method=java.util.Collections$SetFromMap.remove(Ljava/lang/Object;)Z @ 5 c2
Event: 5.021 Thread 0x000001cd49babb40 DEOPT PACKING pc=0x000001cd3a1084d4 sp=0x000000c6d29fefd0
Event: 5.021 Thread 0x000001cd49babb40 DEOPT UNPACKING pc=0x000001cd323fd72e sp=0x000000c6d29fef68 mode 2
Event: 5.051 Thread 0x000001cd49babb40 Uncommon trap: trap_request=0xffffff45 fr.pc=0x000001cd3a16808c relative=0x00000000000009ac
Event: 5.051 Thread 0x000001cd49babb40 Uncommon trap: reason=unstable_if action=reinterpret pc=0x000001cd3a16808c method=java.lang.ClassLoader.checkCerts(Ljava/lang/String;Ljava/security/CodeSource;)V @ 30 c2
Event: 5.051 Thread 0x000001cd49babb40 DEOPT PACKING pc=0x000001cd3a16808c sp=0x000000c6d29fbab0
Event: 5.051 Thread 0x000001cd49babb40 DEOPT UNPACKING pc=0x000001cd323fd72e sp=0x000000c6d29fba18 mode 2
Event: 5.051 Thread 0x000001cd49babb40 Uncommon trap: trap_request=0xffffff45 fr.pc=0x000001cd3a1096f0 relative=0x0000000000000ad0
Event: 5.051 Thread 0x000001cd49babb40 Uncommon trap: reason=unstable_if action=reinterpret pc=0x000001cd3a1096f0 method=java.lang.ClassLoader.loadClass(Ljava/lang/String;Z)Ljava/lang/Class; @ 29 c2
Event: 5.051 Thread 0x000001cd49babb40 DEOPT PACKING pc=0x000001cd3a1096f0 sp=0x000000c6d29f7c80
Event: 5.051 Thread 0x000001cd49babb40 DEOPT UNPACKING pc=0x000001cd323fd72e sp=0x000000c6d29f7c48 mode 2
Event: 5.072 Thread 0x000001cd4d3546c0 Uncommon trap: trap_request=0xffffffde fr.pc=0x000001cd3a149680 relative=0x00000000000001c0
Event: 5.072 Thread 0x000001cd4d3546c0 Uncommon trap: reason=class_check action=maybe_recompile pc=0x000001cd3a149680 method=java.io.BufferedInputStream.read1([BII)I @ 39 c2
Event: 5.072 Thread 0x000001cd4d3546c0 DEOPT PACKING pc=0x000001cd3a149680 sp=0x000000c6d31feab0
Event: 5.072 Thread 0x000001cd4d3546c0 DEOPT UNPACKING pc=0x000001cd323fd72e sp=0x000000c6d31fea58 mode 2
Event: 17.114 Thread 0x000001cd49bab0a0 Uncommon trap: trap_request=0xffffff45 fr.pc=0x000001cd3a07a94c relative=0x000000000000004c
Event: 17.114 Thread 0x000001cd49bab0a0 Uncommon trap: reason=unstable_if action=reinterpret pc=0x000001cd3a07a94c method=java.lang.Thread.interrupted()Z @ 10 c2
Event: 17.114 Thread 0x000001cd49bab0a0 DEOPT PACKING pc=0x000001cd3a07a94c sp=0x000000c6d2bfef10
Event: 17.114 Thread 0x000001cd49bab0a0 DEOPT UNPACKING pc=0x000001cd323fd72e sp=0x000000c6d2bfeea0 mode 2

Classes unloaded (0 events):
No events

Classes redefined (0 events):
No events

Internal exceptions (20 events):
Event: 5.034 Thread 0x000001cd49babb40 Exception <a 'java/lang/ClassNotFoundException'{0x00000000ef6549a8}: org/gradle/api/tasks/JavaExecCustomizer> (0x00000000ef6549a8) 
thrown [e:\jenkins\tmp\workspace\build\src\src\hotspot\share\classfile\systemDictionary.cpp, line 256]
Event: 5.036 Thread 0x000001cd49babb40 Exception <a 'java/lang/ClassNotFoundException'{0x00000000ef6ae4e8}: org/gradle/api/tasks/JavaExec_DecoratedCustomizer> (0x00000000ef6ae4e8) 
thrown [e:\jenkins\tmp\workspace\build\src\src\hotspot\share\classfile\systemDictionary.cpp, line 256]
Event: 5.041 Thread 0x000001cd49babb40 Exception <a 'java/lang/ClassNotFoundException'{0x00000000ef5ee320}: org/gradle/api/internal/file/collections/DefaultConfigurableFileCollectionBeanInfo> (0x00000000ef5ee320) 
thrown [e:\jenkins\tmp\workspace\build\src\src\hotspot\share\classfile\systemDictionary.cpp, line 256]
Event: 5.041 Thread 0x000001cd49babb40 Exception <a 'java/lang/ClassNotFoundException'{0x00000000ef5f3fa8}: org/gradle/api/internal/file/CompositeFileCollectionBeanInfo> (0x00000000ef5f3fa8) 
thrown [e:\jenkins\tmp\workspace\build\src\src\hotspot\share\classfile\systemDictionary.cpp, line 256]
Event: 5.041 Thread 0x000001cd49babb40 Exception <a 'java/lang/ClassNotFoundException'{0x00000000ef5f9c20}: org/gradle/api/internal/file/AbstractFileCollectionBeanInfo> (0x00000000ef5f9c20) 
thrown [e:\jenkins\tmp\workspace\build\src\src\hotspot\share\classfile\systemDictionary.cpp, line 256]
Event: 5.042 Thread 0x000001cd49babb40 Exception <a 'java/lang/ClassNotFoundException'{0x00000000ef5ff868}: org/gradle/api/internal/file/AbstractFileCollectionCustomizer> (0x00000000ef5ff868) 
thrown [e:\jenkins\tmp\workspace\build\src\src\hotspot\share\classfile\systemDictionary.cpp, line 256]
Event: 5.042 Thread 0x000001cd49babb40 Exception <a 'java/lang/ClassNotFoundException'{0x00000000ef4178a0}: org/gradle/api/internal/file/CompositeFileCollectionCustomizer> (0x00000000ef4178a0) 
thrown [e:\jenkins\tmp\workspace\build\src\src\hotspot\share\classfile\systemDictionary.cpp, line 256]
Event: 5.043 Thread 0x000001cd49babb40 Exception <a 'java/lang/ClassNotFoundException'{0x00000000ef425c88}: org/gradle/api/internal/file/collections/DefaultConfigurableFileCollectionCustomizer> (0x00000000ef425c88) 
thrown [e:\jenkins\tmp\workspace\build\src\src\hotspot\share\classfile\systemDictionary.cpp, line 256]
Event: 5.047 Thread 0x000001cd49babb40 Exception <a 'java/lang/ClassNotFoundException'{0x00000000ef466848}: java/io/FileBeanInfo> (0x00000000ef466848) 
thrown [e:\jenkins\tmp\workspace\build\src\src\hotspot\share\classfile\systemDictionary.cpp, line 256]
Event: 5.047 Thread 0x000001cd49babb40 Exception <a 'java/lang/ClassNotFoundException'{0x00000000ef469c90}: java/io/FileCustomizer> (0x00000000ef469c90) 
thrown [e:\jenkins\tmp\workspace\build\src\src\hotspot\share\classfile\systemDictionary.cpp, line 256]
Event: 5.050 Thread 0x000001cd49babb40 Exception <a 'java/lang/ClassNotFoundException'{0x00000000ef38e880}: java/lang/StringBeanInfo> (0x00000000ef38e880) 
thrown [e:\jenkins\tmp\workspace\build\src\src\hotspot\share\classfile\systemDictionary.cpp, line 256]
Event: 5.050 Thread 0x000001cd49babb40 Exception <a 'java/lang/ClassNotFoundException'{0x00000000ef392078}: java/lang/StringCustomizer> (0x00000000ef392078) 
thrown [e:\jenkins\tmp\workspace\build\src\src\hotspot\share\classfile\systemDictionary.cpp, line 256]
Event: 5.051 Thread 0x000001cd49babb40 Implicit null exception at 0x000001cd3a167b6f to 0x000001cd3a168064
Event: 5.053 Thread 0x000001cd49babb40 Exception <a 'java/lang/NoSuchMethodError'{0x00000000ef3c8878}: 'void java.lang.invoke.DirectMethodHandle$Holder.invokeInterface(java.lang.Object, java.lang.Object, java.lang.Object, java.lang.Object)'> (0x00000000ef3c8878) 
thrown [e:\jenkins\tmp\workspace\build\src\src\hotspot\share\interpreter\linkResolver.cpp, line 790]
Event: 5.068 Thread 0x000001cd4d358680 Exception <a 'java/lang/NoSuchMethodError'{0x00000000ef288a48}: 'void java.lang.invoke.DirectMethodHandle$Holder.invokeStatic(java.lang.Object, long)'> (0x00000000ef288a48) 
thrown [e:\jenkins\tmp\workspace\build\src\src\hotspot\share\interpreter\linkResolver.cpp, line 790]
Event: 5.068 Thread 0x000001cd4d358680 Exception <a 'java/lang/NoSuchMethodError'{0x00000000ef28e2d0}: 'java.lang.Object java.lang.invoke.DirectMethodHandle$Holder.newInvokeSpecial(java.lang.Object, long)'> (0x00000000ef28e2d0) 
thrown [e:\jenkins\tmp\workspace\build\src\src\hotspot\share\interpreter\linkResolver.cpp, line 790]
Event: 5.069 Thread 0x000001cd4d358680 Exception <a 'java/lang/NoSuchMethodError'{0x00000000ef2950e8}: 'java.lang.Object java.lang.invoke.DirectMethodHandle$Holder.invokeStatic(java.lang.Object, java.lang.Object, long, java.lang.Object)'> (0x00000000ef2950e8) 
thrown [e:\jenkins\tmp\workspace\build\src\src\hotspot\share\interpreter\linkResolver.cpp, line 790]
Event: 5.069 Thread 0x000001cd4d358680 Exception <a 'java/lang/NoSuchMethodError'{0x00000000ef298d88}: 'java.lang.Object java.lang.invoke.DirectMethodHandle$Holder.invokeStaticInit(java.lang.Object, java.lang.Object, long, java.lang.Object)'> (0x00000000ef298d88) 
thrown [e:\jenkins\tmp\workspace\build\src\src\hotspot\share\interpreter\linkResolver.cpp, line 790]
Event: 5.070 Thread 0x000001cd4d358680 Exception <a 'java/lang/NoSuchMethodError'{0x00000000ef29f6f0}: 'java.lang.Object java.lang.invoke.DirectMethodHandle$Holder.newInvokeSpecial(java.lang.Object, java.lang.Object, long)'> (0x00000000ef29f6f0) 
thrown [e:\jenkins\tmp\workspace\build\src\src\hotspot\share\interpreter\linkResolver.cpp, line 790]
Event: 5.070 Thread 0x000001cd4d358680 Exception <a 'java/lang/NoSuchMethodError'{0x00000000ef2a3460}: 'java.lang.Object java.lang.invoke.Invokers$Holder.linkToTargetMethod(java.lang.Object, long, java.lang.Object)'> (0x00000000ef2a3460) 
thrown [e:\jenkins\tmp\workspace\build\src\src\hotspot\share\interpreter\linkResolver.cpp, line 790]

Events (20 events):
Event: 11.015 loading class java/util/concurrent/LinkedBlockingDeque$Itr done
Event: 11.107 Executing  VM operation: Cleanup
Event: 11.107 Executing  VM operation: Cleanup done
Event: 12.119 Executing  VM operation: Cleanup
Event: 12.120 Executing  VM operation: Cleanup done
Event: 13.125 Executing  VM operation: Cleanup
Event: 13.125 Executing  VM operation: Cleanup done
Event: 14.126 Executing  VM operation: Cleanup
Event: 14.126 Executing  VM operation: Cleanup done
Event: 17.114 Thread 0x000001cd49ba6640 Thread exited: 0x000001cd49ba6640
Event: 17.114 Thread 0x000001cd49bab0a0 Thread exited: 0x000001cd49bab0a0
Event: 17.114 Thread 0x000001cd49baa600 Thread exited: 0x000001cd49baa600
Event: 17.114 Thread 0x000001cd49bac090 Thread exited: 0x000001cd49bac090
Event: 17.115 Thread 0x000001cd49babb40 Thread exited: 0x000001cd49babb40
Event: 17.116 loading class java/util/concurrent/ConcurrentLinkedQueue$Itr
Event: 17.116 loading class java/util/concurrent/ConcurrentLinkedQueue$Itr done
Event: 17.151 Executing  VM operation: HandshakeAllThreads
Event: 17.151 Executing  VM operation: HandshakeAllThreads done
Event: 17.151 Executing  VM operation: Cleanup
Event: 17.151 Executing  VM operation: Cleanup done


Dynamic libraries:
0x00007ff775c80000 - 0x00007ff775c8e000 	C:\Program Files\AdoptOpenJDK\jdk-16.0.1.9-hotspot\bin\java.exe
0x00007ffddf710000 - 0x00007ffddf905000 	C:\WINDOWS\SYSTEM32\ntdll.dll
0x00007ffddea10000 - 0x00007ffddeacd000 	C:\WINDOWS\System32\KERNEL32.DLL
0x00007ffddd3c0000 - 0x00007ffddd689000 	C:\WINDOWS\System32\KERNELBASE.dll
0x00007ffddd160000 - 0x00007ffddd260000 	C:\WINDOWS\System32\ucrtbase.dll
0x00007ffdd6750000 - 0x00007ffdd6768000 	C:\Program Files\AdoptOpenJDK\jdk-16.0.1.9-hotspot\bin\jli.dll
0x00007ffdd1910000 - 0x00007ffdd1929000 	C:\Program Files\AdoptOpenJDK\jdk-16.0.1.9-hotspot\bin\VCRUNTIME140.dll
0x00007ffddedb0000 - 0x00007ffddef50000 	C:\WINDOWS\System32\USER32.dll
0x00007ffddd750000 - 0x00007ffddd772000 	C:\WINDOWS\System32\win32u.dll
0x00007ffdb8d80000 - 0x00007ffdb901a000 	C:\WINDOWS\WinSxS\amd64_microsoft.windows.common-controls_6595b64144ccf1df_6.0.19041.1083_none_60bbe31371f34e71\COMCTL32.dll
0x00007ffdde500000 - 0x00007ffdde52a000 	C:\WINDOWS\System32\GDI32.dll
0x00007ffddce50000 - 0x00007ffddcf5b000 	C:\WINDOWS\System32\gdi32full.dll
0x00007ffdde970000 - 0x00007ffddea0e000 	C:\WINDOWS\System32\msvcrt.dll
0x00007ffddcfc0000 - 0x00007ffddd05d000 	C:\WINDOWS\System32\msvcp_win.dll
0x00007ffddf6a0000 - 0x00007ffddf6d0000 	C:\WINDOWS\System32\IMM32.DLL
0x00007ffdd7060000 - 0x00007ffdd706c000 	C:\Program Files\AdoptOpenJDK\jdk-16.0.1.9-hotspot\bin\vcruntime140_1.dll
0x00007ffdc2dd0000 - 0x00007ffdc2e61000 	C:\Program Files\AdoptOpenJDK\jdk-16.0.1.9-hotspot\bin\msvcp140.dll
0x00007ffd671c0000 - 0x00007ffd67df8000 	C:\Program Files\AdoptOpenJDK\jdk-16.0.1.9-hotspot\bin\server\jvm.dll
0x00007ffddead0000 - 0x00007ffddeb7c000 	C:\WINDOWS\System32\ADVAPI32.dll
0x00007ffdde400000 - 0x00007ffdde49b000 	C:\WINDOWS\System32\sechost.dll
0x00007ffddef50000 - 0x00007ffddf07a000 	C:\WINDOWS\System32\RPCRT4.dll
0x00007ffdddf20000 - 0x00007ffdddf28000 	C:\WINDOWS\System32\PSAPI.DLL
0x00007ffdc5cc0000 - 0x00007ffdc5cc9000 	C:\WINDOWS\SYSTEM32\WSOCK32.dll
0x00007ffdc0d40000 - 0x00007ffdc0d67000 	C:\WINDOWS\SYSTEM32\WINMM.dll
0x00007ffdd45d0000 - 0x00007ffdd45da000 	C:\WINDOWS\SYSTEM32\VERSION.dll
0x00007ffddf090000 - 0x00007ffddf0fb000 	C:\WINDOWS\System32\WS2_32.dll
0x00007ffddad90000 - 0x00007ffddada2000 	C:\WINDOWS\SYSTEM32\kernel.appcore.dll
0x00007ffdd69a0000 - 0x00007ffdd69aa000 	C:\Program Files\AdoptOpenJDK\jdk-16.0.1.9-hotspot\bin\jimage.dll
0x00007ffdd7c40000 - 0x00007ffdd7e24000 	C:\WINDOWS\SYSTEM32\DBGHELP.DLL
0x00007ffdd7a40000 - 0x00007ffdd7a6c000 	C:\WINDOWS\SYSTEM32\dbgcore.DLL
0x00007ffddd690000 - 0x00007ffddd713000 	C:\WINDOWS\System32\bcryptPrimitives.dll
0x00007ffdc72c0000 - 0x00007ffdc72e5000 	C:\Program Files\AdoptOpenJDK\jdk-16.0.1.9-hotspot\bin\java.dll
0x00007ffddd780000 - 0x00007ffdddebf000 	C:\WINDOWS\System32\SHELL32.dll
0x00007ffddaf90000 - 0x00007ffddb721000 	C:\WINDOWS\SYSTEM32\windows.storage.dll
0x00007ffddf340000 - 0x00007ffddf695000 	C:\WINDOWS\System32\combase.dll
0x00007ffddc8c0000 - 0x00007ffddc8ec000 	C:\WINDOWS\SYSTEM32\Wldp.dll
0x00007ffddf1b0000 - 0x00007ffddf25e000 	C:\WINDOWS\System32\SHCORE.dll
0x00007ffddeb80000 - 0x00007ffddebd5000 	C:\WINDOWS\System32\shlwapi.dll
0x00007ffddcd90000 - 0x00007ffddcdaf000 	C:\WINDOWS\SYSTEM32\profapi.dll
0x00007ffdc72a0000 - 0x00007ffdc72b9000 	C:\Program Files\AdoptOpenJDK\jdk-16.0.1.9-hotspot\bin\net.dll
0x00007ffdd6030000 - 0x00007ffdd613a000 	C:\WINDOWS\SYSTEM32\WINHTTP.dll
0x00007ffddc620000 - 0x00007ffddc68a000 	C:\WINDOWS\system32\mswsock.dll
0x00007ffdc6510000 - 0x00007ffdc6523000 	C:\Program Files\AdoptOpenJDK\jdk-16.0.1.9-hotspot\bin\nio.dll
0x00007ffdc6480000 - 0x00007ffdc6498000 	C:\Program Files\AdoptOpenJDK\jdk-16.0.1.9-hotspot\bin\zip.dll
0x00007ffdcd530000 - 0x00007ffdcd540000 	C:\Program Files\AdoptOpenJDK\jdk-16.0.1.9-hotspot\bin\verify.dll
0x00007ffdd69b0000 - 0x00007ffdd69d7000 	C:\Users\80010-02-05\.gradle\native\49d0259a56938c7f99b2704e745ce422c4f750a7a20b539a32ccef96729676b1\windows-amd64\native-platform.dll
0x00007ffdc5b20000 - 0x00007ffdc5cb6000 	C:\Users\80010-02-05\.gradle\native\12488b8bf47d2d4c9fbf2f6322a914ad602e24e48041cd04a747c6da556b65c4\windows-amd64\native-platform-file-events.dll
0x00007ffdc9840000 - 0x00007ffdc9849000 	C:\Program Files\AdoptOpenJDK\jdk-16.0.1.9-hotspot\bin\management.dll
0x00007ffdc9800000 - 0x00007ffdc980b000 	C:\Program Files\AdoptOpenJDK\jdk-16.0.1.9-hotspot\bin\management_ext.dll
0x00007ffddc800000 - 0x00007ffddc818000 	C:\WINDOWS\SYSTEM32\CRYPTSP.dll
0x00007ffddbef0000 - 0x00007ffddbf24000 	C:\WINDOWS\system32\rsaenh.dll
0x00007ffddd720000 - 0x00007ffddd747000 	C:\WINDOWS\System32\bcrypt.dll
0x00007ffddcd50000 - 0x00007ffddcd7e000 	C:\WINDOWS\SYSTEM32\USERENV.dll
0x00007ffddc820000 - 0x00007ffddc82c000 	C:\WINDOWS\SYSTEM32\CRYPTBASE.dll
0x00007ffddc2c0000 - 0x00007ffddc2fb000 	C:\WINDOWS\SYSTEM32\IPHLPAPI.DLL
0x00007ffddf080000 - 0x00007ffddf088000 	C:\WINDOWS\System32\NSI.dll
0x00007ffdd8810000 - 0x00007ffdd8827000 	C:\WINDOWS\SYSTEM32\dhcpcsvc6.DLL
0x00007ffdd8610000 - 0x00007ffdd862d000 	C:\WINDOWS\SYSTEM32\dhcpcsvc.DLL
0x00007ffddc300000 - 0x00007ffddc3cc000 	C:\WINDOWS\SYSTEM32\DNSAPI.dll
0x00007ffdc71d0000 - 0x00007ffdc71de000 	C:\Program Files\AdoptOpenJDK\jdk-16.0.1.9-hotspot\bin\sunmscapi.dll
0x00007ffddd260000 - 0x00007ffddd3bf000 	C:\WINDOWS\System32\CRYPT32.dll
0x00007ffddc930000 - 0x00007ffddc957000 	C:\WINDOWS\SYSTEM32\ncrypt.dll
0x00007ffddc8f0000 - 0x00007ffddc92b000 	C:\WINDOWS\SYSTEM32\NTASN1.dll
0x00007ffdc6f20000 - 0x00007ffdc6f27000 	C:\WINDOWS\system32\wshunix.dll

dbghelp: loaded successfully - version: 4.0.5 - missing functions: none
symbol engine: initialized successfully - sym options: 0x614 - pdb path: .;C:\Program Files\AdoptOpenJDK\jdk-16.0.1.9-hotspot\bin;C:\WINDOWS\SYSTEM32;C:\WINDOWS\WinSxS\amd64_microsoft.windows.common-controls_6595b64144ccf1df_6.0.19041.1083_none_60bbe31371f34e71;C:\Program Files\AdoptOpenJDK\jdk-16.0.1.9-hotspot\bin\server;C:\Users\80010-02-05\.gradle\native\49d0259a56938c7f99b2704e745ce422c4f750a7a20b539a32ccef96729676b1\windows-amd64;C:\Users\80010-02-05\.gradle\native\12488b8bf47d2d4c9fbf2f6322a914ad602e24e48041cd04a747c6da556b65c4\windows-amd64

VM Arguments:
jvm_args: --add-opens=java.base/java.util=ALL-UNNAMED --add-opens=java.base/java.lang=ALL-UNNAMED --add-opens=java.base/java.lang.invoke=ALL-UNNAMED --add-opens=java.base/java.util=ALL-UNNAMED --add-opens=java.prefs/java.util.prefs=ALL-UNNAMED --add-opens=java.prefs/java.util.prefs=ALL-UNNAMED --add-opens=java.base/java.nio.charset=ALL-UNNAMED --add-opens=java.base/java.net=ALL-UNNAMED --add-opens=java.base/java.util.concurrent.atomic=ALL-UNNAMED -XX:MaxMetaspaceSize=256m -XX:+HeapDumpOnOutOfMemoryError -Xms256m -Xmx512m -Dfile.encoding=windows-1252 -Duser.country=FR -Duser.language=fr -Duser.variant 
java_command: org.gradle.launcher.daemon.bootstrap.GradleDaemon 7.0
java_class_path (initial): C:\Users\80010-02-05\.gradle\wrapper\dists\gradle-7.0-bin\2p9ebqfz6ilrfozi676ogco7n\gradle-7.0\lib\gradle-launcher-7.0.jar
Launcher Type: SUN_STANDARD

[Global flags]
     intx CICompilerCount                          = 3                                         {product} {ergonomic}
   size_t CompressedClassSpaceSize                 = 218103808                                 {product} {ergonomic}
     uint ConcGCThreads                            = 2                                         {product} {ergonomic}
     uint G1ConcRefinementThreads                  = 6                                         {product} {ergonomic}
   size_t G1HeapRegionSize                         = 1048576                                   {product} {ergonomic}
    uintx GCDrainStackTargetSize                   = 64                                        {product} {ergonomic}
     bool HeapDumpOnOutOfMemoryError               = true                                   {manageable} {command line}
   size_t InitialHeapSize                          = 268435456                                 {product} {command line}
   size_t MarkStackSize                            = 4194304                                   {product} {ergonomic}
   size_t MaxHeapSize                              = 536870912                                 {product} {command line}
   size_t MaxMetaspaceSize                         = 268435456                                 {product} {command line}
   size_t MaxNewSize                               = 321912832                                 {product} {ergonomic}
   size_t MinHeapDeltaBytes                        = 1048576                                   {product} {ergonomic}
   size_t MinHeapSize                              = 268435456                                 {product} {command line}
    uintx NonNMethodCodeHeapSize                   = 5832780                                {pd product} {ergonomic}
    uintx NonProfiledCodeHeapSize                  = 122912730                              {pd product} {ergonomic}
    uintx ProfiledCodeHeapSize                     = 122912730                              {pd product} {ergonomic}
    uintx ReservedCodeCacheSize                    = 251658240                              {pd product} {ergonomic}
     bool SegmentedCodeCache                       = true                                      {product} {ergonomic}
   size_t SoftMaxHeapSize                          = 536870912                              {manageable} {ergonomic}
     bool UseCompressedClassPointers               = true                           {product lp64_product} {ergonomic}
     bool UseCompressedOops                        = true                           {product lp64_product} {ergonomic}
     bool UseG1GC                                  = true                                      {product} {ergonomic}
     bool UseLargePagesIndividualAllocation        = false                                  {pd product} {ergonomic}

Logging:
Log output configuration:
 #0: stdout all=warning uptime,level,tags
 #1: stderr all=off uptime,level,tags

Environment Variables:
JAVA_HOME=C:\Program Files\AdoptOpenJDK\jdk-16.0.1.9-hotspot\
PATH=C:\Program Files\AdoptOpenJDK\jdk-16.0.1.9-hotspot\bin;C:\Program Files\AdoptOpenJDK\jdk-11.0.5.10-hotspot\bin;C:\WINDOWS\system32;C:\WINDOWS;C:\WINDOWS\System32\Wbem;C:\WINDOWS\System32\WindowsPowerShell\v1.0\;C:\WINDOWS\System32\OpenSSH\;C:\Program Files\Git\cmd;C:\Program Files\Symfony;C:\ProgramData\ComposerSetup\bin;C:\php;C:\Users\80010-02-05\AppData\Local\Microsoft\WindowsApps;C:\Users\80010-02-05\AppData\Local\Programs\Microsoft VS Code\bin;C:\php;C:\Users\80010-02-05\AppData\Roaming\Composer\vendor\bin
USERNAME=80010-02-05
OS=Windows_NT
PROCESSOR_IDENTIFIER=Intel64 Family 6 Model 158 Stepping 10, GenuineIntel



---------------  S Y S T E M  ---------------

OS:
 Windows 10 , 64 bit Build 19041 (10.0.19041.1023)
OS uptime: 8 days 7:26 hours

CPU: total 6 (initial active 6) (6 cores per cpu, 1 threads per core) family 6 model 158 stepping 10 microcode 0xb4, cx8, cmov, fxsr, mmx, 3dnowpref, sse, sse2, sse3, ssse3, sse4.1, sse4.2, popcnt, lzcnt, tsc, tscinvbit, avx, avx2, aes, erms, clmul, bmi1, bmi2, adx, fma, vzeroupper, clflush, clflushopt

Memory: 4k page, system-wide physical 16219M (7892M free)
TotalPageFile size 18651M (AvailPageFile size 5947M)
current process WorkingSet (physical memory assigned to process): 363M, peak: 392M
current process commit charge ("private bytes"): 463M, peak: 490M

vm_info: OpenJDK 64-Bit Server VM (16.0.1+9) for windows-amd64 JRE (16.0.1+9), built on Apr 21 2021 12:30:27 by "" with MS VC++ 16.7 (VS2019)

END.
