#
# A fatal error has been detected by the Java Runtime Environment:
#
#  EXCEPTION_ACCESS_VIOLATION (0xc0000005) at pc=0x00007ffd8ce3362e, pid=9324, tid=1580
#
# JRE version: OpenJDK Runtime Environment AdoptOpenJDK-16.0.1+9 (16.0.1+9) (build 16.0.1+9)
# Java VM: OpenJDK 64-Bit Server VM AdoptOpenJDK-16.0.1+9 (16.0.1+9, mixed mode, sharing, tiered, compressed oops, compressed class ptrs, g1 gc, windows-amd64)
# Problematic frame:
# C  [native-platform-file-events.dll+0x2362e]
#
# No core dump will be written. Minidumps are not enabled by default on client versions of Windows
#
# If you would like to submit a bug report, please visit:
#   https://github.com/AdoptOpenJDK/openjdk-support/issues
# The crash happened outside the Java Virtual Machine in native code.
# See problematic frame for where to report the bug.
#

---------------  S U M M A R Y ------------

Command Line: --add-opens=java.base/java.util=ALL-UNNAMED --add-opens=java.base/java.lang=ALL-UNNAMED --add-opens=java.base/java.lang.invoke=ALL-UNNAMED --add-opens=java.base/java.util=ALL-UNNAMED --add-opens=java.prefs/java.util.prefs=ALL-UNNAMED --add-opens=java.prefs/java.util.prefs=ALL-UNNAMED --add-opens=java.base/java.nio.charset=ALL-UNNAMED --add-opens=java.base/java.net=ALL-UNNAMED --add-opens=java.base/java.util.concurrent.atomic=ALL-UNNAMED -XX:MaxMetaspaceSize=256m -XX:+HeapDumpOnOutOfMemoryError -Xms256m -Xmx512m -Dfile.encoding=windows-1252 -Duser.country=FR -Duser.language=fr -Duser.variant org.gradle.launcher.daemon.bootstrap.GradleDaemon 7.0

Host: Intel(R) Core(TM) i5-8400 CPU @ 2.80GHz, 6 cores, 15G,  Windows 10 , 64 bit Build 19041 (10.0.19041.1023)
Time: Wed Jul 21 10:50:17 2021 Paris, Madrid (heure duild 19041 (10.0.19041.1023) elapsed time: 4.237896 seconds (0d 0h 0m 4s)

---------------  T H R E A D  ---------------

Current thread (0x000001ef19d4dfa0):  JavaThread "File watcher server" daemon [_thread_in_native, id=1580, stack(0x0000008269600000,0x0000008269700000)]

Stack: [0x0000008269600000,0x0000008269700000],  sp=0x00000082696fe590,  free space=1017k
Native frames: (J=compiled Java code, j=interpreted, Vv=VM code, C=native code)
C  [native-platform-file-events.dll+0x2362e]

Java frames: (J=compiled Java code, j=interpreted, Vv=VM code)
j  net.rubygrapefruit.platform.internal.jni.AbstractFileEventFunctions$NativeFileWatcher.executeRunLoop0(Ljava/lang/Object;)V+0
j  net.rubygrapefruit.platform.internal.jni.AbstractFileEventFunctions$NativeFileWatcher.access$100(Lnet/rubygrapefruit/platform/internal/jni/AbstractFileEventFunctions$NativeFileWatcher;Ljava/lang/Object;)V+2
j  net.rubygrapefruit.platform.internal.jni.AbstractFileEventFunctions$NativeFileWatcher$1.run()V+26
v  ~StubRoutines::call_stub

siginfo: EXCEPTION_ACCESS_VIOLATION (0xc0000005), reading address 0xffffffffffffffff


Register to memory mapping:

RIP=0x00007ffd8ce3362e native-platform-file-events.dll
RAX=0x005c007300720065 is an unknown value
RBX=0x0000000000000001 is an unknown value
RCX=0x005c007300720065 is an unknown value
RDX=0x00000082696fe5e8 is pointing into the stack for thread: 0x000001ef19d4dfa0
RSP=0x00000082696fe590 is pointing into the stack for thread: 0x000001ef19d4dfa0
RBP=0x00000082696fef88 is pointing into the stack for thread: 0x000001ef19d4dfa0
RSI=0x0 is NULL
RDI=0x00000000ffffffff is an unallocated location in the heap
R8 =0x00000082696fe5f0 is pointing into the stack for thread: 0x000001ef19d4dfa0
R9 =0x000000007ffe6000 points into unknown readable memory: 0x00000000546c6148 | 48 61 6c 54 00 00 00 00
R10=0x00000000546c6148 is an unknown value
R11=0x000005c2f64e90de is an unknown value
R12=0x0 is NULL
R13={method} {0x000001ef19346ad8} 'executeRunLoop0' '(Ljava/lang/Object;)V' in 'net/rubygrapefruit/platform/internal/jni/AbstractFileEventFunctions$NativeFileWatcher'
R14=0x00000082696fefb0 is pointing into the stack for thread: 0x000001ef19d4dfa0
R15=0x000001ef19d4dfa0 is a thread


Registers:
RAX=0x005c007300720065, RBX=0x0000000000000001, RCX=0x005c007300720065, RDX=0x00000082696fe5e8
RSP=0x00000082696fe590, RBP=0x00000082696fef88, RSI=0x0000000000000000, RDI=0x00000000ffffffff
R8 =0x00000082696fe5f0, R9 =0x000000007ffe6000, R10=0x00000000546c6148, R11=0x000005c2f64e90de
R12=0x0000000000000000, R13=0x000001ef19346ad0, R14=0x00000082696fefb0, R15=0x000001ef19d4dfa0
RIP=0x00007ffd8ce3362e, EFLAGS=0x0000000000010202

Top of Stack: (sp=0x00000082696fe590)
0x00000082696fe590:   0002c87639bbc2fc 0002c8763998b654
0x00000082696fe5a0:   0002c87639bbc2fc 00007ffd8ce4e965
0x00000082696fe5b0:   00000082696fe668 00000082696fe5e8
0x00000082696fe5c0:   0000008200000000 00000082696fe5f8
0x00000082696fe5d0:   00000082696f0001 0000071fe6fa3297
0x00000082696fe5e0:   00000082696fe5f0 0000000000000002
0x00000082696fe5f0:   0002c8763998b654 0002c87639bbc2fc
0x00000082696fe600:   00000000eab000d8 00007ffd8ce4e4f7
0x00000082696fe610:   00000082696fe668 00000082696fe660
0x00000082696fe620:   000001ef7d142550 00007ffd8ce3d473
0x00000082696fe630:   0000008200000000 000000826b1fab60
0x00000082696fe640:   0002c87639bbc2fc 0000000000000002
0x00000082696fe650:   0000008200000000 00000082696fe6c0
0x00000082696fe660:   00000e3e9b653c46 0000000000000002
0x00000082696fe670:   000001ef1b8f1a90 00007ffd8ce3385c
0x00000082696fe680:   005c007300720065 0000008200000003 

Instructions: (pc=0x00007ffd8ce3362e)
0x00007ffd8ce3352e:   8b 00 48 89 44 24 38 48 8b 44 24 38 48 89 44 24
0x00007ffd8ce3353e:   58 48 8b 84 24 b0 00 00 00 48 83 c0 08 48 89 44
0x00007ffd8ce3354e:   24 40 48 8d 54 24 70 48 8b 4c 24 40 e8 84 1a fe
0x00007ffd8ce3355e:   ff 48 8b 00 48 89 44 24 48 48 8b 44 24 48 48 89
0x00007ffd8ce3356e:   44 24 60 4c 8b 4c 24 50 4c 8b 44 24 58 48 8b 54
0x00007ffd8ce3357e:   24 60 48 8d 4c 24 78 e8 b2 48 fe ff 48 8d 4c 24
0x00007ffd8ce3358e:   78 e8 a8 20 fe ff 48 8b c8 ff 15 6b ba 16 00 89
0x00007ffd8ce3359e:   44 24 24 83 7c 24 24 ff 74 15 8b 44 24 24 83 e0
0x00007ffd8ce335ae:   10 85 c0 74 0a c7 44 24 28 01 00 00 00 eb 08 c7
0x00007ffd8ce335be:   44 24 28 00 00 00 00 0f b6 44 24 28 88 44 24 20
0x00007ffd8ce335ce:   48 8d 4c 24 78 e8 04 49 fe ff 0f b6 44 24 20 48
0x00007ffd8ce335de:   8b 8c 24 98 00 00 00 48 33 cc e8 35 fe fd ff 48
0x00007ffd8ce335ee:   81 c4 a8 00 00 00 c3 cc cc cc cc cc cc cc cc cc
0x00007ffd8ce335fe:   cc cc 48 89 4c 24 08 48 81 ec e8 00 00 00 48 8b
0x00007ffd8ce3360e:   05 a5 1a 15 00 48 33 c4 48 89 84 24 d0 00 00 00
0x00007ffd8ce3361e:   c7 44 24 30 00 00 00 00 48 8b 84 24 f0 00 00 00
0x00007ffd8ce3362e:   83 78 68 03 0f 84 02 01 00 00 48 8b 84 24 f0 00
0x00007ffd8ce3363e:   00 00 48 8b 48 28 ff 15 c6 b9 16 00 89 44 24 38
0x00007ffd8ce3364e:   83 7c 24 38 00 0f 85 d0 00 00 00 ba 07 00 00 00
0x00007ffd8ce3365e:   48 8b 0d e3 69 15 00 e8 cd d9 fd ff 88 44 24 34
0x00007ffd8ce3366e:   0f b6 44 24 34 85 c0 0f 84 90 00 00 00 ff 15 97
0x00007ffd8ce3367e:   b9 16 00 89 44 24 3c 48 8b 84 24 f0 00 00 00 48
0x00007ffd8ce3368e:   83 c0 08 48 8b d0 48 8d 8c 24 90 00 00 00 e8 cd
0x00007ffd8ce3369e:   5b fe ff 48 89 44 24 40 48 8b 44 24 40 48 89 44
0x00007ffd8ce336ae:   24 48 8b 44 24 30 83 c8 01 89 44 24 30 48 8b 4c
0x00007ffd8ce336be:   24 48 e8 4e 4d fe ff 48 89 44 24 50 48 8b 84 24
0x00007ffd8ce336ce:   f0 00 00 00 48 8b 40 28 48 89 44 24 58 8b 44 24
0x00007ffd8ce336de:   3c 89 44 24 28 48 8b 44 24 50 48 89 44 24 20 4c
0x00007ffd8ce336ee:   8b 4c 24 58 4c 8d 05 67 4f 11 00 ba 07 00 00 00
0x00007ffd8ce336fe:   48 8b 0d 43 69 15 00 e8 71 67 fe ff 90 8b 44 24
0x00007ffd8ce3370e:   30 83 e0 01 85 c0 74 13 83 64 24 30 fe 48 8d 8c
0x00007ffd8ce3371e:   24 90 00 00 00 e8 eb 1a fe ff 90 eb 00 48 8b 84 


Stack slot to memory mapping:
stack at sp + 0 slots: 0x0002c87639bbc2fc is an unknown value
stack at sp + 1 slots: 0x0002c8763998b654 is an unknown value
stack at sp + 2 slots: 0x0002c87639bbc2fc is an unknown value
stack at sp + 3 slots: 0x00007ffd8ce4e965 native-platform-file-events.dll
stack at sp + 4 slots: 0x00000082696fe668 is pointing into the stack for thread: 0x000001ef19d4dfa0
stack at sp + 5 slots: 0x00000082696fe5e8 is pointing into the stack for thread: 0x000001ef19d4dfa0
stack at sp + 6 slots: 0x0000008200000000 is an unknown value
stack at sp + 7 slots: 0x00000082696fe5f8 is pointing into the stack for thread: 0x000001ef19d4dfa0


---------------  P R O C E S S  ---------------

Threads class SMR info:
_java_thread_list=0x000001ef1b8f39e0, length=57, elements={
0x000001ef78024360, 0x000001ef7bcdffa0, 0x000001ef7bce0d70, 0x000001ef7bcf33c0,
0x000001ef7bcf6e50, 0x000001ef7bcf7760, 0x000001ef7bcf9080, 0x000001ef7bcfe530,
0x000001ef7bcff6d0, 0x000001ef7bd01c40, 0x000001ef7c8c66e0, 0x000001ef7c8cb420,
0x000001ef7c96c9a0, 0x000001ef7e24d6a0, 0x000001ef7e9181b0, 0x000001ef7e2e9b00,
0x000001ef7e2ea050, 0x000001ef7e2eaaf0, 0x000001ef7e2ea5a0, 0x000001ef7e2eb590,
0x000001ef7e2eb040, 0x000001ef7e2e9060, 0x000001ef7e2e95b0, 0x000001ef7e2e8070,
0x000001ef7e2e85c0, 0x000001ef7e2e8b10, 0x000001ef19d4fa30, 0x000001ef19d4dfa0,
0x000001ef19d514c0, 0x000001ef19d4e4f0, 0x000001ef19d4ef90, 0x000001ef19d4ea40,
0x000001ef19d4da50, 0x000001ef19d4f4e0, 0x000001ef19d52a00, 0x000001ef19d534a0,
0x000001ef19d4ff80, 0x000001ef19d504d0, 0x000001ef19d539f0, 0x000001ef19d52f50,
0x000001ef19d50a20, 0x000001ef19d50f70, 0x000001ef19d51a10, 0x000001ef19d51f60,
0x000001ef19d524b0, 0x000001ef19d53f40, 0x000001ef19d54490, 0x000001ef19d549e0,
0x000001ef19d4cfb0, 0x000001ef1a1b1390, 0x000001ef1a1a9960, 0x000001ef1a1aa950,
0x000001ef1a1afe50, 0x000001ef1a1ac930, 0x000001ef1a1aa400, 0x000001ef1a1a9eb0,
0x000001ef1a1aaea0
}

Java Threads: ( => current thread )
  0x000001ef78024360 JavaThread "main" [_thread_blocked, id=5156, stack(0x0000008266e00000,0x0000008266f00000)]
  0x000001ef7bcdffa0 JavaThread "Reference Handler" daemon [_thread_blocked, id=228, stack(0x0000008267500000,0x0000008267600000)]
  0x000001ef7bce0d70 JavaThread "Finalizer" daemon [_thread_blocked, id=76, stack(0x0000008267600000,0x0000008267700000)]
  0x000001ef7bcf33c0 JavaThread "Signal Dispatcher" daemon [_thread_blocked, id=9804, stack(0x0000008267700000,0x0000008267800000)]
  0x000001ef7bcf6e50 JavaThread "Attach Listener" daemon [_thread_blocked, id=10752, stack(0x0000008267800000,0x0000008267900000)]
  0x000001ef7bcf7760 JavaThread "Service Thread" daemon [_thread_blocked, id=10380, stack(0x0000008267900000,0x0000008267a00000)]
  0x000001ef7bcf9080 JavaThread "Monitor Deflation Thread" daemon [_thread_blocked, id=9500, stack(0x0000008267a00000,0x0000008267b00000)]
  0x000001ef7bcfe530 JavaThread "C2 CompilerThread0" daemon [_thread_blocked, id=10516, stack(0x0000008267b00000,0x0000008267c00000)]
  0x000001ef7bcff6d0 JavaThread "C1 CompilerThread0" daemon [_thread_blocked, id=10800, stack(0x0000008267c00000,0x0000008267d00000)]
  0x000001ef7bd01c40 JavaThread "Sweeper thread" daemon [_thread_blocked, id=7160, stack(0x0000008267d00000,0x0000008267e00000)]
  0x000001ef7c8c66e0 JavaThread "Common-Cleaner" daemon [_thread_blocked, id=7608, stack(0x0000008267e00000,0x0000008267f00000)]
  0x000001ef7c8cb420 JavaThread "Notification Thread" daemon [_thread_blocked, id=12436, stack(0x0000008267f00000,0x0000008268000000)]
  0x000001ef7c96c9a0 JavaThread "C2 CompilerThread1" daemon [_thread_blocked, id=9404, stack(0x0000008268100000,0x0000008268200000)]
  0x000001ef7e24d6a0 JavaThread "Daemon health stats" [_thread_blocked, id=13928, stack(0x0000008268800000,0x0000008268900000)]
  0x000001ef7e9181b0 JavaThread "Incoming local TCP Connector on port 57254" [_thread_in_native, id=8228, stack(0x0000008268900000,0x0000008268a00000)]
  0x000001ef7e2e9b00 JavaThread "Daemon periodic checks" [_thread_blocked, id=10976, stack(0x0000008268a00000,0x0000008268b00000)]
  0x000001ef7e2ea050 JavaThread "Daemon" [_thread_blocked, id=10036, stack(0x0000008268b00000,0x0000008268c00000)]
  0x000001ef7e2eaaf0 JavaThread "Handler for socket connection from /127.0.0.1:57254 to /127.0.0.1:57255" [_thread_in_native, id=5096, stack(0x0000008268c00000,0x0000008268d00000)]
  0x000001ef7e2ea5a0 JavaThread "Cancel handler" [_thread_blocked, id=5784, stack(0x0000008268d00000,0x0000008268e00000)]
  0x000001ef7e2eb590 JavaThread "Daemon worker" [_thread_blocked, id=2208, stack(0x0000008268e00000,0x0000008268f00000)]
  0x000001ef7e2eb040 JavaThread "Asynchronous log dispatcher for DefaultDaemonConnection: socket connection from /127.0.0.1:57254 to /127.0.0.1:57255" [_thread_blocked, id=14412, stack(0x0000008268f00000,0x0000008269000000)]
  0x000001ef7e2e9060 JavaThread "Stdin handler" [_thread_blocked, id=10216, stack(0x0000008269000000,0x0000008269100000)]
  0x000001ef7e2e95b0 JavaThread "Daemon client event forwarder" [_thread_blocked, id=3564, stack(0x0000008269100000,0x0000008269200000)]
  0x000001ef7e2e8070 JavaThread "Cache worker for file hash cache (C:\Users\80010-02-05\.gradle\caches\7.0\fileHashes)" [_thread_blocked, id=2268, stack(0x0000008269200000,0x0000008269300000)]
  0x000001ef7e2e85c0 JavaThread "File lock request listener" [_thread_in_native, id=8516, stack(0x0000008269300000,0x0000008269400000)]
  0x000001ef7e2e8b10 JavaThread "Cache worker for journal cache (C:\Users\80010-02-05\.gradle\caches\journal-1)" [_thread_blocked, id=9828, stack(0x0000008269400000,0x0000008269500000)]
  0x000001ef19d4fa30 JavaThread "Cache worker for file hash cache (U:\80010-02-05\CDA\calculatrice\.gradle\7.0\fileHashes)" [_thread_blocked, id=6508, stack(0x0000008269500000,0x0000008269600000)]
=>0x000001ef19d4dfa0 JavaThread "File watcher server" daemon [_thread_in_native, id=1580, stack(0x0000008269600000,0x0000008269700000)]
  0x000001ef19d514c0 JavaThread "File watcher consumer" daemon [_thread_blocked, id=14860, stack(0x0000008269700000,0x0000008269800000)]
  0x000001ef19d4e4f0 JavaThread "Cache worker for checksums cache (U:\80010-02-05\CDA\calculatrice\.gradle\checksums)" [_thread_blocked, id=7324, stack(0x0000008269800000,0x0000008269900000)]
  0x000001ef19d4ef90 JavaThread "Cache worker for cache directory md-supplier (C:\Users\80010-02-05\.gradle\caches\7.0\md-supplier)" [_thread_blocked, id=7976, stack(0x0000008269900000,0x0000008269a00000)]
  0x000001ef19d4ea40 JavaThread "Cache worker for cache directory md-rule (C:\Users\80010-02-05\.gradle\caches\7.0\md-rule)" [_thread_blocked, id=7756, stack(0x0000008269a00000,0x0000008269b00000)]
  0x000001ef19d4da50 JavaThread "Cache worker for execution history cache (C:\Users\80010-02-05\.gradle\caches\7.0\executionHistory)" [_thread_blocked, id=11640, stack(0x0000008269b00000,0x0000008269c00000)]
  0x000001ef19d4f4e0 JavaThread "jar transforms" [_thread_blocked, id=10064, stack(0x0000008269d00000,0x0000008269e00000)]
  0x000001ef19d52a00 JavaThread "jar transforms Thread 2" [_thread_blocked, id=6244, stack(0x0000008269e00000,0x0000008269f00000)]
  0x000001ef19d534a0 JavaThread "Cache worker for file content cache (C:\Users\80010-02-05\.gradle\caches\7.0\fileContent)" [_thread_blocked, id=10972, stack(0x0000008269f00000,0x000000826a000000)]
  0x000001ef19d4ff80 JavaThread "jar transforms Thread 3" [_thread_blocked, id=8352, stack(0x000000826a000000,0x000000826a100000)]
  0x000001ef19d504d0 JavaThread "jar transforms Thread 4" [_thread_blocked, id=13468, stack(0x000000826a100000,0x000000826a200000)]
  0x000001ef19d539f0 JavaThread "jar transforms Thread 5" [_thread_blocked, id=13924, stack(0x000000826a200000,0x000000826a300000)]
  0x000001ef19d52f50 JavaThread "jar transforms Thread 6" [_thread_blocked, id=15180, stack(0x000000826a300000,0x000000826a400000)]
  0x000001ef19d50a20 JavaThread "Cache worker for dependencies-accessors (U:\80010-02-05\CDA\calculatrice\.gradle\7.0\dependencies-accessors)" [_thread_blocked, id=5412, stack(0x000000826a400000,0x000000826a500000)]
  0x000001ef19d50f70 JavaThread "Cache worker for Build Output Cleanup Cache (U:\80010-02-05\CDA\calculatrice\.gradle\buildOutputCleanup)" [_thread_blocked, id=3660, stack(0x000000826a600000,0x000000826a700000)]
  0x000001ef19d51a10 JavaThread "Build operations" [_thread_blocked, id=11436, stack(0x000000826a700000,0x000000826a800000)]
  0x000001ef19d51f60 JavaThread "Build operations Thread 2" [_thread_blocked, id=10280, stack(0x000000826a800000,0x000000826a900000)]
  0x000001ef19d524b0 JavaThread "Build operations Thread 3" [_thread_blocked, id=4180, stack(0x000000826a900000,0x000000826aa00000)]
  0x000001ef19d53f40 JavaThread "Build operations Thread 4" [_thread_blocked, id=10860, stack(0x000000826aa00000,0x000000826ab00000)]
  0x000001ef19d54490 JavaThread "Build operations Thread 5" [_thread_blocked, id=8644, stack(0x000000826ab00000,0x000000826ac00000)]
  0x000001ef19d549e0 JavaThread "Build operations Thread 6" [_thread_blocked, id=14384, stack(0x000000826ac00000,0x000000826ad00000)]
  0x000001ef19d4cfb0 JavaThread "Memory manager" [_thread_blocked, id=7352, stack(0x000000826ad00000,0x000000826ae00000)]
  0x000001ef1a1b1390 JavaThread "Execution worker for ':'" [_thread_blocked, id=4028, stack(0x000000826ae00000,0x000000826af00000)]
  0x000001ef1a1a9960 JavaThread "Execution worker for ':' Thread 2" [_thread_blocked, id=1952, stack(0x000000826af00000,0x000000826b000000)]
  0x000001ef1a1aa950 JavaThread "Execution worker for ':' Thread 3" [_thread_blocked, id=2500, stack(0x000000826b000000,0x000000826b100000)]
  0x000001ef1a1afe50 JavaThread "Execution worker for ':' Thread 4" [_thread_blocked, id=1852, stack(0x000000826b100000,0x000000826b200000)]
  0x000001ef1a1ac930 JavaThread "Execution worker for ':' Thread 5" [_thread_blocked, id=10040, stack(0x000000826b200000,0x000000826b300000)]
  0x000001ef1a1aa400 JavaThread "Cache worker for execution history cache (U:\80010-02-05\CDA\calculatrice\.gradle\7.0\executionHistory)" [_thread_blocked, id=14040, stack(0x000000826b300000,0x000000826b400000)]
  0x000001ef1a1a9eb0 JavaThread "Cache worker for Java compile cache (C:\Users\80010-02-05\.gradle\caches\7.0\javaCompile)" [_thread_blocked, id=664, stack(0x000000826b400000,0x000000826b500000)]
  0x000001ef1a1aaea0 JavaThread "Cache worker for Java compile cache (U:\80010-02-05\CDA\calculatrice\.gradle\7.0\javaCompile)" [_thread_blocked, id=13260, stack(0x000000826b500000,0x000000826b600000)]

Other Threads:
  0x000001ef7bcd9c90 VMThread "VM Thread" [stack: 0x0000008267400000,0x0000008267500000] [id=6240]
  0x000001ef7c8d7960 WatcherThread [stack: 0x0000008268000000,0x0000008268100000] [id=3956]
  0x000001ef78043e40 GCTaskThread "GC Thread#0" [stack: 0x0000008266f00000,0x0000008267000000] [id=6384]
  0x000001ef7cec33d0 GCTaskThread "GC Thread#1" [stack: 0x0000008268200000,0x0000008268300000] [id=1404]
  0x000001ef7cf1e160 GCTaskThread "GC Thread#2" [stack: 0x0000008268300000,0x0000008268400000] [id=7928]
  0x000001ef7cf1e470 GCTaskThread "GC Thread#3" [stack: 0x0000008268400000,0x0000008268500000] [id=11496]
  0x000001ef7cf1e780 GCTaskThread "GC Thread#4" [stack: 0x0000008268500000,0x0000008268600000] [id=4128]
  0x000001ef7cf1ea90 GCTaskThread "GC Thread#5" [stack: 0x0000008268600000,0x0000008268700000] [id=720]
  0x000001ef78048e90 ConcurrentGCThread "G1 Main Marker" [stack: 0x0000008267000000,0x0000008267100000] [id=14740]
  0x000001ef78049890 ConcurrentGCThread "G1 Conc#0" [stack: 0x0000008267100000,0x0000008267200000] [id=13272]
  0x000001ef7e4f8c10 ConcurrentGCThread "G1 Conc#1" [stack: 0x0000008269c00000,0x0000008269d00000] [id=4596]
  0x000001ef780fcd90 ConcurrentGCThread "G1 Refine#0" [stack: 0x0000008267200000,0x0000008267300000] [id=6824]
  0x000001ef7d3ef5e0 ConcurrentGCThread "G1 Refine#1" [stack: 0x0000008268700000,0x0000008268800000] [id=11856]
  0x000001ef19d494b0 ConcurrentGCThread "G1 Refine#2" [stack: 0x000000826a500000,0x000000826a600000] [id=8944]
  0x000001ef780fd7a0 ConcurrentGCThread "G1 Service" [stack: 0x0000008267300000,0x0000008267400000] [id=8980]

Threads with active compile tasks:

VM state: not at safepoint (normal execution)

VM Mutex/Monitor currently owned by a thread: None

Heap address: 0x00000000e0000000, size: 512 MB, Compressed Oops mode: 32-bit

CDS archive(s) mapped at: [0x0000000800000000-0x0000000800bf0000-0x0000000800bf0000), size 12517376, SharedBaseAddress: 0x0000000800000000, ArchiveRelocationMode: 0.
Compressed class space mapped at: 0x0000000800c00000-0x000000080dc00000, reserved size: 218103808
Narrow klass base: 0x0000000800000000, Narrow klass shift: 3, Narrow klass range: 0x100000000

GC Precious Log:
 CPUs: 6 total, 6 available
 Memory: 16219M
 Large Page Support: Disabled
 NUMA Support: Disabled
 Compressed Oops: Enabled (32-bit)
 Heap Region Size: 1M
 Heap Min Capacity: 256M
 Heap Initial Capacity: 256M
 Heap Max Capacity: 512M
 Pre-touch: Disabled
 Parallel Workers: 6
 Concurrent Workers: 2
 Concurrent Refinement Workers: 6
 Periodic GC: Disabled

Heap:
 garbage-first heap   total 262144K, used 129501K [0x00000000e0000000, 0x0000000100000000)
  region size 1024K, 110 young (112640K), 9 survivors (9216K)
 Metaspace       used 45624K, committed 46080K, reserved 253952K
  class space    used 6308K, committed 6528K, reserved 212992K

Heap Regions: E=young(eden), S=young(survivor), O=old, HS=humongous(starts), HC=humongous(continues), CS=collection set, F=free, OA=open archive, CA=closed archive, TAMS=top-at-mark-start (previous, next)
|   0|0x00000000e0000000, 0x00000000e0100000, 0x00000000e0100000|100%| O|  |TAMS 0x00000000e0100000, 0x00000000e0000000| Untracked 
|   1|0x00000000e0100000, 0x00000000e0200000, 0x00000000e0200000|100%| O|  |TAMS 0x00000000e0200000, 0x00000000e0100000| Untracked 
|   2|0x00000000e0200000, 0x00000000e0300000, 0x00000000e0300000|100%| O|  |TAMS 0x00000000e02f9e00, 0x00000000e0200000| Untracked 
|   3|0x00000000e0300000, 0x00000000e0400000, 0x00000000e0400000|100%|HS|  |TAMS 0x00000000e0400000, 0x00000000e0300000| Complete 
|   4|0x00000000e0400000, 0x00000000e0500000, 0x00000000e0500000|100%|HC|  |TAMS 0x00000000e0500000, 0x00000000e0400000| Complete 
|   5|0x00000000e0500000, 0x00000000e0600000, 0x00000000e0600000|100%|HC|  |TAMS 0x00000000e0600000, 0x00000000e0500000| Complete 
|   6|0x00000000e0600000, 0x00000000e0700000, 0x00000000e0700000|100%| O|  |TAMS 0x00000000e0700000, 0x00000000e0600000| Untracked 
|   7|0x00000000e0700000, 0x00000000e0800000, 0x00000000e0800000|100%| O|  |TAMS 0x00000000e0800000, 0x00000000e0700000| Untracked 
|   8|0x00000000e0800000, 0x00000000e0900000, 0x00000000e0900000|100%| O|  |TAMS 0x00000000e0900000, 0x00000000e0800000| Untracked 
|   9|0x00000000e0900000, 0x00000000e0900000, 0x00000000e0a00000|  0%| F|  |TAMS 0x00000000e0900000, 0x00000000e0900000| Untracked 
|  10|0x00000000e0a00000, 0x00000000e0a00000, 0x00000000e0b00000|  0%| F|  |TAMS 0x00000000e0a00000, 0x00000000e0a00000| Untracked 
|  11|0x00000000e0b00000, 0x00000000e0b00000, 0x00000000e0c00000|  0%| F|  |TAMS 0x00000000e0b00000, 0x00000000e0b00000| Untracked 
|  12|0x00000000e0c00000, 0x00000000e0c00000, 0x00000000e0d00000|  0%| F|  |TAMS 0x00000000e0c00000, 0x00000000e0c00000| Untracked 
|  13|0x00000000e0d00000, 0x00000000e0e00000, 0x00000000e0e00000|100%| O|  |TAMS 0x00000000e0d00000, 0x00000000e0d00000| Untracked 
|  14|0x00000000e0e00000, 0x00000000e0f00000, 0x00000000e0f00000|100%| O|  |TAMS 0x00000000e0e00000, 0x00000000e0e00000| Untracked 
|  15|0x00000000e0f00000, 0x00000000e1000000, 0x00000000e1000000|100%| O|  |TAMS 0x00000000e0f00000, 0x00000000e0f00000| Untracked 
|  16|0x00000000e1000000, 0x00000000e1100000, 0x00000000e1100000|100%| O|  |TAMS 0x00000000e1000000, 0x00000000e1000000| Untracked 
|  17|0x00000000e1100000, 0x00000000e1200000, 0x00000000e1200000|100%| O|  |TAMS 0x00000000e1100000, 0x00000000e1100000| Untracked 
|  18|0x00000000e1200000, 0x00000000e1300000, 0x00000000e1300000|100%| O|  |TAMS 0x00000000e1200000, 0x00000000e1200000| Untracked 
|  19|0x00000000e1300000, 0x00000000e1400000, 0x00000000e1400000|100%| O|  |TAMS 0x00000000e1300000, 0x00000000e1300000| Untracked 
|  20|0x00000000e1400000, 0x00000000e1500000, 0x00000000e1500000|100%| O|  |TAMS 0x00000000e1400000, 0x00000000e1400000| Untracked 
|  21|0x00000000e1500000, 0x00000000e1600000, 0x00000000e1600000|100%| O|  |TAMS 0x00000000e1500000, 0x00000000e1500000| Untracked 
|  22|0x00000000e1600000, 0x00000000e1700000, 0x00000000e1700000|100%| O|  |TAMS 0x00000000e1600000, 0x00000000e1600000| Untracked 
|  23|0x00000000e1700000, 0x00000000e1702800, 0x00000000e1800000|  0%| O|  |TAMS 0x00000000e1700000, 0x00000000e1700000| Untracked 
|  24|0x00000000e1800000, 0x00000000e1800000, 0x00000000e1900000|  0%| F|  |TAMS 0x00000000e1800000, 0x00000000e1800000| Untracked 
|  25|0x00000000e1900000, 0x00000000e1900000, 0x00000000e1a00000|  0%| F|  |TAMS 0x00000000e1900000, 0x00000000e1900000| Untracked 
|  26|0x00000000e1a00000, 0x00000000e1a00000, 0x00000000e1b00000|  0%| F|  |TAMS 0x00000000e1a00000, 0x00000000e1a00000| Untracked 
|  27|0x00000000e1b00000, 0x00000000e1b00000, 0x00000000e1c00000|  0%| F|  |TAMS 0x00000000e1b00000, 0x00000000e1b00000| Untracked 
|  28|0x00000000e1c00000, 0x00000000e1c00000, 0x00000000e1d00000|  0%| F|  |TAMS 0x00000000e1c00000, 0x00000000e1c00000| Untracked 
|  29|0x00000000e1d00000, 0x00000000e1d00000, 0x00000000e1e00000|  0%| F|  |TAMS 0x00000000e1d00000, 0x00000000e1d00000| Untracked 
|  30|0x00000000e1e00000, 0x00000000e1e00000, 0x00000000e1f00000|  0%| F|  |TAMS 0x00000000e1e00000, 0x00000000e1e00000| Untracked 
|  31|0x00000000e1f00000, 0x00000000e1f00000, 0x00000000e2000000|  0%| F|  |TAMS 0x00000000e1f00000, 0x00000000e1f00000| Untracked 
|  32|0x00000000e2000000, 0x00000000e2000000, 0x00000000e2100000|  0%| F|  |TAMS 0x00000000e2000000, 0x00000000e2000000| Untracked 
|  33|0x00000000e2100000, 0x00000000e2100000, 0x00000000e2200000|  0%| F|  |TAMS 0x00000000e2100000, 0x00000000e2100000| Untracked 
|  34|0x00000000e2200000, 0x00000000e2200000, 0x00000000e2300000|  0%| F|  |TAMS 0x00000000e2200000, 0x00000000e2200000| Untracked 
|  35|0x00000000e2300000, 0x00000000e2300000, 0x00000000e2400000|  0%| F|  |TAMS 0x00000000e2300000, 0x00000000e2300000| Untracked 
|  36|0x00000000e2400000, 0x00000000e2400000, 0x00000000e2500000|  0%| F|  |TAMS 0x00000000e2400000, 0x00000000e2400000| Untracked 
|  37|0x00000000e2500000, 0x00000000e2500000, 0x00000000e2600000|  0%| F|  |TAMS 0x00000000e2500000, 0x00000000e2500000| Untracked 
|  38|0x00000000e2600000, 0x00000000e2600000, 0x00000000e2700000|  0%| F|  |TAMS 0x00000000e2600000, 0x00000000e2600000| Untracked 
|  39|0x00000000e2700000, 0x00000000e2700000, 0x00000000e2800000|  0%| F|  |TAMS 0x00000000e2700000, 0x00000000e2700000| Untracked 
|  40|0x00000000e2800000, 0x00000000e2800000, 0x00000000e2900000|  0%| F|  |TAMS 0x00000000e2800000, 0x00000000e2800000| Untracked 
|  41|0x00000000e2900000, 0x00000000e2900000, 0x00000000e2a00000|  0%| F|  |TAMS 0x00000000e2900000, 0x00000000e2900000| Untracked 
|  42|0x00000000e2a00000, 0x00000000e2a00000, 0x00000000e2b00000|  0%| F|  |TAMS 0x00000000e2a00000, 0x00000000e2a00000| Untracked 
|  43|0x00000000e2b00000, 0x00000000e2b00000, 0x00000000e2c00000|  0%| F|  |TAMS 0x00000000e2b00000, 0x00000000e2b00000| Untracked 
|  44|0x00000000e2c00000, 0x00000000e2c00000, 0x00000000e2d00000|  0%| F|  |TAMS 0x00000000e2c00000, 0x00000000e2c00000| Untracked 
|  45|0x00000000e2d00000, 0x00000000e2d00000, 0x00000000e2e00000|  0%| F|  |TAMS 0x00000000e2d00000, 0x00000000e2d00000| Untracked 
|  46|0x00000000e2e00000, 0x00000000e2e00000, 0x00000000e2f00000|  0%| F|  |TAMS 0x00000000e2e00000, 0x00000000e2e00000| Untracked 
|  47|0x00000000e2f00000, 0x00000000e2f00000, 0x00000000e3000000|  0%| F|  |TAMS 0x00000000e2f00000, 0x00000000e2f00000| Untracked 
|  48|0x00000000e3000000, 0x00000000e3000000, 0x00000000e3100000|  0%| F|  |TAMS 0x00000000e3000000, 0x00000000e3000000| Untracked 
|  49|0x00000000e3100000, 0x00000000e3100000, 0x00000000e3200000|  0%| F|  |TAMS 0x00000000e3100000, 0x00000000e3100000| Untracked 
|  50|0x00000000e3200000, 0x00000000e3200000, 0x00000000e3300000|  0%| F|  |TAMS 0x00000000e3200000, 0x00000000e3200000| Untracked 
|  51|0x00000000e3300000, 0x00000000e3300000, 0x00000000e3400000|  0%| F|  |TAMS 0x00000000e3300000, 0x00000000e3300000| Untracked 
|  52|0x00000000e3400000, 0x00000000e3400000, 0x00000000e3500000|  0%| F|  |TAMS 0x00000000e3400000, 0x00000000e3400000| Untracked 
|  53|0x00000000e3500000, 0x00000000e3500000, 0x00000000e3600000|  0%| F|  |TAMS 0x00000000e3500000, 0x00000000e3500000| Untracked 
|  54|0x00000000e3600000, 0x00000000e3600000, 0x00000000e3700000|  0%| F|  |TAMS 0x00000000e3600000, 0x00000000e3600000| Untracked 
|  55|0x00000000e3700000, 0x00000000e3700000, 0x00000000e3800000|  0%| F|  |TAMS 0x00000000e3700000, 0x00000000e3700000| Untracked 
|  56|0x00000000e3800000, 0x00000000e3800000, 0x00000000e3900000|  0%| F|  |TAMS 0x00000000e3800000, 0x00000000e3800000| Untracked 
|  57|0x00000000e3900000, 0x00000000e3900000, 0x00000000e3a00000|  0%| F|  |TAMS 0x00000000e3900000, 0x00000000e3900000| Untracked 
|  58|0x00000000e3a00000, 0x00000000e3a00000, 0x00000000e3b00000|  0%| F|  |TAMS 0x00000000e3a00000, 0x00000000e3a00000| Untracked 
|  59|0x00000000e3b00000, 0x00000000e3b00000, 0x00000000e3c00000|  0%| F|  |TAMS 0x00000000e3b00000, 0x00000000e3b00000| Untracked 
|  60|0x00000000e3c00000, 0x00000000e3c00000, 0x00000000e3d00000|  0%| F|  |TAMS 0x00000000e3c00000, 0x00000000e3c00000| Untracked 
|  61|0x00000000e3d00000, 0x00000000e3d00000, 0x00000000e3e00000|  0%| F|  |TAMS 0x00000000e3d00000, 0x00000000e3d00000| Untracked 
|  62|0x00000000e3e00000, 0x00000000e3e00000, 0x00000000e3f00000|  0%| F|  |TAMS 0x00000000e3e00000, 0x00000000e3e00000| Untracked 
|  63|0x00000000e3f00000, 0x00000000e3f00000, 0x00000000e4000000|  0%| F|  |TAMS 0x00000000e3f00000, 0x00000000e3f00000| Untracked 
|  64|0x00000000e4000000, 0x00000000e4000000, 0x00000000e4100000|  0%| F|  |TAMS 0x00000000e4000000, 0x00000000e4000000| Untracked 
|  65|0x00000000e4100000, 0x00000000e4100000, 0x00000000e4200000|  0%| F|  |TAMS 0x00000000e4100000, 0x00000000e4100000| Untracked 
|  66|0x00000000e4200000, 0x00000000e4200000, 0x00000000e4300000|  0%| F|  |TAMS 0x00000000e4200000, 0x00000000e4200000| Untracked 
|  67|0x00000000e4300000, 0x00000000e4300000, 0x00000000e4400000|  0%| F|  |TAMS 0x00000000e4300000, 0x00000000e4300000| Untracked 
|  68|0x00000000e4400000, 0x00000000e4400000, 0x00000000e4500000|  0%| F|  |TAMS 0x00000000e4400000, 0x00000000e4400000| Untracked 
|  69|0x00000000e4500000, 0x00000000e4500000, 0x00000000e4600000|  0%| F|  |TAMS 0x00000000e4500000, 0x00000000e4500000| Untracked 
|  70|0x00000000e4600000, 0x00000000e4600000, 0x00000000e4700000|  0%| F|  |TAMS 0x00000000e4600000, 0x00000000e4600000| Untracked 
|  71|0x00000000e4700000, 0x00000000e4700000, 0x00000000e4800000|  0%| F|  |TAMS 0x00000000e4700000, 0x00000000e4700000| Untracked 
|  72|0x00000000e4800000, 0x00000000e4800000, 0x00000000e4900000|  0%| F|  |TAMS 0x00000000e4800000, 0x00000000e4800000| Untracked 
|  73|0x00000000e4900000, 0x00000000e4900000, 0x00000000e4a00000|  0%| F|  |TAMS 0x00000000e4900000, 0x00000000e4900000| Untracked 
|  74|0x00000000e4a00000, 0x00000000e4a00000, 0x00000000e4b00000|  0%| F|  |TAMS 0x00000000e4a00000, 0x00000000e4a00000| Untracked 
|  75|0x00000000e4b00000, 0x00000000e4b00000, 0x00000000e4c00000|  0%| F|  |TAMS 0x00000000e4b00000, 0x00000000e4b00000| Untracked 
|  76|0x00000000e4c00000, 0x00000000e4c00000, 0x00000000e4d00000|  0%| F|  |TAMS 0x00000000e4c00000, 0x00000000e4c00000| Untracked 
|  77|0x00000000e4d00000, 0x00000000e4d00000, 0x00000000e4e00000|  0%| F|  |TAMS 0x00000000e4d00000, 0x00000000e4d00000| Untracked 
|  78|0x00000000e4e00000, 0x00000000e4e00000, 0x00000000e4f00000|  0%| F|  |TAMS 0x00000000e4e00000, 0x00000000e4e00000| Untracked 
|  79|0x00000000e4f00000, 0x00000000e4f00000, 0x00000000e5000000|  0%| F|  |TAMS 0x00000000e4f00000, 0x00000000e4f00000| Untracked 
|  80|0x00000000e5000000, 0x00000000e5000000, 0x00000000e5100000|  0%| F|  |TAMS 0x00000000e5000000, 0x00000000e5000000| Untracked 
|  81|0x00000000e5100000, 0x00000000e5100000, 0x00000000e5200000|  0%| F|  |TAMS 0x00000000e5100000, 0x00000000e5100000| Untracked 
|  82|0x00000000e5200000, 0x00000000e5200000, 0x00000000e5300000|  0%| F|  |TAMS 0x00000000e5200000, 0x00000000e5200000| Untracked 
|  83|0x00000000e5300000, 0x00000000e5300000, 0x00000000e5400000|  0%| F|  |TAMS 0x00000000e5300000, 0x00000000e5300000| Untracked 
|  84|0x00000000e5400000, 0x00000000e5400000, 0x00000000e5500000|  0%| F|  |TAMS 0x00000000e5400000, 0x00000000e5400000| Untracked 
|  85|0x00000000e5500000, 0x00000000e5500000, 0x00000000e5600000|  0%| F|  |TAMS 0x00000000e5500000, 0x00000000e5500000| Untracked 
|  86|0x00000000e5600000, 0x00000000e5600000, 0x00000000e5700000|  0%| F|  |TAMS 0x00000000e5600000, 0x00000000e5600000| Untracked 
|  87|0x00000000e5700000, 0x00000000e5700000, 0x00000000e5800000|  0%| F|  |TAMS 0x00000000e5700000, 0x00000000e5700000| Untracked 
|  88|0x00000000e5800000, 0x00000000e5800000, 0x00000000e5900000|  0%| F|  |TAMS 0x00000000e5800000, 0x00000000e5800000| Untracked 
|  89|0x00000000e5900000, 0x00000000e5900000, 0x00000000e5a00000|  0%| F|  |TAMS 0x00000000e5900000, 0x00000000e5900000| Untracked 
|  90|0x00000000e5a00000, 0x00000000e5a00000, 0x00000000e5b00000|  0%| F|  |TAMS 0x00000000e5a00000, 0x00000000e5a00000| Untracked 
|  91|0x00000000e5b00000, 0x00000000e5b00000, 0x00000000e5c00000|  0%| F|  |TAMS 0x00000000e5b00000, 0x00000000e5b00000| Untracked 
|  92|0x00000000e5c00000, 0x00000000e5c00000, 0x00000000e5d00000|  0%| F|  |TAMS 0x00000000e5c00000, 0x00000000e5c00000| Untracked 
|  93|0x00000000e5d00000, 0x00000000e5d00000, 0x00000000e5e00000|  0%| F|  |TAMS 0x00000000e5d00000, 0x00000000e5d00000| Untracked 
|  94|0x00000000e5e00000, 0x00000000e5e00000, 0x00000000e5f00000|  0%| F|  |TAMS 0x00000000e5e00000, 0x00000000e5e00000| Untracked 
|  95|0x00000000e5f00000, 0x00000000e5f00000, 0x00000000e6000000|  0%| F|  |TAMS 0x00000000e5f00000, 0x00000000e5f00000| Untracked 
|  96|0x00000000e6000000, 0x00000000e6000000, 0x00000000e6100000|  0%| F|  |TAMS 0x00000000e6000000, 0x00000000e6000000| Untracked 
|  97|0x00000000e6100000, 0x00000000e6100000, 0x00000000e6200000|  0%| F|  |TAMS 0x00000000e6100000, 0x00000000e6100000| Untracked 
|  98|0x00000000e6200000, 0x00000000e6200000, 0x00000000e6300000|  0%| F|  |TAMS 0x00000000e6200000, 0x00000000e6200000| Untracked 
|  99|0x00000000e6300000, 0x00000000e6300000, 0x00000000e6400000|  0%| F|  |TAMS 0x00000000e6300000, 0x00000000e6300000| Untracked 
| 100|0x00000000e6400000, 0x00000000e6400000, 0x00000000e6500000|  0%| F|  |TAMS 0x00000000e6400000, 0x00000000e6400000| Untracked 
| 101|0x00000000e6500000, 0x00000000e6500000, 0x00000000e6600000|  0%| F|  |TAMS 0x00000000e6500000, 0x00000000e6500000| Untracked 
| 102|0x00000000e6600000, 0x00000000e6600000, 0x00000000e6700000|  0%| F|  |TAMS 0x00000000e6600000, 0x00000000e6600000| Untracked 
| 103|0x00000000e6700000, 0x00000000e6700000, 0x00000000e6800000|  0%| F|  |TAMS 0x00000000e6700000, 0x00000000e6700000| Untracked 
| 104|0x00000000e6800000, 0x00000000e6800000, 0x00000000e6900000|  0%| F|  |TAMS 0x00000000e6800000, 0x00000000e6800000| Untracked 
| 105|0x00000000e6900000, 0x00000000e6900000, 0x00000000e6a00000|  0%| F|  |TAMS 0x00000000e6900000, 0x00000000e6900000| Untracked 
| 106|0x00000000e6a00000, 0x00000000e6a00000, 0x00000000e6b00000|  0%| F|  |TAMS 0x00000000e6a00000, 0x00000000e6a00000| Untracked 
| 107|0x00000000e6b00000, 0x00000000e6b00000, 0x00000000e6c00000|  0%| F|  |TAMS 0x00000000e6b00000, 0x00000000e6b00000| Untracked 
| 108|0x00000000e6c00000, 0x00000000e6c00000, 0x00000000e6d00000|  0%| F|  |TAMS 0x00000000e6c00000, 0x00000000e6c00000| Untracked 
| 109|0x00000000e6d00000, 0x00000000e6d00000, 0x00000000e6e00000|  0%| F|  |TAMS 0x00000000e6d00000, 0x00000000e6d00000| Untracked 
| 110|0x00000000e6e00000, 0x00000000e6e00000, 0x00000000e6f00000|  0%| F|  |TAMS 0x00000000e6e00000, 0x00000000e6e00000| Untracked 
| 111|0x00000000e6f00000, 0x00000000e6f00000, 0x00000000e7000000|  0%| F|  |TAMS 0x00000000e6f00000, 0x00000000e6f00000| Untracked 
| 112|0x00000000e7000000, 0x00000000e7000000, 0x00000000e7100000|  0%| F|  |TAMS 0x00000000e7000000, 0x00000000e7000000| Untracked 
| 113|0x00000000e7100000, 0x00000000e7100000, 0x00000000e7200000|  0%| F|  |TAMS 0x00000000e7100000, 0x00000000e7100000| Untracked 
| 114|0x00000000e7200000, 0x00000000e7200000, 0x00000000e7300000|  0%| F|  |TAMS 0x00000000e7200000, 0x00000000e7200000| Untracked 
| 115|0x00000000e7300000, 0x00000000e7300000, 0x00000000e7400000|  0%| F|  |TAMS 0x00000000e7300000, 0x00000000e7300000| Untracked 
| 116|0x00000000e7400000, 0x00000000e7400000, 0x00000000e7500000|  0%| F|  |TAMS 0x00000000e7400000, 0x00000000e7400000| Untracked 
| 117|0x00000000e7500000, 0x00000000e7500000, 0x00000000e7600000|  0%| F|  |TAMS 0x00000000e7500000, 0x00000000e7500000| Untracked 
| 118|0x00000000e7600000, 0x00000000e7600000, 0x00000000e7700000|  0%| F|  |TAMS 0x00000000e7600000, 0x00000000e7600000| Untracked 
| 119|0x00000000e7700000, 0x00000000e7700000, 0x00000000e7800000|  0%| F|  |TAMS 0x00000000e7700000, 0x00000000e7700000| Untracked 
| 120|0x00000000e7800000, 0x00000000e7800000, 0x00000000e7900000|  0%| F|  |TAMS 0x00000000e7800000, 0x00000000e7800000| Untracked 
| 121|0x00000000e7900000, 0x00000000e7900000, 0x00000000e7a00000|  0%| F|  |TAMS 0x00000000e7900000, 0x00000000e7900000| Untracked 
| 122|0x00000000e7a00000, 0x00000000e7a00000, 0x00000000e7b00000|  0%| F|  |TAMS 0x00000000e7a00000, 0x00000000e7a00000| Untracked 
| 123|0x00000000e7b00000, 0x00000000e7b00000, 0x00000000e7c00000|  0%| F|  |TAMS 0x00000000e7b00000, 0x00000000e7b00000| Untracked 
| 124|0x00000000e7c00000, 0x00000000e7c00000, 0x00000000e7d00000|  0%| F|  |TAMS 0x00000000e7c00000, 0x00000000e7c00000| Untracked 
| 125|0x00000000e7d00000, 0x00000000e7d00000, 0x00000000e7e00000|  0%| F|  |TAMS 0x00000000e7d00000, 0x00000000e7d00000| Untracked 
| 126|0x00000000e7e00000, 0x00000000e7e00000, 0x00000000e7f00000|  0%| F|  |TAMS 0x00000000e7e00000, 0x00000000e7e00000| Untracked 
| 127|0x00000000e7f00000, 0x00000000e7f00000, 0x00000000e8000000|  0%| F|  |TAMS 0x00000000e7f00000, 0x00000000e7f00000| Untracked 
| 128|0x00000000e8000000, 0x00000000e8000000, 0x00000000e8100000|  0%| F|  |TAMS 0x00000000e8000000, 0x00000000e8000000| Untracked 
| 129|0x00000000e8100000, 0x00000000e8100000, 0x00000000e8200000|  0%| F|  |TAMS 0x00000000e8100000, 0x00000000e8100000| Untracked 
| 130|0x00000000e8200000, 0x00000000e8200000, 0x00000000e8300000|  0%| F|  |TAMS 0x00000000e8200000, 0x00000000e8200000| Untracked 
| 131|0x00000000e8300000, 0x00000000e8300000, 0x00000000e8400000|  0%| F|  |TAMS 0x00000000e8300000, 0x00000000e8300000| Untracked 
| 132|0x00000000e8400000, 0x00000000e8400000, 0x00000000e8500000|  0%| F|  |TAMS 0x00000000e8400000, 0x00000000e8400000| Untracked 
| 133|0x00000000e8500000, 0x00000000e8500000, 0x00000000e8600000|  0%| F|  |TAMS 0x00000000e8500000, 0x00000000e8500000| Untracked 
| 134|0x00000000e8600000, 0x00000000e8600000, 0x00000000e8700000|  0%| F|  |TAMS 0x00000000e8600000, 0x00000000e8600000| Untracked 
| 135|0x00000000e8700000, 0x00000000e8700000, 0x00000000e8800000|  0%| F|  |TAMS 0x00000000e8700000, 0x00000000e8700000| Untracked 
| 136|0x00000000e8800000, 0x00000000e8800000, 0x00000000e8900000|  0%| F|  |TAMS 0x00000000e8800000, 0x00000000e8800000| Untracked 
| 137|0x00000000e8900000, 0x00000000e8900000, 0x00000000e8a00000|  0%| F|  |TAMS 0x00000000e8900000, 0x00000000e8900000| Untracked 
| 138|0x00000000e8a00000, 0x00000000e8a00000, 0x00000000e8b00000|  0%| F|  |TAMS 0x00000000e8a00000, 0x00000000e8a00000| Untracked 
| 139|0x00000000e8b00000, 0x00000000e8b00000, 0x00000000e8c00000|  0%| F|  |TAMS 0x00000000e8b00000, 0x00000000e8b00000| Untracked 
| 140|0x00000000e8c00000, 0x00000000e8c00000, 0x00000000e8d00000|  0%| F|  |TAMS 0x00000000e8c00000, 0x00000000e8c00000| Untracked 
| 141|0x00000000e8d00000, 0x00000000e8d00000, 0x00000000e8e00000|  0%| F|  |TAMS 0x00000000e8d00000, 0x00000000e8d00000| Untracked 
| 142|0x00000000e8e00000, 0x00000000e8e00000, 0x00000000e8f00000|  0%| F|  |TAMS 0x00000000e8e00000, 0x00000000e8e00000| Untracked 
| 143|0x00000000e8f00000, 0x00000000e8f00000, 0x00000000e9000000|  0%| F|  |TAMS 0x00000000e8f00000, 0x00000000e8f00000| Untracked 
| 144|0x00000000e9000000, 0x00000000e9000000, 0x00000000e9100000|  0%| F|  |TAMS 0x00000000e9000000, 0x00000000e9000000| Untracked 
| 145|0x00000000e9100000, 0x00000000e9100000, 0x00000000e9200000|  0%| F|  |TAMS 0x00000000e9100000, 0x00000000e9100000| Untracked 
| 146|0x00000000e9200000, 0x00000000e92f8a78, 0x00000000e9300000| 97%| E|  |TAMS 0x00000000e9200000, 0x00000000e9200000| Complete 
| 147|0x00000000e9300000, 0x00000000e9400000, 0x00000000e9400000|100%| E|CS|TAMS 0x00000000e9300000, 0x00000000e9300000| Complete 
| 148|0x00000000e9400000, 0x00000000e9500000, 0x00000000e9500000|100%| E|CS|TAMS 0x00000000e9400000, 0x00000000e9400000| Complete 
| 149|0x00000000e9500000, 0x00000000e9600000, 0x00000000e9600000|100%| E|CS|TAMS 0x00000000e9500000, 0x00000000e9500000| Complete 
| 150|0x00000000e9600000, 0x00000000e9700000, 0x00000000e9700000|100%| E|CS|TAMS 0x00000000e9600000, 0x00000000e9600000| Complete 
| 151|0x00000000e9700000, 0x00000000e9774c88, 0x00000000e9800000| 45%| S|CS|TAMS 0x00000000e9700000, 0x00000000e9700000| Complete 
| 152|0x00000000e9800000, 0x00000000e9900000, 0x00000000e9900000|100%| S|CS|TAMS 0x00000000e9800000, 0x00000000e9800000| Complete 
| 153|0x00000000e9900000, 0x00000000e9a00000, 0x00000000e9a00000|100%| S|CS|TAMS 0x00000000e9900000, 0x00000000e9900000| Complete 
| 154|0x00000000e9a00000, 0x00000000e9b00000, 0x00000000e9b00000|100%| S|CS|TAMS 0x00000000e9a00000, 0x00000000e9a00000| Complete 
| 155|0x00000000e9b00000, 0x00000000e9c00000, 0x00000000e9c00000|100%| S|CS|TAMS 0x00000000e9b00000, 0x00000000e9b00000| Complete 
| 156|0x00000000e9c00000, 0x00000000e9d00000, 0x00000000e9d00000|100%| S|CS|TAMS 0x00000000e9c00000, 0x00000000e9c00000| Complete 
| 157|0x00000000e9d00000, 0x00000000e9e00000, 0x00000000e9e00000|100%| S|CS|TAMS 0x00000000e9d00000, 0x00000000e9d00000| Complete 
| 158|0x00000000e9e00000, 0x00000000e9f00000, 0x00000000e9f00000|100%| S|CS|TAMS 0x00000000e9e00000, 0x00000000e9e00000| Complete 
| 159|0x00000000e9f00000, 0x00000000ea000000, 0x00000000ea000000|100%| S|CS|TAMS 0x00000000e9f00000, 0x00000000e9f00000| Complete 
| 160|0x00000000ea000000, 0x00000000ea100000, 0x00000000ea100000|100%| E|  |TAMS 0x00000000ea000000, 0x00000000ea000000| Complete 
| 161|0x00000000ea100000, 0x00000000ea200000, 0x00000000ea200000|100%| E|CS|TAMS 0x00000000ea100000, 0x00000000ea100000| Complete 
| 162|0x00000000ea200000, 0x00000000ea300000, 0x00000000ea300000|100%| E|CS|TAMS 0x00000000ea200000, 0x00000000ea200000| Complete 
| 163|0x00000000ea300000, 0x00000000ea400000, 0x00000000ea400000|100%| E|CS|TAMS 0x00000000ea300000, 0x00000000ea300000| Complete 
| 164|0x00000000ea400000, 0x00000000ea500000, 0x00000000ea500000|100%| E|CS|TAMS 0x00000000ea400000, 0x00000000ea400000| Complete 
| 165|0x00000000ea500000, 0x00000000ea600000, 0x00000000ea600000|100%| E|CS|TAMS 0x00000000ea500000, 0x00000000ea500000| Complete 
| 166|0x00000000ea600000, 0x00000000ea700000, 0x00000000ea700000|100%| E|CS|TAMS 0x00000000ea600000, 0x00000000ea600000| Complete 
| 167|0x00000000ea700000, 0x00000000ea800000, 0x00000000ea800000|100%| E|CS|TAMS 0x00000000ea700000, 0x00000000ea700000| Complete 
| 168|0x00000000ea800000, 0x00000000ea900000, 0x00000000ea900000|100%| E|CS|TAMS 0x00000000ea800000, 0x00000000ea800000| Complete 
| 169|0x00000000ea900000, 0x00000000eaa00000, 0x00000000eaa00000|100%| E|CS|TAMS 0x00000000ea900000, 0x00000000ea900000| Complete 
| 170|0x00000000eaa00000, 0x00000000eab00000, 0x00000000eab00000|100%| E|CS|TAMS 0x00000000eaa00000, 0x00000000eaa00000| Complete 
| 171|0x00000000eab00000, 0x00000000eac00000, 0x00000000eac00000|100%| E|CS|TAMS 0x00000000eab00000, 0x00000000eab00000| Complete 
| 172|0x00000000eac00000, 0x00000000ead00000, 0x00000000ead00000|100%| E|CS|TAMS 0x00000000eac00000, 0x00000000eac00000| Complete 
| 173|0x00000000ead00000, 0x00000000eae00000, 0x00000000eae00000|100%| E|CS|TAMS 0x00000000ead00000, 0x00000000ead00000| Complete 
| 174|0x00000000eae00000, 0x00000000eaf00000, 0x00000000eaf00000|100%| E|CS|TAMS 0x00000000eae00000, 0x00000000eae00000| Complete 
| 175|0x00000000eaf00000, 0x00000000eb000000, 0x00000000eb000000|100%| E|CS|TAMS 0x00000000eaf00000, 0x00000000eaf00000| Complete 
| 176|0x00000000eb000000, 0x00000000eb100000, 0x00000000eb100000|100%| E|CS|TAMS 0x00000000eb000000, 0x00000000eb000000| Complete 
| 177|0x00000000eb100000, 0x00000000eb200000, 0x00000000eb200000|100%| E|CS|TAMS 0x00000000eb100000, 0x00000000eb100000| Complete 
| 178|0x00000000eb200000, 0x00000000eb300000, 0x00000000eb300000|100%| E|CS|TAMS 0x00000000eb200000, 0x00000000eb200000| Complete 
| 179|0x00000000eb300000, 0x00000000eb400000, 0x00000000eb400000|100%| E|CS|TAMS 0x00000000eb300000, 0x00000000eb300000| Complete 
| 180|0x00000000eb400000, 0x00000000eb500000, 0x00000000eb500000|100%| E|CS|TAMS 0x00000000eb400000, 0x00000000eb400000| Complete 
| 181|0x00000000eb500000, 0x00000000eb600000, 0x00000000eb600000|100%| E|CS|TAMS 0x00000000eb500000, 0x00000000eb500000| Complete 
| 182|0x00000000eb600000, 0x00000000eb700000, 0x00000000eb700000|100%| E|CS|TAMS 0x00000000eb600000, 0x00000000eb600000| Complete 
| 183|0x00000000eb700000, 0x00000000eb800000, 0x00000000eb800000|100%| E|CS|TAMS 0x00000000eb700000, 0x00000000eb700000| Complete 
| 184|0x00000000eb800000, 0x00000000eb900000, 0x00000000eb900000|100%| E|CS|TAMS 0x00000000eb800000, 0x00000000eb800000| Complete 
| 185|0x00000000eb900000, 0x00000000eba00000, 0x00000000eba00000|100%| E|CS|TAMS 0x00000000eb900000, 0x00000000eb900000| Complete 
| 186|0x00000000eba00000, 0x00000000ebb00000, 0x00000000ebb00000|100%| E|CS|TAMS 0x00000000eba00000, 0x00000000eba00000| Complete 
| 187|0x00000000ebb00000, 0x00000000ebc00000, 0x00000000ebc00000|100%| E|CS|TAMS 0x00000000ebb00000, 0x00000000ebb00000| Complete 
| 188|0x00000000ebc00000, 0x00000000ebd00000, 0x00000000ebd00000|100%| E|CS|TAMS 0x00000000ebc00000, 0x00000000ebc00000| Complete 
| 189|0x00000000ebd00000, 0x00000000ebe00000, 0x00000000ebe00000|100%| E|CS|TAMS 0x00000000ebd00000, 0x00000000ebd00000| Complete 
| 190|0x00000000ebe00000, 0x00000000ebf00000, 0x00000000ebf00000|100%| E|CS|TAMS 0x00000000ebe00000, 0x00000000ebe00000| Complete 
| 191|0x00000000ebf00000, 0x00000000ec000000, 0x00000000ec000000|100%| E|CS|TAMS 0x00000000ebf00000, 0x00000000ebf00000| Complete 
| 192|0x00000000ec000000, 0x00000000ec100000, 0x00000000ec100000|100%| E|CS|TAMS 0x00000000ec000000, 0x00000000ec000000| Complete 
| 193|0x00000000ec100000, 0x00000000ec200000, 0x00000000ec200000|100%| E|CS|TAMS 0x00000000ec100000, 0x00000000ec100000| Complete 
| 194|0x00000000ec200000, 0x00000000ec300000, 0x00000000ec300000|100%| E|CS|TAMS 0x00000000ec200000, 0x00000000ec200000| Complete 
| 195|0x00000000ec300000, 0x00000000ec400000, 0x00000000ec400000|100%| E|CS|TAMS 0x00000000ec300000, 0x00000000ec300000| Complete 
| 196|0x00000000ec400000, 0x00000000ec500000, 0x00000000ec500000|100%| E|CS|TAMS 0x00000000ec400000, 0x00000000ec400000| Complete 
| 197|0x00000000ec500000, 0x00000000ec600000, 0x00000000ec600000|100%| E|CS|TAMS 0x00000000ec500000, 0x00000000ec500000| Complete 
| 198|0x00000000ec600000, 0x00000000ec700000, 0x00000000ec700000|100%| E|CS|TAMS 0x00000000ec600000, 0x00000000ec600000| Complete 
| 199|0x00000000ec700000, 0x00000000ec800000, 0x00000000ec800000|100%| E|CS|TAMS 0x00000000ec700000, 0x00000000ec700000| Complete 
| 200|0x00000000ec800000, 0x00000000ec900000, 0x00000000ec900000|100%| E|CS|TAMS 0x00000000ec800000, 0x00000000ec800000| Complete 
| 201|0x00000000ec900000, 0x00000000eca00000, 0x00000000eca00000|100%| E|CS|TAMS 0x00000000ec900000, 0x00000000ec900000| Complete 
| 202|0x00000000eca00000, 0x00000000ecb00000, 0x00000000ecb00000|100%| E|CS|TAMS 0x00000000eca00000, 0x00000000eca00000| Complete 
| 203|0x00000000ecb00000, 0x00000000ecc00000, 0x00000000ecc00000|100%| E|CS|TAMS 0x00000000ecb00000, 0x00000000ecb00000| Complete 
| 204|0x00000000ecc00000, 0x00000000ecd00000, 0x00000000ecd00000|100%| E|CS|TAMS 0x00000000ecc00000, 0x00000000ecc00000| Complete 
| 205|0x00000000ecd00000, 0x00000000ece00000, 0x00000000ece00000|100%| E|CS|TAMS 0x00000000ecd00000, 0x00000000ecd00000| Complete 
| 206|0x00000000ece00000, 0x00000000ecf00000, 0x00000000ecf00000|100%| E|CS|TAMS 0x00000000ece00000, 0x00000000ece00000| Complete 
| 207|0x00000000ecf00000, 0x00000000ed000000, 0x00000000ed000000|100%| E|CS|TAMS 0x00000000ecf00000, 0x00000000ecf00000| Complete 
| 208|0x00000000ed000000, 0x00000000ed100000, 0x00000000ed100000|100%| E|CS|TAMS 0x00000000ed000000, 0x00000000ed000000| Complete 
| 209|0x00000000ed100000, 0x00000000ed200000, 0x00000000ed200000|100%| E|CS|TAMS 0x00000000ed100000, 0x00000000ed100000| Complete 
| 210|0x00000000ed200000, 0x00000000ed300000, 0x00000000ed300000|100%| E|CS|TAMS 0x00000000ed200000, 0x00000000ed200000| Complete 
| 211|0x00000000ed300000, 0x00000000ed400000, 0x00000000ed400000|100%| E|CS|TAMS 0x00000000ed300000, 0x00000000ed300000| Complete 
| 212|0x00000000ed400000, 0x00000000ed500000, 0x00000000ed500000|100%| E|CS|TAMS 0x00000000ed400000, 0x00000000ed400000| Complete 
| 213|0x00000000ed500000, 0x00000000ed600000, 0x00000000ed600000|100%| E|CS|TAMS 0x00000000ed500000, 0x00000000ed500000| Complete 
| 214|0x00000000ed600000, 0x00000000ed700000, 0x00000000ed700000|100%| E|CS|TAMS 0x00000000ed600000, 0x00000000ed600000| Complete 
| 215|0x00000000ed700000, 0x00000000ed800000, 0x00000000ed800000|100%| E|CS|TAMS 0x00000000ed700000, 0x00000000ed700000| Complete 
| 216|0x00000000ed800000, 0x00000000ed900000, 0x00000000ed900000|100%| E|CS|TAMS 0x00000000ed800000, 0x00000000ed800000| Complete 
| 217|0x00000000ed900000, 0x00000000eda00000, 0x00000000eda00000|100%| E|CS|TAMS 0x00000000ed900000, 0x00000000ed900000| Complete 
| 218|0x00000000eda00000, 0x00000000edb00000, 0x00000000edb00000|100%| E|CS|TAMS 0x00000000eda00000, 0x00000000eda00000| Complete 
| 219|0x00000000edb00000, 0x00000000edc00000, 0x00000000edc00000|100%| E|CS|TAMS 0x00000000edb00000, 0x00000000edb00000| Complete 
| 220|0x00000000edc00000, 0x00000000edd00000, 0x00000000edd00000|100%| E|CS|TAMS 0x00000000edc00000, 0x00000000edc00000| Complete 
| 221|0x00000000edd00000, 0x00000000ede00000, 0x00000000ede00000|100%| E|CS|TAMS 0x00000000edd00000, 0x00000000edd00000| Complete 
| 222|0x00000000ede00000, 0x00000000edf00000, 0x00000000edf00000|100%| E|CS|TAMS 0x00000000ede00000, 0x00000000ede00000| Complete 
| 223|0x00000000edf00000, 0x00000000ee000000, 0x00000000ee000000|100%| E|CS|TAMS 0x00000000edf00000, 0x00000000edf00000| Complete 
| 224|0x00000000ee000000, 0x00000000ee100000, 0x00000000ee100000|100%| E|CS|TAMS 0x00000000ee000000, 0x00000000ee000000| Complete 
| 225|0x00000000ee100000, 0x00000000ee200000, 0x00000000ee200000|100%| E|CS|TAMS 0x00000000ee100000, 0x00000000ee100000| Complete 
| 226|0x00000000ee200000, 0x00000000ee300000, 0x00000000ee300000|100%| E|CS|TAMS 0x00000000ee200000, 0x00000000ee200000| Complete 
| 227|0x00000000ee300000, 0x00000000ee400000, 0x00000000ee400000|100%| E|CS|TAMS 0x00000000ee300000, 0x00000000ee300000| Complete 
| 228|0x00000000ee400000, 0x00000000ee500000, 0x00000000ee500000|100%| E|CS|TAMS 0x00000000ee400000, 0x00000000ee400000| Complete 
| 229|0x00000000ee500000, 0x00000000ee600000, 0x00000000ee600000|100%| E|CS|TAMS 0x00000000ee500000, 0x00000000ee500000| Complete 
| 230|0x00000000ee600000, 0x00000000ee700000, 0x00000000ee700000|100%| E|CS|TAMS 0x00000000ee600000, 0x00000000ee600000| Complete 
| 231|0x00000000ee700000, 0x00000000ee800000, 0x00000000ee800000|100%| E|CS|TAMS 0x00000000ee700000, 0x00000000ee700000| Complete 
| 232|0x00000000ee800000, 0x00000000ee900000, 0x00000000ee900000|100%| E|CS|TAMS 0x00000000ee800000, 0x00000000ee800000| Complete 
| 233|0x00000000ee900000, 0x00000000eea00000, 0x00000000eea00000|100%| E|CS|TAMS 0x00000000ee900000, 0x00000000ee900000| Complete 
| 234|0x00000000eea00000, 0x00000000eeb00000, 0x00000000eeb00000|100%| E|CS|TAMS 0x00000000eea00000, 0x00000000eea00000| Complete 
| 235|0x00000000eeb00000, 0x00000000eec00000, 0x00000000eec00000|100%| E|CS|TAMS 0x00000000eeb00000, 0x00000000eeb00000| Complete 
| 236|0x00000000eec00000, 0x00000000eed00000, 0x00000000eed00000|100%| E|CS|TAMS 0x00000000eec00000, 0x00000000eec00000| Complete 
| 237|0x00000000eed00000, 0x00000000eee00000, 0x00000000eee00000|100%| E|CS|TAMS 0x00000000eed00000, 0x00000000eed00000| Complete 
| 238|0x00000000eee00000, 0x00000000eef00000, 0x00000000eef00000|100%| E|CS|TAMS 0x00000000eee00000, 0x00000000eee00000| Complete 
| 239|0x00000000eef00000, 0x00000000ef000000, 0x00000000ef000000|100%| E|CS|TAMS 0x00000000eef00000, 0x00000000eef00000| Complete 
| 240|0x00000000ef000000, 0x00000000ef100000, 0x00000000ef100000|100%| E|CS|TAMS 0x00000000ef000000, 0x00000000ef000000| Complete 
| 241|0x00000000ef100000, 0x00000000ef200000, 0x00000000ef200000|100%| E|CS|TAMS 0x00000000ef100000, 0x00000000ef100000| Complete 
| 242|0x00000000ef200000, 0x00000000ef300000, 0x00000000ef300000|100%| E|CS|TAMS 0x00000000ef200000, 0x00000000ef200000| Complete 
| 243|0x00000000ef300000, 0x00000000ef400000, 0x00000000ef400000|100%| E|CS|TAMS 0x00000000ef300000, 0x00000000ef300000| Complete 
| 244|0x00000000ef400000, 0x00000000ef500000, 0x00000000ef500000|100%| E|CS|TAMS 0x00000000ef400000, 0x00000000ef400000| Complete 
| 245|0x00000000ef500000, 0x00000000ef600000, 0x00000000ef600000|100%| E|CS|TAMS 0x00000000ef500000, 0x00000000ef500000| Complete 
| 246|0x00000000ef600000, 0x00000000ef700000, 0x00000000ef700000|100%| E|CS|TAMS 0x00000000ef600000, 0x00000000ef600000| Complete 
| 247|0x00000000ef700000, 0x00000000ef800000, 0x00000000ef800000|100%| E|CS|TAMS 0x00000000ef700000, 0x00000000ef700000| Complete 
| 248|0x00000000ef800000, 0x00000000ef900000, 0x00000000ef900000|100%| E|CS|TAMS 0x00000000ef800000, 0x00000000ef800000| Complete 
| 249|0x00000000ef900000, 0x00000000efa00000, 0x00000000efa00000|100%| E|CS|TAMS 0x00000000ef900000, 0x00000000ef900000| Complete 
| 250|0x00000000efa00000, 0x00000000efb00000, 0x00000000efb00000|100%| E|CS|TAMS 0x00000000efa00000, 0x00000000efa00000| Complete 
| 251|0x00000000efb00000, 0x00000000efc00000, 0x00000000efc00000|100%| E|CS|TAMS 0x00000000efb00000, 0x00000000efb00000| Complete 
| 252|0x00000000efc00000, 0x00000000efd00000, 0x00000000efd00000|100%| E|CS|TAMS 0x00000000efc00000, 0x00000000efc00000| Complete 
| 253|0x00000000efd00000, 0x00000000efe00000, 0x00000000efe00000|100%| E|CS|TAMS 0x00000000efd00000, 0x00000000efd00000| Complete 
| 254|0x00000000efe00000, 0x00000000eff00000, 0x00000000eff00000|100%| E|CS|TAMS 0x00000000efe00000, 0x00000000efe00000| Complete 
| 255|0x00000000eff00000, 0x00000000f0000000, 0x00000000f0000000|100%| E|CS|TAMS 0x00000000eff00000, 0x00000000eff00000| Complete 

Card table byte_map: [0x000001ef78310000,0x000001ef78410000] _byte_map_base: 0x000001ef77c10000

Marking Bits (Prev, Next): (CMBitMap*) 0x000001ef78044440, (CMBitMap*) 0x000001ef78044480
 Prev Bits: [0x000001ef78510000, 0x000001ef78d10000)
 Next Bits: [0x000001ef78d10000, 0x000001ef79510000)

Polling page: 0x000001ef761c0000

Metaspace:

Usage:
  Non-class:     38.45 MB used.
      Class:      6.18 MB used.
       Both:     44.63 MB used.

Virtual space:
  Non-class space:       40.00 MB reserved,      38.69 MB ( 97%) committed,  5 nodes.
      Class space:      208.00 MB reserved,       6.38 MB (  3%) committed,  1 nodes.
              Both:      248.00 MB reserved,      45.06 MB ( 18%) committed. 

Chunk freelists:
   Non-Class:  944.00 KB
       Class:  1.62 MB
        Both:  2.55 MB

MaxMetaspaceSize: 256.00 MB
CompressedClassSpaceSize: 208.00 MB
 - commit_granule_bytes: 65536.
 - commit_granule_words: 8192.
 - virtual_space_node_default_size: 1048576.
 - enlarge_chunks_in_place: 1.
 - new_chunks_are_fully_committed: 0.
 - uncommit_free_chunks: 1.
 - use_allocation_guard: 0.
 - handle_deallocations: 1.


Internal statistics:

num_allocs_failed_limit: 6.
num_arena_births: 514.
num_arena_deaths: 0.
num_vsnodes_births: 6.
num_vsnodes_deaths: 0.
num_space_committed: 721.
num_space_uncommitted: 0.
num_chunks_returned_to_freelist: 6.
num_chunks_taken_from_freelist: 2290.
num_chunk_merges: 6.
num_chunk_splits: 1487.
num_chunks_enlarged: 988.
num_purges: 0.

CodeHeap 'non-profiled nmethods': size=120000Kb used=3036Kb max_used=3036Kb free=116963Kb
 bounds [0x000001ef103a0000, 0x000001ef106a0000, 0x000001ef178d0000]
CodeHeap 'profiled nmethods': size=120000Kb used=10464Kb max_used=10464Kb free=109535Kb
 bounds [0x000001ef08e70000, 0x000001ef098b0000, 0x000001ef103a0000]
CodeHeap 'non-nmethods': size=5760Kb used=2333Kb max_used=2446Kb free=3426Kb
 bounds [0x000001ef088d0000, 0x000001ef08b40000, 0x000001ef08e70000]
 total_blobs=5903 nmethods=5064 adapters=751
 compilation: enabled
              stopped_count=0, restarted_count=0
 full_count=0

Compilation events (20 events):
Event: 4.208 Thread 0x000001ef7bcff6d0 5058       3       com.google.common.collect.CompactHashMap$Itr::next (53 bytes)
Event: 4.208 Thread 0x000001ef7c96c9a0 5060       4       java.lang.ClassLoader::preDefineClass (119 bytes)
Event: 4.209 Thread 0x000001ef7bcff6d0 nmethod 5058 0x000001ef0989eb90 code [0x000001ef0989eda0, 0x000001ef0989f438]
Event: 4.209 Thread 0x000001ef7bcff6d0 5059       3       com.google.common.collect.CompactHashMap$Itr::checkForConcurrentModification (23 bytes)
Event: 4.209 Thread 0x000001ef7bcff6d0 nmethod 5059 0x000001ef0989f690 code [0x000001ef0989f840, 0x000001ef0989fa68]
Event: 4.211 Thread 0x000001ef7bcfe530 nmethod 5056 0x000001ef10692910 code [0x000001ef10692ac0, 0x000001ef10692ed8]
Event: 4.211 Thread 0x000001ef7bcfe530 5061 %     4       jdk.internal.org.objectweb.asm.ClassReader::readUtf @ 18 (161 bytes)
Event: 4.219 Thread 0x000001ef7bcfe530 nmethod 5061% 0x000001ef10693210 code [0x000001ef106933c0, 0x000001ef10693cb8]
Event: 4.220 Thread 0x000001ef7bcfe530 5062       4       java.lang.Class::getPackageName (81 bytes)
Event: 4.220 Thread 0x000001ef7bcff6d0 5063       3       org.gradle.internal.file.DefaultFileHierarchySet$Node::plus (337 bytes)
Event: 4.222 Thread 0x000001ef7c96c9a0 nmethod 5060 0x000001ef10694090 code [0x000001ef10694260, 0x000001ef10694c68]
Event: 4.222 Thread 0x000001ef7bcff6d0 nmethod 5063 0x000001ef0989fb90 code [0x000001ef098a0200, 0x000001ef098a41e8]
Event: 4.223 Thread 0x000001ef7bcff6d0 5064       3       org.gradle.internal.snapshot.ChildMap$Entry::<init> (15 bytes)
Event: 4.223 Thread 0x000001ef7c96c9a0 5065       4       java.util.stream.StreamOpFlag::fromCharacteristics (37 bytes)
Event: 4.223 Thread 0x000001ef7bcff6d0 nmethod 5064 0x000001ef098a5890 code [0x000001ef098a5a40, 0x000001ef098a5c58]
Event: 4.223 Thread 0x000001ef7bcff6d0 5066       1       java.util.ArrayDeque$DeqSpliterator::characteristics (4 bytes)
Event: 4.223 Thread 0x000001ef7bcff6d0 nmethod 5066 0x000001ef10695310 code [0x000001ef106954a0, 0x000001ef10695578]
Event: 4.223 Thread 0x000001ef7bcff6d0 5067       3       java.util.concurrent.ConcurrentHashMap$Traverser::<init> (36 bytes)
Event: 4.223 Thread 0x000001ef7bcff6d0 nmethod 5067 0x000001ef098a5d10 code [0x000001ef098a5ec0, 0x000001ef098a60b8]
Event: 4.223 Thread 0x000001ef7c96c9a0 nmethod 5065 0x000001ef10695610 code [0x000001ef106957a0, 0x000001ef10695858]

GC Heap History (8 events):
Event: 0.406 GC heap before
{Heap before GC invocations=0 (full 0):
 garbage-first heap   total 262144K, used 26624K [0x00000000e0000000, 0x0000000100000000)
  region size 1024K, 21 young (21504K), 0 survivors (0K)
 Metaspace       used 3199K, committed 3328K, reserved 221184K
  class space    used 384K, committed 448K, reserved 212992K
}
Event: 0.409 GC heap after
{Heap after GC invocations=1 (full 0):
 garbage-first heap   total 262144K, used 9076K [0x00000000e0000000, 0x0000000100000000)
  region size 1024K, 3 young (3072K), 3 survivors (3072K)
 Metaspace       used 3199K, committed 3328K, reserved 221184K
  class space    used 384K, committed 448K, reserved 212992K
}
Event: 0.653 GC heap before
{Heap before GC invocations=1 (full 0):
 garbage-first heap   total 262144K, used 32628K [0x00000000e0000000, 0x0000000100000000)
  region size 1024K, 27 young (27648K), 3 survivors (3072K)
 Metaspace       used 4120K, committed 4288K, reserved 221184K
  class space    used 481K, committed 576K, reserved 212992K
}
Event: 0.655 GC heap after
{Heap after GC invocations=2 (full 0):
 garbage-first heap   total 262144K, used 9802K [0x00000000e0000000, 0x0000000100000000)
  region size 1024K, 1 young (1024K), 1 survivors (1024K)
 Metaspace       used 4120K, committed 4288K, reserved 221184K
  class space    used 481K, committed 576K, reserved 212992K
}
Event: 2.040 GC heap before
{Heap before GC invocations=2 (full 0):
 garbage-first heap   total 262144K, used 118346K [0x00000000e0000000, 0x0000000100000000)
  region size 1024K, 108 young (110592K), 1 survivors (1024K)
 Metaspace       used 20971K, committed 21248K, reserved 237568K
  class space    used 3037K, committed 3200K, reserved 212992K
}
Event: 2.045 GC heap after
{Heap after GC invocations=3 (full 0):
 garbage-first heap   total 262144K, used 19682K [0x00000000e0000000, 0x0000000100000000)
  region size 1024K, 11 young (11264K), 11 survivors (11264K)
 Metaspace       used 20971K, committed 21248K, reserved 237568K
  class space    used 3037K, committed 3200K, reserved 212992K
}
Event: 3.048 GC heap before
{Heap before GC invocations=4 (full 0):
 garbage-first heap   total 262144K, used 120034K [0x00000000e0000000, 0x0000000100000000)
  region size 1024K, 107 young (109568K), 11 survivors (11264K)
 Metaspace       used 35162K, committed 35520K, reserved 245760K
  class space    used 4656K, committed 4864K, reserved 212992K
}
Event: 3.055 GC heap after
{Heap after GC invocations=5 (full 0):
 garbage-first heap   total 262144K, used 28125K [0x00000000e0000000, 0x0000000100000000)
  region size 1024K, 9 young (9216K), 9 survivors (9216K)
 Metaspace       used 35162K, committed 35520K, reserved 245760K
  class space    used 4656K, committed 4864K, reserved 212992K
}

Deoptimization events (20 events):
Event: 3.891 Thread 0x000001ef7e2eb590 DEOPT PACKING pc=0x000001ef105f286c sp=0x0000008268ef8df0
Event: 3.891 Thread 0x000001ef7e2eb590 DEOPT UNPACKING pc=0x000001ef0891d72e sp=0x0000008268ef8d08 mode 2
Event: 3.891 Thread 0x000001ef7e2eb590 Uncommon trap: trap_request=0xffffff45 fr.pc=0x000001ef105184a0 relative=0x00000000000006c0
Event: 3.891 Thread 0x000001ef7e2eb590 Uncommon trap: reason=unstable_if action=reinterpret pc=0x000001ef105184a0 method=java.util.HashMap.putVal(ILjava/lang/Object;Ljava/lang/Object;ZZ)Ljava/lang/Object; @ 109 c2
Event: 3.891 Thread 0x000001ef7e2eb590 DEOPT PACKING pc=0x000001ef105184a0 sp=0x0000008268ef8d40
Event: 3.891 Thread 0x000001ef7e2eb590 DEOPT UNPACKING pc=0x000001ef0891d72e sp=0x0000008268ef8cf8 mode 2
Event: 3.903 Thread 0x000001ef7e2eb590 Uncommon trap: trap_request=0xffffff45 fr.pc=0x000001ef104fe978 relative=0x00000000000001d8
Event: 3.903 Thread 0x000001ef7e2eb590 Uncommon trap: reason=unstable_if action=reinterpret pc=0x000001ef104fe978 method=java.util.ArrayDeque.addLast(Ljava/lang/Object;)V @ 42 c2
Event: 3.903 Thread 0x000001ef7e2eb590 DEOPT PACKING pc=0x000001ef104fe978 sp=0x0000008268ef88d0
Event: 3.903 Thread 0x000001ef7e2eb590 DEOPT UNPACKING pc=0x000001ef0891d72e sp=0x0000008268ef8890 mode 2
Event: 3.957 Thread 0x000001ef7e2eb590 DEOPT PACKING pc=0x000001ef08f2e25d sp=0x0000008268ef9f10
Event: 3.957 Thread 0x000001ef7e2eb590 DEOPT UNPACKING pc=0x000001ef0891dece sp=0x0000008268ef9398 mode 0
Event: 4.073 Thread 0x000001ef1a1afe50 Uncommon trap: trap_request=0xffffff45 fr.pc=0x000001ef1048abcc relative=0x00000000000005ec
Event: 4.073 Thread 0x000001ef1a1afe50 Uncommon trap: reason=unstable_if action=reinterpret pc=0x000001ef1048abcc method=java.lang.String.regionMatches(ZILjava/lang/String;II)Z @ 1 c2
Event: 4.073 Thread 0x000001ef1a1afe50 DEOPT PACKING pc=0x000001ef1048abcc sp=0x000000826b1fc3c0
Event: 4.073 Thread 0x000001ef1a1afe50 DEOPT UNPACKING pc=0x000001ef0891d72e sp=0x000000826b1fc368 mode 2
Event: 4.217 Thread 0x000001ef1a1afe50 Uncommon trap: trap_request=0xffffffc6 fr.pc=0x000001ef106699d0 relative=0x0000000000000470
Event: 4.217 Thread 0x000001ef1a1afe50 Uncommon trap: reason=bimorphic_or_optimized_type_check action=maybe_recompile pc=0x000001ef106699d0 method=java.util.Spliterators$IteratorSpliterator.tryAdvance(Ljava/util/function/Consumer;)Z @ 68 c2
Event: 4.217 Thread 0x000001ef1a1afe50 DEOPT PACKING pc=0x000001ef106699d0 sp=0x000000826b1fc150
Event: 4.217 Thread 0x000001ef1a1afe50 DEOPT UNPACKING pc=0x000001ef0891d72e sp=0x000000826b1fc0e8 mode 2

Classes unloaded (0 events):
No events

Classes redefined (0 events):
No events

Internal exceptions (20 events):
Event: 3.801 Thread 0x000001ef7e2eb590 Exception <a 'java/lang/ClassNotFoundException'{0x00000000eb97e8d0}: org/gradle/api/internal/artifacts/dsl/dependencies/DefaultDependencyHandler_DecoratedCustomizer> (0x00000000eb97e8d0) 
thrown [e:\jenkins\tmp\workspace\build\src\src\hotspot\share\classfile\systemDictionary.cpp, line 256]
Event: 3.840 Thread 0x000001ef7e2eb590 Exception <a 'java/lang/ClassNotFoundException'{0x00000000eb341628}: org/gradle/api/tasks/testing/Test_DecoratedBeanInfo> (0x00000000eb341628) 
thrown [e:\jenkins\tmp\workspace\build\src\src\hotspot\share\classfile\systemDictionary.cpp, line 256]
Event: 3.841 Thread 0x000001ef7e2eb590 Exception <a 'java/lang/ClassNotFoundException'{0x00000000eb3548e8}: org/gradle/api/tasks/testing/TestBeanInfo> (0x00000000eb3548e8) 
thrown [e:\jenkins\tmp\workspace\build\src\src\hotspot\share\classfile\systemDictionary.cpp, line 256]
Event: 3.841 Thread 0x000001ef7e2eb590 Exception <a 'java/lang/ClassNotFoundException'{0x00000000eb367d88}: org/gradle/api/tasks/testing/AbstractTestTaskBeanInfo> (0x00000000eb367d88) 
thrown [e:\jenkins\tmp\workspace\build\src\src\hotspot\share\classfile\systemDictionary.cpp, line 256]
Event: 3.841 Thread 0x000001ef7e2eb590 Exception <a 'java/lang/ClassNotFoundException'{0x00000000eb37b310}: org/gradle/api/tasks/testing/AbstractTestTaskCustomizer> (0x00000000eb37b310) 
thrown [e:\jenkins\tmp\workspace\build\src\src\hotspot\share\classfile\systemDictionary.cpp, line 256]
Event: 3.842 Thread 0x000001ef7e2eb590 Exception <a 'java/lang/ClassNotFoundException'{0x00000000eb3ac350}: org/gradle/api/tasks/testing/TestCustomizer> (0x00000000eb3ac350) 
thrown [e:\jenkins\tmp\workspace\build\src\src\hotspot\share\classfile\systemDictionary.cpp, line 256]
Event: 3.845 Thread 0x000001ef7e2eb590 Exception <a 'java/lang/ClassNotFoundException'{0x00000000eb23f538}: org/gradle/api/tasks/testing/Test_DecoratedCustomizer> (0x00000000eb23f538) 
thrown [e:\jenkins\tmp\workspace\build\src\src\hotspot\share\classfile\systemDictionary.cpp, line 256]
Event: 3.850 Thread 0x000001ef7e2eb590 Exception <a 'java/lang/ClassNotFoundException'{0x00000000eb129c70}: org/openjfx/gradle/JavaFXOptions_DecoratedBeanInfo> (0x00000000eb129c70) 
thrown [e:\jenkins\tmp\workspace\build\src\src\hotspot\share\classfile\systemDictionary.cpp, line 256]
Event: 3.850 Thread 0x000001ef7e2eb590 Exception <a 'java/lang/ClassNotFoundException'{0x00000000eb132620}: org/openjfx/gradle/JavaFXOptionsBeanInfo> (0x00000000eb132620) 
thrown [e:\jenkins\tmp\workspace\build\src\src\hotspot\share\classfile\systemDictionary.cpp, line 256]
Event: 3.850 Thread 0x000001ef7e2eb590 Exception <a 'java/lang/ClassNotFoundException'{0x00000000eb13afe0}: org/openjfx/gradle/JavaFXOptionsCustomizer> (0x00000000eb13afe0) 
thrown [e:\jenkins\tmp\workspace\build\src\src\hotspot\share\classfile\systemDictionary.cpp, line 256]
Event: 3.851 Thread 0x000001ef7e2eb590 Exception <a 'java/lang/ClassNotFoundException'{0x00000000eb14cc28}: org/openjfx/gradle/JavaFXOptions_DecoratedCustomizer> (0x00000000eb14cc28) 
thrown [e:\jenkins\tmp\workspace\build\src\src\hotspot\share\classfile\systemDictionary.cpp, line 256]
Event: 3.872 Thread 0x000001ef7e2eb590 Exception <a 'java/lang/NoSuchMethodError'{0x00000000eaf07878}: 'int java.lang.invoke.DirectMethodHandle$Holder.invokeInterface(java.lang.Object, java.lang.Object, java.lang.Object, java.lang.Object)'> (0x00000000eaf07878) 
thrown [e:\jenkins\tmp\workspace\build\src\src\hotspot\share\interpreter\linkResolver.cpp, line 790]
Event: 4.029 Thread 0x000001ef7e2e95b0 Exception <a 'java/lang/NoSuchMethodError'{0x00000000eff8cef8}: static Lorg/gradle/internal/build/event/types/DefaultTaskStartedProgressEvent;.<clinit>()V> (0x00000000eff8cef8) 
thrown [e:\jenkins\tmp\workspace\build\src\src\hotspot\share\prims\jni.cpp, line 1210]
Event: 4.029 Thread 0x000001ef7e2e95b0 Exception <a 'java/lang/NoSuchMethodError'{0x00000000eff8e518}: static Lorg/gradle/internal/build/event/types/AbstractProgressEvent;.<clinit>()V> (0x00000000eff8e518) 
thrown [e:\jenkins\tmp\workspace\build\src\src\hotspot\share\prims\jni.cpp, line 1210]
Event: 4.029 Thread 0x000001ef7e2e95b0 Exception <a 'java/lang/NoSuchMethodError'{0x00000000eff97808}: static Lorg/gradle/internal/build/event/types/DefaultTaskDescriptor;.<clinit>()V> (0x00000000eff97808) 
thrown [e:\jenkins\tmp\workspace\build\src\src\hotspot\share\prims\jni.cpp, line 1210]
Event: 4.030 Thread 0x000001ef7e2e95b0 Exception <a 'java/lang/NoSuchMethodError'{0x00000000ea3fde98}: static Lorg/gradle/internal/operations/OperationIdentifier;.<clinit>()V> (0x00000000ea3fde98) 
thrown [e:\jenkins\tmp\workspace\build\src\src\hotspot\share\prims\jni.cpp, line 1210]
Event: 4.031 Thread 0x000001ef7e2e95b0 Exception <a 'java/lang/NoSuchMethodError'{0x00000000ea205e20}: static Lorg/gradle/internal/build/event/types/DefaultBinaryPluginIdentifier;.<clinit>()V> (0x00000000ea205e20) 
thrown [e:\jenkins\tmp\workspace\build\src\src\hotspot\share\prims\jni.cpp, line 1210]
Event: 4.142 Thread 0x000001ef1a1afe50 Exception <a 'java/lang/IncompatibleClassChangeError'{0x00000000ea095c68}: Found class java.lang.Object, but interface was expected> (0x00000000ea095c68) 
thrown [e:\jenkins\tmp\workspace\build\src\src\hotspot\share\interpreter\linkResolver.cpp, line 857]
Event: 4.202 Thread 0x000001ef1a1afe50 Exception <a 'java/lang/NoSuchMethodError'{0x00000000e9560c48}: 'int java.lang.invoke.DirectMethodHandle$Holder.invokeStaticInit(java.lang.Object, java.lang.Object, java.lang.Object, java.lang.Object, java.lang.Object)'> (0x00000000e9560c48) 
thrown [e:\jenkins\tmp\workspace\build\src\src\hotspot\share\interpreter\linkResolver.cpp, line 790]
Event: 4.225 Thread 0x000001ef1a1afe50 Exception <a 'java/lang/NoSuchMethodError'{0x00000000e9300890}: 'void java.lang.invoke.DirectMethodHandle$Holder.invokeVirtual(java.lang.Object, java.lang.Object)'> (0x00000000e9300890) 
thrown [e:\jenkins\tmp\workspace\build\src\src\hotspot\share\interpreter\linkResolver.cpp, line 790]

Events (20 events):
Event: 4.058 loading class java/util/stream/ReferencePipeline$4
Event: 4.058 loading class java/util/stream/ReferencePipeline$4 done
Event: 4.058 loading class java/util/function/IntBinaryOperator
Event: 4.058 loading class java/util/function/IntBinaryOperator done
Event: 4.058 loading class java/util/stream/ReduceOps$6
Event: 4.058 loading class java/util/stream/ReduceOps$6 done
Event: 4.058 loading class java/util/stream/ReduceOps$5ReducingSink
Event: 4.058 loading class java/util/stream/ReduceOps$5ReducingSink done
Event: 4.059 loading class java/util/stream/ReferencePipeline$4$1
Event: 4.059 loading class java/util/stream/ReferencePipeline$4$1 done
Event: 4.063 loading class java/nio/file/FileTreeWalker$1
Event: 4.063 loading class java/nio/file/FileTreeWalker$1 done
Event: 4.090 Executing  VM operation: ICBufferFull
Event: 4.090 Executing  VM operation: ICBufferFull done
Event: 4.142 loading class java/util/stream/ReferencePipeline$15
Event: 4.142 loading class java/util/stream/ReferencePipeline$15 done
Event: 4.143 loading class java/util/stream/ReferencePipeline$15$1
Event: 4.143 loading class java/util/stream/ReferencePipeline$15$1 done
Event: 4.215 loading class java/util/stream/SortedOps$SizedRefSortingSink
Event: 4.215 loading class java/util/stream/SortedOps$SizedRefSortingSink done


Dynamic libraries:
0x00007ff770b50000 - 0x00007ff770b5e000 	C:\Program Files\AdoptOpenJDK\jdk-16.0.1.9-hotspot\bin\java.exe
0x00007ffddf710000 - 0x00007ffddf905000 	C:\WINDOWS\SYSTEM32\ntdll.dll
0x00007ffddea10000 - 0x00007ffddeacd000 	C:\WINDOWS\System32\KERNEL32.DLL
0x00007ffddd3c0000 - 0x00007ffddd689000 	C:\WINDOWS\System32\KERNELBASE.dll
0x00007ffddd160000 - 0x00007ffddd260000 	C:\WINDOWS\System32\ucrtbase.dll
0x00007ffdd6890000 - 0x00007ffdd68a9000 	C:\Program Files\AdoptOpenJDK\jdk-16.0.1.9-hotspot\bin\VCRUNTIME140.dll
0x00007ffdd82c0000 - 0x00007ffdd82d8000 	C:\Program Files\AdoptOpenJDK\jdk-16.0.1.9-hotspot\bin\jli.dll
0x00007ffddedb0000 - 0x00007ffddef50000 	C:\WINDOWS\System32\USER32.dll
0x00007ffddd750000 - 0x00007ffddd772000 	C:\WINDOWS\System32\win32u.dll
0x00007ffdb8d80000 - 0x00007ffdb901a000 	C:\WINDOWS\WinSxS\amd64_microsoft.windows.common-controls_6595b64144ccf1df_6.0.19041.1083_none_60bbe31371f34e71\COMCTL32.dll
0x00007ffdde500000 - 0x00007ffdde52a000 	C:\WINDOWS\System32\GDI32.dll
0x00007ffddce50000 - 0x00007ffddcf5b000 	C:\WINDOWS\System32\gdi32full.dll
0x00007ffdde970000 - 0x00007ffddea0e000 	C:\WINDOWS\System32\msvcrt.dll
0x00007ffddcfc0000 - 0x00007ffddd05d000 	C:\WINDOWS\System32\msvcp_win.dll
0x00007ffddf6a0000 - 0x00007ffddf6d0000 	C:\WINDOWS\System32\IMM32.DLL
0x00007ffdd6d40000 - 0x00007ffdd6d4c000 	C:\Program Files\AdoptOpenJDK\jdk-16.0.1.9-hotspot\bin\vcruntime140_1.dll
0x00007ffdc70d0000 - 0x00007ffdc7161000 	C:\Program Files\AdoptOpenJDK\jdk-16.0.1.9-hotspot\bin\msvcp140.dll
0x00007ffd776b0000 - 0x00007ffd782e8000 	C:\Program Files\AdoptOpenJDK\jdk-16.0.1.9-hotspot\bin\server\jvm.dll
0x00007ffddead0000 - 0x00007ffddeb7c000 	C:\WINDOWS\System32\ADVAPI32.dll
0x00007ffdde400000 - 0x00007ffdde49b000 	C:\WINDOWS\System32\sechost.dll
0x00007ffddef50000 - 0x00007ffddf07a000 	C:\WINDOWS\System32\RPCRT4.dll
0x00007ffdddf20000 - 0x00007ffdddf28000 	C:\WINDOWS\System32\PSAPI.DLL
0x00007ffdc0d40000 - 0x00007ffdc0d67000 	C:\WINDOWS\SYSTEM32\WINMM.dll
0x00007ffdc5cc0000 - 0x00007ffdc5cc9000 	C:\WINDOWS\SYSTEM32\WSOCK32.dll
0x00007ffdd45d0000 - 0x00007ffdd45da000 	C:\WINDOWS\SYSTEM32\VERSION.dll
0x00007ffddf090000 - 0x00007ffddf0fb000 	C:\WINDOWS\System32\WS2_32.dll
0x00007ffddad90000 - 0x00007ffddada2000 	C:\WINDOWS\SYSTEM32\kernel.appcore.dll
0x00007ffdd6a40000 - 0x00007ffdd6a4a000 	C:\Program Files\AdoptOpenJDK\jdk-16.0.1.9-hotspot\bin\jimage.dll
0x00007ffdd7c40000 - 0x00007ffdd7e24000 	C:\WINDOWS\SYSTEM32\DBGHELP.DLL
0x00007ffdd7a40000 - 0x00007ffdd7a6c000 	C:\WINDOWS\SYSTEM32\dbgcore.DLL
0x00007ffddd690000 - 0x00007ffddd713000 	C:\WINDOWS\System32\bcryptPrimitives.dll
0x00007ffdc9670000 - 0x00007ffdc9695000 	C:\Program Files\AdoptOpenJDK\jdk-16.0.1.9-hotspot\bin\java.dll
0x00007ffddd780000 - 0x00007ffdddebf000 	C:\WINDOWS\System32\SHELL32.dll
0x00007ffddaf90000 - 0x00007ffddb721000 	C:\WINDOWS\SYSTEM32\windows.storage.dll
0x00007ffddf340000 - 0x00007ffddf695000 	C:\WINDOWS\System32\combase.dll
0x00007ffddc8c0000 - 0x00007ffddc8ec000 	C:\WINDOWS\SYSTEM32\Wldp.dll
0x00007ffddf1b0000 - 0x00007ffddf25e000 	C:\WINDOWS\System32\SHCORE.dll
0x00007ffddeb80000 - 0x00007ffddebd5000 	C:\WINDOWS\System32\shlwapi.dll
0x00007ffddcd90000 - 0x00007ffddcdaf000 	C:\WINDOWS\SYSTEM32\profapi.dll
0x00007ffdcef10000 - 0x00007ffdcef29000 	C:\Program Files\AdoptOpenJDK\jdk-16.0.1.9-hotspot\bin\net.dll
0x00007ffdd6030000 - 0x00007ffdd613a000 	C:\WINDOWS\SYSTEM32\WINHTTP.dll
0x00007ffddc620000 - 0x00007ffddc68a000 	C:\WINDOWS\system32\mswsock.dll
0x00007ffdce5a0000 - 0x00007ffdce5b3000 	C:\Program Files\AdoptOpenJDK\jdk-16.0.1.9-hotspot\bin\nio.dll
0x00007ffdcd4b0000 - 0x00007ffdcd4c8000 	C:\Program Files\AdoptOpenJDK\jdk-16.0.1.9-hotspot\bin\zip.dll
0x00007ffdd21b0000 - 0x00007ffdd21c0000 	C:\Program Files\AdoptOpenJDK\jdk-16.0.1.9-hotspot\bin\verify.dll
0x00007ffdcdc60000 - 0x00007ffdcdc87000 	C:\Users\80010-02-05\.gradle\native\49d0259a56938c7f99b2704e745ce422c4f750a7a20b539a32ccef96729676b1\windows-amd64\native-platform.dll
0x00007ffd8ce10000 - 0x00007ffd8cfa6000 	C:\Users\80010-02-05\.gradle\native\12488b8bf47d2d4c9fbf2f6322a914ad602e24e48041cd04a747c6da556b65c4\windows-amd64\native-platform-file-events.dll
0x00007ffdd1a10000 - 0x00007ffdd1a19000 	C:\Program Files\AdoptOpenJDK\jdk-16.0.1.9-hotspot\bin\management.dll
0x00007ffdceed0000 - 0x00007ffdceedb000 	C:\Program Files\AdoptOpenJDK\jdk-16.0.1.9-hotspot\bin\management_ext.dll
0x00007ffddc800000 - 0x00007ffddc818000 	C:\WINDOWS\SYSTEM32\CRYPTSP.dll
0x00007ffddbef0000 - 0x00007ffddbf24000 	C:\WINDOWS\system32\rsaenh.dll
0x00007ffddd720000 - 0x00007ffddd747000 	C:\WINDOWS\System32\bcrypt.dll
0x00007ffddcd50000 - 0x00007ffddcd7e000 	C:\WINDOWS\SYSTEM32\USERENV.dll
0x00007ffddc820000 - 0x00007ffddc82c000 	C:\WINDOWS\SYSTEM32\CRYPTBASE.dll
0x00007ffddc2c0000 - 0x00007ffddc2fb000 	C:\WINDOWS\SYSTEM32\IPHLPAPI.DLL
0x00007ffddf080000 - 0x00007ffddf088000 	C:\WINDOWS\System32\NSI.dll
0x00007ffdd8810000 - 0x00007ffdd8827000 	C:\WINDOWS\SYSTEM32\dhcpcsvc6.DLL
0x00007ffdd8610000 - 0x00007ffdd862d000 	C:\WINDOWS\SYSTEM32\dhcpcsvc.DLL
0x00007ffddc300000 - 0x00007ffddc3cc000 	C:\WINDOWS\SYSTEM32\DNSAPI.dll
0x00007ffdc9840000 - 0x00007ffdc984e000 	C:\Program Files\AdoptOpenJDK\jdk-16.0.1.9-hotspot\bin\sunmscapi.dll
0x00007ffddd260000 - 0x00007ffddd3bf000 	C:\WINDOWS\System32\CRYPT32.dll
0x00007ffddc930000 - 0x00007ffddc957000 	C:\WINDOWS\SYSTEM32\ncrypt.dll
0x00007ffddc8f0000 - 0x00007ffddc92b000 	C:\WINDOWS\SYSTEM32\NTASN1.dll
0x00007ffdc9660000 - 0x00007ffdc9667000 	C:\WINDOWS\system32\wshunix.dll

dbghelp: loaded successfully - version: 4.0.5 - missing functions: none
symbol engine: initialized successfully - sym options: 0x614 - pdb path: .;C:\Program Files\AdoptOpenJDK\jdk-16.0.1.9-hotspot\bin;C:\WINDOWS\SYSTEM32;C:\WINDOWS\WinSxS\amd64_microsoft.windows.common-controls_6595b64144ccf1df_6.0.19041.1083_none_60bbe31371f34e71;C:\Program Files\AdoptOpenJDK\jdk-16.0.1.9-hotspot\bin\server;C:\Users\80010-02-05\.gradle\native\49d0259a56938c7f99b2704e745ce422c4f750a7a20b539a32ccef96729676b1\windows-amd64;C:\Users\80010-02-05\.gradle\native\12488b8bf47d2d4c9fbf2f6322a914ad602e24e48041cd04a747c6da556b65c4\windows-amd64

VM Arguments:
jvm_args: --add-opens=java.base/java.util=ALL-UNNAMED --add-opens=java.base/java.lang=ALL-UNNAMED --add-opens=java.base/java.lang.invoke=ALL-UNNAMED --add-opens=java.base/java.util=ALL-UNNAMED --add-opens=java.prefs/java.util.prefs=ALL-UNNAMED --add-opens=java.prefs/java.util.prefs=ALL-UNNAMED --add-opens=java.base/java.nio.charset=ALL-UNNAMED --add-opens=java.base/java.net=ALL-UNNAMED --add-opens=java.base/java.util.concurrent.atomic=ALL-UNNAMED -XX:MaxMetaspaceSize=256m -XX:+HeapDumpOnOutOfMemoryError -Xms256m -Xmx512m -Dfile.encoding=windows-1252 -Duser.country=FR -Duser.language=fr -Duser.variant 
java_command: org.gradle.launcher.daemon.bootstrap.GradleDaemon 7.0
java_class_path (initial): C:\Users\80010-02-05\.gradle\wrapper\dists\gradle-7.0-bin\2p9ebqfz6ilrfozi676ogco7n\gradle-7.0\lib\gradle-launcher-7.0.jar
Launcher Type: SUN_STANDARD

[Global flags]
     intx CICompilerCount                          = 3                                         {product} {ergonomic}
   size_t CompressedClassSpaceSize                 = 218103808                                 {product} {ergonomic}
     uint ConcGCThreads                            = 2                                         {product} {ergonomic}
     uint G1ConcRefinementThreads                  = 6                                         {product} {ergonomic}
   size_t G1HeapRegionSize                         = 1048576                                   {product} {ergonomic}
    uintx GCDrainStackTargetSize                   = 64                                        {product} {ergonomic}
     bool HeapDumpOnOutOfMemoryError               = true                                   {manageable} {command line}
   size_t InitialHeapSize                          = 268435456                                 {product} {command line}
   size_t MarkStackSize                            = 4194304                                   {product} {ergonomic}
   size_t MaxHeapSize                              = 536870912                                 {product} {command line}
   size_t MaxMetaspaceSize                         = 268435456                                 {product} {command line}
   size_t MaxNewSize                               = 321912832                                 {product} {ergonomic}
   size_t MinHeapDeltaBytes                        = 1048576                                   {product} {ergonomic}
   size_t MinHeapSize                              = 268435456                                 {product} {command line}
    uintx NonNMethodCodeHeapSize                   = 5832780                                {pd product} {ergonomic}
    uintx NonProfiledCodeHeapSize                  = 122912730                              {pd product} {ergonomic}
    uintx ProfiledCodeHeapSize                     = 122912730                              {pd product} {ergonomic}
    uintx ReservedCodeCacheSize                    = 251658240                              {pd product} {ergonomic}
     bool SegmentedCodeCache                       = true                                      {product} {ergonomic}
   size_t SoftMaxHeapSize                          = 536870912                              {manageable} {ergonomic}
     bool UseCompressedClassPointers               = true                           {product lp64_product} {ergonomic}
     bool UseCompressedOops                        = true                           {product lp64_product} {ergonomic}
     bool UseG1GC                                  = true                                      {product} {ergonomic}
     bool UseLargePagesIndividualAllocation        = false                                  {pd product} {ergonomic}

Logging:
Log output configuration:
 #0: stdout all=warning uptime,level,tags
 #1: stderr all=off uptime,level,tags

Environment Variables:
JAVA_HOME=C:\Program Files\AdoptOpenJDK\jdk-16.0.1.9-hotspot\
PATH=C:\Program Files\AdoptOpenJDK\jdk-16.0.1.9-hotspot\bin;C:\Program Files\AdoptOpenJDK\jdk-11.0.5.10-hotspot\bin;C:\WINDOWS\system32;C:\WINDOWS;C:\WINDOWS\System32\Wbem;C:\WINDOWS\System32\WindowsPowerShell\v1.0\;C:\WINDOWS\System32\OpenSSH\;C:\Program Files\Git\cmd;C:\Program Files\Symfony;C:\ProgramData\ComposerSetup\bin;C:\php;C:\Users\80010-02-05\AppData\Local\Microsoft\WindowsApps;C:\Users\80010-02-05\AppData\Local\Programs\Microsoft VS Code\bin;C:\php;C:\Users\80010-02-05\AppData\Roaming\Composer\vendor\bin
USERNAME=80010-02-05
OS=Windows_NT
PROCESSOR_IDENTIFIER=Intel64 Family 6 Model 158 Stepping 10, GenuineIntel



---------------  S Y S T E M  ---------------

OS:
 Windows 10 , 64 bit Build 19041 (10.0.19041.1023)
OS uptime: 9 days 1:35 hours

CPU: total 6 (initial active 6) (6 cores per cpu, 1 threads per core) family 6 model 158 stepping 10 microcode 0xb4, cx8, cmov, fxsr, mmx, 3dnowpref, sse, sse2, sse3, ssse3, sse4.1, sse4.2, popcnt, lzcnt, tsc, tscinvbit, avx, avx2, aes, erms, clmul, bmi1, bmi2, adx, fma, vzeroupper, clflush, clflushopt

Memory: 4k page, system-wide physical 16219M (8020M free)
TotalPageFile size 18651M (AvailPageFile size 5975M)
current process WorkingSet (physical memory assigned to process): 318M, peak: 325M
current process commit charge ("private bytes"): 470M, peak: 478M

vm_info: OpenJDK 64-Bit Server VM (16.0.1+9) for windows-amd64 JRE (16.0.1+9), built on Apr 21 2021 12:30:27 by "" with MS VC++ 16.7 (VS2019)

END.
