#
# A fatal error has been detected by the Java Runtime Environment:
#
#  EXCEPTION_ACCESS_VIOLATION (0xc0000005) at pc=0x00007ffd8ce3362e, pid=10904, tid=9660
#
# JRE version: OpenJDK Runtime Environment AdoptOpenJDK-16.0.1+9 (16.0.1+9) (build 16.0.1+9)
# Java VM: OpenJDK 64-Bit Server VM AdoptOpenJDK-16.0.1+9 (16.0.1+9, mixed mode, sharing, tiered, compressed oops, compressed class ptrs, g1 gc, windows-amd64)
# Problematic frame:
# C  [native-platform-file-events.dll+0x2362e]
#
# No core dump will be written. Minidumps are not enabled by default on client versions of Windows
#
# If you would like to submit a bug report, please visit:
#   https://github.com/AdoptOpenJDK/openjdk-support/issues
# The crash happened outside the Java Virtual Machine in native code.
# See problematic frame for where to report the bug.
#

---------------  S U M M A R Y ------------

Command Line: --add-opens=java.base/java.util=ALL-UNNAMED --add-opens=java.base/java.lang=ALL-UNNAMED --add-opens=java.base/java.lang.invoke=ALL-UNNAMED --add-opens=java.base/java.util=ALL-UNNAMED --add-opens=java.prefs/java.util.prefs=ALL-UNNAMED --add-opens=java.prefs/java.util.prefs=ALL-UNNAMED --add-opens=java.base/java.nio.charset=ALL-UNNAMED --add-opens=java.base/java.net=ALL-UNNAMED --add-opens=java.base/java.util.concurrent.atomic=ALL-UNNAMED -XX:MaxMetaspaceSize=256m -XX:+HeapDumpOnOutOfMemoryError -Xms256m -Xmx512m -Dfile.encoding=windows-1252 -Duser.country=FR -Duser.language=fr -Duser.variant org.gradle.launcher.daemon.bootstrap.GradleDaemon 7.0

Host: Intel(R) Core(TM) i5-8400 CPU @ 2.80GHz, 6 cores, 15G,  Windows 10 , 64 bit Build 19041 (10.0.19041.1023)
Time: Wed Jul 21 09:54:23 2021 Paris, Madrid (heure duild 19041 (10.0.19041.1023) elapsed time: 4.574679 seconds (0d 0h 0m 4s)

---------------  T H R E A D  ---------------

Current thread (0x000002911161ead0):  JavaThread "File watcher server" daemon [_thread_in_native, id=9660, stack(0x0000009e5dd00000,0x0000009e5de00000)]

Stack: [0x0000009e5dd00000,0x0000009e5de00000],  sp=0x0000009e5ddfe980,  free space=1018k
Native frames: (J=compiled Java code, j=interpreted, Vv=VM code, C=native code)
C  [native-platform-file-events.dll+0x2362e]

Java frames: (J=compiled Java code, j=interpreted, Vv=VM code)
j  net.rubygrapefruit.platform.internal.jni.AbstractFileEventFunctions$NativeFileWatcher.executeRunLoop0(Ljava/lang/Object;)V+0
j  net.rubygrapefruit.platform.internal.jni.AbstractFileEventFunctions$NativeFileWatcher.access$100(Lnet/rubygrapefruit/platform/internal/jni/AbstractFileEventFunctions$NativeFileWatcher;Ljava/lang/Object;)V+2
j  net.rubygrapefruit.platform.internal.jni.AbstractFileEventFunctions$NativeFileWatcher$1.run()V+26
v  ~StubRoutines::call_stub

siginfo: EXCEPTION_ACCESS_VIOLATION (0xc0000005), reading address 0xffffffffffffffff


Register to memory mapping:

RIP=0x00007ffd8ce3362e native-platform-file-events.dll
RAX=0x005c007300720065 is an unknown value
RBX=0x0000000000000001 is an unknown value
RCX=0x005c007300720065 is an unknown value
RDX=0x0000009e5ddfe9d8 is pointing into the stack for thread: 0x000002911161ead0
RSP=0x0000009e5ddfe980 is pointing into the stack for thread: 0x000002911161ead0
RBP=0x0000009e5ddff378 is pointing into the stack for thread: 0x000002911161ead0
RSI=0x0 is NULL
RDI=0x00000000ffffffff is an unallocated location in the heap
R8 =0x0000009e5ddfe9e0 is pointing into the stack for thread: 0x000002911161ead0
R9 =0x000000007ffe6000 points into unknown readable memory: 0x00000000546c6148 | 48 61 6c 54 00 00 00 00
R10=0x00000000546c6148 is an unknown value
R11=0x000005c2f64e90de is an unknown value
R12=0x0 is NULL
R13={method} {0x0000029113b47c38} 'executeRunLoop0' '(Ljava/lang/Object;)V' in 'net/rubygrapefruit/platform/internal/jni/AbstractFileEventFunctions$NativeFileWatcher'
R14=0x0000009e5ddff3a0 is pointing into the stack for thread: 0x000002911161ead0
R15=0x000002911161ead0 is a thread


Registers:
RAX=0x005c007300720065, RBX=0x0000000000000001, RCX=0x005c007300720065, RDX=0x0000009e5ddfe9d8
RSP=0x0000009e5ddfe980, RBP=0x0000009e5ddff378, RSI=0x0000000000000000, RDI=0x00000000ffffffff
R8 =0x0000009e5ddfe9e0, R9 =0x000000007ffe6000, R10=0x00000000546c6148, R11=0x000005c2f64e90de
R12=0x0000000000000000, R13=0x0000029113b47c30, R14=0x0000009e5ddff3a0, R15=0x000002911161ead0
RIP=0x00007ffd8ce3362e, EFLAGS=0x0000000000010202

Top of Stack: (sp=0x0000009e5ddfe980)
0x0000009e5ddfe980:   0002c5695363cf98 0002c569533fa3d4
0x0000009e5ddfe990:   0002c5695363cf98 00007ffd8ce4e965
0x0000009e5ddfe9a0:   0000009e5ddfea58 0000009e5ddfe9d8
0x0000009e5ddfe9b0:   0000009e00000000 0000009e5ddfe9e8
0x0000009e5ddfe9c0:   0000009e5ddf0001 0000071817dfb7d6
0x0000009e5ddfe9d0:   0000009e5ddfe9e0 0000000000000002
0x0000009e5ddfe9e0:   0002c569533fa3d4 0002c5695363cf98
0x0000009e5ddfe9f0:   00000000ea9808d8 00007ffd8ce4e4f7
0x0000009e5ddfea00:   0000009e5ddfea58 0000009e5ddfea50
0x0000009e5ddfea10:   000002910f9ae440 00007ffd8ce3d473
0x0000009e5ddfea20:   0000009e00000000 0000009e5d5f7950
0x0000009e5ddfea30:   0002c5695363cf98 0000000000000002
0x0000009e5ddfea40:   0000009e00000000 0000009e5ddfeab0
0x0000009e5ddfea50:   0000837832515a0d 0000000000000002
0x0000009e5ddfea60:   0000029114af6fb0 00007ffd8ce3385c
0x0000009e5ddfea70:   005c007300720065 0000009e00000003 

Instructions: (pc=0x00007ffd8ce3362e)
0x00007ffd8ce3352e:   8b 00 48 89 44 24 38 48 8b 44 24 38 48 89 44 24
0x00007ffd8ce3353e:   58 48 8b 84 24 b0 00 00 00 48 83 c0 08 48 89 44
0x00007ffd8ce3354e:   24 40 48 8d 54 24 70 48 8b 4c 24 40 e8 84 1a fe
0x00007ffd8ce3355e:   ff 48 8b 00 48 89 44 24 48 48 8b 44 24 48 48 89
0x00007ffd8ce3356e:   44 24 60 4c 8b 4c 24 50 4c 8b 44 24 58 48 8b 54
0x00007ffd8ce3357e:   24 60 48 8d 4c 24 78 e8 b2 48 fe ff 48 8d 4c 24
0x00007ffd8ce3358e:   78 e8 a8 20 fe ff 48 8b c8 ff 15 6b ba 16 00 89
0x00007ffd8ce3359e:   44 24 24 83 7c 24 24 ff 74 15 8b 44 24 24 83 e0
0x00007ffd8ce335ae:   10 85 c0 74 0a c7 44 24 28 01 00 00 00 eb 08 c7
0x00007ffd8ce335be:   44 24 28 00 00 00 00 0f b6 44 24 28 88 44 24 20
0x00007ffd8ce335ce:   48 8d 4c 24 78 e8 04 49 fe ff 0f b6 44 24 20 48
0x00007ffd8ce335de:   8b 8c 24 98 00 00 00 48 33 cc e8 35 fe fd ff 48
0x00007ffd8ce335ee:   81 c4 a8 00 00 00 c3 cc cc cc cc cc cc cc cc cc
0x00007ffd8ce335fe:   cc cc 48 89 4c 24 08 48 81 ec e8 00 00 00 48 8b
0x00007ffd8ce3360e:   05 a5 1a 15 00 48 33 c4 48 89 84 24 d0 00 00 00
0x00007ffd8ce3361e:   c7 44 24 30 00 00 00 00 48 8b 84 24 f0 00 00 00
0x00007ffd8ce3362e:   83 78 68 03 0f 84 02 01 00 00 48 8b 84 24 f0 00
0x00007ffd8ce3363e:   00 00 48 8b 48 28 ff 15 c6 b9 16 00 89 44 24 38
0x00007ffd8ce3364e:   83 7c 24 38 00 0f 85 d0 00 00 00 ba 07 00 00 00
0x00007ffd8ce3365e:   48 8b 0d e3 69 15 00 e8 cd d9 fd ff 88 44 24 34
0x00007ffd8ce3366e:   0f b6 44 24 34 85 c0 0f 84 90 00 00 00 ff 15 97
0x00007ffd8ce3367e:   b9 16 00 89 44 24 3c 48 8b 84 24 f0 00 00 00 48
0x00007ffd8ce3368e:   83 c0 08 48 8b d0 48 8d 8c 24 90 00 00 00 e8 cd
0x00007ffd8ce3369e:   5b fe ff 48 89 44 24 40 48 8b 44 24 40 48 89 44
0x00007ffd8ce336ae:   24 48 8b 44 24 30 83 c8 01 89 44 24 30 48 8b 4c
0x00007ffd8ce336be:   24 48 e8 4e 4d fe ff 48 89 44 24 50 48 8b 84 24
0x00007ffd8ce336ce:   f0 00 00 00 48 8b 40 28 48 89 44 24 58 8b 44 24
0x00007ffd8ce336de:   3c 89 44 24 28 48 8b 44 24 50 48 89 44 24 20 4c
0x00007ffd8ce336ee:   8b 4c 24 58 4c 8d 05 67 4f 11 00 ba 07 00 00 00
0x00007ffd8ce336fe:   48 8b 0d 43 69 15 00 e8 71 67 fe ff 90 8b 44 24
0x00007ffd8ce3370e:   30 83 e0 01 85 c0 74 13 83 64 24 30 fe 48 8d 8c
0x00007ffd8ce3371e:   24 90 00 00 00 e8 eb 1a fe ff 90 eb 00 48 8b 84 


Stack slot to memory mapping:
stack at sp + 0 slots: 0x0002c5695363cf98 is an unknown value
stack at sp + 1 slots: 0x0002c569533fa3d4 is an unknown value
stack at sp + 2 slots: 0x0002c5695363cf98 is an unknown value
stack at sp + 3 slots: 0x00007ffd8ce4e965 native-platform-file-events.dll
stack at sp + 4 slots: 0x0000009e5ddfea58 is pointing into the stack for thread: 0x000002911161ead0
stack at sp + 5 slots: 0x0000009e5ddfe9d8 is pointing into the stack for thread: 0x000002911161ead0
stack at sp + 6 slots: 0x0000009e00000000 is an unknown value
stack at sp + 7 slots: 0x0000009e5ddfe9e8 is pointing into the stack for thread: 0x000002911161ead0


---------------  P R O C E S S  ---------------

Threads class SMR info:
_java_thread_list=0x0000029114af8d50, length=57, elements={
0x0000029170b22890, 0x000002917efc2030, 0x000002917efc2e00, 0x000002917efd5f00,
0x000002917efd9990, 0x000002917efda2a0, 0x000002917efdbbc0, 0x000002917efdc8b0,
0x000002917efdd2b0, 0x000002917efddc00, 0x000002917fcdef20, 0x000002917fcdfe60,
0x000002917fd3d750, 0x0000029110ee1890, 0x00000291110352c0, 0x000002910fd4ccc0,
0x0000029110a7ab40, 0x000002911066fa60, 0x0000029111f40230, 0x00000291107dc490,
0x00000291100ffac0, 0x00000291100fead0, 0x00000291100fe580, 0x00000291100ff020,
0x00000291100ff570, 0x000002911161c050, 0x0000029111622540, 0x000002911161ead0,
0x000002911161f020, 0x000002911161e580, 0x0000029111620010, 0x0000029111621ff0,
0x000002911161dae0, 0x0000029111622a90, 0x000002911161d590, 0x000002911161caf0,
0x000002911161fac0, 0x000002911161b060, 0x000002911161d040, 0x0000029111621aa0,
0x0000029111620560, 0x000002911161e030, 0x0000029111620ab0, 0x0000029111621000,
0x0000029111621550, 0x000002911161b5b0, 0x000002911161bb00, 0x000002911161c5a0,
0x0000029114341af0, 0x0000029114343580, 0x0000029114344ac0, 0x00000291143415a0,
0x0000029114346ff0, 0x0000029114341050, 0x0000029114347540, 0x0000029114345010,
0x0000029114346000
}

Java Threads: ( => current thread )
  0x0000029170b22890 JavaThread "main" [_thread_blocked, id=10868, stack(0x0000009e5b500000,0x0000009e5b600000)]
  0x000002917efc2030 JavaThread "Reference Handler" daemon [_thread_blocked, id=4192, stack(0x0000009e5bc00000,0x0000009e5bd00000)]
  0x000002917efc2e00 JavaThread "Finalizer" daemon [_thread_blocked, id=3900, stack(0x0000009e5bd00000,0x0000009e5be00000)]
  0x000002917efd5f00 JavaThread "Signal Dispatcher" daemon [_thread_blocked, id=5092, stack(0x0000009e5be00000,0x0000009e5bf00000)]
  0x000002917efd9990 JavaThread "Attach Listener" daemon [_thread_blocked, id=6892, stack(0x0000009e5bf00000,0x0000009e5c000000)]
  0x000002917efda2a0 JavaThread "Service Thread" daemon [_thread_blocked, id=8880, stack(0x0000009e5c000000,0x0000009e5c100000)]
  0x000002917efdbbc0 JavaThread "Monitor Deflation Thread" daemon [_thread_blocked, id=10136, stack(0x0000009e5c100000,0x0000009e5c200000)]
  0x000002917efdc8b0 JavaThread "C2 CompilerThread0" daemon [_thread_blocked, id=10884, stack(0x0000009e5c200000,0x0000009e5c300000)]
  0x000002917efdd2b0 JavaThread "C1 CompilerThread0" daemon [_thread_blocked, id=10120, stack(0x0000009e5c300000,0x0000009e5c400000)]
  0x000002917efddc00 JavaThread "Sweeper thread" daemon [_thread_blocked, id=12324, stack(0x0000009e5c400000,0x0000009e5c500000)]
  0x000002917fcdef20 JavaThread "Common-Cleaner" daemon [_thread_blocked, id=6636, stack(0x0000009e5c500000,0x0000009e5c600000)]
  0x000002917fcdfe60 JavaThread "Notification Thread" daemon [_thread_blocked, id=14404, stack(0x0000009e5c600000,0x0000009e5c700000)]
  0x000002917fd3d750 JavaThread "C2 CompilerThread1" daemon [_thread_blocked, id=14740, stack(0x0000009e5c800000,0x0000009e5c900000)]
  0x0000029110ee1890 JavaThread "Daemon health stats" [_thread_blocked, id=14860, stack(0x0000009e5cf00000,0x0000009e5d000000)]
  0x00000291110352c0 JavaThread "Incoming local TCP Connector on port 62535" [_thread_in_native, id=8784, stack(0x0000009e5d000000,0x0000009e5d100000)]
  0x000002910fd4ccc0 JavaThread "Daemon periodic checks" [_thread_blocked, id=5976, stack(0x0000009e5d100000,0x0000009e5d200000)]
  0x0000029110a7ab40 JavaThread "Daemon" [_thread_blocked, id=13436, stack(0x0000009e5d200000,0x0000009e5d300000)]
  0x000002911066fa60 JavaThread "Handler for socket connection from /127.0.0.1:62535 to /127.0.0.1:62536" [_thread_in_native, id=3184, stack(0x0000009e5d300000,0x0000009e5d400000)]
  0x0000029111f40230 JavaThread "Cancel handler" [_thread_blocked, id=7648, stack(0x0000009e5d400000,0x0000009e5d500000)]
  0x00000291107dc490 JavaThread "Daemon worker" [_thread_in_native, id=5496, stack(0x0000009e5d500000,0x0000009e5d600000)]
  0x00000291100ffac0 JavaThread "Asynchronous log dispatcher for DefaultDaemonConnection: socket connection from /127.0.0.1:62535 to /127.0.0.1:62536" [_thread_blocked, id=8232, stack(0x0000009e5d600000,0x0000009e5d700000)]
  0x00000291100fead0 JavaThread "Stdin handler" [_thread_blocked, id=8416, stack(0x0000009e5d700000,0x0000009e5d800000)]
  0x00000291100fe580 JavaThread "Daemon client event forwarder" [_thread_blocked, id=3748, stack(0x0000009e5d800000,0x0000009e5d900000)]
  0x00000291100ff020 JavaThread "Cache worker for file hash cache (C:\Users\80010-02-05\.gradle\caches\7.0\fileHashes)" [_thread_blocked, id=9600, stack(0x0000009e5d900000,0x0000009e5da00000)]
  0x00000291100ff570 JavaThread "File lock request listener" [_thread_in_native, id=6832, stack(0x0000009e5da00000,0x0000009e5db00000)]
  0x000002911161c050 JavaThread "Cache worker for journal cache (C:\Users\80010-02-05\.gradle\caches\journal-1)" [_thread_blocked, id=9676, stack(0x0000009e5db00000,0x0000009e5dc00000)]
  0x0000029111622540 JavaThread "Cache worker for file hash cache (U:\80010-02-05\CDA\calculatrice\.gradle\7.0\fileHashes)" [_thread_blocked, id=10100, stack(0x0000009e5dc00000,0x0000009e5dd00000)]
=>0x000002911161ead0 JavaThread "File watcher server" daemon [_thread_in_native, id=9660, stack(0x0000009e5dd00000,0x0000009e5de00000)]
  0x000002911161f020 JavaThread "File watcher consumer" daemon [_thread_blocked, id=14444, stack(0x0000009e5de00000,0x0000009e5df00000)]
  0x000002911161e580 JavaThread "Cache worker for checksums cache (U:\80010-02-05\CDA\calculatrice\.gradle\checksums)" [_thread_blocked, id=11384, stack(0x0000009e5df00000,0x0000009e5e000000)]
  0x0000029111620010 JavaThread "Cache worker for cache directory md-supplier (C:\Users\80010-02-05\.gradle\caches\7.0\md-supplier)" [_thread_blocked, id=12884, stack(0x0000009e5e000000,0x0000009e5e100000)]
  0x0000029111621ff0 JavaThread "Cache worker for cache directory md-rule (C:\Users\80010-02-05\.gradle\caches\7.0\md-rule)" [_thread_blocked, id=6976, stack(0x0000009e5e100000,0x0000009e5e200000)]
  0x000002911161dae0 JavaThread "Cache worker for execution history cache (C:\Users\80010-02-05\.gradle\caches\7.0\executionHistory)" [_thread_blocked, id=5612, stack(0x0000009e5e200000,0x0000009e5e300000)]
  0x0000029111622a90 JavaThread "jar transforms" [_thread_blocked, id=12492, stack(0x0000009e5e400000,0x0000009e5e500000)]
  0x000002911161d590 JavaThread "jar transforms Thread 2" [_thread_blocked, id=6908, stack(0x0000009e5e500000,0x0000009e5e600000)]
  0x000002911161caf0 JavaThread "Cache worker for file content cache (C:\Users\80010-02-05\.gradle\caches\7.0\fileContent)" [_thread_blocked, id=13376, stack(0x0000009e5e600000,0x0000009e5e700000)]
  0x000002911161fac0 JavaThread "jar transforms Thread 3" [_thread_blocked, id=4380, stack(0x0000009e5e700000,0x0000009e5e800000)]
  0x000002911161b060 JavaThread "jar transforms Thread 4" [_thread_blocked, id=7328, stack(0x0000009e5e800000,0x0000009e5e900000)]
  0x000002911161d040 JavaThread "jar transforms Thread 5" [_thread_blocked, id=15224, stack(0x0000009e5e900000,0x0000009e5ea00000)]
  0x0000029111621aa0 JavaThread "jar transforms Thread 6" [_thread_blocked, id=10180, stack(0x0000009e5ea00000,0x0000009e5eb00000)]
  0x0000029111620560 JavaThread "Cache worker for dependencies-accessors (U:\80010-02-05\CDA\calculatrice\.gradle\7.0\dependencies-accessors)" [_thread_blocked, id=8520, stack(0x0000009e5eb00000,0x0000009e5ec00000)]
  0x000002911161e030 JavaThread "Cache worker for Build Output Cleanup Cache (U:\80010-02-05\CDA\calculatrice\.gradle\buildOutputCleanup)" [_thread_blocked, id=13092, stack(0x0000009e5ec00000,0x0000009e5ed00000)]
  0x0000029111620ab0 JavaThread "Build operations" [_thread_blocked, id=15192, stack(0x0000009e5ed00000,0x0000009e5ee00000)]
  0x0000029111621000 JavaThread "Build operations Thread 2" [_thread_blocked, id=15272, stack(0x0000009e5ee00000,0x0000009e5ef00000)]
  0x0000029111621550 JavaThread "Build operations Thread 3" [_thread_blocked, id=2104, stack(0x0000009e5ef00000,0x0000009e5f000000)]
  0x000002911161b5b0 JavaThread "Build operations Thread 4" [_thread_blocked, id=14824, stack(0x0000009e5f000000,0x0000009e5f100000)]
  0x000002911161bb00 JavaThread "Build operations Thread 5" [_thread_blocked, id=5508, stack(0x0000009e5f100000,0x0000009e5f200000)]
  0x000002911161c5a0 JavaThread "Build operations Thread 6" [_thread_blocked, id=9940, stack(0x0000009e5f200000,0x0000009e5f300000)]
  0x0000029114341af0 JavaThread "Memory manager" [_thread_blocked, id=5904, stack(0x0000009e5f300000,0x0000009e5f400000)]
  0x0000029114343580 JavaThread "Execution worker for ':'" [_thread_blocked, id=11040, stack(0x0000009e5f400000,0x0000009e5f500000)]
  0x0000029114344ac0 JavaThread "Execution worker for ':' Thread 2" [_thread_blocked, id=8804, stack(0x0000009e5f500000,0x0000009e5f600000)]
  0x00000291143415a0 JavaThread "Execution worker for ':' Thread 3" [_thread_blocked, id=1456, stack(0x0000009e5f600000,0x0000009e5f700000)]
  0x0000029114346ff0 JavaThread "Execution worker for ':' Thread 4" [_thread_blocked, id=8484, stack(0x0000009e5f700000,0x0000009e5f800000)]
  0x0000029114341050 JavaThread "Execution worker for ':' Thread 5" [_thread_blocked, id=12132, stack(0x0000009e5f800000,0x0000009e5f900000)]
  0x0000029114347540 JavaThread "Cache worker for execution history cache (U:\80010-02-05\CDA\calculatrice\.gradle\7.0\executionHistory)" [_thread_blocked, id=3996, stack(0x0000009e5f900000,0x0000009e5fa00000)]
  0x0000029114345010 JavaThread "Cache worker for Java compile cache (C:\Users\80010-02-05\.gradle\caches\7.0\javaCompile)" [_thread_blocked, id=9100, stack(0x0000009e5fa00000,0x0000009e5fb00000)]
  0x0000029114346000 JavaThread "Cache worker for Java compile cache (U:\80010-02-05\CDA\calculatrice\.gradle\7.0\javaCompile)" [_thread_blocked, id=4832, stack(0x0000009e5fb00000,0x0000009e5fc00000)]

Other Threads:
  0x000002917efbc0c0 VMThread "VM Thread" [stack: 0x0000009e5bb00000,0x0000009e5bc00000] [id=6284]
  0x000002917fce0380 WatcherThread [stack: 0x0000009e5c700000,0x0000009e5c800000] [id=11496]
  0x0000029170b44760 GCTaskThread "GC Thread#0" [stack: 0x0000009e5b600000,0x0000009e5b700000] [id=15032]
  0x000002910f9ac390 GCTaskThread "GC Thread#1" [stack: 0x0000009e5c900000,0x0000009e5ca00000] [id=6660]
  0x000002910f9ac6a0 GCTaskThread "GC Thread#2" [stack: 0x0000009e5ca00000,0x0000009e5cb00000] [id=12196]
  0x000002910f7aa3c0 GCTaskThread "GC Thread#3" [stack: 0x0000009e5cb00000,0x0000009e5cc00000] [id=10704]
  0x000002910f7aace0 GCTaskThread "GC Thread#4" [stack: 0x0000009e5cc00000,0x0000009e5cd00000] [id=14384]
  0x000002910f88c360 GCTaskThread "GC Thread#5" [stack: 0x0000009e5cd00000,0x0000009e5ce00000] [id=12172]
  0x0000029170b497b0 ConcurrentGCThread "G1 Main Marker" [stack: 0x0000009e5b700000,0x0000009e5b800000] [id=6244]
  0x0000029170b4a1b0 ConcurrentGCThread "G1 Conc#0" [stack: 0x0000009e5b800000,0x0000009e5b900000] [id=5184]
  0x00000291100b8370 ConcurrentGCThread "G1 Conc#1" [stack: 0x0000009e5e300000,0x0000009e5e400000] [id=10964]
  0x0000029170bfc010 ConcurrentGCThread "G1 Refine#0" [stack: 0x0000009e5b900000,0x0000009e5ba00000] [id=6964]
  0x000002910f62d1b0 ConcurrentGCThread "G1 Refine#1" [stack: 0x0000009e5ce00000,0x0000009e5cf00000] [id=5592]
  0x0000029170bfca20 ConcurrentGCThread "G1 Service" [stack: 0x0000009e5ba00000,0x0000009e5bb00000] [id=11632]

Threads with active compile tasks:

VM state: not at safepoint (normal execution)

VM Mutex/Monitor currently owned by a thread: None

Heap address: 0x00000000e0000000, size: 512 MB, Compressed Oops mode: 32-bit

CDS archive(s) mapped at: [0x0000000800000000-0x0000000800bf0000-0x0000000800bf0000), size 12517376, SharedBaseAddress: 0x0000000800000000, ArchiveRelocationMode: 0.
Compressed class space mapped at: 0x0000000800c00000-0x000000080dc00000, reserved size: 218103808
Narrow klass base: 0x0000000800000000, Narrow klass shift: 3, Narrow klass range: 0x100000000

GC Precious Log:
 CPUs: 6 total, 6 available
 Memory: 16219M
 Large Page Support: Disabled
 NUMA Support: Disabled
 Compressed Oops: Enabled (32-bit)
 Heap Region Size: 1M
 Heap Min Capacity: 256M
 Heap Initial Capacity: 256M
 Heap Max Capacity: 512M
 Pre-touch: Disabled
 Parallel Workers: 6
 Concurrent Workers: 2
 Concurrent Refinement Workers: 6
 Periodic GC: Disabled

Heap:
 garbage-first heap   total 262144K, used 132262K [0x00000000e0000000, 0x0000000100000000)
  region size 1024K, 121 young (123904K), 19 survivors (19456K)
 Metaspace       used 45600K, committed 46080K, reserved 253952K
  class space    used 6306K, committed 6528K, reserved 212992K

Heap Regions: E=young(eden), S=young(survivor), O=old, HS=humongous(starts), HC=humongous(continues), CS=collection set, F=free, OA=open archive, CA=closed archive, TAMS=top-at-mark-start (previous, next)
|   0|0x00000000e0000000, 0x00000000e0100000, 0x00000000e0100000|100%| O|  |TAMS 0x00000000e0100000, 0x00000000e0000000| Untracked 
|   1|0x00000000e0100000, 0x00000000e0200000, 0x00000000e0200000|100%| O|  |TAMS 0x00000000e0200000, 0x00000000e0100000| Untracked 
|   2|0x00000000e0200000, 0x00000000e02b4c00, 0x00000000e0300000| 70%| O|  |TAMS 0x00000000e022de00, 0x00000000e0200000| Untracked 
|   3|0x00000000e0300000, 0x00000000e0400000, 0x00000000e0400000|100%|HS|  |TAMS 0x00000000e0400000, 0x00000000e0300000| Complete 
|   4|0x00000000e0400000, 0x00000000e0500000, 0x00000000e0500000|100%|HC|  |TAMS 0x00000000e0500000, 0x00000000e0400000| Complete 
|   5|0x00000000e0500000, 0x00000000e0600000, 0x00000000e0600000|100%|HC|  |TAMS 0x00000000e0600000, 0x00000000e0500000| Complete 
|   6|0x00000000e0600000, 0x00000000e0700000, 0x00000000e0700000|100%| O|  |TAMS 0x00000000e0700000, 0x00000000e0600000| Untracked 
|   7|0x00000000e0700000, 0x00000000e0800000, 0x00000000e0800000|100%| O|  |TAMS 0x00000000e0800000, 0x00000000e0700000| Untracked 
|   8|0x00000000e0800000, 0x00000000e0900000, 0x00000000e0900000|100%| O|  |TAMS 0x00000000e0900000, 0x00000000e0800000| Untracked 
|   9|0x00000000e0900000, 0x00000000e0a00000, 0x00000000e0a00000|100%| O|  |TAMS 0x00000000e0a00000, 0x00000000e0900000| Untracked 
|  10|0x00000000e0a00000, 0x00000000e0a00000, 0x00000000e0b00000|  0%| F|  |TAMS 0x00000000e0a00000, 0x00000000e0a00000| Untracked 
|  11|0x00000000e0b00000, 0x00000000e0b00000, 0x00000000e0c00000|  0%| F|  |TAMS 0x00000000e0b00000, 0x00000000e0b00000| Untracked 
|  12|0x00000000e0c00000, 0x00000000e0c00000, 0x00000000e0d00000|  0%| F|  |TAMS 0x00000000e0c00000, 0x00000000e0c00000| Untracked 
|  13|0x00000000e0d00000, 0x00000000e0d00000, 0x00000000e0e00000|  0%| F|  |TAMS 0x00000000e0d00000, 0x00000000e0d00000| Untracked 
|  14|0x00000000e0e00000, 0x00000000e0e00000, 0x00000000e0f00000|  0%| F|  |TAMS 0x00000000e0e00000, 0x00000000e0e00000| Untracked 
|  15|0x00000000e0f00000, 0x00000000e0f00000, 0x00000000e1000000|  0%| F|  |TAMS 0x00000000e0f00000, 0x00000000e0f00000| Untracked 
|  16|0x00000000e1000000, 0x00000000e1000000, 0x00000000e1100000|  0%| F|  |TAMS 0x00000000e1000000, 0x00000000e1000000| Untracked 
|  17|0x00000000e1100000, 0x00000000e1100000, 0x00000000e1200000|  0%| F|  |TAMS 0x00000000e1100000, 0x00000000e1100000| Untracked 
|  18|0x00000000e1200000, 0x00000000e1200000, 0x00000000e1300000|  0%| F|  |TAMS 0x00000000e1200000, 0x00000000e1200000| Untracked 
|  19|0x00000000e1300000, 0x00000000e1300000, 0x00000000e1400000|  0%| F|  |TAMS 0x00000000e1300000, 0x00000000e1300000| Untracked 
|  20|0x00000000e1400000, 0x00000000e1400000, 0x00000000e1500000|  0%| F|  |TAMS 0x00000000e1400000, 0x00000000e1400000| Untracked 
|  21|0x00000000e1500000, 0x00000000e1500000, 0x00000000e1600000|  0%| F|  |TAMS 0x00000000e1500000, 0x00000000e1500000| Untracked 
|  22|0x00000000e1600000, 0x00000000e1600000, 0x00000000e1700000|  0%| F|  |TAMS 0x00000000e1600000, 0x00000000e1600000| Untracked 
|  23|0x00000000e1700000, 0x00000000e1700000, 0x00000000e1800000|  0%| F|  |TAMS 0x00000000e1700000, 0x00000000e1700000| Untracked 
|  24|0x00000000e1800000, 0x00000000e1800000, 0x00000000e1900000|  0%| F|  |TAMS 0x00000000e1800000, 0x00000000e1800000| Untracked 
|  25|0x00000000e1900000, 0x00000000e1900000, 0x00000000e1a00000|  0%| F|  |TAMS 0x00000000e1900000, 0x00000000e1900000| Untracked 
|  26|0x00000000e1a00000, 0x00000000e1a00000, 0x00000000e1b00000|  0%| F|  |TAMS 0x00000000e1a00000, 0x00000000e1a00000| Untracked 
|  27|0x00000000e1b00000, 0x00000000e1b00000, 0x00000000e1c00000|  0%| F|  |TAMS 0x00000000e1b00000, 0x00000000e1b00000| Untracked 
|  28|0x00000000e1c00000, 0x00000000e1c00000, 0x00000000e1d00000|  0%| F|  |TAMS 0x00000000e1c00000, 0x00000000e1c00000| Untracked 
|  29|0x00000000e1d00000, 0x00000000e1d00000, 0x00000000e1e00000|  0%| F|  |TAMS 0x00000000e1d00000, 0x00000000e1d00000| Untracked 
|  30|0x00000000e1e00000, 0x00000000e1e00000, 0x00000000e1f00000|  0%| F|  |TAMS 0x00000000e1e00000, 0x00000000e1e00000| Untracked 
|  31|0x00000000e1f00000, 0x00000000e1f00000, 0x00000000e2000000|  0%| F|  |TAMS 0x00000000e1f00000, 0x00000000e1f00000| Untracked 
|  32|0x00000000e2000000, 0x00000000e2000000, 0x00000000e2100000|  0%| F|  |TAMS 0x00000000e2000000, 0x00000000e2000000| Untracked 
|  33|0x00000000e2100000, 0x00000000e2100000, 0x00000000e2200000|  0%| F|  |TAMS 0x00000000e2100000, 0x00000000e2100000| Untracked 
|  34|0x00000000e2200000, 0x00000000e2200000, 0x00000000e2300000|  0%| F|  |TAMS 0x00000000e2200000, 0x00000000e2200000| Untracked 
|  35|0x00000000e2300000, 0x00000000e2300000, 0x00000000e2400000|  0%| F|  |TAMS 0x00000000e2300000, 0x00000000e2300000| Untracked 
|  36|0x00000000e2400000, 0x00000000e2400000, 0x00000000e2500000|  0%| F|  |TAMS 0x00000000e2400000, 0x00000000e2400000| Untracked 
|  37|0x00000000e2500000, 0x00000000e2500000, 0x00000000e2600000|  0%| F|  |TAMS 0x00000000e2500000, 0x00000000e2500000| Untracked 
|  38|0x00000000e2600000, 0x00000000e2600000, 0x00000000e2700000|  0%| F|  |TAMS 0x00000000e2600000, 0x00000000e2600000| Untracked 
|  39|0x00000000e2700000, 0x00000000e2700000, 0x00000000e2800000|  0%| F|  |TAMS 0x00000000e2700000, 0x00000000e2700000| Untracked 
|  40|0x00000000e2800000, 0x00000000e2800000, 0x00000000e2900000|  0%| F|  |TAMS 0x00000000e2800000, 0x00000000e2800000| Untracked 
|  41|0x00000000e2900000, 0x00000000e2900000, 0x00000000e2a00000|  0%| F|  |TAMS 0x00000000e2900000, 0x00000000e2900000| Untracked 
|  42|0x00000000e2a00000, 0x00000000e2a00000, 0x00000000e2b00000|  0%| F|  |TAMS 0x00000000e2a00000, 0x00000000e2a00000| Untracked 
|  43|0x00000000e2b00000, 0x00000000e2b00000, 0x00000000e2c00000|  0%| F|  |TAMS 0x00000000e2b00000, 0x00000000e2b00000| Untracked 
|  44|0x00000000e2c00000, 0x00000000e2c00000, 0x00000000e2d00000|  0%| F|  |TAMS 0x00000000e2c00000, 0x00000000e2c00000| Untracked 
|  45|0x00000000e2d00000, 0x00000000e2d00000, 0x00000000e2e00000|  0%| F|  |TAMS 0x00000000e2d00000, 0x00000000e2d00000| Untracked 
|  46|0x00000000e2e00000, 0x00000000e2e00000, 0x00000000e2f00000|  0%| F|  |TAMS 0x00000000e2e00000, 0x00000000e2e00000| Untracked 
|  47|0x00000000e2f00000, 0x00000000e2f00000, 0x00000000e3000000|  0%| F|  |TAMS 0x00000000e2f00000, 0x00000000e2f00000| Untracked 
|  48|0x00000000e3000000, 0x00000000e3000000, 0x00000000e3100000|  0%| F|  |TAMS 0x00000000e3000000, 0x00000000e3000000| Untracked 
|  49|0x00000000e3100000, 0x00000000e3100000, 0x00000000e3200000|  0%| F|  |TAMS 0x00000000e3100000, 0x00000000e3100000| Untracked 
|  50|0x00000000e3200000, 0x00000000e3200000, 0x00000000e3300000|  0%| F|  |TAMS 0x00000000e3200000, 0x00000000e3200000| Untracked 
|  51|0x00000000e3300000, 0x00000000e3300000, 0x00000000e3400000|  0%| F|  |TAMS 0x00000000e3300000, 0x00000000e3300000| Untracked 
|  52|0x00000000e3400000, 0x00000000e3400000, 0x00000000e3500000|  0%| F|  |TAMS 0x00000000e3400000, 0x00000000e3400000| Untracked 
|  53|0x00000000e3500000, 0x00000000e3500000, 0x00000000e3600000|  0%| F|  |TAMS 0x00000000e3500000, 0x00000000e3500000| Untracked 
|  54|0x00000000e3600000, 0x00000000e3600000, 0x00000000e3700000|  0%| F|  |TAMS 0x00000000e3600000, 0x00000000e3600000| Untracked 
|  55|0x00000000e3700000, 0x00000000e3700000, 0x00000000e3800000|  0%| F|  |TAMS 0x00000000e3700000, 0x00000000e3700000| Untracked 
|  56|0x00000000e3800000, 0x00000000e3800000, 0x00000000e3900000|  0%| F|  |TAMS 0x00000000e3800000, 0x00000000e3800000| Untracked 
|  57|0x00000000e3900000, 0x00000000e3900000, 0x00000000e3a00000|  0%| F|  |TAMS 0x00000000e3900000, 0x00000000e3900000| Untracked 
|  58|0x00000000e3a00000, 0x00000000e3a00000, 0x00000000e3b00000|  0%| F|  |TAMS 0x00000000e3a00000, 0x00000000e3a00000| Untracked 
|  59|0x00000000e3b00000, 0x00000000e3b00000, 0x00000000e3c00000|  0%| F|  |TAMS 0x00000000e3b00000, 0x00000000e3b00000| Untracked 
|  60|0x00000000e3c00000, 0x00000000e3c00000, 0x00000000e3d00000|  0%| F|  |TAMS 0x00000000e3c00000, 0x00000000e3c00000| Untracked 
|  61|0x00000000e3d00000, 0x00000000e3d00000, 0x00000000e3e00000|  0%| F|  |TAMS 0x00000000e3d00000, 0x00000000e3d00000| Untracked 
|  62|0x00000000e3e00000, 0x00000000e3e00000, 0x00000000e3f00000|  0%| F|  |TAMS 0x00000000e3e00000, 0x00000000e3e00000| Untracked 
|  63|0x00000000e3f00000, 0x00000000e3f00000, 0x00000000e4000000|  0%| F|  |TAMS 0x00000000e3f00000, 0x00000000e3f00000| Untracked 
|  64|0x00000000e4000000, 0x00000000e4000000, 0x00000000e4100000|  0%| F|  |TAMS 0x00000000e4000000, 0x00000000e4000000| Untracked 
|  65|0x00000000e4100000, 0x00000000e4100000, 0x00000000e4200000|  0%| F|  |TAMS 0x00000000e4100000, 0x00000000e4100000| Untracked 
|  66|0x00000000e4200000, 0x00000000e4200000, 0x00000000e4300000|  0%| F|  |TAMS 0x00000000e4200000, 0x00000000e4200000| Untracked 
|  67|0x00000000e4300000, 0x00000000e4300000, 0x00000000e4400000|  0%| F|  |TAMS 0x00000000e4300000, 0x00000000e4300000| Untracked 
|  68|0x00000000e4400000, 0x00000000e4400000, 0x00000000e4500000|  0%| F|  |TAMS 0x00000000e4400000, 0x00000000e4400000| Untracked 
|  69|0x00000000e4500000, 0x00000000e4500000, 0x00000000e4600000|  0%| F|  |TAMS 0x00000000e4500000, 0x00000000e4500000| Untracked 
|  70|0x00000000e4600000, 0x00000000e4600000, 0x00000000e4700000|  0%| F|  |TAMS 0x00000000e4600000, 0x00000000e4600000| Untracked 
|  71|0x00000000e4700000, 0x00000000e4700000, 0x00000000e4800000|  0%| F|  |TAMS 0x00000000e4700000, 0x00000000e4700000| Untracked 
|  72|0x00000000e4800000, 0x00000000e4800000, 0x00000000e4900000|  0%| F|  |TAMS 0x00000000e4800000, 0x00000000e4800000| Untracked 
|  73|0x00000000e4900000, 0x00000000e4900000, 0x00000000e4a00000|  0%| F|  |TAMS 0x00000000e4900000, 0x00000000e4900000| Untracked 
|  74|0x00000000e4a00000, 0x00000000e4a00000, 0x00000000e4b00000|  0%| F|  |TAMS 0x00000000e4a00000, 0x00000000e4a00000| Untracked 
|  75|0x00000000e4b00000, 0x00000000e4b00000, 0x00000000e4c00000|  0%| F|  |TAMS 0x00000000e4b00000, 0x00000000e4b00000| Untracked 
|  76|0x00000000e4c00000, 0x00000000e4c00000, 0x00000000e4d00000|  0%| F|  |TAMS 0x00000000e4c00000, 0x00000000e4c00000| Untracked 
|  77|0x00000000e4d00000, 0x00000000e4d00000, 0x00000000e4e00000|  0%| F|  |TAMS 0x00000000e4d00000, 0x00000000e4d00000| Untracked 
|  78|0x00000000e4e00000, 0x00000000e4e00000, 0x00000000e4f00000|  0%| F|  |TAMS 0x00000000e4e00000, 0x00000000e4e00000| Untracked 
|  79|0x00000000e4f00000, 0x00000000e4f00000, 0x00000000e5000000|  0%| F|  |TAMS 0x00000000e4f00000, 0x00000000e4f00000| Untracked 
|  80|0x00000000e5000000, 0x00000000e5000000, 0x00000000e5100000|  0%| F|  |TAMS 0x00000000e5000000, 0x00000000e5000000| Untracked 
|  81|0x00000000e5100000, 0x00000000e5100000, 0x00000000e5200000|  0%| F|  |TAMS 0x00000000e5100000, 0x00000000e5100000| Untracked 
|  82|0x00000000e5200000, 0x00000000e5200000, 0x00000000e5300000|  0%| F|  |TAMS 0x00000000e5200000, 0x00000000e5200000| Untracked 
|  83|0x00000000e5300000, 0x00000000e5300000, 0x00000000e5400000|  0%| F|  |TAMS 0x00000000e5300000, 0x00000000e5300000| Untracked 
|  84|0x00000000e5400000, 0x00000000e5400000, 0x00000000e5500000|  0%| F|  |TAMS 0x00000000e5400000, 0x00000000e5400000| Untracked 
|  85|0x00000000e5500000, 0x00000000e5500000, 0x00000000e5600000|  0%| F|  |TAMS 0x00000000e5500000, 0x00000000e5500000| Untracked 
|  86|0x00000000e5600000, 0x00000000e5600000, 0x00000000e5700000|  0%| F|  |TAMS 0x00000000e5600000, 0x00000000e5600000| Untracked 
|  87|0x00000000e5700000, 0x00000000e5700000, 0x00000000e5800000|  0%| F|  |TAMS 0x00000000e5700000, 0x00000000e5700000| Untracked 
|  88|0x00000000e5800000, 0x00000000e5800000, 0x00000000e5900000|  0%| F|  |TAMS 0x00000000e5800000, 0x00000000e5800000| Untracked 
|  89|0x00000000e5900000, 0x00000000e5900000, 0x00000000e5a00000|  0%| F|  |TAMS 0x00000000e5900000, 0x00000000e5900000| Untracked 
|  90|0x00000000e5a00000, 0x00000000e5a00000, 0x00000000e5b00000|  0%| F|  |TAMS 0x00000000e5a00000, 0x00000000e5a00000| Untracked 
|  91|0x00000000e5b00000, 0x00000000e5b00000, 0x00000000e5c00000|  0%| F|  |TAMS 0x00000000e5b00000, 0x00000000e5b00000| Untracked 
|  92|0x00000000e5c00000, 0x00000000e5c00000, 0x00000000e5d00000|  0%| F|  |TAMS 0x00000000e5c00000, 0x00000000e5c00000| Untracked 
|  93|0x00000000e5d00000, 0x00000000e5d00000, 0x00000000e5e00000|  0%| F|  |TAMS 0x00000000e5d00000, 0x00000000e5d00000| Untracked 
|  94|0x00000000e5e00000, 0x00000000e5e00000, 0x00000000e5f00000|  0%| F|  |TAMS 0x00000000e5e00000, 0x00000000e5e00000| Untracked 
|  95|0x00000000e5f00000, 0x00000000e5f00000, 0x00000000e6000000|  0%| F|  |TAMS 0x00000000e5f00000, 0x00000000e5f00000| Untracked 
|  96|0x00000000e6000000, 0x00000000e6000000, 0x00000000e6100000|  0%| F|  |TAMS 0x00000000e6000000, 0x00000000e6000000| Untracked 
|  97|0x00000000e6100000, 0x00000000e6100000, 0x00000000e6200000|  0%| F|  |TAMS 0x00000000e6100000, 0x00000000e6100000| Untracked 
|  98|0x00000000e6200000, 0x00000000e6200000, 0x00000000e6300000|  0%| F|  |TAMS 0x00000000e6200000, 0x00000000e6200000| Untracked 
|  99|0x00000000e6300000, 0x00000000e6300000, 0x00000000e6400000|  0%| F|  |TAMS 0x00000000e6300000, 0x00000000e6300000| Untracked 
| 100|0x00000000e6400000, 0x00000000e6400000, 0x00000000e6500000|  0%| F|  |TAMS 0x00000000e6400000, 0x00000000e6400000| Untracked 
| 101|0x00000000e6500000, 0x00000000e6500000, 0x00000000e6600000|  0%| F|  |TAMS 0x00000000e6500000, 0x00000000e6500000| Untracked 
| 102|0x00000000e6600000, 0x00000000e6600000, 0x00000000e6700000|  0%| F|  |TAMS 0x00000000e6600000, 0x00000000e6600000| Untracked 
| 103|0x00000000e6700000, 0x00000000e6700000, 0x00000000e6800000|  0%| F|  |TAMS 0x00000000e6700000, 0x00000000e6700000| Untracked 
| 104|0x00000000e6800000, 0x00000000e6800000, 0x00000000e6900000|  0%| F|  |TAMS 0x00000000e6800000, 0x00000000e6800000| Untracked 
| 105|0x00000000e6900000, 0x00000000e6900000, 0x00000000e6a00000|  0%| F|  |TAMS 0x00000000e6900000, 0x00000000e6900000| Untracked 
| 106|0x00000000e6a00000, 0x00000000e6a00000, 0x00000000e6b00000|  0%| F|  |TAMS 0x00000000e6a00000, 0x00000000e6a00000| Untracked 
| 107|0x00000000e6b00000, 0x00000000e6b00000, 0x00000000e6c00000|  0%| F|  |TAMS 0x00000000e6b00000, 0x00000000e6b00000| Untracked 
| 108|0x00000000e6c00000, 0x00000000e6c00000, 0x00000000e6d00000|  0%| F|  |TAMS 0x00000000e6c00000, 0x00000000e6c00000| Untracked 
| 109|0x00000000e6d00000, 0x00000000e6d00000, 0x00000000e6e00000|  0%| F|  |TAMS 0x00000000e6d00000, 0x00000000e6d00000| Untracked 
| 110|0x00000000e6e00000, 0x00000000e6e00000, 0x00000000e6f00000|  0%| F|  |TAMS 0x00000000e6e00000, 0x00000000e6e00000| Untracked 
| 111|0x00000000e6f00000, 0x00000000e6f00000, 0x00000000e7000000|  0%| F|  |TAMS 0x00000000e6f00000, 0x00000000e6f00000| Untracked 
| 112|0x00000000e7000000, 0x00000000e7000000, 0x00000000e7100000|  0%| F|  |TAMS 0x00000000e7000000, 0x00000000e7000000| Untracked 
| 113|0x00000000e7100000, 0x00000000e7100000, 0x00000000e7200000|  0%| F|  |TAMS 0x00000000e7100000, 0x00000000e7100000| Untracked 
| 114|0x00000000e7200000, 0x00000000e7200000, 0x00000000e7300000|  0%| F|  |TAMS 0x00000000e7200000, 0x00000000e7200000| Untracked 
| 115|0x00000000e7300000, 0x00000000e7300000, 0x00000000e7400000|  0%| F|  |TAMS 0x00000000e7300000, 0x00000000e7300000| Untracked 
| 116|0x00000000e7400000, 0x00000000e7400000, 0x00000000e7500000|  0%| F|  |TAMS 0x00000000e7400000, 0x00000000e7400000| Untracked 
| 117|0x00000000e7500000, 0x00000000e7500000, 0x00000000e7600000|  0%| F|  |TAMS 0x00000000e7500000, 0x00000000e7500000| Untracked 
| 118|0x00000000e7600000, 0x00000000e7600000, 0x00000000e7700000|  0%| F|  |TAMS 0x00000000e7600000, 0x00000000e7600000| Untracked 
| 119|0x00000000e7700000, 0x00000000e7700000, 0x00000000e7800000|  0%| F|  |TAMS 0x00000000e7700000, 0x00000000e7700000| Untracked 
| 120|0x00000000e7800000, 0x00000000e7800000, 0x00000000e7900000|  0%| F|  |TAMS 0x00000000e7800000, 0x00000000e7800000| Untracked 
| 121|0x00000000e7900000, 0x00000000e7900000, 0x00000000e7a00000|  0%| F|  |TAMS 0x00000000e7900000, 0x00000000e7900000| Untracked 
| 122|0x00000000e7a00000, 0x00000000e7a00000, 0x00000000e7b00000|  0%| F|  |TAMS 0x00000000e7a00000, 0x00000000e7a00000| Untracked 
| 123|0x00000000e7b00000, 0x00000000e7b00000, 0x00000000e7c00000|  0%| F|  |TAMS 0x00000000e7b00000, 0x00000000e7b00000| Untracked 
| 124|0x00000000e7c00000, 0x00000000e7c00000, 0x00000000e7d00000|  0%| F|  |TAMS 0x00000000e7c00000, 0x00000000e7c00000| Untracked 
| 125|0x00000000e7d00000, 0x00000000e7d00000, 0x00000000e7e00000|  0%| F|  |TAMS 0x00000000e7d00000, 0x00000000e7d00000| Untracked 
| 126|0x00000000e7e00000, 0x00000000e7e00000, 0x00000000e7f00000|  0%| F|  |TAMS 0x00000000e7e00000, 0x00000000e7e00000| Untracked 
| 127|0x00000000e7f00000, 0x00000000e7f00000, 0x00000000e8000000|  0%| F|  |TAMS 0x00000000e7f00000, 0x00000000e7f00000| Untracked 
| 128|0x00000000e8000000, 0x00000000e8000000, 0x00000000e8100000|  0%| F|  |TAMS 0x00000000e8000000, 0x00000000e8000000| Untracked 
| 129|0x00000000e8100000, 0x00000000e8100000, 0x00000000e8200000|  0%| F|  |TAMS 0x00000000e8100000, 0x00000000e8100000| Untracked 
| 130|0x00000000e8200000, 0x00000000e8200000, 0x00000000e8300000|  0%| F|  |TAMS 0x00000000e8200000, 0x00000000e8200000| Untracked 
| 131|0x00000000e8300000, 0x00000000e8300000, 0x00000000e8400000|  0%| F|  |TAMS 0x00000000e8300000, 0x00000000e8300000| Untracked 
| 132|0x00000000e8400000, 0x00000000e8474c88, 0x00000000e8500000| 45%| S|CS|TAMS 0x00000000e8400000, 0x00000000e8400000| Complete 
| 133|0x00000000e8500000, 0x00000000e8600000, 0x00000000e8600000|100%| S|CS|TAMS 0x00000000e8500000, 0x00000000e8500000| Complete 
| 134|0x00000000e8600000, 0x00000000e8600000, 0x00000000e8700000|  0%| F|  |TAMS 0x00000000e8600000, 0x00000000e8600000| Untracked 
| 135|0x00000000e8700000, 0x00000000e8700000, 0x00000000e8800000|  0%| F|  |TAMS 0x00000000e8700000, 0x00000000e8700000| Untracked 
| 136|0x00000000e8800000, 0x00000000e8800000, 0x00000000e8900000|  0%| F|  |TAMS 0x00000000e8800000, 0x00000000e8800000| Untracked 
| 137|0x00000000e8900000, 0x00000000e89bee00, 0x00000000e8a00000| 74%| E|  |TAMS 0x00000000e8900000, 0x00000000e8900000| Complete 
| 138|0x00000000e8a00000, 0x00000000e8b00000, 0x00000000e8b00000|100%| E|CS|TAMS 0x00000000e8a00000, 0x00000000e8a00000| Complete 
| 139|0x00000000e8b00000, 0x00000000e8c00000, 0x00000000e8c00000|100%| E|CS|TAMS 0x00000000e8b00000, 0x00000000e8b00000| Complete 
| 140|0x00000000e8c00000, 0x00000000e8d00000, 0x00000000e8d00000|100%| E|CS|TAMS 0x00000000e8c00000, 0x00000000e8c00000| Complete 
| 141|0x00000000e8d00000, 0x00000000e8e00000, 0x00000000e8e00000|100%| E|CS|TAMS 0x00000000e8d00000, 0x00000000e8d00000| Complete 
| 142|0x00000000e8e00000, 0x00000000e8f00000, 0x00000000e8f00000|100%| E|CS|TAMS 0x00000000e8e00000, 0x00000000e8e00000| Complete 
| 143|0x00000000e8f00000, 0x00000000e9000000, 0x00000000e9000000|100%| E|CS|TAMS 0x00000000e8f00000, 0x00000000e8f00000| Complete 
| 144|0x00000000e9000000, 0x00000000e9100000, 0x00000000e9100000|100%| E|CS|TAMS 0x00000000e9000000, 0x00000000e9000000| Complete 
| 145|0x00000000e9100000, 0x00000000e9200000, 0x00000000e9200000|100%| S|CS|TAMS 0x00000000e9100000, 0x00000000e9100000| Complete 
| 146|0x00000000e9200000, 0x00000000e9300000, 0x00000000e9300000|100%| S|CS|TAMS 0x00000000e9200000, 0x00000000e9200000| Complete 
| 147|0x00000000e9300000, 0x00000000e9400000, 0x00000000e9400000|100%| S|CS|TAMS 0x00000000e9300000, 0x00000000e9300000| Complete 
| 148|0x00000000e9400000, 0x00000000e9500000, 0x00000000e9500000|100%| S|CS|TAMS 0x00000000e9400000, 0x00000000e9400000| Complete 
| 149|0x00000000e9500000, 0x00000000e9600000, 0x00000000e9600000|100%| S|CS|TAMS 0x00000000e9500000, 0x00000000e9500000| Complete 
| 150|0x00000000e9600000, 0x00000000e9700000, 0x00000000e9700000|100%| S|CS|TAMS 0x00000000e9600000, 0x00000000e9600000| Complete 
| 151|0x00000000e9700000, 0x00000000e9800000, 0x00000000e9800000|100%| S|CS|TAMS 0x00000000e9700000, 0x00000000e9700000| Complete 
| 152|0x00000000e9800000, 0x00000000e9900000, 0x00000000e9900000|100%| S|CS|TAMS 0x00000000e9800000, 0x00000000e9800000| Complete 
| 153|0x00000000e9900000, 0x00000000e9a00000, 0x00000000e9a00000|100%| S|CS|TAMS 0x00000000e9900000, 0x00000000e9900000| Complete 
| 154|0x00000000e9a00000, 0x00000000e9b00000, 0x00000000e9b00000|100%| S|CS|TAMS 0x00000000e9a00000, 0x00000000e9a00000| Complete 
| 155|0x00000000e9b00000, 0x00000000e9c00000, 0x00000000e9c00000|100%| S|CS|TAMS 0x00000000e9b00000, 0x00000000e9b00000| Complete 
| 156|0x00000000e9c00000, 0x00000000e9d00000, 0x00000000e9d00000|100%| S|CS|TAMS 0x00000000e9c00000, 0x00000000e9c00000| Complete 
| 157|0x00000000e9d00000, 0x00000000e9e00000, 0x00000000e9e00000|100%| S|CS|TAMS 0x00000000e9d00000, 0x00000000e9d00000| Complete 
| 158|0x00000000e9e00000, 0x00000000e9f00000, 0x00000000e9f00000|100%| S|CS|TAMS 0x00000000e9e00000, 0x00000000e9e00000| Complete 
| 159|0x00000000e9f00000, 0x00000000ea000000, 0x00000000ea000000|100%| S|CS|TAMS 0x00000000e9f00000, 0x00000000e9f00000| Complete 
| 160|0x00000000ea000000, 0x00000000ea100000, 0x00000000ea100000|100%| S|CS|TAMS 0x00000000ea000000, 0x00000000ea000000| Complete 
| 161|0x00000000ea100000, 0x00000000ea200000, 0x00000000ea200000|100%| S|CS|TAMS 0x00000000ea100000, 0x00000000ea100000| Complete 
| 162|0x00000000ea200000, 0x00000000ea300000, 0x00000000ea300000|100%| E|CS|TAMS 0x00000000ea200000, 0x00000000ea200000| Complete 
| 163|0x00000000ea300000, 0x00000000ea400000, 0x00000000ea400000|100%| E|CS|TAMS 0x00000000ea300000, 0x00000000ea300000| Complete 
| 164|0x00000000ea400000, 0x00000000ea500000, 0x00000000ea500000|100%| E|CS|TAMS 0x00000000ea400000, 0x00000000ea400000| Complete 
| 165|0x00000000ea500000, 0x00000000ea600000, 0x00000000ea600000|100%| E|CS|TAMS 0x00000000ea500000, 0x00000000ea500000| Complete 
| 166|0x00000000ea600000, 0x00000000ea700000, 0x00000000ea700000|100%| E|CS|TAMS 0x00000000ea600000, 0x00000000ea600000| Complete 
| 167|0x00000000ea700000, 0x00000000ea800000, 0x00000000ea800000|100%| E|CS|TAMS 0x00000000ea700000, 0x00000000ea700000| Complete 
| 168|0x00000000ea800000, 0x00000000ea900000, 0x00000000ea900000|100%| E|CS|TAMS 0x00000000ea800000, 0x00000000ea800000| Complete 
| 169|0x00000000ea900000, 0x00000000eaa00000, 0x00000000eaa00000|100%| E|CS|TAMS 0x00000000ea900000, 0x00000000ea900000| Complete 
| 170|0x00000000eaa00000, 0x00000000eab00000, 0x00000000eab00000|100%| E|CS|TAMS 0x00000000eaa00000, 0x00000000eaa00000| Complete 
| 171|0x00000000eab00000, 0x00000000eac00000, 0x00000000eac00000|100%| E|CS|TAMS 0x00000000eab00000, 0x00000000eab00000| Complete 
| 172|0x00000000eac00000, 0x00000000ead00000, 0x00000000ead00000|100%| E|CS|TAMS 0x00000000eac00000, 0x00000000eac00000| Complete 
| 173|0x00000000ead00000, 0x00000000eae00000, 0x00000000eae00000|100%| E|CS|TAMS 0x00000000ead00000, 0x00000000ead00000| Complete 
| 174|0x00000000eae00000, 0x00000000eaf00000, 0x00000000eaf00000|100%| E|CS|TAMS 0x00000000eae00000, 0x00000000eae00000| Complete 
| 175|0x00000000eaf00000, 0x00000000eb000000, 0x00000000eb000000|100%| E|CS|TAMS 0x00000000eaf00000, 0x00000000eaf00000| Complete 
| 176|0x00000000eb000000, 0x00000000eb100000, 0x00000000eb100000|100%| E|CS|TAMS 0x00000000eb000000, 0x00000000eb000000| Complete 
| 177|0x00000000eb100000, 0x00000000eb200000, 0x00000000eb200000|100%| E|CS|TAMS 0x00000000eb100000, 0x00000000eb100000| Complete 
| 178|0x00000000eb200000, 0x00000000eb300000, 0x00000000eb300000|100%| E|CS|TAMS 0x00000000eb200000, 0x00000000eb200000| Complete 
| 179|0x00000000eb300000, 0x00000000eb400000, 0x00000000eb400000|100%| E|CS|TAMS 0x00000000eb300000, 0x00000000eb300000| Complete 
| 180|0x00000000eb400000, 0x00000000eb500000, 0x00000000eb500000|100%| E|CS|TAMS 0x00000000eb400000, 0x00000000eb400000| Complete 
| 181|0x00000000eb500000, 0x00000000eb600000, 0x00000000eb600000|100%| E|CS|TAMS 0x00000000eb500000, 0x00000000eb500000| Complete 
| 182|0x00000000eb600000, 0x00000000eb700000, 0x00000000eb700000|100%| E|CS|TAMS 0x00000000eb600000, 0x00000000eb600000| Complete 
| 183|0x00000000eb700000, 0x00000000eb800000, 0x00000000eb800000|100%| E|CS|TAMS 0x00000000eb700000, 0x00000000eb700000| Complete 
| 184|0x00000000eb800000, 0x00000000eb900000, 0x00000000eb900000|100%| E|CS|TAMS 0x00000000eb800000, 0x00000000eb800000| Complete 
| 185|0x00000000eb900000, 0x00000000eba00000, 0x00000000eba00000|100%| E|CS|TAMS 0x00000000eb900000, 0x00000000eb900000| Complete 
| 186|0x00000000eba00000, 0x00000000ebb00000, 0x00000000ebb00000|100%| E|CS|TAMS 0x00000000eba00000, 0x00000000eba00000| Complete 
| 187|0x00000000ebb00000, 0x00000000ebc00000, 0x00000000ebc00000|100%| E|CS|TAMS 0x00000000ebb00000, 0x00000000ebb00000| Complete 
| 188|0x00000000ebc00000, 0x00000000ebd00000, 0x00000000ebd00000|100%| E|CS|TAMS 0x00000000ebc00000, 0x00000000ebc00000| Complete 
| 189|0x00000000ebd00000, 0x00000000ebe00000, 0x00000000ebe00000|100%| E|CS|TAMS 0x00000000ebd00000, 0x00000000ebd00000| Complete 
| 190|0x00000000ebe00000, 0x00000000ebf00000, 0x00000000ebf00000|100%| E|CS|TAMS 0x00000000ebe00000, 0x00000000ebe00000| Complete 
| 191|0x00000000ebf00000, 0x00000000ec000000, 0x00000000ec000000|100%| E|CS|TAMS 0x00000000ebf00000, 0x00000000ebf00000| Complete 
| 192|0x00000000ec000000, 0x00000000ec100000, 0x00000000ec100000|100%| E|CS|TAMS 0x00000000ec000000, 0x00000000ec000000| Complete 
| 193|0x00000000ec100000, 0x00000000ec200000, 0x00000000ec200000|100%| E|CS|TAMS 0x00000000ec100000, 0x00000000ec100000| Complete 
| 194|0x00000000ec200000, 0x00000000ec300000, 0x00000000ec300000|100%| E|CS|TAMS 0x00000000ec200000, 0x00000000ec200000| Complete 
| 195|0x00000000ec300000, 0x00000000ec400000, 0x00000000ec400000|100%| E|CS|TAMS 0x00000000ec300000, 0x00000000ec300000| Complete 
| 196|0x00000000ec400000, 0x00000000ec500000, 0x00000000ec500000|100%| E|CS|TAMS 0x00000000ec400000, 0x00000000ec400000| Complete 
| 197|0x00000000ec500000, 0x00000000ec600000, 0x00000000ec600000|100%| E|CS|TAMS 0x00000000ec500000, 0x00000000ec500000| Complete 
| 198|0x00000000ec600000, 0x00000000ec700000, 0x00000000ec700000|100%| E|CS|TAMS 0x00000000ec600000, 0x00000000ec600000| Complete 
| 199|0x00000000ec700000, 0x00000000ec800000, 0x00000000ec800000|100%| E|CS|TAMS 0x00000000ec700000, 0x00000000ec700000| Complete 
| 200|0x00000000ec800000, 0x00000000ec900000, 0x00000000ec900000|100%| E|CS|TAMS 0x00000000ec800000, 0x00000000ec800000| Complete 
| 201|0x00000000ec900000, 0x00000000eca00000, 0x00000000eca00000|100%| E|CS|TAMS 0x00000000ec900000, 0x00000000ec900000| Complete 
| 202|0x00000000eca00000, 0x00000000ecb00000, 0x00000000ecb00000|100%| E|CS|TAMS 0x00000000eca00000, 0x00000000eca00000| Complete 
| 203|0x00000000ecb00000, 0x00000000ecc00000, 0x00000000ecc00000|100%| E|CS|TAMS 0x00000000ecb00000, 0x00000000ecb00000| Complete 
| 204|0x00000000ecc00000, 0x00000000ecd00000, 0x00000000ecd00000|100%| E|CS|TAMS 0x00000000ecc00000, 0x00000000ecc00000| Complete 
| 205|0x00000000ecd00000, 0x00000000ece00000, 0x00000000ece00000|100%| E|CS|TAMS 0x00000000ecd00000, 0x00000000ecd00000| Complete 
| 206|0x00000000ece00000, 0x00000000ecf00000, 0x00000000ecf00000|100%| E|CS|TAMS 0x00000000ece00000, 0x00000000ece00000| Complete 
| 207|0x00000000ecf00000, 0x00000000ed000000, 0x00000000ed000000|100%| E|CS|TAMS 0x00000000ecf00000, 0x00000000ecf00000| Complete 
| 208|0x00000000ed000000, 0x00000000ed100000, 0x00000000ed100000|100%| E|CS|TAMS 0x00000000ed000000, 0x00000000ed000000| Complete 
| 209|0x00000000ed100000, 0x00000000ed200000, 0x00000000ed200000|100%| E|CS|TAMS 0x00000000ed100000, 0x00000000ed100000| Complete 
| 210|0x00000000ed200000, 0x00000000ed300000, 0x00000000ed300000|100%| E|CS|TAMS 0x00000000ed200000, 0x00000000ed200000| Complete 
| 211|0x00000000ed300000, 0x00000000ed400000, 0x00000000ed400000|100%| E|CS|TAMS 0x00000000ed300000, 0x00000000ed300000| Complete 
| 212|0x00000000ed400000, 0x00000000ed500000, 0x00000000ed500000|100%| E|CS|TAMS 0x00000000ed400000, 0x00000000ed400000| Complete 
| 213|0x00000000ed500000, 0x00000000ed600000, 0x00000000ed600000|100%| E|CS|TAMS 0x00000000ed500000, 0x00000000ed500000| Complete 
| 214|0x00000000ed600000, 0x00000000ed700000, 0x00000000ed700000|100%| E|CS|TAMS 0x00000000ed600000, 0x00000000ed600000| Complete 
| 215|0x00000000ed700000, 0x00000000ed800000, 0x00000000ed800000|100%| E|CS|TAMS 0x00000000ed700000, 0x00000000ed700000| Complete 
| 216|0x00000000ed800000, 0x00000000ed900000, 0x00000000ed900000|100%| E|CS|TAMS 0x00000000ed800000, 0x00000000ed800000| Complete 
| 217|0x00000000ed900000, 0x00000000eda00000, 0x00000000eda00000|100%| E|CS|TAMS 0x00000000ed900000, 0x00000000ed900000| Complete 
| 218|0x00000000eda00000, 0x00000000edb00000, 0x00000000edb00000|100%| E|CS|TAMS 0x00000000eda00000, 0x00000000eda00000| Complete 
| 219|0x00000000edb00000, 0x00000000edc00000, 0x00000000edc00000|100%| E|CS|TAMS 0x00000000edb00000, 0x00000000edb00000| Complete 
| 220|0x00000000edc00000, 0x00000000edd00000, 0x00000000edd00000|100%| E|CS|TAMS 0x00000000edc00000, 0x00000000edc00000| Complete 
| 221|0x00000000edd00000, 0x00000000ede00000, 0x00000000ede00000|100%| E|CS|TAMS 0x00000000edd00000, 0x00000000edd00000| Complete 
| 222|0x00000000ede00000, 0x00000000edf00000, 0x00000000edf00000|100%| E|CS|TAMS 0x00000000ede00000, 0x00000000ede00000| Complete 
| 223|0x00000000edf00000, 0x00000000ee000000, 0x00000000ee000000|100%| E|CS|TAMS 0x00000000edf00000, 0x00000000edf00000| Complete 
| 224|0x00000000ee000000, 0x00000000ee100000, 0x00000000ee100000|100%| E|CS|TAMS 0x00000000ee000000, 0x00000000ee000000| Complete 
| 225|0x00000000ee100000, 0x00000000ee200000, 0x00000000ee200000|100%| E|CS|TAMS 0x00000000ee100000, 0x00000000ee100000| Complete 
| 226|0x00000000ee200000, 0x00000000ee300000, 0x00000000ee300000|100%| E|CS|TAMS 0x00000000ee200000, 0x00000000ee200000| Complete 
| 227|0x00000000ee300000, 0x00000000ee400000, 0x00000000ee400000|100%| E|CS|TAMS 0x00000000ee300000, 0x00000000ee300000| Complete 
| 228|0x00000000ee400000, 0x00000000ee500000, 0x00000000ee500000|100%| E|CS|TAMS 0x00000000ee400000, 0x00000000ee400000| Complete 
| 229|0x00000000ee500000, 0x00000000ee600000, 0x00000000ee600000|100%| E|CS|TAMS 0x00000000ee500000, 0x00000000ee500000| Complete 
| 230|0x00000000ee600000, 0x00000000ee700000, 0x00000000ee700000|100%| E|CS|TAMS 0x00000000ee600000, 0x00000000ee600000| Complete 
| 231|0x00000000ee700000, 0x00000000ee800000, 0x00000000ee800000|100%| E|CS|TAMS 0x00000000ee700000, 0x00000000ee700000| Complete 
| 232|0x00000000ee800000, 0x00000000ee900000, 0x00000000ee900000|100%| E|CS|TAMS 0x00000000ee800000, 0x00000000ee800000| Complete 
| 233|0x00000000ee900000, 0x00000000eea00000, 0x00000000eea00000|100%| E|CS|TAMS 0x00000000ee900000, 0x00000000ee900000| Complete 
| 234|0x00000000eea00000, 0x00000000eeb00000, 0x00000000eeb00000|100%| E|CS|TAMS 0x00000000eea00000, 0x00000000eea00000| Complete 
| 235|0x00000000eeb00000, 0x00000000eec00000, 0x00000000eec00000|100%| E|CS|TAMS 0x00000000eeb00000, 0x00000000eeb00000| Complete 
| 236|0x00000000eec00000, 0x00000000eed00000, 0x00000000eed00000|100%| E|CS|TAMS 0x00000000eec00000, 0x00000000eec00000| Complete 
| 237|0x00000000eed00000, 0x00000000eee00000, 0x00000000eee00000|100%| E|CS|TAMS 0x00000000eed00000, 0x00000000eed00000| Complete 
| 238|0x00000000eee00000, 0x00000000eef00000, 0x00000000eef00000|100%| E|CS|TAMS 0x00000000eee00000, 0x00000000eee00000| Complete 
| 239|0x00000000eef00000, 0x00000000ef000000, 0x00000000ef000000|100%| E|CS|TAMS 0x00000000eef00000, 0x00000000eef00000| Complete 
| 240|0x00000000ef000000, 0x00000000ef100000, 0x00000000ef100000|100%| E|CS|TAMS 0x00000000ef000000, 0x00000000ef000000| Complete 
| 241|0x00000000ef100000, 0x00000000ef200000, 0x00000000ef200000|100%| E|CS|TAMS 0x00000000ef100000, 0x00000000ef100000| Complete 
| 242|0x00000000ef200000, 0x00000000ef300000, 0x00000000ef300000|100%| E|CS|TAMS 0x00000000ef200000, 0x00000000ef200000| Complete 
| 243|0x00000000ef300000, 0x00000000ef400000, 0x00000000ef400000|100%| E|CS|TAMS 0x00000000ef300000, 0x00000000ef300000| Complete 
| 244|0x00000000ef400000, 0x00000000ef500000, 0x00000000ef500000|100%| E|CS|TAMS 0x00000000ef400000, 0x00000000ef400000| Complete 
| 245|0x00000000ef500000, 0x00000000ef600000, 0x00000000ef600000|100%| E|CS|TAMS 0x00000000ef500000, 0x00000000ef500000| Complete 
| 246|0x00000000ef600000, 0x00000000ef700000, 0x00000000ef700000|100%| E|CS|TAMS 0x00000000ef600000, 0x00000000ef600000| Complete 
| 247|0x00000000ef700000, 0x00000000ef800000, 0x00000000ef800000|100%| E|CS|TAMS 0x00000000ef700000, 0x00000000ef700000| Complete 
| 248|0x00000000ef800000, 0x00000000ef900000, 0x00000000ef900000|100%| E|CS|TAMS 0x00000000ef800000, 0x00000000ef800000| Complete 
| 249|0x00000000ef900000, 0x00000000efa00000, 0x00000000efa00000|100%| E|CS|TAMS 0x00000000ef900000, 0x00000000ef900000| Complete 
| 250|0x00000000efa00000, 0x00000000efb00000, 0x00000000efb00000|100%| E|CS|TAMS 0x00000000efa00000, 0x00000000efa00000| Complete 
| 251|0x00000000efb00000, 0x00000000efc00000, 0x00000000efc00000|100%| E|CS|TAMS 0x00000000efb00000, 0x00000000efb00000| Complete 
| 252|0x00000000efc00000, 0x00000000efd00000, 0x00000000efd00000|100%| E|CS|TAMS 0x00000000efc00000, 0x00000000efc00000| Complete 
| 253|0x00000000efd00000, 0x00000000efe00000, 0x00000000efe00000|100%| E|CS|TAMS 0x00000000efd00000, 0x00000000efd00000| Complete 
| 254|0x00000000efe00000, 0x00000000eff00000, 0x00000000eff00000|100%| E|CS|TAMS 0x00000000efe00000, 0x00000000efe00000| Complete 
| 255|0x00000000eff00000, 0x00000000f0000000, 0x00000000f0000000|100%| E|CS|TAMS 0x00000000eff00000, 0x00000000eff00000| Complete 

Card table byte_map: [0x000002917b5c0000,0x000002917b6c0000] _byte_map_base: 0x000002917aec0000

Marking Bits (Prev, Next): (CMBitMap*) 0x0000029170b44d60, (CMBitMap*) 0x0000029170b44da0
 Prev Bits: [0x000002917b7c0000, 0x000002917bfc0000)
 Next Bits: [0x000002917bfc0000, 0x000002917c7c0000)

Polling page: 0x00000291709d0000

Metaspace:

Usage:
  Non-class:     38.37 MB used.
      Class:      6.16 MB used.
       Both:     44.53 MB used.

Virtual space:
  Non-class space:       40.00 MB reserved,      38.62 MB ( 97%) committed,  5 nodes.
      Class space:      208.00 MB reserved,       6.38 MB (  3%) committed,  1 nodes.
              Both:      248.00 MB reserved,      45.00 MB ( 18%) committed. 

Chunk freelists:
   Non-Class:  992.00 KB
       Class:  1.66 MB
        Both:  2.62 MB

MaxMetaspaceSize: 256.00 MB
CompressedClassSpaceSize: 208.00 MB
 - commit_granule_bytes: 65536.
 - commit_granule_words: 8192.
 - virtual_space_node_default_size: 1048576.
 - enlarge_chunks_in_place: 1.
 - new_chunks_are_fully_committed: 0.
 - uncommit_free_chunks: 1.
 - use_allocation_guard: 0.
 - handle_deallocations: 1.


Internal statistics:

num_allocs_failed_limit: 6.
num_arena_births: 514.
num_arena_deaths: 0.
num_vsnodes_births: 6.
num_vsnodes_deaths: 0.
num_space_committed: 720.
num_space_uncommitted: 0.
num_chunks_returned_to_freelist: 6.
num_chunks_taken_from_freelist: 2287.
num_chunk_merges: 6.
num_chunk_splits: 1480.
num_chunks_enlarged: 975.
num_purges: 0.

CodeHeap 'non-profiled nmethods': size=120000Kb used=3182Kb max_used=3182Kb free=116817Kb
 bounds [0x0000029107ad0000, 0x0000029107df0000, 0x000002910f000000]
CodeHeap 'profiled nmethods': size=120000Kb used=10435Kb max_used=10435Kb free=109564Kb
 bounds [0x00000291005a0000, 0x0000029100fe0000, 0x0000029107ad0000]
CodeHeap 'non-nmethods': size=5760Kb used=2328Kb max_used=2422Kb free=3431Kb
 bounds [0x0000029100000000, 0x0000029100280000, 0x00000291005a0000]
 total_blobs=5833 nmethods=4994 adapters=751
 compilation: enabled
              stopped_count=0, restarted_count=0
 full_count=0

Compilation events (20 events):
Event: 4.537 Thread 0x000002917efdc8b0 nmethod 4981 0x0000029107dda490 code [0x0000029107dda620, 0x0000029107dda7b8]
Event: 4.537 Thread 0x000002917efdc8b0 4982       4       com.google.common.collect.ImmutableSet::asList (23 bytes)
Event: 4.538 Thread 0x000002917efdc8b0 nmethod 4982 0x0000029107dda990 code [0x0000029107ddab20, 0x0000029107ddac98]
Event: 4.540 Thread 0x000002917fd3d750 nmethod 4859 0x0000029107ddad90 code [0x0000029107ddb2e0, 0x0000029107de1a48]
Event: 4.547 Thread 0x000002917efdd2b0 4984       1       org.gradle.internal.snapshot.AbstractFileSystemLocationSnapshot::getAbsolutePath (5 bytes)
Event: 4.547 Thread 0x000002917efdd2b0 nmethod 4984 0x0000029107de4c90 code [0x0000029107de4e20, 0x0000029107de4ef8]
Event: 4.547 Thread 0x000002917efdd2b0 4985       3       com.google.common.collect.CompactHashMap$Itr::next (53 bytes)
Event: 4.547 Thread 0x000002917efdd2b0 nmethod 4985 0x0000029100fc8a10 code [0x0000029100fc8c20, 0x0000029100fc92b8]
Event: 4.547 Thread 0x000002917efdd2b0 4986       3       com.google.common.collect.CompactHashMap$Itr::checkForConcurrentModification (23 bytes)
Event: 4.547 Thread 0x000002917efdd2b0 nmethod 4986 0x0000029100fc9510 code [0x0000029100fc96c0, 0x0000029100fc98e8]
Event: 4.552 Thread 0x000002917efdc8b0 4987       4       java.net.URLClassLoader::isSealed (72 bytes)
Event: 4.555 Thread 0x000002917fd3d750 4988 %     4       jdk.internal.org.objectweb.asm.ClassReader::readUtf @ 18 (161 bytes)
Event: 4.559 Thread 0x000002917efdd2b0 4990       3       org.gradle.internal.file.DefaultFileHierarchySet$Node::plus (337 bytes)
Event: 4.561 Thread 0x000002917efdd2b0 nmethod 4990 0x0000029100fc9a10 code [0x0000029100fca080, 0x0000029100fce068]
Event: 4.562 Thread 0x000002917efdd2b0 4993       3       org.gradle.internal.snapshot.ChildMap$Entry::<init> (15 bytes)
Event: 4.562 Thread 0x000002917efdd2b0 nmethod 4993 0x0000029100fcf710 code [0x0000029100fcf8c0, 0x0000029100fcfad8]
Event: 4.562 Thread 0x000002917efdd2b0 4994       1       java.util.ArrayDeque$DeqSpliterator::characteristics (4 bytes)
Event: 4.562 Thread 0x000002917efdd2b0 nmethod 4994 0x0000029107de4f90 code [0x0000029107de5120, 0x0000029107de51f8]
Event: 4.562 Thread 0x000002917fd3d750 nmethod 4988% 0x0000029107de5290 code [0x0000029107de5440, 0x0000029107de5d38]
Event: 4.563 Thread 0x000002917fd3d750 4991       4       java.lang.Class::getPackageName (81 bytes)

GC Heap History (8 events):
Event: 0.416 GC heap before
{Heap before GC invocations=0 (full 0):
 garbage-first heap   total 262144K, used 26624K [0x00000000e0000000, 0x0000000100000000)
  region size 1024K, 21 young (21504K), 0 survivors (0K)
 Metaspace       used 3164K, committed 3328K, reserved 221184K
  class space    used 378K, committed 448K, reserved 212992K
}
Event: 0.419 GC heap after
{Heap after GC invocations=1 (full 0):
 garbage-first heap   total 262144K, used 9471K [0x00000000e0000000, 0x0000000100000000)
  region size 1024K, 3 young (3072K), 3 survivors (3072K)
 Metaspace       used 3164K, committed 3328K, reserved 221184K
  class space    used 378K, committed 448K, reserved 212992K
}
Event: 0.656 GC heap before
{Heap before GC invocations=1 (full 0):
 garbage-first heap   total 262144K, used 33023K [0x00000000e0000000, 0x0000000100000000)
  region size 1024K, 26 young (26624K), 3 survivors (3072K)
 Metaspace       used 4129K, committed 4288K, reserved 221184K
  class space    used 481K, committed 576K, reserved 212992K
}
Event: 0.658 GC heap after
{Heap after GC invocations=2 (full 0):
 garbage-first heap   total 262144K, used 9988K [0x00000000e0000000, 0x0000000100000000)
  region size 1024K, 1 young (1024K), 1 survivors (1024K)
 Metaspace       used 4129K, committed 4288K, reserved 221184K
  class space    used 481K, committed 576K, reserved 212992K
}
Event: 2.133 GC heap before
{Heap before GC invocations=2 (full 0):
 garbage-first heap   total 262144K, used 122628K [0x00000000e0000000, 0x0000000100000000)
  region size 1024K, 111 young (113664K), 1 survivors (1024K)
 Metaspace       used 20975K, committed 21248K, reserved 237568K
  class space    used 3036K, committed 3200K, reserved 212992K
}
Event: 2.139 GC heap after
{Heap after GC invocations=3 (full 0):
 garbage-first heap   total 262144K, used 19900K [0x00000000e0000000, 0x0000000100000000)
  region size 1024K, 11 young (11264K), 11 survivors (11264K)
 Metaspace       used 20975K, committed 21248K, reserved 237568K
  class space    used 3036K, committed 3200K, reserved 212992K
}
Event: 3.214 GC heap before
{Heap before GC invocations=4 (full 0):
 garbage-first heap   total 262144K, used 118204K [0x00000000e0000000, 0x0000000100000000)
  region size 1024K, 105 young (107520K), 11 survivors (11264K)
 Metaspace       used 35157K, committed 35520K, reserved 245760K
  class space    used 4654K, committed 4864K, reserved 212992K
}
Event: 3.222 GC heap after
{Heap after GC invocations=5 (full 0):
 garbage-first heap   total 262144K, used 28838K [0x00000000e0000000, 0x0000000100000000)
  region size 1024K, 19 young (19456K), 19 survivors (19456K)
 Metaspace       used 35157K, committed 35520K, reserved 245760K
  class space    used 4654K, committed 4864K, reserved 212992K
}

Deoptimization events (20 events):
Event: 4.138 Thread 0x00000291107dc490 DEOPT PACKING pc=0x0000029107d45c54 sp=0x0000009e5d5f8d50
Event: 4.138 Thread 0x00000291107dc490 DEOPT UNPACKING pc=0x000002910004d72e sp=0x0000009e5d5f8c80 mode 2
Event: 4.138 Thread 0x00000291107dc490 Uncommon trap: trap_request=0xffffff45 fr.pc=0x0000029107c2bfbc relative=0x00000000000006dc
Event: 4.138 Thread 0x00000291107dc490 Uncommon trap: reason=unstable_if action=reinterpret pc=0x0000029107c2bfbc method=java.util.HashMap.putVal(ILjava/lang/Object;Ljava/lang/Object;ZZ)Ljava/lang/Object; @ 109 c2
Event: 4.138 Thread 0x00000291107dc490 DEOPT PACKING pc=0x0000029107c2bfbc sp=0x0000009e5d5f8cc0
Event: 4.138 Thread 0x00000291107dc490 DEOPT UNPACKING pc=0x000002910004d72e sp=0x0000009e5d5f8c78 mode 2
Event: 4.149 Thread 0x00000291107dc490 Uncommon trap: trap_request=0xffffff45 fr.pc=0x0000029107c3b978 relative=0x00000000000001d8
Event: 4.149 Thread 0x00000291107dc490 Uncommon trap: reason=unstable_if action=reinterpret pc=0x0000029107c3b978 method=java.util.ArrayDeque.addLast(Ljava/lang/Object;)V @ 42 c2
Event: 4.149 Thread 0x00000291107dc490 DEOPT PACKING pc=0x0000029107c3b978 sp=0x0000009e5d5f8860
Event: 4.149 Thread 0x00000291107dc490 DEOPT UNPACKING pc=0x000002910004d72e sp=0x0000009e5d5f8810 mode 2
Event: 4.203 Thread 0x00000291107dc490 DEOPT PACKING pc=0x000002910065d9dd sp=0x0000009e5d5f9e50
Event: 4.203 Thread 0x00000291107dc490 DEOPT UNPACKING pc=0x000002910004dece sp=0x0000009e5d5f92d8 mode 0
Event: 4.375 Thread 0x00000291107dc490 Uncommon trap: trap_request=0xffffff45 fr.pc=0x0000029107bb5fcc relative=0x00000000000005ec
Event: 4.375 Thread 0x00000291107dc490 Uncommon trap: reason=unstable_if action=reinterpret pc=0x0000029107bb5fcc method=java.lang.String.regionMatches(ZILjava/lang/String;II)Z @ 1 c2
Event: 4.375 Thread 0x00000291107dc490 DEOPT PACKING pc=0x0000029107bb5fcc sp=0x0000009e5d5f91b0
Event: 4.375 Thread 0x00000291107dc490 DEOPT UNPACKING pc=0x000002910004d72e sp=0x0000009e5d5f9158 mode 2
Event: 4.555 Thread 0x00000291107dc490 Uncommon trap: trap_request=0xffffffc6 fr.pc=0x0000029107da1e48 relative=0x0000000000000468
Event: 4.555 Thread 0x00000291107dc490 Uncommon trap: reason=bimorphic_or_optimized_type_check action=maybe_recompile pc=0x0000029107da1e48 method=java.util.Spliterators$IteratorSpliterator.tryAdvance(Ljava/util/function/Consumer;)Z @ 68 c2
Event: 4.555 Thread 0x00000291107dc490 DEOPT PACKING pc=0x0000029107da1e48 sp=0x0000009e5d5f8f40
Event: 4.555 Thread 0x00000291107dc490 DEOPT UNPACKING pc=0x000002910004d72e sp=0x0000009e5d5f8ed8 mode 2

Classes unloaded (0 events):
No events

Classes redefined (0 events):
No events

Internal exceptions (20 events):
Event: 4.029 Thread 0x00000291107dc490 Exception <a 'java/lang/ClassNotFoundException'{0x00000000eba64488}: org/gradle/api/internal/artifacts/dsl/dependencies/DefaultDependencyHandler_DecoratedCustomizer> (0x00000000eba64488) 
thrown [e:\jenkins\tmp\workspace\build\src\src\hotspot\share\classfile\systemDictionary.cpp, line 256]
Event: 4.078 Thread 0x00000291107dc490 Exception <a 'java/lang/ClassNotFoundException'{0x00000000eb42bd68}: org/gradle/api/tasks/testing/Test_DecoratedBeanInfo> (0x00000000eb42bd68) 
thrown [e:\jenkins\tmp\workspace\build\src\src\hotspot\share\classfile\systemDictionary.cpp, line 256]
Event: 4.079 Thread 0x00000291107dc490 Exception <a 'java/lang/ClassNotFoundException'{0x00000000eb43f028}: org/gradle/api/tasks/testing/TestBeanInfo> (0x00000000eb43f028) 
thrown [e:\jenkins\tmp\workspace\build\src\src\hotspot\share\classfile\systemDictionary.cpp, line 256]
Event: 4.080 Thread 0x00000291107dc490 Exception <a 'java/lang/ClassNotFoundException'{0x00000000eb4524c8}: org/gradle/api/tasks/testing/AbstractTestTaskBeanInfo> (0x00000000eb4524c8) 
thrown [e:\jenkins\tmp\workspace\build\src\src\hotspot\share\classfile\systemDictionary.cpp, line 256]
Event: 4.081 Thread 0x00000291107dc490 Exception <a 'java/lang/ClassNotFoundException'{0x00000000eb465a50}: org/gradle/api/tasks/testing/AbstractTestTaskCustomizer> (0x00000000eb465a50) 
thrown [e:\jenkins\tmp\workspace\build\src\src\hotspot\share\classfile\systemDictionary.cpp, line 256]
Event: 4.082 Thread 0x00000291107dc490 Exception <a 'java/lang/ClassNotFoundException'{0x00000000eb4969e0}: org/gradle/api/tasks/testing/TestCustomizer> (0x00000000eb4969e0) 
thrown [e:\jenkins\tmp\workspace\build\src\src\hotspot\share\classfile\systemDictionary.cpp, line 256]
Event: 4.086 Thread 0x00000291107dc490 Exception <a 'java/lang/ClassNotFoundException'{0x00000000eb329c28}: org/gradle/api/tasks/testing/Test_DecoratedCustomizer> (0x00000000eb329c28) 
thrown [e:\jenkins\tmp\workspace\build\src\src\hotspot\share\classfile\systemDictionary.cpp, line 256]
Event: 4.092 Thread 0x00000291107dc490 Exception <a 'java/lang/ClassNotFoundException'{0x00000000eb213828}: org/openjfx/gradle/JavaFXOptions_DecoratedBeanInfo> (0x00000000eb213828) 
thrown [e:\jenkins\tmp\workspace\build\src\src\hotspot\share\classfile\systemDictionary.cpp, line 256]
Event: 4.092 Thread 0x00000291107dc490 Exception <a 'java/lang/ClassNotFoundException'{0x00000000eb21c1d8}: org/openjfx/gradle/JavaFXOptionsBeanInfo> (0x00000000eb21c1d8) 
thrown [e:\jenkins\tmp\workspace\build\src\src\hotspot\share\classfile\systemDictionary.cpp, line 256]
Event: 4.093 Thread 0x00000291107dc490 Exception <a 'java/lang/ClassNotFoundException'{0x00000000eb224b98}: org/openjfx/gradle/JavaFXOptionsCustomizer> (0x00000000eb224b98) 
thrown [e:\jenkins\tmp\workspace\build\src\src\hotspot\share\classfile\systemDictionary.cpp, line 256]
Event: 4.093 Thread 0x00000291107dc490 Exception <a 'java/lang/ClassNotFoundException'{0x00000000eb2367e0}: org/openjfx/gradle/JavaFXOptions_DecoratedCustomizer> (0x00000000eb2367e0) 
thrown [e:\jenkins\tmp\workspace\build\src\src\hotspot\share\classfile\systemDictionary.cpp, line 256]
Event: 4.116 Thread 0x00000291107dc490 Exception <a 'java/lang/NoSuchMethodError'{0x00000000eb1ca990}: 'int java.lang.invoke.DirectMethodHandle$Holder.invokeInterface(java.lang.Object, java.lang.Object, java.lang.Object, java.lang.Object)'> (0x00000000eb1ca990) 
thrown [e:\jenkins\tmp\workspace\build\src\src\hotspot\share\interpreter\linkResolver.cpp, line 790]
Event: 4.313 Thread 0x00000291100fe580 Exception <a 'java/lang/NoSuchMethodError'{0x00000000eff8ce48}: static Lorg/gradle/internal/build/event/types/DefaultTaskStartedProgressEvent;.<clinit>()V> (0x00000000eff8ce48) 
thrown [e:\jenkins\tmp\workspace\build\src\src\hotspot\share\prims\jni.cpp, line 1210]
Event: 4.313 Thread 0x00000291100fe580 Exception <a 'java/lang/NoSuchMethodError'{0x00000000eff8e468}: static Lorg/gradle/internal/build/event/types/AbstractProgressEvent;.<clinit>()V> (0x00000000eff8e468) 
thrown [e:\jenkins\tmp\workspace\build\src\src\hotspot\share\prims\jni.cpp, line 1210]
Event: 4.314 Thread 0x00000291100fe580 Exception <a 'java/lang/NoSuchMethodError'{0x00000000eff97758}: static Lorg/gradle/internal/build/event/types/DefaultTaskDescriptor;.<clinit>()V> (0x00000000eff97758) 
thrown [e:\jenkins\tmp\workspace\build\src\src\hotspot\share\prims\jni.cpp, line 1210]
Event: 4.315 Thread 0x00000291100fe580 Exception <a 'java/lang/NoSuchMethodError'{0x00000000ea2036a8}: static Lorg/gradle/internal/operations/OperationIdentifier;.<clinit>()V> (0x00000000ea2036a8) 
thrown [e:\jenkins\tmp\workspace\build\src\src\hotspot\share\prims\jni.cpp, line 1210]
Event: 4.316 Thread 0x00000291100fe580 Exception <a 'java/lang/NoSuchMethodError'{0x00000000ea20b170}: static Lorg/gradle/internal/build/event/types/DefaultBinaryPluginIdentifier;.<clinit>()V> (0x00000000ea20b170) 
thrown [e:\jenkins\tmp\workspace\build\src\src\hotspot\share\prims\jni.cpp, line 1210]
Event: 4.466 Thread 0x00000291107dc490 Exception <a 'java/lang/IncompatibleClassChangeError'{0x00000000e8fcd230}: Found class java.lang.Object, but interface was expected> (0x00000000e8fcd230) 
thrown [e:\jenkins\tmp\workspace\build\src\src\hotspot\share\interpreter\linkResolver.cpp, line 857]
Event: 4.540 Thread 0x00000291107dc490 Exception <a 'java/lang/NoSuchMethodError'{0x00000000e8dc3558}: 'int java.lang.invoke.DirectMethodHandle$Holder.invokeStaticInit(java.lang.Object, java.lang.Object, java.lang.Object, java.lang.Object, java.lang.Object)'> (0x00000000e8dc3558) 
thrown [e:\jenkins\tmp\workspace\build\src\src\hotspot\share\interpreter\linkResolver.cpp, line 790]
Event: 4.564 Thread 0x00000291107dc490 Exception <a 'java/lang/NoSuchMethodError'{0x00000000e8ba4e60}: 'void java.lang.invoke.DirectMethodHandle$Holder.invokeVirtual(java.lang.Object, java.lang.Object)'> (0x00000000e8ba4e60) 
thrown [e:\jenkins\tmp\workspace\build\src\src\hotspot\share\interpreter\linkResolver.cpp, line 790]

Events (20 events):
Event: 4.357 loading class java/util/stream/ReferencePipeline$4
Event: 4.357 loading class java/util/stream/ReferencePipeline$4 done
Event: 4.357 loading class java/util/function/IntBinaryOperator
Event: 4.358 loading class java/util/function/IntBinaryOperator done
Event: 4.358 loading class java/util/stream/ReduceOps$6
Event: 4.358 loading class java/util/stream/ReduceOps$6 done
Event: 4.358 loading class java/util/stream/ReduceOps$5ReducingSink
Event: 4.358 loading class java/util/stream/ReduceOps$5ReducingSink done
Event: 4.358 loading class java/util/stream/ReferencePipeline$4$1
Event: 4.358 loading class java/util/stream/ReferencePipeline$4$1 done
Event: 4.365 loading class java/nio/file/FileTreeWalker$1
Event: 4.365 loading class java/nio/file/FileTreeWalker$1 done
Event: 4.388 Executing  VM operation: ICBufferFull
Event: 4.388 Executing  VM operation: ICBufferFull done
Event: 4.467 loading class java/util/stream/ReferencePipeline$15
Event: 4.467 loading class java/util/stream/ReferencePipeline$15 done
Event: 4.467 loading class java/util/stream/ReferencePipeline$15$1
Event: 4.467 loading class java/util/stream/ReferencePipeline$15$1 done
Event: 4.554 loading class java/util/stream/SortedOps$SizedRefSortingSink
Event: 4.554 loading class java/util/stream/SortedOps$SizedRefSortingSink done


Dynamic libraries:
0x00007ff770b50000 - 0x00007ff770b5e000 	C:\Program Files\AdoptOpenJDK\jdk-16.0.1.9-hotspot\bin\java.exe
0x00007ffddf710000 - 0x00007ffddf905000 	C:\WINDOWS\SYSTEM32\ntdll.dll
0x00007ffddea10000 - 0x00007ffddeacd000 	C:\WINDOWS\System32\KERNEL32.DLL
0x00007ffddd3c0000 - 0x00007ffddd689000 	C:\WINDOWS\System32\KERNELBASE.dll
0x00007ffddd160000 - 0x00007ffddd260000 	C:\WINDOWS\System32\ucrtbase.dll
0x00007ffdcef10000 - 0x00007ffdcef28000 	C:\Program Files\AdoptOpenJDK\jdk-16.0.1.9-hotspot\bin\jli.dll
0x00007ffdcd4b0000 - 0x00007ffdcd4c9000 	C:\Program Files\AdoptOpenJDK\jdk-16.0.1.9-hotspot\bin\VCRUNTIME140.dll
0x00007ffddedb0000 - 0x00007ffddef50000 	C:\WINDOWS\System32\USER32.dll
0x00007ffddd750000 - 0x00007ffddd772000 	C:\WINDOWS\System32\win32u.dll
0x00007ffdb8d80000 - 0x00007ffdb901a000 	C:\WINDOWS\WinSxS\amd64_microsoft.windows.common-controls_6595b64144ccf1df_6.0.19041.1083_none_60bbe31371f34e71\COMCTL32.dll
0x00007ffdde500000 - 0x00007ffdde52a000 	C:\WINDOWS\System32\GDI32.dll
0x00007ffdde970000 - 0x00007ffddea0e000 	C:\WINDOWS\System32\msvcrt.dll
0x00007ffddce50000 - 0x00007ffddcf5b000 	C:\WINDOWS\System32\gdi32full.dll
0x00007ffddcfc0000 - 0x00007ffddd05d000 	C:\WINDOWS\System32\msvcp_win.dll
0x00007ffddf6a0000 - 0x00007ffddf6d0000 	C:\WINDOWS\System32\IMM32.DLL
0x00007ffdd6d40000 - 0x00007ffdd6d4c000 	C:\Program Files\AdoptOpenJDK\jdk-16.0.1.9-hotspot\bin\vcruntime140_1.dll
0x00007ffdc7050000 - 0x00007ffdc70e1000 	C:\Program Files\AdoptOpenJDK\jdk-16.0.1.9-hotspot\bin\msvcp140.dll
0x00007ffd776b0000 - 0x00007ffd782e8000 	C:\Program Files\AdoptOpenJDK\jdk-16.0.1.9-hotspot\bin\server\jvm.dll
0x00007ffddead0000 - 0x00007ffddeb7c000 	C:\WINDOWS\System32\ADVAPI32.dll
0x00007ffdde400000 - 0x00007ffdde49b000 	C:\WINDOWS\System32\sechost.dll
0x00007ffddef50000 - 0x00007ffddf07a000 	C:\WINDOWS\System32\RPCRT4.dll
0x00007ffdddf20000 - 0x00007ffdddf28000 	C:\WINDOWS\System32\PSAPI.DLL
0x00007ffdc0d40000 - 0x00007ffdc0d67000 	C:\WINDOWS\SYSTEM32\WINMM.dll
0x00007ffdc5cc0000 - 0x00007ffdc5cc9000 	C:\WINDOWS\SYSTEM32\WSOCK32.dll
0x00007ffdd45d0000 - 0x00007ffdd45da000 	C:\WINDOWS\SYSTEM32\VERSION.dll
0x00007ffddf090000 - 0x00007ffddf0fb000 	C:\WINDOWS\System32\WS2_32.dll
0x00007ffddad90000 - 0x00007ffddada2000 	C:\WINDOWS\SYSTEM32\kernel.appcore.dll
0x00007ffdd6a40000 - 0x00007ffdd6a4a000 	C:\Program Files\AdoptOpenJDK\jdk-16.0.1.9-hotspot\bin\jimage.dll
0x00007ffdd7c40000 - 0x00007ffdd7e24000 	C:\WINDOWS\SYSTEM32\DBGHELP.DLL
0x00007ffdd7a40000 - 0x00007ffdd7a6c000 	C:\WINDOWS\SYSTEM32\dbgcore.DLL
0x00007ffddd690000 - 0x00007ffddd713000 	C:\WINDOWS\System32\bcryptPrimitives.dll
0x00007ffdc7020000 - 0x00007ffdc7045000 	C:\Program Files\AdoptOpenJDK\jdk-16.0.1.9-hotspot\bin\java.dll
0x00007ffddd780000 - 0x00007ffdddebf000 	C:\WINDOWS\System32\SHELL32.dll
0x00007ffddaf90000 - 0x00007ffddb721000 	C:\WINDOWS\SYSTEM32\windows.storage.dll
0x00007ffddf340000 - 0x00007ffddf695000 	C:\WINDOWS\System32\combase.dll
0x00007ffddc8c0000 - 0x00007ffddc8ec000 	C:\WINDOWS\SYSTEM32\Wldp.dll
0x00007ffddf1b0000 - 0x00007ffddf25e000 	C:\WINDOWS\System32\SHCORE.dll
0x00007ffddeb80000 - 0x00007ffddebd5000 	C:\WINDOWS\System32\shlwapi.dll
0x00007ffddcd90000 - 0x00007ffddcdaf000 	C:\WINDOWS\SYSTEM32\profapi.dll
0x00007ffdc7000000 - 0x00007ffdc7019000 	C:\Program Files\AdoptOpenJDK\jdk-16.0.1.9-hotspot\bin\net.dll
0x00007ffdd6030000 - 0x00007ffdd613a000 	C:\WINDOWS\SYSTEM32\WINHTTP.dll
0x00007ffddc620000 - 0x00007ffddc68a000 	C:\WINDOWS\system32\mswsock.dll
0x00007ffdc6ee0000 - 0x00007ffdc6ef3000 	C:\Program Files\AdoptOpenJDK\jdk-16.0.1.9-hotspot\bin\nio.dll
0x00007ffdc6ec0000 - 0x00007ffdc6ed8000 	C:\Program Files\AdoptOpenJDK\jdk-16.0.1.9-hotspot\bin\zip.dll
0x00007ffdd21b0000 - 0x00007ffdd21c0000 	C:\Program Files\AdoptOpenJDK\jdk-16.0.1.9-hotspot\bin\verify.dll
0x00007ffdcdc60000 - 0x00007ffdcdc87000 	C:\Users\80010-02-05\.gradle\native\49d0259a56938c7f99b2704e745ce422c4f750a7a20b539a32ccef96729676b1\windows-amd64\native-platform.dll
0x00007ffd8ce10000 - 0x00007ffd8cfa6000 	C:\Users\80010-02-05\.gradle\native\12488b8bf47d2d4c9fbf2f6322a914ad602e24e48041cd04a747c6da556b65c4\windows-amd64\native-platform-file-events.dll
0x00007ffdd1a10000 - 0x00007ffdd1a19000 	C:\Program Files\AdoptOpenJDK\jdk-16.0.1.9-hotspot\bin\management.dll
0x00007ffdceed0000 - 0x00007ffdceedb000 	C:\Program Files\AdoptOpenJDK\jdk-16.0.1.9-hotspot\bin\management_ext.dll
0x00007ffddc800000 - 0x00007ffddc818000 	C:\WINDOWS\SYSTEM32\CRYPTSP.dll
0x00007ffddbef0000 - 0x00007ffddbf24000 	C:\WINDOWS\system32\rsaenh.dll
0x00007ffddd720000 - 0x00007ffddd747000 	C:\WINDOWS\System32\bcrypt.dll
0x00007ffddcd50000 - 0x00007ffddcd7e000 	C:\WINDOWS\SYSTEM32\USERENV.dll
0x00007ffddc820000 - 0x00007ffddc82c000 	C:\WINDOWS\SYSTEM32\CRYPTBASE.dll
0x00007ffddc2c0000 - 0x00007ffddc2fb000 	C:\WINDOWS\SYSTEM32\IPHLPAPI.DLL
0x00007ffddf080000 - 0x00007ffddf088000 	C:\WINDOWS\System32\NSI.dll
0x00007ffdd8810000 - 0x00007ffdd8827000 	C:\WINDOWS\SYSTEM32\dhcpcsvc6.DLL
0x00007ffdd8610000 - 0x00007ffdd862d000 	C:\WINDOWS\SYSTEM32\dhcpcsvc.DLL
0x00007ffddc300000 - 0x00007ffddc3cc000 	C:\WINDOWS\SYSTEM32\DNSAPI.dll
0x00007ffdc9840000 - 0x00007ffdc984e000 	C:\Program Files\AdoptOpenJDK\jdk-16.0.1.9-hotspot\bin\sunmscapi.dll
0x00007ffddd260000 - 0x00007ffddd3bf000 	C:\WINDOWS\System32\CRYPT32.dll
0x00007ffddc930000 - 0x00007ffddc957000 	C:\WINDOWS\SYSTEM32\ncrypt.dll
0x00007ffddc8f0000 - 0x00007ffddc92b000 	C:\WINDOWS\SYSTEM32\NTASN1.dll
0x00007ffdc6f40000 - 0x00007ffdc6f47000 	C:\WINDOWS\system32\wshunix.dll

dbghelp: loaded successfully - version: 4.0.5 - missing functions: none
symbol engine: initialized successfully - sym options: 0x614 - pdb path: .;C:\Program Files\AdoptOpenJDK\jdk-16.0.1.9-hotspot\bin;C:\WINDOWS\SYSTEM32;C:\WINDOWS\WinSxS\amd64_microsoft.windows.common-controls_6595b64144ccf1df_6.0.19041.1083_none_60bbe31371f34e71;C:\Program Files\AdoptOpenJDK\jdk-16.0.1.9-hotspot\bin\server;C:\Users\80010-02-05\.gradle\native\49d0259a56938c7f99b2704e745ce422c4f750a7a20b539a32ccef96729676b1\windows-amd64;C:\Users\80010-02-05\.gradle\native\12488b8bf47d2d4c9fbf2f6322a914ad602e24e48041cd04a747c6da556b65c4\windows-amd64

VM Arguments:
jvm_args: --add-opens=java.base/java.util=ALL-UNNAMED --add-opens=java.base/java.lang=ALL-UNNAMED --add-opens=java.base/java.lang.invoke=ALL-UNNAMED --add-opens=java.base/java.util=ALL-UNNAMED --add-opens=java.prefs/java.util.prefs=ALL-UNNAMED --add-opens=java.prefs/java.util.prefs=ALL-UNNAMED --add-opens=java.base/java.nio.charset=ALL-UNNAMED --add-opens=java.base/java.net=ALL-UNNAMED --add-opens=java.base/java.util.concurrent.atomic=ALL-UNNAMED -XX:MaxMetaspaceSize=256m -XX:+HeapDumpOnOutOfMemoryError -Xms256m -Xmx512m -Dfile.encoding=windows-1252 -Duser.country=FR -Duser.language=fr -Duser.variant 
java_command: org.gradle.launcher.daemon.bootstrap.GradleDaemon 7.0
java_class_path (initial): C:\Users\80010-02-05\.gradle\wrapper\dists\gradle-7.0-bin\2p9ebqfz6ilrfozi676ogco7n\gradle-7.0\lib\gradle-launcher-7.0.jar
Launcher Type: SUN_STANDARD

[Global flags]
     intx CICompilerCount                          = 3                                         {product} {ergonomic}
   size_t CompressedClassSpaceSize                 = 218103808                                 {product} {ergonomic}
     uint ConcGCThreads                            = 2                                         {product} {ergonomic}
     uint G1ConcRefinementThreads                  = 6                                         {product} {ergonomic}
   size_t G1HeapRegionSize                         = 1048576                                   {product} {ergonomic}
    uintx GCDrainStackTargetSize                   = 64                                        {product} {ergonomic}
     bool HeapDumpOnOutOfMemoryError               = true                                   {manageable} {command line}
   size_t InitialHeapSize                          = 268435456                                 {product} {command line}
   size_t MarkStackSize                            = 4194304                                   {product} {ergonomic}
   size_t MaxHeapSize                              = 536870912                                 {product} {command line}
   size_t MaxMetaspaceSize                         = 268435456                                 {product} {command line}
   size_t MaxNewSize                               = 321912832                                 {product} {ergonomic}
   size_t MinHeapDeltaBytes                        = 1048576                                   {product} {ergonomic}
   size_t MinHeapSize                              = 268435456                                 {product} {command line}
    uintx NonNMethodCodeHeapSize                   = 5832780                                {pd product} {ergonomic}
    uintx NonProfiledCodeHeapSize                  = 122912730                              {pd product} {ergonomic}
    uintx ProfiledCodeHeapSize                     = 122912730                              {pd product} {ergonomic}
    uintx ReservedCodeCacheSize                    = 251658240                              {pd product} {ergonomic}
     bool SegmentedCodeCache                       = true                                      {product} {ergonomic}
   size_t SoftMaxHeapSize                          = 536870912                              {manageable} {ergonomic}
     bool UseCompressedClassPointers               = true                           {product lp64_product} {ergonomic}
     bool UseCompressedOops                        = true                           {product lp64_product} {ergonomic}
     bool UseG1GC                                  = true                                      {product} {ergonomic}
     bool UseLargePagesIndividualAllocation        = false                                  {pd product} {ergonomic}

Logging:
Log output configuration:
 #0: stdout all=warning uptime,level,tags
 #1: stderr all=off uptime,level,tags

Environment Variables:
JAVA_HOME=C:\Program Files\AdoptOpenJDK\jdk-16.0.1.9-hotspot\
PATH=C:\Program Files\AdoptOpenJDK\jdk-16.0.1.9-hotspot\bin;C:\Program Files\AdoptOpenJDK\jdk-11.0.5.10-hotspot\bin;C:\WINDOWS\system32;C:\WINDOWS;C:\WINDOWS\System32\Wbem;C:\WINDOWS\System32\WindowsPowerShell\v1.0\;C:\WINDOWS\System32\OpenSSH\;C:\Program Files\Git\cmd;C:\Program Files\Symfony;C:\ProgramData\ComposerSetup\bin;C:\php;C:\Users\80010-02-05\AppData\Local\Microsoft\WindowsApps;C:\Users\80010-02-05\AppData\Local\Programs\Microsoft VS Code\bin;C:\php;C:\Users\80010-02-05\AppData\Roaming\Composer\vendor\bin
USERNAME=80010-02-05
OS=Windows_NT
PROCESSOR_IDENTIFIER=Intel64 Family 6 Model 158 Stepping 10, GenuineIntel



---------------  S Y S T E M  ---------------

OS:
 Windows 10 , 64 bit Build 19041 (10.0.19041.1023)
OS uptime: 9 days 0:40 hours

CPU: total 6 (initial active 6) (6 cores per cpu, 1 threads per core) family 6 model 158 stepping 10 microcode 0xb4, cx8, cmov, fxsr, mmx, 3dnowpref, sse, sse2, sse3, ssse3, sse4.1, sse4.2, popcnt, lzcnt, tsc, tscinvbit, avx, avx2, aes, erms, clmul, bmi1, bmi2, adx, fma, vzeroupper, clflush, clflushopt

Memory: 4k page, system-wide physical 16219M (8570M free)
TotalPageFile size 18651M (AvailPageFile size 8030M)
current process WorkingSet (physical memory assigned to process): 321M, peak: 329M
current process commit charge ("private bytes"): 480M, peak: 487M

vm_info: OpenJDK 64-Bit Server VM (16.0.1+9) for windows-amd64 JRE (16.0.1+9), built on Apr 21 2021 12:30:27 by "" with MS VC++ 16.7 (VS2019)

END.
