#
# A fatal error has been detected by the Java Runtime Environment:
#
#  EXCEPTION_ACCESS_VIOLATION (0xc0000005) at pc=0x00007ffdc5b4362e, pid=2384, tid=888
#
# JRE version: OpenJDK Runtime Environment AdoptOpenJDK-16.0.1+9 (16.0.1+9) (build 16.0.1+9)
# Java VM: OpenJDK 64-Bit Server VM AdoptOpenJDK-16.0.1+9 (16.0.1+9, mixed mode, sharing, tiered, compressed oops, compressed class ptrs, g1 gc, windows-amd64)
# Problematic frame:
# C  [native-platform-file-events.dll+0x2362e]
#
# No core dump will be written. Minidumps are not enabled by default on client versions of Windows
#
# If you would like to submit a bug report, please visit:
#   https://github.com/AdoptOpenJDK/openjdk-support/issues
# The crash happened outside the Java Virtual Machine in native code.
# See problematic frame for where to report the bug.
#

---------------  S U M M A R Y ------------

Command Line: --add-opens=java.base/java.util=ALL-UNNAMED --add-opens=java.base/java.lang=ALL-UNNAMED --add-opens=java.base/java.lang.invoke=ALL-UNNAMED --add-opens=java.base/java.util=ALL-UNNAMED --add-opens=java.prefs/java.util.prefs=ALL-UNNAMED --add-opens=java.prefs/java.util.prefs=ALL-UNNAMED --add-opens=java.base/java.nio.charset=ALL-UNNAMED --add-opens=java.base/java.net=ALL-UNNAMED --add-opens=java.base/java.util.concurrent.atomic=ALL-UNNAMED -XX:MaxMetaspaceSize=256m -XX:+HeapDumpOnOutOfMemoryError -Xms256m -Xmx512m -Dfile.encoding=windows-1252 -Duser.country=FR -Duser.language=fr -Duser.variant org.gradle.launcher.daemon.bootstrap.GradleDaemon 7.0

Host: Intel(R) Core(TM) i5-8400 CPU @ 2.80GHz, 6 cores, 15G,  Windows 10 , 64 bit Build 19041 (10.0.19041.1023)
Time: Tue Jul 20 14:14:49 2021 Paris, Madrid (heure duild 19041 (10.0.19041.1023) elapsed time: 9394.133657 seconds (0d 2h 36m 34s)

---------------  T H R E A D  ---------------

Current thread (0x000001b1f8296050):  JavaThread "File watcher server" daemon [_thread_in_native, id=888, stack(0x0000007157900000,0x0000007157a00000)]

Stack: [0x0000007157900000,0x0000007157a00000],  sp=0x00000071579fe7c0,  free space=1017k
Native frames: (J=compiled Java code, j=interpreted, Vv=VM code, C=native code)
C  [native-platform-file-events.dll+0x2362e]

Java frames: (J=compiled Java code, j=interpreted, Vv=VM code)
j  net.rubygrapefruit.platform.internal.jni.AbstractFileEventFunctions$NativeFileWatcher.executeRunLoop0(Ljava/lang/Object;)V+0
j  net.rubygrapefruit.platform.internal.jni.AbstractFileEventFunctions$NativeFileWatcher.access$100(Lnet/rubygrapefruit/platform/internal/jni/AbstractFileEventFunctions$NativeFileWatcher;Ljava/lang/Object;)V+2
j  net.rubygrapefruit.platform.internal.jni.AbstractFileEventFunctions$NativeFileWatcher$1.run()V+26
v  ~StubRoutines::call_stub

siginfo: EXCEPTION_ACCESS_VIOLATION (0xc0000005), reading address 0xffffffffffffffff


Register to memory mapping:

RIP=0x00007ffdc5b4362e native-platform-file-events.dll
RAX=0x005c007300720065 is an unknown value
RBX=0x0000000000000001 is an unknown value
RCX=0x005c007300720065 is an unknown value
RDX=0x00000071579fe818 is pointing into the stack for thread: 0x000001b1f8296050
RSP=0x00000071579fe7c0 is pointing into the stack for thread: 0x000001b1f8296050
RBP=0x00000071579ff1b8 is pointing into the stack for thread: 0x000001b1f8296050
RSI=0x0 is NULL
RDI=0x00000000ffffffff is an unallocated location in the heap
R8 =0x00000071579fe820 is pointing into the stack for thread: 0x000001b1f8296050
R9 =0x000000007ffe6000 points into unknown readable memory: 0x00000000546c6148 | 48 61 6c 54 00 00 00 00
R10=0x00000000546c6148 is an unknown value
R11=0x0000053a0e571ac8 is an unknown value
R12=0x0 is NULL
R13={method} {0x000001b1fab45760} 'executeRunLoop0' '(Ljava/lang/Object;)V' in 'net/rubygrapefruit/platform/internal/jni/AbstractFileEventFunctions$NativeFileWatcher'
R14=0x00000071579ff1e0 is pointing into the stack for thread: 0x000001b1f8296050
R15=0x000001b1f8296050 is a thread


Registers:
RAX=0x005c007300720065, RBX=0x0000000000000001, RCX=0x005c007300720065, RDX=0x00000071579fe818
RSP=0x00000071579fe7c0, RBP=0x00000071579ff1b8, RSI=0x0000000000000000, RDI=0x00000000ffffffff
R8 =0x00000071579fe820, R9 =0x000000007ffe6000, R10=0x00000000546c6148, R11=0x0000053a0e571ac8
R12=0x0000000000000000, R13=0x000001b1fab45758, R14=0x00000071579ff1e0, R15=0x000001b1f8296050
RIP=0x00007ffdc5b4362e, EFLAGS=0x0000000000010202

Top of Stack: (sp=0x00000071579fe7c0)
0x00000071579fe7c0:   0002850aa6f0f630 0002850aa6c64b88
0x00000071579fe7d0:   0002850aa6f0f630 00007ffdc5b5e965
0x00000071579fe7e0:   00000071579fe898 00000071579fe818
0x00000071579fe7f0:   0000007100000000 00000071579fe828
0x00000071579fe800:   00000071579f0001 000006734e782b6c
0x00000071579fe810:   00000071579fe820 0000000000000002
0x00000071579fe820:   0002850aa6c64b88 0002850aa6f0f630
0x00000071579fe830:   00000000eab000d8 00007ffdc5b5e4f7
0x00000071579fe840:   00000071579fe898 00000071579fe890
0x00000071579fe850:   000001b1f62b9df0 00007ffdc5b4d473
0x00000071579fe860:   0000007100000000 0000007158efb890
0x00000071579fe870:   0002850aa6f0f630 0000000000000002
0x00000071579fe880:   0000007100000000 00000071579fe8f0
0x00000071579fe890:   0000c87829b3ec07 0000000000000002
0x00000071579fe8a0:   000001b1f9159a80 00007ffdc5b4385c
0x00000071579fe8b0:   005c007300720065 000001b100000003 

Instructions: (pc=0x00007ffdc5b4362e)
0x00007ffdc5b4352e:   8b 00 48 89 44 24 38 48 8b 44 24 38 48 89 44 24
0x00007ffdc5b4353e:   58 48 8b 84 24 b0 00 00 00 48 83 c0 08 48 89 44
0x00007ffdc5b4354e:   24 40 48 8d 54 24 70 48 8b 4c 24 40 e8 84 1a fe
0x00007ffdc5b4355e:   ff 48 8b 00 48 89 44 24 48 48 8b 44 24 48 48 89
0x00007ffdc5b4356e:   44 24 60 4c 8b 4c 24 50 4c 8b 44 24 58 48 8b 54
0x00007ffdc5b4357e:   24 60 48 8d 4c 24 78 e8 b2 48 fe ff 48 8d 4c 24
0x00007ffdc5b4358e:   78 e8 a8 20 fe ff 48 8b c8 ff 15 6b ba 16 00 89
0x00007ffdc5b4359e:   44 24 24 83 7c 24 24 ff 74 15 8b 44 24 24 83 e0
0x00007ffdc5b435ae:   10 85 c0 74 0a c7 44 24 28 01 00 00 00 eb 08 c7
0x00007ffdc5b435be:   44 24 28 00 00 00 00 0f b6 44 24 28 88 44 24 20
0x00007ffdc5b435ce:   48 8d 4c 24 78 e8 04 49 fe ff 0f b6 44 24 20 48
0x00007ffdc5b435de:   8b 8c 24 98 00 00 00 48 33 cc e8 35 fe fd ff 48
0x00007ffdc5b435ee:   81 c4 a8 00 00 00 c3 cc cc cc cc cc cc cc cc cc
0x00007ffdc5b435fe:   cc cc 48 89 4c 24 08 48 81 ec e8 00 00 00 48 8b
0x00007ffdc5b4360e:   05 a5 1a 15 00 48 33 c4 48 89 84 24 d0 00 00 00
0x00007ffdc5b4361e:   c7 44 24 30 00 00 00 00 48 8b 84 24 f0 00 00 00
0x00007ffdc5b4362e:   83 78 68 03 0f 84 02 01 00 00 48 8b 84 24 f0 00
0x00007ffdc5b4363e:   00 00 48 8b 48 28 ff 15 c6 b9 16 00 89 44 24 38
0x00007ffdc5b4364e:   83 7c 24 38 00 0f 85 d0 00 00 00 ba 07 00 00 00
0x00007ffdc5b4365e:   48 8b 0d e3 69 15 00 e8 cd d9 fd ff 88 44 24 34
0x00007ffdc5b4366e:   0f b6 44 24 34 85 c0 0f 84 90 00 00 00 ff 15 97
0x00007ffdc5b4367e:   b9 16 00 89 44 24 3c 48 8b 84 24 f0 00 00 00 48
0x00007ffdc5b4368e:   83 c0 08 48 8b d0 48 8d 8c 24 90 00 00 00 e8 cd
0x00007ffdc5b4369e:   5b fe ff 48 89 44 24 40 48 8b 44 24 40 48 89 44
0x00007ffdc5b436ae:   24 48 8b 44 24 30 83 c8 01 89 44 24 30 48 8b 4c
0x00007ffdc5b436be:   24 48 e8 4e 4d fe ff 48 89 44 24 50 48 8b 84 24
0x00007ffdc5b436ce:   f0 00 00 00 48 8b 40 28 48 89 44 24 58 8b 44 24
0x00007ffdc5b436de:   3c 89 44 24 28 48 8b 44 24 50 48 89 44 24 20 4c
0x00007ffdc5b436ee:   8b 4c 24 58 4c 8d 05 67 4f 11 00 ba 07 00 00 00
0x00007ffdc5b436fe:   48 8b 0d 43 69 15 00 e8 71 67 fe ff 90 8b 44 24
0x00007ffdc5b4370e:   30 83 e0 01 85 c0 74 13 83 64 24 30 fe 48 8d 8c
0x00007ffdc5b4371e:   24 90 00 00 00 e8 eb 1a fe ff 90 eb 00 48 8b 84 


Stack slot to memory mapping:
stack at sp + 0 slots: 0x0002850aa6f0f630 is an unknown value
stack at sp + 1 slots: 0x0002850aa6c64b88 is an unknown value
stack at sp + 2 slots: 0x0002850aa6f0f630 is an unknown value
stack at sp + 3 slots: 0x00007ffdc5b5e965 native-platform-file-events.dll
stack at sp + 4 slots: 0x00000071579fe898 is pointing into the stack for thread: 0x000001b1f8296050
stack at sp + 5 slots: 0x00000071579fe818 is pointing into the stack for thread: 0x000001b1f8296050
stack at sp + 6 slots: 0x0000007100000000 is an unknown value
stack at sp + 7 slots: 0x00000071579fe828 is pointing into the stack for thread: 0x000001b1f8296050


---------------  P R O C E S S  ---------------

Threads class SMR info:
_java_thread_list=0x000001b1f8f4b180, length=56, elements={
0x000001b1d9d59ba0, 0x000001b1f5300900, 0x000001b1f5301410, 0x000001b1f5314a50,
0x000001b1f5317370, 0x000001b1f5317c80, 0x000001b1f53195a0, 0x000001b1f531a290,
0x000001b1f531ac90, 0x000001b1f531b5e0, 0x000001b1f5dfbd50, 0x000001b1f5dfe280,
0x000001b1f7457730, 0x000001b1f7d4b020, 0x000001b1f7b52870, 0x000001b1f6e86050,
0x000001b1f6e865a0, 0x000001b1f6e87040, 0x000001b1f8296050, 0x000001b1f829b000,
0x000001b1f8298ad0, 0x000001b1f829b550, 0x000001b1f8299ac0, 0x000001b1f8296af0,
0x000001b1f8297ae0, 0x000001b1f829ca90, 0x000001b1f82965a0, 0x000001b1f8297590,
0x000001b1fb51fc10, 0x000001b1fb51e180, 0x000001b1f6e84b10, 0x000001b1f6e85060,
0x000001b1f6e855b0, 0x000001b1f6e85b00, 0x000001b1fb51a710, 0x000001b1fb518730,
0x000001b1fb51f6c0, 0x000001b1fb519720, 0x000001b1fb51e6d0, 0x000001b1fb51ec20,
0x000001b1fb51dc30, 0x000001b1fb5191d0, 0x000001b1fb519c70, 0x000001b1fb51bc50,
0x000001b1fb51a1c0, 0x000001b1fb51b1b0, 0x000001b1fb51f170, 0x000001b1fb51b700,
0x000001b1fb51c1a0, 0x000001b1fb51c6f0, 0x000001b1f8299020, 0x000001b1f8295b00,
0x000001b1f82955b0, 0x000001b1f8299570, 0x000001b1f829a560, 0x000001b1f829aab0
}

Java Threads: ( => current thread )
  0x000001b1d9d59ba0 JavaThread "main" [_thread_blocked, id=3748, stack(0x0000007155100000,0x0000007155200000)]
  0x000001b1f5300900 JavaThread "Reference Handler" daemon [_thread_blocked, id=14000, stack(0x0000007155800000,0x0000007155900000)]
  0x000001b1f5301410 JavaThread "Finalizer" daemon [_thread_blocked, id=13624, stack(0x0000007155900000,0x0000007155a00000)]
  0x000001b1f5314a50 JavaThread "Signal Dispatcher" daemon [_thread_blocked, id=4204, stack(0x0000007155a00000,0x0000007155b00000)]
  0x000001b1f5317370 JavaThread "Attach Listener" daemon [_thread_blocked, id=11328, stack(0x0000007155b00000,0x0000007155c00000)]
  0x000001b1f5317c80 JavaThread "Service Thread" daemon [_thread_blocked, id=13536, stack(0x0000007155c00000,0x0000007155d00000)]
  0x000001b1f53195a0 JavaThread "Monitor Deflation Thread" daemon [_thread_blocked, id=10500, stack(0x0000007155d00000,0x0000007155e00000)]
  0x000001b1f531a290 JavaThread "C2 CompilerThread0" daemon [_thread_blocked, id=5128, stack(0x0000007155e00000,0x0000007155f00000)]
  0x000001b1f531ac90 JavaThread "C1 CompilerThread0" daemon [_thread_blocked, id=14168, stack(0x0000007155f00000,0x0000007156000000)]
  0x000001b1f531b5e0 JavaThread "Sweeper thread" daemon [_thread_blocked, id=2652, stack(0x0000007156000000,0x0000007156100000)]
  0x000001b1f5dfbd50 JavaThread "Common-Cleaner" daemon [_thread_blocked, id=10680, stack(0x0000007156100000,0x0000007156200000)]
  0x000001b1f5dfe280 JavaThread "Notification Thread" daemon [_thread_blocked, id=12512, stack(0x0000007156200000,0x0000007156300000)]
  0x000001b1f7457730 JavaThread "Daemon health stats" [_thread_blocked, id=1032, stack(0x0000007156b00000,0x0000007156c00000)]
  0x000001b1f7d4b020 JavaThread "Incoming local TCP Connector on port 56897" [_thread_in_native, id=8380, stack(0x0000007156c00000,0x0000007156d00000)]
  0x000001b1f7b52870 JavaThread "Daemon periodic checks" [_thread_blocked, id=4536, stack(0x0000007156d00000,0x0000007156e00000)]
  0x000001b1f6e86050 JavaThread "Cache worker for file hash cache (C:\Users\80010-02-05\.gradle\caches\7.0\fileHashes)" [_thread_blocked, id=6088, stack(0x0000007157500000,0x0000007157600000)]
  0x000001b1f6e865a0 JavaThread "File lock request listener" [_thread_in_native, id=8548, stack(0x0000007157600000,0x0000007157700000)]
  0x000001b1f6e87040 JavaThread "Cache worker for journal cache (C:\Users\80010-02-05\.gradle\caches\journal-1)" [_thread_blocked, id=12052, stack(0x0000007157700000,0x0000007157800000)]
=>0x000001b1f8296050 JavaThread "File watcher server" daemon [_thread_in_native, id=888, stack(0x0000007157900000,0x0000007157a00000)]
  0x000001b1f829b000 JavaThread "File watcher consumer" daemon [_thread_blocked, id=9912, stack(0x0000007157a00000,0x0000007157b00000)]
  0x000001b1f8298ad0 JavaThread "Cache worker for execution history cache (C:\Users\80010-02-05\.gradle\caches\7.0\executionHistory)" [_thread_blocked, id=10880, stack(0x0000007157e00000,0x0000007157f00000)]
  0x000001b1f829b550 JavaThread "jar transforms" [_thread_blocked, id=13512, stack(0x0000007158000000,0x0000007158100000)]
  0x000001b1f8299ac0 JavaThread "jar transforms Thread 2" [_thread_blocked, id=14052, stack(0x0000007158100000,0x0000007158200000)]
  0x000001b1f8296af0 JavaThread "Cache worker for file content cache (C:\Users\80010-02-05\.gradle\caches\7.0\fileContent)" [_thread_blocked, id=5116, stack(0x0000007158200000,0x0000007158300000)]
  0x000001b1f8297ae0 JavaThread "jar transforms Thread 3" [_thread_blocked, id=10260, stack(0x0000007158400000,0x0000007158500000)]
  0x000001b1f829ca90 JavaThread "jar transforms Thread 4" [_thread_blocked, id=11044, stack(0x0000007158500000,0x0000007158600000)]
  0x000001b1f82965a0 JavaThread "jar transforms Thread 5" [_thread_blocked, id=5448, stack(0x0000007158600000,0x0000007158700000)]
  0x000001b1f8297590 JavaThread "jar transforms Thread 6" [_thread_blocked, id=13276, stack(0x0000007158700000,0x0000007158800000)]
  0x000001b1fb51fc10 JavaThread "Memory manager" [_thread_blocked, id=4260, stack(0x0000007159000000,0x0000007159100000)]
  0x000001b1fb51e180 JavaThread "Cache worker for Java compile cache (C:\Users\80010-02-05\.gradle\caches\7.0\javaCompile)" [_thread_blocked, id=7384, stack(0x0000007159800000,0x0000007159900000)]
  0x000001b1f6e84b10 JavaThread "Daemon Thread 3" [_thread_blocked, id=12564, stack(0x0000007154e00000,0x0000007154f00000)]
  0x000001b1f6e85060 JavaThread "Handler for socket connection from /127.0.0.1:56897 to /127.0.0.1:63400" [_thread_in_native, id=8864, stack(0x0000007154f00000,0x0000007155000000)]
  0x000001b1f6e855b0 JavaThread "Cancel handler" [_thread_blocked, id=7032, stack(0x0000007156400000,0x0000007156500000)]
  0x000001b1f6e85b00 JavaThread "Daemon worker Thread 3" [_thread_blocked, id=13620, stack(0x0000007156e00000,0x0000007156f00000)]
  0x000001b1fb51a710 JavaThread "Asynchronous log dispatcher for DefaultDaemonConnection: socket connection from /127.0.0.1:56897 to /127.0.0.1:63400" [_thread_blocked, id=9612, stack(0x0000007156f00000,0x0000007157000000)]
  0x000001b1fb518730 JavaThread "Stdin handler" [_thread_blocked, id=2208, stack(0x0000007157000000,0x0000007157100000)]
  0x000001b1fb51f6c0 JavaThread "Daemon client event forwarder" [_thread_blocked, id=3900, stack(0x0000007157100000,0x0000007157200000)]
  0x000001b1fb519720 JavaThread "Cache worker for file hash cache (U:\80010-02-05\CDA\calculatrice\.gradle\7.0\fileHashes)" [_thread_blocked, id=6700, stack(0x0000007157200000,0x0000007157300000)]
  0x000001b1fb51e6d0 JavaThread "Cache worker for checksums cache (U:\80010-02-05\CDA\calculatrice\.gradle\checksums)" [_thread_blocked, id=2328, stack(0x0000007157300000,0x0000007157400000)]
  0x000001b1fb51ec20 JavaThread "Cache worker for cache directory md-supplier (C:\Users\80010-02-05\.gradle\caches\7.0\md-supplier)" [_thread_blocked, id=12172, stack(0x0000007157400000,0x0000007157500000)]
  0x000001b1fb51dc30 JavaThread "Cache worker for cache directory md-rule (C:\Users\80010-02-05\.gradle\caches\7.0\md-rule)" [_thread_blocked, id=9108, stack(0x0000007157800000,0x0000007157900000)]
  0x000001b1fb5191d0 JavaThread "Cache worker for dependencies-accessors (U:\80010-02-05\CDA\calculatrice\.gradle\7.0\dependencies-accessors)" [_thread_blocked, id=9972, stack(0x0000007157b00000,0x0000007157c00000)]
  0x000001b1fb519c70 JavaThread "Cache worker for Build Output Cleanup Cache (U:\80010-02-05\CDA\calculatrice\.gradle\buildOutputCleanup)" [_thread_blocked, id=14120, stack(0x0000007157c00000,0x0000007157d00000)]
  0x000001b1fb51bc50 JavaThread "Build operations" [_thread_blocked, id=12184, stack(0x0000007157d00000,0x0000007157e00000)]
  0x000001b1fb51a1c0 JavaThread "Build operations Thread 2" [_thread_blocked, id=6496, stack(0x0000007158800000,0x0000007158900000)]
  0x000001b1fb51b1b0 JavaThread "Build operations Thread 3" [_thread_blocked, id=11508, stack(0x0000007158900000,0x0000007158a00000)]
  0x000001b1fb51f170 JavaThread "Build operations Thread 4" [_thread_blocked, id=1548, stack(0x0000007158a00000,0x0000007158b00000)]
  0x000001b1fb51b700 JavaThread "Build operations Thread 5" [_thread_blocked, id=5252, stack(0x0000007158b00000,0x0000007158c00000)]
  0x000001b1fb51c1a0 JavaThread "Build operations Thread 6" [_thread_blocked, id=3300, stack(0x0000007158c00000,0x0000007158d00000)]
  0x000001b1fb51c6f0 JavaThread "Execution worker for ':'" [_thread_in_native, id=6892, stack(0x0000007158e00000,0x0000007158f00000)]
  0x000001b1f8299020 JavaThread "Execution worker for ':' Thread 2" [_thread_blocked, id=5472, stack(0x0000007158f00000,0x0000007159000000)]
  0x000001b1f8295b00 JavaThread "Execution worker for ':' Thread 3" [_thread_blocked, id=12248, stack(0x0000007159100000,0x0000007159200000)]
  0x000001b1f82955b0 JavaThread "Execution worker for ':' Thread 4" [_thread_blocked, id=10372, stack(0x0000007159200000,0x0000007159300000)]
  0x000001b1f8299570 JavaThread "Execution worker for ':' Thread 5" [_thread_blocked, id=9268, stack(0x0000007159300000,0x0000007159400000)]
  0x000001b1f829a560 JavaThread "Cache worker for execution history cache (U:\80010-02-05\CDA\calculatrice\.gradle\7.0\executionHistory)" [_thread_blocked, id=8596, stack(0x0000007159400000,0x0000007159500000)]
  0x000001b1f829aab0 JavaThread "Cache worker for Java compile cache (U:\80010-02-05\CDA\calculatrice\.gradle\7.0\javaCompile)" [_thread_blocked, id=9076, stack(0x0000007159500000,0x0000007159600000)]

Other Threads:
  0x000001b1f52f8ae0 VMThread "VM Thread" [stack: 0x0000007155700000,0x0000007155800000] [id=10868]
  0x000001b1f5e067b0 WatcherThread [stack: 0x0000007156300000,0x0000007156400000] [id=2284]
  0x000001b1d9d84650 GCTaskThread "GC Thread#0" [stack: 0x0000007155200000,0x0000007155300000] [id=6132]
  0x000001b1f6126e10 GCTaskThread "GC Thread#1" [stack: 0x0000007156500000,0x0000007156600000] [id=12828]
  0x000001b1f6127120 GCTaskThread "GC Thread#2" [stack: 0x0000007156600000,0x0000007156700000] [id=12940]
  0x000001b1f6127430 GCTaskThread "GC Thread#3" [stack: 0x0000007156700000,0x0000007156800000] [id=11524]
  0x000001b1f6255c00 GCTaskThread "GC Thread#4" [stack: 0x0000007156800000,0x0000007156900000] [id=4100]
  0x000001b1f66a9100 GCTaskThread "GC Thread#5" [stack: 0x0000007156900000,0x0000007156a00000] [id=12944]
  0x000001b1d9d89540 ConcurrentGCThread "G1 Main Marker" [stack: 0x0000007155300000,0x0000007155400000] [id=3348]
  0x000001b1d9d89de0 ConcurrentGCThread "G1 Conc#0" [stack: 0x0000007155400000,0x0000007155500000] [id=11648]
  0x000001b1f80dfca0 ConcurrentGCThread "G1 Conc#1" [stack: 0x0000007157f00000,0x0000007158000000] [id=3548]
  0x000001b1d9e3b010 ConcurrentGCThread "G1 Refine#0" [stack: 0x0000007155500000,0x0000007155600000] [id=13764]
  0x000001b1f66a9bb0 ConcurrentGCThread "G1 Refine#1" [stack: 0x0000007156a00000,0x0000007156b00000] [id=7192]
  0x000001b1f8f12490 ConcurrentGCThread "G1 Refine#2" [stack: 0x0000007158300000,0x0000007158400000] [id=10224]
  0x000001b1fb5291a0 ConcurrentGCThread "G1 Refine#3" [stack: 0x0000007159600000,0x0000007159700000] [id=4472]
  0x000001b1d9e3b8c0 ConcurrentGCThread "G1 Service" [stack: 0x0000007155600000,0x0000007155700000] [id=13608]

Threads with active compile tasks:

VM state: not at safepoint (normal execution)

VM Mutex/Monitor currently owned by a thread: None

Heap address: 0x00000000e0000000, size: 512 MB, Compressed Oops mode: 32-bit

CDS archive(s) mapped at: [0x0000000800000000-0x0000000800bf0000-0x0000000800bf0000), size 12517376, SharedBaseAddress: 0x0000000800000000, ArchiveRelocationMode: 0.
Compressed class space mapped at: 0x0000000800c00000-0x000000080dc00000, reserved size: 218103808
Narrow klass base: 0x0000000800000000, Narrow klass shift: 3, Narrow klass range: 0x100000000

GC Precious Log:
 CPUs: 6 total, 6 available
 Memory: 16219M
 Large Page Support: Disabled
 NUMA Support: Disabled
 Compressed Oops: Enabled (32-bit)
 Heap Region Size: 1M
 Heap Min Capacity: 256M
 Heap Initial Capacity: 256M
 Heap Max Capacity: 512M
 Pre-touch: Disabled
 Parallel Workers: 6
 Concurrent Workers: 2
 Concurrent Refinement Workers: 6
 Periodic GC: Disabled

Heap:
 garbage-first heap   total 262144K, used 66413K [0x00000000e0000000, 0x0000000100000000)
  region size 1024K, 23 young (23552K), 9 survivors (9216K)
 Metaspace       used 64409K, committed 65024K, reserved 270336K
  class space    used 8526K, committed 8832K, reserved 212992K

Heap Regions: E=young(eden), S=young(survivor), O=old, HS=humongous(starts), HC=humongous(continues), CS=collection set, F=free, OA=open archive, CA=closed archive, TAMS=top-at-mark-start (previous, next)
|   0|0x00000000e0000000, 0x00000000e0100000, 0x00000000e0100000|100%| O|  |TAMS 0x00000000e0100000, 0x00000000e0000000| Untracked 
|   1|0x00000000e0100000, 0x00000000e0200000, 0x00000000e0200000|100%| O|  |TAMS 0x00000000e0200000, 0x00000000e0100000| Untracked 
|   2|0x00000000e0200000, 0x00000000e0300000, 0x00000000e0300000|100%| O|  |TAMS 0x00000000e0300000, 0x00000000e0200000| Untracked 
|   3|0x00000000e0300000, 0x00000000e0400000, 0x00000000e0400000|100%|HS|  |TAMS 0x00000000e0400000, 0x00000000e0300000| Complete 
|   4|0x00000000e0400000, 0x00000000e0500000, 0x00000000e0500000|100%|HC|  |TAMS 0x00000000e0500000, 0x00000000e0400000| Complete 
|   5|0x00000000e0500000, 0x00000000e0600000, 0x00000000e0600000|100%|HC|  |TAMS 0x00000000e0600000, 0x00000000e0500000| Complete 
|   6|0x00000000e0600000, 0x00000000e0700000, 0x00000000e0700000|100%| O|  |TAMS 0x00000000e0700000, 0x00000000e0600000| Untracked 
|   7|0x00000000e0700000, 0x00000000e0800000, 0x00000000e0800000|100%| O|  |TAMS 0x00000000e0800000, 0x00000000e0700000| Untracked 
|   8|0x00000000e0800000, 0x00000000e0900000, 0x00000000e0900000|100%| O|  |TAMS 0x00000000e0900000, 0x00000000e0800000| Untracked 
|   9|0x00000000e0900000, 0x00000000e0a00000, 0x00000000e0a00000|100%| O|  |TAMS 0x00000000e0a00000, 0x00000000e0900000| Untracked 
|  10|0x00000000e0a00000, 0x00000000e0b00000, 0x00000000e0b00000|100%| O|  |TAMS 0x00000000e0b00000, 0x00000000e0a00000| Untracked 
|  11|0x00000000e0b00000, 0x00000000e0c00000, 0x00000000e0c00000|100%| O|  |TAMS 0x00000000e0c00000, 0x00000000e0b00000| Untracked 
|  12|0x00000000e0c00000, 0x00000000e0d00000, 0x00000000e0d00000|100%| O|  |TAMS 0x00000000e0d00000, 0x00000000e0c00000| Untracked 
|  13|0x00000000e0d00000, 0x00000000e0e00000, 0x00000000e0e00000|100%| O|  |TAMS 0x00000000e0e00000, 0x00000000e0d00000| Untracked 
|  14|0x00000000e0e00000, 0x00000000e0f00000, 0x00000000e0f00000|100%| O|  |TAMS 0x00000000e0f00000, 0x00000000e0e00000| Untracked 
|  15|0x00000000e0f00000, 0x00000000e1000000, 0x00000000e1000000|100%| O|  |TAMS 0x00000000e1000000, 0x00000000e0f00000| Untracked 
|  16|0x00000000e1000000, 0x00000000e1100000, 0x00000000e1100000|100%| O|  |TAMS 0x00000000e1100000, 0x00000000e1000000| Untracked 
|  17|0x00000000e1100000, 0x00000000e1200000, 0x00000000e1200000|100%| O|  |TAMS 0x00000000e1200000, 0x00000000e1100000| Untracked 
|  18|0x00000000e1200000, 0x00000000e1300000, 0x00000000e1300000|100%| O|  |TAMS 0x00000000e1300000, 0x00000000e1200000| Untracked 
|  19|0x00000000e1300000, 0x00000000e1400000, 0x00000000e1400000|100%| O|  |TAMS 0x00000000e1400000, 0x00000000e1300000| Untracked 
|  20|0x00000000e1400000, 0x00000000e1500000, 0x00000000e1500000|100%| O|  |TAMS 0x00000000e1500000, 0x00000000e1400000| Untracked 
|  21|0x00000000e1500000, 0x00000000e1600000, 0x00000000e1600000|100%| O|  |TAMS 0x00000000e1600000, 0x00000000e1500000| Untracked 
|  22|0x00000000e1600000, 0x00000000e1700000, 0x00000000e1700000|100%| O|  |TAMS 0x00000000e1700000, 0x00000000e1600000| Untracked 
|  23|0x00000000e1700000, 0x00000000e1800000, 0x00000000e1800000|100%| O|  |TAMS 0x00000000e1800000, 0x00000000e1700000| Untracked 
|  24|0x00000000e1800000, 0x00000000e1900000, 0x00000000e1900000|100%| O|  |TAMS 0x00000000e1900000, 0x00000000e1800000| Untracked 
|  25|0x00000000e1900000, 0x00000000e1a00000, 0x00000000e1a00000|100%| O|  |TAMS 0x00000000e1a00000, 0x00000000e1900000| Untracked 
|  26|0x00000000e1a00000, 0x00000000e1b00000, 0x00000000e1b00000|100%| O|  |TAMS 0x00000000e1b00000, 0x00000000e1a00000| Untracked 
|  27|0x00000000e1b00000, 0x00000000e1c00000, 0x00000000e1c00000|100%| O|  |TAMS 0x00000000e1c00000, 0x00000000e1b00000| Untracked 
|  28|0x00000000e1c00000, 0x00000000e1d00000, 0x00000000e1d00000|100%| O|  |TAMS 0x00000000e1d00000, 0x00000000e1c00000| Untracked 
|  29|0x00000000e1d00000, 0x00000000e1e00000, 0x00000000e1e00000|100%| O|  |TAMS 0x00000000e1e00000, 0x00000000e1d00000| Untracked 
|  30|0x00000000e1e00000, 0x00000000e1f00000, 0x00000000e1f00000|100%| O|  |TAMS 0x00000000e1f00000, 0x00000000e1e00000| Untracked 
|  31|0x00000000e1f00000, 0x00000000e2000000, 0x00000000e2000000|100%| O|  |TAMS 0x00000000e2000000, 0x00000000e1f00000| Untracked 
|  32|0x00000000e2000000, 0x00000000e2100000, 0x00000000e2100000|100%| O|  |TAMS 0x00000000e2100000, 0x00000000e2000000| Untracked 
|  33|0x00000000e2100000, 0x00000000e2200000, 0x00000000e2200000|100%| O|  |TAMS 0x00000000e216dc00, 0x00000000e2100000| Untracked 
|  34|0x00000000e2200000, 0x00000000e2300000, 0x00000000e2300000|100%| O|  |TAMS 0x00000000e2200000, 0x00000000e2200000| Untracked 
|  35|0x00000000e2300000, 0x00000000e2400000, 0x00000000e2400000|100%| O|  |TAMS 0x00000000e2300000, 0x00000000e2300000| Untracked 
|  36|0x00000000e2400000, 0x00000000e2500000, 0x00000000e2500000|100%| O|  |TAMS 0x00000000e2400000, 0x00000000e2400000| Untracked 
|  37|0x00000000e2500000, 0x00000000e2600000, 0x00000000e2600000|100%| O|  |TAMS 0x00000000e2500000, 0x00000000e2500000| Untracked 
|  38|0x00000000e2600000, 0x00000000e2700000, 0x00000000e2700000|100%| O|  |TAMS 0x00000000e2600000, 0x00000000e2600000| Untracked 
|  39|0x00000000e2700000, 0x00000000e2800000, 0x00000000e2800000|100%| O|  |TAMS 0x00000000e2700000, 0x00000000e2700000| Untracked 
|  40|0x00000000e2800000, 0x00000000e2900000, 0x00000000e2900000|100%| O|  |TAMS 0x00000000e2800000, 0x00000000e2800000| Untracked 
|  41|0x00000000e2900000, 0x00000000e2a00000, 0x00000000e2a00000|100%| O|  |TAMS 0x00000000e2900000, 0x00000000e2900000| Untracked 
|  42|0x00000000e2a00000, 0x00000000e2b00000, 0x00000000e2b00000|100%| O|  |TAMS 0x00000000e2a00000, 0x00000000e2a00000| Untracked 
|  43|0x00000000e2b00000, 0x00000000e2b81800, 0x00000000e2c00000| 50%| O|  |TAMS 0x00000000e2b00000, 0x00000000e2b00000| Untracked 
|  44|0x00000000e2c00000, 0x00000000e2c00000, 0x00000000e2d00000|  0%| F|  |TAMS 0x00000000e2c00000, 0x00000000e2c00000| Untracked 
|  45|0x00000000e2d00000, 0x00000000e2d00000, 0x00000000e2e00000|  0%| F|  |TAMS 0x00000000e2d00000, 0x00000000e2d00000| Untracked 
|  46|0x00000000e2e00000, 0x00000000e2e00000, 0x00000000e2f00000|  0%| F|  |TAMS 0x00000000e2e00000, 0x00000000e2e00000| Untracked 
|  47|0x00000000e2f00000, 0x00000000e2f00000, 0x00000000e3000000|  0%| F|  |TAMS 0x00000000e2f00000, 0x00000000e2f00000| Untracked 
|  48|0x00000000e3000000, 0x00000000e3000000, 0x00000000e3100000|  0%| F|  |TAMS 0x00000000e3000000, 0x00000000e3000000| Untracked 
|  49|0x00000000e3100000, 0x00000000e3100000, 0x00000000e3200000|  0%| F|  |TAMS 0x00000000e3100000, 0x00000000e3100000| Untracked 
|  50|0x00000000e3200000, 0x00000000e3200000, 0x00000000e3300000|  0%| F|  |TAMS 0x00000000e3200000, 0x00000000e3200000| Untracked 
|  51|0x00000000e3300000, 0x00000000e3300000, 0x00000000e3400000|  0%| F|  |TAMS 0x00000000e3300000, 0x00000000e3300000| Untracked 
|  52|0x00000000e3400000, 0x00000000e3400000, 0x00000000e3500000|  0%| F|  |TAMS 0x00000000e3400000, 0x00000000e3400000| Untracked 
|  53|0x00000000e3500000, 0x00000000e3500000, 0x00000000e3600000|  0%| F|  |TAMS 0x00000000e3500000, 0x00000000e3500000| Untracked 
|  54|0x00000000e3600000, 0x00000000e3600000, 0x00000000e3700000|  0%| F|  |TAMS 0x00000000e3600000, 0x00000000e3600000| Untracked 
|  55|0x00000000e3700000, 0x00000000e3700000, 0x00000000e3800000|  0%| F|  |TAMS 0x00000000e3700000, 0x00000000e3700000| Untracked 
|  56|0x00000000e3800000, 0x00000000e3800000, 0x00000000e3900000|  0%| F|  |TAMS 0x00000000e3800000, 0x00000000e3800000| Untracked 
|  57|0x00000000e3900000, 0x00000000e3900000, 0x00000000e3a00000|  0%| F|  |TAMS 0x00000000e3900000, 0x00000000e3900000| Untracked 
|  58|0x00000000e3a00000, 0x00000000e3a00000, 0x00000000e3b00000|  0%| F|  |TAMS 0x00000000e3a00000, 0x00000000e3a00000| Untracked 
|  59|0x00000000e3b00000, 0x00000000e3b00000, 0x00000000e3c00000|  0%| F|  |TAMS 0x00000000e3b00000, 0x00000000e3b00000| Untracked 
|  60|0x00000000e3c00000, 0x00000000e3c00000, 0x00000000e3d00000|  0%| F|  |TAMS 0x00000000e3c00000, 0x00000000e3c00000| Untracked 
|  61|0x00000000e3d00000, 0x00000000e3d00000, 0x00000000e3e00000|  0%| F|  |TAMS 0x00000000e3d00000, 0x00000000e3d00000| Untracked 
|  62|0x00000000e3e00000, 0x00000000e3e00000, 0x00000000e3f00000|  0%| F|  |TAMS 0x00000000e3e00000, 0x00000000e3e00000| Untracked 
|  63|0x00000000e3f00000, 0x00000000e3f00000, 0x00000000e4000000|  0%| F|  |TAMS 0x00000000e3f00000, 0x00000000e3f00000| Untracked 
|  64|0x00000000e4000000, 0x00000000e4000000, 0x00000000e4100000|  0%| F|  |TAMS 0x00000000e4000000, 0x00000000e4000000| Untracked 
|  65|0x00000000e4100000, 0x00000000e4100000, 0x00000000e4200000|  0%| F|  |TAMS 0x00000000e4100000, 0x00000000e4100000| Untracked 
|  66|0x00000000e4200000, 0x00000000e4200000, 0x00000000e4300000|  0%| F|  |TAMS 0x00000000e4200000, 0x00000000e4200000| Untracked 
|  67|0x00000000e4300000, 0x00000000e4300000, 0x00000000e4400000|  0%| F|  |TAMS 0x00000000e4300000, 0x00000000e4300000| Untracked 
|  68|0x00000000e4400000, 0x00000000e4400000, 0x00000000e4500000|  0%| F|  |TAMS 0x00000000e4400000, 0x00000000e4400000| Untracked 
|  69|0x00000000e4500000, 0x00000000e4500000, 0x00000000e4600000|  0%| F|  |TAMS 0x00000000e4500000, 0x00000000e4500000| Untracked 
|  70|0x00000000e4600000, 0x00000000e4600000, 0x00000000e4700000|  0%| F|  |TAMS 0x00000000e4600000, 0x00000000e4600000| Untracked 
|  71|0x00000000e4700000, 0x00000000e4700000, 0x00000000e4800000|  0%| F|  |TAMS 0x00000000e4700000, 0x00000000e4700000| Untracked 
|  72|0x00000000e4800000, 0x00000000e4800000, 0x00000000e4900000|  0%| F|  |TAMS 0x00000000e4800000, 0x00000000e4800000| Untracked 
|  73|0x00000000e4900000, 0x00000000e4900000, 0x00000000e4a00000|  0%| F|  |TAMS 0x00000000e4900000, 0x00000000e4900000| Untracked 
|  74|0x00000000e4a00000, 0x00000000e4a00000, 0x00000000e4b00000|  0%| F|  |TAMS 0x00000000e4a00000, 0x00000000e4a00000| Untracked 
|  75|0x00000000e4b00000, 0x00000000e4b00000, 0x00000000e4c00000|  0%| F|  |TAMS 0x00000000e4b00000, 0x00000000e4b00000| Untracked 
|  76|0x00000000e4c00000, 0x00000000e4c00000, 0x00000000e4d00000|  0%| F|  |TAMS 0x00000000e4c00000, 0x00000000e4c00000| Untracked 
|  77|0x00000000e4d00000, 0x00000000e4d00000, 0x00000000e4e00000|  0%| F|  |TAMS 0x00000000e4d00000, 0x00000000e4d00000| Untracked 
|  78|0x00000000e4e00000, 0x00000000e4e00000, 0x00000000e4f00000|  0%| F|  |TAMS 0x00000000e4e00000, 0x00000000e4e00000| Untracked 
|  79|0x00000000e4f00000, 0x00000000e4f00000, 0x00000000e5000000|  0%| F|  |TAMS 0x00000000e4f00000, 0x00000000e4f00000| Untracked 
|  80|0x00000000e5000000, 0x00000000e5000000, 0x00000000e5100000|  0%| F|  |TAMS 0x00000000e5000000, 0x00000000e5000000| Untracked 
|  81|0x00000000e5100000, 0x00000000e5100000, 0x00000000e5200000|  0%| F|  |TAMS 0x00000000e5100000, 0x00000000e5100000| Untracked 
|  82|0x00000000e5200000, 0x00000000e5200000, 0x00000000e5300000|  0%| F|  |TAMS 0x00000000e5200000, 0x00000000e5200000| Untracked 
|  83|0x00000000e5300000, 0x00000000e5300000, 0x00000000e5400000|  0%| F|  |TAMS 0x00000000e5300000, 0x00000000e5300000| Untracked 
|  84|0x00000000e5400000, 0x00000000e5400000, 0x00000000e5500000|  0%| F|  |TAMS 0x00000000e5400000, 0x00000000e5400000| Untracked 
|  85|0x00000000e5500000, 0x00000000e5500000, 0x00000000e5600000|  0%| F|  |TAMS 0x00000000e5500000, 0x00000000e5500000| Untracked 
|  86|0x00000000e5600000, 0x00000000e5600000, 0x00000000e5700000|  0%| F|  |TAMS 0x00000000e5600000, 0x00000000e5600000| Untracked 
|  87|0x00000000e5700000, 0x00000000e5700000, 0x00000000e5800000|  0%| F|  |TAMS 0x00000000e5700000, 0x00000000e5700000| Untracked 
|  88|0x00000000e5800000, 0x00000000e5800000, 0x00000000e5900000|  0%| F|  |TAMS 0x00000000e5800000, 0x00000000e5800000| Untracked 
|  89|0x00000000e5900000, 0x00000000e5900000, 0x00000000e5a00000|  0%| F|  |TAMS 0x00000000e5900000, 0x00000000e5900000| Untracked 
|  90|0x00000000e5a00000, 0x00000000e5a00000, 0x00000000e5b00000|  0%| F|  |TAMS 0x00000000e5a00000, 0x00000000e5a00000| Untracked 
|  91|0x00000000e5b00000, 0x00000000e5b00000, 0x00000000e5c00000|  0%| F|  |TAMS 0x00000000e5b00000, 0x00000000e5b00000| Untracked 
|  92|0x00000000e5c00000, 0x00000000e5c00000, 0x00000000e5d00000|  0%| F|  |TAMS 0x00000000e5c00000, 0x00000000e5c00000| Untracked 
|  93|0x00000000e5d00000, 0x00000000e5d00000, 0x00000000e5e00000|  0%| F|  |TAMS 0x00000000e5d00000, 0x00000000e5d00000| Untracked 
|  94|0x00000000e5e00000, 0x00000000e5e59eb0, 0x00000000e5f00000| 35%| S|CS|TAMS 0x00000000e5e00000, 0x00000000e5e00000| Complete 
|  95|0x00000000e5f00000, 0x00000000e6000000, 0x00000000e6000000|100%| S|CS|TAMS 0x00000000e5f00000, 0x00000000e5f00000| Complete 
|  96|0x00000000e6000000, 0x00000000e6100000, 0x00000000e6100000|100%| S|CS|TAMS 0x00000000e6000000, 0x00000000e6000000| Complete 
|  97|0x00000000e6100000, 0x00000000e6200000, 0x00000000e6200000|100%| S|CS|TAMS 0x00000000e6100000, 0x00000000e6100000| Complete 
|  98|0x00000000e6200000, 0x00000000e6300000, 0x00000000e6300000|100%| S|CS|TAMS 0x00000000e6200000, 0x00000000e6200000| Complete 
|  99|0x00000000e6300000, 0x00000000e6400000, 0x00000000e6400000|100%| S|CS|TAMS 0x00000000e6300000, 0x00000000e6300000| Complete 
| 100|0x00000000e6400000, 0x00000000e6500000, 0x00000000e6500000|100%| S|CS|TAMS 0x00000000e6400000, 0x00000000e6400000| Complete 
| 101|0x00000000e6500000, 0x00000000e6600000, 0x00000000e6600000|100%| S|CS|TAMS 0x00000000e6500000, 0x00000000e6500000| Complete 
| 102|0x00000000e6600000, 0x00000000e6700000, 0x00000000e6700000|100%| S|CS|TAMS 0x00000000e6600000, 0x00000000e6600000| Complete 
| 103|0x00000000e6700000, 0x00000000e6700000, 0x00000000e6800000|  0%| F|  |TAMS 0x00000000e6700000, 0x00000000e6700000| Untracked 
| 104|0x00000000e6800000, 0x00000000e6800000, 0x00000000e6900000|  0%| F|  |TAMS 0x00000000e6800000, 0x00000000e6800000| Untracked 
| 105|0x00000000e6900000, 0x00000000e6900000, 0x00000000e6a00000|  0%| F|  |TAMS 0x00000000e6900000, 0x00000000e6900000| Untracked 
| 106|0x00000000e6a00000, 0x00000000e6a00000, 0x00000000e6b00000|  0%| F|  |TAMS 0x00000000e6a00000, 0x00000000e6a00000| Untracked 
| 107|0x00000000e6b00000, 0x00000000e6b00000, 0x00000000e6c00000|  0%| F|  |TAMS 0x00000000e6b00000, 0x00000000e6b00000| Untracked 
| 108|0x00000000e6c00000, 0x00000000e6c00000, 0x00000000e6d00000|  0%| F|  |TAMS 0x00000000e6c00000, 0x00000000e6c00000| Untracked 
| 109|0x00000000e6d00000, 0x00000000e6d00000, 0x00000000e6e00000|  0%| F|  |TAMS 0x00000000e6d00000, 0x00000000e6d00000| Untracked 
| 110|0x00000000e6e00000, 0x00000000e6e00000, 0x00000000e6f00000|  0%| F|  |TAMS 0x00000000e6e00000, 0x00000000e6e00000| Untracked 
| 111|0x00000000e6f00000, 0x00000000e6f00000, 0x00000000e7000000|  0%| F|  |TAMS 0x00000000e6f00000, 0x00000000e6f00000| Untracked 
| 112|0x00000000e7000000, 0x00000000e7000000, 0x00000000e7100000|  0%| F|  |TAMS 0x00000000e7000000, 0x00000000e7000000| Untracked 
| 113|0x00000000e7100000, 0x00000000e7100000, 0x00000000e7200000|  0%| F|  |TAMS 0x00000000e7100000, 0x00000000e7100000| Untracked 
| 114|0x00000000e7200000, 0x00000000e7200000, 0x00000000e7300000|  0%| F|  |TAMS 0x00000000e7200000, 0x00000000e7200000| Untracked 
| 115|0x00000000e7300000, 0x00000000e7300000, 0x00000000e7400000|  0%| F|  |TAMS 0x00000000e7300000, 0x00000000e7300000| Untracked 
| 116|0x00000000e7400000, 0x00000000e7400000, 0x00000000e7500000|  0%| F|  |TAMS 0x00000000e7400000, 0x00000000e7400000| Untracked 
| 117|0x00000000e7500000, 0x00000000e7500000, 0x00000000e7600000|  0%| F|  |TAMS 0x00000000e7500000, 0x00000000e7500000| Untracked 
| 118|0x00000000e7600000, 0x00000000e7600000, 0x00000000e7700000|  0%| F|  |TAMS 0x00000000e7600000, 0x00000000e7600000| Untracked 
| 119|0x00000000e7700000, 0x00000000e7700000, 0x00000000e7800000|  0%| F|  |TAMS 0x00000000e7700000, 0x00000000e7700000| Untracked 
| 120|0x00000000e7800000, 0x00000000e7800000, 0x00000000e7900000|  0%| F|  |TAMS 0x00000000e7800000, 0x00000000e7800000| Untracked 
| 121|0x00000000e7900000, 0x00000000e7900000, 0x00000000e7a00000|  0%| F|  |TAMS 0x00000000e7900000, 0x00000000e7900000| Untracked 
| 122|0x00000000e7a00000, 0x00000000e7a00000, 0x00000000e7b00000|  0%| F|  |TAMS 0x00000000e7a00000, 0x00000000e7a00000| Untracked 
| 123|0x00000000e7b00000, 0x00000000e7b00000, 0x00000000e7c00000|  0%| F|  |TAMS 0x00000000e7b00000, 0x00000000e7b00000| Untracked 
| 124|0x00000000e7c00000, 0x00000000e7c00000, 0x00000000e7d00000|  0%| F|  |TAMS 0x00000000e7c00000, 0x00000000e7c00000| Untracked 
| 125|0x00000000e7d00000, 0x00000000e7d00000, 0x00000000e7e00000|  0%| F|  |TAMS 0x00000000e7d00000, 0x00000000e7d00000| Untracked 
| 126|0x00000000e7e00000, 0x00000000e7e00000, 0x00000000e7f00000|  0%| F|  |TAMS 0x00000000e7e00000, 0x00000000e7e00000| Untracked 
| 127|0x00000000e7f00000, 0x00000000e7f00000, 0x00000000e8000000|  0%| F|  |TAMS 0x00000000e7f00000, 0x00000000e7f00000| Untracked 
| 128|0x00000000e8000000, 0x00000000e8000000, 0x00000000e8100000|  0%| F|  |TAMS 0x00000000e8000000, 0x00000000e8000000| Untracked 
| 129|0x00000000e8100000, 0x00000000e8100000, 0x00000000e8200000|  0%| F|  |TAMS 0x00000000e8100000, 0x00000000e8100000| Untracked 
| 130|0x00000000e8200000, 0x00000000e8200000, 0x00000000e8300000|  0%| F|  |TAMS 0x00000000e8200000, 0x00000000e8200000| Untracked 
| 131|0x00000000e8300000, 0x00000000e8300000, 0x00000000e8400000|  0%| F|  |TAMS 0x00000000e8300000, 0x00000000e8300000| Untracked 
| 132|0x00000000e8400000, 0x00000000e8400000, 0x00000000e8500000|  0%| F|  |TAMS 0x00000000e8400000, 0x00000000e8400000| Untracked 
| 133|0x00000000e8500000, 0x00000000e8500000, 0x00000000e8600000|  0%| F|  |TAMS 0x00000000e8500000, 0x00000000e8500000| Untracked 
| 134|0x00000000e8600000, 0x00000000e8600000, 0x00000000e8700000|  0%| F|  |TAMS 0x00000000e8600000, 0x00000000e8600000| Untracked 
| 135|0x00000000e8700000, 0x00000000e8700000, 0x00000000e8800000|  0%| F|  |TAMS 0x00000000e8700000, 0x00000000e8700000| Untracked 
| 136|0x00000000e8800000, 0x00000000e8800000, 0x00000000e8900000|  0%| F|  |TAMS 0x00000000e8800000, 0x00000000e8800000| Untracked 
| 137|0x00000000e8900000, 0x00000000e8900000, 0x00000000e8a00000|  0%| F|  |TAMS 0x00000000e8900000, 0x00000000e8900000| Untracked 
| 138|0x00000000e8a00000, 0x00000000e8a00000, 0x00000000e8b00000|  0%| F|  |TAMS 0x00000000e8a00000, 0x00000000e8a00000| Untracked 
| 139|0x00000000e8b00000, 0x00000000e8b00000, 0x00000000e8c00000|  0%| F|  |TAMS 0x00000000e8b00000, 0x00000000e8b00000| Untracked 
| 140|0x00000000e8c00000, 0x00000000e8c00000, 0x00000000e8d00000|  0%| F|  |TAMS 0x00000000e8c00000, 0x00000000e8c00000| Untracked 
| 141|0x00000000e8d00000, 0x00000000e8d00000, 0x00000000e8e00000|  0%| F|  |TAMS 0x00000000e8d00000, 0x00000000e8d00000| Untracked 
| 142|0x00000000e8e00000, 0x00000000e8e00000, 0x00000000e8f00000|  0%| F|  |TAMS 0x00000000e8e00000, 0x00000000e8e00000| Untracked 
| 143|0x00000000e8f00000, 0x00000000e8f00000, 0x00000000e9000000|  0%| F|  |TAMS 0x00000000e8f00000, 0x00000000e8f00000| Untracked 
| 144|0x00000000e9000000, 0x00000000e9000000, 0x00000000e9100000|  0%| F|  |TAMS 0x00000000e9000000, 0x00000000e9000000| Untracked 
| 145|0x00000000e9100000, 0x00000000e9100000, 0x00000000e9200000|  0%| F|  |TAMS 0x00000000e9100000, 0x00000000e9100000| Untracked 
| 146|0x00000000e9200000, 0x00000000e9200000, 0x00000000e9300000|  0%| F|  |TAMS 0x00000000e9200000, 0x00000000e9200000| Untracked 
| 147|0x00000000e9300000, 0x00000000e9300000, 0x00000000e9400000|  0%| F|  |TAMS 0x00000000e9300000, 0x00000000e9300000| Untracked 
| 148|0x00000000e9400000, 0x00000000e9400000, 0x00000000e9500000|  0%| F|  |TAMS 0x00000000e9400000, 0x00000000e9400000| Untracked 
| 149|0x00000000e9500000, 0x00000000e9500000, 0x00000000e9600000|  0%| F|  |TAMS 0x00000000e9500000, 0x00000000e9500000| Untracked 
| 150|0x00000000e9600000, 0x00000000e9600000, 0x00000000e9700000|  0%| F|  |TAMS 0x00000000e9600000, 0x00000000e9600000| Untracked 
| 151|0x00000000e9700000, 0x00000000e9700000, 0x00000000e9800000|  0%| F|  |TAMS 0x00000000e9700000, 0x00000000e9700000| Untracked 
| 152|0x00000000e9800000, 0x00000000e9800000, 0x00000000e9900000|  0%| F|  |TAMS 0x00000000e9800000, 0x00000000e9800000| Untracked 
| 153|0x00000000e9900000, 0x00000000e9900000, 0x00000000e9a00000|  0%| F|  |TAMS 0x00000000e9900000, 0x00000000e9900000| Untracked 
| 154|0x00000000e9a00000, 0x00000000e9a00000, 0x00000000e9b00000|  0%| F|  |TAMS 0x00000000e9a00000, 0x00000000e9a00000| Untracked 
| 155|0x00000000e9b00000, 0x00000000e9b00000, 0x00000000e9c00000|  0%| F|  |TAMS 0x00000000e9b00000, 0x00000000e9b00000| Untracked 
| 156|0x00000000e9c00000, 0x00000000e9c00000, 0x00000000e9d00000|  0%| F|  |TAMS 0x00000000e9c00000, 0x00000000e9c00000| Untracked 
| 157|0x00000000e9d00000, 0x00000000e9d00000, 0x00000000e9e00000|  0%| F|  |TAMS 0x00000000e9d00000, 0x00000000e9d00000| Untracked 
| 158|0x00000000e9e00000, 0x00000000e9e00000, 0x00000000e9f00000|  0%| F|  |TAMS 0x00000000e9e00000, 0x00000000e9e00000| Untracked 
| 159|0x00000000e9f00000, 0x00000000e9f00000, 0x00000000ea000000|  0%| F|  |TAMS 0x00000000e9f00000, 0x00000000e9f00000| Untracked 
| 160|0x00000000ea000000, 0x00000000ea000000, 0x00000000ea100000|  0%| F|  |TAMS 0x00000000ea000000, 0x00000000ea000000| Untracked 
| 161|0x00000000ea100000, 0x00000000ea100000, 0x00000000ea200000|  0%| F|  |TAMS 0x00000000ea100000, 0x00000000ea100000| Untracked 
| 162|0x00000000ea200000, 0x00000000ea200000, 0x00000000ea300000|  0%| F|  |TAMS 0x00000000ea200000, 0x00000000ea200000| Untracked 
| 163|0x00000000ea300000, 0x00000000ea300000, 0x00000000ea400000|  0%| F|  |TAMS 0x00000000ea300000, 0x00000000ea300000| Untracked 
| 164|0x00000000ea400000, 0x00000000ea400000, 0x00000000ea500000|  0%| F|  |TAMS 0x00000000ea400000, 0x00000000ea400000| Untracked 
| 165|0x00000000ea500000, 0x00000000ea500000, 0x00000000ea600000|  0%| F|  |TAMS 0x00000000ea500000, 0x00000000ea500000| Untracked 
| 166|0x00000000ea600000, 0x00000000ea600000, 0x00000000ea700000|  0%| F|  |TAMS 0x00000000ea600000, 0x00000000ea600000| Untracked 
| 167|0x00000000ea700000, 0x00000000ea700000, 0x00000000ea800000|  0%| F|  |TAMS 0x00000000ea700000, 0x00000000ea700000| Untracked 
| 168|0x00000000ea800000, 0x00000000ea800000, 0x00000000ea900000|  0%| F|  |TAMS 0x00000000ea800000, 0x00000000ea800000| Untracked 
| 169|0x00000000ea900000, 0x00000000ea900000, 0x00000000eaa00000|  0%| F|  |TAMS 0x00000000ea900000, 0x00000000ea900000| Untracked 
| 170|0x00000000eaa00000, 0x00000000eaa00000, 0x00000000eab00000|  0%| F|  |TAMS 0x00000000eaa00000, 0x00000000eaa00000| Untracked 
| 171|0x00000000eab00000, 0x00000000eab00000, 0x00000000eac00000|  0%| F|  |TAMS 0x00000000eab00000, 0x00000000eab00000| Untracked 
| 172|0x00000000eac00000, 0x00000000eac00000, 0x00000000ead00000|  0%| F|  |TAMS 0x00000000eac00000, 0x00000000eac00000| Untracked 
| 173|0x00000000ead00000, 0x00000000ead00000, 0x00000000eae00000|  0%| F|  |TAMS 0x00000000ead00000, 0x00000000ead00000| Untracked 
| 174|0x00000000eae00000, 0x00000000eae00000, 0x00000000eaf00000|  0%| F|  |TAMS 0x00000000eae00000, 0x00000000eae00000| Untracked 
| 175|0x00000000eaf00000, 0x00000000eaf00000, 0x00000000eb000000|  0%| F|  |TAMS 0x00000000eaf00000, 0x00000000eaf00000| Untracked 
| 176|0x00000000eb000000, 0x00000000eb000000, 0x00000000eb100000|  0%| F|  |TAMS 0x00000000eb000000, 0x00000000eb000000| Untracked 
| 177|0x00000000eb100000, 0x00000000eb100000, 0x00000000eb200000|  0%| F|  |TAMS 0x00000000eb100000, 0x00000000eb100000| Untracked 
| 178|0x00000000eb200000, 0x00000000eb200000, 0x00000000eb300000|  0%| F|  |TAMS 0x00000000eb200000, 0x00000000eb200000| Untracked 
| 179|0x00000000eb300000, 0x00000000eb300000, 0x00000000eb400000|  0%| F|  |TAMS 0x00000000eb300000, 0x00000000eb300000| Untracked 
| 180|0x00000000eb400000, 0x00000000eb400000, 0x00000000eb500000|  0%| F|  |TAMS 0x00000000eb400000, 0x00000000eb400000| Untracked 
| 181|0x00000000eb500000, 0x00000000eb500000, 0x00000000eb600000|  0%| F|  |TAMS 0x00000000eb500000, 0x00000000eb500000| Untracked 
| 182|0x00000000eb600000, 0x00000000eb600000, 0x00000000eb700000|  0%| F|  |TAMS 0x00000000eb600000, 0x00000000eb600000| Untracked 
| 183|0x00000000eb700000, 0x00000000eb700000, 0x00000000eb800000|  0%| F|  |TAMS 0x00000000eb700000, 0x00000000eb700000| Untracked 
| 184|0x00000000eb800000, 0x00000000eb800000, 0x00000000eb900000|  0%| F|  |TAMS 0x00000000eb800000, 0x00000000eb800000| Untracked 
| 185|0x00000000eb900000, 0x00000000eb900000, 0x00000000eba00000|  0%| F|  |TAMS 0x00000000eb900000, 0x00000000eb900000| Untracked 
| 186|0x00000000eba00000, 0x00000000eba00000, 0x00000000ebb00000|  0%| F|  |TAMS 0x00000000eba00000, 0x00000000eba00000| Untracked 
| 187|0x00000000ebb00000, 0x00000000ebb00000, 0x00000000ebc00000|  0%| F|  |TAMS 0x00000000ebb00000, 0x00000000ebb00000| Untracked 
| 188|0x00000000ebc00000, 0x00000000ebc00000, 0x00000000ebd00000|  0%| F|  |TAMS 0x00000000ebc00000, 0x00000000ebc00000| Untracked 
| 189|0x00000000ebd00000, 0x00000000ebd00000, 0x00000000ebe00000|  0%| F|  |TAMS 0x00000000ebd00000, 0x00000000ebd00000| Untracked 
| 190|0x00000000ebe00000, 0x00000000ebe00000, 0x00000000ebf00000|  0%| F|  |TAMS 0x00000000ebe00000, 0x00000000ebe00000| Untracked 
| 191|0x00000000ebf00000, 0x00000000ebf00000, 0x00000000ec000000|  0%| F|  |TAMS 0x00000000ebf00000, 0x00000000ebf00000| Untracked 
| 192|0x00000000ec000000, 0x00000000ec000000, 0x00000000ec100000|  0%| F|  |TAMS 0x00000000ec000000, 0x00000000ec000000| Untracked 
| 193|0x00000000ec100000, 0x00000000ec100000, 0x00000000ec200000|  0%| F|  |TAMS 0x00000000ec100000, 0x00000000ec100000| Untracked 
| 194|0x00000000ec200000, 0x00000000ec200000, 0x00000000ec300000|  0%| F|  |TAMS 0x00000000ec200000, 0x00000000ec200000| Untracked 
| 195|0x00000000ec300000, 0x00000000ec300000, 0x00000000ec400000|  0%| F|  |TAMS 0x00000000ec300000, 0x00000000ec300000| Untracked 
| 196|0x00000000ec400000, 0x00000000ec400000, 0x00000000ec500000|  0%| F|  |TAMS 0x00000000ec400000, 0x00000000ec400000| Untracked 
| 197|0x00000000ec500000, 0x00000000ec500000, 0x00000000ec600000|  0%| F|  |TAMS 0x00000000ec500000, 0x00000000ec500000| Untracked 
| 198|0x00000000ec600000, 0x00000000ec600000, 0x00000000ec700000|  0%| F|  |TAMS 0x00000000ec600000, 0x00000000ec600000| Untracked 
| 199|0x00000000ec700000, 0x00000000ec700000, 0x00000000ec800000|  0%| F|  |TAMS 0x00000000ec700000, 0x00000000ec700000| Untracked 
| 200|0x00000000ec800000, 0x00000000ec800000, 0x00000000ec900000|  0%| F|  |TAMS 0x00000000ec800000, 0x00000000ec800000| Untracked 
| 201|0x00000000ec900000, 0x00000000ec900000, 0x00000000eca00000|  0%| F|  |TAMS 0x00000000ec900000, 0x00000000ec900000| Untracked 
| 202|0x00000000eca00000, 0x00000000eca00000, 0x00000000ecb00000|  0%| F|  |TAMS 0x00000000eca00000, 0x00000000eca00000| Untracked 
| 203|0x00000000ecb00000, 0x00000000ecb00000, 0x00000000ecc00000|  0%| F|  |TAMS 0x00000000ecb00000, 0x00000000ecb00000| Untracked 
| 204|0x00000000ecc00000, 0x00000000ecc00000, 0x00000000ecd00000|  0%| F|  |TAMS 0x00000000ecc00000, 0x00000000ecc00000| Untracked 
| 205|0x00000000ecd00000, 0x00000000ecd00000, 0x00000000ece00000|  0%| F|  |TAMS 0x00000000ecd00000, 0x00000000ecd00000| Untracked 
| 206|0x00000000ece00000, 0x00000000ece00000, 0x00000000ecf00000|  0%| F|  |TAMS 0x00000000ece00000, 0x00000000ece00000| Untracked 
| 207|0x00000000ecf00000, 0x00000000ecf00000, 0x00000000ed000000|  0%| F|  |TAMS 0x00000000ecf00000, 0x00000000ecf00000| Untracked 
| 208|0x00000000ed000000, 0x00000000ed000000, 0x00000000ed100000|  0%| F|  |TAMS 0x00000000ed000000, 0x00000000ed000000| Untracked 
| 209|0x00000000ed100000, 0x00000000ed100000, 0x00000000ed200000|  0%| F|  |TAMS 0x00000000ed100000, 0x00000000ed100000| Untracked 
| 210|0x00000000ed200000, 0x00000000ed200000, 0x00000000ed300000|  0%| F|  |TAMS 0x00000000ed200000, 0x00000000ed200000| Untracked 
| 211|0x00000000ed300000, 0x00000000ed300000, 0x00000000ed400000|  0%| F|  |TAMS 0x00000000ed300000, 0x00000000ed300000| Untracked 
| 212|0x00000000ed400000, 0x00000000ed400000, 0x00000000ed500000|  0%| F|  |TAMS 0x00000000ed400000, 0x00000000ed400000| Untracked 
| 213|0x00000000ed500000, 0x00000000ed500000, 0x00000000ed600000|  0%| F|  |TAMS 0x00000000ed500000, 0x00000000ed500000| Untracked 
| 214|0x00000000ed600000, 0x00000000ed600000, 0x00000000ed700000|  0%| F|  |TAMS 0x00000000ed600000, 0x00000000ed600000| Untracked 
| 215|0x00000000ed700000, 0x00000000ed700000, 0x00000000ed800000|  0%| F|  |TAMS 0x00000000ed700000, 0x00000000ed700000| Untracked 
| 216|0x00000000ed800000, 0x00000000ed800000, 0x00000000ed900000|  0%| F|  |TAMS 0x00000000ed800000, 0x00000000ed800000| Untracked 
| 217|0x00000000ed900000, 0x00000000ed900000, 0x00000000eda00000|  0%| F|  |TAMS 0x00000000ed900000, 0x00000000ed900000| Untracked 
| 218|0x00000000eda00000, 0x00000000eda00000, 0x00000000edb00000|  0%| F|  |TAMS 0x00000000eda00000, 0x00000000eda00000| Untracked 
| 219|0x00000000edb00000, 0x00000000edb00000, 0x00000000edc00000|  0%| F|  |TAMS 0x00000000edb00000, 0x00000000edb00000| Untracked 
| 220|0x00000000edc00000, 0x00000000edc00000, 0x00000000edd00000|  0%| F|  |TAMS 0x00000000edc00000, 0x00000000edc00000| Untracked 
| 221|0x00000000edd00000, 0x00000000edd00000, 0x00000000ede00000|  0%| F|  |TAMS 0x00000000edd00000, 0x00000000edd00000| Untracked 
| 222|0x00000000ede00000, 0x00000000ede00000, 0x00000000edf00000|  0%| F|  |TAMS 0x00000000ede00000, 0x00000000ede00000| Untracked 
| 223|0x00000000edf00000, 0x00000000edf00000, 0x00000000ee000000|  0%| F|  |TAMS 0x00000000edf00000, 0x00000000edf00000| Untracked 
| 224|0x00000000ee000000, 0x00000000ee000000, 0x00000000ee100000|  0%| F|  |TAMS 0x00000000ee000000, 0x00000000ee000000| Untracked 
| 225|0x00000000ee100000, 0x00000000ee100000, 0x00000000ee200000|  0%| F|  |TAMS 0x00000000ee100000, 0x00000000ee100000| Untracked 
| 226|0x00000000ee200000, 0x00000000ee200000, 0x00000000ee300000|  0%| F|  |TAMS 0x00000000ee200000, 0x00000000ee200000| Untracked 
| 227|0x00000000ee300000, 0x00000000ee300000, 0x00000000ee400000|  0%| F|  |TAMS 0x00000000ee300000, 0x00000000ee300000| Untracked 
| 228|0x00000000ee400000, 0x00000000ee400000, 0x00000000ee500000|  0%| F|  |TAMS 0x00000000ee400000, 0x00000000ee400000| Untracked 
| 229|0x00000000ee500000, 0x00000000ee500000, 0x00000000ee600000|  0%| F|  |TAMS 0x00000000ee500000, 0x00000000ee500000| Untracked 
| 230|0x00000000ee600000, 0x00000000ee600000, 0x00000000ee700000|  0%| F|  |TAMS 0x00000000ee600000, 0x00000000ee600000| Untracked 
| 231|0x00000000ee700000, 0x00000000ee700000, 0x00000000ee800000|  0%| F|  |TAMS 0x00000000ee700000, 0x00000000ee700000| Untracked 
| 232|0x00000000ee800000, 0x00000000ee800000, 0x00000000ee900000|  0%| F|  |TAMS 0x00000000ee800000, 0x00000000ee800000| Untracked 
| 233|0x00000000ee900000, 0x00000000ee900000, 0x00000000eea00000|  0%| F|  |TAMS 0x00000000ee900000, 0x00000000ee900000| Untracked 
| 234|0x00000000eea00000, 0x00000000eea00000, 0x00000000eeb00000|  0%| F|  |TAMS 0x00000000eea00000, 0x00000000eea00000| Untracked 
| 235|0x00000000eeb00000, 0x00000000eeb00000, 0x00000000eec00000|  0%| F|  |TAMS 0x00000000eeb00000, 0x00000000eeb00000| Untracked 
| 236|0x00000000eec00000, 0x00000000eec00000, 0x00000000eed00000|  0%| F|  |TAMS 0x00000000eec00000, 0x00000000eec00000| Untracked 
| 237|0x00000000eed00000, 0x00000000eed00000, 0x00000000eee00000|  0%| F|  |TAMS 0x00000000eed00000, 0x00000000eed00000| Untracked 
| 238|0x00000000eee00000, 0x00000000eee00000, 0x00000000eef00000|  0%| F|  |TAMS 0x00000000eee00000, 0x00000000eee00000| Untracked 
| 239|0x00000000eef00000, 0x00000000eef00000, 0x00000000ef000000|  0%| F|  |TAMS 0x00000000eef00000, 0x00000000eef00000| Untracked 
| 240|0x00000000ef000000, 0x00000000ef000000, 0x00000000ef100000|  0%| F|  |TAMS 0x00000000ef000000, 0x00000000ef000000| Untracked 
| 241|0x00000000ef100000, 0x00000000ef100000, 0x00000000ef200000|  0%| F|  |TAMS 0x00000000ef100000, 0x00000000ef100000| Untracked 
| 242|0x00000000ef200000, 0x00000000ef231a88, 0x00000000ef300000| 19%| E|  |TAMS 0x00000000ef200000, 0x00000000ef200000| Complete 
| 243|0x00000000ef300000, 0x00000000ef400000, 0x00000000ef400000|100%| E|CS|TAMS 0x00000000ef300000, 0x00000000ef300000| Complete 
| 244|0x00000000ef400000, 0x00000000ef500000, 0x00000000ef500000|100%| E|CS|TAMS 0x00000000ef400000, 0x00000000ef400000| Complete 
| 245|0x00000000ef500000, 0x00000000ef600000, 0x00000000ef600000|100%| E|CS|TAMS 0x00000000ef500000, 0x00000000ef500000| Complete 
| 246|0x00000000ef600000, 0x00000000ef700000, 0x00000000ef700000|100%| E|CS|TAMS 0x00000000ef600000, 0x00000000ef600000| Complete 
| 247|0x00000000ef700000, 0x00000000ef800000, 0x00000000ef800000|100%| E|CS|TAMS 0x00000000ef700000, 0x00000000ef700000| Complete 
| 248|0x00000000ef800000, 0x00000000ef900000, 0x00000000ef900000|100%| E|CS|TAMS 0x00000000ef800000, 0x00000000ef800000| Complete 
| 249|0x00000000ef900000, 0x00000000efa00000, 0x00000000efa00000|100%| E|CS|TAMS 0x00000000ef900000, 0x00000000ef900000| Complete 
| 250|0x00000000efa00000, 0x00000000efb00000, 0x00000000efb00000|100%| E|CS|TAMS 0x00000000efa00000, 0x00000000efa00000| Complete 
| 251|0x00000000efb00000, 0x00000000efc00000, 0x00000000efc00000|100%| E|CS|TAMS 0x00000000efb00000, 0x00000000efb00000| Complete 
| 252|0x00000000efc00000, 0x00000000efd00000, 0x00000000efd00000|100%| E|CS|TAMS 0x00000000efc00000, 0x00000000efc00000| Complete 
| 253|0x00000000efd00000, 0x00000000efe00000, 0x00000000efe00000|100%| E|CS|TAMS 0x00000000efd00000, 0x00000000efd00000| Complete 
| 254|0x00000000efe00000, 0x00000000eff00000, 0x00000000eff00000|100%| E|CS|TAMS 0x00000000efe00000, 0x00000000efe00000| Complete 
| 255|0x00000000eff00000, 0x00000000f0000000, 0x00000000f0000000|100%| E|CS|TAMS 0x00000000eff00000, 0x00000000eff00000| Complete 

Card table byte_map: [0x000001b1f1920000,0x000001b1f1a20000] _byte_map_base: 0x000001b1f1220000

Marking Bits (Prev, Next): (CMBitMap*) 0x000001b1d9d84b30, (CMBitMap*) 0x000001b1d9d84af0
 Prev Bits: [0x000001b1f2320000, 0x000001b1f2b20000)
 Next Bits: [0x000001b1f1b20000, 0x000001b1f2320000)

Polling page: 0x000001b1d7d10000

Metaspace:

Usage:
  Non-class:     54.57 MB used.
      Class:      8.33 MB used.
       Both:     62.90 MB used.

Virtual space:
  Non-class space:       56.00 MB reserved,      54.88 MB ( 98%) committed,  7 nodes.
      Class space:      208.00 MB reserved,       8.62 MB (  4%) committed,  1 nodes.
              Both:      264.00 MB reserved,      63.50 MB ( 24%) committed. 

Chunk freelists:
   Non-Class:  1.17 MB
       Class:  3.30 MB
        Both:  4.47 MB

MaxMetaspaceSize: 256.00 MB
CompressedClassSpaceSize: 208.00 MB
 - commit_granule_bytes: 65536.
 - commit_granule_words: 8192.
 - virtual_space_node_default_size: 1048576.
 - enlarge_chunks_in_place: 1.
 - new_chunks_are_fully_committed: 0.
 - uncommit_free_chunks: 1.
 - use_allocation_guard: 0.
 - handle_deallocations: 1.


Internal statistics:

num_allocs_failed_limit: 9.
num_arena_births: 766.
num_arena_deaths: 0.
num_vsnodes_births: 8.
num_vsnodes_deaths: 0.
num_space_committed: 1016.
num_space_uncommitted: 0.
num_chunks_returned_to_freelist: 9.
num_chunks_taken_from_freelist: 3338.
num_chunk_merges: 9.
num_chunk_splits: 2195.
num_chunks_enlarged: 1457.
num_purges: 0.

CodeHeap 'non-profiled nmethods': size=120000Kb used=5760Kb max_used=5760Kb free=114239Kb
 bounds [0x000001b1ea1e0000, 0x000001b1ea790000, 0x000001b1f1710000]
CodeHeap 'profiled nmethods': size=120000Kb used=15278Kb max_used=15954Kb free=104721Kb
 bounds [0x000001b1e2cb0000, 0x000001b1e3c50000, 0x000001b1ea1e0000]
CodeHeap 'non-nmethods': size=5760Kb used=2370Kb max_used=2477Kb free=3389Kb
 bounds [0x000001b1e2710000, 0x000001b1e29b0000, 0x000001b1e2cb0000]
 total_blobs=9523 nmethods=8631 adapters=804
 compilation: enabled
              stopped_count=0, restarted_count=0
 full_count=0

Compilation events (20 events):
Event: 9394.100 Thread 0x000001b1f531ac90 nmethod 10337 0x000001b1e36f8190 code [0x000001b1e36f8400, 0x000001b1e36f8fa8]
Event: 9394.100 Thread 0x000001b1f531ac90 10338       3       org.gradle.internal.snapshot.SnapshotUtil$1::handleAsDescendantOfChild (10 bytes)
Event: 9394.101 Thread 0x000001b1f531ac90 nmethod 10338 0x000001b1e36f7b10 code [0x000001b1e36f7cc0, 0x000001b1e36f8028]
Event: 9394.101 Thread 0x000001b1f531ac90 10336       3       java.util.Optional::filter (35 bytes)
Event: 9394.101 Thread 0x000001b1f531ac90 nmethod 10336 0x000001b1e36f7290 code [0x000001b1e36f7480, 0x000001b1e36f7998]
Event: 9394.106 Thread 0x000001b1f531a290 nmethod 10334% 0x000001b1ea77e390 code [0x000001b1ea77e560, 0x000001b1ea77f208]
Event: 9394.114 Thread 0x000001b1f531ac90 10339       3       java.util.concurrent.ConcurrentHashMap::isEmpty (15 bytes)
Event: 9394.114 Thread 0x000001b1f531ac90 nmethod 10339 0x000001b1e31b0790 code [0x000001b1e31b0940, 0x000001b1e31b0ae8]
Event: 9394.116 Thread 0x000001b1f531ac90 10340       3       com.google.common.collect.MapMakerInternalMap$Segment::getEntry (80 bytes)
Event: 9394.117 Thread 0x000001b1f531ac90 nmethod 10340 0x000001b1e31aef90 code [0x000001b1e31af240, 0x000001b1e31b0328]
Event: 9394.117 Thread 0x000001b1f531ac90 10341       3       org.gradle.api.internal.cache.StringInterner::intern (9 bytes)
Event: 9394.117 Thread 0x000001b1f531ac90 nmethod 10341 0x000001b1e31ae810 code [0x000001b1e31ae9e0, 0x000001b1e31aee88]
Event: 9394.121 Thread 0x000001b1f531ac90 10342       3       com.google.common.collect.ImmutableMap::<init> (5 bytes)
Event: 9394.121 Thread 0x000001b1f531ac90 nmethod 10342 0x000001b1e31ae190 code [0x000001b1e31ae340, 0x000001b1e31ae498]
Event: 9394.125 Thread 0x000001b1f531ac90 10344       3       org.gradle.api.tasks.compile.CompileOptions_Decorated::getConventionMapping (29 bytes)
Event: 9394.125 Thread 0x000001b1f531ac90 nmethod 10344 0x000001b1e3882310 code [0x000001b1e3882520, 0x000001b1e3882db8]
Event: 9394.125 Thread 0x000001b1f531ac90 10343       1       org.gradle.api.internal.provider.AbstractProperty::getDeclaredDisplayName (5 bytes)
Event: 9394.125 Thread 0x000001b1f531ac90 nmethod 10343 0x000001b1ea77f810 code [0x000001b1ea77f9a0, 0x000001b1ea77fa78]
Event: 9394.125 Thread 0x000001b1f531ac90 10345       1       org.gradle.api.internal.provider.AbstractProperty$FinalizedValue::maybeFinalizeOnRead (2 bytes)
Event: 9394.125 Thread 0x000001b1f531ac90 nmethod 10345 0x000001b1ea77fb10 code [0x000001b1ea77fca0, 0x000001b1ea77fd78]

GC Heap History (20 events):
Event: 0.691 GC heap before
{Heap before GC invocations=1 (full 0):
 garbage-first heap   total 262144K, used 34128K [0x00000000e0000000, 0x0000000100000000)
  region size 1024K, 27 young (27648K), 3 survivors (3072K)
 Metaspace       used 4130K, committed 4288K, reserved 221184K
  class space    used 480K, committed 576K, reserved 212992K
}
Event: 0.693 GC heap after
{Heap after GC invocations=2 (full 0):
 garbage-first heap   total 262144K, used 9842K [0x00000000e0000000, 0x0000000100000000)
  region size 1024K, 1 young (1024K), 1 survivors (1024K)
 Metaspace       used 4130K, committed 4288K, reserved 221184K
  class space    used 480K, committed 576K, reserved 212992K
}
Event: 2.248 GC heap before
{Heap before GC invocations=2 (full 0):
 garbage-first heap   total 262144K, used 119410K [0x00000000e0000000, 0x0000000100000000)
  region size 1024K, 109 young (111616K), 1 survivors (1024K)
 Metaspace       used 20980K, committed 21248K, reserved 237568K
  class space    used 3038K, committed 3200K, reserved 212992K
}
Event: 2.255 GC heap after
{Heap after GC invocations=3 (full 0):
 garbage-first heap   total 262144K, used 19742K [0x00000000e0000000, 0x0000000100000000)
  region size 1024K, 11 young (11264K), 11 survivors (11264K)
 Metaspace       used 20980K, committed 21248K, reserved 237568K
  class space    used 3038K, committed 3200K, reserved 212992K
}
Event: 3.194 GC heap before
{Heap before GC invocations=4 (full 0):
 garbage-first heap   total 262144K, used 147742K [0x00000000e0000000, 0x0000000100000000)
  region size 1024K, 134 young (137216K), 11 survivors (11264K)
 Metaspace       used 33299K, committed 33664K, reserved 245760K
  class space    used 4501K, committed 4672K, reserved 212992K
}
Event: 3.208 GC heap after
{Heap after GC invocations=5 (full 0):
 garbage-first heap   total 262144K, used 30065K [0x00000000e0000000, 0x0000000100000000)
  region size 1024K, 10 young (10240K), 10 survivors (10240K)
 Metaspace       used 33299K, committed 33664K, reserved 245760K
  class space    used 4501K, committed 4672K, reserved 212992K
}
Event: 3.683 GC heap before
{Heap before GC invocations=5 (full 0):
 garbage-first heap   total 262144K, used 138609K [0x00000000e0000000, 0x0000000100000000)
  region size 1024K, 118 young (120832K), 10 survivors (10240K)
 Metaspace       used 35194K, committed 35520K, reserved 245760K
  class space    used 4672K, committed 4800K, reserved 212992K
}
Event: 3.691 GC heap after
{Heap after GC invocations=6 (full 0):
 garbage-first heap   total 262144K, used 33944K [0x00000000e0000000, 0x0000000100000000)
  region size 1024K, 14 young (14336K), 14 survivors (14336K)
 Metaspace       used 35194K, committed 35520K, reserved 245760K
  class space    used 4672K, committed 4800K, reserved 212992K
}
Event: 5.430 GC heap before
{Heap before GC invocations=7 (full 0):
 garbage-first heap   total 262144K, used 176280K [0x00000000e0000000, 0x0000000100000000)
  region size 1024K, 153 young (156672K), 14 survivors (14336K)
 Metaspace       used 50499K, committed 50944K, reserved 262144K
  class space    used 6798K, committed 6976K, reserved 212992K
}
Event: 5.442 GC heap after
{Heap after GC invocations=8 (full 0):
 garbage-first heap   total 262144K, used 44160K [0x00000000e0000000, 0x0000000100000000)
  region size 1024K, 16 young (16384K), 16 survivors (16384K)
 Metaspace       used 50499K, committed 50944K, reserved 262144K
  class space    used 6798K, committed 6976K, reserved 212992K
}
Event: 6.611 GC heap before
{Heap before GC invocations=8 (full 0):
 garbage-first heap   total 262144K, used 183424K [0x00000000e0000000, 0x0000000100000000)
  region size 1024K, 153 young (156672K), 16 survivors (16384K)
 Metaspace       used 58679K, committed 59200K, reserved 270336K
  class space    used 7883K, committed 8128K, reserved 212992K
}
Event: 6.620 GC heap after
{Heap after GC invocations=9 (full 0):
 garbage-first heap   total 262144K, used 50523K [0x00000000e0000000, 0x0000000100000000)
  region size 1024K, 16 young (16384K), 16 survivors (16384K)
 Metaspace       used 58679K, committed 59200K, reserved 270336K
  class space    used 7883K, committed 8128K, reserved 212992K
}
Event: 6.662 GC heap before
{Heap before GC invocations=9 (full 0):
 garbage-first heap   total 262144K, used 53595K [0x00000000e0000000, 0x0000000100000000)
  region size 1024K, 20 young (20480K), 16 survivors (16384K)
 Metaspace       used 58977K, committed 59456K, reserved 270336K
  class space    used 7927K, committed 8192K, reserved 212992K
}
Event: 6.668 GC heap after
{Heap after GC invocations=10 (full 0):
 garbage-first heap   total 262144K, used 51626K [0x00000000e0000000, 0x0000000100000000)
  region size 1024K, 7 young (7168K), 7 survivors (7168K)
 Metaspace       used 58977K, committed 59456K, reserved 270336K
  class space    used 7927K, committed 8192K, reserved 212992K
}
Event: 7.398 GC heap before
{Heap before GC invocations=11 (full 0):
 garbage-first heap   total 262144K, used 200106K [0x00000000e0000000, 0x0000000100000000)
  region size 1024K, 153 young (156672K), 7 survivors (7168K)
 Metaspace       used 60534K, committed 60992K, reserved 270336K
  class space    used 8093K, committed 8320K, reserved 212992K
}
Event: 7.404 GC heap after
{Heap after GC invocations=12 (full 0):
 garbage-first heap   total 262144K, used 54379K [0x00000000e0000000, 0x0000000100000000)
  region size 1024K, 10 young (10240K), 10 survivors (10240K)
 Metaspace       used 60534K, committed 60992K, reserved 270336K
  class space    used 8093K, committed 8320K, reserved 212992K
}
Event: 3553.907 GC heap before
{Heap before GC invocations=12 (full 0):
 garbage-first heap   total 262144K, used 199787K [0x00000000e0000000, 0x0000000100000000)
  region size 1024K, 153 young (156672K), 10 survivors (10240K)
 Metaspace       used 62247K, committed 62784K, reserved 270336K
  class space    used 8254K, committed 8512K, reserved 212992K
}
Event: 3553.916 GC heap after
{Heap after GC invocations=13 (full 0):
 garbage-first heap   total 262144K, used 54040K [0x00000000e0000000, 0x0000000100000000)
  region size 1024K, 10 young (10240K), 10 survivors (10240K)
 Metaspace       used 62247K, committed 62784K, reserved 270336K
  class space    used 8254K, committed 8512K, reserved 212992K
}
Event: 9281.084 GC heap before
{Heap before GC invocations=13 (full 0):
 garbage-first heap   total 262144K, used 199448K [0x00000000e0000000, 0x0000000100000000)
  region size 1024K, 153 young (156672K), 10 survivors (10240K)
 Metaspace       used 64188K, committed 64768K, reserved 270336K
  class space    used 8511K, committed 8768K, reserved 212992K
}
Event: 9281.090 GC heap after
{Heap after GC invocations=14 (full 0):
 garbage-first heap   total 262144K, used 53101K [0x00000000e0000000, 0x0000000100000000)
  region size 1024K, 9 young (9216K), 9 survivors (9216K)
 Metaspace       used 64188K, committed 64768K, reserved 270336K
  class space    used 8511K, committed 8768K, reserved 212992K
}

Deoptimization events (20 events):
Event: 9393.876 Thread 0x000001b1f6e85b00 Uncommon trap: trap_request=0xffffffde fr.pc=0x000001b1ea6713cc relative=0x000000000000178c
Event: 9393.876 Thread 0x000001b1f6e85b00 Uncommon trap: reason=class_check action=maybe_recompile pc=0x000001b1ea6713cc method=sun.management.spi.PlatformMBeanProvider$PlatformComponent.getMBeans(Ljava/lang/Class;)Ljava/util/List; @ 26 c2
Event: 9393.876 Thread 0x000001b1f6e85b00 DEOPT PACKING pc=0x000001b1ea6713cc sp=0x0000007156efe5a0
Event: 9393.876 Thread 0x000001b1f6e85b00 DEOPT UNPACKING pc=0x000001b1e275d72e sp=0x0000007156efe598 mode 2
Event: 9393.898 Thread 0x000001b1f6e85b00 Uncommon trap: trap_request=0xffffffd6 fr.pc=0x000001b1ea6d28a0 relative=0x0000000000000480
Event: 9393.898 Thread 0x000001b1f6e85b00 Uncommon trap: reason=array_check action=maybe_recompile pc=0x000001b1ea6d28a0 method=java.util.HashMap.keysToArray([Ljava/lang/Object;)[Ljava/lang/Object; @ 62 c2
Event: 9393.898 Thread 0x000001b1f6e85b00 DEOPT PACKING pc=0x000001b1ea6d28a0 sp=0x0000007156efafc0
Event: 9393.898 Thread 0x000001b1f6e85b00 DEOPT UNPACKING pc=0x000001b1e275d72e sp=0x0000007156efaf58 mode 2
Event: 9393.899 Thread 0x000001b1f6e85b00 Uncommon trap: trap_request=0xffffffd6 fr.pc=0x000001b1ea6d28a0 relative=0x0000000000000480
Event: 9393.899 Thread 0x000001b1f6e85b00 Uncommon trap: reason=array_check action=maybe_recompile pc=0x000001b1ea6d28a0 method=java.util.HashMap.keysToArray([Ljava/lang/Object;)[Ljava/lang/Object; @ 62 c2
Event: 9393.899 Thread 0x000001b1f6e85b00 DEOPT PACKING pc=0x000001b1ea6d28a0 sp=0x0000007156efc920
Event: 9393.899 Thread 0x000001b1f6e85b00 DEOPT UNPACKING pc=0x000001b1e275d72e sp=0x0000007156efc8b8 mode 2
Event: 9394.007 Thread 0x000001b1f6e85b00 DEOPT PACKING pc=0x000001b1e3ad2054 sp=0x0000007156ef7b90
Event: 9394.007 Thread 0x000001b1f6e85b00 DEOPT UNPACKING pc=0x000001b1e275dece sp=0x0000007156ef7110 mode 0
Event: 9394.009 Thread 0x000001b1f6e85b00 Uncommon trap: trap_request=0xffffffc6 fr.pc=0x000001b1ea727c6c relative=0x0000000000000ccc
Event: 9394.009 Thread 0x000001b1f6e85b00 Uncommon trap: reason=bimorphic_or_optimized_type_check action=maybe_recompile pc=0x000001b1ea727c6c method=java.util.AbstractCollection.toArray()[Ljava/lang/Object; @ 22 c2
Event: 9394.009 Thread 0x000001b1f6e85b00 DEOPT PACKING pc=0x000001b1ea727c6c sp=0x0000007156ef9be0
Event: 9394.009 Thread 0x000001b1f6e85b00 DEOPT UNPACKING pc=0x000001b1e275d72e sp=0x0000007156ef9ba0 mode 2
Event: 9394.015 Thread 0x000001b1f6e85b00 DEOPT PACKING pc=0x000001b1e2e2f0ba sp=0x0000007156ef7700
Event: 9394.015 Thread 0x000001b1f6e85b00 DEOPT UNPACKING pc=0x000001b1e275dece sp=0x0000007156ef6bc0 mode 0

Classes unloaded (0 events):
No events

Classes redefined (0 events):
No events

Internal exceptions (20 events):
Event: 9262.477 Thread 0x000001b1f829aab0 Implicit null exception at 0x000001b1ea211c6f to 0x000001b1ea212164
Event: 9262.477 Thread 0x000001b1f829aab0 Implicit null exception at 0x000001b1ea2b5d72 to 0x000001b1ea2b67c0
Event: 9262.480 Thread 0x000001b1f829aab0 Exception <a 'java/lang/NoSuchMethodError'{0x00000000e75c8058}: 'void java.lang.invoke.DirectMethodHandle$Holder.invokeInterface(java.lang.Object, java.lang.Object, java.lang.Object, java.lang.Object)'> (0x00000000e75c8058) 
thrown [e:\jenkins\tmp\workspace\build\src\src\hotspot\share\interpreter\linkResolver.cpp, line 790]
Event: 9262.498 Thread 0x000001b1f6e85b00 Exception <a 'java/lang/NoSuchMethodError'{0x00000000e7482c40}: 'void java.lang.invoke.DirectMethodHandle$Holder.invokeStatic(java.lang.Object, long)'> (0x00000000e7482c40) 
thrown [e:\jenkins\tmp\workspace\build\src\src\hotspot\share\interpreter\linkResolver.cpp, line 790]
Event: 9262.498 Thread 0x000001b1f6e85b00 Exception <a 'java/lang/NoSuchMethodError'{0x00000000e74884c8}: 'java.lang.Object java.lang.invoke.DirectMethodHandle$Holder.newInvokeSpecial(java.lang.Object, long)'> (0x00000000e74884c8) 
thrown [e:\jenkins\tmp\workspace\build\src\src\hotspot\share\interpreter\linkResolver.cpp, line 790]
Event: 9262.499 Thread 0x000001b1f6e85b00 Exception <a 'java/lang/NoSuchMethodError'{0x00000000e748f2c8}: 'java.lang.Object java.lang.invoke.DirectMethodHandle$Holder.invokeStatic(java.lang.Object, java.lang.Object, long, java.lang.Object)'> (0x00000000e748f2c8) 
thrown [e:\jenkins\tmp\workspace\build\src\src\hotspot\share\interpreter\linkResolver.cpp, line 790]
Event: 9262.499 Thread 0x000001b1f6e85b00 Exception <a 'java/lang/NoSuchMethodError'{0x00000000e7492f68}: 'java.lang.Object java.lang.invoke.DirectMethodHandle$Holder.invokeStaticInit(java.lang.Object, java.lang.Object, long, java.lang.Object)'> (0x00000000e7492f68) 
thrown [e:\jenkins\tmp\workspace\build\src\src\hotspot\share\interpreter\linkResolver.cpp, line 790]
Event: 9262.499 Thread 0x000001b1f6e85b00 Exception <a 'java/lang/NoSuchMethodError'{0x00000000e74998b8}: 'java.lang.Object java.lang.invoke.DirectMethodHandle$Holder.newInvokeSpecial(java.lang.Object, java.lang.Object, long)'> (0x00000000e74998b8) 
thrown [e:\jenkins\tmp\workspace\build\src\src\hotspot\share\interpreter\linkResolver.cpp, line 790]
Event: 9262.499 Thread 0x000001b1f6e85b00 Exception <a 'java/lang/NoSuchMethodError'{0x00000000e749d628}: 'java.lang.Object java.lang.invoke.Invokers$Holder.linkToTargetMethod(java.lang.Object, long, java.lang.Object)'> (0x00000000e749d628) 
thrown [e:\jenkins\tmp\workspace\build\src\src\hotspot\share\interpreter\linkResolver.cpp, line 790]
Event: 9263.720 Thread 0x000001b1f829aab0 Exception <a 'java/lang/reflect/InvocationTargetException'{0x00000000e74795d8}> (0x00000000e74795d8) 
thrown [e:\jenkins\tmp\workspace\build\src\src\hotspot\share\runtime\reflection.cpp, line 1157]
Event: 9263.723 Thread 0x000001b1fb51ec20 Exception <a 'java/lang/NoSuchMethodError'{0x00000000e79875d0}: static Lorg/gradle/internal/build/event/types/DefaultTaskFailureResult;.<clinit>()V> (0x00000000e79875d0) 
thrown [e:\jenkins\tmp\workspace\build\src\src\hotspot\share\prims\jni.cpp, line 1210]
Event: 9263.724 Thread 0x000001b1fb51ec20 Exception <a 'java/lang/NoSuchMethodError'{0x00000000e7995f48}: static Lorg/gradle/internal/build/event/types/DefaultFailure;.<clinit>()V> (0x00000000e7995f48) 
thrown [e:\jenkins\tmp\workspace\build\src\src\hotspot\share\prims\jni.cpp, line 1210]
Event: 9263.926 Thread 0x000001b1fb51bc50 Exception <a 'java/lang/NoSuchMethodError'{0x00000000e9e76258}: static Lorg/gradle/tooling/internal/provider/serialization/ClassLoaderDetails;.<clinit>()V> (0x00000000e9e76258) 
thrown [e:\jenkins\tmp\workspace\build\src\src\hotspot\share\prims\jni.cpp, line 1210]
Event: 9263.926 Thread 0x000001b1fb51bc50 Exception <a 'java/lang/NoSuchMethodError'{0x00000000e7146d00}: static Lorg/gradle/tooling/internal/provider/serialization/WellKnownClassLoaderRegistry$KnownClassLoaderSpec;.<clinit>()V> (0x00000000e7146d00) 
thrown [e:\jenkins\tmp\workspace\build\src\src\hotspot\share\prims\jni.cpp, line 1210]
Event: 9263.926 Thread 0x000001b1fb51bc50 Exception <a 'java/lang/NoSuchMethodError'{0x00000000e7148430}: static Lorg/gradle/internal/classloader/ClassLoaderSpec;.<clinit>()V> (0x00000000e7148430) 
thrown [e:\jenkins\tmp\workspace\build\src\src\hotspot\share\prims\jni.cpp, line 1210]
Event: 9263.927 Thread 0x000001b1fb51bc50 Exception <a 'java/lang/NoSuchMethodError'{0x00000000e715a0f0}: static Lorg/gradle/internal/classloader/ClassLoaderSpec;.<clinit>()V> (0x00000000e715a0f0) 
thrown [e:\jenkins\tmp\workspace\build\src\src\hotspot\share\prims\jni.cpp, line 1210]
Event: 9263.927 Thread 0x000001b1fb51bc50 Exception <a 'java/lang/NoSuchMethodError'{0x00000000e7165bf0}: static Lorg/gradle/internal/classloader/VisitableURLClassLoader$Spec;.<clinit>()V> (0x00000000e7165bf0) 
thrown [e:\jenkins\tmp\workspace\build\src\src\hotspot\share\prims\jni.cpp, line 1210]
Event: 9263.937 Thread 0x000001b1fb51bc50 Implicit null exception at 0x000001b1ea53c0c0 to 0x000001b1ea53e9f0
Event: 9394.016 Thread 0x000001b1f6e85b00 Exception <a 'sun/nio/fs/WindowsException'{0x00000000ef53a710}> (0x00000000ef53a710) 
thrown [e:\jenkins\tmp\workspace\build\src\src\hotspot\share\prims\jni.cpp, line 579]
Event: 9394.016 Thread 0x000001b1f6e85b00 Exception <a 'sun/nio/fs/WindowsException'{0x00000000ef53a9b0}> (0x00000000ef53a9b0) 
thrown [e:\jenkins\tmp\workspace\build\src\src\hotspot\share\prims\jni.cpp, line 579]

Events (20 events):
Event: 9393.955 Executing  VM operation: ICBufferFull
Event: 9393.955 Executing  VM operation: ICBufferFull done
Event: 9393.969 Thread 0x000001b1fb519c70 Thread added: 0x000001b1fb519c70
Event: 9394.004 Thread 0x000001b1fb51bc50 Thread added: 0x000001b1fb51bc50
Event: 9394.004 Thread 0x000001b1fb51a1c0 Thread added: 0x000001b1fb51a1c0
Event: 9394.004 Thread 0x000001b1fb51b1b0 Thread added: 0x000001b1fb51b1b0
Event: 9394.005 Thread 0x000001b1fb51f170 Thread added: 0x000001b1fb51f170
Event: 9394.005 Thread 0x000001b1fb51b700 Thread added: 0x000001b1fb51b700
Event: 9394.005 Thread 0x000001b1fb51c1a0 Thread added: 0x000001b1fb51c1a0
Event: 9394.009 Thread 0x000001b1f78fe5b0 Thread added: 0x000001b1f78fe5b0
Event: 9394.023 Executing  VM operation: ICBufferFull
Event: 9394.023 Executing  VM operation: ICBufferFull done
Event: 9394.031 Thread 0x000001b1fb51c6f0 Thread added: 0x000001b1fb51c6f0
Event: 9394.031 Thread 0x000001b1f8299020 Thread added: 0x000001b1f8299020
Event: 9394.031 Thread 0x000001b1f8295b00 Thread added: 0x000001b1f8295b00
Event: 9394.031 Thread 0x000001b1f82955b0 Thread added: 0x000001b1f82955b0
Event: 9394.031 Thread 0x000001b1f8299570 Thread added: 0x000001b1f8299570
Event: 9394.051 Thread 0x000001b1f829a560 Thread added: 0x000001b1f829a560
Event: 9394.069 Executing  VM operation: ICBufferFull
Event: 9394.069 Executing  VM operation: ICBufferFull done


Dynamic libraries:
0x00007ff775c80000 - 0x00007ff775c8e000 	C:\Program Files\AdoptOpenJDK\jdk-16.0.1.9-hotspot\bin\java.exe
0x00007ffddf710000 - 0x00007ffddf905000 	C:\WINDOWS\SYSTEM32\ntdll.dll
0x00007ffddea10000 - 0x00007ffddeacd000 	C:\WINDOWS\System32\KERNEL32.DLL
0x00007ffddd3c0000 - 0x00007ffddd689000 	C:\WINDOWS\System32\KERNELBASE.dll
0x00007ffddd160000 - 0x00007ffddd260000 	C:\WINDOWS\System32\ucrtbase.dll
0x00007ffdd67a0000 - 0x00007ffdd67b8000 	C:\Program Files\AdoptOpenJDK\jdk-16.0.1.9-hotspot\bin\jli.dll
0x00007ffdd6780000 - 0x00007ffdd6799000 	C:\Program Files\AdoptOpenJDK\jdk-16.0.1.9-hotspot\bin\VCRUNTIME140.dll
0x00007ffddedb0000 - 0x00007ffddef50000 	C:\WINDOWS\System32\USER32.dll
0x00007ffddd750000 - 0x00007ffddd772000 	C:\WINDOWS\System32\win32u.dll
0x00007ffdb8d80000 - 0x00007ffdb901a000 	C:\WINDOWS\WinSxS\amd64_microsoft.windows.common-controls_6595b64144ccf1df_6.0.19041.1083_none_60bbe31371f34e71\COMCTL32.dll
0x00007ffdde500000 - 0x00007ffdde52a000 	C:\WINDOWS\System32\GDI32.dll
0x00007ffdde970000 - 0x00007ffddea0e000 	C:\WINDOWS\System32\msvcrt.dll
0x00007ffddce50000 - 0x00007ffddcf5b000 	C:\WINDOWS\System32\gdi32full.dll
0x00007ffddcfc0000 - 0x00007ffddd05d000 	C:\WINDOWS\System32\msvcp_win.dll
0x00007ffddf6a0000 - 0x00007ffddf6d0000 	C:\WINDOWS\System32\IMM32.DLL
0x00007ffdd8290000 - 0x00007ffdd829c000 	C:\Program Files\AdoptOpenJDK\jdk-16.0.1.9-hotspot\bin\vcruntime140_1.dll
0x00007ffdcd530000 - 0x00007ffdcd5c1000 	C:\Program Files\AdoptOpenJDK\jdk-16.0.1.9-hotspot\bin\msvcp140.dll
0x00007ffd6a6a0000 - 0x00007ffd6b2d8000 	C:\Program Files\AdoptOpenJDK\jdk-16.0.1.9-hotspot\bin\server\jvm.dll
0x00007ffddead0000 - 0x00007ffddeb7c000 	C:\WINDOWS\System32\ADVAPI32.dll
0x00007ffdde400000 - 0x00007ffdde49b000 	C:\WINDOWS\System32\sechost.dll
0x00007ffddef50000 - 0x00007ffddf07a000 	C:\WINDOWS\System32\RPCRT4.dll
0x00007ffdddf20000 - 0x00007ffdddf28000 	C:\WINDOWS\System32\PSAPI.DLL
0x00007ffdc5cc0000 - 0x00007ffdc5cc9000 	C:\WINDOWS\SYSTEM32\WSOCK32.dll
0x00007ffdc0d40000 - 0x00007ffdc0d67000 	C:\WINDOWS\SYSTEM32\WINMM.dll
0x00007ffdd45d0000 - 0x00007ffdd45da000 	C:\WINDOWS\SYSTEM32\VERSION.dll
0x00007ffddf090000 - 0x00007ffddf0fb000 	C:\WINDOWS\System32\WS2_32.dll
0x00007ffddad90000 - 0x00007ffddada2000 	C:\WINDOWS\SYSTEM32\kernel.appcore.dll
0x00007ffdd7190000 - 0x00007ffdd719a000 	C:\Program Files\AdoptOpenJDK\jdk-16.0.1.9-hotspot\bin\jimage.dll
0x00007ffdd7c40000 - 0x00007ffdd7e24000 	C:\WINDOWS\SYSTEM32\DBGHELP.DLL
0x00007ffdd7a40000 - 0x00007ffdd7a6c000 	C:\WINDOWS\SYSTEM32\dbgcore.DLL
0x00007ffddd690000 - 0x00007ffddd713000 	C:\WINDOWS\System32\bcryptPrimitives.dll
0x00007ffdd6750000 - 0x00007ffdd6775000 	C:\Program Files\AdoptOpenJDK\jdk-16.0.1.9-hotspot\bin\java.dll
0x00007ffddd780000 - 0x00007ffdddebf000 	C:\WINDOWS\System32\SHELL32.dll
0x00007ffddaf90000 - 0x00007ffddb721000 	C:\WINDOWS\SYSTEM32\windows.storage.dll
0x00007ffddf340000 - 0x00007ffddf695000 	C:\WINDOWS\System32\combase.dll
0x00007ffddc8c0000 - 0x00007ffddc8ec000 	C:\WINDOWS\SYSTEM32\Wldp.dll
0x00007ffddf1b0000 - 0x00007ffddf25e000 	C:\WINDOWS\System32\SHCORE.dll
0x00007ffddeb80000 - 0x00007ffddebd5000 	C:\WINDOWS\System32\shlwapi.dll
0x00007ffddcd90000 - 0x00007ffddcdaf000 	C:\WINDOWS\SYSTEM32\profapi.dll
0x00007ffdd21c0000 - 0x00007ffdd21d9000 	C:\Program Files\AdoptOpenJDK\jdk-16.0.1.9-hotspot\bin\net.dll
0x00007ffdd6030000 - 0x00007ffdd613a000 	C:\WINDOWS\SYSTEM32\WINHTTP.dll
0x00007ffddc620000 - 0x00007ffddc68a000 	C:\WINDOWS\system32\mswsock.dll
0x00007ffdd1910000 - 0x00007ffdd1923000 	C:\Program Files\AdoptOpenJDK\jdk-16.0.1.9-hotspot\bin\nio.dll
0x00007ffdcdc70000 - 0x00007ffdcdc88000 	C:\Program Files\AdoptOpenJDK\jdk-16.0.1.9-hotspot\bin\zip.dll
0x00007ffdd7130000 - 0x00007ffdd7140000 	C:\Program Files\AdoptOpenJDK\jdk-16.0.1.9-hotspot\bin\verify.dll
0x00007ffdd69b0000 - 0x00007ffdd69d7000 	C:\Users\80010-02-05\.gradle\native\49d0259a56938c7f99b2704e745ce422c4f750a7a20b539a32ccef96729676b1\windows-amd64\native-platform.dll
0x00007ffdc5b20000 - 0x00007ffdc5cb6000 	C:\Users\80010-02-05\.gradle\native\12488b8bf47d2d4c9fbf2f6322a914ad602e24e48041cd04a747c6da556b65c4\windows-amd64\native-platform-file-events.dll
0x00007ffdd7060000 - 0x00007ffdd7069000 	C:\Program Files\AdoptOpenJDK\jdk-16.0.1.9-hotspot\bin\management.dll
0x00007ffdd69a0000 - 0x00007ffdd69ab000 	C:\Program Files\AdoptOpenJDK\jdk-16.0.1.9-hotspot\bin\management_ext.dll
0x00007ffddc800000 - 0x00007ffddc818000 	C:\WINDOWS\SYSTEM32\CRYPTSP.dll
0x00007ffddbef0000 - 0x00007ffddbf24000 	C:\WINDOWS\system32\rsaenh.dll
0x00007ffddd720000 - 0x00007ffddd747000 	C:\WINDOWS\System32\bcrypt.dll
0x00007ffddcd50000 - 0x00007ffddcd7e000 	C:\WINDOWS\SYSTEM32\USERENV.dll
0x00007ffddc820000 - 0x00007ffddc82c000 	C:\WINDOWS\SYSTEM32\CRYPTBASE.dll
0x00007ffddc2c0000 - 0x00007ffddc2fb000 	C:\WINDOWS\SYSTEM32\IPHLPAPI.DLL
0x00007ffddf080000 - 0x00007ffddf088000 	C:\WINDOWS\System32\NSI.dll
0x00007ffdd8810000 - 0x00007ffdd8827000 	C:\WINDOWS\SYSTEM32\dhcpcsvc6.DLL
0x00007ffdd8610000 - 0x00007ffdd862d000 	C:\WINDOWS\SYSTEM32\dhcpcsvc.DLL
0x00007ffddc300000 - 0x00007ffddc3cc000 	C:\WINDOWS\SYSTEM32\DNSAPI.dll
0x00007ffdd21b0000 - 0x00007ffdd21be000 	C:\Program Files\AdoptOpenJDK\jdk-16.0.1.9-hotspot\bin\sunmscapi.dll
0x00007ffddd260000 - 0x00007ffddd3bf000 	C:\WINDOWS\System32\CRYPT32.dll
0x00007ffddc930000 - 0x00007ffddc957000 	C:\WINDOWS\SYSTEM32\ncrypt.dll
0x00007ffddc8f0000 - 0x00007ffddc92b000 	C:\WINDOWS\SYSTEM32\NTASN1.dll
0x00007ffdd2190000 - 0x00007ffdd2197000 	C:\WINDOWS\system32\wshunix.dll

dbghelp: loaded successfully - version: 4.0.5 - missing functions: none
symbol engine: initialized successfully - sym options: 0x614 - pdb path: .;C:\Program Files\AdoptOpenJDK\jdk-16.0.1.9-hotspot\bin;C:\WINDOWS\SYSTEM32;C:\WINDOWS\WinSxS\amd64_microsoft.windows.common-controls_6595b64144ccf1df_6.0.19041.1083_none_60bbe31371f34e71;C:\Program Files\AdoptOpenJDK\jdk-16.0.1.9-hotspot\bin\server;C:\Users\80010-02-05\.gradle\native\49d0259a56938c7f99b2704e745ce422c4f750a7a20b539a32ccef96729676b1\windows-amd64;C:\Users\80010-02-05\.gradle\native\12488b8bf47d2d4c9fbf2f6322a914ad602e24e48041cd04a747c6da556b65c4\windows-amd64

VM Arguments:
jvm_args: --add-opens=java.base/java.util=ALL-UNNAMED --add-opens=java.base/java.lang=ALL-UNNAMED --add-opens=java.base/java.lang.invoke=ALL-UNNAMED --add-opens=java.base/java.util=ALL-UNNAMED --add-opens=java.prefs/java.util.prefs=ALL-UNNAMED --add-opens=java.prefs/java.util.prefs=ALL-UNNAMED --add-opens=java.base/java.nio.charset=ALL-UNNAMED --add-opens=java.base/java.net=ALL-UNNAMED --add-opens=java.base/java.util.concurrent.atomic=ALL-UNNAMED -XX:MaxMetaspaceSize=256m -XX:+HeapDumpOnOutOfMemoryError -Xms256m -Xmx512m -Dfile.encoding=windows-1252 -Duser.country=FR -Duser.language=fr -Duser.variant 
java_command: org.gradle.launcher.daemon.bootstrap.GradleDaemon 7.0
java_class_path (initial): C:\Users\80010-02-05\.gradle\wrapper\dists\gradle-7.0-bin\2p9ebqfz6ilrfozi676ogco7n\gradle-7.0\lib\gradle-launcher-7.0.jar
Launcher Type: SUN_STANDARD

[Global flags]
     intx CICompilerCount                          = 3                                         {product} {ergonomic}
   size_t CompressedClassSpaceSize                 = 218103808                                 {product} {ergonomic}
     uint ConcGCThreads                            = 2                                         {product} {ergonomic}
     uint G1ConcRefinementThreads                  = 6                                         {product} {ergonomic}
   size_t G1HeapRegionSize                         = 1048576                                   {product} {ergonomic}
    uintx GCDrainStackTargetSize                   = 64                                        {product} {ergonomic}
     bool HeapDumpOnOutOfMemoryError               = true                                   {manageable} {command line}
   size_t InitialHeapSize                          = 268435456                                 {product} {command line}
   size_t MarkStackSize                            = 4194304                                   {product} {ergonomic}
   size_t MaxHeapSize                              = 536870912                                 {product} {command line}
   size_t MaxMetaspaceSize                         = 268435456                                 {product} {command line}
   size_t MaxNewSize                               = 321912832                                 {product} {ergonomic}
   size_t MinHeapDeltaBytes                        = 1048576                                   {product} {ergonomic}
   size_t MinHeapSize                              = 268435456                                 {product} {command line}
    uintx NonNMethodCodeHeapSize                   = 5832780                                {pd product} {ergonomic}
    uintx NonProfiledCodeHeapSize                  = 122912730                              {pd product} {ergonomic}
    uintx ProfiledCodeHeapSize                     = 122912730                              {pd product} {ergonomic}
    uintx ReservedCodeCacheSize                    = 251658240                              {pd product} {ergonomic}
     bool SegmentedCodeCache                       = true                                      {product} {ergonomic}
   size_t SoftMaxHeapSize                          = 536870912                              {manageable} {ergonomic}
     bool UseCompressedClassPointers               = true                           {product lp64_product} {ergonomic}
     bool UseCompressedOops                        = true                           {product lp64_product} {ergonomic}
     bool UseG1GC                                  = true                                      {product} {ergonomic}
     bool UseLargePagesIndividualAllocation        = false                                  {pd product} {ergonomic}

Logging:
Log output configuration:
 #0: stdout all=warning uptime,level,tags
 #1: stderr all=off uptime,level,tags

Environment Variables:
JAVA_HOME=C:\Program Files\AdoptOpenJDK\jdk-16.0.1.9-hotspot\
PATH=C:\Program Files\AdoptOpenJDK\jdk-16.0.1.9-hotspot\bin;C:\Program Files\AdoptOpenJDK\jdk-11.0.5.10-hotspot\bin;C:\WINDOWS\system32;C:\WINDOWS;C:\WINDOWS\System32\Wbem;C:\WINDOWS\System32\WindowsPowerShell\v1.0\;C:\WINDOWS\System32\OpenSSH\;C:\Program Files\Git\cmd;C:\Program Files\Symfony;C:\ProgramData\ComposerSetup\bin;C:\php;C:\Users\80010-02-05\AppData\Local\Microsoft\WindowsApps;C:\Users\80010-02-05\AppData\Local\Programs\Microsoft VS Code\bin;C:\php;C:\Users\80010-02-05\AppData\Roaming\Composer\vendor\bin
USERNAME=80010-02-05
OS=Windows_NT
PROCESSOR_IDENTIFIER=Intel64 Family 6 Model 158 Stepping 10, GenuineIntel



---------------  S Y S T E M  ---------------

OS:
 Windows 10 , 64 bit Build 19041 (10.0.19041.1023)
OS uptime: 8 days 5:00 hours

CPU: total 6 (initial active 6) (6 cores per cpu, 1 threads per core) family 6 model 158 stepping 10 microcode 0xb4, cx8, cmov, fxsr, mmx, 3dnowpref, sse, sse2, sse3, ssse3, sse4.1, sse4.2, popcnt, lzcnt, tsc, tscinvbit, avx, avx2, aes, erms, clmul, bmi1, bmi2, adx, fma, vzeroupper, clflush, clflushopt

Memory: 4k page, system-wide physical 16219M (7982M free)
TotalPageFile size 18651M (AvailPageFile size 6332M)
current process WorkingSet (physical memory assigned to process): 383M, peak: 458M
current process commit charge ("private bytes"): 471M, peak: 535M

vm_info: OpenJDK 64-Bit Server VM (16.0.1+9) for windows-amd64 JRE (16.0.1+9), built on Apr 21 2021 12:30:27 by "" with MS VC++ 16.7 (VS2019)

END.
