#
# A fatal error has been detected by the Java Runtime Environment:
#
#  EXCEPTION_ACCESS_VIOLATION (0xc0000005) at pc=0x00007ffd8ce3362e, pid=560, tid=10996
#
# JRE version: OpenJDK Runtime Environment AdoptOpenJDK-16.0.1+9 (16.0.1+9) (build 16.0.1+9)
# Java VM: OpenJDK 64-Bit Server VM AdoptOpenJDK-16.0.1+9 (16.0.1+9, mixed mode, sharing, tiered, compressed oops, compressed class ptrs, g1 gc, windows-amd64)
# Problematic frame:
# C  [native-platform-file-events.dll+0x2362e]
#
# No core dump will be written. Minidumps are not enabled by default on client versions of Windows
#
# If you would like to submit a bug report, please visit:
#   https://github.com/AdoptOpenJDK/openjdk-support/issues
# The crash happened outside the Java Virtual Machine in native code.
# See problematic frame for where to report the bug.
#

---------------  S U M M A R Y ------------

Command Line: --add-opens=java.base/java.util=ALL-UNNAMED --add-opens=java.base/java.lang=ALL-UNNAMED --add-opens=java.base/java.lang.invoke=ALL-UNNAMED --add-opens=java.base/java.util=ALL-UNNAMED --add-opens=java.prefs/java.util.prefs=ALL-UNNAMED --add-opens=java.prefs/java.util.prefs=ALL-UNNAMED --add-opens=java.base/java.nio.charset=ALL-UNNAMED --add-opens=java.base/java.net=ALL-UNNAMED --add-opens=java.base/java.util.concurrent.atomic=ALL-UNNAMED -XX:MaxMetaspaceSize=256m -XX:+HeapDumpOnOutOfMemoryError -Xms256m -Xmx512m -Dfile.encoding=windows-1252 -Duser.country=FR -Duser.language=fr -Duser.variant org.gradle.launcher.daemon.bootstrap.GradleDaemon 7.0

Host: Intel(R) Core(TM) i5-8400 CPU @ 2.80GHz, 6 cores, 15G,  Windows 10 , 64 bit Build 19041 (10.0.19041.1023)
Time: Wed Jul 21 10:27:59 2021 Paris, Madrid (heure duild 19041 (10.0.19041.1023) elapsed time: 1338.679970 seconds (0d 0h 22m 18s)

---------------  T H R E A D  ---------------

Current thread (0x00000298ff33aaa0):  JavaThread "File watcher server" daemon [_thread_in_native, id=10996, stack(0x000000e52cc00000,0x000000e52cd00000)]

Stack: [0x000000e52cc00000,0x000000e52cd00000],  sp=0x000000e52ccfe360,  free space=1016k
Native frames: (J=compiled Java code, j=interpreted, Vv=VM code, C=native code)
C  [native-platform-file-events.dll+0x2362e]

Java frames: (J=compiled Java code, j=interpreted, Vv=VM code)
j  net.rubygrapefruit.platform.internal.jni.AbstractFileEventFunctions$NativeFileWatcher.executeRunLoop0(Ljava/lang/Object;)V+0
j  net.rubygrapefruit.platform.internal.jni.AbstractFileEventFunctions$NativeFileWatcher.access$100(Lnet/rubygrapefruit/platform/internal/jni/AbstractFileEventFunctions$NativeFileWatcher;Ljava/lang/Object;)V+2
j  net.rubygrapefruit.platform.internal.jni.AbstractFileEventFunctions$NativeFileWatcher$1.run()V+26
v  ~StubRoutines::call_stub

siginfo: EXCEPTION_ACCESS_VIOLATION (0xc0000005), reading address 0xffffffffffffffff


Register to memory mapping:

RIP=0x00007ffd8ce3362e native-platform-file-events.dll
RAX=0x005c007300720065 is an unknown value
RBX=0x0000000000000001 is an unknown value
RCX=0x005c007300720065 is an unknown value
RDX=0x000000e52ccfe3b8 is pointing into the stack for thread: 0x00000298ff33aaa0
RSP=0x000000e52ccfe360 is pointing into the stack for thread: 0x00000298ff33aaa0
RBP=0x000000e52ccfed58 is pointing into the stack for thread: 0x00000298ff33aaa0
RSI=0x0 is NULL
RDI=0x00000000ffffffff is an unallocated location in the heap
R8 =0x000000e52ccfe3c0 is pointing into the stack for thread: 0x00000298ff33aaa0
R9 =0x000000007ffe6000 points into unknown readable memory: 0x00000000546c6148 | 48 61 6c 54 00 00 00 00
R10=0x00000000546c6148 is an unknown value
R11=0x000005c2f64e90de is an unknown value
R12=0x0 is NULL
R13={method} {0x0000029891747c98} 'executeRunLoop0' '(Ljava/lang/Object;)V' in 'net/rubygrapefruit/platform/internal/jni/AbstractFileEventFunctions$NativeFileWatcher'
R14=0x000000e52ccfed80 is pointing into the stack for thread: 0x00000298ff33aaa0
R15=0x00000298ff33aaa0 is a thread


Registers:
RAX=0x005c007300720065, RBX=0x0000000000000001, RCX=0x005c007300720065, RDX=0x000000e52ccfe3b8
RSP=0x000000e52ccfe360, RBP=0x000000e52ccfed58, RSI=0x0000000000000000, RDI=0x00000000ffffffff
R8 =0x000000e52ccfe3c0, R9 =0x000000007ffe6000, R10=0x00000000546c6148, R11=0x000005c2f64e90de
R12=0x0000000000000000, R13=0x0000029891747c90, R14=0x000000e52ccfed80, R15=0x00000298ff33aaa0
RIP=0x00007ffd8ce3362e, EFLAGS=0x0000000000010202

Top of Stack: (sp=0x000000e52ccfe360)
0x000000e52ccfe360:   0002c73ec08f1060 0002c73ec052d21c
0x000000e52ccfe370:   0002c73ec08f1060 00007ffd8ce4e965
0x000000e52ccfe380:   000000e52ccfe438 000000e52ccfe3b8
0x000000e52ccfe390:   000000e500000000 000000e52ccfe3c8
0x000000e52ccfe3a0:   000000e52ccf0001 0000071cc99b07d8
0x000000e52ccfe3b0:   000000e52ccfe3c0 0000000000000003
0x000000e52ccfe3c0:   0002c73ec052d21c 0002c73ec08f1060
0x000000e52ccfe3d0:   00000000eab000d8 00007ffd8ce4e4f7
0x000000e52ccfe3e0:   000000e52ccfe438 000000e52ccfe430
0x000000e52ccfe3f0:   00000298fdbe3a20 00007ffd8ce3d473
0x000000e52ccfe400:   000000e500000000 000000e52e0fb2e0
0x000000e52ccfe410:   0002c73ec08f1060 0000000000000003
0x000000e52ccfe420:   000000e500000000 000000e52ccfe490
0x000000e52ccfe430:   000067b1f91a9fa2 0000000000000003
0x000000e52ccfe440:   00000298fde9f970 00007ffd8ce3385c
0x000000e52ccfe450:   005c007300720065 0000029800000003 

Instructions: (pc=0x00007ffd8ce3362e)
0x00007ffd8ce3352e:   8b 00 48 89 44 24 38 48 8b 44 24 38 48 89 44 24
0x00007ffd8ce3353e:   58 48 8b 84 24 b0 00 00 00 48 83 c0 08 48 89 44
0x00007ffd8ce3354e:   24 40 48 8d 54 24 70 48 8b 4c 24 40 e8 84 1a fe
0x00007ffd8ce3355e:   ff 48 8b 00 48 89 44 24 48 48 8b 44 24 48 48 89
0x00007ffd8ce3356e:   44 24 60 4c 8b 4c 24 50 4c 8b 44 24 58 48 8b 54
0x00007ffd8ce3357e:   24 60 48 8d 4c 24 78 e8 b2 48 fe ff 48 8d 4c 24
0x00007ffd8ce3358e:   78 e8 a8 20 fe ff 48 8b c8 ff 15 6b ba 16 00 89
0x00007ffd8ce3359e:   44 24 24 83 7c 24 24 ff 74 15 8b 44 24 24 83 e0
0x00007ffd8ce335ae:   10 85 c0 74 0a c7 44 24 28 01 00 00 00 eb 08 c7
0x00007ffd8ce335be:   44 24 28 00 00 00 00 0f b6 44 24 28 88 44 24 20
0x00007ffd8ce335ce:   48 8d 4c 24 78 e8 04 49 fe ff 0f b6 44 24 20 48
0x00007ffd8ce335de:   8b 8c 24 98 00 00 00 48 33 cc e8 35 fe fd ff 48
0x00007ffd8ce335ee:   81 c4 a8 00 00 00 c3 cc cc cc cc cc cc cc cc cc
0x00007ffd8ce335fe:   cc cc 48 89 4c 24 08 48 81 ec e8 00 00 00 48 8b
0x00007ffd8ce3360e:   05 a5 1a 15 00 48 33 c4 48 89 84 24 d0 00 00 00
0x00007ffd8ce3361e:   c7 44 24 30 00 00 00 00 48 8b 84 24 f0 00 00 00
0x00007ffd8ce3362e:   83 78 68 03 0f 84 02 01 00 00 48 8b 84 24 f0 00
0x00007ffd8ce3363e:   00 00 48 8b 48 28 ff 15 c6 b9 16 00 89 44 24 38
0x00007ffd8ce3364e:   83 7c 24 38 00 0f 85 d0 00 00 00 ba 07 00 00 00
0x00007ffd8ce3365e:   48 8b 0d e3 69 15 00 e8 cd d9 fd ff 88 44 24 34
0x00007ffd8ce3366e:   0f b6 44 24 34 85 c0 0f 84 90 00 00 00 ff 15 97
0x00007ffd8ce3367e:   b9 16 00 89 44 24 3c 48 8b 84 24 f0 00 00 00 48
0x00007ffd8ce3368e:   83 c0 08 48 8b d0 48 8d 8c 24 90 00 00 00 e8 cd
0x00007ffd8ce3369e:   5b fe ff 48 89 44 24 40 48 8b 44 24 40 48 89 44
0x00007ffd8ce336ae:   24 48 8b 44 24 30 83 c8 01 89 44 24 30 48 8b 4c
0x00007ffd8ce336be:   24 48 e8 4e 4d fe ff 48 89 44 24 50 48 8b 84 24
0x00007ffd8ce336ce:   f0 00 00 00 48 8b 40 28 48 89 44 24 58 8b 44 24
0x00007ffd8ce336de:   3c 89 44 24 28 48 8b 44 24 50 48 89 44 24 20 4c
0x00007ffd8ce336ee:   8b 4c 24 58 4c 8d 05 67 4f 11 00 ba 07 00 00 00
0x00007ffd8ce336fe:   48 8b 0d 43 69 15 00 e8 71 67 fe ff 90 8b 44 24
0x00007ffd8ce3370e:   30 83 e0 01 85 c0 74 13 83 64 24 30 fe 48 8d 8c
0x00007ffd8ce3371e:   24 90 00 00 00 e8 eb 1a fe ff 90 eb 00 48 8b 84 


Stack slot to memory mapping:
stack at sp + 0 slots: 0x0002c73ec08f1060 is an unknown value
stack at sp + 1 slots: 0x0002c73ec052d21c is an unknown value
stack at sp + 2 slots: 0x0002c73ec08f1060 is an unknown value
stack at sp + 3 slots: 0x00007ffd8ce4e965 native-platform-file-events.dll
stack at sp + 4 slots: 0x000000e52ccfe438 is pointing into the stack for thread: 0x00000298ff33aaa0
stack at sp + 5 slots: 0x000000e52ccfe3b8 is pointing into the stack for thread: 0x00000298ff33aaa0
stack at sp + 6 slots: 0x000000e500000000 is an unknown value
stack at sp + 7 slots: 0x000000e52ccfe3c8 is pointing into the stack for thread: 0x00000298ff33aaa0


---------------  P R O C E S S  ---------------

Threads class SMR info:
_java_thread_list=0x00000298fdea0180, length=56, elements={
0x00000298f080d400, 0x00000298fcdabf80, 0x00000298fcdacd50, 0x00000298fcdc19a0,
0x00000298fcdc5430, 0x00000298fcdc5d40, 0x00000298fcdc7660, 0x00000298fcdc9b00,
0x00000298fcdca500, 0x00000298fcdcb5f0, 0x00000298fd8c9550, 0x00000298fd8d1a90,
0x000002988f5602b0, 0x000002988f55fd60, 0x000002988f55f810, 0x000002988f562290,
0x00000298ff337030, 0x00000298ff334b00, 0x00000298ff33aaa0, 0x00000298ff339010,
0x00000298ff337ad0, 0x00000298ff335050, 0x00000298ff33a000, 0x00000298ff338570,
0x00000298ff336040, 0x00000298ff338020, 0x00000298ff3355a0, 0x00000298ff33aff0,
0x0000029892954030, 0x0000029892952050, 0x000002988f560800, 0x000002988f55f2c0,
0x000002988f5627e0, 0x000002988f5612a0, 0x000002988f5617f0, 0x000002988f561d40,
0x0000029892952af0, 0x0000029892953590, 0x0000029892953ae0, 0x000002989294e090,
0x0000029892951b00, 0x0000029892954580, 0x0000029892954ad0, 0x0000029892955020,
0x000002989294db40, 0x000002989294e5e0, 0x000002989294f080, 0x0000029892950070,
0x00000298929505c0, 0x0000029892950b10, 0x00000298ff338ac0, 0x00000298ff33b540,
0x00000298ff337580, 0x00000298ff339560, 0x00000298ff339ab0, 0x00000298ff33ba90
}

Java Threads: ( => current thread )
  0x00000298f080d400 JavaThread "main" [_thread_blocked, id=14044, stack(0x000000e52a500000,0x000000e52a600000)]
  0x00000298fcdabf80 JavaThread "Reference Handler" daemon [_thread_blocked, id=15092, stack(0x000000e52ac00000,0x000000e52ad00000)]
  0x00000298fcdacd50 JavaThread "Finalizer" daemon [_thread_blocked, id=12120, stack(0x000000e52ad00000,0x000000e52ae00000)]
  0x00000298fcdc19a0 JavaThread "Signal Dispatcher" daemon [_thread_blocked, id=12304, stack(0x000000e52ae00000,0x000000e52af00000)]
  0x00000298fcdc5430 JavaThread "Attach Listener" daemon [_thread_blocked, id=5520, stack(0x000000e52af00000,0x000000e52b000000)]
  0x00000298fcdc5d40 JavaThread "Service Thread" daemon [_thread_blocked, id=6708, stack(0x000000e52b000000,0x000000e52b100000)]
  0x00000298fcdc7660 JavaThread "Monitor Deflation Thread" daemon [_thread_blocked, id=12032, stack(0x000000e52b100000,0x000000e52b200000)]
  0x00000298fcdc9b00 JavaThread "C2 CompilerThread0" daemon [_thread_blocked, id=720, stack(0x000000e52b200000,0x000000e52b300000)]
  0x00000298fcdca500 JavaThread "C1 CompilerThread0" daemon [_thread_blocked, id=12136, stack(0x000000e52b300000,0x000000e52b400000)]
  0x00000298fcdcb5f0 JavaThread "Sweeper thread" daemon [_thread_blocked, id=5088, stack(0x000000e52b400000,0x000000e52b500000)]
  0x00000298fd8c9550 JavaThread "Common-Cleaner" daemon [_thread_blocked, id=12996, stack(0x000000e52b500000,0x000000e52b600000)]
  0x00000298fd8d1a90 JavaThread "Notification Thread" daemon [_thread_blocked, id=5792, stack(0x000000e52b600000,0x000000e52b700000)]
  0x000002988f5602b0 JavaThread "Daemon health stats" [_thread_blocked, id=12784, stack(0x000000e52be00000,0x000000e52bf00000)]
  0x000002988f55fd60 JavaThread "Incoming local TCP Connector on port 61909" [_thread_in_native, id=12268, stack(0x000000e52bf00000,0x000000e52c000000)]
  0x000002988f55f810 JavaThread "Daemon periodic checks" [_thread_blocked, id=2204, stack(0x000000e52c000000,0x000000e52c100000)]
  0x000002988f562290 JavaThread "Cache worker for file hash cache (C:\Users\80010-02-05\.gradle\caches\7.0\fileHashes)" [_thread_blocked, id=12684, stack(0x000000e52c800000,0x000000e52c900000)]
  0x00000298ff337030 JavaThread "File lock request listener" [_thread_in_native, id=12644, stack(0x000000e52c900000,0x000000e52ca00000)]
  0x00000298ff334b00 JavaThread "Cache worker for journal cache (C:\Users\80010-02-05\.gradle\caches\journal-1)" [_thread_blocked, id=5368, stack(0x000000e52ca00000,0x000000e52cb00000)]
=>0x00000298ff33aaa0 JavaThread "File watcher server" daemon [_thread_in_native, id=10996, stack(0x000000e52cc00000,0x000000e52cd00000)]
  0x00000298ff339010 JavaThread "File watcher consumer" daemon [_thread_blocked, id=12464, stack(0x000000e52cd00000,0x000000e52ce00000)]
  0x00000298ff337ad0 JavaThread "Cache worker for execution history cache (C:\Users\80010-02-05\.gradle\caches\7.0\executionHistory)" [_thread_blocked, id=9676, stack(0x000000e52d100000,0x000000e52d200000)]
  0x00000298ff335050 JavaThread "jar transforms" [_thread_blocked, id=9140, stack(0x000000e52d300000,0x000000e52d400000)]
  0x00000298ff33a000 JavaThread "jar transforms Thread 2" [_thread_blocked, id=5496, stack(0x000000e52d400000,0x000000e52d500000)]
  0x00000298ff338570 JavaThread "Cache worker for file content cache (C:\Users\80010-02-05\.gradle\caches\7.0\fileContent)" [_thread_blocked, id=13396, stack(0x000000e52d500000,0x000000e52d600000)]
  0x00000298ff336040 JavaThread "jar transforms Thread 3" [_thread_blocked, id=3920, stack(0x000000e52d600000,0x000000e52d700000)]
  0x00000298ff338020 JavaThread "jar transforms Thread 4" [_thread_blocked, id=10304, stack(0x000000e52d700000,0x000000e52d800000)]
  0x00000298ff3355a0 JavaThread "jar transforms Thread 5" [_thread_blocked, id=12572, stack(0x000000e52d800000,0x000000e52d900000)]
  0x00000298ff33aff0 JavaThread "jar transforms Thread 6" [_thread_blocked, id=11672, stack(0x000000e52d900000,0x000000e52da00000)]
  0x0000029892954030 JavaThread "Memory manager" [_thread_blocked, id=14232, stack(0x000000e52e200000,0x000000e52e300000)]
  0x0000029892952050 JavaThread "Cache worker for Java compile cache (C:\Users\80010-02-05\.gradle\caches\7.0\javaCompile)" [_thread_blocked, id=7480, stack(0x000000e52e900000,0x000000e52ea00000)]
  0x000002988f560800 JavaThread "Daemon Thread 9" [_thread_blocked, id=9380, stack(0x000000e52a200000,0x000000e52a300000)]
  0x000002988f55f2c0 JavaThread "Handler for socket connection from /127.0.0.1:61909 to /127.0.0.1:54611" [_thread_in_native, id=14668, stack(0x000000e52b800000,0x000000e52b900000)]
  0x000002988f5627e0 JavaThread "Cancel handler" [_thread_blocked, id=10436, stack(0x000000e52c100000,0x000000e52c200000)]
  0x000002988f5612a0 JavaThread "Daemon worker Thread 9" [_thread_blocked, id=12008, stack(0x000000e52c200000,0x000000e52c300000)]
  0x000002988f5617f0 JavaThread "Asynchronous log dispatcher for DefaultDaemonConnection: socket connection from /127.0.0.1:61909 to /127.0.0.1:54611" [_thread_blocked, id=2384, stack(0x000000e52c300000,0x000000e52c400000)]
  0x000002988f561d40 JavaThread "Stdin handler" [_thread_blocked, id=4892, stack(0x000000e52c400000,0x000000e52c500000)]
  0x0000029892952af0 JavaThread "Daemon client event forwarder" [_thread_blocked, id=11944, stack(0x000000e52c500000,0x000000e52c600000)]
  0x0000029892953590 JavaThread "Cache worker for file hash cache (U:\80010-02-05\CDA\calculatrice\.gradle\7.0\fileHashes)" [_thread_blocked, id=8220, stack(0x000000e52c600000,0x000000e52c700000)]
  0x0000029892953ae0 JavaThread "Cache worker for checksums cache (U:\80010-02-05\CDA\calculatrice\.gradle\checksums)" [_thread_blocked, id=13756, stack(0x000000e52c700000,0x000000e52c800000)]
  0x000002989294e090 JavaThread "Cache worker for cache directory md-supplier (C:\Users\80010-02-05\.gradle\caches\7.0\md-supplier)" [_thread_blocked, id=9536, stack(0x000000e52cb00000,0x000000e52cc00000)]
  0x0000029892951b00 JavaThread "Cache worker for cache directory md-rule (C:\Users\80010-02-05\.gradle\caches\7.0\md-rule)" [_thread_blocked, id=14952, stack(0x000000e52ce00000,0x000000e52cf00000)]
  0x0000029892954580 JavaThread "Cache worker for dependencies-accessors (U:\80010-02-05\CDA\calculatrice\.gradle\7.0\dependencies-accessors)" [_thread_blocked, id=9468, stack(0x000000e52cf00000,0x000000e52d000000)]
  0x0000029892954ad0 JavaThread "Cache worker for Build Output Cleanup Cache (U:\80010-02-05\CDA\calculatrice\.gradle\buildOutputCleanup)" [_thread_blocked, id=13192, stack(0x000000e52d000000,0x000000e52d100000)]
  0x0000029892955020 JavaThread "Build operations" [_thread_blocked, id=7496, stack(0x000000e52da00000,0x000000e52db00000)]
  0x000002989294db40 JavaThread "Build operations Thread 2" [_thread_blocked, id=2640, stack(0x000000e52db00000,0x000000e52dc00000)]
  0x000002989294e5e0 JavaThread "Build operations Thread 3" [_thread_blocked, id=12740, stack(0x000000e52dc00000,0x000000e52dd00000)]
  0x000002989294f080 JavaThread "Build operations Thread 4" [_thread_blocked, id=7344, stack(0x000000e52dd00000,0x000000e52de00000)]
  0x0000029892950070 JavaThread "Build operations Thread 5" [_thread_blocked, id=13036, stack(0x000000e52de00000,0x000000e52df00000)]
  0x00000298929505c0 JavaThread "Build operations Thread 6" [_thread_blocked, id=6284, stack(0x000000e52df00000,0x000000e52e000000)]
  0x0000029892950b10 JavaThread "Execution worker for ':'" [_thread_blocked, id=10004, stack(0x000000e52e000000,0x000000e52e100000)]
  0x00000298ff338ac0 JavaThread "Execution worker for ':' Thread 2" [_thread_blocked, id=7324, stack(0x000000e52e100000,0x000000e52e200000)]
  0x00000298ff33b540 JavaThread "Execution worker for ':' Thread 3" [_thread_blocked, id=15244, stack(0x000000e52e300000,0x000000e52e400000)]
  0x00000298ff337580 JavaThread "Execution worker for ':' Thread 4" [_thread_blocked, id=1704, stack(0x000000e52e400000,0x000000e52e500000)]
  0x00000298ff339560 JavaThread "Execution worker for ':' Thread 5" [_thread_blocked, id=14500, stack(0x000000e52e500000,0x000000e52e600000)]
  0x00000298ff339ab0 JavaThread "Cache worker for execution history cache (U:\80010-02-05\CDA\calculatrice\.gradle\7.0\executionHistory)" [_thread_blocked, id=9628, stack(0x000000e52e600000,0x000000e52e700000)]
  0x00000298ff33ba90 JavaThread "Cache worker for Java compile cache (U:\80010-02-05\CDA\calculatrice\.gradle\7.0\javaCompile)" [_thread_in_native, id=11292, stack(0x000000e52e700000,0x000000e52e800000)]

Other Threads:
  0x00000298fcda5c70 VMThread "VM Thread" [stack: 0x000000e52ab00000,0x000000e52ac00000] [id=15208]
  0x00000298fd8d1fb0 WatcherThread [stack: 0x000000e52b700000,0x000000e52b800000] [id=7756]
  0x00000298f0833ee0 GCTaskThread "GC Thread#0" [stack: 0x000000e52a600000,0x000000e52a700000] [id=11028]
  0x00000298fe60b4e0 GCTaskThread "GC Thread#1" [stack: 0x000000e52b900000,0x000000e52ba00000] [id=3516]
  0x00000298fe60b7f0 GCTaskThread "GC Thread#2" [stack: 0x000000e52ba00000,0x000000e52bb00000] [id=1748]
  0x00000298fe60bb00 GCTaskThread "GC Thread#3" [stack: 0x000000e52bb00000,0x000000e52bc00000] [id=14980]
  0x00000298fdb768b0 GCTaskThread "GC Thread#4" [stack: 0x000000e52bc00000,0x000000e52bd00000] [id=10972]
  0x00000298fdb76bc0 GCTaskThread "GC Thread#5" [stack: 0x000000e52bd00000,0x000000e52be00000] [id=10988]
  0x00000298f0838f30 ConcurrentGCThread "G1 Main Marker" [stack: 0x000000e52a700000,0x000000e52a800000] [id=11980]
  0x00000298f0839930 ConcurrentGCThread "G1 Conc#0" [stack: 0x000000e52a800000,0x000000e52a900000] [id=8224]
  0x000002988f8b9760 ConcurrentGCThread "G1 Conc#1" [stack: 0x000000e52d200000,0x000000e52d300000] [id=13376]
  0x00000298f08ee860 ConcurrentGCThread "G1 Refine#0" [stack: 0x000000e52a900000,0x000000e52aa00000] [id=9716]
  0x0000029892ce5b30 ConcurrentGCThread "G1 Refine#1" [stack: 0x000000e52eb00000,0x000000e52ec00000] [id=11696]
  0x00000298fdbc73e0 ConcurrentGCThread "G1 Refine#2" [stack: 0x000000e52ec00000,0x000000e52ed00000] [id=10052]
  0x00000298fdc27910 ConcurrentGCThread "G1 Refine#3" [stack: 0x000000e52ed00000,0x000000e52ee00000] [id=10088]
  0x00000298fde7c320 ConcurrentGCThread "G1 Refine#4" [stack: 0x000000e52ee00000,0x000000e52ef00000] [id=4364]
  0x00000298fd89d2a0 ConcurrentGCThread "G1 Refine#5" [stack: 0x000000e52ef00000,0x000000e52f000000] [id=2464]
  0x00000298fcc60380 ConcurrentGCThread "G1 Service" [stack: 0x000000e52aa00000,0x000000e52ab00000] [id=5160]

Threads with active compile tasks:

VM state: not at safepoint (normal execution)

VM Mutex/Monitor currently owned by a thread: None

Heap address: 0x00000000e0000000, size: 512 MB, Compressed Oops mode: 32-bit

CDS archive(s) mapped at: [0x0000000800000000-0x0000000800bf0000-0x0000000800bf0000), size 12517376, SharedBaseAddress: 0x0000000800000000, ArchiveRelocationMode: 0.
Compressed class space mapped at: 0x0000000800c00000-0x000000080dc00000, reserved size: 218103808
Narrow klass base: 0x0000000800000000, Narrow klass shift: 3, Narrow klass range: 0x100000000

GC Precious Log:
 CPUs: 6 total, 6 available
 Memory: 16219M
 Large Page Support: Disabled
 NUMA Support: Disabled
 Compressed Oops: Enabled (32-bit)
 Heap Region Size: 1M
 Heap Min Capacity: 256M
 Heap Initial Capacity: 256M
 Heap Max Capacity: 512M
 Pre-touch: Disabled
 Parallel Workers: 6
 Concurrent Workers: 2
 Concurrent Refinement Workers: 6
 Periodic GC: Disabled

Heap:
 garbage-first heap   total 262144K, used 95076K [0x00000000e0000000, 0x0000000100000000)
  region size 1024K, 53 young (54272K), 6 survivors (6144K)
 Metaspace       used 59142K, committed 59712K, reserved 270336K
  class space    used 7654K, committed 7936K, reserved 212992K

Heap Regions: E=young(eden), S=young(survivor), O=old, HS=humongous(starts), HC=humongous(continues), CS=collection set, F=free, OA=open archive, CA=closed archive, TAMS=top-at-mark-start (previous, next)
|   0|0x00000000e0000000, 0x00000000e0100000, 0x00000000e0100000|100%| O|  |TAMS 0x00000000e0100000, 0x00000000e0000000| Untracked 
|   1|0x00000000e0100000, 0x00000000e0200000, 0x00000000e0200000|100%| O|  |TAMS 0x00000000e0200000, 0x00000000e0100000| Untracked 
|   2|0x00000000e0200000, 0x00000000e0300000, 0x00000000e0300000|100%| O|  |TAMS 0x00000000e0300000, 0x00000000e0200000| Untracked 
|   3|0x00000000e0300000, 0x00000000e0400000, 0x00000000e0400000|100%|HS|  |TAMS 0x00000000e0400000, 0x00000000e0300000| Complete 
|   4|0x00000000e0400000, 0x00000000e0500000, 0x00000000e0500000|100%|HC|  |TAMS 0x00000000e0500000, 0x00000000e0400000| Complete 
|   5|0x00000000e0500000, 0x00000000e0600000, 0x00000000e0600000|100%|HC|  |TAMS 0x00000000e0600000, 0x00000000e0500000| Complete 
|   6|0x00000000e0600000, 0x00000000e0700000, 0x00000000e0700000|100%| O|  |TAMS 0x00000000e0700000, 0x00000000e0600000| Untracked 
|   7|0x00000000e0700000, 0x00000000e0800000, 0x00000000e0800000|100%| O|  |TAMS 0x00000000e0800000, 0x00000000e0700000| Untracked 
|   8|0x00000000e0800000, 0x00000000e0900000, 0x00000000e0900000|100%| O|  |TAMS 0x00000000e0900000, 0x00000000e0800000| Untracked 
|   9|0x00000000e0900000, 0x00000000e0a00000, 0x00000000e0a00000|100%| O|  |TAMS 0x00000000e0a00000, 0x00000000e0900000| Untracked 
|  10|0x00000000e0a00000, 0x00000000e0b00000, 0x00000000e0b00000|100%| O|  |TAMS 0x00000000e0b00000, 0x00000000e0a00000| Untracked 
|  11|0x00000000e0b00000, 0x00000000e0c00000, 0x00000000e0c00000|100%| O|  |TAMS 0x00000000e0c00000, 0x00000000e0b00000| Untracked 
|  12|0x00000000e0c00000, 0x00000000e0d00000, 0x00000000e0d00000|100%| O|  |TAMS 0x00000000e0d00000, 0x00000000e0c00000| Untracked 
|  13|0x00000000e0d00000, 0x00000000e0e00000, 0x00000000e0e00000|100%| O|  |TAMS 0x00000000e0e00000, 0x00000000e0d00000| Untracked 
|  14|0x00000000e0e00000, 0x00000000e0f00000, 0x00000000e0f00000|100%| O|  |TAMS 0x00000000e0f00000, 0x00000000e0e00000| Untracked 
|  15|0x00000000e0f00000, 0x00000000e1000000, 0x00000000e1000000|100%| O|  |TAMS 0x00000000e1000000, 0x00000000e0f00000| Untracked 
|  16|0x00000000e1000000, 0x00000000e1100000, 0x00000000e1100000|100%| O|  |TAMS 0x00000000e1100000, 0x00000000e1000000| Untracked 
|  17|0x00000000e1100000, 0x00000000e1200000, 0x00000000e1200000|100%| O|  |TAMS 0x00000000e1200000, 0x00000000e1100000| Untracked 
|  18|0x00000000e1200000, 0x00000000e1300000, 0x00000000e1300000|100%| O|  |TAMS 0x00000000e1300000, 0x00000000e1200000| Untracked 
|  19|0x00000000e1300000, 0x00000000e1400000, 0x00000000e1400000|100%| O|  |TAMS 0x00000000e1400000, 0x00000000e1300000| Untracked 
|  20|0x00000000e1400000, 0x00000000e1500000, 0x00000000e1500000|100%| O|  |TAMS 0x00000000e1500000, 0x00000000e1400000| Untracked 
|  21|0x00000000e1500000, 0x00000000e1600000, 0x00000000e1600000|100%| O|  |TAMS 0x00000000e1600000, 0x00000000e1500000| Untracked 
|  22|0x00000000e1600000, 0x00000000e1700000, 0x00000000e1700000|100%| O|  |TAMS 0x00000000e1700000, 0x00000000e1600000| Untracked 
|  23|0x00000000e1700000, 0x00000000e1800000, 0x00000000e1800000|100%| O|  |TAMS 0x00000000e1800000, 0x00000000e1700000| Untracked 
|  24|0x00000000e1800000, 0x00000000e1900000, 0x00000000e1900000|100%| O|  |TAMS 0x00000000e1900000, 0x00000000e1800000| Untracked 
|  25|0x00000000e1900000, 0x00000000e1a00000, 0x00000000e1a00000|100%| O|  |TAMS 0x00000000e1a00000, 0x00000000e1900000| Untracked 
|  26|0x00000000e1a00000, 0x00000000e1b00000, 0x00000000e1b00000|100%| O|  |TAMS 0x00000000e1b00000, 0x00000000e1a00000| Untracked 
|  27|0x00000000e1b00000, 0x00000000e1c00000, 0x00000000e1c00000|100%| O|  |TAMS 0x00000000e1c00000, 0x00000000e1b00000| Untracked 
|  28|0x00000000e1c00000, 0x00000000e1d00000, 0x00000000e1d00000|100%| O|  |TAMS 0x00000000e1d00000, 0x00000000e1c00000| Untracked 
|  29|0x00000000e1d00000, 0x00000000e1e00000, 0x00000000e1e00000|100%| O|  |TAMS 0x00000000e1e00000, 0x00000000e1d00000| Untracked 
|  30|0x00000000e1e00000, 0x00000000e1f00000, 0x00000000e1f00000|100%| O|  |TAMS 0x00000000e1f00000, 0x00000000e1e00000| Untracked 
|  31|0x00000000e1f00000, 0x00000000e2000000, 0x00000000e2000000|100%| O|  |TAMS 0x00000000e2000000, 0x00000000e1f00000| Untracked 
|  32|0x00000000e2000000, 0x00000000e2100000, 0x00000000e2100000|100%| O|  |TAMS 0x00000000e2100000, 0x00000000e2000000| Untracked 
|  33|0x00000000e2100000, 0x00000000e2200000, 0x00000000e2200000|100%| O|  |TAMS 0x00000000e2200000, 0x00000000e2100000| Untracked 
|  34|0x00000000e2200000, 0x00000000e2300000, 0x00000000e2300000|100%| O|  |TAMS 0x00000000e2300000, 0x00000000e2200000| Untracked 
|  35|0x00000000e2300000, 0x00000000e2400000, 0x00000000e2400000|100%| O|  |TAMS 0x00000000e2400000, 0x00000000e2300000| Untracked 
|  36|0x00000000e2400000, 0x00000000e2500000, 0x00000000e2500000|100%| O|  |TAMS 0x00000000e2500000, 0x00000000e2400000| Untracked 
|  37|0x00000000e2500000, 0x00000000e2600000, 0x00000000e2600000|100%| O|  |TAMS 0x00000000e2600000, 0x00000000e2500000| Untracked 
|  38|0x00000000e2600000, 0x00000000e2700000, 0x00000000e2700000|100%| O|  |TAMS 0x00000000e2700000, 0x00000000e2600000| Untracked 
|  39|0x00000000e2700000, 0x00000000e2800000, 0x00000000e2800000|100%| O|  |TAMS 0x00000000e2800000, 0x00000000e2700000| Untracked 
|  40|0x00000000e2800000, 0x00000000e2900000, 0x00000000e2900000|100%| O|  |TAMS 0x00000000e2900000, 0x00000000e2800000| Untracked 
|  41|0x00000000e2900000, 0x00000000e2a00000, 0x00000000e2a00000|100%| O|  |TAMS 0x00000000e2a00000, 0x00000000e2900000| Untracked 
|  42|0x00000000e2a00000, 0x00000000e2a40a00, 0x00000000e2b00000| 25%| O|  |TAMS 0x00000000e2a40a00, 0x00000000e2a00000| Untracked 
|  43|0x00000000e2b00000, 0x00000000e2b00000, 0x00000000e2c00000|  0%| F|  |TAMS 0x00000000e2b00000, 0x00000000e2b00000| Untracked 
|  44|0x00000000e2c00000, 0x00000000e2c00000, 0x00000000e2d00000|  0%| F|  |TAMS 0x00000000e2c00000, 0x00000000e2c00000| Untracked 
|  45|0x00000000e2d00000, 0x00000000e2d00000, 0x00000000e2e00000|  0%| F|  |TAMS 0x00000000e2d00000, 0x00000000e2d00000| Untracked 
|  46|0x00000000e2e00000, 0x00000000e2e00000, 0x00000000e2f00000|  0%| F|  |TAMS 0x00000000e2e00000, 0x00000000e2e00000| Untracked 
|  47|0x00000000e2f00000, 0x00000000e2f00000, 0x00000000e3000000|  0%| F|  |TAMS 0x00000000e2f00000, 0x00000000e2f00000| Untracked 
|  48|0x00000000e3000000, 0x00000000e3000000, 0x00000000e3100000|  0%| F|  |TAMS 0x00000000e3000000, 0x00000000e3000000| Untracked 
|  49|0x00000000e3100000, 0x00000000e3100000, 0x00000000e3200000|  0%| F|  |TAMS 0x00000000e3100000, 0x00000000e3100000| Untracked 
|  50|0x00000000e3200000, 0x00000000e3200000, 0x00000000e3300000|  0%| F|  |TAMS 0x00000000e3200000, 0x00000000e3200000| Untracked 
|  51|0x00000000e3300000, 0x00000000e3300000, 0x00000000e3400000|  0%| F|  |TAMS 0x00000000e3300000, 0x00000000e3300000| Untracked 
|  52|0x00000000e3400000, 0x00000000e3400000, 0x00000000e3500000|  0%| F|  |TAMS 0x00000000e3400000, 0x00000000e3400000| Untracked 
|  53|0x00000000e3500000, 0x00000000e3500000, 0x00000000e3600000|  0%| F|  |TAMS 0x00000000e3500000, 0x00000000e3500000| Untracked 
|  54|0x00000000e3600000, 0x00000000e3600000, 0x00000000e3700000|  0%| F|  |TAMS 0x00000000e3600000, 0x00000000e3600000| Untracked 
|  55|0x00000000e3700000, 0x00000000e3700000, 0x00000000e3800000|  0%| F|  |TAMS 0x00000000e3700000, 0x00000000e3700000| Untracked 
|  56|0x00000000e3800000, 0x00000000e3800000, 0x00000000e3900000|  0%| F|  |TAMS 0x00000000e3800000, 0x00000000e3800000| Untracked 
|  57|0x00000000e3900000, 0x00000000e3900000, 0x00000000e3a00000|  0%| F|  |TAMS 0x00000000e3900000, 0x00000000e3900000| Untracked 
|  58|0x00000000e3a00000, 0x00000000e3a00000, 0x00000000e3b00000|  0%| F|  |TAMS 0x00000000e3a00000, 0x00000000e3a00000| Untracked 
|  59|0x00000000e3b00000, 0x00000000e3b00000, 0x00000000e3c00000|  0%| F|  |TAMS 0x00000000e3b00000, 0x00000000e3b00000| Untracked 
|  60|0x00000000e3c00000, 0x00000000e3c00000, 0x00000000e3d00000|  0%| F|  |TAMS 0x00000000e3c00000, 0x00000000e3c00000| Untracked 
|  61|0x00000000e3d00000, 0x00000000e3d00000, 0x00000000e3e00000|  0%| F|  |TAMS 0x00000000e3d00000, 0x00000000e3d00000| Untracked 
|  62|0x00000000e3e00000, 0x00000000e3e00000, 0x00000000e3f00000|  0%| F|  |TAMS 0x00000000e3e00000, 0x00000000e3e00000| Untracked 
|  63|0x00000000e3f00000, 0x00000000e3f00000, 0x00000000e4000000|  0%| F|  |TAMS 0x00000000e3f00000, 0x00000000e3f00000| Untracked 
|  64|0x00000000e4000000, 0x00000000e4000000, 0x00000000e4100000|  0%| F|  |TAMS 0x00000000e4000000, 0x00000000e4000000| Untracked 
|  65|0x00000000e4100000, 0x00000000e4100000, 0x00000000e4200000|  0%| F|  |TAMS 0x00000000e4100000, 0x00000000e4100000| Untracked 
|  66|0x00000000e4200000, 0x00000000e4200000, 0x00000000e4300000|  0%| F|  |TAMS 0x00000000e4200000, 0x00000000e4200000| Untracked 
|  67|0x00000000e4300000, 0x00000000e4300000, 0x00000000e4400000|  0%| F|  |TAMS 0x00000000e4300000, 0x00000000e4300000| Untracked 
|  68|0x00000000e4400000, 0x00000000e4400000, 0x00000000e4500000|  0%| F|  |TAMS 0x00000000e4400000, 0x00000000e4400000| Untracked 
|  69|0x00000000e4500000, 0x00000000e4500000, 0x00000000e4600000|  0%| F|  |TAMS 0x00000000e4500000, 0x00000000e4500000| Untracked 
|  70|0x00000000e4600000, 0x00000000e4600000, 0x00000000e4700000|  0%| F|  |TAMS 0x00000000e4600000, 0x00000000e4600000| Untracked 
|  71|0x00000000e4700000, 0x00000000e4700000, 0x00000000e4800000|  0%| F|  |TAMS 0x00000000e4700000, 0x00000000e4700000| Untracked 
|  72|0x00000000e4800000, 0x00000000e4800000, 0x00000000e4900000|  0%| F|  |TAMS 0x00000000e4800000, 0x00000000e4800000| Untracked 
|  73|0x00000000e4900000, 0x00000000e4900000, 0x00000000e4a00000|  0%| F|  |TAMS 0x00000000e4900000, 0x00000000e4900000| Untracked 
|  74|0x00000000e4a00000, 0x00000000e4a00000, 0x00000000e4b00000|  0%| F|  |TAMS 0x00000000e4a00000, 0x00000000e4a00000| Untracked 
|  75|0x00000000e4b00000, 0x00000000e4b00000, 0x00000000e4c00000|  0%| F|  |TAMS 0x00000000e4b00000, 0x00000000e4b00000| Untracked 
|  76|0x00000000e4c00000, 0x00000000e4c00000, 0x00000000e4d00000|  0%| F|  |TAMS 0x00000000e4c00000, 0x00000000e4c00000| Untracked 
|  77|0x00000000e4d00000, 0x00000000e4d00000, 0x00000000e4e00000|  0%| F|  |TAMS 0x00000000e4d00000, 0x00000000e4d00000| Untracked 
|  78|0x00000000e4e00000, 0x00000000e4e00000, 0x00000000e4f00000|  0%| F|  |TAMS 0x00000000e4e00000, 0x00000000e4e00000| Untracked 
|  79|0x00000000e4f00000, 0x00000000e4f00000, 0x00000000e5000000|  0%| F|  |TAMS 0x00000000e4f00000, 0x00000000e4f00000| Untracked 
|  80|0x00000000e5000000, 0x00000000e5000000, 0x00000000e5100000|  0%| F|  |TAMS 0x00000000e5000000, 0x00000000e5000000| Untracked 
|  81|0x00000000e5100000, 0x00000000e5100000, 0x00000000e5200000|  0%| F|  |TAMS 0x00000000e5100000, 0x00000000e5100000| Untracked 
|  82|0x00000000e5200000, 0x00000000e5200000, 0x00000000e5300000|  0%| F|  |TAMS 0x00000000e5200000, 0x00000000e5200000| Untracked 
|  83|0x00000000e5300000, 0x00000000e5300000, 0x00000000e5400000|  0%| F|  |TAMS 0x00000000e5300000, 0x00000000e5300000| Untracked 
|  84|0x00000000e5400000, 0x00000000e5400000, 0x00000000e5500000|  0%| F|  |TAMS 0x00000000e5400000, 0x00000000e5400000| Untracked 
|  85|0x00000000e5500000, 0x00000000e5500000, 0x00000000e5600000|  0%| F|  |TAMS 0x00000000e5500000, 0x00000000e5500000| Untracked 
|  86|0x00000000e5600000, 0x00000000e5600000, 0x00000000e5700000|  0%| F|  |TAMS 0x00000000e5600000, 0x00000000e5600000| Untracked 
|  87|0x00000000e5700000, 0x00000000e5700000, 0x00000000e5800000|  0%| F|  |TAMS 0x00000000e5700000, 0x00000000e5700000| Untracked 
|  88|0x00000000e5800000, 0x00000000e5800000, 0x00000000e5900000|  0%| F|  |TAMS 0x00000000e5800000, 0x00000000e5800000| Untracked 
|  89|0x00000000e5900000, 0x00000000e5900000, 0x00000000e5a00000|  0%| F|  |TAMS 0x00000000e5900000, 0x00000000e5900000| Untracked 
|  90|0x00000000e5a00000, 0x00000000e5a00000, 0x00000000e5b00000|  0%| F|  |TAMS 0x00000000e5a00000, 0x00000000e5a00000| Untracked 
|  91|0x00000000e5b00000, 0x00000000e5b00000, 0x00000000e5c00000|  0%| F|  |TAMS 0x00000000e5b00000, 0x00000000e5b00000| Untracked 
|  92|0x00000000e5c00000, 0x00000000e5c00000, 0x00000000e5d00000|  0%| F|  |TAMS 0x00000000e5c00000, 0x00000000e5c00000| Untracked 
|  93|0x00000000e5d00000, 0x00000000e5d00000, 0x00000000e5e00000|  0%| F|  |TAMS 0x00000000e5d00000, 0x00000000e5d00000| Untracked 
|  94|0x00000000e5e00000, 0x00000000e5e00000, 0x00000000e5f00000|  0%| F|  |TAMS 0x00000000e5e00000, 0x00000000e5e00000| Untracked 
|  95|0x00000000e5f00000, 0x00000000e5f00000, 0x00000000e6000000|  0%| F|  |TAMS 0x00000000e5f00000, 0x00000000e5f00000| Untracked 
|  96|0x00000000e6000000, 0x00000000e6000000, 0x00000000e6100000|  0%| F|  |TAMS 0x00000000e6000000, 0x00000000e6000000| Untracked 
|  97|0x00000000e6100000, 0x00000000e6100000, 0x00000000e6200000|  0%| F|  |TAMS 0x00000000e6100000, 0x00000000e6100000| Untracked 
|  98|0x00000000e6200000, 0x00000000e6200000, 0x00000000e6300000|  0%| F|  |TAMS 0x00000000e6200000, 0x00000000e6200000| Untracked 
|  99|0x00000000e6300000, 0x00000000e6300000, 0x00000000e6400000|  0%| F|  |TAMS 0x00000000e6300000, 0x00000000e6300000| Untracked 
| 100|0x00000000e6400000, 0x00000000e6400000, 0x00000000e6500000|  0%| F|  |TAMS 0x00000000e6400000, 0x00000000e6400000| Untracked 
| 101|0x00000000e6500000, 0x00000000e6500000, 0x00000000e6600000|  0%| F|  |TAMS 0x00000000e6500000, 0x00000000e6500000| Untracked 
| 102|0x00000000e6600000, 0x00000000e6600000, 0x00000000e6700000|  0%| F|  |TAMS 0x00000000e6600000, 0x00000000e6600000| Untracked 
| 103|0x00000000e6700000, 0x00000000e6700000, 0x00000000e6800000|  0%| F|  |TAMS 0x00000000e6700000, 0x00000000e6700000| Untracked 
| 104|0x00000000e6800000, 0x00000000e6800000, 0x00000000e6900000|  0%| F|  |TAMS 0x00000000e6800000, 0x00000000e6800000| Untracked 
| 105|0x00000000e6900000, 0x00000000e6900000, 0x00000000e6a00000|  0%| F|  |TAMS 0x00000000e6900000, 0x00000000e6900000| Untracked 
| 106|0x00000000e6a00000, 0x00000000e6a00000, 0x00000000e6b00000|  0%| F|  |TAMS 0x00000000e6a00000, 0x00000000e6a00000| Untracked 
| 107|0x00000000e6b00000, 0x00000000e6b00000, 0x00000000e6c00000|  0%| F|  |TAMS 0x00000000e6b00000, 0x00000000e6b00000| Untracked 
| 108|0x00000000e6c00000, 0x00000000e6c00000, 0x00000000e6d00000|  0%| F|  |TAMS 0x00000000e6c00000, 0x00000000e6c00000| Untracked 
| 109|0x00000000e6d00000, 0x00000000e6d00000, 0x00000000e6e00000|  0%| F|  |TAMS 0x00000000e6d00000, 0x00000000e6d00000| Untracked 
| 110|0x00000000e6e00000, 0x00000000e6e00000, 0x00000000e6f00000|  0%| F|  |TAMS 0x00000000e6e00000, 0x00000000e6e00000| Untracked 
| 111|0x00000000e6f00000, 0x00000000e6f00000, 0x00000000e7000000|  0%| F|  |TAMS 0x00000000e6f00000, 0x00000000e6f00000| Untracked 
| 112|0x00000000e7000000, 0x00000000e7000000, 0x00000000e7100000|  0%| F|  |TAMS 0x00000000e7000000, 0x00000000e7000000| Untracked 
| 113|0x00000000e7100000, 0x00000000e7100000, 0x00000000e7200000|  0%| F|  |TAMS 0x00000000e7100000, 0x00000000e7100000| Untracked 
| 114|0x00000000e7200000, 0x00000000e7200000, 0x00000000e7300000|  0%| F|  |TAMS 0x00000000e7200000, 0x00000000e7200000| Untracked 
| 115|0x00000000e7300000, 0x00000000e7300000, 0x00000000e7400000|  0%| F|  |TAMS 0x00000000e7300000, 0x00000000e7300000| Untracked 
| 116|0x00000000e7400000, 0x00000000e7400000, 0x00000000e7500000|  0%| F|  |TAMS 0x00000000e7400000, 0x00000000e7400000| Untracked 
| 117|0x00000000e7500000, 0x00000000e7500000, 0x00000000e7600000|  0%| F|  |TAMS 0x00000000e7500000, 0x00000000e7500000| Untracked 
| 118|0x00000000e7600000, 0x00000000e7600000, 0x00000000e7700000|  0%| F|  |TAMS 0x00000000e7600000, 0x00000000e7600000| Untracked 
| 119|0x00000000e7700000, 0x00000000e7700000, 0x00000000e7800000|  0%| F|  |TAMS 0x00000000e7700000, 0x00000000e7700000| Untracked 
| 120|0x00000000e7800000, 0x00000000e7898918, 0x00000000e7900000| 59%| S|CS|TAMS 0x00000000e7800000, 0x00000000e7800000| Complete 
| 121|0x00000000e7900000, 0x00000000e7a00000, 0x00000000e7a00000|100%| S|CS|TAMS 0x00000000e7900000, 0x00000000e7900000| Complete 
| 122|0x00000000e7a00000, 0x00000000e7b00000, 0x00000000e7b00000|100%| S|CS|TAMS 0x00000000e7a00000, 0x00000000e7a00000| Complete 
| 123|0x00000000e7b00000, 0x00000000e7c00000, 0x00000000e7c00000|100%| S|CS|TAMS 0x00000000e7b00000, 0x00000000e7b00000| Complete 
| 124|0x00000000e7c00000, 0x00000000e7d00000, 0x00000000e7d00000|100%| S|CS|TAMS 0x00000000e7c00000, 0x00000000e7c00000| Complete 
| 125|0x00000000e7d00000, 0x00000000e7e00000, 0x00000000e7e00000|100%| S|CS|TAMS 0x00000000e7d00000, 0x00000000e7d00000| Complete 
| 126|0x00000000e7e00000, 0x00000000e7e00000, 0x00000000e7f00000|  0%| F|  |TAMS 0x00000000e7e00000, 0x00000000e7e00000| Untracked 
| 127|0x00000000e7f00000, 0x00000000e7f00000, 0x00000000e8000000|  0%| F|  |TAMS 0x00000000e7f00000, 0x00000000e7f00000| Untracked 
| 128|0x00000000e8000000, 0x00000000e8000000, 0x00000000e8100000|  0%| F|  |TAMS 0x00000000e8000000, 0x00000000e8000000| Untracked 
| 129|0x00000000e8100000, 0x00000000e8100000, 0x00000000e8200000|  0%| F|  |TAMS 0x00000000e8100000, 0x00000000e8100000| Untracked 
| 130|0x00000000e8200000, 0x00000000e8200000, 0x00000000e8300000|  0%| F|  |TAMS 0x00000000e8200000, 0x00000000e8200000| Untracked 
| 131|0x00000000e8300000, 0x00000000e8300000, 0x00000000e8400000|  0%| F|  |TAMS 0x00000000e8300000, 0x00000000e8300000| Untracked 
| 132|0x00000000e8400000, 0x00000000e8400000, 0x00000000e8500000|  0%| F|  |TAMS 0x00000000e8400000, 0x00000000e8400000| Untracked 
| 133|0x00000000e8500000, 0x00000000e8500000, 0x00000000e8600000|  0%| F|  |TAMS 0x00000000e8500000, 0x00000000e8500000| Untracked 
| 134|0x00000000e8600000, 0x00000000e8600000, 0x00000000e8700000|  0%| F|  |TAMS 0x00000000e8600000, 0x00000000e8600000| Untracked 
| 135|0x00000000e8700000, 0x00000000e8700000, 0x00000000e8800000|  0%| F|  |TAMS 0x00000000e8700000, 0x00000000e8700000| Untracked 
| 136|0x00000000e8800000, 0x00000000e8800000, 0x00000000e8900000|  0%| F|  |TAMS 0x00000000e8800000, 0x00000000e8800000| Untracked 
| 137|0x00000000e8900000, 0x00000000e8900000, 0x00000000e8a00000|  0%| F|  |TAMS 0x00000000e8900000, 0x00000000e8900000| Untracked 
| 138|0x00000000e8a00000, 0x00000000e8a00000, 0x00000000e8b00000|  0%| F|  |TAMS 0x00000000e8a00000, 0x00000000e8a00000| Untracked 
| 139|0x00000000e8b00000, 0x00000000e8b00000, 0x00000000e8c00000|  0%| F|  |TAMS 0x00000000e8b00000, 0x00000000e8b00000| Untracked 
| 140|0x00000000e8c00000, 0x00000000e8c00000, 0x00000000e8d00000|  0%| F|  |TAMS 0x00000000e8c00000, 0x00000000e8c00000| Untracked 
| 141|0x00000000e8d00000, 0x00000000e8d00000, 0x00000000e8e00000|  0%| F|  |TAMS 0x00000000e8d00000, 0x00000000e8d00000| Untracked 
| 142|0x00000000e8e00000, 0x00000000e8e00000, 0x00000000e8f00000|  0%| F|  |TAMS 0x00000000e8e00000, 0x00000000e8e00000| Untracked 
| 143|0x00000000e8f00000, 0x00000000e8f00000, 0x00000000e9000000|  0%| F|  |TAMS 0x00000000e8f00000, 0x00000000e8f00000| Untracked 
| 144|0x00000000e9000000, 0x00000000e9000000, 0x00000000e9100000|  0%| F|  |TAMS 0x00000000e9000000, 0x00000000e9000000| Untracked 
| 145|0x00000000e9100000, 0x00000000e9100000, 0x00000000e9200000|  0%| F|  |TAMS 0x00000000e9100000, 0x00000000e9100000| Untracked 
| 146|0x00000000e9200000, 0x00000000e9200000, 0x00000000e9300000|  0%| F|  |TAMS 0x00000000e9200000, 0x00000000e9200000| Untracked 
| 147|0x00000000e9300000, 0x00000000e9300000, 0x00000000e9400000|  0%| F|  |TAMS 0x00000000e9300000, 0x00000000e9300000| Untracked 
| 148|0x00000000e9400000, 0x00000000e9400000, 0x00000000e9500000|  0%| F|  |TAMS 0x00000000e9400000, 0x00000000e9400000| Untracked 
| 149|0x00000000e9500000, 0x00000000e9500000, 0x00000000e9600000|  0%| F|  |TAMS 0x00000000e9500000, 0x00000000e9500000| Untracked 
| 150|0x00000000e9600000, 0x00000000e9600000, 0x00000000e9700000|  0%| F|  |TAMS 0x00000000e9600000, 0x00000000e9600000| Untracked 
| 151|0x00000000e9700000, 0x00000000e9700000, 0x00000000e9800000|  0%| F|  |TAMS 0x00000000e9700000, 0x00000000e9700000| Untracked 
| 152|0x00000000e9800000, 0x00000000e9800000, 0x00000000e9900000|  0%| F|  |TAMS 0x00000000e9800000, 0x00000000e9800000| Untracked 
| 153|0x00000000e9900000, 0x00000000e9900000, 0x00000000e9a00000|  0%| F|  |TAMS 0x00000000e9900000, 0x00000000e9900000| Untracked 
| 154|0x00000000e9a00000, 0x00000000e9a00000, 0x00000000e9b00000|  0%| F|  |TAMS 0x00000000e9a00000, 0x00000000e9a00000| Untracked 
| 155|0x00000000e9b00000, 0x00000000e9b00000, 0x00000000e9c00000|  0%| F|  |TAMS 0x00000000e9b00000, 0x00000000e9b00000| Untracked 
| 156|0x00000000e9c00000, 0x00000000e9c00000, 0x00000000e9d00000|  0%| F|  |TAMS 0x00000000e9c00000, 0x00000000e9c00000| Untracked 
| 157|0x00000000e9d00000, 0x00000000e9d00000, 0x00000000e9e00000|  0%| F|  |TAMS 0x00000000e9d00000, 0x00000000e9d00000| Untracked 
| 158|0x00000000e9e00000, 0x00000000e9e00000, 0x00000000e9f00000|  0%| F|  |TAMS 0x00000000e9e00000, 0x00000000e9e00000| Untracked 
| 159|0x00000000e9f00000, 0x00000000e9f00000, 0x00000000ea000000|  0%| F|  |TAMS 0x00000000e9f00000, 0x00000000e9f00000| Untracked 
| 160|0x00000000ea000000, 0x00000000ea000000, 0x00000000ea100000|  0%| F|  |TAMS 0x00000000ea000000, 0x00000000ea000000| Untracked 
| 161|0x00000000ea100000, 0x00000000ea100000, 0x00000000ea200000|  0%| F|  |TAMS 0x00000000ea100000, 0x00000000ea100000| Untracked 
| 162|0x00000000ea200000, 0x00000000ea200000, 0x00000000ea300000|  0%| F|  |TAMS 0x00000000ea200000, 0x00000000ea200000| Untracked 
| 163|0x00000000ea300000, 0x00000000ea300000, 0x00000000ea400000|  0%| F|  |TAMS 0x00000000ea300000, 0x00000000ea300000| Untracked 
| 164|0x00000000ea400000, 0x00000000ea400000, 0x00000000ea500000|  0%| F|  |TAMS 0x00000000ea400000, 0x00000000ea400000| Untracked 
| 165|0x00000000ea500000, 0x00000000ea500000, 0x00000000ea600000|  0%| F|  |TAMS 0x00000000ea500000, 0x00000000ea500000| Untracked 
| 166|0x00000000ea600000, 0x00000000ea600000, 0x00000000ea700000|  0%| F|  |TAMS 0x00000000ea600000, 0x00000000ea600000| Untracked 
| 167|0x00000000ea700000, 0x00000000ea700000, 0x00000000ea800000|  0%| F|  |TAMS 0x00000000ea700000, 0x00000000ea700000| Untracked 
| 168|0x00000000ea800000, 0x00000000ea800000, 0x00000000ea900000|  0%| F|  |TAMS 0x00000000ea800000, 0x00000000ea800000| Untracked 
| 169|0x00000000ea900000, 0x00000000ea900000, 0x00000000eaa00000|  0%| F|  |TAMS 0x00000000ea900000, 0x00000000ea900000| Untracked 
| 170|0x00000000eaa00000, 0x00000000eaa00000, 0x00000000eab00000|  0%| F|  |TAMS 0x00000000eaa00000, 0x00000000eaa00000| Untracked 
| 171|0x00000000eab00000, 0x00000000eab00000, 0x00000000eac00000|  0%| F|  |TAMS 0x00000000eab00000, 0x00000000eab00000| Untracked 
| 172|0x00000000eac00000, 0x00000000eac00000, 0x00000000ead00000|  0%| F|  |TAMS 0x00000000eac00000, 0x00000000eac00000| Untracked 
| 173|0x00000000ead00000, 0x00000000ead00000, 0x00000000eae00000|  0%| F|  |TAMS 0x00000000ead00000, 0x00000000ead00000| Untracked 
| 174|0x00000000eae00000, 0x00000000eae00000, 0x00000000eaf00000|  0%| F|  |TAMS 0x00000000eae00000, 0x00000000eae00000| Untracked 
| 175|0x00000000eaf00000, 0x00000000eaf00000, 0x00000000eb000000|  0%| F|  |TAMS 0x00000000eaf00000, 0x00000000eaf00000| Untracked 
| 176|0x00000000eb000000, 0x00000000eb000000, 0x00000000eb100000|  0%| F|  |TAMS 0x00000000eb000000, 0x00000000eb000000| Untracked 
| 177|0x00000000eb100000, 0x00000000eb100000, 0x00000000eb200000|  0%| F|  |TAMS 0x00000000eb100000, 0x00000000eb100000| Untracked 
| 178|0x00000000eb200000, 0x00000000eb200000, 0x00000000eb300000|  0%| F|  |TAMS 0x00000000eb200000, 0x00000000eb200000| Untracked 
| 179|0x00000000eb300000, 0x00000000eb300000, 0x00000000eb400000|  0%| F|  |TAMS 0x00000000eb300000, 0x00000000eb300000| Untracked 
| 180|0x00000000eb400000, 0x00000000eb400000, 0x00000000eb500000|  0%| F|  |TAMS 0x00000000eb400000, 0x00000000eb400000| Untracked 
| 181|0x00000000eb500000, 0x00000000eb500000, 0x00000000eb600000|  0%| F|  |TAMS 0x00000000eb500000, 0x00000000eb500000| Untracked 
| 182|0x00000000eb600000, 0x00000000eb600000, 0x00000000eb700000|  0%| F|  |TAMS 0x00000000eb600000, 0x00000000eb600000| Untracked 
| 183|0x00000000eb700000, 0x00000000eb700000, 0x00000000eb800000|  0%| F|  |TAMS 0x00000000eb700000, 0x00000000eb700000| Untracked 
| 184|0x00000000eb800000, 0x00000000eb800000, 0x00000000eb900000|  0%| F|  |TAMS 0x00000000eb800000, 0x00000000eb800000| Untracked 
| 185|0x00000000eb900000, 0x00000000eb900000, 0x00000000eba00000|  0%| F|  |TAMS 0x00000000eb900000, 0x00000000eb900000| Untracked 
| 186|0x00000000eba00000, 0x00000000eba00000, 0x00000000ebb00000|  0%| F|  |TAMS 0x00000000eba00000, 0x00000000eba00000| Untracked 
| 187|0x00000000ebb00000, 0x00000000ebb00000, 0x00000000ebc00000|  0%| F|  |TAMS 0x00000000ebb00000, 0x00000000ebb00000| Untracked 
| 188|0x00000000ebc00000, 0x00000000ebc00000, 0x00000000ebd00000|  0%| F|  |TAMS 0x00000000ebc00000, 0x00000000ebc00000| Untracked 
| 189|0x00000000ebd00000, 0x00000000ebd00000, 0x00000000ebe00000|  0%| F|  |TAMS 0x00000000ebd00000, 0x00000000ebd00000| Untracked 
| 190|0x00000000ebe00000, 0x00000000ebe00000, 0x00000000ebf00000|  0%| F|  |TAMS 0x00000000ebe00000, 0x00000000ebe00000| Untracked 
| 191|0x00000000ebf00000, 0x00000000ebf00000, 0x00000000ec000000|  0%| F|  |TAMS 0x00000000ebf00000, 0x00000000ebf00000| Untracked 
| 192|0x00000000ec000000, 0x00000000ec000000, 0x00000000ec100000|  0%| F|  |TAMS 0x00000000ec000000, 0x00000000ec000000| Untracked 
| 193|0x00000000ec100000, 0x00000000ec100000, 0x00000000ec200000|  0%| F|  |TAMS 0x00000000ec100000, 0x00000000ec100000| Untracked 
| 194|0x00000000ec200000, 0x00000000ec200000, 0x00000000ec300000|  0%| F|  |TAMS 0x00000000ec200000, 0x00000000ec200000| Untracked 
| 195|0x00000000ec300000, 0x00000000ec300000, 0x00000000ec400000|  0%| F|  |TAMS 0x00000000ec300000, 0x00000000ec300000| Untracked 
| 196|0x00000000ec400000, 0x00000000ec400000, 0x00000000ec500000|  0%| F|  |TAMS 0x00000000ec400000, 0x00000000ec400000| Untracked 
| 197|0x00000000ec500000, 0x00000000ec500000, 0x00000000ec600000|  0%| F|  |TAMS 0x00000000ec500000, 0x00000000ec500000| Untracked 
| 198|0x00000000ec600000, 0x00000000ec600000, 0x00000000ec700000|  0%| F|  |TAMS 0x00000000ec600000, 0x00000000ec600000| Untracked 
| 199|0x00000000ec700000, 0x00000000ec700000, 0x00000000ec800000|  0%| F|  |TAMS 0x00000000ec700000, 0x00000000ec700000| Untracked 
| 200|0x00000000ec800000, 0x00000000ec800000, 0x00000000ec900000|  0%| F|  |TAMS 0x00000000ec800000, 0x00000000ec800000| Untracked 
| 201|0x00000000ec900000, 0x00000000ec900000, 0x00000000eca00000|  0%| F|  |TAMS 0x00000000ec900000, 0x00000000ec900000| Untracked 
| 202|0x00000000eca00000, 0x00000000eca00000, 0x00000000ecb00000|  0%| F|  |TAMS 0x00000000eca00000, 0x00000000eca00000| Untracked 
| 203|0x00000000ecb00000, 0x00000000ecb00000, 0x00000000ecc00000|  0%| F|  |TAMS 0x00000000ecb00000, 0x00000000ecb00000| Untracked 
| 204|0x00000000ecc00000, 0x00000000ecc00000, 0x00000000ecd00000|  0%| F|  |TAMS 0x00000000ecc00000, 0x00000000ecc00000| Untracked 
| 205|0x00000000ecd00000, 0x00000000ecd00000, 0x00000000ece00000|  0%| F|  |TAMS 0x00000000ecd00000, 0x00000000ecd00000| Untracked 
| 206|0x00000000ece00000, 0x00000000ece00000, 0x00000000ecf00000|  0%| F|  |TAMS 0x00000000ece00000, 0x00000000ece00000| Untracked 
| 207|0x00000000ecf00000, 0x00000000ecf00000, 0x00000000ed000000|  0%| F|  |TAMS 0x00000000ecf00000, 0x00000000ecf00000| Untracked 
| 208|0x00000000ed000000, 0x00000000ed000000, 0x00000000ed100000|  0%| F|  |TAMS 0x00000000ed000000, 0x00000000ed000000| Untracked 
| 209|0x00000000ed100000, 0x00000000ed117630, 0x00000000ed200000|  9%| E|  |TAMS 0x00000000ed100000, 0x00000000ed100000| Complete 
| 210|0x00000000ed200000, 0x00000000ed300000, 0x00000000ed300000|100%| E|CS|TAMS 0x00000000ed200000, 0x00000000ed200000| Complete 
| 211|0x00000000ed300000, 0x00000000ed400000, 0x00000000ed400000|100%| E|CS|TAMS 0x00000000ed300000, 0x00000000ed300000| Complete 
| 212|0x00000000ed400000, 0x00000000ed500000, 0x00000000ed500000|100%| E|CS|TAMS 0x00000000ed400000, 0x00000000ed400000| Complete 
| 213|0x00000000ed500000, 0x00000000ed600000, 0x00000000ed600000|100%| E|CS|TAMS 0x00000000ed500000, 0x00000000ed500000| Complete 
| 214|0x00000000ed600000, 0x00000000ed700000, 0x00000000ed700000|100%| E|CS|TAMS 0x00000000ed600000, 0x00000000ed600000| Complete 
| 215|0x00000000ed700000, 0x00000000ed800000, 0x00000000ed800000|100%| E|CS|TAMS 0x00000000ed700000, 0x00000000ed700000| Complete 
| 216|0x00000000ed800000, 0x00000000ed900000, 0x00000000ed900000|100%| E|CS|TAMS 0x00000000ed800000, 0x00000000ed800000| Complete 
| 217|0x00000000ed900000, 0x00000000eda00000, 0x00000000eda00000|100%| E|CS|TAMS 0x00000000ed900000, 0x00000000ed900000| Complete 
| 218|0x00000000eda00000, 0x00000000edb00000, 0x00000000edb00000|100%| E|CS|TAMS 0x00000000eda00000, 0x00000000eda00000| Complete 
| 219|0x00000000edb00000, 0x00000000edc00000, 0x00000000edc00000|100%| E|CS|TAMS 0x00000000edb00000, 0x00000000edb00000| Complete 
| 220|0x00000000edc00000, 0x00000000edd00000, 0x00000000edd00000|100%| E|CS|TAMS 0x00000000edc00000, 0x00000000edc00000| Complete 
| 221|0x00000000edd00000, 0x00000000ede00000, 0x00000000ede00000|100%| E|CS|TAMS 0x00000000edd00000, 0x00000000edd00000| Complete 
| 222|0x00000000ede00000, 0x00000000edf00000, 0x00000000edf00000|100%| E|CS|TAMS 0x00000000ede00000, 0x00000000ede00000| Complete 
| 223|0x00000000edf00000, 0x00000000ee000000, 0x00000000ee000000|100%| E|CS|TAMS 0x00000000edf00000, 0x00000000edf00000| Complete 
| 224|0x00000000ee000000, 0x00000000ee100000, 0x00000000ee100000|100%| E|CS|TAMS 0x00000000ee000000, 0x00000000ee000000| Complete 
| 225|0x00000000ee100000, 0x00000000ee200000, 0x00000000ee200000|100%| E|CS|TAMS 0x00000000ee100000, 0x00000000ee100000| Complete 
| 226|0x00000000ee200000, 0x00000000ee300000, 0x00000000ee300000|100%| E|CS|TAMS 0x00000000ee200000, 0x00000000ee200000| Complete 
| 227|0x00000000ee300000, 0x00000000ee400000, 0x00000000ee400000|100%| E|CS|TAMS 0x00000000ee300000, 0x00000000ee300000| Complete 
| 228|0x00000000ee400000, 0x00000000ee500000, 0x00000000ee500000|100%| E|CS|TAMS 0x00000000ee400000, 0x00000000ee400000| Complete 
| 229|0x00000000ee500000, 0x00000000ee600000, 0x00000000ee600000|100%| E|CS|TAMS 0x00000000ee500000, 0x00000000ee500000| Complete 
| 230|0x00000000ee600000, 0x00000000ee700000, 0x00000000ee700000|100%| E|CS|TAMS 0x00000000ee600000, 0x00000000ee600000| Complete 
| 231|0x00000000ee700000, 0x00000000ee800000, 0x00000000ee800000|100%| E|CS|TAMS 0x00000000ee700000, 0x00000000ee700000| Complete 
| 232|0x00000000ee800000, 0x00000000ee900000, 0x00000000ee900000|100%| E|CS|TAMS 0x00000000ee800000, 0x00000000ee800000| Complete 
| 233|0x00000000ee900000, 0x00000000eea00000, 0x00000000eea00000|100%| E|CS|TAMS 0x00000000ee900000, 0x00000000ee900000| Complete 
| 234|0x00000000eea00000, 0x00000000eeb00000, 0x00000000eeb00000|100%| E|CS|TAMS 0x00000000eea00000, 0x00000000eea00000| Complete 
| 235|0x00000000eeb00000, 0x00000000eec00000, 0x00000000eec00000|100%| E|  |TAMS 0x00000000eeb00000, 0x00000000eeb00000| Complete 
| 236|0x00000000eec00000, 0x00000000eed00000, 0x00000000eed00000|100%| E|CS|TAMS 0x00000000eec00000, 0x00000000eec00000| Complete 
| 237|0x00000000eed00000, 0x00000000eee00000, 0x00000000eee00000|100%| E|CS|TAMS 0x00000000eed00000, 0x00000000eed00000| Complete 
| 238|0x00000000eee00000, 0x00000000eef00000, 0x00000000eef00000|100%| E|CS|TAMS 0x00000000eee00000, 0x00000000eee00000| Complete 
| 239|0x00000000eef00000, 0x00000000ef000000, 0x00000000ef000000|100%| E|CS|TAMS 0x00000000eef00000, 0x00000000eef00000| Complete 
| 240|0x00000000ef000000, 0x00000000ef100000, 0x00000000ef100000|100%| E|CS|TAMS 0x00000000ef000000, 0x00000000ef000000| Complete 
| 241|0x00000000ef100000, 0x00000000ef200000, 0x00000000ef200000|100%| E|CS|TAMS 0x00000000ef100000, 0x00000000ef100000| Complete 
| 242|0x00000000ef200000, 0x00000000ef300000, 0x00000000ef300000|100%| E|CS|TAMS 0x00000000ef200000, 0x00000000ef200000| Complete 
| 243|0x00000000ef300000, 0x00000000ef400000, 0x00000000ef400000|100%| E|CS|TAMS 0x00000000ef300000, 0x00000000ef300000| Complete 
| 244|0x00000000ef400000, 0x00000000ef500000, 0x00000000ef500000|100%| E|CS|TAMS 0x00000000ef400000, 0x00000000ef400000| Complete 
| 245|0x00000000ef500000, 0x00000000ef600000, 0x00000000ef600000|100%| E|CS|TAMS 0x00000000ef500000, 0x00000000ef500000| Complete 
| 246|0x00000000ef600000, 0x00000000ef700000, 0x00000000ef700000|100%| E|CS|TAMS 0x00000000ef600000, 0x00000000ef600000| Complete 
| 247|0x00000000ef700000, 0x00000000ef800000, 0x00000000ef800000|100%| E|CS|TAMS 0x00000000ef700000, 0x00000000ef700000| Complete 
| 248|0x00000000ef800000, 0x00000000ef900000, 0x00000000ef900000|100%| E|CS|TAMS 0x00000000ef800000, 0x00000000ef800000| Complete 
| 249|0x00000000ef900000, 0x00000000efa00000, 0x00000000efa00000|100%| E|CS|TAMS 0x00000000ef900000, 0x00000000ef900000| Complete 
| 250|0x00000000efa00000, 0x00000000efb00000, 0x00000000efb00000|100%| E|CS|TAMS 0x00000000efa00000, 0x00000000efa00000| Complete 
| 251|0x00000000efb00000, 0x00000000efc00000, 0x00000000efc00000|100%| E|CS|TAMS 0x00000000efb00000, 0x00000000efb00000| Complete 
| 252|0x00000000efc00000, 0x00000000efd00000, 0x00000000efd00000|100%| E|CS|TAMS 0x00000000efc00000, 0x00000000efc00000| Complete 
| 253|0x00000000efd00000, 0x00000000efe00000, 0x00000000efe00000|100%| E|CS|TAMS 0x00000000efd00000, 0x00000000efd00000| Complete 
| 254|0x00000000efe00000, 0x00000000eff00000, 0x00000000eff00000|100%| E|CS|TAMS 0x00000000efe00000, 0x00000000efe00000| Complete 
| 255|0x00000000eff00000, 0x00000000f0000000, 0x00000000f0000000|100%| E|CS|TAMS 0x00000000eff00000, 0x00000000eff00000| Complete 

Card table byte_map: [0x00000298f93e0000,0x00000298f94e0000] _byte_map_base: 0x00000298f8ce0000

Marking Bits (Prev, Next): (CMBitMap*) 0x00000298f0834520, (CMBitMap*) 0x00000298f08344e0
 Prev Bits: [0x00000298f9de0000, 0x00000298fa5e0000)
 Next Bits: [0x00000298f95e0000, 0x00000298f9de0000)

Polling page: 0x00000298ee7f0000

Metaspace:

Usage:
  Non-class:     50.28 MB used.
      Class:      7.47 MB used.
       Both:     57.76 MB used.

Virtual space:
  Non-class space:       56.00 MB reserved,      50.56 MB ( 90%) committed,  7 nodes.
      Class space:      208.00 MB reserved,       7.75 MB (  4%) committed,  1 nodes.
              Both:      264.00 MB reserved,      58.31 MB ( 22%) committed. 

Chunk freelists:
   Non-Class:  1.20 MB
       Class:  310.00 KB
        Both:  1.51 MB

MaxMetaspaceSize: 256.00 MB
CompressedClassSpaceSize: 208.00 MB
 - commit_granule_bytes: 65536.
 - commit_granule_words: 8192.
 - virtual_space_node_default_size: 1048576.
 - enlarge_chunks_in_place: 1.
 - new_chunks_are_fully_committed: 0.
 - uncommit_free_chunks: 1.
 - use_allocation_guard: 0.
 - handle_deallocations: 1.


Internal statistics:

num_allocs_failed_limit: 9.
num_arena_births: 914.
num_arena_deaths: 190.
num_vsnodes_births: 8.
num_vsnodes_deaths: 0.
num_space_committed: 933.
num_space_uncommitted: 0.
num_chunks_returned_to_freelist: 235.
num_chunks_taken_from_freelist: 3394.
num_chunk_merges: 77.
num_chunk_splits: 2096.
num_chunks_enlarged: 1286.
num_purges: 2.

CodeHeap 'non-profiled nmethods': size=120000Kb used=5406Kb max_used=5406Kb free=114593Kb
 bounds [0x0000029887ad0000, 0x0000029888020000, 0x000002988f000000]
CodeHeap 'profiled nmethods': size=120000Kb used=19533Kb max_used=19533Kb free=100466Kb
 bounds [0x00000298805a0000, 0x00000298818c0000, 0x0000029887ad0000]
CodeHeap 'non-nmethods': size=5760Kb used=2352Kb max_used=2482Kb free=3407Kb
 bounds [0x0000029880000000, 0x0000029880270000, 0x00000298805a0000]
 total_blobs=10592 nmethods=9724 adapters=780
 compilation: enabled
              stopped_count=0, restarted_count=0
 full_count=0

Compilation events (20 events):
Event: 1338.642 Thread 0x00000298fcdc9b00 10481       4       org.gradle.internal.instantiation.generator.AsmBackedClassGenerator::getDisplayNameForNext (21 bytes)
Event: 1338.646 Thread 0x00000298fcdca500 10517       1       org.gradle.internal.file.DefaultFileHierarchySet$EmptyFileHierarchySet::contains (2 bytes)
Event: 1338.647 Thread 0x00000298fcdca500 nmethod 10517 0x0000029888014f10 code [0x00000298880150a0, 0x0000029888015178]
Event: 1338.649 Thread 0x00000298fcdc9b00 nmethod 10481 0x0000029888015210 code [0x00000298880153e0, 0x0000029888015be8]
Event: 1338.652 Thread 0x00000298fcdca500 10518       1       org.gradle.internal.fingerprint.impl.DefaultFileCollectionSnapshotter$SnapshottingVisitor::getRoots (5 bytes)
Event: 1338.653 Thread 0x00000298fcdca500 nmethod 10518 0x0000029888016010 code [0x00000298880161a0, 0x0000029888016278]
Event: 1338.657 Thread 0x00000298fcdc9b00 10519       4       java.util.concurrent.ConcurrentLinkedQueue::add (6 bytes)
Event: 1338.657 Thread 0x00000298fcdca500 10520       3       org.gradle.internal.fingerprint.impl.IgnoredPathFileSystemLocationFingerprint::<init> (15 bytes)
Event: 1338.657 Thread 0x00000298fcdca500 nmethod 10520 0x00000298818af210 code [0x00000298818af3c0, 0x00000298818af5d8]
Event: 1338.657 Thread 0x00000298fcdca500 10521       3       org.gradle.internal.fingerprint.impl.IgnoredPathFileSystemLocationFingerprint::create (64 bytes)
Event: 1338.657 Thread 0x00000298fcdca500 nmethod 10521 0x00000298818af690 code [0x00000298818af880, 0x00000298818afd68]
Event: 1338.661 Thread 0x00000298fcdc9b00 nmethod 10519 0x0000029888016310 code [0x00000298880164a0, 0x00000298880168b8]
Event: 1338.664 Thread 0x00000298fcdca500 10522       3       org.gradle.api.file.RelativePath::<init> (8 bytes)
Event: 1338.665 Thread 0x00000298fcdca500 nmethod 10522 0x00000298818aff10 code [0x00000298818b00c0, 0x00000298818b0208]
Event: 1338.670 Thread 0x00000298fcdc9b00 10523       4       com.google.common.collect.RegularImmutableMap$EntrySet$1::get (6 bytes)
Event: 1338.670 Thread 0x00000298fcdca500 10525       1       org.gradle.internal.snapshot.AbstractListChildMap::isEmpty (2 bytes)
Event: 1338.670 Thread 0x00000298fcdca500 nmethod 10525 0x0000029888016a90 code [0x0000029888016c20, 0x0000029888016cf8]
Event: 1338.671 Thread 0x00000298fcdc9b00 nmethod 10523 0x0000029888016d90 code [0x0000029888016f20, 0x00000298880170f8]
Event: 1338.671 Thread 0x00000298fcdc9b00 10524       4       com.google.common.collect.RegularImmutableMap$EntrySet$1::get (64 bytes)
Event: 1338.672 Thread 0x00000298fcdc9b00 nmethod 10524 0x0000029888017310 code [0x00000298880174a0, 0x0000029888017678]

GC Heap History (14 events):
Event: 0.407 GC heap before
{Heap before GC invocations=0 (full 0):
 garbage-first heap   total 262144K, used 26624K [0x00000000e0000000, 0x0000000100000000)
  region size 1024K, 21 young (21504K), 0 survivors (0K)
 Metaspace       used 3191K, committed 3328K, reserved 221184K
  class space    used 384K, committed 448K, reserved 212992K
}
Event: 0.409 GC heap after
{Heap after GC invocations=1 (full 0):
 garbage-first heap   total 262144K, used 9583K [0x00000000e0000000, 0x0000000100000000)
  region size 1024K, 3 young (3072K), 3 survivors (3072K)
 Metaspace       used 3191K, committed 3328K, reserved 221184K
  class space    used 384K, committed 448K, reserved 212992K
}
Event: 0.652 GC heap before
{Heap before GC invocations=1 (full 0):
 garbage-first heap   total 262144K, used 34159K [0x00000000e0000000, 0x0000000100000000)
  region size 1024K, 27 young (27648K), 3 survivors (3072K)
 Metaspace       used 4116K, committed 4288K, reserved 221184K
  class space    used 481K, committed 576K, reserved 212992K
}
Event: 0.654 GC heap after
{Heap after GC invocations=2 (full 0):
 garbage-first heap   total 262144K, used 9800K [0x00000000e0000000, 0x0000000100000000)
  region size 1024K, 1 young (1024K), 1 survivors (1024K)
 Metaspace       used 4116K, committed 4288K, reserved 221184K
  class space    used 481K, committed 576K, reserved 212992K
}
Event: 2.007 GC heap before
{Heap before GC invocations=2 (full 0):
 garbage-first heap   total 262144K, used 119368K [0x00000000e0000000, 0x0000000100000000)
  region size 1024K, 109 young (111616K), 1 survivors (1024K)
 Metaspace       used 20940K, committed 21248K, reserved 237568K
  class space    used 3023K, committed 3200K, reserved 212992K
}
Event: 2.012 GC heap after
{Heap after GC invocations=3 (full 0):
 garbage-first heap   total 262144K, used 19751K [0x00000000e0000000, 0x0000000100000000)
  region size 1024K, 11 young (11264K), 11 survivors (11264K)
 Metaspace       used 20940K, committed 21248K, reserved 237568K
  class space    used 3023K, committed 3200K, reserved 212992K
}
Event: 2.966 GC heap before
{Heap before GC invocations=4 (full 0):
 garbage-first heap   total 262144K, used 121127K [0x00000000e0000000, 0x0000000100000000)
  region size 1024K, 108 young (110592K), 11 survivors (11264K)
 Metaspace       used 35165K, committed 35520K, reserved 245760K
  class space    used 4652K, committed 4864K, reserved 212992K
}
Event: 2.974 GC heap after
{Heap after GC invocations=5 (full 0):
 garbage-first heap   total 262144K, used 27996K [0x00000000e0000000, 0x0000000100000000)
  region size 1024K, 18 young (18432K), 18 survivors (18432K)
 Metaspace       used 35165K, committed 35520K, reserved 245760K
  class space    used 4652K, committed 4864K, reserved 212992K
}
Event: 4.873 GC heap before
{Heap before GC invocations=6 (full 0):
 garbage-first heap   total 262144K, used 165212K [0x00000000e0000000, 0x0000000100000000)
  region size 1024K, 153 young (156672K), 18 survivors (18432K)
 Metaspace       used 53702K, committed 54208K, reserved 262144K
  class space    used 7310K, committed 7552K, reserved 212992K
}
Event: 4.887 GC heap after
{Heap after GC invocations=7 (full 0):
 garbage-first heap   total 262144K, used 44465K [0x00000000e0000000, 0x0000000100000000)
  region size 1024K, 20 young (20480K), 20 survivors (20480K)
 Metaspace       used 53702K, committed 54208K, reserved 262144K
  class space    used 7310K, committed 7552K, reserved 212992K
}
Event: 373.820 GC heap before
{Heap before GC invocations=7 (full 0):
 garbage-first heap   total 262144K, used 158129K [0x00000000e0000000, 0x0000000100000000)
  region size 1024K, 132 young (135168K), 20 survivors (20480K)
 Metaspace       used 57654K, committed 58176K, reserved 270336K
  class space    used 7642K, committed 7872K, reserved 212992K
}
Event: 373.833 GC heap after
{Heap after GC invocations=8 (full 0):
 garbage-first heap   total 262144K, used 51961K [0x00000000e0000000, 0x0000000100000000)
  region size 1024K, 9 young (9216K), 9 survivors (9216K)
 Metaspace       used 57654K, committed 58176K, reserved 270336K
  class space    used 7642K, committed 7872K, reserved 212992K
}
Event: 1177.432 GC heap before
{Heap before GC invocations=8 (full 0):
 garbage-first heap   total 262144K, used 173817K [0x00000000e0000000, 0x0000000100000000)
  region size 1024K, 130 young (133120K), 9 survivors (9216K)
 Metaspace       used 58876K, committed 59456K, reserved 270336K
  class space    used 7671K, committed 7936K, reserved 212992K
}
Event: 1177.437 GC heap after
{Heap after GC invocations=9 (full 0):
 garbage-first heap   total 262144K, used 48996K [0x00000000e0000000, 0x0000000100000000)
  region size 1024K, 6 young (6144K), 6 survivors (6144K)
 Metaspace       used 58876K, committed 59456K, reserved 270336K
  class space    used 7671K, committed 7936K, reserved 212992K
}

Deoptimization events (20 events):
Event: 1267.238 Thread 0x00000298ff338ac0 DEOPT PACKING pc=0x0000029887c2036c sp=0x000000e52c2fd590
Event: 1267.238 Thread 0x00000298ff338ac0 DEOPT UNPACKING pc=0x000002988004d72e sp=0x000000e52c2fd3f0 mode 2
Event: 1267.238 Thread 0x00000298ff338ac0 Uncommon trap: trap_request=0xffffff45 fr.pc=0x0000029887cb0e50 relative=0x0000000000000610
Event: 1267.238 Thread 0x00000298ff338ac0 Uncommon trap: reason=unstable_if action=reinterpret pc=0x0000029887cb0e50 method=java.lang.ref.SoftReference.get()Ljava/lang/Object; @ 6 c2
Event: 1267.239 Thread 0x00000298ff338ac0 DEOPT PACKING pc=0x0000029887cb0e50 sp=0x000000e52c2fd520
Event: 1267.239 Thread 0x00000298ff338ac0 DEOPT UNPACKING pc=0x000002988004d72e sp=0x000000e52c2fd400 mode 2
Event: 1267.296 Thread 0x00000298ff338ac0 Uncommon trap: trap_request=0xffffff45 fr.pc=0x0000029887b009a8 relative=0x0000000000000d68
Event: 1267.296 Thread 0x00000298ff338ac0 Uncommon trap: reason=unstable_if action=reinterpret pc=0x0000029887b009a8 method=java.lang.ref.SoftReference.get()Ljava/lang/Object; @ 6 c2
Event: 1267.296 Thread 0x00000298ff338ac0 DEOPT PACKING pc=0x0000029887b009a8 sp=0x000000e52c2fa600
Event: 1267.296 Thread 0x00000298ff338ac0 DEOPT UNPACKING pc=0x000002988004d72e sp=0x000000e52c2fa548 mode 2
Event: 1267.300 Thread 0x00000298ff338ac0 Uncommon trap: trap_request=0xffffff45 fr.pc=0x0000029887b17ec0 relative=0x0000000000000120
Event: 1267.300 Thread 0x00000298ff338ac0 Uncommon trap: reason=unstable_if action=reinterpret pc=0x0000029887b17ec0 method=java.lang.ref.SoftReference.get()Ljava/lang/Object; @ 6 c2
Event: 1267.300 Thread 0x00000298ff338ac0 DEOPT PACKING pc=0x0000029887b17ec0 sp=0x000000e52c2fa330
Event: 1267.300 Thread 0x00000298ff338ac0 DEOPT UNPACKING pc=0x000002988004d72e sp=0x000000e52c2fa278 mode 2
Event: 1267.397 Thread 0x00000298ff338ac0 Uncommon trap: trap_request=0xffffff45 fr.pc=0x0000029887d1692c relative=0x00000000000019ec
Event: 1267.397 Thread 0x00000298ff338ac0 Uncommon trap: reason=unstable_if action=reinterpret pc=0x0000029887d1692c method=java.lang.ref.SoftReference.get()Ljava/lang/Object; @ 6 c2
Event: 1267.397 Thread 0x00000298ff338ac0 DEOPT PACKING pc=0x0000029887d1692c sp=0x000000e52c2f7eb0
Event: 1267.397 Thread 0x00000298ff338ac0 DEOPT UNPACKING pc=0x000002988004d72e sp=0x000000e52c2f7c88 mode 2
Event: 1267.417 Thread 0x00000298ff338ac0 DEOPT PACKING pc=0x00000298808121ee sp=0x000000e52c2f7390
Event: 1267.417 Thread 0x00000298ff338ac0 DEOPT UNPACKING pc=0x000002988004dece sp=0x000000e52c2f6858 mode 0

Classes unloaded (20 events):
Event: 1177.462 Thread 0x00000298fcda5c70 Unloading class 0x0000000800d12400 'jdk/internal/reflect/GeneratedSerializationConstructorAccessor1'
Event: 1177.462 Thread 0x00000298fcda5c70 Unloading class 0x0000000800ce2400 'java/lang/invoke/LambdaForm$DMH+0x0000000800ce2400'
Event: 1177.462 Thread 0x00000298fcda5c70 Unloading class 0x0000000800ce1c00 'java/lang/invoke/LambdaForm$DMH+0x0000000800ce1c00'
Event: 1177.462 Thread 0x00000298fcda5c70 Unloading class 0x0000000800ce1800 'java/lang/invoke/LambdaForm$MH+0x0000000800ce1800'
Event: 1177.462 Thread 0x00000298fcda5c70 Unloading class 0x0000000800ce1400 'java/lang/invoke/LambdaForm$MH+0x0000000800ce1400'
Event: 1177.462 Thread 0x00000298fcda5c70 Unloading class 0x0000000800ce1000 'java/lang/invoke/LambdaForm$MH+0x0000000800ce1000'
Event: 1177.462 Thread 0x00000298fcda5c70 Unloading class 0x0000000800ce0c00 'java/lang/invoke/LambdaForm$MH+0x0000000800ce0c00'
Event: 1177.462 Thread 0x00000298fcda5c70 Unloading class 0x0000000800ce0800 'java/lang/invoke/LambdaForm$MH+0x0000000800ce0800'
Event: 1177.462 Thread 0x00000298fcda5c70 Unloading class 0x0000000800ce0400 'java/lang/invoke/LambdaForm$MH+0x0000000800ce0400'
Event: 1177.462 Thread 0x00000298fcda5c70 Unloading class 0x0000000800ce0000 'java/lang/invoke/LambdaForm$MH+0x0000000800ce0000'
Event: 1177.462 Thread 0x00000298fcda5c70 Unloading class 0x0000000800cc3000 'java/lang/invoke/LambdaForm$MH+0x0000000800cc3000'
Event: 1177.462 Thread 0x00000298fcda5c70 Unloading class 0x0000000800cc2800 'java/lang/invoke/LambdaForm$MH+0x0000000800cc2800'
Event: 1177.462 Thread 0x00000298fcda5c70 Unloading class 0x0000000800cc2400 'java/lang/invoke/LambdaForm$MH+0x0000000800cc2400'
Event: 1177.462 Thread 0x00000298fcda5c70 Unloading class 0x0000000800cc2000 'java/lang/invoke/LambdaForm$MH+0x0000000800cc2000'
Event: 1177.462 Thread 0x00000298fcda5c70 Unloading class 0x0000000800cc1c00 'java/lang/invoke/LambdaForm$MH+0x0000000800cc1c00'
Event: 1177.462 Thread 0x00000298fcda5c70 Unloading class 0x0000000800cc1400 'java/lang/invoke/LambdaForm$MH+0x0000000800cc1400'
Event: 1177.462 Thread 0x00000298fcda5c70 Unloading class 0x0000000800c22c00 'java/lang/invoke/LambdaForm$MH+0x0000000800c22c00'
Event: 1177.462 Thread 0x00000298fcda5c70 Unloading class 0x0000000800c22800 'java/lang/invoke/LambdaForm$MH+0x0000000800c22800'
Event: 1177.462 Thread 0x00000298fcda5c70 Unloading class 0x0000000800c22000 'java/lang/invoke/LambdaForm$MH+0x0000000800c22000'
Event: 1177.462 Thread 0x00000298fcda5c70 Unloading class 0x0000000800c20400 'java/lang/invoke/LambdaForm$MH+0x0000000800c20400'

Classes redefined (0 events):
No events

Internal exceptions (20 events):
Event: 1267.751 Thread 0x00000298929505c0 Exception <a 'sun/nio/fs/WindowsException'{0x00000000ee530398}> (0x00000000ee530398) 
thrown [e:\jenkins\tmp\workspace\build\src\src\hotspot\share\prims\jni.cpp, line 579]
Event: 1267.752 Thread 0x00000298929505c0 Exception <a 'sun/nio/fs/WindowsException'{0x00000000ee530668}> (0x00000000ee530668) 
thrown [e:\jenkins\tmp\workspace\build\src\src\hotspot\share\prims\jni.cpp, line 579]
Event: 1267.753 Thread 0x00000298929505c0 Exception <a 'sun/nio/fs/WindowsException'{0x00000000ee5636b0}> (0x00000000ee5636b0) 
thrown [e:\jenkins\tmp\workspace\build\src\src\hotspot\share\prims\jni.cpp, line 579]
Event: 1267.753 Thread 0x00000298929505c0 Exception <a 'sun/nio/fs/WindowsException'{0x00000000ee563980}> (0x00000000ee563980) 
thrown [e:\jenkins\tmp\workspace\build\src\src\hotspot\share\prims\jni.cpp, line 579]
Event: 1267.757 Thread 0x00000298929505c0 Exception <a 'sun/nio/fs/WindowsException'{0x00000000ee4421f8}> (0x00000000ee4421f8) 
thrown [e:\jenkins\tmp\workspace\build\src\src\hotspot\share\prims\jni.cpp, line 579]
Event: 1267.757 Thread 0x00000298929505c0 Exception <a 'sun/nio/fs/WindowsException'{0x00000000ee4424f8}> (0x00000000ee4424f8) 
thrown [e:\jenkins\tmp\workspace\build\src\src\hotspot\share\prims\jni.cpp, line 579]
Event: 1267.759 Thread 0x00000298929505c0 Exception <a 'sun/nio/fs/WindowsException'{0x00000000ee39b6e8}> (0x00000000ee39b6e8) 
thrown [e:\jenkins\tmp\workspace\build\src\src\hotspot\share\prims\jni.cpp, line 579]
Event: 1267.759 Thread 0x00000298929505c0 Exception <a 'sun/nio/fs/WindowsException'{0x00000000ee39b988}> (0x00000000ee39b988) 
thrown [e:\jenkins\tmp\workspace\build\src\src\hotspot\share\prims\jni.cpp, line 579]
Event: 1267.765 Thread 0x00000298929505c0 Exception <a 'sun/nio/fs/WindowsException'{0x00000000ee035810}> (0x00000000ee035810) 
thrown [e:\jenkins\tmp\workspace\build\src\src\hotspot\share\prims\jni.cpp, line 579]
Event: 1267.765 Thread 0x00000298929505c0 Exception <a 'sun/nio/fs/WindowsException'{0x00000000ee035ae0}> (0x00000000ee035ae0) 
thrown [e:\jenkins\tmp\workspace\build\src\src\hotspot\share\prims\jni.cpp, line 579]
Event: 1267.770 Thread 0x00000298929505c0 Exception <a 'sun/nio/fs/WindowsException'{0x00000000ede8bbf8}> (0x00000000ede8bbf8) 
thrown [e:\jenkins\tmp\workspace\build\src\src\hotspot\share\prims\jni.cpp, line 579]
Event: 1267.770 Thread 0x00000298929505c0 Exception <a 'sun/nio/fs/WindowsException'{0x00000000ede8bef0}> (0x00000000ede8bef0) 
thrown [e:\jenkins\tmp\workspace\build\src\src\hotspot\share\prims\jni.cpp, line 579]
Event: 1267.775 Thread 0x00000298929505c0 Exception <a 'sun/nio/fs/WindowsException'{0x00000000edc13360}> (0x00000000edc13360) 
thrown [e:\jenkins\tmp\workspace\build\src\src\hotspot\share\prims\jni.cpp, line 579]
Event: 1267.776 Thread 0x00000298929505c0 Exception <a 'sun/nio/fs/WindowsException'{0x00000000edc13660}> (0x00000000edc13660) 
thrown [e:\jenkins\tmp\workspace\build\src\src\hotspot\share\prims\jni.cpp, line 579]
Event: 1267.777 Thread 0x00000298929505c0 Exception <a 'sun/nio/fs/WindowsException'{0x00000000edc28390}> (0x00000000edc28390) 
thrown [e:\jenkins\tmp\workspace\build\src\src\hotspot\share\prims\jni.cpp, line 579]
Event: 1267.777 Thread 0x00000298929505c0 Exception <a 'sun/nio/fs/WindowsException'{0x00000000edc28650}> (0x00000000edc28650) 
thrown [e:\jenkins\tmp\workspace\build\src\src\hotspot\share\prims\jni.cpp, line 579]
Event: 1267.787 Thread 0x00000298929505c0 Exception <a 'sun/nio/fs/WindowsException'{0x00000000edb3dcd0}> (0x00000000edb3dcd0) 
thrown [e:\jenkins\tmp\workspace\build\src\src\hotspot\share\prims\jni.cpp, line 579]
Event: 1267.788 Thread 0x00000298929505c0 Exception <a 'sun/nio/fs/WindowsException'{0x00000000edb3ee88}> (0x00000000edb3ee88) 
thrown [e:\jenkins\tmp\workspace\build\src\src\hotspot\share\prims\jni.cpp, line 579]
Event: 1338.578 Thread 0x000002988f5612a0 Exception <a 'sun/nio/fs/WindowsException'{0x00000000ed3055b0}> (0x00000000ed3055b0) 
thrown [e:\jenkins\tmp\workspace\build\src\src\hotspot\share\prims\jni.cpp, line 579]
Event: 1338.578 Thread 0x000002988f5612a0 Exception <a 'sun/nio/fs/WindowsException'{0x00000000ed305850}> (0x00000000ed305850) 
thrown [e:\jenkins\tmp\workspace\build\src\src\hotspot\share\prims\jni.cpp, line 579]

Events (20 events):
Event: 1338.456 Thread 0x000002988f561d40 Thread added: 0x000002988f561d40
Event: 1338.456 Thread 0x0000029892952af0 Thread added: 0x0000029892952af0
Event: 1338.472 Thread 0x0000029892953590 Thread added: 0x0000029892953590
Event: 1338.492 Thread 0x0000029892953ae0 Thread added: 0x0000029892953ae0
Event: 1338.501 Thread 0x000002989294e090 Thread added: 0x000002989294e090
Event: 1338.503 Thread 0x0000029892951b00 Thread added: 0x0000029892951b00
Event: 1338.515 Thread 0x0000029892954580 Thread added: 0x0000029892954580
Event: 1338.537 Thread 0x0000029892954ad0 Thread added: 0x0000029892954ad0
Event: 1338.568 Thread 0x0000029892955020 Thread added: 0x0000029892955020
Event: 1338.568 Thread 0x000002989294db40 Thread added: 0x000002989294db40
Event: 1338.568 Thread 0x000002989294e5e0 Thread added: 0x000002989294e5e0
Event: 1338.568 Thread 0x000002989294f080 Thread added: 0x000002989294f080
Event: 1338.568 Thread 0x0000029892950070 Thread added: 0x0000029892950070
Event: 1338.569 Thread 0x00000298929505c0 Thread added: 0x00000298929505c0
Event: 1338.589 Thread 0x0000029892950b10 Thread added: 0x0000029892950b10
Event: 1338.589 Thread 0x00000298ff338ac0 Thread added: 0x00000298ff338ac0
Event: 1338.589 Thread 0x00000298ff33b540 Thread added: 0x00000298ff33b540
Event: 1338.589 Thread 0x00000298ff337580 Thread added: 0x00000298ff337580
Event: 1338.589 Thread 0x00000298ff339560 Thread added: 0x00000298ff339560
Event: 1338.595 Thread 0x00000298ff339ab0 Thread added: 0x00000298ff339ab0


Dynamic libraries:
0x00007ff770b50000 - 0x00007ff770b5e000 	C:\Program Files\AdoptOpenJDK\jdk-16.0.1.9-hotspot\bin\java.exe
0x00007ffddf710000 - 0x00007ffddf905000 	C:\WINDOWS\SYSTEM32\ntdll.dll
0x00007ffddea10000 - 0x00007ffddeacd000 	C:\WINDOWS\System32\KERNEL32.DLL
0x00007ffddd3c0000 - 0x00007ffddd689000 	C:\WINDOWS\System32\KERNELBASE.dll
0x00007ffddd160000 - 0x00007ffddd260000 	C:\WINDOWS\System32\ucrtbase.dll
0x00007ffdd82c0000 - 0x00007ffdd82d9000 	C:\Program Files\AdoptOpenJDK\jdk-16.0.1.9-hotspot\bin\VCRUNTIME140.dll
0x00007ffdd6890000 - 0x00007ffdd68a8000 	C:\Program Files\AdoptOpenJDK\jdk-16.0.1.9-hotspot\bin\jli.dll
0x00007ffddedb0000 - 0x00007ffddef50000 	C:\WINDOWS\System32\USER32.dll
0x00007ffddd750000 - 0x00007ffddd772000 	C:\WINDOWS\System32\win32u.dll
0x00007ffdb8d80000 - 0x00007ffdb901a000 	C:\WINDOWS\WinSxS\amd64_microsoft.windows.common-controls_6595b64144ccf1df_6.0.19041.1083_none_60bbe31371f34e71\COMCTL32.dll
0x00007ffdde500000 - 0x00007ffdde52a000 	C:\WINDOWS\System32\GDI32.dll
0x00007ffddce50000 - 0x00007ffddcf5b000 	C:\WINDOWS\System32\gdi32full.dll
0x00007ffdde970000 - 0x00007ffddea0e000 	C:\WINDOWS\System32\msvcrt.dll
0x00007ffddcfc0000 - 0x00007ffddd05d000 	C:\WINDOWS\System32\msvcp_win.dll
0x00007ffddf6a0000 - 0x00007ffddf6d0000 	C:\WINDOWS\System32\IMM32.DLL
0x00007ffdd6d40000 - 0x00007ffdd6d4c000 	C:\Program Files\AdoptOpenJDK\jdk-16.0.1.9-hotspot\bin\vcruntime140_1.dll
0x00007ffdc7090000 - 0x00007ffdc7121000 	C:\Program Files\AdoptOpenJDK\jdk-16.0.1.9-hotspot\bin\msvcp140.dll
0x00007ffd776b0000 - 0x00007ffd782e8000 	C:\Program Files\AdoptOpenJDK\jdk-16.0.1.9-hotspot\bin\server\jvm.dll
0x00007ffddead0000 - 0x00007ffddeb7c000 	C:\WINDOWS\System32\ADVAPI32.dll
0x00007ffdde400000 - 0x00007ffdde49b000 	C:\WINDOWS\System32\sechost.dll
0x00007ffddef50000 - 0x00007ffddf07a000 	C:\WINDOWS\System32\RPCRT4.dll
0x00007ffdddf20000 - 0x00007ffdddf28000 	C:\WINDOWS\System32\PSAPI.DLL
0x00007ffdc5cc0000 - 0x00007ffdc5cc9000 	C:\WINDOWS\SYSTEM32\WSOCK32.dll
0x00007ffdc0d40000 - 0x00007ffdc0d67000 	C:\WINDOWS\SYSTEM32\WINMM.dll
0x00007ffdd45d0000 - 0x00007ffdd45da000 	C:\WINDOWS\SYSTEM32\VERSION.dll
0x00007ffddf090000 - 0x00007ffddf0fb000 	C:\WINDOWS\System32\WS2_32.dll
0x00007ffddad90000 - 0x00007ffddada2000 	C:\WINDOWS\SYSTEM32\kernel.appcore.dll
0x00007ffdd6a40000 - 0x00007ffdd6a4a000 	C:\Program Files\AdoptOpenJDK\jdk-16.0.1.9-hotspot\bin\jimage.dll
0x00007ffdd7c40000 - 0x00007ffdd7e24000 	C:\WINDOWS\SYSTEM32\DBGHELP.DLL
0x00007ffdd7a40000 - 0x00007ffdd7a6c000 	C:\WINDOWS\SYSTEM32\dbgcore.DLL
0x00007ffddd690000 - 0x00007ffddd713000 	C:\WINDOWS\System32\bcryptPrimitives.dll
0x00007ffdc9670000 - 0x00007ffdc9695000 	C:\Program Files\AdoptOpenJDK\jdk-16.0.1.9-hotspot\bin\java.dll
0x00007ffddd780000 - 0x00007ffdddebf000 	C:\WINDOWS\System32\SHELL32.dll
0x00007ffddaf90000 - 0x00007ffddb721000 	C:\WINDOWS\SYSTEM32\windows.storage.dll
0x00007ffddf340000 - 0x00007ffddf695000 	C:\WINDOWS\System32\combase.dll
0x00007ffddc8c0000 - 0x00007ffddc8ec000 	C:\WINDOWS\SYSTEM32\Wldp.dll
0x00007ffddf1b0000 - 0x00007ffddf25e000 	C:\WINDOWS\System32\SHCORE.dll
0x00007ffddeb80000 - 0x00007ffddebd5000 	C:\WINDOWS\System32\shlwapi.dll
0x00007ffddcd90000 - 0x00007ffddcdaf000 	C:\WINDOWS\SYSTEM32\profapi.dll
0x00007ffdcef10000 - 0x00007ffdcef29000 	C:\Program Files\AdoptOpenJDK\jdk-16.0.1.9-hotspot\bin\net.dll
0x00007ffdd6030000 - 0x00007ffdd613a000 	C:\WINDOWS\SYSTEM32\WINHTTP.dll
0x00007ffddc620000 - 0x00007ffddc68a000 	C:\WINDOWS\system32\mswsock.dll
0x00007ffdce5a0000 - 0x00007ffdce5b3000 	C:\Program Files\AdoptOpenJDK\jdk-16.0.1.9-hotspot\bin\nio.dll
0x00007ffdcd4b0000 - 0x00007ffdcd4c8000 	C:\Program Files\AdoptOpenJDK\jdk-16.0.1.9-hotspot\bin\zip.dll
0x00007ffdd21b0000 - 0x00007ffdd21c0000 	C:\Program Files\AdoptOpenJDK\jdk-16.0.1.9-hotspot\bin\verify.dll
0x00007ffdcdc60000 - 0x00007ffdcdc87000 	C:\Users\80010-02-05\.gradle\native\49d0259a56938c7f99b2704e745ce422c4f750a7a20b539a32ccef96729676b1\windows-amd64\native-platform.dll
0x00007ffd8ce10000 - 0x00007ffd8cfa6000 	C:\Users\80010-02-05\.gradle\native\12488b8bf47d2d4c9fbf2f6322a914ad602e24e48041cd04a747c6da556b65c4\windows-amd64\native-platform-file-events.dll
0x00007ffdd1a10000 - 0x00007ffdd1a19000 	C:\Program Files\AdoptOpenJDK\jdk-16.0.1.9-hotspot\bin\management.dll
0x00007ffdceed0000 - 0x00007ffdceedb000 	C:\Program Files\AdoptOpenJDK\jdk-16.0.1.9-hotspot\bin\management_ext.dll
0x00007ffddc800000 - 0x00007ffddc818000 	C:\WINDOWS\SYSTEM32\CRYPTSP.dll
0x00007ffddbef0000 - 0x00007ffddbf24000 	C:\WINDOWS\system32\rsaenh.dll
0x00007ffddd720000 - 0x00007ffddd747000 	C:\WINDOWS\System32\bcrypt.dll
0x00007ffddcd50000 - 0x00007ffddcd7e000 	C:\WINDOWS\SYSTEM32\USERENV.dll
0x00007ffddc820000 - 0x00007ffddc82c000 	C:\WINDOWS\SYSTEM32\CRYPTBASE.dll
0x00007ffddc2c0000 - 0x00007ffddc2fb000 	C:\WINDOWS\SYSTEM32\IPHLPAPI.DLL
0x00007ffddf080000 - 0x00007ffddf088000 	C:\WINDOWS\System32\NSI.dll
0x00007ffdd8810000 - 0x00007ffdd8827000 	C:\WINDOWS\SYSTEM32\dhcpcsvc6.DLL
0x00007ffdd8610000 - 0x00007ffdd862d000 	C:\WINDOWS\SYSTEM32\dhcpcsvc.DLL
0x00007ffddc300000 - 0x00007ffddc3cc000 	C:\WINDOWS\SYSTEM32\DNSAPI.dll
0x00007ffdc9840000 - 0x00007ffdc984e000 	C:\Program Files\AdoptOpenJDK\jdk-16.0.1.9-hotspot\bin\sunmscapi.dll
0x00007ffddd260000 - 0x00007ffddd3bf000 	C:\WINDOWS\System32\CRYPT32.dll
0x00007ffddc930000 - 0x00007ffddc957000 	C:\WINDOWS\SYSTEM32\ncrypt.dll
0x00007ffddc8f0000 - 0x00007ffddc92b000 	C:\WINDOWS\SYSTEM32\NTASN1.dll
0x00007ffdc9660000 - 0x00007ffdc9667000 	C:\WINDOWS\system32\wshunix.dll

dbghelp: loaded successfully - version: 4.0.5 - missing functions: none
symbol engine: initialized successfully - sym options: 0x614 - pdb path: .;C:\Program Files\AdoptOpenJDK\jdk-16.0.1.9-hotspot\bin;C:\WINDOWS\SYSTEM32;C:\WINDOWS\WinSxS\amd64_microsoft.windows.common-controls_6595b64144ccf1df_6.0.19041.1083_none_60bbe31371f34e71;C:\Program Files\AdoptOpenJDK\jdk-16.0.1.9-hotspot\bin\server;C:\Users\80010-02-05\.gradle\native\49d0259a56938c7f99b2704e745ce422c4f750a7a20b539a32ccef96729676b1\windows-amd64;C:\Users\80010-02-05\.gradle\native\12488b8bf47d2d4c9fbf2f6322a914ad602e24e48041cd04a747c6da556b65c4\windows-amd64

VM Arguments:
jvm_args: --add-opens=java.base/java.util=ALL-UNNAMED --add-opens=java.base/java.lang=ALL-UNNAMED --add-opens=java.base/java.lang.invoke=ALL-UNNAMED --add-opens=java.base/java.util=ALL-UNNAMED --add-opens=java.prefs/java.util.prefs=ALL-UNNAMED --add-opens=java.prefs/java.util.prefs=ALL-UNNAMED --add-opens=java.base/java.nio.charset=ALL-UNNAMED --add-opens=java.base/java.net=ALL-UNNAMED --add-opens=java.base/java.util.concurrent.atomic=ALL-UNNAMED -XX:MaxMetaspaceSize=256m -XX:+HeapDumpOnOutOfMemoryError -Xms256m -Xmx512m -Dfile.encoding=windows-1252 -Duser.country=FR -Duser.language=fr -Duser.variant 
java_command: org.gradle.launcher.daemon.bootstrap.GradleDaemon 7.0
java_class_path (initial): C:\Users\80010-02-05\.gradle\wrapper\dists\gradle-7.0-bin\2p9ebqfz6ilrfozi676ogco7n\gradle-7.0\lib\gradle-launcher-7.0.jar
Launcher Type: SUN_STANDARD

[Global flags]
     intx CICompilerCount                          = 3                                         {product} {ergonomic}
   size_t CompressedClassSpaceSize                 = 218103808                                 {product} {ergonomic}
     uint ConcGCThreads                            = 2                                         {product} {ergonomic}
     uint G1ConcRefinementThreads                  = 6                                         {product} {ergonomic}
   size_t G1HeapRegionSize                         = 1048576                                   {product} {ergonomic}
    uintx GCDrainStackTargetSize                   = 64                                        {product} {ergonomic}
     bool HeapDumpOnOutOfMemoryError               = true                                   {manageable} {command line}
   size_t InitialHeapSize                          = 268435456                                 {product} {command line}
   size_t MarkStackSize                            = 4194304                                   {product} {ergonomic}
   size_t MaxHeapSize                              = 536870912                                 {product} {command line}
   size_t MaxMetaspaceSize                         = 268435456                                 {product} {command line}
   size_t MaxNewSize                               = 321912832                                 {product} {ergonomic}
   size_t MinHeapDeltaBytes                        = 1048576                                   {product} {ergonomic}
   size_t MinHeapSize                              = 268435456                                 {product} {command line}
    uintx NonNMethodCodeHeapSize                   = 5832780                                {pd product} {ergonomic}
    uintx NonProfiledCodeHeapSize                  = 122912730                              {pd product} {ergonomic}
    uintx ProfiledCodeHeapSize                     = 122912730                              {pd product} {ergonomic}
    uintx ReservedCodeCacheSize                    = 251658240                              {pd product} {ergonomic}
     bool SegmentedCodeCache                       = true                                      {product} {ergonomic}
   size_t SoftMaxHeapSize                          = 536870912                              {manageable} {ergonomic}
     bool UseCompressedClassPointers               = true                           {product lp64_product} {ergonomic}
     bool UseCompressedOops                        = true                           {product lp64_product} {ergonomic}
     bool UseG1GC                                  = true                                      {product} {ergonomic}
     bool UseLargePagesIndividualAllocation        = false                                  {pd product} {ergonomic}

Logging:
Log output configuration:
 #0: stdout all=warning uptime,level,tags
 #1: stderr all=off uptime,level,tags

Environment Variables:
JAVA_HOME=C:\Program Files\AdoptOpenJDK\jdk-16.0.1.9-hotspot\
PATH=C:\Program Files\AdoptOpenJDK\jdk-16.0.1.9-hotspot\bin;C:\Program Files\AdoptOpenJDK\jdk-11.0.5.10-hotspot\bin;C:\WINDOWS\system32;C:\WINDOWS;C:\WINDOWS\System32\Wbem;C:\WINDOWS\System32\WindowsPowerShell\v1.0\;C:\WINDOWS\System32\OpenSSH\;C:\Program Files\Git\cmd;C:\Program Files\Symfony;C:\ProgramData\ComposerSetup\bin;C:\php;C:\Users\80010-02-05\AppData\Local\Microsoft\WindowsApps;C:\Users\80010-02-05\AppData\Local\Programs\Microsoft VS Code\bin;C:\php;C:\Users\80010-02-05\AppData\Roaming\Composer\vendor\bin
USERNAME=80010-02-05
OS=Windows_NT
PROCESSOR_IDENTIFIER=Intel64 Family 6 Model 158 Stepping 10, GenuineIntel



---------------  S Y S T E M  ---------------

OS:
 Windows 10 , 64 bit Build 19041 (10.0.19041.1023)
OS uptime: 9 days 1:13 hours

CPU: total 6 (initial active 6) (6 cores per cpu, 1 threads per core) family 6 model 158 stepping 10 microcode 0xb4, cx8, cmov, fxsr, mmx, 3dnowpref, sse, sse2, sse3, ssse3, sse4.1, sse4.2, popcnt, lzcnt, tsc, tscinvbit, avx, avx2, aes, erms, clmul, bmi1, bmi2, adx, fma, vzeroupper, clflush, clflushopt

Memory: 4k page, system-wide physical 16219M (8168M free)
TotalPageFile size 18651M (AvailPageFile size 7764M)
current process WorkingSet (physical memory assigned to process): 404M, peak: 426M
current process commit charge ("private bytes"): 476M, peak: 499M

vm_info: OpenJDK 64-Bit Server VM (16.0.1+9) for windows-amd64 JRE (16.0.1+9), built on Apr 21 2021 12:30:27 by "" with MS VC++ 16.7 (VS2019)

END.
