#
# A fatal error has been detected by the Java Runtime Environment:
#
#  EXCEPTION_ACCESS_VIOLATION (0xc0000005) at pc=0x00007ffd8ce3362e, pid=10216, tid=13572
#
# JRE version: OpenJDK Runtime Environment AdoptOpenJDK-16.0.1+9 (16.0.1+9) (build 16.0.1+9)
# Java VM: OpenJDK 64-Bit Server VM AdoptOpenJDK-16.0.1+9 (16.0.1+9, mixed mode, sharing, tiered, compressed oops, compressed class ptrs, g1 gc, windows-amd64)
# Problematic frame:
# C  [native-platform-file-events.dll+0x2362e]
#
# No core dump will be written. Minidumps are not enabled by default on client versions of Windows
#
# If you would like to submit a bug report, please visit:
#   https://github.com/AdoptOpenJDK/openjdk-support/issues
# The crash happened outside the Java Virtual Machine in native code.
# See problematic frame for where to report the bug.
#

---------------  S U M M A R Y ------------

Command Line: --add-opens=java.base/java.util=ALL-UNNAMED --add-opens=java.base/java.lang=ALL-UNNAMED --add-opens=java.base/java.lang.invoke=ALL-UNNAMED --add-opens=java.base/java.util=ALL-UNNAMED --add-opens=java.prefs/java.util.prefs=ALL-UNNAMED --add-opens=java.prefs/java.util.prefs=ALL-UNNAMED --add-opens=java.base/java.nio.charset=ALL-UNNAMED --add-opens=java.base/java.net=ALL-UNNAMED --add-opens=java.base/java.util.concurrent.atomic=ALL-UNNAMED -XX:MaxMetaspaceSize=256m -XX:+HeapDumpOnOutOfMemoryError -Xms256m -Xmx512m -Dfile.encoding=windows-1252 -Duser.country=FR -Duser.language=fr -Duser.variant org.gradle.launcher.daemon.bootstrap.GradleDaemon 7.0

Host: Intel(R) Core(TM) i5-8400 CPU @ 2.80GHz, 6 cores, 15G,  Windows 10 , 64 bit Build 19041 (10.0.19041.1023)
Time: Wed Jul 21 10:33:44 2021 Paris, Madrid (heure duild 19041 (10.0.19041.1023) elapsed time: 14.699227 seconds (0d 0h 0m 14s)

---------------  T H R E A D  ---------------

Current thread (0x0000022581ebaf40):  JavaThread "File watcher server" daemon [_thread_in_native, id=13572, stack(0x000000b1f9300000,0x000000b1f9400000)]

Stack: [0x000000b1f9300000,0x000000b1f9400000],  sp=0x000000b1f93fe4b0,  free space=1017k
Native frames: (J=compiled Java code, j=interpreted, Vv=VM code, C=native code)
C  [native-platform-file-events.dll+0x2362e]

Java frames: (J=compiled Java code, j=interpreted, Vv=VM code)
j  net.rubygrapefruit.platform.internal.jni.AbstractFileEventFunctions$NativeFileWatcher.executeRunLoop0(Ljava/lang/Object;)V+0
j  net.rubygrapefruit.platform.internal.jni.AbstractFileEventFunctions$NativeFileWatcher.access$100(Lnet/rubygrapefruit/platform/internal/jni/AbstractFileEventFunctions$NativeFileWatcher;Ljava/lang/Object;)V+2
j  net.rubygrapefruit.platform.internal.jni.AbstractFileEventFunctions$NativeFileWatcher$1.run()V+26
v  ~StubRoutines::call_stub

siginfo: EXCEPTION_ACCESS_VIOLATION (0xc0000005), reading address 0xffffffffffffffff


Register to memory mapping:

RIP=0x00007ffd8ce3362e native-platform-file-events.dll
RAX=0x2473636974736974 is an unknown value
RBX=0x0000000000000001 is an unknown value
RCX=0x2473636974736974 is an unknown value
RDX=0x000000b1f93fe508 is pointing into the stack for thread: 0x0000022581ebaf40
RSP=0x000000b1f93fe4b0 is pointing into the stack for thread: 0x0000022581ebaf40
RBP=0x000000b1f93feea8 is pointing into the stack for thread: 0x0000022581ebaf40
RSI=0x0 is NULL
RDI=0x00000000ffffffff is an unallocated location in the heap
R8 =0x000000b1f93fe510 is pointing into the stack for thread: 0x0000022581ebaf40
R9 =0x000000007ffe6000 points into unknown readable memory: 0x00000000546c6148 | 48 61 6c 54 00 00 00 00
R10=0x00000000546c6148 is an unknown value
R11=0x000005c2f64e90de is an unknown value
R12=0x0 is NULL
R13={method} {0x0000022583747020} 'executeRunLoop0' '(Ljava/lang/Object;)V' in 'net/rubygrapefruit/platform/internal/jni/AbstractFileEventFunctions$NativeFileWatcher'
R14=0x000000b1f93feed0 is pointing into the stack for thread: 0x0000022581ebaf40
R15=0x0000022581ebaf40 is a thread


Registers:
RAX=0x2473636974736974, RBX=0x0000000000000001, RCX=0x2473636974736974, RDX=0x000000b1f93fe508
RSP=0x000000b1f93fe4b0, RBP=0x000000b1f93feea8, RSI=0x0000000000000000, RDI=0x00000000ffffffff
R8 =0x000000b1f93fe510, R9 =0x000000007ffe6000, R10=0x00000000546c6148, R11=0x000005c2f64e90de
R12=0x0000000000000000, R13=0x0000022583747018, R14=0x000000b1f93feed0, R15=0x0000022581ebaf40
RIP=0x00007ffd8ce3362e, EFLAGS=0x0000000000010206

Top of Stack: (sp=0x000000b1f93fe4b0)
0x000000b1f93fe4b0:   0002c78eec113f10 0002c78edef017fc
0x000000b1f93fe4c0:   0002c78eec113f10 00007ffd8ce4e965
0x000000b1f93fe4d0:   000000b1f93fe588 000000b1f93fe508
0x000000b1f93fe4e0:   000000b100000000 000000b1f93fe518
0x000000b1f93fe4f0:   000000b1f93f0001 0000071d96d73664
0x000000b1f93fe500:   000000b1f93fe510 00000000000000dc
0x000000b1f93fe510:   0002c78edef017fc 0002c78eec113f10
0x000000b1f93fe520:   00000000ea9808d8 00007ffd8ce4e4f7
0x000000b1f93fe530:   000000b1f93fe588 000000b1f93fe580
0x000000b1f93fe540:   00000225800095b0 00007ffd8ce3d473
0x000000b1f93fe550:   000000b100000000 000000b1f8bfbdc0
0x000000b1f93fe560:   0002c78eec113f10 00000000000000dc
0x000000b1f93fe570:   000000b100000000 000000b1f93fe5e0
0x000000b1f93fe580:   0000575bad102288 00000000000000dc
0x000000b1f93fe590:   0000022584c6fd90 00007ffd8ce3385c
0x000000b1f93fe5a0:   2473636974736974 0000022500000003 

Instructions: (pc=0x00007ffd8ce3362e)
0x00007ffd8ce3352e:   8b 00 48 89 44 24 38 48 8b 44 24 38 48 89 44 24
0x00007ffd8ce3353e:   58 48 8b 84 24 b0 00 00 00 48 83 c0 08 48 89 44
0x00007ffd8ce3354e:   24 40 48 8d 54 24 70 48 8b 4c 24 40 e8 84 1a fe
0x00007ffd8ce3355e:   ff 48 8b 00 48 89 44 24 48 48 8b 44 24 48 48 89
0x00007ffd8ce3356e:   44 24 60 4c 8b 4c 24 50 4c 8b 44 24 58 48 8b 54
0x00007ffd8ce3357e:   24 60 48 8d 4c 24 78 e8 b2 48 fe ff 48 8d 4c 24
0x00007ffd8ce3358e:   78 e8 a8 20 fe ff 48 8b c8 ff 15 6b ba 16 00 89
0x00007ffd8ce3359e:   44 24 24 83 7c 24 24 ff 74 15 8b 44 24 24 83 e0
0x00007ffd8ce335ae:   10 85 c0 74 0a c7 44 24 28 01 00 00 00 eb 08 c7
0x00007ffd8ce335be:   44 24 28 00 00 00 00 0f b6 44 24 28 88 44 24 20
0x00007ffd8ce335ce:   48 8d 4c 24 78 e8 04 49 fe ff 0f b6 44 24 20 48
0x00007ffd8ce335de:   8b 8c 24 98 00 00 00 48 33 cc e8 35 fe fd ff 48
0x00007ffd8ce335ee:   81 c4 a8 00 00 00 c3 cc cc cc cc cc cc cc cc cc
0x00007ffd8ce335fe:   cc cc 48 89 4c 24 08 48 81 ec e8 00 00 00 48 8b
0x00007ffd8ce3360e:   05 a5 1a 15 00 48 33 c4 48 89 84 24 d0 00 00 00
0x00007ffd8ce3361e:   c7 44 24 30 00 00 00 00 48 8b 84 24 f0 00 00 00
0x00007ffd8ce3362e:   83 78 68 03 0f 84 02 01 00 00 48 8b 84 24 f0 00
0x00007ffd8ce3363e:   00 00 48 8b 48 28 ff 15 c6 b9 16 00 89 44 24 38
0x00007ffd8ce3364e:   83 7c 24 38 00 0f 85 d0 00 00 00 ba 07 00 00 00
0x00007ffd8ce3365e:   48 8b 0d e3 69 15 00 e8 cd d9 fd ff 88 44 24 34
0x00007ffd8ce3366e:   0f b6 44 24 34 85 c0 0f 84 90 00 00 00 ff 15 97
0x00007ffd8ce3367e:   b9 16 00 89 44 24 3c 48 8b 84 24 f0 00 00 00 48
0x00007ffd8ce3368e:   83 c0 08 48 8b d0 48 8d 8c 24 90 00 00 00 e8 cd
0x00007ffd8ce3369e:   5b fe ff 48 89 44 24 40 48 8b 44 24 40 48 89 44
0x00007ffd8ce336ae:   24 48 8b 44 24 30 83 c8 01 89 44 24 30 48 8b 4c
0x00007ffd8ce336be:   24 48 e8 4e 4d fe ff 48 89 44 24 50 48 8b 84 24
0x00007ffd8ce336ce:   f0 00 00 00 48 8b 40 28 48 89 44 24 58 8b 44 24
0x00007ffd8ce336de:   3c 89 44 24 28 48 8b 44 24 50 48 89 44 24 20 4c
0x00007ffd8ce336ee:   8b 4c 24 58 4c 8d 05 67 4f 11 00 ba 07 00 00 00
0x00007ffd8ce336fe:   48 8b 0d 43 69 15 00 e8 71 67 fe ff 90 8b 44 24
0x00007ffd8ce3370e:   30 83 e0 01 85 c0 74 13 83 64 24 30 fe 48 8d 8c
0x00007ffd8ce3371e:   24 90 00 00 00 e8 eb 1a fe ff 90 eb 00 48 8b 84 


Stack slot to memory mapping:
stack at sp + 0 slots: 0x0002c78eec113f10 is an unknown value
stack at sp + 1 slots: 0x0002c78edef017fc is an unknown value
stack at sp + 2 slots: 0x0002c78eec113f10 is an unknown value
stack at sp + 3 slots: 0x00007ffd8ce4e965 native-platform-file-events.dll
stack at sp + 4 slots: 0x000000b1f93fe588 is pointing into the stack for thread: 0x0000022581ebaf40
stack at sp + 5 slots: 0x000000b1f93fe508 is pointing into the stack for thread: 0x0000022581ebaf40
stack at sp + 6 slots: 0x000000b100000000 is an unknown value
stack at sp + 7 slots: 0x000000b1f93fe518 is pointing into the stack for thread: 0x0000022581ebaf40


---------------  P R O C E S S  ---------------

Threads class SMR info:
_java_thread_list=0x0000022584c70600, length=52, elements={
0x00000225e27cbcd0, 0x00000225fddaab20, 0x00000225fddab8f0, 0x00000225fddc1200,
0x00000225fddc4c90, 0x00000225fddc55a0, 0x00000225fddc7ed0, 0x00000225fddc8bc0,
0x00000225fddc95c0, 0x00000225fddd2320, 0x00000225fe909a00, 0x00000225fe90bf30,
0x0000022580c99050, 0x0000022580e2f5e0, 0x0000022581c96020, 0x0000022582052320,
0x0000022580923b40, 0x0000022581ebd9c0, 0x0000022581ebbf30, 0x0000022581ebcf20,
0x0000022581ebd470, 0x0000022581ebc9d0, 0x0000022581ebdf10, 0x0000022581ebb490,
0x0000022581ebe460, 0x0000022581ebb9e0, 0x0000022581ebaf40, 0x0000022581ebc480,
0x0000022582242140, 0x0000022582242690, 0x0000022582244bc0, 0x0000022582245110,
0x0000022582243130, 0x0000022582242be0, 0x0000022582243680, 0x000002258223e6d0,
0x0000022582244120, 0x0000022582241bf0, 0x0000022582243bd0, 0x000002258223d6e0,
0x0000022582240c00, 0x000002258223dc30, 0x000002258223e180, 0x000002258223ec20,
0x000002258223fc10, 0x000002258223f6c0, 0x000002258757e080, 0x0000022587577b90,
0x0000022587578630, 0x0000022587578b80, 0x000002258757e5d0, 0x00000225824ddc40
}

Java Threads: ( => current thread )
  0x00000225e27cbcd0 JavaThread "main" [_thread_blocked, id=9820, stack(0x000000b1f6b00000,0x000000b1f6c00000)]
  0x00000225fddaab20 JavaThread "Reference Handler" daemon [_thread_blocked, id=8232, stack(0x000000b1f7200000,0x000000b1f7300000)]
  0x00000225fddab8f0 JavaThread "Finalizer" daemon [_thread_blocked, id=228, stack(0x000000b1f7300000,0x000000b1f7400000)]
  0x00000225fddc1200 JavaThread "Signal Dispatcher" daemon [_thread_blocked, id=15072, stack(0x000000b1f7400000,0x000000b1f7500000)]
  0x00000225fddc4c90 JavaThread "Attach Listener" daemon [_thread_blocked, id=6056, stack(0x000000b1f7500000,0x000000b1f7600000)]
  0x00000225fddc55a0 JavaThread "Service Thread" daemon [_thread_blocked, id=8444, stack(0x000000b1f7600000,0x000000b1f7700000)]
  0x00000225fddc7ed0 JavaThread "Monitor Deflation Thread" daemon [_thread_blocked, id=3596, stack(0x000000b1f7700000,0x000000b1f7800000)]
  0x00000225fddc8bc0 JavaThread "C2 CompilerThread0" daemon [_thread_in_native, id=8020, stack(0x000000b1f7800000,0x000000b1f7900000)]
  0x00000225fddc95c0 JavaThread "C1 CompilerThread0" daemon [_thread_blocked, id=13464, stack(0x000000b1f7900000,0x000000b1f7a00000)]
  0x00000225fddd2320 JavaThread "Sweeper thread" daemon [_thread_blocked, id=1416, stack(0x000000b1f7a00000,0x000000b1f7b00000)]
  0x00000225fe909a00 JavaThread "Common-Cleaner" daemon [_thread_blocked, id=1904, stack(0x000000b1f7b00000,0x000000b1f7c00000)]
  0x00000225fe90bf30 JavaThread "Notification Thread" daemon [_thread_blocked, id=10516, stack(0x000000b1f7c00000,0x000000b1f7d00000)]
  0x0000022580c99050 JavaThread "Daemon health stats" [_thread_blocked, id=7540, stack(0x000000b1f8500000,0x000000b1f8600000)]
  0x0000022580e2f5e0 JavaThread "Incoming local TCP Connector on port 55881" [_thread_in_native, id=14428, stack(0x000000b1f8600000,0x000000b1f8700000)]
  0x0000022581c96020 JavaThread "Daemon periodic checks" [_thread_blocked, id=14776, stack(0x000000b1f8700000,0x000000b1f8800000)]
  0x0000022582052320 JavaThread "Daemon" [_thread_blocked, id=9520, stack(0x000000b1f8800000,0x000000b1f8900000)]
  0x0000022580923b40 JavaThread "Handler for socket connection from /127.0.0.1:55881 to /127.0.0.1:55882" [_thread_in_native, id=1000, stack(0x000000b1f8900000,0x000000b1f8a00000)]
  0x0000022581ebd9c0 JavaThread "Cancel handler" [_thread_blocked, id=1560, stack(0x000000b1f8a00000,0x000000b1f8b00000)]
  0x0000022581ebbf30 JavaThread "Daemon worker" [_thread_in_native, id=5168, stack(0x000000b1f8b00000,0x000000b1f8c00000)]
  0x0000022581ebcf20 JavaThread "Asynchronous log dispatcher for DefaultDaemonConnection: socket connection from /127.0.0.1:55881 to /127.0.0.1:55882" [_thread_blocked, id=5280, stack(0x000000b1f8c00000,0x000000b1f8d00000)]
  0x0000022581ebd470 JavaThread "Stdin handler" [_thread_blocked, id=7352, stack(0x000000b1f8d00000,0x000000b1f8e00000)]
  0x0000022581ebc9d0 JavaThread "Daemon client event forwarder" [_thread_blocked, id=11396, stack(0x000000b1f8e00000,0x000000b1f8f00000)]
  0x0000022581ebdf10 JavaThread "Cache worker for file hash cache (C:\Users\80010-02-05\.gradle\caches\7.0\fileHashes)" [_thread_blocked, id=3124, stack(0x000000b1f8f00000,0x000000b1f9000000)]
  0x0000022581ebb490 JavaThread "File lock request listener" [_thread_in_native, id=9940, stack(0x000000b1f9000000,0x000000b1f9100000)]
  0x0000022581ebe460 JavaThread "Cache worker for journal cache (C:\Users\80010-02-05\.gradle\caches\journal-1)" [_thread_blocked, id=7076, stack(0x000000b1f9100000,0x000000b1f9200000)]
  0x0000022581ebb9e0 JavaThread "Cache worker for file hash cache (U:\80010-02-05\CDA\calculatrice\.gradle\7.0\fileHashes)" [_thread_blocked, id=14644, stack(0x000000b1f9200000,0x000000b1f9300000)]
=>0x0000022581ebaf40 JavaThread "File watcher server" daemon [_thread_in_native, id=13572, stack(0x000000b1f9300000,0x000000b1f9400000)]
  0x0000022581ebc480 JavaThread "File watcher consumer" daemon [_thread_blocked, id=12940, stack(0x000000b1f9400000,0x000000b1f9500000)]
  0x0000022582242140 JavaThread "Cache worker for checksums cache (U:\80010-02-05\CDA\calculatrice\.gradle\checksums)" [_thread_blocked, id=10860, stack(0x000000b1f9500000,0x000000b1f9600000)]
  0x0000022582242690 JavaThread "Cache worker for cache directory md-rule (C:\Users\80010-02-05\.gradle\caches\7.0\md-rule)" [_thread_blocked, id=5640, stack(0x000000b1f9700000,0x000000b1f9800000)]
  0x0000022582244bc0 JavaThread "Cache worker for execution history cache (C:\Users\80010-02-05\.gradle\caches\7.0\executionHistory)" [_thread_blocked, id=2780, stack(0x000000b1f9800000,0x000000b1f9900000)]
  0x0000022582245110 JavaThread "jar transforms" [_thread_blocked, id=4952, stack(0x000000b1f9a00000,0x000000b1f9b00000)]
  0x0000022582243130 JavaThread "jar transforms Thread 2" [_thread_blocked, id=11212, stack(0x000000b1f9b00000,0x000000b1f9c00000)]
  0x0000022582242be0 JavaThread "Cache worker for file content cache (C:\Users\80010-02-05\.gradle\caches\7.0\fileContent)" [_thread_blocked, id=14740, stack(0x000000b1f9c00000,0x000000b1f9d00000)]
  0x0000022582243680 JavaThread "jar transforms Thread 3" [_thread_blocked, id=13292, stack(0x000000b1f9d00000,0x000000b1f9e00000)]
  0x000002258223e6d0 JavaThread "jar transforms Thread 4" [_thread_blocked, id=13560, stack(0x000000b1f9e00000,0x000000b1f9f00000)]
  0x0000022582244120 JavaThread "jar transforms Thread 5" [_thread_blocked, id=3540, stack(0x000000b1f9f00000,0x000000b1fa000000)]
  0x0000022582241bf0 JavaThread "jar transforms Thread 6" [_thread_blocked, id=4124, stack(0x000000b1fa000000,0x000000b1fa100000)]
  0x0000022582243bd0 JavaThread "Cache worker for dependencies-accessors (U:\80010-02-05\CDA\calculatrice\.gradle\7.0\dependencies-accessors)" [_thread_blocked, id=10732, stack(0x000000b1fa100000,0x000000b1fa200000)]
  0x000002258223d6e0 JavaThread "Build operations" [_thread_blocked, id=13680, stack(0x000000b1fa300000,0x000000b1fa400000)]
  0x0000022582240c00 JavaThread "Build operations Thread 2" [_thread_blocked, id=9804, stack(0x000000b1fa400000,0x000000b1fa500000)]
  0x000002258223dc30 JavaThread "Build operations Thread 3" [_thread_blocked, id=7444, stack(0x000000b1fa500000,0x000000b1fa600000)]
  0x000002258223e180 JavaThread "Build operations Thread 4" [_thread_blocked, id=4380, stack(0x000000b1fa600000,0x000000b1fa700000)]
  0x000002258223ec20 JavaThread "Build operations Thread 5" [_thread_blocked, id=1260, stack(0x000000b1fa700000,0x000000b1fa800000)]
  0x000002258223fc10 JavaThread "Build operations Thread 6" [_thread_blocked, id=10356, stack(0x000000b1fa800000,0x000000b1fa900000)]
  0x000002258223f6c0 JavaThread "Memory manager" [_thread_blocked, id=1500, stack(0x000000b1fa900000,0x000000b1faa00000)]
  0x000002258757e080 JavaThread "Cache worker for Java compile cache (C:\Users\80010-02-05\.gradle\caches\7.0\javaCompile)" [_thread_blocked, id=7672, stack(0x000000b1fb000000,0x000000b1fb100000)]
  0x0000022587577b90 Thread [stack: 0x000000b1fb100000,0x000000b1fb200000] [id=6384]
  0x0000022587578630 JavaThread "Exec process" [_thread_blocked, id=12900, stack(0x000000b1fb500000,0x000000b1fb600000)]
  0x0000022587578b80 JavaThread "Exec process Thread 2" [_thread_blocked, id=14384, stack(0x000000b1fb600000,0x000000b1fb700000)]
  0x000002258757e5d0 JavaThread "Exec process Thread 3" [_thread_blocked, id=9452, stack(0x000000b1fb700000,0x000000b1fb800000)]
  0x00000225824ddc40 JavaThread "C2 CompilerThread1" daemon [_thread_in_native, id=4472, stack(0x000000b1f7e00000,0x000000b1f7f00000)]

Other Threads:
  0x00000225fdda0ba0 VMThread "VM Thread" [stack: 0x000000b1f7100000,0x000000b1f7200000] [id=12604]
  0x00000225fe90c450 WatcherThread [stack: 0x000000b1f7d00000,0x000000b1f7e00000] [id=12796]
  0x00000225e27f3fd0 GCTaskThread "GC Thread#0" [stack: 0x000000b1f6c00000,0x000000b1f6d00000] [id=11224]
  0x00000225fef53ec0 GCTaskThread "GC Thread#1" [stack: 0x000000b1f7f00000,0x000000b1f8000000] [id=5428]
  0x00000225ff2acbc0 GCTaskThread "GC Thread#2" [stack: 0x000000b1f8000000,0x000000b1f8100000] [id=2788]
  0x00000225ff2ad6e0 GCTaskThread "GC Thread#3" [stack: 0x000000b1f8100000,0x000000b1f8200000] [id=13576]
  0x00000225feddeb40 GCTaskThread "GC Thread#4" [stack: 0x000000b1f8200000,0x000000b1f8300000] [id=2748]
  0x00000225feddee50 GCTaskThread "GC Thread#5" [stack: 0x000000b1f8300000,0x000000b1f8400000] [id=14868]
  0x00000225e27f9020 ConcurrentGCThread "G1 Main Marker" [stack: 0x000000b1f6d00000,0x000000b1f6e00000] [id=10852]
  0x00000225e27fa1c0 ConcurrentGCThread "G1 Conc#0" [stack: 0x000000b1f6e00000,0x000000b1f6f00000] [id=11736]
  0x0000022581653d20 ConcurrentGCThread "G1 Conc#1" [stack: 0x000000b1f9900000,0x000000b1f9a00000] [id=8856]
  0x00000225fdc5c510 ConcurrentGCThread "G1 Refine#0" [stack: 0x000000b1f6f00000,0x000000b1f7000000] [id=11640]
  0x00000225feddf930 ConcurrentGCThread "G1 Refine#1" [stack: 0x000000b1f8400000,0x000000b1f8500000] [id=8788]
  0x0000022584905b50 ConcurrentGCThread "G1 Refine#2" [stack: 0x000000b1fb200000,0x000000b1fb300000] [id=15052]
  0x00000225fee89ea0 ConcurrentGCThread "G1 Refine#3" [stack: 0x000000b1fb300000,0x000000b1fb400000] [id=4848]
  0x000002258003d530 ConcurrentGCThread "G1 Refine#4" [stack: 0x000000b1fb400000,0x000000b1fb500000] [id=15280]
  0x00000225fdc5cf20 ConcurrentGCThread "G1 Service" [stack: 0x000000b1f7000000,0x000000b1f7100000] [id=2072]

Threads with active compile tasks:
C2 CompilerThread0    14751 6007       4       jdk.internal.loader.BuiltinClassLoader::loadClass (22 bytes)
C2 CompilerThread1    14752 6011       4       sun.net.www.protocol.jar.Handler::parseURL (212 bytes)

VM state: not at safepoint (normal execution)

VM Mutex/Monitor currently owned by a thread: None

Heap address: 0x00000000e0000000, size: 512 MB, Compressed Oops mode: 32-bit

CDS archive(s) mapped at: [0x0000000800000000-0x0000000800bf0000-0x0000000800bf0000), size 12517376, SharedBaseAddress: 0x0000000800000000, ArchiveRelocationMode: 0.
Compressed class space mapped at: 0x0000000800c00000-0x000000080dc00000, reserved size: 218103808
Narrow klass base: 0x0000000800000000, Narrow klass shift: 3, Narrow klass range: 0x100000000

GC Precious Log:
 CPUs: 6 total, 6 available
 Memory: 16219M
 Large Page Support: Disabled
 NUMA Support: Disabled
 Compressed Oops: Enabled (32-bit)
 Heap Region Size: 1M
 Heap Min Capacity: 256M
 Heap Initial Capacity: 256M
 Heap Max Capacity: 512M
 Pre-touch: Disabled
 Parallel Workers: 6
 Concurrent Workers: 2
 Concurrent Refinement Workers: 6
 Periodic GC: Disabled

Heap:
 garbage-first heap   total 262144K, used 61151K [0x00000000e0000000, 0x0000000100000000)
  region size 1024K, 38 young (38912K), 20 survivors (20480K)
 Metaspace       used 55636K, committed 56128K, reserved 262144K
  class space    used 7571K, committed 7808K, reserved 212992K

Heap Regions: E=young(eden), S=young(survivor), O=old, HS=humongous(starts), HC=humongous(continues), CS=collection set, F=free, OA=open archive, CA=closed archive, TAMS=top-at-mark-start (previous, next)
|   0|0x00000000e0000000, 0x00000000e0100000, 0x00000000e0100000|100%| O|  |TAMS 0x00000000e0100000, 0x00000000e0000000| Untracked 
|   1|0x00000000e0100000, 0x00000000e0200000, 0x00000000e0200000|100%| O|  |TAMS 0x00000000e0200000, 0x00000000e0100000| Untracked 
|   2|0x00000000e0200000, 0x00000000e0300000, 0x00000000e0300000|100%| O|  |TAMS 0x00000000e0299000, 0x00000000e0200000| Untracked 
|   3|0x00000000e0300000, 0x00000000e0400000, 0x00000000e0400000|100%|HS|  |TAMS 0x00000000e0400000, 0x00000000e0300000| Complete 
|   4|0x00000000e0400000, 0x00000000e0500000, 0x00000000e0500000|100%|HC|  |TAMS 0x00000000e0500000, 0x00000000e0400000| Complete 
|   5|0x00000000e0500000, 0x00000000e0600000, 0x00000000e0600000|100%|HC|  |TAMS 0x00000000e0600000, 0x00000000e0500000| Complete 
|   6|0x00000000e0600000, 0x00000000e0700000, 0x00000000e0700000|100%| O|  |TAMS 0x00000000e0700000, 0x00000000e0600000| Untracked 
|   7|0x00000000e0700000, 0x00000000e0800000, 0x00000000e0800000|100%| O|  |TAMS 0x00000000e0800000, 0x00000000e0700000| Untracked 
|   8|0x00000000e0800000, 0x00000000e0900000, 0x00000000e0900000|100%| O|  |TAMS 0x00000000e0900000, 0x00000000e0800000| Untracked 
|   9|0x00000000e0900000, 0x00000000e0a00000, 0x00000000e0a00000|100%| O|  |TAMS 0x00000000e0a00000, 0x00000000e0900000| Untracked 
|  10|0x00000000e0a00000, 0x00000000e0b00000, 0x00000000e0b00000|100%| O|  |TAMS 0x00000000e0a00000, 0x00000000e0a00000| Untracked 
|  11|0x00000000e0b00000, 0x00000000e0c00000, 0x00000000e0c00000|100%| O|  |TAMS 0x00000000e0b00000, 0x00000000e0b00000| Untracked 
|  12|0x00000000e0c00000, 0x00000000e0d00000, 0x00000000e0d00000|100%| O|  |TAMS 0x00000000e0c00000, 0x00000000e0c00000| Untracked 
|  13|0x00000000e0d00000, 0x00000000e0e00000, 0x00000000e0e00000|100%| O|  |TAMS 0x00000000e0d00000, 0x00000000e0d00000| Untracked 
|  14|0x00000000e0e00000, 0x00000000e0f00000, 0x00000000e0f00000|100%| O|  |TAMS 0x00000000e0e00000, 0x00000000e0e00000| Untracked 
|  15|0x00000000e0f00000, 0x00000000e1000000, 0x00000000e1000000|100%| O|  |TAMS 0x00000000e0f00000, 0x00000000e0f00000| Untracked 
|  16|0x00000000e1000000, 0x00000000e1100000, 0x00000000e1100000|100%| O|  |TAMS 0x00000000e1000000, 0x00000000e1000000| Untracked 
|  17|0x00000000e1100000, 0x00000000e1200000, 0x00000000e1200000|100%| O|  |TAMS 0x00000000e1100000, 0x00000000e1100000| Untracked 
|  18|0x00000000e1200000, 0x00000000e1300000, 0x00000000e1300000|100%| O|  |TAMS 0x00000000e1200000, 0x00000000e1200000| Untracked 
|  19|0x00000000e1300000, 0x00000000e1400000, 0x00000000e1400000|100%| O|  |TAMS 0x00000000e1300000, 0x00000000e1300000| Untracked 
|  20|0x00000000e1400000, 0x00000000e1500000, 0x00000000e1500000|100%| O|  |TAMS 0x00000000e1400000, 0x00000000e1400000| Untracked 
|  21|0x00000000e1500000, 0x00000000e1600000, 0x00000000e1600000|100%| O|  |TAMS 0x00000000e1500000, 0x00000000e1500000| Untracked 
|  22|0x00000000e1600000, 0x00000000e1700000, 0x00000000e1700000|100%| O|  |TAMS 0x00000000e1600000, 0x00000000e1600000| Untracked 
|  23|0x00000000e1700000, 0x00000000e17b7e00, 0x00000000e1800000| 71%| O|  |TAMS 0x00000000e1700000, 0x00000000e1700000| Untracked 
|  24|0x00000000e1800000, 0x00000000e1800000, 0x00000000e1900000|  0%| F|  |TAMS 0x00000000e1800000, 0x00000000e1800000| Untracked 
|  25|0x00000000e1900000, 0x00000000e1900000, 0x00000000e1a00000|  0%| F|  |TAMS 0x00000000e1900000, 0x00000000e1900000| Untracked 
|  26|0x00000000e1a00000, 0x00000000e1a00000, 0x00000000e1b00000|  0%| F|  |TAMS 0x00000000e1a00000, 0x00000000e1a00000| Untracked 
|  27|0x00000000e1b00000, 0x00000000e1b00000, 0x00000000e1c00000|  0%| F|  |TAMS 0x00000000e1b00000, 0x00000000e1b00000| Untracked 
|  28|0x00000000e1c00000, 0x00000000e1c00000, 0x00000000e1d00000|  0%| F|  |TAMS 0x00000000e1c00000, 0x00000000e1c00000| Untracked 
|  29|0x00000000e1d00000, 0x00000000e1d00000, 0x00000000e1e00000|  0%| F|  |TAMS 0x00000000e1d00000, 0x00000000e1d00000| Untracked 
|  30|0x00000000e1e00000, 0x00000000e1e00000, 0x00000000e1f00000|  0%| F|  |TAMS 0x00000000e1e00000, 0x00000000e1e00000| Untracked 
|  31|0x00000000e1f00000, 0x00000000e1f00000, 0x00000000e2000000|  0%| F|  |TAMS 0x00000000e1f00000, 0x00000000e1f00000| Untracked 
|  32|0x00000000e2000000, 0x00000000e2000000, 0x00000000e2100000|  0%| F|  |TAMS 0x00000000e2000000, 0x00000000e2000000| Untracked 
|  33|0x00000000e2100000, 0x00000000e2100000, 0x00000000e2200000|  0%| F|  |TAMS 0x00000000e2100000, 0x00000000e2100000| Untracked 
|  34|0x00000000e2200000, 0x00000000e2200000, 0x00000000e2300000|  0%| F|  |TAMS 0x00000000e2200000, 0x00000000e2200000| Untracked 
|  35|0x00000000e2300000, 0x00000000e2300000, 0x00000000e2400000|  0%| F|  |TAMS 0x00000000e2300000, 0x00000000e2300000| Untracked 
|  36|0x00000000e2400000, 0x00000000e2400000, 0x00000000e2500000|  0%| F|  |TAMS 0x00000000e2400000, 0x00000000e2400000| Untracked 
|  37|0x00000000e2500000, 0x00000000e2500000, 0x00000000e2600000|  0%| F|  |TAMS 0x00000000e2500000, 0x00000000e2500000| Untracked 
|  38|0x00000000e2600000, 0x00000000e2600000, 0x00000000e2700000|  0%| F|  |TAMS 0x00000000e2600000, 0x00000000e2600000| Untracked 
|  39|0x00000000e2700000, 0x00000000e2700000, 0x00000000e2800000|  0%| F|  |TAMS 0x00000000e2700000, 0x00000000e2700000| Untracked 
|  40|0x00000000e2800000, 0x00000000e2800000, 0x00000000e2900000|  0%| F|  |TAMS 0x00000000e2800000, 0x00000000e2800000| Untracked 
|  41|0x00000000e2900000, 0x00000000e2900000, 0x00000000e2a00000|  0%| F|  |TAMS 0x00000000e2900000, 0x00000000e2900000| Untracked 
|  42|0x00000000e2a00000, 0x00000000e2a00000, 0x00000000e2b00000|  0%| F|  |TAMS 0x00000000e2a00000, 0x00000000e2a00000| Untracked 
|  43|0x00000000e2b00000, 0x00000000e2b00000, 0x00000000e2c00000|  0%| F|  |TAMS 0x00000000e2b00000, 0x00000000e2b00000| Untracked 
|  44|0x00000000e2c00000, 0x00000000e2c00000, 0x00000000e2d00000|  0%| F|  |TAMS 0x00000000e2c00000, 0x00000000e2c00000| Untracked 
|  45|0x00000000e2d00000, 0x00000000e2d00000, 0x00000000e2e00000|  0%| F|  |TAMS 0x00000000e2d00000, 0x00000000e2d00000| Untracked 
|  46|0x00000000e2e00000, 0x00000000e2e00000, 0x00000000e2f00000|  0%| F|  |TAMS 0x00000000e2e00000, 0x00000000e2e00000| Untracked 
|  47|0x00000000e2f00000, 0x00000000e2f00000, 0x00000000e3000000|  0%| F|  |TAMS 0x00000000e2f00000, 0x00000000e2f00000| Untracked 
|  48|0x00000000e3000000, 0x00000000e3000000, 0x00000000e3100000|  0%| F|  |TAMS 0x00000000e3000000, 0x00000000e3000000| Untracked 
|  49|0x00000000e3100000, 0x00000000e3100000, 0x00000000e3200000|  0%| F|  |TAMS 0x00000000e3100000, 0x00000000e3100000| Untracked 
|  50|0x00000000e3200000, 0x00000000e3200000, 0x00000000e3300000|  0%| F|  |TAMS 0x00000000e3200000, 0x00000000e3200000| Untracked 
|  51|0x00000000e3300000, 0x00000000e3300000, 0x00000000e3400000|  0%| F|  |TAMS 0x00000000e3300000, 0x00000000e3300000| Untracked 
|  52|0x00000000e3400000, 0x00000000e3400000, 0x00000000e3500000|  0%| F|  |TAMS 0x00000000e3400000, 0x00000000e3400000| Untracked 
|  53|0x00000000e3500000, 0x00000000e3500000, 0x00000000e3600000|  0%| F|  |TAMS 0x00000000e3500000, 0x00000000e3500000| Untracked 
|  54|0x00000000e3600000, 0x00000000e3600000, 0x00000000e3700000|  0%| F|  |TAMS 0x00000000e3600000, 0x00000000e3600000| Untracked 
|  55|0x00000000e3700000, 0x00000000e3700000, 0x00000000e3800000|  0%| F|  |TAMS 0x00000000e3700000, 0x00000000e3700000| Untracked 
|  56|0x00000000e3800000, 0x00000000e3800000, 0x00000000e3900000|  0%| F|  |TAMS 0x00000000e3800000, 0x00000000e3800000| Untracked 
|  57|0x00000000e3900000, 0x00000000e3900000, 0x00000000e3a00000|  0%| F|  |TAMS 0x00000000e3900000, 0x00000000e3900000| Untracked 
|  58|0x00000000e3a00000, 0x00000000e3a00000, 0x00000000e3b00000|  0%| F|  |TAMS 0x00000000e3a00000, 0x00000000e3a00000| Untracked 
|  59|0x00000000e3b00000, 0x00000000e3b00000, 0x00000000e3c00000|  0%| F|  |TAMS 0x00000000e3b00000, 0x00000000e3b00000| Untracked 
|  60|0x00000000e3c00000, 0x00000000e3c00000, 0x00000000e3d00000|  0%| F|  |TAMS 0x00000000e3c00000, 0x00000000e3c00000| Untracked 
|  61|0x00000000e3d00000, 0x00000000e3d00000, 0x00000000e3e00000|  0%| F|  |TAMS 0x00000000e3d00000, 0x00000000e3d00000| Untracked 
|  62|0x00000000e3e00000, 0x00000000e3e00000, 0x00000000e3f00000|  0%| F|  |TAMS 0x00000000e3e00000, 0x00000000e3e00000| Untracked 
|  63|0x00000000e3f00000, 0x00000000e3f00000, 0x00000000e4000000|  0%| F|  |TAMS 0x00000000e3f00000, 0x00000000e3f00000| Untracked 
|  64|0x00000000e4000000, 0x00000000e4000000, 0x00000000e4100000|  0%| F|  |TAMS 0x00000000e4000000, 0x00000000e4000000| Untracked 
|  65|0x00000000e4100000, 0x00000000e4100000, 0x00000000e4200000|  0%| F|  |TAMS 0x00000000e4100000, 0x00000000e4100000| Untracked 
|  66|0x00000000e4200000, 0x00000000e4200000, 0x00000000e4300000|  0%| F|  |TAMS 0x00000000e4200000, 0x00000000e4200000| Untracked 
|  67|0x00000000e4300000, 0x00000000e4300000, 0x00000000e4400000|  0%| F|  |TAMS 0x00000000e4300000, 0x00000000e4300000| Untracked 
|  68|0x00000000e4400000, 0x00000000e4400000, 0x00000000e4500000|  0%| F|  |TAMS 0x00000000e4400000, 0x00000000e4400000| Untracked 
|  69|0x00000000e4500000, 0x00000000e4500000, 0x00000000e4600000|  0%| F|  |TAMS 0x00000000e4500000, 0x00000000e4500000| Untracked 
|  70|0x00000000e4600000, 0x00000000e4600000, 0x00000000e4700000|  0%| F|  |TAMS 0x00000000e4600000, 0x00000000e4600000| Untracked 
|  71|0x00000000e4700000, 0x00000000e4700000, 0x00000000e4800000|  0%| F|  |TAMS 0x00000000e4700000, 0x00000000e4700000| Untracked 
|  72|0x00000000e4800000, 0x00000000e4800000, 0x00000000e4900000|  0%| F|  |TAMS 0x00000000e4800000, 0x00000000e4800000| Untracked 
|  73|0x00000000e4900000, 0x00000000e4900000, 0x00000000e4a00000|  0%| F|  |TAMS 0x00000000e4900000, 0x00000000e4900000| Untracked 
|  74|0x00000000e4a00000, 0x00000000e4a00000, 0x00000000e4b00000|  0%| F|  |TAMS 0x00000000e4a00000, 0x00000000e4a00000| Untracked 
|  75|0x00000000e4b00000, 0x00000000e4b00000, 0x00000000e4c00000|  0%| F|  |TAMS 0x00000000e4b00000, 0x00000000e4b00000| Untracked 
|  76|0x00000000e4c00000, 0x00000000e4c00000, 0x00000000e4d00000|  0%| F|  |TAMS 0x00000000e4c00000, 0x00000000e4c00000| Untracked 
|  77|0x00000000e4d00000, 0x00000000e4d00000, 0x00000000e4e00000|  0%| F|  |TAMS 0x00000000e4d00000, 0x00000000e4d00000| Untracked 
|  78|0x00000000e4e00000, 0x00000000e4e00000, 0x00000000e4f00000|  0%| F|  |TAMS 0x00000000e4e00000, 0x00000000e4e00000| Untracked 
|  79|0x00000000e4f00000, 0x00000000e4f00000, 0x00000000e5000000|  0%| F|  |TAMS 0x00000000e4f00000, 0x00000000e4f00000| Untracked 
|  80|0x00000000e5000000, 0x00000000e5000000, 0x00000000e5100000|  0%| F|  |TAMS 0x00000000e5000000, 0x00000000e5000000| Untracked 
|  81|0x00000000e5100000, 0x00000000e5100000, 0x00000000e5200000|  0%| F|  |TAMS 0x00000000e5100000, 0x00000000e5100000| Untracked 
|  82|0x00000000e5200000, 0x00000000e5200000, 0x00000000e5300000|  0%| F|  |TAMS 0x00000000e5200000, 0x00000000e5200000| Untracked 
|  83|0x00000000e5300000, 0x00000000e5400000, 0x00000000e5400000|100%| S|CS|TAMS 0x00000000e5300000, 0x00000000e5300000| Complete 
|  84|0x00000000e5400000, 0x00000000e5500000, 0x00000000e5500000|100%| S|CS|TAMS 0x00000000e5400000, 0x00000000e5400000| Complete 
|  85|0x00000000e5500000, 0x00000000e5600000, 0x00000000e5600000|100%| S|CS|TAMS 0x00000000e5500000, 0x00000000e5500000| Complete 
|  86|0x00000000e5600000, 0x00000000e5700000, 0x00000000e5700000|100%| S|CS|TAMS 0x00000000e5600000, 0x00000000e5600000| Complete 
|  87|0x00000000e5700000, 0x00000000e5800000, 0x00000000e5800000|100%| S|CS|TAMS 0x00000000e5700000, 0x00000000e5700000| Complete 
|  88|0x00000000e5800000, 0x00000000e5900000, 0x00000000e5900000|100%| S|CS|TAMS 0x00000000e5800000, 0x00000000e5800000| Complete 
|  89|0x00000000e5900000, 0x00000000e5a00000, 0x00000000e5a00000|100%| S|CS|TAMS 0x00000000e5900000, 0x00000000e5900000| Complete 
|  90|0x00000000e5a00000, 0x00000000e5b00000, 0x00000000e5b00000|100%| S|CS|TAMS 0x00000000e5a00000, 0x00000000e5a00000| Complete 
|  91|0x00000000e5b00000, 0x00000000e5c00000, 0x00000000e5c00000|100%| S|CS|TAMS 0x00000000e5b00000, 0x00000000e5b00000| Complete 
|  92|0x00000000e5c00000, 0x00000000e5d00000, 0x00000000e5d00000|100%| S|CS|TAMS 0x00000000e5c00000, 0x00000000e5c00000| Complete 
|  93|0x00000000e5d00000, 0x00000000e5e00000, 0x00000000e5e00000|100%| S|CS|TAMS 0x00000000e5d00000, 0x00000000e5d00000| Complete 
|  94|0x00000000e5e00000, 0x00000000e5f00000, 0x00000000e5f00000|100%| S|CS|TAMS 0x00000000e5e00000, 0x00000000e5e00000| Complete 
|  95|0x00000000e5f00000, 0x00000000e6000000, 0x00000000e6000000|100%| S|CS|TAMS 0x00000000e5f00000, 0x00000000e5f00000| Complete 
|  96|0x00000000e6000000, 0x00000000e6100000, 0x00000000e6100000|100%| S|CS|TAMS 0x00000000e6000000, 0x00000000e6000000| Complete 
|  97|0x00000000e6100000, 0x00000000e6200000, 0x00000000e6200000|100%| S|CS|TAMS 0x00000000e6100000, 0x00000000e6100000| Complete 
|  98|0x00000000e6200000, 0x00000000e6300000, 0x00000000e6300000|100%| S|CS|TAMS 0x00000000e6200000, 0x00000000e6200000| Complete 
|  99|0x00000000e6300000, 0x00000000e6400000, 0x00000000e6400000|100%| S|CS|TAMS 0x00000000e6300000, 0x00000000e6300000| Complete 
| 100|0x00000000e6400000, 0x00000000e6500000, 0x00000000e6500000|100%| S|CS|TAMS 0x00000000e6400000, 0x00000000e6400000| Complete 
| 101|0x00000000e6500000, 0x00000000e6600000, 0x00000000e6600000|100%| S|CS|TAMS 0x00000000e6500000, 0x00000000e6500000| Complete 
| 102|0x00000000e6600000, 0x00000000e6700000, 0x00000000e6700000|100%| S|CS|TAMS 0x00000000e6600000, 0x00000000e6600000| Complete 
| 103|0x00000000e6700000, 0x00000000e6700000, 0x00000000e6800000|  0%| F|  |TAMS 0x00000000e6700000, 0x00000000e6700000| Untracked 
| 104|0x00000000e6800000, 0x00000000e6800000, 0x00000000e6900000|  0%| F|  |TAMS 0x00000000e6800000, 0x00000000e6800000| Untracked 
| 105|0x00000000e6900000, 0x00000000e6900000, 0x00000000e6a00000|  0%| F|  |TAMS 0x00000000e6900000, 0x00000000e6900000| Untracked 
| 106|0x00000000e6a00000, 0x00000000e6a00000, 0x00000000e6b00000|  0%| F|  |TAMS 0x00000000e6a00000, 0x00000000e6a00000| Untracked 
| 107|0x00000000e6b00000, 0x00000000e6b00000, 0x00000000e6c00000|  0%| F|  |TAMS 0x00000000e6b00000, 0x00000000e6b00000| Untracked 
| 108|0x00000000e6c00000, 0x00000000e6c00000, 0x00000000e6d00000|  0%| F|  |TAMS 0x00000000e6c00000, 0x00000000e6c00000| Untracked 
| 109|0x00000000e6d00000, 0x00000000e6d00000, 0x00000000e6e00000|  0%| F|  |TAMS 0x00000000e6d00000, 0x00000000e6d00000| Untracked 
| 110|0x00000000e6e00000, 0x00000000e6e00000, 0x00000000e6f00000|  0%| F|  |TAMS 0x00000000e6e00000, 0x00000000e6e00000| Untracked 
| 111|0x00000000e6f00000, 0x00000000e6f00000, 0x00000000e7000000|  0%| F|  |TAMS 0x00000000e6f00000, 0x00000000e6f00000| Untracked 
| 112|0x00000000e7000000, 0x00000000e7000000, 0x00000000e7100000|  0%| F|  |TAMS 0x00000000e7000000, 0x00000000e7000000| Untracked 
| 113|0x00000000e7100000, 0x00000000e7100000, 0x00000000e7200000|  0%| F|  |TAMS 0x00000000e7100000, 0x00000000e7100000| Untracked 
| 114|0x00000000e7200000, 0x00000000e7200000, 0x00000000e7300000|  0%| F|  |TAMS 0x00000000e7200000, 0x00000000e7200000| Untracked 
| 115|0x00000000e7300000, 0x00000000e7300000, 0x00000000e7400000|  0%| F|  |TAMS 0x00000000e7300000, 0x00000000e7300000| Untracked 
| 116|0x00000000e7400000, 0x00000000e7400000, 0x00000000e7500000|  0%| F|  |TAMS 0x00000000e7400000, 0x00000000e7400000| Untracked 
| 117|0x00000000e7500000, 0x00000000e7500000, 0x00000000e7600000|  0%| F|  |TAMS 0x00000000e7500000, 0x00000000e7500000| Untracked 
| 118|0x00000000e7600000, 0x00000000e7600000, 0x00000000e7700000|  0%| F|  |TAMS 0x00000000e7600000, 0x00000000e7600000| Untracked 
| 119|0x00000000e7700000, 0x00000000e7700000, 0x00000000e7800000|  0%| F|  |TAMS 0x00000000e7700000, 0x00000000e7700000| Untracked 
| 120|0x00000000e7800000, 0x00000000e7800000, 0x00000000e7900000|  0%| F|  |TAMS 0x00000000e7800000, 0x00000000e7800000| Untracked 
| 121|0x00000000e7900000, 0x00000000e7900000, 0x00000000e7a00000|  0%| F|  |TAMS 0x00000000e7900000, 0x00000000e7900000| Untracked 
| 122|0x00000000e7a00000, 0x00000000e7a00000, 0x00000000e7b00000|  0%| F|  |TAMS 0x00000000e7a00000, 0x00000000e7a00000| Untracked 
| 123|0x00000000e7b00000, 0x00000000e7b00000, 0x00000000e7c00000|  0%| F|  |TAMS 0x00000000e7b00000, 0x00000000e7b00000| Untracked 
| 124|0x00000000e7c00000, 0x00000000e7c00000, 0x00000000e7d00000|  0%| F|  |TAMS 0x00000000e7c00000, 0x00000000e7c00000| Untracked 
| 125|0x00000000e7d00000, 0x00000000e7d00000, 0x00000000e7e00000|  0%| F|  |TAMS 0x00000000e7d00000, 0x00000000e7d00000| Untracked 
| 126|0x00000000e7e00000, 0x00000000e7e00000, 0x00000000e7f00000|  0%| F|  |TAMS 0x00000000e7e00000, 0x00000000e7e00000| Untracked 
| 127|0x00000000e7f00000, 0x00000000e7f00000, 0x00000000e8000000|  0%| F|  |TAMS 0x00000000e7f00000, 0x00000000e7f00000| Untracked 
| 128|0x00000000e8000000, 0x00000000e8000000, 0x00000000e8100000|  0%| F|  |TAMS 0x00000000e8000000, 0x00000000e8000000| Untracked 
| 129|0x00000000e8100000, 0x00000000e8100000, 0x00000000e8200000|  0%| F|  |TAMS 0x00000000e8100000, 0x00000000e8100000| Untracked 
| 130|0x00000000e8200000, 0x00000000e8200000, 0x00000000e8300000|  0%| F|  |TAMS 0x00000000e8200000, 0x00000000e8200000| Untracked 
| 131|0x00000000e8300000, 0x00000000e8300000, 0x00000000e8400000|  0%| F|  |TAMS 0x00000000e8300000, 0x00000000e8300000| Untracked 
| 132|0x00000000e8400000, 0x00000000e8400000, 0x00000000e8500000|  0%| F|  |TAMS 0x00000000e8400000, 0x00000000e8400000| Untracked 
| 133|0x00000000e8500000, 0x00000000e8500000, 0x00000000e8600000|  0%| F|  |TAMS 0x00000000e8500000, 0x00000000e8500000| Untracked 
| 134|0x00000000e8600000, 0x00000000e8600000, 0x00000000e8700000|  0%| F|  |TAMS 0x00000000e8600000, 0x00000000e8600000| Untracked 
| 135|0x00000000e8700000, 0x00000000e8700000, 0x00000000e8800000|  0%| F|  |TAMS 0x00000000e8700000, 0x00000000e8700000| Untracked 
| 136|0x00000000e8800000, 0x00000000e8800000, 0x00000000e8900000|  0%| F|  |TAMS 0x00000000e8800000, 0x00000000e8800000| Untracked 
| 137|0x00000000e8900000, 0x00000000e8900000, 0x00000000e8a00000|  0%| F|  |TAMS 0x00000000e8900000, 0x00000000e8900000| Untracked 
| 138|0x00000000e8a00000, 0x00000000e8a00000, 0x00000000e8b00000|  0%| F|  |TAMS 0x00000000e8a00000, 0x00000000e8a00000| Untracked 
| 139|0x00000000e8b00000, 0x00000000e8b00000, 0x00000000e8c00000|  0%| F|  |TAMS 0x00000000e8b00000, 0x00000000e8b00000| Untracked 
| 140|0x00000000e8c00000, 0x00000000e8c00000, 0x00000000e8d00000|  0%| F|  |TAMS 0x00000000e8c00000, 0x00000000e8c00000| Untracked 
| 141|0x00000000e8d00000, 0x00000000e8d00000, 0x00000000e8e00000|  0%| F|  |TAMS 0x00000000e8d00000, 0x00000000e8d00000| Untracked 
| 142|0x00000000e8e00000, 0x00000000e8e00000, 0x00000000e8f00000|  0%| F|  |TAMS 0x00000000e8e00000, 0x00000000e8e00000| Untracked 
| 143|0x00000000e8f00000, 0x00000000e8f00000, 0x00000000e9000000|  0%| F|  |TAMS 0x00000000e8f00000, 0x00000000e8f00000| Untracked 
| 144|0x00000000e9000000, 0x00000000e9000000, 0x00000000e9100000|  0%| F|  |TAMS 0x00000000e9000000, 0x00000000e9000000| Untracked 
| 145|0x00000000e9100000, 0x00000000e9100000, 0x00000000e9200000|  0%| F|  |TAMS 0x00000000e9100000, 0x00000000e9100000| Untracked 
| 146|0x00000000e9200000, 0x00000000e9200000, 0x00000000e9300000|  0%| F|  |TAMS 0x00000000e9200000, 0x00000000e9200000| Untracked 
| 147|0x00000000e9300000, 0x00000000e9300000, 0x00000000e9400000|  0%| F|  |TAMS 0x00000000e9300000, 0x00000000e9300000| Untracked 
| 148|0x00000000e9400000, 0x00000000e9400000, 0x00000000e9500000|  0%| F|  |TAMS 0x00000000e9400000, 0x00000000e9400000| Untracked 
| 149|0x00000000e9500000, 0x00000000e9500000, 0x00000000e9600000|  0%| F|  |TAMS 0x00000000e9500000, 0x00000000e9500000| Untracked 
| 150|0x00000000e9600000, 0x00000000e9600000, 0x00000000e9700000|  0%| F|  |TAMS 0x00000000e9600000, 0x00000000e9600000| Untracked 
| 151|0x00000000e9700000, 0x00000000e9700000, 0x00000000e9800000|  0%| F|  |TAMS 0x00000000e9700000, 0x00000000e9700000| Untracked 
| 152|0x00000000e9800000, 0x00000000e9800000, 0x00000000e9900000|  0%| F|  |TAMS 0x00000000e9800000, 0x00000000e9800000| Untracked 
| 153|0x00000000e9900000, 0x00000000e9900000, 0x00000000e9a00000|  0%| F|  |TAMS 0x00000000e9900000, 0x00000000e9900000| Untracked 
| 154|0x00000000e9a00000, 0x00000000e9a00000, 0x00000000e9b00000|  0%| F|  |TAMS 0x00000000e9a00000, 0x00000000e9a00000| Untracked 
| 155|0x00000000e9b00000, 0x00000000e9b00000, 0x00000000e9c00000|  0%| F|  |TAMS 0x00000000e9b00000, 0x00000000e9b00000| Untracked 
| 156|0x00000000e9c00000, 0x00000000e9c00000, 0x00000000e9d00000|  0%| F|  |TAMS 0x00000000e9c00000, 0x00000000e9c00000| Untracked 
| 157|0x00000000e9d00000, 0x00000000e9d00000, 0x00000000e9e00000|  0%| F|  |TAMS 0x00000000e9d00000, 0x00000000e9d00000| Untracked 
| 158|0x00000000e9e00000, 0x00000000e9e00000, 0x00000000e9f00000|  0%| F|  |TAMS 0x00000000e9e00000, 0x00000000e9e00000| Untracked 
| 159|0x00000000e9f00000, 0x00000000e9f00000, 0x00000000ea000000|  0%| F|  |TAMS 0x00000000e9f00000, 0x00000000e9f00000| Untracked 
| 160|0x00000000ea000000, 0x00000000ea000000, 0x00000000ea100000|  0%| F|  |TAMS 0x00000000ea000000, 0x00000000ea000000| Untracked 
| 161|0x00000000ea100000, 0x00000000ea100000, 0x00000000ea200000|  0%| F|  |TAMS 0x00000000ea100000, 0x00000000ea100000| Untracked 
| 162|0x00000000ea200000, 0x00000000ea200000, 0x00000000ea300000|  0%| F|  |TAMS 0x00000000ea200000, 0x00000000ea200000| Untracked 
| 163|0x00000000ea300000, 0x00000000ea300000, 0x00000000ea400000|  0%| F|  |TAMS 0x00000000ea300000, 0x00000000ea300000| Untracked 
| 164|0x00000000ea400000, 0x00000000ea400000, 0x00000000ea500000|  0%| F|  |TAMS 0x00000000ea400000, 0x00000000ea400000| Untracked 
| 165|0x00000000ea500000, 0x00000000ea500000, 0x00000000ea600000|  0%| F|  |TAMS 0x00000000ea500000, 0x00000000ea500000| Untracked 
| 166|0x00000000ea600000, 0x00000000ea600000, 0x00000000ea700000|  0%| F|  |TAMS 0x00000000ea600000, 0x00000000ea600000| Untracked 
| 167|0x00000000ea700000, 0x00000000ea700000, 0x00000000ea800000|  0%| F|  |TAMS 0x00000000ea700000, 0x00000000ea700000| Untracked 
| 168|0x00000000ea800000, 0x00000000ea800000, 0x00000000ea900000|  0%| F|  |TAMS 0x00000000ea800000, 0x00000000ea800000| Untracked 
| 169|0x00000000ea900000, 0x00000000ea900000, 0x00000000eaa00000|  0%| F|  |TAMS 0x00000000ea900000, 0x00000000ea900000| Untracked 
| 170|0x00000000eaa00000, 0x00000000eaa00000, 0x00000000eab00000|  0%| F|  |TAMS 0x00000000eaa00000, 0x00000000eaa00000| Untracked 
| 171|0x00000000eab00000, 0x00000000eab00000, 0x00000000eac00000|  0%| F|  |TAMS 0x00000000eab00000, 0x00000000eab00000| Untracked 
| 172|0x00000000eac00000, 0x00000000eac00000, 0x00000000ead00000|  0%| F|  |TAMS 0x00000000eac00000, 0x00000000eac00000| Untracked 
| 173|0x00000000ead00000, 0x00000000ead00000, 0x00000000eae00000|  0%| F|  |TAMS 0x00000000ead00000, 0x00000000ead00000| Untracked 
| 174|0x00000000eae00000, 0x00000000eae00000, 0x00000000eaf00000|  0%| F|  |TAMS 0x00000000eae00000, 0x00000000eae00000| Untracked 
| 175|0x00000000eaf00000, 0x00000000eaf00000, 0x00000000eb000000|  0%| F|  |TAMS 0x00000000eaf00000, 0x00000000eaf00000| Untracked 
| 176|0x00000000eb000000, 0x00000000eb000000, 0x00000000eb100000|  0%| F|  |TAMS 0x00000000eb000000, 0x00000000eb000000| Untracked 
| 177|0x00000000eb100000, 0x00000000eb100000, 0x00000000eb200000|  0%| F|  |TAMS 0x00000000eb100000, 0x00000000eb100000| Untracked 
| 178|0x00000000eb200000, 0x00000000eb200000, 0x00000000eb300000|  0%| F|  |TAMS 0x00000000eb200000, 0x00000000eb200000| Untracked 
| 179|0x00000000eb300000, 0x00000000eb300000, 0x00000000eb400000|  0%| F|  |TAMS 0x00000000eb300000, 0x00000000eb300000| Untracked 
| 180|0x00000000eb400000, 0x00000000eb400000, 0x00000000eb500000|  0%| F|  |TAMS 0x00000000eb400000, 0x00000000eb400000| Untracked 
| 181|0x00000000eb500000, 0x00000000eb500000, 0x00000000eb600000|  0%| F|  |TAMS 0x00000000eb500000, 0x00000000eb500000| Untracked 
| 182|0x00000000eb600000, 0x00000000eb600000, 0x00000000eb700000|  0%| F|  |TAMS 0x00000000eb600000, 0x00000000eb600000| Untracked 
| 183|0x00000000eb700000, 0x00000000eb700000, 0x00000000eb800000|  0%| F|  |TAMS 0x00000000eb700000, 0x00000000eb700000| Untracked 
| 184|0x00000000eb800000, 0x00000000eb800000, 0x00000000eb900000|  0%| F|  |TAMS 0x00000000eb800000, 0x00000000eb800000| Untracked 
| 185|0x00000000eb900000, 0x00000000eb900000, 0x00000000eba00000|  0%| F|  |TAMS 0x00000000eb900000, 0x00000000eb900000| Untracked 
| 186|0x00000000eba00000, 0x00000000eba00000, 0x00000000ebb00000|  0%| F|  |TAMS 0x00000000eba00000, 0x00000000eba00000| Untracked 
| 187|0x00000000ebb00000, 0x00000000ebb00000, 0x00000000ebc00000|  0%| F|  |TAMS 0x00000000ebb00000, 0x00000000ebb00000| Untracked 
| 188|0x00000000ebc00000, 0x00000000ebc00000, 0x00000000ebd00000|  0%| F|  |TAMS 0x00000000ebc00000, 0x00000000ebc00000| Untracked 
| 189|0x00000000ebd00000, 0x00000000ebd00000, 0x00000000ebe00000|  0%| F|  |TAMS 0x00000000ebd00000, 0x00000000ebd00000| Untracked 
| 190|0x00000000ebe00000, 0x00000000ebe00000, 0x00000000ebf00000|  0%| F|  |TAMS 0x00000000ebe00000, 0x00000000ebe00000| Untracked 
| 191|0x00000000ebf00000, 0x00000000ebf00000, 0x00000000ec000000|  0%| F|  |TAMS 0x00000000ebf00000, 0x00000000ebf00000| Untracked 
| 192|0x00000000ec000000, 0x00000000ec000000, 0x00000000ec100000|  0%| F|  |TAMS 0x00000000ec000000, 0x00000000ec000000| Untracked 
| 193|0x00000000ec100000, 0x00000000ec100000, 0x00000000ec200000|  0%| F|  |TAMS 0x00000000ec100000, 0x00000000ec100000| Untracked 
| 194|0x00000000ec200000, 0x00000000ec200000, 0x00000000ec300000|  0%| F|  |TAMS 0x00000000ec200000, 0x00000000ec200000| Untracked 
| 195|0x00000000ec300000, 0x00000000ec300000, 0x00000000ec400000|  0%| F|  |TAMS 0x00000000ec300000, 0x00000000ec300000| Untracked 
| 196|0x00000000ec400000, 0x00000000ec400000, 0x00000000ec500000|  0%| F|  |TAMS 0x00000000ec400000, 0x00000000ec400000| Untracked 
| 197|0x00000000ec500000, 0x00000000ec500000, 0x00000000ec600000|  0%| F|  |TAMS 0x00000000ec500000, 0x00000000ec500000| Untracked 
| 198|0x00000000ec600000, 0x00000000ec600000, 0x00000000ec700000|  0%| F|  |TAMS 0x00000000ec600000, 0x00000000ec600000| Untracked 
| 199|0x00000000ec700000, 0x00000000ec700000, 0x00000000ec800000|  0%| F|  |TAMS 0x00000000ec700000, 0x00000000ec700000| Untracked 
| 200|0x00000000ec800000, 0x00000000ec800000, 0x00000000ec900000|  0%| F|  |TAMS 0x00000000ec800000, 0x00000000ec800000| Untracked 
| 201|0x00000000ec900000, 0x00000000ec900000, 0x00000000eca00000|  0%| F|  |TAMS 0x00000000ec900000, 0x00000000ec900000| Untracked 
| 202|0x00000000eca00000, 0x00000000eca00000, 0x00000000ecb00000|  0%| F|  |TAMS 0x00000000eca00000, 0x00000000eca00000| Untracked 
| 203|0x00000000ecb00000, 0x00000000ecb00000, 0x00000000ecc00000|  0%| F|  |TAMS 0x00000000ecb00000, 0x00000000ecb00000| Untracked 
| 204|0x00000000ecc00000, 0x00000000ecc00000, 0x00000000ecd00000|  0%| F|  |TAMS 0x00000000ecc00000, 0x00000000ecc00000| Untracked 
| 205|0x00000000ecd00000, 0x00000000ecd00000, 0x00000000ece00000|  0%| F|  |TAMS 0x00000000ecd00000, 0x00000000ecd00000| Untracked 
| 206|0x00000000ece00000, 0x00000000ece00000, 0x00000000ecf00000|  0%| F|  |TAMS 0x00000000ece00000, 0x00000000ece00000| Untracked 
| 207|0x00000000ecf00000, 0x00000000ecf00000, 0x00000000ed000000|  0%| F|  |TAMS 0x00000000ecf00000, 0x00000000ecf00000| Untracked 
| 208|0x00000000ed000000, 0x00000000ed000000, 0x00000000ed100000|  0%| F|  |TAMS 0x00000000ed000000, 0x00000000ed000000| Untracked 
| 209|0x00000000ed100000, 0x00000000ed100000, 0x00000000ed200000|  0%| F|  |TAMS 0x00000000ed100000, 0x00000000ed100000| Untracked 
| 210|0x00000000ed200000, 0x00000000ed200000, 0x00000000ed300000|  0%| F|  |TAMS 0x00000000ed200000, 0x00000000ed200000| Untracked 
| 211|0x00000000ed300000, 0x00000000ed300000, 0x00000000ed400000|  0%| F|  |TAMS 0x00000000ed300000, 0x00000000ed300000| Untracked 
| 212|0x00000000ed400000, 0x00000000ed400000, 0x00000000ed500000|  0%| F|  |TAMS 0x00000000ed400000, 0x00000000ed400000| Untracked 
| 213|0x00000000ed500000, 0x00000000ed500000, 0x00000000ed600000|  0%| F|  |TAMS 0x00000000ed500000, 0x00000000ed500000| Untracked 
| 214|0x00000000ed600000, 0x00000000ed600000, 0x00000000ed700000|  0%| F|  |TAMS 0x00000000ed600000, 0x00000000ed600000| Untracked 
| 215|0x00000000ed700000, 0x00000000ed700000, 0x00000000ed800000|  0%| F|  |TAMS 0x00000000ed700000, 0x00000000ed700000| Untracked 
| 216|0x00000000ed800000, 0x00000000ed800000, 0x00000000ed900000|  0%| F|  |TAMS 0x00000000ed800000, 0x00000000ed800000| Untracked 
| 217|0x00000000ed900000, 0x00000000ed900000, 0x00000000eda00000|  0%| F|  |TAMS 0x00000000ed900000, 0x00000000ed900000| Untracked 
| 218|0x00000000eda00000, 0x00000000eda00000, 0x00000000edb00000|  0%| F|  |TAMS 0x00000000eda00000, 0x00000000eda00000| Untracked 
| 219|0x00000000edb00000, 0x00000000edb00000, 0x00000000edc00000|  0%| F|  |TAMS 0x00000000edb00000, 0x00000000edb00000| Untracked 
| 220|0x00000000edc00000, 0x00000000edc00000, 0x00000000edd00000|  0%| F|  |TAMS 0x00000000edc00000, 0x00000000edc00000| Untracked 
| 221|0x00000000edd00000, 0x00000000edd00000, 0x00000000ede00000|  0%| F|  |TAMS 0x00000000edd00000, 0x00000000edd00000| Untracked 
| 222|0x00000000ede00000, 0x00000000ede00000, 0x00000000edf00000|  0%| F|  |TAMS 0x00000000ede00000, 0x00000000ede00000| Untracked 
| 223|0x00000000edf00000, 0x00000000edf00000, 0x00000000ee000000|  0%| F|  |TAMS 0x00000000edf00000, 0x00000000edf00000| Untracked 
| 224|0x00000000ee000000, 0x00000000ee000000, 0x00000000ee100000|  0%| F|  |TAMS 0x00000000ee000000, 0x00000000ee000000| Untracked 
| 225|0x00000000ee100000, 0x00000000ee100000, 0x00000000ee200000|  0%| F|  |TAMS 0x00000000ee100000, 0x00000000ee100000| Untracked 
| 226|0x00000000ee200000, 0x00000000ee200000, 0x00000000ee300000|  0%| F|  |TAMS 0x00000000ee200000, 0x00000000ee200000| Untracked 
| 227|0x00000000ee300000, 0x00000000ee300000, 0x00000000ee400000|  0%| F|  |TAMS 0x00000000ee300000, 0x00000000ee300000| Untracked 
| 228|0x00000000ee400000, 0x00000000ee400000, 0x00000000ee500000|  0%| F|  |TAMS 0x00000000ee400000, 0x00000000ee400000| Untracked 
| 229|0x00000000ee500000, 0x00000000ee500000, 0x00000000ee600000|  0%| F|  |TAMS 0x00000000ee500000, 0x00000000ee500000| Untracked 
| 230|0x00000000ee600000, 0x00000000ee600000, 0x00000000ee700000|  0%| F|  |TAMS 0x00000000ee600000, 0x00000000ee600000| Untracked 
| 231|0x00000000ee700000, 0x00000000ee700000, 0x00000000ee800000|  0%| F|  |TAMS 0x00000000ee700000, 0x00000000ee700000| Untracked 
| 232|0x00000000ee800000, 0x00000000ee800000, 0x00000000ee900000|  0%| F|  |TAMS 0x00000000ee800000, 0x00000000ee800000| Untracked 
| 233|0x00000000ee900000, 0x00000000ee900000, 0x00000000eea00000|  0%| F|  |TAMS 0x00000000ee900000, 0x00000000ee900000| Untracked 
| 234|0x00000000eea00000, 0x00000000eea00000, 0x00000000eeb00000|  0%| F|  |TAMS 0x00000000eea00000, 0x00000000eea00000| Untracked 
| 235|0x00000000eeb00000, 0x00000000eeb00000, 0x00000000eec00000|  0%| F|  |TAMS 0x00000000eeb00000, 0x00000000eeb00000| Untracked 
| 236|0x00000000eec00000, 0x00000000eec00000, 0x00000000eed00000|  0%| F|  |TAMS 0x00000000eec00000, 0x00000000eec00000| Untracked 
| 237|0x00000000eed00000, 0x00000000eed00000, 0x00000000eee00000|  0%| F|  |TAMS 0x00000000eed00000, 0x00000000eed00000| Untracked 
| 238|0x00000000eee00000, 0x00000000eee00800, 0x00000000eef00000|  0%| E|  |TAMS 0x00000000eee00000, 0x00000000eee00000| Complete 
| 239|0x00000000eef00000, 0x00000000ef000000, 0x00000000ef000000|100%| E|CS|TAMS 0x00000000eef00000, 0x00000000eef00000| Complete 
| 240|0x00000000ef000000, 0x00000000ef100000, 0x00000000ef100000|100%| E|CS|TAMS 0x00000000ef000000, 0x00000000ef000000| Complete 
| 241|0x00000000ef100000, 0x00000000ef200000, 0x00000000ef200000|100%| E|CS|TAMS 0x00000000ef100000, 0x00000000ef100000| Complete 
| 242|0x00000000ef200000, 0x00000000ef300000, 0x00000000ef300000|100%| E|CS|TAMS 0x00000000ef200000, 0x00000000ef200000| Complete 
| 243|0x00000000ef300000, 0x00000000ef400000, 0x00000000ef400000|100%| E|CS|TAMS 0x00000000ef300000, 0x00000000ef300000| Complete 
| 244|0x00000000ef400000, 0x00000000ef500000, 0x00000000ef500000|100%| E|CS|TAMS 0x00000000ef400000, 0x00000000ef400000| Complete 
| 245|0x00000000ef500000, 0x00000000ef600000, 0x00000000ef600000|100%| E|CS|TAMS 0x00000000ef500000, 0x00000000ef500000| Complete 
| 246|0x00000000ef600000, 0x00000000ef700000, 0x00000000ef700000|100%| E|CS|TAMS 0x00000000ef600000, 0x00000000ef600000| Complete 
| 247|0x00000000ef700000, 0x00000000ef800000, 0x00000000ef800000|100%| E|CS|TAMS 0x00000000ef700000, 0x00000000ef700000| Complete 
| 248|0x00000000ef800000, 0x00000000ef900000, 0x00000000ef900000|100%| E|CS|TAMS 0x00000000ef800000, 0x00000000ef800000| Complete 
| 249|0x00000000ef900000, 0x00000000efa00000, 0x00000000efa00000|100%| E|CS|TAMS 0x00000000ef900000, 0x00000000ef900000| Complete 
| 250|0x00000000efa00000, 0x00000000efb00000, 0x00000000efb00000|100%| E|CS|TAMS 0x00000000efa00000, 0x00000000efa00000| Complete 
| 251|0x00000000efb00000, 0x00000000efc00000, 0x00000000efc00000|100%| E|CS|TAMS 0x00000000efb00000, 0x00000000efb00000| Complete 
| 252|0x00000000efc00000, 0x00000000efd00000, 0x00000000efd00000|100%| E|CS|TAMS 0x00000000efc00000, 0x00000000efc00000| Complete 
| 253|0x00000000efd00000, 0x00000000efe00000, 0x00000000efe00000|100%| E|  |TAMS 0x00000000efd00000, 0x00000000efd00000| Complete 
| 254|0x00000000efe00000, 0x00000000eff00000, 0x00000000eff00000|100%| E|CS|TAMS 0x00000000efe00000, 0x00000000efe00000| Complete 
| 255|0x00000000eff00000, 0x00000000f0000000, 0x00000000f0000000|100%| E|CS|TAMS 0x00000000eff00000, 0x00000000eff00000| Complete 

Card table byte_map: [0x00000225fa3a0000,0x00000225fa4a0000] _byte_map_base: 0x00000225f9ca0000

Marking Bits (Prev, Next): (CMBitMap*) 0x00000225e27f45d0, (CMBitMap*) 0x00000225e27f4610
 Prev Bits: [0x00000225fa5a0000, 0x00000225fada0000)
 Next Bits: [0x00000225fada0000, 0x00000225fb5a0000)

Polling page: 0x00000225e07d0000

Metaspace:

Usage:
  Non-class:     46.94 MB used.
      Class:      7.39 MB used.
       Both:     54.33 MB used.

Virtual space:
  Non-class space:       48.00 MB reserved,      47.19 MB ( 98%) committed,  6 nodes.
      Class space:      208.00 MB reserved,       7.62 MB (  4%) committed,  1 nodes.
              Both:      256.00 MB reserved,      54.81 MB ( 21%) committed. 

Chunk freelists:
   Non-Class:  768.00 KB
       Class:  399.00 KB
        Both:  1.14 MB

MaxMetaspaceSize: 256.00 MB
CompressedClassSpaceSize: 208.00 MB
 - commit_granule_bytes: 65536.
 - commit_granule_words: 8192.
 - virtual_space_node_default_size: 1048576.
 - enlarge_chunks_in_place: 1.
 - new_chunks_are_fully_committed: 0.
 - uncommit_free_chunks: 1.
 - use_allocation_guard: 0.
 - handle_deallocations: 1.


Internal statistics:

num_allocs_failed_limit: 6.
num_arena_births: 580.
num_arena_deaths: 0.
num_vsnodes_births: 7.
num_vsnodes_deaths: 0.
num_space_committed: 877.
num_space_uncommitted: 0.
num_chunks_returned_to_freelist: 6.
num_chunks_taken_from_freelist: 2749.
num_chunk_merges: 6.
num_chunk_splits: 1809.
num_chunks_enlarged: 1232.
num_purges: 0.

CodeHeap 'non-profiled nmethods': size=120000Kb used=2813Kb max_used=3238Kb free=117186Kb
 bounds [0x00000225f2c50000, 0x00000225f2f80000, 0x00000225fa180000]
CodeHeap 'profiled nmethods': size=120000Kb used=10210Kb max_used=10621Kb free=109789Kb
 bounds [0x00000225eb720000, 0x00000225ec180000, 0x00000225f2c50000]
CodeHeap 'non-nmethods': size=5760Kb used=2352Kb max_used=2519Kb free=3407Kb
 bounds [0x00000225eb180000, 0x00000225eb400000, 0x00000225eb720000]
 total_blobs=6097 nmethods=5229 adapters=780
 compilation: enabled
              stopped_count=0, restarted_count=0
 full_count=0

Compilation events (20 events):
Event: 14.647 Thread 0x00000225fddc8bc0 6007       4       jdk.internal.loader.BuiltinClassLoader::loadClass (22 bytes)
Event: 14.662 Thread 0x00000225fddc95c0 6010       3       kotlin.jvm.internal.Intrinsics::checkNotNullExpressionValue (38 bytes)
Event: 14.662 Thread 0x00000225fddc95c0 nmethod 6010 0x00000225eb9a5a10 code [0x00000225eb9a5c40, 0x00000225eb9a6208]
Event: 14.671 Thread 0x00000225fddc95c0 6012       3       kotlin.reflect.jvm.internal.impl.name.FqNameUnsafe::isRoot (8 bytes)
Event: 14.671 Thread 0x00000225fddc95c0 nmethod 6012 0x00000225eb9a5590 code [0x00000225eb9a5740, 0x00000225eb9a5918]
Event: 14.672 Thread 0x00000225fddc95c0 6015       3       kotlin.reflect.jvm.internal.impl.name.FqName::asString (16 bytes)
Event: 14.672 Thread 0x00000225fddc95c0 nmethod 6015 0x00000225eb9a5010 code [0x00000225eb9a51e0, 0x00000225eb9a5438]
Event: 14.672 Thread 0x00000225fddc95c0 6016       3       kotlin.reflect.jvm.internal.impl.name.FqNameUnsafe::asString (13 bytes)
Event: 14.672 Thread 0x00000225fddc95c0 nmethod 6016 0x00000225eb9a4c10 code [0x00000225eb9a4dc0, 0x00000225eb9a4f48]
Event: 14.672 Thread 0x00000225fddc95c0 6017       3       kotlin.reflect.jvm.internal.impl.name.Name::asString (13 bytes)
Event: 14.673 Thread 0x00000225fddc95c0 nmethod 6017 0x00000225eb9a4810 code [0x00000225eb9a49c0, 0x00000225eb9a4b48]
Event: 14.675 Thread 0x00000225fddc95c0 6018       1       java.util.stream.FindOps$FindOp::getOpFlags (5 bytes)
Event: 14.675 Thread 0x00000225fddc95c0 nmethod 6018 0x00000225f2cecb90 code [0x00000225f2cecd20, 0x00000225f2cecdf8]
Event: 14.675 Thread 0x00000225fddc95c0 6019       3       java.util.regex.Matcher::start (65 bytes)
Event: 14.676 Thread 0x00000225fddc95c0 nmethod 6019 0x00000225eb9a3a10 code [0x00000225eb9a3c60, 0x00000225eb9a44c8]
Event: 14.679 Thread 0x00000225fddc95c0 6023       3       org.gradle.internal.file.DefaultFileHierarchySet$Node::isChildOfOrThis (110 bytes)
Event: 14.680 Thread 0x00000225fddc95c0 nmethod 6023 0x00000225ebadb490 code [0x00000225ebadb7c0, 0x00000225ebadcd98]
Event: 14.680 Thread 0x00000225fddc95c0 6024       3       org.gradle.internal.file.DefaultFileHierarchySet$Node::contains (101 bytes)
Event: 14.681 Thread 0x00000225824ddc40 6022       4       jdk.internal.org.objectweb.asm.ClassReader::<init> (371 bytes)
Event: 14.681 Thread 0x00000225fddc95c0 nmethod 6024 0x00000225ebada510 code [0x00000225ebada760, 0x00000225ebadb158]

GC Heap History (10 events):
Event: 0.467 GC heap before
{Heap before GC invocations=0 (full 0):
 garbage-first heap   total 262144K, used 26624K [0x00000000e0000000, 0x0000000100000000)
  region size 1024K, 21 young (21504K), 0 survivors (0K)
 Metaspace       used 3191K, committed 3328K, reserved 221184K
  class space    used 384K, committed 448K, reserved 212992K
}
Event: 0.469 GC heap after
{Heap after GC invocations=1 (full 0):
 garbage-first heap   total 262144K, used 9242K [0x00000000e0000000, 0x0000000100000000)
  region size 1024K, 3 young (3072K), 3 survivors (3072K)
 Metaspace       used 3191K, committed 3328K, reserved 221184K
  class space    used 384K, committed 448K, reserved 212992K
}
Event: 0.703 GC heap before
{Heap before GC invocations=1 (full 0):
 garbage-first heap   total 262144K, used 31770K [0x00000000e0000000, 0x0000000100000000)
  region size 1024K, 26 young (26624K), 3 survivors (3072K)
 Metaspace       used 4117K, committed 4288K, reserved 221184K
  class space    used 481K, committed 576K, reserved 212992K
}
Event: 0.705 GC heap after
{Heap after GC invocations=2 (full 0):
 garbage-first heap   total 262144K, used 10393K [0x00000000e0000000, 0x0000000100000000)
  region size 1024K, 1 young (1024K), 1 survivors (1024K)
 Metaspace       used 4117K, committed 4288K, reserved 221184K
  class space    used 481K, committed 576K, reserved 212992K
}
Event: 2.043 GC heap before
{Heap before GC invocations=2 (full 0):
 garbage-first heap   total 262144K, used 123033K [0x00000000e0000000, 0x0000000100000000)
  region size 1024K, 112 young (114688K), 1 survivors (1024K)
 Metaspace       used 20975K, committed 21248K, reserved 237568K
  class space    used 3037K, committed 3200K, reserved 212992K
}
Event: 2.048 GC heap after
{Heap after GC invocations=3 (full 0):
 garbage-first heap   total 262144K, used 20303K [0x00000000e0000000, 0x0000000100000000)
  region size 1024K, 11 young (11264K), 11 survivors (11264K)
 Metaspace       used 20975K, committed 21248K, reserved 237568K
  class space    used 3037K, committed 3200K, reserved 212992K
}
Event: 2.959 GC heap before
{Heap before GC invocations=4 (full 0):
 garbage-first heap   total 262144K, used 120655K [0x00000000e0000000, 0x0000000100000000)
  region size 1024K, 107 young (109568K), 11 survivors (11264K)
 Metaspace       used 35154K, committed 35520K, reserved 245760K
  class space    used 4653K, committed 4864K, reserved 212992K
}
Event: 2.966 GC heap after
{Heap after GC invocations=5 (full 0):
 garbage-first heap   total 262144K, used 29239K [0x00000000e0000000, 0x0000000100000000)
  region size 1024K, 19 young (19456K), 19 survivors (19456K)
 Metaspace       used 35154K, committed 35520K, reserved 245760K
  class space    used 4653K, committed 4864K, reserved 212992K
}
Event: 4.903 GC heap before
{Heap before GC invocations=6 (full 0):
 garbage-first heap   total 262144K, used 165431K [0x00000000e0000000, 0x0000000100000000)
  region size 1024K, 153 young (156672K), 19 survivors (19456K)
 Metaspace       used 53503K, committed 53952K, reserved 262144K
  class space    used 7278K, committed 7488K, reserved 212992K
}
Event: 4.917 GC heap after
{Heap after GC invocations=7 (full 0):
 garbage-first heap   total 262144K, used 44767K [0x00000000e0000000, 0x0000000100000000)
  region size 1024K, 20 young (20480K), 20 survivors (20480K)
 Metaspace       used 53503K, committed 53952K, reserved 262144K
  class space    used 7278K, committed 7488K, reserved 212992K
}

Deoptimization events (20 events):
Event: 5.306 Thread 0x00000225822406b0 Uncommon trap: trap_request=0xffffff45 fr.pc=0x00000225f2f51070 relative=0x0000000000000ad0
Event: 5.306 Thread 0x00000225822406b0 Uncommon trap: reason=unstable_if action=reinterpret pc=0x00000225f2f51070 method=java.lang.ClassLoader.loadClass(Ljava/lang/String;Z)Ljava/lang/Class; @ 29 c2
Event: 5.306 Thread 0x00000225822406b0 DEOPT PACKING pc=0x00000225f2f51070 sp=0x000000b1faaf79e0
Event: 5.306 Thread 0x00000225822406b0 DEOPT UNPACKING pc=0x00000225eb1cd72e sp=0x000000b1faaf79a8 mode 2
Event: 5.326 Thread 0x000002258757e5d0 Uncommon trap: trap_request=0xffffffc6 fr.pc=0x00000225f2f68208 relative=0x00000000000007e8
Event: 5.326 Thread 0x000002258757e5d0 Uncommon trap: reason=bimorphic_or_optimized_type_check action=maybe_recompile pc=0x00000225f2f68208 method=java.io.BufferedInputStream.read1([BII)I @ 39 c2
Event: 5.326 Thread 0x000002258757e5d0 DEOPT PACKING pc=0x00000225f2f68208 sp=0x000000b1fb7fec50
Event: 5.326 Thread 0x000002258757e5d0 DEOPT UNPACKING pc=0x00000225eb1cd72e sp=0x000000b1fb7feb68 mode 2
Event: 14.637 Thread 0x000002258757bb50 Uncommon trap: trap_request=0xffffff45 fr.pc=0x00000225f2e2924c relative=0x000000000000004c
Event: 14.637 Thread 0x000002258757a610 Uncommon trap: trap_request=0xffffff45 fr.pc=0x00000225f2e2924c relative=0x000000000000004c
Event: 14.637 Thread 0x0000022587579b70 Uncommon trap: trap_request=0xffffff45 fr.pc=0x00000225f2e2924c relative=0x000000000000004c
Event: 14.637 Thread 0x000002258757bb50 Uncommon trap: reason=unstable_if action=reinterpret pc=0x00000225f2e2924c method=java.lang.Thread.interrupted()Z @ 10 c2
Event: 14.637 Thread 0x000002258757a610 Uncommon trap: reason=unstable_if action=reinterpret pc=0x00000225f2e2924c method=java.lang.Thread.interrupted()Z @ 10 c2
Event: 14.637 Thread 0x0000022587579b70 Uncommon trap: reason=unstable_if action=reinterpret pc=0x00000225f2e2924c method=java.lang.Thread.interrupted()Z @ 10 c2
Event: 14.637 Thread 0x000002258757bb50 DEOPT PACKING pc=0x00000225f2e2924c sp=0x000000b1fabfed30
Event: 14.637 Thread 0x000002258757a610 DEOPT PACKING pc=0x00000225f2e2924c sp=0x000000b1facfeec0
Event: 14.637 Thread 0x0000022587579b70 DEOPT PACKING pc=0x00000225f2e2924c sp=0x000000b1fadff120
Event: 14.637 Thread 0x000002258757bb50 DEOPT UNPACKING pc=0x00000225eb1cd72e sp=0x000000b1fabfecc0 mode 2
Event: 14.637 Thread 0x000002258757a610 DEOPT UNPACKING pc=0x00000225eb1cd72e sp=0x000000b1facfee50 mode 2
Event: 14.637 Thread 0x0000022587579b70 DEOPT UNPACKING pc=0x00000225eb1cd72e sp=0x000000b1fadff0b0 mode 2

Classes unloaded (0 events):
No events

Classes redefined (0 events):
No events

Internal exceptions (20 events):
Event: 5.289 Thread 0x00000225822406b0 Exception <a 'java/lang/ClassNotFoundException'{0x00000000ef8e2560}: org/gradle/api/tasks/JavaExec_DecoratedCustomizer> (0x00000000ef8e2560) 
thrown [e:\jenkins\tmp\workspace\build\src\src\hotspot\share\classfile\systemDictionary.cpp, line 256]
Event: 5.295 Thread 0x00000225822406b0 Exception <a 'java/lang/ClassNotFoundException'{0x00000000ef6230f8}: org/gradle/api/internal/file/collections/DefaultConfigurableFileCollectionBeanInfo> (0x00000000ef6230f8) 
thrown [e:\jenkins\tmp\workspace\build\src\src\hotspot\share\classfile\systemDictionary.cpp, line 256]
Event: 5.295 Thread 0x00000225822406b0 Exception <a 'java/lang/ClassNotFoundException'{0x00000000ef628d20}: org/gradle/api/internal/file/CompositeFileCollectionBeanInfo> (0x00000000ef628d20) 
thrown [e:\jenkins\tmp\workspace\build\src\src\hotspot\share\classfile\systemDictionary.cpp, line 256]
Event: 5.295 Thread 0x00000225822406b0 Exception <a 'java/lang/ClassNotFoundException'{0x00000000ef62e938}: org/gradle/api/internal/file/AbstractFileCollectionBeanInfo> (0x00000000ef62e938) 
thrown [e:\jenkins\tmp\workspace\build\src\src\hotspot\share\classfile\systemDictionary.cpp, line 256]
Event: 5.295 Thread 0x00000225822406b0 Exception <a 'java/lang/ClassNotFoundException'{0x00000000ef634520}: org/gradle/api/internal/file/AbstractFileCollectionCustomizer> (0x00000000ef634520) 
thrown [e:\jenkins\tmp\workspace\build\src\src\hotspot\share\classfile\systemDictionary.cpp, line 256]
Event: 5.295 Thread 0x00000225822406b0 Exception <a 'java/lang/ClassNotFoundException'{0x00000000ef64bf50}: org/gradle/api/internal/file/CompositeFileCollectionCustomizer> (0x00000000ef64bf50) 
thrown [e:\jenkins\tmp\workspace\build\src\src\hotspot\share\classfile\systemDictionary.cpp, line 256]
Event: 5.296 Thread 0x00000225822406b0 Exception <a 'java/lang/ClassNotFoundException'{0x00000000ef65a2d8}: org/gradle/api/internal/file/collections/DefaultConfigurableFileCollectionCustomizer> (0x00000000ef65a2d8) 
thrown [e:\jenkins\tmp\workspace\build\src\src\hotspot\share\classfile\systemDictionary.cpp, line 256]
Event: 5.300 Thread 0x00000225822406b0 Exception <a 'java/lang/ClassNotFoundException'{0x00000000ef69bee8}: java/io/FileBeanInfo> (0x00000000ef69bee8) 
thrown [e:\jenkins\tmp\workspace\build\src\src\hotspot\share\classfile\systemDictionary.cpp, line 256]
Event: 5.300 Thread 0x00000225822406b0 Exception <a 'java/lang/ClassNotFoundException'{0x00000000ef69f300}: java/io/FileCustomizer> (0x00000000ef69f300) 
thrown [e:\jenkins\tmp\workspace\build\src\src\hotspot\share\classfile\systemDictionary.cpp, line 256]
Event: 5.304 Thread 0x00000225822406b0 Exception <a 'java/lang/ClassNotFoundException'{0x00000000ef5c4038}: java/lang/StringBeanInfo> (0x00000000ef5c4038) 
thrown [e:\jenkins\tmp\workspace\build\src\src\hotspot\share\classfile\systemDictionary.cpp, line 256]
Event: 5.304 Thread 0x00000225822406b0 Exception <a 'java/lang/ClassNotFoundException'{0x00000000ef5c7800}: java/lang/StringCustomizer> (0x00000000ef5c7800) 
thrown [e:\jenkins\tmp\workspace\build\src\src\hotspot\share\classfile\systemDictionary.cpp, line 256]
Event: 5.305 Thread 0x00000225822406b0 Implicit null exception at 0x00000225f2e51eef to 0x00000225f2e523e4
Event: 5.305 Thread 0x00000225822406b0 Implicit null exception at 0x00000225f2cf9cd2 to 0x00000225f2cfa6e0
Event: 5.307 Thread 0x00000225822406b0 Exception <a 'java/lang/NoSuchMethodError'{0x00000000ef5fe210}: 'void java.lang.invoke.DirectMethodHandle$Holder.invokeInterface(java.lang.Object, java.lang.Object, java.lang.Object, java.lang.Object)'> (0x00000000ef5fe210) 
thrown [e:\jenkins\tmp\workspace\build\src\src\hotspot\share\interpreter\linkResolver.cpp, line 790]
Event: 5.323 Thread 0x0000022587578630 Exception <a 'java/lang/NoSuchMethodError'{0x00000000ef4f8cf0}: 'void java.lang.invoke.DirectMethodHandle$Holder.invokeStatic(java.lang.Object, long)'> (0x00000000ef4f8cf0) 
thrown [e:\jenkins\tmp\workspace\build\src\src\hotspot\share\interpreter\linkResolver.cpp, line 790]
Event: 5.323 Thread 0x0000022587578630 Exception <a 'java/lang/NoSuchMethodError'{0x00000000ef4fe578}: 'java.lang.Object java.lang.invoke.DirectMethodHandle$Holder.newInvokeSpecial(java.lang.Object, long)'> (0x00000000ef4fe578) 
thrown [e:\jenkins\tmp\workspace\build\src\src\hotspot\share\interpreter\linkResolver.cpp, line 790]
Event: 5.324 Thread 0x0000022587578630 Exception <a 'java/lang/NoSuchMethodError'{0x00000000ef305848}: 'java.lang.Object java.lang.invoke.DirectMethodHandle$Holder.invokeStatic(java.lang.Object, java.lang.Object, long, java.lang.Object)'> (0x00000000ef305848) 
thrown [e:\jenkins\tmp\workspace\build\src\src\hotspot\share\interpreter\linkResolver.cpp, line 790]
Event: 5.324 Thread 0x0000022587578630 Exception <a 'java/lang/NoSuchMethodError'{0x00000000ef3094e8}: 'java.lang.Object java.lang.invoke.DirectMethodHandle$Holder.invokeStaticInit(java.lang.Object, java.lang.Object, long, java.lang.Object)'> (0x00000000ef3094e8) 
thrown [e:\jenkins\tmp\workspace\build\src\src\hotspot\share\interpreter\linkResolver.cpp, line 790]
Event: 5.324 Thread 0x0000022587578630 Exception <a 'java/lang/NoSuchMethodError'{0x00000000ef30fe50}: 'java.lang.Object java.lang.invoke.DirectMethodHandle$Holder.newInvokeSpecial(java.lang.Object, java.lang.Object, long)'> (0x00000000ef30fe50) 
thrown [e:\jenkins\tmp\workspace\build\src\src\hotspot\share\interpreter\linkResolver.cpp, line 790]
Event: 5.324 Thread 0x0000022587578630 Exception <a 'java/lang/NoSuchMethodError'{0x00000000ef313bc0}: 'java.lang.Object java.lang.invoke.Invokers$Holder.linkToTargetMethod(java.lang.Object, long, java.lang.Object)'> (0x00000000ef313bc0) 
thrown [e:\jenkins\tmp\workspace\build\src\src\hotspot\share\interpreter\linkResolver.cpp, line 790]

Events (20 events):
Event: 11.090 loading class java/util/concurrent/LinkedBlockingDeque$AbstractItr done
Event: 11.090 loading class java/util/concurrent/LinkedBlockingDeque$Itr done
Event: 11.372 Executing  VM operation: Cleanup
Event: 11.372 Executing  VM operation: Cleanup done
Event: 12.379 Executing  VM operation: Cleanup
Event: 12.379 Executing  VM operation: Cleanup done
Event: 13.387 Executing  VM operation: Cleanup
Event: 13.388 Executing  VM operation: Cleanup done
Event: 14.637 Thread 0x000002258757a610 Thread exited: 0x000002258757a610
Event: 14.637 Thread 0x00000225822406b0 Thread exited: 0x00000225822406b0
Event: 14.637 Thread 0x000002258757bb50 Thread exited: 0x000002258757bb50
Event: 14.637 Thread 0x0000022587579b70 Thread exited: 0x0000022587579b70
Event: 14.637 Thread 0x000002258757a0c0 Thread exited: 0x000002258757a0c0
Event: 14.639 loading class java/util/concurrent/ConcurrentLinkedQueue$Itr
Event: 14.639 loading class java/util/concurrent/ConcurrentLinkedQueue$Itr done
Event: 14.674 Executing  VM operation: HandshakeAllThreads
Event: 14.674 Executing  VM operation: HandshakeAllThreads done
Event: 14.674 Executing  VM operation: Cleanup
Event: 14.675 Executing  VM operation: Cleanup done
Event: 14.680 Thread 0x00000225824ddc40 Thread added: 0x00000225824ddc40


Dynamic libraries:
0x00007ff770b50000 - 0x00007ff770b5e000 	C:\Program Files\AdoptOpenJDK\jdk-16.0.1.9-hotspot\bin\java.exe
0x00007ffddf710000 - 0x00007ffddf905000 	C:\WINDOWS\SYSTEM32\ntdll.dll
0x00007ffddea10000 - 0x00007ffddeacd000 	C:\WINDOWS\System32\KERNEL32.DLL
0x00007ffddd3c0000 - 0x00007ffddd689000 	C:\WINDOWS\System32\KERNELBASE.dll
0x00007ffddd160000 - 0x00007ffddd260000 	C:\WINDOWS\System32\ucrtbase.dll
0x00007ffdcef10000 - 0x00007ffdcef28000 	C:\Program Files\AdoptOpenJDK\jdk-16.0.1.9-hotspot\bin\jli.dll
0x00007ffdce5a0000 - 0x00007ffdce5b9000 	C:\Program Files\AdoptOpenJDK\jdk-16.0.1.9-hotspot\bin\VCRUNTIME140.dll
0x00007ffddedb0000 - 0x00007ffddef50000 	C:\WINDOWS\System32\USER32.dll
0x00007ffddd750000 - 0x00007ffddd772000 	C:\WINDOWS\System32\win32u.dll
0x00007ffdb8d80000 - 0x00007ffdb901a000 	C:\WINDOWS\WinSxS\amd64_microsoft.windows.common-controls_6595b64144ccf1df_6.0.19041.1083_none_60bbe31371f34e71\COMCTL32.dll
0x00007ffdde500000 - 0x00007ffdde52a000 	C:\WINDOWS\System32\GDI32.dll
0x00007ffdde970000 - 0x00007ffddea0e000 	C:\WINDOWS\System32\msvcrt.dll
0x00007ffddce50000 - 0x00007ffddcf5b000 	C:\WINDOWS\System32\gdi32full.dll
0x00007ffddcfc0000 - 0x00007ffddd05d000 	C:\WINDOWS\System32\msvcp_win.dll
0x00007ffddf6a0000 - 0x00007ffddf6d0000 	C:\WINDOWS\System32\IMM32.DLL
0x00007ffdd1a10000 - 0x00007ffdd1a1c000 	C:\Program Files\AdoptOpenJDK\jdk-16.0.1.9-hotspot\bin\vcruntime140_1.dll
0x00007ffdc5890000 - 0x00007ffdc5921000 	C:\Program Files\AdoptOpenJDK\jdk-16.0.1.9-hotspot\bin\msvcp140.dll
0x00007ffd776b0000 - 0x00007ffd782e8000 	C:\Program Files\AdoptOpenJDK\jdk-16.0.1.9-hotspot\bin\server\jvm.dll
0x00007ffddead0000 - 0x00007ffddeb7c000 	C:\WINDOWS\System32\ADVAPI32.dll
0x00007ffdde400000 - 0x00007ffdde49b000 	C:\WINDOWS\System32\sechost.dll
0x00007ffddef50000 - 0x00007ffddf07a000 	C:\WINDOWS\System32\RPCRT4.dll
0x00007ffdddf20000 - 0x00007ffdddf28000 	C:\WINDOWS\System32\PSAPI.DLL
0x00007ffdc5cc0000 - 0x00007ffdc5cc9000 	C:\WINDOWS\SYSTEM32\WSOCK32.dll
0x00007ffdc0d40000 - 0x00007ffdc0d67000 	C:\WINDOWS\SYSTEM32\WINMM.dll
0x00007ffddf090000 - 0x00007ffddf0fb000 	C:\WINDOWS\System32\WS2_32.dll
0x00007ffdd45d0000 - 0x00007ffdd45da000 	C:\WINDOWS\SYSTEM32\VERSION.dll
0x00007ffddad90000 - 0x00007ffddada2000 	C:\WINDOWS\SYSTEM32\kernel.appcore.dll
0x00007ffdceed0000 - 0x00007ffdceeda000 	C:\Program Files\AdoptOpenJDK\jdk-16.0.1.9-hotspot\bin\jimage.dll
0x00007ffdd7c40000 - 0x00007ffdd7e24000 	C:\WINDOWS\SYSTEM32\DBGHELP.DLL
0x00007ffdd7a40000 - 0x00007ffdd7a6c000 	C:\WINDOWS\SYSTEM32\dbgcore.DLL
0x00007ffddd690000 - 0x00007ffddd713000 	C:\WINDOWS\System32\bcryptPrimitives.dll
0x00007ffdc9670000 - 0x00007ffdc9695000 	C:\Program Files\AdoptOpenJDK\jdk-16.0.1.9-hotspot\bin\java.dll
0x00007ffddd780000 - 0x00007ffdddebf000 	C:\WINDOWS\System32\SHELL32.dll
0x00007ffddaf90000 - 0x00007ffddb721000 	C:\WINDOWS\SYSTEM32\windows.storage.dll
0x00007ffddf340000 - 0x00007ffddf695000 	C:\WINDOWS\System32\combase.dll
0x00007ffddc8c0000 - 0x00007ffddc8ec000 	C:\WINDOWS\SYSTEM32\Wldp.dll
0x00007ffddf1b0000 - 0x00007ffddf25e000 	C:\WINDOWS\System32\SHCORE.dll
0x00007ffddeb80000 - 0x00007ffddebd5000 	C:\WINDOWS\System32\shlwapi.dll
0x00007ffddcd90000 - 0x00007ffddcdaf000 	C:\WINDOWS\SYSTEM32\profapi.dll
0x00007ffdcd4b0000 - 0x00007ffdcd4c9000 	C:\Program Files\AdoptOpenJDK\jdk-16.0.1.9-hotspot\bin\net.dll
0x00007ffdd6030000 - 0x00007ffdd613a000 	C:\WINDOWS\SYSTEM32\WINHTTP.dll
0x00007ffddc620000 - 0x00007ffddc68a000 	C:\WINDOWS\system32\mswsock.dll
0x00007ffdc9650000 - 0x00007ffdc9663000 	C:\Program Files\AdoptOpenJDK\jdk-16.0.1.9-hotspot\bin\nio.dll
0x00007ffdc7010000 - 0x00007ffdc7028000 	C:\Program Files\AdoptOpenJDK\jdk-16.0.1.9-hotspot\bin\zip.dll
0x00007ffdc9840000 - 0x00007ffdc9850000 	C:\Program Files\AdoptOpenJDK\jdk-16.0.1.9-hotspot\bin\verify.dll
0x00007ffdcdc60000 - 0x00007ffdcdc87000 	C:\Users\80010-02-05\.gradle\native\49d0259a56938c7f99b2704e745ce422c4f750a7a20b539a32ccef96729676b1\windows-amd64\native-platform.dll
0x00007ffd8ce10000 - 0x00007ffd8cfa6000 	C:\Users\80010-02-05\.gradle\native\12488b8bf47d2d4c9fbf2f6322a914ad602e24e48041cd04a747c6da556b65c4\windows-amd64\native-platform-file-events.dll
0x00007ffdc7050000 - 0x00007ffdc7059000 	C:\Program Files\AdoptOpenJDK\jdk-16.0.1.9-hotspot\bin\management.dll
0x00007ffdc7000000 - 0x00007ffdc700b000 	C:\Program Files\AdoptOpenJDK\jdk-16.0.1.9-hotspot\bin\management_ext.dll
0x00007ffddc800000 - 0x00007ffddc818000 	C:\WINDOWS\SYSTEM32\CRYPTSP.dll
0x00007ffddbef0000 - 0x00007ffddbf24000 	C:\WINDOWS\system32\rsaenh.dll
0x00007ffddd720000 - 0x00007ffddd747000 	C:\WINDOWS\System32\bcrypt.dll
0x00007ffddcd50000 - 0x00007ffddcd7e000 	C:\WINDOWS\SYSTEM32\USERENV.dll
0x00007ffddc820000 - 0x00007ffddc82c000 	C:\WINDOWS\SYSTEM32\CRYPTBASE.dll
0x00007ffddc2c0000 - 0x00007ffddc2fb000 	C:\WINDOWS\SYSTEM32\IPHLPAPI.DLL
0x00007ffddf080000 - 0x00007ffddf088000 	C:\WINDOWS\System32\NSI.dll
0x00007ffdd8810000 - 0x00007ffdd8827000 	C:\WINDOWS\SYSTEM32\dhcpcsvc6.DLL
0x00007ffdd8610000 - 0x00007ffdd862d000 	C:\WINDOWS\SYSTEM32\dhcpcsvc.DLL
0x00007ffddc300000 - 0x00007ffddc3cc000 	C:\WINDOWS\SYSTEM32\DNSAPI.dll
0x00007ffdc6f40000 - 0x00007ffdc6f4e000 	C:\Program Files\AdoptOpenJDK\jdk-16.0.1.9-hotspot\bin\sunmscapi.dll
0x00007ffddd260000 - 0x00007ffddd3bf000 	C:\WINDOWS\System32\CRYPT32.dll
0x00007ffddc930000 - 0x00007ffddc957000 	C:\WINDOWS\SYSTEM32\ncrypt.dll
0x00007ffddc8f0000 - 0x00007ffddc92b000 	C:\WINDOWS\SYSTEM32\NTASN1.dll
0x00007ffdc6eb0000 - 0x00007ffdc6eb7000 	C:\WINDOWS\system32\wshunix.dll

dbghelp: loaded successfully - version: 4.0.5 - missing functions: none
symbol engine: initialized successfully - sym options: 0x614 - pdb path: .;C:\Program Files\AdoptOpenJDK\jdk-16.0.1.9-hotspot\bin;C:\WINDOWS\SYSTEM32;C:\WINDOWS\WinSxS\amd64_microsoft.windows.common-controls_6595b64144ccf1df_6.0.19041.1083_none_60bbe31371f34e71;C:\Program Files\AdoptOpenJDK\jdk-16.0.1.9-hotspot\bin\server;C:\Users\80010-02-05\.gradle\native\49d0259a56938c7f99b2704e745ce422c4f750a7a20b539a32ccef96729676b1\windows-amd64;C:\Users\80010-02-05\.gradle\native\12488b8bf47d2d4c9fbf2f6322a914ad602e24e48041cd04a747c6da556b65c4\windows-amd64

VM Arguments:
jvm_args: --add-opens=java.base/java.util=ALL-UNNAMED --add-opens=java.base/java.lang=ALL-UNNAMED --add-opens=java.base/java.lang.invoke=ALL-UNNAMED --add-opens=java.base/java.util=ALL-UNNAMED --add-opens=java.prefs/java.util.prefs=ALL-UNNAMED --add-opens=java.prefs/java.util.prefs=ALL-UNNAMED --add-opens=java.base/java.nio.charset=ALL-UNNAMED --add-opens=java.base/java.net=ALL-UNNAMED --add-opens=java.base/java.util.concurrent.atomic=ALL-UNNAMED -XX:MaxMetaspaceSize=256m -XX:+HeapDumpOnOutOfMemoryError -Xms256m -Xmx512m -Dfile.encoding=windows-1252 -Duser.country=FR -Duser.language=fr -Duser.variant 
java_command: org.gradle.launcher.daemon.bootstrap.GradleDaemon 7.0
java_class_path (initial): C:\Users\80010-02-05\.gradle\wrapper\dists\gradle-7.0-bin\2p9ebqfz6ilrfozi676ogco7n\gradle-7.0\lib\gradle-launcher-7.0.jar
Launcher Type: SUN_STANDARD

[Global flags]
     intx CICompilerCount                          = 3                                         {product} {ergonomic}
   size_t CompressedClassSpaceSize                 = 218103808                                 {product} {ergonomic}
     uint ConcGCThreads                            = 2                                         {product} {ergonomic}
     uint G1ConcRefinementThreads                  = 6                                         {product} {ergonomic}
   size_t G1HeapRegionSize                         = 1048576                                   {product} {ergonomic}
    uintx GCDrainStackTargetSize                   = 64                                        {product} {ergonomic}
     bool HeapDumpOnOutOfMemoryError               = true                                   {manageable} {command line}
   size_t InitialHeapSize                          = 268435456                                 {product} {command line}
   size_t MarkStackSize                            = 4194304                                   {product} {ergonomic}
   size_t MaxHeapSize                              = 536870912                                 {product} {command line}
   size_t MaxMetaspaceSize                         = 268435456                                 {product} {command line}
   size_t MaxNewSize                               = 321912832                                 {product} {ergonomic}
   size_t MinHeapDeltaBytes                        = 1048576                                   {product} {ergonomic}
   size_t MinHeapSize                              = 268435456                                 {product} {command line}
    uintx NonNMethodCodeHeapSize                   = 5832780                                {pd product} {ergonomic}
    uintx NonProfiledCodeHeapSize                  = 122912730                              {pd product} {ergonomic}
    uintx ProfiledCodeHeapSize                     = 122912730                              {pd product} {ergonomic}
    uintx ReservedCodeCacheSize                    = 251658240                              {pd product} {ergonomic}
     bool SegmentedCodeCache                       = true                                      {product} {ergonomic}
   size_t SoftMaxHeapSize                          = 536870912                              {manageable} {ergonomic}
     bool UseCompressedClassPointers               = true                           {product lp64_product} {ergonomic}
     bool UseCompressedOops                        = true                           {product lp64_product} {ergonomic}
     bool UseG1GC                                  = true                                      {product} {ergonomic}
     bool UseLargePagesIndividualAllocation        = false                                  {pd product} {ergonomic}

Logging:
Log output configuration:
 #0: stdout all=warning uptime,level,tags
 #1: stderr all=off uptime,level,tags

Environment Variables:
JAVA_HOME=C:\Program Files\AdoptOpenJDK\jdk-16.0.1.9-hotspot\
PATH=C:\Program Files\AdoptOpenJDK\jdk-16.0.1.9-hotspot\bin;C:\Program Files\AdoptOpenJDK\jdk-11.0.5.10-hotspot\bin;C:\WINDOWS\system32;C:\WINDOWS;C:\WINDOWS\System32\Wbem;C:\WINDOWS\System32\WindowsPowerShell\v1.0\;C:\WINDOWS\System32\OpenSSH\;C:\Program Files\Git\cmd;C:\Program Files\Symfony;C:\ProgramData\ComposerSetup\bin;C:\php;C:\Users\80010-02-05\AppData\Local\Microsoft\WindowsApps;C:\Users\80010-02-05\AppData\Local\Programs\Microsoft VS Code\bin;C:\php;C:\Users\80010-02-05\AppData\Roaming\Composer\vendor\bin
USERNAME=80010-02-05
OS=Windows_NT
PROCESSOR_IDENTIFIER=Intel64 Family 6 Model 158 Stepping 10, GenuineIntel



---------------  S Y S T E M  ---------------

OS:
 Windows 10 , 64 bit Build 19041 (10.0.19041.1023)
OS uptime: 9 days 1:19 hours

CPU: total 6 (initial active 6) (6 cores per cpu, 1 threads per core) family 6 model 158 stepping 10 microcode 0xb4, cx8, cmov, fxsr, mmx, 3dnowpref, sse, sse2, sse3, ssse3, sse4.1, sse4.2, popcnt, lzcnt, tsc, tscinvbit, avx, avx2, aes, erms, clmul, bmi1, bmi2, adx, fma, vzeroupper, clflush, clflushopt

Memory: 4k page, system-wide physical 16219M (8312M free)
TotalPageFile size 18651M (AvailPageFile size 7731M)
current process WorkingSet (physical memory assigned to process): 384M, peak: 408M
current process commit charge ("private bytes"): 477M, peak: 499M

vm_info: OpenJDK 64-Bit Server VM (16.0.1+9) for windows-amd64 JRE (16.0.1+9), built on Apr 21 2021 12:30:27 by "" with MS VC++ 16.7 (VS2019)

END.
