#
# A fatal error has been detected by the Java Runtime Environment:
#
#  EXCEPTION_ACCESS_VIOLATION (0xc0000005) at pc=0x00007ffec624c4be, pid=19116, tid=11924
#
# JRE version: OpenJDK Runtime Environment (11.0.10) (build 11.0.10+0-b96-7249189)
# Java VM: OpenJDK 64-Bit Server VM (11.0.10+0-b96-7249189, mixed mode, tiered, compressed oops, g1 gc, windows-amd64)
# Problematic frame:
# C  [native-platform-file-events.dll+0x1c4be]
#
# No core dump will be written. Minidumps are not enabled by default on client versions of Windows
#
# If you would like to submit a bug report, please visit:
#   https://bugreport.java.com/bugreport/crash.jsp
# The crash happened outside the Java Virtual Machine in native code.
# See problematic frame for where to report the bug.
#

---------------  S U M M A R Y ------------

Command Line: --add-opens=java.base/java.util=ALL-UNNAMED --add-opens=java.base/java.lang=ALL-UNNAMED --add-opens=java.base/java.lang.invoke=ALL-UNNAMED --add-opens=java.base/java.util=ALL-UNNAMED --add-opens=java.prefs/java.util.prefs=ALL-UNNAMED --add-opens=java.prefs/java.util.prefs=ALL-UNNAMED --add-opens=java.base/java.nio.charset=ALL-UNNAMED --add-opens=java.base/java.net=ALL-UNNAMED --add-opens=java.base/java.util.concurrent.atomic=ALL-UNNAMED -Xmx2048m -Dfile.encoding=UTF-8 -Duser.country=FR -Duser.language=fr -Duser.variant org.gradle.launcher.daemon.bootstrap.GradleDaemon 7.0.2

Host: Intel(R) Core(TM) i5-8400 CPU @ 2.80GHz, 6 cores, 15G,  Windows 10 , 64 bit Build 19041 (10.0.19041.1023)
Time: Mon Aug 23 15:23:17 2021 Paris, Madrid (heure d’été) elapsed time: 8.405664 seconds (0d 0h 0m 8s)

---------------  T H R E A D  ---------------

Current thread (0x000001673abe0000):  JavaThread "File watcher server" daemon [_thread_in_native, id=11924, stack(0x0000001d88700000,0x0000001d88800000)]

Stack: [0x0000001d88700000,0x0000001d88800000],  sp=0x0000001d887fe6c0,  free space=1017k
Native frames: (J=compiled Java code, j=interpreted, Vv=VM code, C=native code)
C  [native-platform-file-events.dll+0x1c4be]

Java frames: (J=compiled Java code, j=interpreted, Vv=VM code)
j  net.rubygrapefruit.platform.internal.jni.AbstractFileEventFunctions$NativeFileWatcher.executeRunLoop0(Ljava/lang/Object;)V+0
j  net.rubygrapefruit.platform.internal.jni.AbstractFileEventFunctions$NativeFileWatcher.access$100(Lnet/rubygrapefruit/platform/internal/jni/AbstractFileEventFunctions$NativeFileWatcher;Ljava/lang/Object;)V+2
j  net.rubygrapefruit.platform.internal.jni.AbstractFileEventFunctions$NativeFileWatcher$1.run()V+26
v  ~StubRoutines::call_stub

siginfo: EXCEPTION_ACCESS_VIOLATION (0xc0000005), reading address 0xffffffffffffffff


Register to memory mapping:

RIP=0x00007ffec624c4be native-platform-file-events.dll
RAX=0x2473636974736974 is an unknown value
RBX=0x0000000000000001 is an unknown value
RCX=0x2473636974736974 is an unknown value
RDX=0x0000001d887fe718 is pointing into the stack for thread: 0x000001673abe0000
RSP=0x0000001d887fe6c0 is pointing into the stack for thread: 0x000001673abe0000
RBP=0x0000001d887ff0b8 is pointing into the stack for thread: 0x000001673abe0000
RSI=0x0 is NULL
RDI=
[error occurred during error reporting (printing register info), id 0xc0000005, EXCEPTION_ACCESS_VIOLATION (0xc0000005) at pc=0x00007ffe77399dc7]

Registers:
RAX=0x2473636974736974, RBX=0x0000000000000001, RCX=0x2473636974736974, RDX=0x0000001d887fe718
RSP=0x0000001d887fe6c0, RBP=0x0000001d887ff0b8, RSI=0x0000000000000000, RDI=0x00000000ffffffff
R8 =0x0000001d887fe720, R9 =0x000000007ffea000, R10=0x00000000546c6148, R11=0x000012bbcd703694
R12=0x0000000000000000, R13=0x000001673f7afb20, R14=0x0000001d887ff0e0, R15=0x000001673abe0000
RIP=0x00007ffec624c4be, EFLAGS=0x0000000000010206

Top of Stack: (sp=0x0000001d887fe6c0)
0x0000001d887fe6c0:   0007c0b2f38902c4 0007c0b2f049e3f8
0x0000001d887fe6d0:   0007c0b2f38902c4 00007ffec6267be5
0x0000001d887fe6e0:   0000001d887fe798 0000001d887fe718
0x0000001d887fe6f0:   0000001d00000000 0000001d887fe728
0x0000001d887fe700:   0000001d887f0001 000013d8d45af859
0x0000001d887fe710:   0000001d887fe720 0000000000000036
0x0000001d887fe720:   0007c0b2f049e3f8 0007c0b2f38902c4
0x0000001d887fe730:   0000001d887ff0e0 00007ffec6267777
0x0000001d887fe740:   0000001d887fe798 0000001d887fe790
0x0000001d887fe750:   000001673b38c1a0 000001671dc30000
0x0000001d887fe760:   0000000000000000 00007ffec6258bee
0x0000001d887fe770:   0007c0b2f38902c4 0000000000000036
0x0000001d887fe780:   0000001d87efc2c0 00007ffee59cf05b
0x0000001d887fe790:   000064bdf3c31fee 0000000000000036
0x0000001d887fe7a0:   000000000070006f 00007ffec624c6ec
0x0000001d887fe7b0:   2473636974736974 0000001d00000003 

Instructions: (pc=0x00007ffec624c4be)
0x00007ffec624c3be:   8b 00 48 89 44 24 38 48 8b 44 24 38 48 89 44 24
0x00007ffec624c3ce:   58 48 8b 84 24 b0 00 00 00 48 83 c0 08 48 89 44
0x00007ffec624c3de:   24 40 48 8d 54 24 70 48 8b 4c 24 40 e8 26 50 fe
0x00007ffec624c3ee:   ff 48 8b 00 48 89 44 24 48 48 8b 44 24 48 48 89
0x00007ffec624c3fe:   44 24 60 4c 8b 4c 24 50 4c 8b 44 24 58 48 8b 54
0x00007ffec624c40e:   24 60 48 8d 4c 24 78 e8 31 92 fe ff 48 8d 4c 24
0x00007ffec624c41e:   78 e8 8b 6a fe ff 48 8b c8 ff 15 db ab 11 00 89
0x00007ffec624c42e:   44 24 24 83 7c 24 24 ff 74 15 8b 44 24 24 83 e0
0x00007ffec624c43e:   10 85 c0 74 0a c7 44 24 28 01 00 00 00 eb 08 c7
0x00007ffec624c44e:   44 24 28 00 00 00 00 0f b6 44 24 28 88 44 24 20
0x00007ffec624c45e:   48 8d 4c 24 78 e8 1f 97 fe ff 0f b6 44 24 20 48
0x00007ffec624c46e:   8b 8c 24 98 00 00 00 48 33 cc e8 8f 76 fe ff 48
0x00007ffec624c47e:   81 c4 a8 00 00 00 c3 cc cc cc cc cc cc cc cc cc
0x00007ffec624c48e:   cc cc 48 89 4c 24 08 48 81 ec e8 00 00 00 48 8b
0x00007ffec624c49e:   05 a5 7d 10 00 48 33 c4 48 89 84 24 d0 00 00 00
0x00007ffec624c4ae:   c7 44 24 30 00 00 00 00 48 8b 84 24 f0 00 00 00
0x00007ffec624c4be:   83 78 68 03 0f 84 02 01 00 00 48 8b 84 24 f0 00
0x00007ffec624c4ce:   00 00 48 8b 48 28 ff 15 36 ab 11 00 89 44 24 38
0x00007ffec624c4de:   83 7c 24 38 00 0f 85 d0 00 00 00 ba 07 00 00 00
0x00007ffec624c4ee:   48 8b 0d 1b b0 10 00 e8 48 a4 fe ff 88 44 24 34
0x00007ffec624c4fe:   0f b6 44 24 34 85 c0 0f 84 90 00 00 00 ff 15 07
0x00007ffec624c50e:   ab 11 00 89 44 24 3c 48 8b 84 24 f0 00 00 00 48
0x00007ffec624c51e:   83 c0 08 48 8b d0 48 8d 8c 24 90 00 00 00 e8 05
0x00007ffec624c52e:   51 fe ff 48 89 44 24 40 48 8b 44 24 40 48 89 44
0x00007ffec624c53e:   24 48 8b 44 24 30 83 c8 01 89 44 24 30 48 8b 4c
0x00007ffec624c54e:   24 48 e8 d5 52 fe ff 48 89 44 24 50 48 8b 84 24
0x00007ffec624c55e:   f0 00 00 00 48 8b 40 28 48 89 44 24 58 8b 44 24
0x00007ffec624c56e:   3c 89 44 24 28 48 8b 44 24 50 48 89 44 24 20 4c
0x00007ffec624c57e:   8b 4c 24 58 4c 8d 05 77 af 0d 00 ba 07 00 00 00
0x00007ffec624c58e:   48 8b 0d 7b af 10 00 e8 f8 71 fe ff 90 8b 44 24
0x00007ffec624c59e:   30 83 e0 01 85 c0 74 13 83 64 24 30 fe 48 8d 8c
0x00007ffec624c5ae:   24 90 00 00 00 e8 e7 5a fe ff 90 eb 00 48 8b 84 


Stack slot to memory mapping:
stack at sp + 0 slots: 0x0007c0b2f38902c4 is an unknown value
stack at sp + 1 slots: 0x0007c0b2f049e3f8 is an unknown value
stack at sp + 2 slots: 0x0007c0b2f38902c4 is an unknown value
stack at sp + 3 slots: 0x00007ffec6267be5 native-platform-file-events.dll
stack at sp + 4 slots: 0x0000001d887fe798 is pointing into the stack for thread: 0x000001673abe0000
stack at sp + 5 slots: 0x0000001d887fe718 is pointing into the stack for thread: 0x000001673abe0000
stack at sp + 6 slots: 0x0000001d00000000 is an unknown value
stack at sp + 7 slots: 0x0000001d887fe728 is pointing into the stack for thread: 0x000001673abe0000


---------------  P R O C E S S  ---------------

Threads class SMR info:
_java_thread_list=0x0000016745dba100, length=46, elements={
0x000001671dd5d000, 0x000001673a5c8000, 0x000001673a5c9800, 0x000001673a629800,
0x000001673a62a800, 0x000001673a62c800, 0x000001673a633000, 0x000001673a63f000,
0x000001673a642800, 0x000001673a7b0000, 0x000001673abe4000, 0x000001673c086800,
0x000001673dcf2800, 0x000001673cca2800, 0x000001673c8bb800, 0x000001673bae4000,
0x000001673c616800, 0x000001673c58c000, 0x000001673c58d000, 0x000001673ccf7800,
0x000001673abde800, 0x000001673abdf000, 0x000001673abe2800, 0x000001673abe3800,
0x000001673abe5000, 0x000001673abe0000, 0x000001673abe1000, 0x000001673abe1800,
0x000001673dfda800, 0x000001673dfdc800, 0x000001673dfd7800, 0x000001673dfdd000,
0x000001673dfde000, 0x000001673dfe1800, 0x000001673dfe2000, 0x000001673dfe3000,
0x000001673dfe3800, 0x000001673dfe5800, 0x000001673dfe4800, 0x000001673dfe0800,
0x0000016741779800, 0x0000016741776800, 0x000001674177a800, 0x0000016741777000,
0x000001674177b000, 0x000001674177e800
}

Java Threads: ( => current thread )
  0x000001671dd5d000 JavaThread "main" [_thread_blocked, id=10524, stack(0x0000001d86100000,0x0000001d86200000)]
  0x000001673a5c8000 JavaThread "Reference Handler" daemon [_thread_blocked, id=17636, stack(0x0000001d86800000,0x0000001d86900000)]
  0x000001673a5c9800 JavaThread "Finalizer" daemon [_thread_blocked, id=12772, stack(0x0000001d86900000,0x0000001d86a00000)]
  0x000001673a629800 JavaThread "Signal Dispatcher" daemon [_thread_blocked, id=11048, stack(0x0000001d86a00000,0x0000001d86b00000)]
  0x000001673a62a800 JavaThread "Attach Listener" daemon [_thread_blocked, id=1256, stack(0x0000001d86b00000,0x0000001d86c00000)]
  0x000001673a62c800 JavaThread "Service Thread" daemon [_thread_blocked, id=16400, stack(0x0000001d86c00000,0x0000001d86d00000)]
  0x000001673a633000 JavaThread "C2 CompilerThread0" daemon [_thread_blocked, id=10472, stack(0x0000001d86d00000,0x0000001d86e00000)]
  0x000001673a63f000 JavaThread "C1 CompilerThread0" daemon [_thread_blocked, id=17164, stack(0x0000001d86e00000,0x0000001d86f00000)]
  0x000001673a642800 JavaThread "Sweeper thread" daemon [_thread_blocked, id=4840, stack(0x0000001d86f00000,0x0000001d87000000)]
  0x000001673a7b0000 JavaThread "Common-Cleaner" daemon [_thread_blocked, id=7500, stack(0x0000001d87000000,0x0000001d87100000)]
  0x000001673abe4000 JavaThread "C2 CompilerThread1" daemon [_thread_in_native, id=19968, stack(0x0000001d87200000,0x0000001d87300000)]
  0x000001673c086800 JavaThread "Daemon health stats" [_thread_blocked, id=16904, stack(0x0000001d87800000,0x0000001d87900000)]
  0x000001673dcf2800 JavaThread "Incoming local TCP Connector on port 64001" [_thread_in_native, id=8748, stack(0x0000001d87900000,0x0000001d87a00000)]
  0x000001673cca2800 JavaThread "Daemon periodic checks" [_thread_blocked, id=19616, stack(0x0000001d87a00000,0x0000001d87b00000)]
  0x000001673c8bb800 JavaThread "Daemon" [_thread_blocked, id=8740, stack(0x0000001d87b00000,0x0000001d87c00000)]
  0x000001673bae4000 JavaThread "Handler for socket connection from /127.0.0.1:64001 to /127.0.0.1:64002" [_thread_in_native, id=19256, stack(0x0000001d87c00000,0x0000001d87d00000)]
  0x000001673c616800 JavaThread "Cancel handler" [_thread_blocked, id=14952, stack(0x0000001d87d00000,0x0000001d87e00000)]
  0x000001673c58c000 JavaThread "Daemon worker" [_thread_in_native, id=18664, stack(0x0000001d87e00000,0x0000001d87f00000)]
  0x000001673c58d000 JavaThread "Asynchronous log dispatcher for DefaultDaemonConnection: socket connection from /127.0.0.1:64001 to /127.0.0.1:64002" [_thread_blocked, id=7116, stack(0x0000001d87f00000,0x0000001d88000000)]
  0x000001673ccf7800 JavaThread "Stdin handler" [_thread_blocked, id=18244, stack(0x0000001d88000000,0x0000001d88100000)]
  0x000001673abde800 JavaThread "Daemon client event forwarder" [_thread_blocked, id=16240, stack(0x0000001d88100000,0x0000001d88200000)]
  0x000001673abdf000 JavaThread "Cache worker for file hash cache (C:\Users\80010-02-05\.gradle\caches\7.0.2\fileHashes)" [_thread_blocked, id=1832, stack(0x0000001d88200000,0x0000001d88300000)]
  0x000001673abe2800 JavaThread "File lock request listener" [_thread_in_native, id=16164, stack(0x0000001d88300000,0x0000001d88400000)]
  0x000001673abe3800 JavaThread "Cache worker for journal cache (C:\Users\80010-02-05\.gradle\caches\journal-1)" [_thread_blocked, id=18084, stack(0x0000001d88500000,0x0000001d88600000)]
  0x000001673abe5000 JavaThread "Cache worker for file hash cache (U:\80010-02-05\CDA\Android\DroidCafe\.gradle\7.0.2\fileHashes)" [_thread_blocked, id=14296, stack(0x0000001d88600000,0x0000001d88700000)]
=>0x000001673abe0000 JavaThread "File watcher server" daemon [_thread_in_native, id=11924, stack(0x0000001d88700000,0x0000001d88800000)]
  0x000001673abe1000 JavaThread "File watcher consumer" daemon [_thread_blocked, id=14068, stack(0x0000001d88800000,0x0000001d88900000)]
  0x000001673abe1800 JavaThread "Cache worker for checksums cache (U:\80010-02-05\CDA\Android\DroidCafe\.gradle\checksums)" [_thread_blocked, id=19020, stack(0x0000001d88900000,0x0000001d88a00000)]
  0x000001673dfda800 JavaThread "Cache worker for cache directory md-rule (C:\Users\80010-02-05\.gradle\caches\7.0.2\md-rule)" [_thread_blocked, id=1640, stack(0x0000001d88b00000,0x0000001d88c00000)]
  0x000001673dfdc800 JavaThread "Cache worker for execution history cache (C:\Users\80010-02-05\.gradle\caches\7.0.2\executionHistory)" [_thread_blocked, id=10336, stack(0x0000001d88c00000,0x0000001d88d00000)]
  0x000001673dfd7800 JavaThread "jar transforms" [_thread_blocked, id=13692, stack(0x0000001d88d00000,0x0000001d88e00000)]
  0x000001673dfdd000 JavaThread "jar transforms Thread 2" [_thread_blocked, id=20088, stack(0x0000001d88e00000,0x0000001d88f00000)]
  0x000001673dfde000 JavaThread "Cache worker for file content cache (C:\Users\80010-02-05\.gradle\caches\7.0.2\fileContent)" [_thread_blocked, id=16640, stack(0x0000001d88f00000,0x0000001d89000000)]
  0x000001673dfe1800 JavaThread "Cache worker for dependencies-accessors (U:\80010-02-05\CDA\Android\DroidCafe\.gradle\7.0.2\dependencies-accessors)" [_thread_blocked, id=16104, stack(0x0000001d89000000,0x0000001d89100000)]
  0x000001673dfe2000 JavaThread "jar transforms Thread 3" [_thread_blocked, id=15828, stack(0x0000001d89100000,0x0000001d89200000)]
  0x000001673dfe3000 JavaThread "Build operations" [_thread_blocked, id=1264, stack(0x0000001d89300000,0x0000001d89400000)]
  0x000001673dfe3800 JavaThread "Build operations Thread 2" [_thread_blocked, id=8068, stack(0x0000001d89400000,0x0000001d89500000)]
  0x000001673dfe5800 JavaThread "Build operations Thread 3" [_thread_blocked, id=20116, stack(0x0000001d89500000,0x0000001d89600000)]
  0x000001673dfe4800 JavaThread "Build operations Thread 4" [_thread_blocked, id=11716, stack(0x0000001d89600000,0x0000001d89700000)]
  0x000001673dfe0800 JavaThread "Build operations Thread 5" [_thread_blocked, id=17316, stack(0x0000001d89700000,0x0000001d89800000)]
  0x0000016741779800 JavaThread "Build operations Thread 6" [_thread_blocked, id=18756, stack(0x0000001d89800000,0x0000001d89900000)]
  0x0000016741776800 JavaThread "jar transforms Thread 4" [_thread_blocked, id=19480, stack(0x0000001d89900000,0x0000001d89a00000)]
  0x000001674177a800 JavaThread "jar transforms Thread 5" [_thread_blocked, id=13396, stack(0x0000001d89a00000,0x0000001d89b00000)]
  0x0000016741777000 JavaThread "jar transforms Thread 6" [_thread_blocked, id=14924, stack(0x0000001d89b00000,0x0000001d89c00000)]
  0x000001674177b000 JavaThread "Memory manager" [_thread_blocked, id=15840, stack(0x0000001d89c00000,0x0000001d89d00000)]
  0x000001674177e800 JavaThread "pool-3-thread-1" [_thread_blocked, id=4308, stack(0x0000001d89e00000,0x0000001d89f00000)]

Other Threads:
  0x000001673a5c4800 VMThread "VM Thread" [stack: 0x0000001d86700000,0x0000001d86800000] [id=18912]
  0x000001673a7dd000 WatcherThread [stack: 0x0000001d87100000,0x0000001d87200000] [id=13840]
  0x000001671dd74800 GCTaskThread "GC Thread#0" [stack: 0x0000001d86200000,0x0000001d86300000] [id=8208]
  0x000001673b021000 GCTaskThread "GC Thread#1" [stack: 0x0000001d87300000,0x0000001d87400000] [id=20440]
  0x000001673b1a8000 GCTaskThread "GC Thread#2" [stack: 0x0000001d87400000,0x0000001d87500000] [id=10680]
  0x000001673b8c8800 GCTaskThread "GC Thread#3" [stack: 0x0000001d87500000,0x0000001d87600000] [id=18340]
  0x000001673b8c9000 GCTaskThread "GC Thread#4" [stack: 0x0000001d87600000,0x0000001d87700000] [id=5416]
  0x000001673b779800 GCTaskThread "GC Thread#5" [stack: 0x0000001d87700000,0x0000001d87800000] [id=15636]
  0x000001671dda7800 ConcurrentGCThread "G1 Main Marker" [stack: 0x0000001d86300000,0x0000001d86400000] [id=8500]
  0x000001671dda9000 ConcurrentGCThread "G1 Conc#0" [stack: 0x0000001d86400000,0x0000001d86500000] [id=7616]
  0x000001673c91c000 ConcurrentGCThread "G1 Conc#1" [stack: 0x0000001d88400000,0x0000001d88500000] [id=19860]
  0x0000016739c12800 ConcurrentGCThread "G1 Refine#0" [stack: 0x0000001d86500000,0x0000001d86600000] [id=5400]
  0x0000016739c13800 ConcurrentGCThread "G1 Young RemSet Sampling" [stack: 0x0000001d86600000,0x0000001d86700000] [id=19464]

Threads with active compile tasks:
C2 CompilerThread1   8444 9855       4       java.lang.ClassLoader::preDefineClass (116 bytes)

VM state:not at safepoint (normal execution)

VM Mutex/Monitor currently owned by a thread: None

Heap address: 0x0000000080000000, size: 2048 MB, Compressed Oops mode: 32-bit
Narrow klass base: 0x0000000000000000, Narrow klass shift: 3
Compressed class space size: 1073741824 Address: 0x0000000100000000

Heap:
 garbage-first heap   total 260096K, used 99666K [0x0000000080000000, 0x0000000100000000)
  region size 1024K, 36 young (36864K), 8 survivors (8192K)
 Metaspace       used 86464K, capacity 88727K, committed 89036K, reserved 1126400K
  class space    used 11002K, capacity 11841K, committed 11980K, reserved 1048576K
Heap Regions: E=young(eden), S=young(survivor), O=old, HS=humongous(starts), HC=humongous(continues), CS=collection set, F=free, A=archive, TAMS=top-at-mark-start (previous, next)
|   0|0x0000000080000000, 0x0000000080100000, 0x0000000080100000|100%| O|  |TAMS 0x0000000080100000, 0x0000000080000000| Untracked 
|   1|0x0000000080100000, 0x0000000080200000, 0x0000000080200000|100%| O|  |TAMS 0x0000000080200000, 0x0000000080100000| Untracked 
|   2|0x0000000080200000, 0x0000000080300000, 0x0000000080300000|100%| O|  |TAMS 0x0000000080300000, 0x0000000080200000| Untracked 
|   3|0x0000000080300000, 0x0000000080400000, 0x0000000080400000|100%|HS|  |TAMS 0x0000000080400000, 0x0000000080300000| Complete 
|   4|0x0000000080400000, 0x0000000080500000, 0x0000000080500000|100%|HC|  |TAMS 0x0000000080500000, 0x0000000080400000| Complete 
|   5|0x0000000080500000, 0x0000000080600000, 0x0000000080600000|100%|HC|  |TAMS 0x0000000080600000, 0x0000000080500000| Complete 
|   6|0x0000000080600000, 0x0000000080700000, 0x0000000080700000|100%| O|  |TAMS 0x0000000080700000, 0x0000000080600000| Untracked 
|   7|0x0000000080700000, 0x0000000080800000, 0x0000000080800000|100%| O|  |TAMS 0x0000000080800000, 0x0000000080700000| Untracked 
|   8|0x0000000080800000, 0x0000000080900000, 0x0000000080900000|100%| O|  |TAMS 0x0000000080900000, 0x0000000080800000| Untracked 
|   9|0x0000000080900000, 0x0000000080a00000, 0x0000000080a00000|100%| O|  |TAMS 0x0000000080a00000, 0x0000000080900000| Untracked 
|  10|0x0000000080a00000, 0x0000000080b00000, 0x0000000080b00000|100%| O|  |TAMS 0x0000000080b00000, 0x0000000080a00000| Untracked 
|  11|0x0000000080b00000, 0x0000000080c00000, 0x0000000080c00000|100%| O|  |TAMS 0x0000000080c00000, 0x0000000080b00000| Untracked 
|  12|0x0000000080c00000, 0x0000000080d00000, 0x0000000080d00000|100%| O|  |TAMS 0x0000000080d00000, 0x0000000080c00000| Untracked 
|  13|0x0000000080d00000, 0x0000000080e00000, 0x0000000080e00000|100%| O|  |TAMS 0x0000000080e00000, 0x0000000080d00000| Untracked 
|  14|0x0000000080e00000, 0x0000000080f00000, 0x0000000080f00000|100%| O|  |TAMS 0x0000000080f00000, 0x0000000080e00000| Untracked 
|  15|0x0000000080f00000, 0x0000000081000000, 0x0000000081000000|100%| O|  |TAMS 0x0000000081000000, 0x0000000080f00000| Untracked 
|  16|0x0000000081000000, 0x0000000081100000, 0x0000000081100000|100%|HS|  |TAMS 0x0000000081100000, 0x0000000081000000| Complete 
|  17|0x0000000081100000, 0x0000000081200000, 0x0000000081200000|100%|HS|  |TAMS 0x0000000081200000, 0x0000000081100000| Complete 
|  18|0x0000000081200000, 0x0000000081300000, 0x0000000081300000|100%|HS|  |TAMS 0x0000000081300000, 0x0000000081200000| Complete 
|  19|0x0000000081300000, 0x0000000081400000, 0x0000000081400000|100%|HC|  |TAMS 0x0000000081400000, 0x0000000081300000| Complete 
|  20|0x0000000081400000, 0x0000000081500000, 0x0000000081500000|100%| O|  |TAMS 0x0000000081500000, 0x0000000081400000| Untracked 
|  21|0x0000000081500000, 0x0000000081600000, 0x0000000081600000|100%| O|  |TAMS 0x0000000081600000, 0x0000000081500000| Untracked 
|  22|0x0000000081600000, 0x0000000081700000, 0x0000000081700000|100%| O|  |TAMS 0x0000000081700000, 0x0000000081600000| Untracked 
|  23|0x0000000081700000, 0x0000000081800000, 0x0000000081800000|100%| O|  |TAMS 0x0000000081800000, 0x0000000081700000| Untracked 
|  24|0x0000000081800000, 0x0000000081900000, 0x0000000081900000|100%| O|  |TAMS 0x00000000818cf400, 0x0000000081800000| Untracked 
|  25|0x0000000081900000, 0x0000000081a00000, 0x0000000081a00000|100%| O|  |TAMS 0x0000000081900000, 0x0000000081900000| Untracked 
|  26|0x0000000081a00000, 0x0000000081b00000, 0x0000000081b00000|100%| O|  |TAMS 0x0000000081a00000, 0x0000000081a00000| Untracked 
|  27|0x0000000081b00000, 0x0000000081c00000, 0x0000000081c00000|100%| O|  |TAMS 0x0000000081b00000, 0x0000000081b00000| Untracked 
|  28|0x0000000081c00000, 0x0000000081d00000, 0x0000000081d00000|100%| O|  |TAMS 0x0000000081c00000, 0x0000000081c00000| Untracked 
|  29|0x0000000081d00000, 0x0000000081e00000, 0x0000000081e00000|100%| O|  |TAMS 0x0000000081d00000, 0x0000000081d00000| Untracked 
|  30|0x0000000081e00000, 0x0000000081f00000, 0x0000000081f00000|100%| O|  |TAMS 0x0000000081e00000, 0x0000000081e00000| Untracked 
|  31|0x0000000081f00000, 0x0000000082000000, 0x0000000082000000|100%| O|  |TAMS 0x0000000081f00000, 0x0000000081f00000| Untracked 
|  32|0x0000000082000000, 0x0000000082100000, 0x0000000082100000|100%| O|  |TAMS 0x0000000082000000, 0x0000000082000000| Untracked 
|  33|0x0000000082100000, 0x0000000082200000, 0x0000000082200000|100%| O|  |TAMS 0x0000000082100000, 0x0000000082100000| Untracked 
|  34|0x0000000082200000, 0x0000000082300000, 0x0000000082300000|100%| O|  |TAMS 0x0000000082200000, 0x0000000082200000| Untracked 
|  35|0x0000000082300000, 0x0000000082400000, 0x0000000082400000|100%| O|  |TAMS 0x0000000082300000, 0x0000000082300000| Untracked 
|  36|0x0000000082400000, 0x0000000082500000, 0x0000000082500000|100%| O|  |TAMS 0x0000000082400000, 0x0000000082400000| Untracked 
|  37|0x0000000082500000, 0x0000000082600000, 0x0000000082600000|100%| O|  |TAMS 0x0000000082500000, 0x0000000082500000| Untracked 
|  38|0x0000000082600000, 0x0000000082700000, 0x0000000082700000|100%| O|  |TAMS 0x0000000082600000, 0x0000000082600000| Untracked 
|  39|0x0000000082700000, 0x0000000082800000, 0x0000000082800000|100%| O|  |TAMS 0x0000000082700000, 0x0000000082700000| Untracked 
|  40|0x0000000082800000, 0x0000000082900000, 0x0000000082900000|100%| O|  |TAMS 0x0000000082800000, 0x0000000082800000| Untracked 
|  41|0x0000000082900000, 0x0000000082a00000, 0x0000000082a00000|100%| O|  |TAMS 0x0000000082900000, 0x0000000082900000| Untracked 
|  42|0x0000000082a00000, 0x0000000082b00000, 0x0000000082b00000|100%| O|  |TAMS 0x0000000082a00000, 0x0000000082a00000| Untracked 
|  43|0x0000000082b00000, 0x0000000082c00000, 0x0000000082c00000|100%| O|  |TAMS 0x0000000082b00000, 0x0000000082b00000| Untracked 
|  44|0x0000000082c00000, 0x0000000082d00000, 0x0000000082d00000|100%| O|  |TAMS 0x0000000082c00000, 0x0000000082c00000| Untracked 
|  45|0x0000000082d00000, 0x0000000082e00000, 0x0000000082e00000|100%| O|  |TAMS 0x0000000082d00000, 0x0000000082d00000| Untracked 
|  46|0x0000000082e00000, 0x0000000082f00000, 0x0000000082f00000|100%| O|  |TAMS 0x0000000082e00000, 0x0000000082e00000| Untracked 
|  47|0x0000000082f00000, 0x0000000083000000, 0x0000000083000000|100%| O|  |TAMS 0x0000000082f00000, 0x0000000082f00000| Untracked 
|  48|0x0000000083000000, 0x0000000083100000, 0x0000000083100000|100%| O|  |TAMS 0x0000000083000000, 0x0000000083000000| Untracked 
|  49|0x0000000083100000, 0x0000000083200000, 0x0000000083200000|100%| O|  |TAMS 0x0000000083100000, 0x0000000083100000| Untracked 
|  50|0x0000000083200000, 0x0000000083300000, 0x0000000083300000|100%| O|  |TAMS 0x0000000083200000, 0x0000000083200000| Untracked 
|  51|0x0000000083300000, 0x0000000083400000, 0x0000000083400000|100%| O|  |TAMS 0x0000000083300000, 0x0000000083300000| Untracked 
|  52|0x0000000083400000, 0x0000000083500000, 0x0000000083500000|100%| O|  |TAMS 0x0000000083400000, 0x0000000083400000| Untracked 
|  53|0x0000000083500000, 0x0000000083600000, 0x0000000083600000|100%| O|  |TAMS 0x0000000083500000, 0x0000000083500000| Untracked 
|  54|0x0000000083600000, 0x0000000083700000, 0x0000000083700000|100%| O|  |TAMS 0x0000000083600000, 0x0000000083600000| Untracked 
|  55|0x0000000083700000, 0x0000000083800000, 0x0000000083800000|100%| O|  |TAMS 0x0000000083700000, 0x0000000083700000| Untracked 
|  56|0x0000000083800000, 0x0000000083900000, 0x0000000083900000|100%| O|  |TAMS 0x0000000083800000, 0x0000000083800000| Untracked 
|  57|0x0000000083900000, 0x0000000083a00000, 0x0000000083a00000|100%| O|  |TAMS 0x0000000083900000, 0x0000000083900000| Untracked 
|  58|0x0000000083a00000, 0x0000000083b00000, 0x0000000083b00000|100%| O|  |TAMS 0x0000000083a00000, 0x0000000083a00000| Untracked 
|  59|0x0000000083b00000, 0x0000000083c00000, 0x0000000083c00000|100%| O|  |TAMS 0x0000000083b00000, 0x0000000083b00000| Untracked 
|  60|0x0000000083c00000, 0x0000000083d00000, 0x0000000083d00000|100%| O|  |TAMS 0x0000000083c00000, 0x0000000083c00000| Untracked 
|  61|0x0000000083d00000, 0x0000000083e00000, 0x0000000083e00000|100%| O|  |TAMS 0x0000000083d00000, 0x0000000083d00000| Untracked 
|  62|0x0000000083e00000, 0x0000000083f00000, 0x0000000083f00000|100%| O|  |TAMS 0x0000000083e00000, 0x0000000083e00000| Untracked 
|  63|0x0000000083f00000, 0x0000000083f00000, 0x0000000084000000|  0%| F|  |TAMS 0x0000000083f00000, 0x0000000083f00000| Untracked 
|  64|0x0000000084000000, 0x0000000084000000, 0x0000000084100000|  0%| F|  |TAMS 0x0000000084000000, 0x0000000084000000| Untracked 
|  65|0x0000000084100000, 0x0000000084100000, 0x0000000084200000|  0%| F|  |TAMS 0x0000000084100000, 0x0000000084100000| Untracked 
|  66|0x0000000084200000, 0x0000000084200000, 0x0000000084300000|  0%| F|  |TAMS 0x0000000084200000, 0x0000000084200000| Untracked 
|  67|0x0000000084300000, 0x0000000084300000, 0x0000000084400000|  0%| F|  |TAMS 0x0000000084300000, 0x0000000084300000| Untracked 
|  68|0x0000000084400000, 0x0000000084400000, 0x0000000084500000|  0%| F|  |TAMS 0x0000000084400000, 0x0000000084400000| Untracked 
|  69|0x0000000084500000, 0x0000000084500000, 0x0000000084600000|  0%| F|  |TAMS 0x0000000084500000, 0x0000000084500000| Untracked 
|  70|0x0000000084600000, 0x0000000084600000, 0x0000000084700000|  0%| F|  |TAMS 0x0000000084600000, 0x0000000084600000| Untracked 
|  71|0x0000000084700000, 0x0000000084700000, 0x0000000084800000|  0%| F|  |TAMS 0x0000000084700000, 0x0000000084700000| Untracked 
|  72|0x0000000084800000, 0x0000000084800000, 0x0000000084900000|  0%| F|  |TAMS 0x0000000084800000, 0x0000000084800000| Untracked 
|  73|0x0000000084900000, 0x0000000084900000, 0x0000000084a00000|  0%| F|  |TAMS 0x0000000084900000, 0x0000000084900000| Untracked 
|  74|0x0000000084a00000, 0x0000000084a00000, 0x0000000084b00000|  0%| F|  |TAMS 0x0000000084a00000, 0x0000000084a00000| Untracked 
|  75|0x0000000084b00000, 0x0000000084b00000, 0x0000000084c00000|  0%| F|  |TAMS 0x0000000084b00000, 0x0000000084b00000| Untracked 
|  76|0x0000000084c00000, 0x0000000084c00000, 0x0000000084d00000|  0%| F|  |TAMS 0x0000000084c00000, 0x0000000084c00000| Untracked 
|  77|0x0000000084d00000, 0x0000000084d00000, 0x0000000084e00000|  0%| F|  |TAMS 0x0000000084d00000, 0x0000000084d00000| Untracked 
|  78|0x0000000084e00000, 0x0000000084e00000, 0x0000000084f00000|  0%| F|  |TAMS 0x0000000084e00000, 0x0000000084e00000| Untracked 
|  79|0x0000000084f00000, 0x0000000084f00000, 0x0000000085000000|  0%| F|  |TAMS 0x0000000084f00000, 0x0000000084f00000| Untracked 
|  80|0x0000000085000000, 0x0000000085000000, 0x0000000085100000|  0%| F|  |TAMS 0x0000000085000000, 0x0000000085000000| Untracked 
|  81|0x0000000085100000, 0x0000000085100000, 0x0000000085200000|  0%| F|  |TAMS 0x0000000085100000, 0x0000000085100000| Untracked 
|  82|0x0000000085200000, 0x0000000085200000, 0x0000000085300000|  0%| F|  |TAMS 0x0000000085200000, 0x0000000085200000| Untracked 
|  83|0x0000000085300000, 0x0000000085300000, 0x0000000085400000|  0%| F|  |TAMS 0x0000000085300000, 0x0000000085300000| Untracked 
|  84|0x0000000085400000, 0x0000000085400000, 0x0000000085500000|  0%| F|  |TAMS 0x0000000085400000, 0x0000000085400000| Untracked 
|  85|0x0000000085500000, 0x0000000085500000, 0x0000000085600000|  0%| F|  |TAMS 0x0000000085500000, 0x0000000085500000| Untracked 
|  86|0x0000000085600000, 0x0000000085600000, 0x0000000085700000|  0%| F|  |TAMS 0x0000000085600000, 0x0000000085600000| Untracked 
|  87|0x0000000085700000, 0x0000000085700000, 0x0000000085800000|  0%| F|  |TAMS 0x0000000085700000, 0x0000000085700000| Untracked 
|  88|0x0000000085800000, 0x0000000085800000, 0x0000000085900000|  0%| F|  |TAMS 0x0000000085800000, 0x0000000085800000| Untracked 
|  89|0x0000000085900000, 0x0000000085900000, 0x0000000085a00000|  0%| F|  |TAMS 0x0000000085900000, 0x0000000085900000| Untracked 
|  90|0x0000000085a00000, 0x0000000085a00000, 0x0000000085b00000|  0%| F|  |TAMS 0x0000000085a00000, 0x0000000085a00000| Untracked 
|  91|0x0000000085b00000, 0x0000000085b00000, 0x0000000085c00000|  0%| F|  |TAMS 0x0000000085b00000, 0x0000000085b00000| Untracked 
|  92|0x0000000085c00000, 0x0000000085c00000, 0x0000000085d00000|  0%| F|  |TAMS 0x0000000085c00000, 0x0000000085c00000| Untracked 
|  93|0x0000000085d00000, 0x0000000085d00000, 0x0000000085e00000|  0%| F|  |TAMS 0x0000000085d00000, 0x0000000085d00000| Untracked 
|  94|0x0000000085e00000, 0x0000000085e00000, 0x0000000085f00000|  0%| F|  |TAMS 0x0000000085e00000, 0x0000000085e00000| Untracked 
|  95|0x0000000085f00000, 0x0000000085f00000, 0x0000000086000000|  0%| F|  |TAMS 0x0000000085f00000, 0x0000000085f00000| Untracked 
|  96|0x0000000086000000, 0x0000000086000000, 0x0000000086100000|  0%| F|  |TAMS 0x0000000086000000, 0x0000000086000000| Untracked 
|  97|0x0000000086100000, 0x0000000086100000, 0x0000000086200000|  0%| F|  |TAMS 0x0000000086100000, 0x0000000086100000| Untracked 
|  98|0x0000000086200000, 0x0000000086200000, 0x0000000086300000|  0%| F|  |TAMS 0x0000000086200000, 0x0000000086200000| Untracked 
|  99|0x0000000086300000, 0x0000000086300000, 0x0000000086400000|  0%| F|  |TAMS 0x0000000086300000, 0x0000000086300000| Untracked 
| 100|0x0000000086400000, 0x0000000086400000, 0x0000000086500000|  0%| F|  |TAMS 0x0000000086400000, 0x0000000086400000| Untracked 
| 101|0x0000000086500000, 0x0000000086500000, 0x0000000086600000|  0%| F|  |TAMS 0x0000000086500000, 0x0000000086500000| Untracked 
| 102|0x0000000086600000, 0x0000000086600000, 0x0000000086700000|  0%| F|  |TAMS 0x0000000086600000, 0x0000000086600000| Untracked 
| 103|0x0000000086700000, 0x0000000086700000, 0x0000000086800000|  0%| F|  |TAMS 0x0000000086700000, 0x0000000086700000| Untracked 
| 104|0x0000000086800000, 0x0000000086800000, 0x0000000086900000|  0%| F|  |TAMS 0x0000000086800000, 0x0000000086800000| Untracked 
| 105|0x0000000086900000, 0x0000000086900000, 0x0000000086a00000|  0%| F|  |TAMS 0x0000000086900000, 0x0000000086900000| Untracked 
| 106|0x0000000086a00000, 0x0000000086a00000, 0x0000000086b00000|  0%| F|  |TAMS 0x0000000086a00000, 0x0000000086a00000| Untracked 
| 107|0x0000000086b00000, 0x0000000086b00000, 0x0000000086c00000|  0%| F|  |TAMS 0x0000000086b00000, 0x0000000086b00000| Untracked 
| 108|0x0000000086c00000, 0x0000000086c00000, 0x0000000086d00000|  0%| F|  |TAMS 0x0000000086c00000, 0x0000000086c00000| Untracked 
| 109|0x0000000086d00000, 0x0000000086d00000, 0x0000000086e00000|  0%| F|  |TAMS 0x0000000086d00000, 0x0000000086d00000| Untracked 
| 110|0x0000000086e00000, 0x0000000086e00000, 0x0000000086f00000|  0%| F|  |TAMS 0x0000000086e00000, 0x0000000086e00000| Untracked 
| 111|0x0000000086f00000, 0x0000000086f00000, 0x0000000087000000|  0%| F|  |TAMS 0x0000000086f00000, 0x0000000086f00000| Untracked 
| 112|0x0000000087000000, 0x0000000087000000, 0x0000000087100000|  0%| F|  |TAMS 0x0000000087000000, 0x0000000087000000| Untracked 
| 113|0x0000000087100000, 0x0000000087100000, 0x0000000087200000|  0%| F|  |TAMS 0x0000000087100000, 0x0000000087100000| Untracked 
| 114|0x0000000087200000, 0x0000000087200000, 0x0000000087300000|  0%| F|  |TAMS 0x0000000087200000, 0x0000000087200000| Untracked 
| 115|0x0000000087300000, 0x0000000087300000, 0x0000000087400000|  0%| F|  |TAMS 0x0000000087300000, 0x0000000087300000| Untracked 
| 116|0x0000000087400000, 0x0000000087400000, 0x0000000087500000|  0%| F|  |TAMS 0x0000000087400000, 0x0000000087400000| Untracked 
| 117|0x0000000087500000, 0x0000000087500000, 0x0000000087600000|  0%| F|  |TAMS 0x0000000087500000, 0x0000000087500000| Untracked 
| 118|0x0000000087600000, 0x0000000087600000, 0x0000000087700000|  0%| F|  |TAMS 0x0000000087600000, 0x0000000087600000| Untracked 
| 119|0x0000000087700000, 0x0000000087700000, 0x0000000087800000|  0%| F|  |TAMS 0x0000000087700000, 0x0000000087700000| Untracked 
| 120|0x0000000087800000, 0x00000000878549d8, 0x0000000087900000| 33%| S|CS|TAMS 0x0000000087800000, 0x0000000087800000| Complete 
| 121|0x0000000087900000, 0x0000000087a00000, 0x0000000087a00000|100%| S|CS|TAMS 0x0000000087900000, 0x0000000087900000| Complete 
| 122|0x0000000087a00000, 0x0000000087b00000, 0x0000000087b00000|100%| S|CS|TAMS 0x0000000087a00000, 0x0000000087a00000| Complete 
| 123|0x0000000087b00000, 0x0000000087c00000, 0x0000000087c00000|100%| S|CS|TAMS 0x0000000087b00000, 0x0000000087b00000| Complete 
| 124|0x0000000087c00000, 0x0000000087c00000, 0x0000000087d00000|  0%| F|  |TAMS 0x0000000087c00000, 0x0000000087c00000| Untracked 
| 125|0x0000000087d00000, 0x0000000087d00000, 0x0000000087e00000|  0%| F|  |TAMS 0x0000000087d00000, 0x0000000087d00000| Untracked 
| 126|0x0000000087e00000, 0x0000000087e00000, 0x0000000087f00000|  0%| F|  |TAMS 0x0000000087e00000, 0x0000000087e00000| Untracked 
| 127|0x0000000087f00000, 0x0000000087f00000, 0x0000000088000000|  0%| F|  |TAMS 0x0000000087f00000, 0x0000000087f00000| Untracked 
| 128|0x0000000088000000, 0x0000000088100000, 0x0000000088100000|100%| S|CS|TAMS 0x0000000088000000, 0x0000000088000000| Complete 
| 129|0x0000000088100000, 0x0000000088200000, 0x0000000088200000|100%| S|CS|TAMS 0x0000000088100000, 0x0000000088100000| Complete 
| 130|0x0000000088200000, 0x0000000088300000, 0x0000000088300000|100%| S|CS|TAMS 0x0000000088200000, 0x0000000088200000| Complete 
| 131|0x0000000088300000, 0x0000000088400000, 0x0000000088400000|100%| S|CS|TAMS 0x0000000088300000, 0x0000000088300000| Complete 
| 132|0x0000000088400000, 0x0000000088400000, 0x0000000088500000|  0%| F|  |TAMS 0x0000000088400000, 0x0000000088400000| Untracked 
| 133|0x0000000088500000, 0x0000000088500000, 0x0000000088600000|  0%| F|  |TAMS 0x0000000088500000, 0x0000000088500000| Untracked 
| 134|0x0000000088600000, 0x0000000088600000, 0x0000000088700000|  0%| F|  |TAMS 0x0000000088600000, 0x0000000088600000| Untracked 
| 135|0x0000000088700000, 0x0000000088700000, 0x0000000088800000|  0%| F|  |TAMS 0x0000000088700000, 0x0000000088700000| Untracked 
| 136|0x0000000088800000, 0x0000000088800000, 0x0000000088900000|  0%| F|  |TAMS 0x0000000088800000, 0x0000000088800000| Untracked 
| 137|0x0000000088900000, 0x0000000088900000, 0x0000000088a00000|  0%| F|  |TAMS 0x0000000088900000, 0x0000000088900000| Untracked 
| 138|0x0000000088a00000, 0x0000000088a00000, 0x0000000088b00000|  0%| F|  |TAMS 0x0000000088a00000, 0x0000000088a00000| Untracked 
| 139|0x0000000088b00000, 0x0000000088b00000, 0x0000000088c00000|  0%| F|  |TAMS 0x0000000088b00000, 0x0000000088b00000| Untracked 
| 140|0x0000000088c00000, 0x0000000088c00000, 0x0000000088d00000|  0%| F|  |TAMS 0x0000000088c00000, 0x0000000088c00000| Untracked 
| 141|0x0000000088d00000, 0x0000000088d00000, 0x0000000088e00000|  0%| F|  |TAMS 0x0000000088d00000, 0x0000000088d00000| Untracked 
| 142|0x0000000088e00000, 0x0000000088e00000, 0x0000000088f00000|  0%| F|  |TAMS 0x0000000088e00000, 0x0000000088e00000| Untracked 
| 143|0x0000000088f00000, 0x0000000088f00000, 0x0000000089000000|  0%| F|  |TAMS 0x0000000088f00000, 0x0000000088f00000| Untracked 
| 144|0x0000000089000000, 0x0000000089000000, 0x0000000089100000|  0%| F|  |TAMS 0x0000000089000000, 0x0000000089000000| Untracked 
| 145|0x0000000089100000, 0x0000000089100000, 0x0000000089200000|  0%| F|  |TAMS 0x0000000089100000, 0x0000000089100000| Untracked 
| 146|0x0000000089200000, 0x0000000089200000, 0x0000000089300000|  0%| F|  |TAMS 0x0000000089200000, 0x0000000089200000| Untracked 
| 147|0x0000000089300000, 0x0000000089300000, 0x0000000089400000|  0%| F|  |TAMS 0x0000000089300000, 0x0000000089300000| Untracked 
| 148|0x0000000089400000, 0x0000000089400000, 0x0000000089500000|  0%| F|  |TAMS 0x0000000089400000, 0x0000000089400000| Untracked 
| 149|0x0000000089500000, 0x0000000089500000, 0x0000000089600000|  0%| F|  |TAMS 0x0000000089500000, 0x0000000089500000| Untracked 
| 150|0x0000000089600000, 0x0000000089600000, 0x0000000089700000|  0%| F|  |TAMS 0x0000000089600000, 0x0000000089600000| Untracked 
| 151|0x0000000089700000, 0x0000000089700000, 0x0000000089800000|  0%| F|  |TAMS 0x0000000089700000, 0x0000000089700000| Untracked 
| 152|0x0000000089800000, 0x0000000089800000, 0x0000000089900000|  0%| F|  |TAMS 0x0000000089800000, 0x0000000089800000| Untracked 
| 153|0x0000000089900000, 0x0000000089900000, 0x0000000089a00000|  0%| F|  |TAMS 0x0000000089900000, 0x0000000089900000| Untracked 
| 154|0x0000000089a00000, 0x0000000089a00000, 0x0000000089b00000|  0%| F|  |TAMS 0x0000000089a00000, 0x0000000089a00000| Untracked 
| 155|0x0000000089b00000, 0x0000000089b00000, 0x0000000089c00000|  0%| F|  |TAMS 0x0000000089b00000, 0x0000000089b00000| Untracked 
| 156|0x0000000089c00000, 0x0000000089c00000, 0x0000000089d00000|  0%| F|  |TAMS 0x0000000089c00000, 0x0000000089c00000| Untracked 
| 157|0x0000000089d00000, 0x0000000089d00000, 0x0000000089e00000|  0%| F|  |TAMS 0x0000000089d00000, 0x0000000089d00000| Untracked 
| 158|0x0000000089e00000, 0x0000000089e00000, 0x0000000089f00000|  0%| F|  |TAMS 0x0000000089e00000, 0x0000000089e00000| Untracked 
| 159|0x0000000089f00000, 0x0000000089f00000, 0x000000008a000000|  0%| F|  |TAMS 0x0000000089f00000, 0x0000000089f00000| Untracked 
| 160|0x000000008a000000, 0x000000008a000000, 0x000000008a100000|  0%| F|  |TAMS 0x000000008a000000, 0x000000008a000000| Untracked 
| 161|0x000000008a100000, 0x000000008a100000, 0x000000008a200000|  0%| F|  |TAMS 0x000000008a100000, 0x000000008a100000| Untracked 
| 162|0x000000008a200000, 0x000000008a200000, 0x000000008a300000|  0%| F|  |TAMS 0x000000008a200000, 0x000000008a200000| Untracked 
| 163|0x000000008a300000, 0x000000008a300000, 0x000000008a400000|  0%| F|  |TAMS 0x000000008a300000, 0x000000008a300000| Untracked 
| 164|0x000000008a400000, 0x000000008a400000, 0x000000008a500000|  0%| F|  |TAMS 0x000000008a400000, 0x000000008a400000| Untracked 
| 165|0x000000008a500000, 0x000000008a500000, 0x000000008a600000|  0%| F|  |TAMS 0x000000008a500000, 0x000000008a500000| Untracked 
| 166|0x000000008a600000, 0x000000008a600000, 0x000000008a700000|  0%| F|  |TAMS 0x000000008a600000, 0x000000008a600000| Untracked 
| 167|0x000000008a700000, 0x000000008a700000, 0x000000008a800000|  0%| F|  |TAMS 0x000000008a700000, 0x000000008a700000| Untracked 
| 168|0x000000008a800000, 0x000000008a800000, 0x000000008a900000|  0%| F|  |TAMS 0x000000008a800000, 0x000000008a800000| Untracked 
| 169|0x000000008a900000, 0x000000008a900000, 0x000000008aa00000|  0%| F|  |TAMS 0x000000008a900000, 0x000000008a900000| Untracked 
| 170|0x000000008aa00000, 0x000000008aa00000, 0x000000008ab00000|  0%| F|  |TAMS 0x000000008aa00000, 0x000000008aa00000| Untracked 
| 171|0x000000008ab00000, 0x000000008ab00000, 0x000000008ac00000|  0%| F|  |TAMS 0x000000008ab00000, 0x000000008ab00000| Untracked 
| 172|0x000000008ac00000, 0x000000008ac00000, 0x000000008ad00000|  0%| F|  |TAMS 0x000000008ac00000, 0x000000008ac00000| Untracked 
| 173|0x000000008ad00000, 0x000000008ad00000, 0x000000008ae00000|  0%| F|  |TAMS 0x000000008ad00000, 0x000000008ad00000| Untracked 
| 174|0x000000008ae00000, 0x000000008ae00000, 0x000000008af00000|  0%| F|  |TAMS 0x000000008ae00000, 0x000000008ae00000| Untracked 
| 175|0x000000008af00000, 0x000000008af00000, 0x000000008b000000|  0%| F|  |TAMS 0x000000008af00000, 0x000000008af00000| Untracked 
| 176|0x000000008b000000, 0x000000008b000000, 0x000000008b100000|  0%| F|  |TAMS 0x000000008b000000, 0x000000008b000000| Untracked 
| 177|0x000000008b100000, 0x000000008b100000, 0x000000008b200000|  0%| F|  |TAMS 0x000000008b100000, 0x000000008b100000| Untracked 
| 178|0x000000008b200000, 0x000000008b200000, 0x000000008b300000|  0%| F|  |TAMS 0x000000008b200000, 0x000000008b200000| Untracked 
| 179|0x000000008b300000, 0x000000008b300000, 0x000000008b400000|  0%| F|  |TAMS 0x000000008b300000, 0x000000008b300000| Untracked 
| 180|0x000000008b400000, 0x000000008b400000, 0x000000008b500000|  0%| F|  |TAMS 0x000000008b400000, 0x000000008b400000| Untracked 
| 181|0x000000008b500000, 0x000000008b500000, 0x000000008b600000|  0%| F|  |TAMS 0x000000008b500000, 0x000000008b500000| Untracked 
| 182|0x000000008b600000, 0x000000008b600000, 0x000000008b700000|  0%| F|  |TAMS 0x000000008b600000, 0x000000008b600000| Untracked 
| 183|0x000000008b700000, 0x000000008b700000, 0x000000008b800000|  0%| F|  |TAMS 0x000000008b700000, 0x000000008b700000| Untracked 
| 184|0x000000008b800000, 0x000000008b800000, 0x000000008b900000|  0%| F|  |TAMS 0x000000008b800000, 0x000000008b800000| Untracked 
| 185|0x000000008b900000, 0x000000008b900000, 0x000000008ba00000|  0%| F|  |TAMS 0x000000008b900000, 0x000000008b900000| Untracked 
| 186|0x000000008ba00000, 0x000000008ba00000, 0x000000008bb00000|  0%| F|  |TAMS 0x000000008ba00000, 0x000000008ba00000| Untracked 
| 187|0x000000008bb00000, 0x000000008bb00000, 0x000000008bc00000|  0%| F|  |TAMS 0x000000008bb00000, 0x000000008bb00000| Untracked 
| 188|0x000000008bc00000, 0x000000008bc00000, 0x000000008bd00000|  0%| F|  |TAMS 0x000000008bc00000, 0x000000008bc00000| Untracked 
| 189|0x000000008bd00000, 0x000000008bd00000, 0x000000008be00000|  0%| F|  |TAMS 0x000000008bd00000, 0x000000008bd00000| Untracked 
| 190|0x000000008be00000, 0x000000008be00000, 0x000000008bf00000|  0%| F|  |TAMS 0x000000008be00000, 0x000000008be00000| Untracked 
| 191|0x000000008bf00000, 0x000000008bf00000, 0x000000008c000000|  0%| F|  |TAMS 0x000000008bf00000, 0x000000008bf00000| Untracked 
| 192|0x000000008c000000, 0x000000008c000000, 0x000000008c100000|  0%| F|  |TAMS 0x000000008c000000, 0x000000008c000000| Untracked 
| 193|0x000000008c100000, 0x000000008c100000, 0x000000008c200000|  0%| F|  |TAMS 0x000000008c100000, 0x000000008c100000| Untracked 
| 194|0x000000008c200000, 0x000000008c200000, 0x000000008c300000|  0%| F|  |TAMS 0x000000008c200000, 0x000000008c200000| Untracked 
| 195|0x000000008c300000, 0x000000008c300000, 0x000000008c400000|  0%| F|  |TAMS 0x000000008c300000, 0x000000008c300000| Untracked 
| 196|0x000000008c400000, 0x000000008c400000, 0x000000008c500000|  0%| F|  |TAMS 0x000000008c400000, 0x000000008c400000| Untracked 
| 197|0x000000008c500000, 0x000000008c500000, 0x000000008c600000|  0%| F|  |TAMS 0x000000008c500000, 0x000000008c500000| Untracked 
| 198|0x000000008c600000, 0x000000008c600000, 0x000000008c700000|  0%| F|  |TAMS 0x000000008c600000, 0x000000008c600000| Untracked 
| 199|0x000000008c700000, 0x000000008c700000, 0x000000008c800000|  0%| F|  |TAMS 0x000000008c700000, 0x000000008c700000| Untracked 
| 200|0x000000008c800000, 0x000000008c800000, 0x000000008c900000|  0%| F|  |TAMS 0x000000008c800000, 0x000000008c800000| Untracked 
| 201|0x000000008c900000, 0x000000008c900000, 0x000000008ca00000|  0%| F|  |TAMS 0x000000008c900000, 0x000000008c900000| Untracked 
| 202|0x000000008ca00000, 0x000000008ca00000, 0x000000008cb00000|  0%| F|  |TAMS 0x000000008ca00000, 0x000000008ca00000| Untracked 
| 203|0x000000008cb00000, 0x000000008cb00000, 0x000000008cc00000|  0%| F|  |TAMS 0x000000008cb00000, 0x000000008cb00000| Untracked 
| 204|0x000000008cc00000, 0x000000008cc00000, 0x000000008cd00000|  0%| F|  |TAMS 0x000000008cc00000, 0x000000008cc00000| Untracked 
| 205|0x000000008cd00000, 0x000000008cd00000, 0x000000008ce00000|  0%| F|  |TAMS 0x000000008cd00000, 0x000000008cd00000| Untracked 
| 206|0x000000008ce00000, 0x000000008ce00000, 0x000000008cf00000|  0%| F|  |TAMS 0x000000008ce00000, 0x000000008ce00000| Untracked 
| 207|0x000000008cf00000, 0x000000008cf00000, 0x000000008d000000|  0%| F|  |TAMS 0x000000008cf00000, 0x000000008cf00000| Untracked 
| 208|0x000000008d000000, 0x000000008d000000, 0x000000008d100000|  0%| F|  |TAMS 0x000000008d000000, 0x000000008d000000| Untracked 
| 209|0x000000008d100000, 0x000000008d100000, 0x000000008d200000|  0%| F|  |TAMS 0x000000008d100000, 0x000000008d100000| Untracked 
| 210|0x000000008d200000, 0x000000008d200000, 0x000000008d300000|  0%| F|  |TAMS 0x000000008d200000, 0x000000008d200000| Untracked 
| 211|0x000000008d300000, 0x000000008d300000, 0x000000008d400000|  0%| F|  |TAMS 0x000000008d300000, 0x000000008d300000| Untracked 
| 212|0x000000008d400000, 0x000000008d400000, 0x000000008d500000|  0%| F|  |TAMS 0x000000008d400000, 0x000000008d400000| Untracked 
| 213|0x000000008d500000, 0x000000008d500000, 0x000000008d600000|  0%| F|  |TAMS 0x000000008d500000, 0x000000008d500000| Untracked 
| 214|0x000000008d600000, 0x000000008d600000, 0x000000008d700000|  0%| F|  |TAMS 0x000000008d600000, 0x000000008d600000| Untracked 
| 215|0x000000008d700000, 0x000000008d700000, 0x000000008d800000|  0%| F|  |TAMS 0x000000008d700000, 0x000000008d700000| Untracked 
| 216|0x000000008d800000, 0x000000008d800000, 0x000000008d900000|  0%| F|  |TAMS 0x000000008d800000, 0x000000008d800000| Untracked 
| 217|0x000000008d900000, 0x000000008d900000, 0x000000008da00000|  0%| F|  |TAMS 0x000000008d900000, 0x000000008d900000| Untracked 
| 218|0x000000008da00000, 0x000000008da00000, 0x000000008db00000|  0%| F|  |TAMS 0x000000008da00000, 0x000000008da00000| Untracked 
| 219|0x000000008db00000, 0x000000008db00000, 0x000000008dc00000|  0%| F|  |TAMS 0x000000008db00000, 0x000000008db00000| Untracked 
| 220|0x000000008dc00000, 0x000000008dc00000, 0x000000008dd00000|  0%| F|  |TAMS 0x000000008dc00000, 0x000000008dc00000| Untracked 
| 221|0x000000008dd00000, 0x000000008dd00000, 0x000000008de00000|  0%| F|  |TAMS 0x000000008dd00000, 0x000000008dd00000| Untracked 
| 222|0x000000008de00000, 0x000000008de00000, 0x000000008df00000|  0%| F|  |TAMS 0x000000008de00000, 0x000000008de00000| Untracked 
| 223|0x000000008df00000, 0x000000008df00000, 0x000000008e000000|  0%| F|  |TAMS 0x000000008df00000, 0x000000008df00000| Untracked 
| 224|0x000000008e000000, 0x000000008e000000, 0x000000008e100000|  0%| F|  |TAMS 0x000000008e000000, 0x000000008e000000| Untracked 
| 225|0x000000008e100000, 0x000000008e100000, 0x000000008e200000|  0%| F|  |TAMS 0x000000008e100000, 0x000000008e100000| Untracked 
| 226|0x000000008e200000, 0x000000008e300000, 0x000000008e300000|100%| E|  |TAMS 0x000000008e200000, 0x000000008e200000| Complete 
| 227|0x000000008e300000, 0x000000008e400000, 0x000000008e400000|100%| E|CS|TAMS 0x000000008e300000, 0x000000008e300000| Complete 
| 228|0x000000008e400000, 0x000000008e500000, 0x000000008e500000|100%| E|CS|TAMS 0x000000008e400000, 0x000000008e400000| Complete 
| 229|0x000000008e500000, 0x000000008e600000, 0x000000008e600000|100%| E|CS|TAMS 0x000000008e500000, 0x000000008e500000| Complete 
| 230|0x000000008e600000, 0x000000008e700000, 0x000000008e700000|100%| E|CS|TAMS 0x000000008e600000, 0x000000008e600000| Complete 
| 231|0x000000008e700000, 0x000000008e800000, 0x000000008e800000|100%| E|CS|TAMS 0x000000008e700000, 0x000000008e700000| Complete 
| 232|0x000000008e800000, 0x000000008e900000, 0x000000008e900000|100%| E|CS|TAMS 0x000000008e800000, 0x000000008e800000| Complete 
| 233|0x000000008e900000, 0x000000008ea00000, 0x000000008ea00000|100%| E|CS|TAMS 0x000000008e900000, 0x000000008e900000| Complete 
| 234|0x000000008ea00000, 0x000000008eb00000, 0x000000008eb00000|100%| E|CS|TAMS 0x000000008ea00000, 0x000000008ea00000| Complete 
| 235|0x000000008eb00000, 0x000000008ec00000, 0x000000008ec00000|100%| E|CS|TAMS 0x000000008eb00000, 0x000000008eb00000| Complete 
| 236|0x000000008ec00000, 0x000000008ed00000, 0x000000008ed00000|100%| E|CS|TAMS 0x000000008ec00000, 0x000000008ec00000| Complete 
| 237|0x000000008ed00000, 0x000000008ee00000, 0x000000008ee00000|100%| E|CS|TAMS 0x000000008ed00000, 0x000000008ed00000| Complete 
| 238|0x000000008ee00000, 0x000000008ef00000, 0x000000008ef00000|100%| E|CS|TAMS 0x000000008ee00000, 0x000000008ee00000| Complete 
| 239|0x000000008ef00000, 0x000000008f000000, 0x000000008f000000|100%| E|CS|TAMS 0x000000008ef00000, 0x000000008ef00000| Complete 
| 240|0x000000008f000000, 0x000000008f100000, 0x000000008f100000|100%| E|CS|TAMS 0x000000008f000000, 0x000000008f000000| Complete 
| 241|0x000000008f100000, 0x000000008f200000, 0x000000008f200000|100%| E|CS|TAMS 0x000000008f100000, 0x000000008f100000| Complete 
| 242|0x000000008f200000, 0x000000008f300000, 0x000000008f300000|100%| E|CS|TAMS 0x000000008f200000, 0x000000008f200000| Complete 
| 243|0x000000008f300000, 0x000000008f400000, 0x000000008f400000|100%| E|CS|TAMS 0x000000008f300000, 0x000000008f300000| Complete 
| 244|0x000000008f400000, 0x000000008f500000, 0x000000008f500000|100%| E|CS|TAMS 0x000000008f400000, 0x000000008f400000| Complete 
| 245|0x000000008f500000, 0x000000008f600000, 0x000000008f600000|100%| E|CS|TAMS 0x000000008f500000, 0x000000008f500000| Complete 
| 246|0x000000008f600000, 0x000000008f700000, 0x000000008f700000|100%| E|CS|TAMS 0x000000008f600000, 0x000000008f600000| Complete 
| 247|0x000000008f700000, 0x000000008f800000, 0x000000008f800000|100%| E|CS|TAMS 0x000000008f700000, 0x000000008f700000| Complete 
| 248|0x000000008f800000, 0x000000008f900000, 0x000000008f900000|100%| E|CS|TAMS 0x000000008f800000, 0x000000008f800000| Complete 
| 249|0x000000008f900000, 0x000000008fa00000, 0x000000008fa00000|100%| E|CS|TAMS 0x000000008f900000, 0x000000008f900000| Complete 
| 250|0x000000008fa00000, 0x000000008fb00000, 0x000000008fb00000|100%| E|CS|TAMS 0x000000008fa00000, 0x000000008fa00000| Complete 
| 251|0x000000008fb00000, 0x000000008fc00000, 0x000000008fc00000|100%| E|CS|TAMS 0x000000008fb00000, 0x000000008fb00000| Complete 
| 252|0x000000008fc00000, 0x000000008fd00000, 0x000000008fd00000|100%| E|CS|TAMS 0x000000008fc00000, 0x000000008fc00000| Complete 
| 253|0x000000008fd00000, 0x000000008fe00000, 0x000000008fe00000|100%| E|CS|TAMS 0x000000008fd00000, 0x000000008fd00000| Complete 

Card table byte_map: [0x0000016732ca0000,0x00000167330a0000] _byte_map_base: 0x00000167328a0000

Marking Bits (Prev, Next): (CMBitMap*) 0x000001671dd9ead0, (CMBitMap*) 0x000001671dd9ea98
 Prev Bits: [0x00000167354a0000, 0x00000167374a0000)
 Next Bits: [0x00000167334a0000, 0x00000167354a0000)

Polling page: 0x000001671de40000

Metaspace:

Usage:
  Non-class:     75.08 MB capacity,    73.69 MB ( 98%) used,     1.14 MB (  2%) free+waste,   257.19 KB ( <1%) overhead. 
      Class:     11.56 MB capacity,    10.74 MB ( 93%) used,   721.99 KB (  6%) free+waste,   116.44 KB ( <1%) overhead. 
       Both:     86.65 MB capacity,    84.44 MB ( 97%) used,     1.84 MB (  2%) free+waste,   373.63 KB ( <1%) overhead. 

Virtual space:
  Non-class space:       76.00 MB reserved,      75.25 MB (>99%) committed 
      Class space:        1.00 GB reserved,      11.70 MB (  1%) committed 
             Both:        1.07 GB reserved,      86.95 MB (  8%) committed 

Chunk freelists:
   Non-Class:  42.00 KB
       Class:  31.00 KB
        Both:  73.00 KB

MaxMetaspaceSize: 17179869184.00 GB
CompressedClassSpaceSize: 1.00 GB

CodeHeap 'non-profiled nmethods': size=120064Kb used=5375Kb max_used=5375Kb free=114688Kb
 bounds [0x000001672ab10000, 0x000001672b050000, 0x0000016732050000]
CodeHeap 'profiled nmethods': size=120000Kb used=20050Kb max_used=20050Kb free=99949Kb
 bounds [0x00000167235e0000, 0x0000016724980000, 0x000001672ab10000]
CodeHeap 'non-nmethods': size=5696Kb used=2276Kb max_used=2352Kb free=3419Kb
 bounds [0x0000016723050000, 0x00000167232c0000, 0x00000167235e0000]
 total_blobs=10718 nmethods=9843 adapters=786
 compilation: enabled
              stopped_count=0, restarted_count=0
 full_count=0

Compilation events (20 events):
Event: 8.383 Thread 0x000001673a63f000 9840       3       com.google.common.collect.EnumMultiset::add (102 bytes)
Event: 8.384 Thread 0x000001673a63f000 nmethod 9840 0x000001672495dd90 code [0x000001672495dfe0, 0x000001672495e878]
Event: 8.384 Thread 0x000001673a63f000 9841       3       com.google.common.collect.EnumMultiset::checkIsE (53 bytes)
Event: 8.384 Thread 0x000001673a63f000 nmethod 9841 0x000001672495ec90 code [0x000001672495efa0, 0x000001672495fe38]
Event: 8.384 Thread 0x000001673a63f000 9836       3       org.gradle.internal.watch.vfs.impl.DefaultFileSystemWatchingStatistics$$Lambda$1093/0x0000000100b49c40::visitEntry (9 bytes)
Event: 8.384 Thread 0x000001673a63f000 nmethod 9836 0x0000016724960390 code [0x0000016724960580, 0x00000167249608b8]
Event: 8.384 Thread 0x000001673a63f000 9837       3       org.gradle.internal.watch.vfs.impl.DefaultFileSystemWatchingStatistics::lambda$getStatistics$0 (15 bytes)
Event: 8.384 Thread 0x000001673a63f000 nmethod 9837 0x0000016724960a90 code [0x0000016724960c60, 0x0000016724960f18]
Event: 8.384 Thread 0x000001673a63f000 9838       3       com.google.common.collect.EnumMultiset::add (10 bytes)
Event: 8.385 Thread 0x000001673a63f000 nmethod 9838 0x0000016724961090 code [0x0000016724961260, 0x0000016724961488]
Event: 8.385 Thread 0x000001673a63f000 9842       3       com.google.common.collect.EnumMultiset::isActuallyE (44 bytes)
Event: 8.385 Thread 0x000001673a63f000 nmethod 9842 0x0000016724961590 code [0x0000016724961760, 0x0000016724961b58]
Event: 8.385 Thread 0x000001673a63f000 9835       3       org.gradle.internal.watch.vfs.impl.DefaultFileSystemWatchingStatistics$$Lambda$1092/0x0000000100b49840::visitSnapshotRoot (9 bytes)
Event: 8.385 Thread 0x000001673a63f000 nmethod 9835 0x0000016724961c90 code [0x0000016724961ea0, 0x00000167249624a8]
Event: 8.385 Thread 0x000001673a63f000 9839       3       org.gradle.internal.watch.vfs.impl.DefaultFileSystemWatchingStatistics::lambda$getStatistics$1 (14 bytes)
Event: 8.385 Thread 0x000001673a63f000 nmethod 9839 0x0000016724962710 code [0x0000016724962920, 0x0000016724962ec8]
Event: 8.385 Thread 0x000001673a63f000 9843       3       org.gradle.internal.watch.vfs.impl.DefaultFileSystemWatchingStatistics$$Lambda$1093/0x0000000100b49c40::get$Lambda (9 bytes)
Event: 8.385 Thread 0x000001673a63f000 nmethod 9843 0x0000016724963110 code [0x00000167249632e0, 0x0000016724963538]
Event: 8.385 Thread 0x000001673a63f000 9844       3       org.gradle.internal.watch.vfs.impl.DefaultFileSystemWatchingStatistics$$Lambda$1093/0x0000000100b49c40::<init> (10 bytes)
Event: 8.385 Thread 0x000001673a63f000 nmethod 9844 0x0000016724963610 code [0x00000167249637c0, 0x0000016724963978]

GC Heap History (20 events):
Event: 0.447 GC heap before
{Heap before GC invocations=0 (full 0):
 garbage-first heap   total 260096K, used 28672K [0x0000000080000000, 0x0000000100000000)
  region size 1024K, 22 young (22528K), 0 survivors (0K)
 Metaspace       used 9933K, capacity 10192K, committed 10368K, reserved 1058816K
  class space    used 1031K, capacity 1105K, committed 1152K, reserved 1048576K
}
Event: 0.450 GC heap after
{Heap after GC invocations=1 (full 0):
 garbage-first heap   total 260096K, used 9313K [0x0000000080000000, 0x0000000100000000)
  region size 1024K, 3 young (3072K), 3 survivors (3072K)
 Metaspace       used 9933K, capacity 10192K, committed 10368K, reserved 1058816K
  class space    used 1031K, capacity 1105K, committed 1152K, reserved 1048576K
}
Event: 1.429 GC heap before
{Heap before GC invocations=1 (full 0):
 garbage-first heap   total 260096K, used 108641K [0x0000000080000000, 0x0000000100000000)
  region size 1024K, 101 young (103424K), 3 survivors (3072K)
 Metaspace       used 20582K, capacity 21120K, committed 21248K, reserved 1067008K
  class space    used 2518K, capacity 2722K, committed 2816K, reserved 1048576K
}
Event: 1.436 GC heap after
{Heap after GC invocations=2 (full 0):
 garbage-first heap   total 260096K, used 16375K [0x0000000080000000, 0x0000000100000000)
  region size 1024K, 10 young (10240K), 10 survivors (10240K)
 Metaspace       used 20582K, capacity 21120K, committed 21248K, reserved 1067008K
  class space    used 2518K, capacity 2722K, committed 2816K, reserved 1048576K
}
Event: 1.653 GC heap before
{Heap before GC invocations=3 (full 0):
 garbage-first heap   total 260096K, used 52215K [0x0000000080000000, 0x0000000100000000)
  region size 1024K, 45 young (46080K), 10 survivors (10240K)
 Metaspace       used 23974K, capacity 24662K, committed 24832K, reserved 1071104K
  class space    used 3075K, capacity 3289K, committed 3328K, reserved 1048576K
}
Event: 1.657 GC heap after
{Heap after GC invocations=4 (full 0):
 garbage-first heap   total 260096K, used 17777K [0x0000000080000000, 0x0000000100000000)
  region size 1024K, 2 young (2048K), 2 survivors (2048K)
 Metaspace       used 23974K, capacity 24662K, committed 24832K, reserved 1071104K
  class space    used 3075K, capacity 3289K, committed 3328K, reserved 1048576K
}
Event: 2.312 GC heap before
{Heap before GC invocations=4 (full 0):
 garbage-first heap   total 260096K, used 94577K [0x0000000080000000, 0x0000000100000000)
  region size 1024K, 77 young (78848K), 2 survivors (2048K)
 Metaspace       used 34945K, capacity 35758K, committed 35840K, reserved 1081344K
  class space    used 4540K, capacity 4864K, committed 4864K, reserved 1048576K
}
Event: 2.316 GC heap after
{Heap after GC invocations=5 (full 0):
 garbage-first heap   total 260096K, used 21663K [0x0000000080000000, 0x0000000100000000)
  region size 1024K, 6 young (6144K), 6 survivors (6144K)
 Metaspace       used 34945K, capacity 35758K, committed 35840K, reserved 1081344K
  class space    used 4540K, capacity 4864K, committed 4864K, reserved 1048576K
}
Event: 2.320 GC heap before
{Heap before GC invocations=5 (full 0):
 garbage-first heap   total 260096K, used 21663K [0x0000000080000000, 0x0000000100000000)
  region size 1024K, 7 young (7168K), 6 survivors (6144K)
 Metaspace       used 35057K, capacity 35822K, committed 35840K, reserved 1081344K
  class space    used 4550K, capacity 4864K, committed 4864K, reserved 1048576K
}
Event: 2.324 GC heap after
{Heap after GC invocations=6 (full 0):
 garbage-first heap   total 260096K, used 21733K [0x0000000080000000, 0x0000000100000000)
  region size 1024K, 6 young (6144K), 6 survivors (6144K)
 Metaspace       used 35057K, capacity 35822K, committed 35840K, reserved 1081344K
  class space    used 4550K, capacity 4864K, committed 4864K, reserved 1048576K
}
Event: 3.095 GC heap before
{Heap before GC invocations=7 (full 0):
 garbage-first heap   total 260096K, used 143589K [0x0000000080000000, 0x0000000100000000)
  region size 1024K, 122 young (124928K), 6 survivors (6144K)
 Metaspace       used 44360K, capacity 45413K, committed 45644K, reserved 1089536K
  class space    used 5701K, capacity 6111K, committed 6220K, reserved 1048576K
}
Event: 3.102 GC heap after
{Heap after GC invocations=8 (full 0):
 garbage-first heap   total 260096K, used 28377K [0x0000000080000000, 0x0000000100000000)
  region size 1024K, 12 young (12288K), 12 survivors (12288K)
 Metaspace       used 44360K, capacity 45413K, committed 45644K, reserved 1089536K
  class space    used 5701K, capacity 6111K, committed 6220K, reserved 1048576K
}
Event: 4.295 GC heap before
{Heap before GC invocations=8 (full 0):
 garbage-first heap   total 260096K, used 169689K [0x0000000080000000, 0x0000000100000000)
  region size 1024K, 147 young (150528K), 12 survivors (12288K)
 Metaspace       used 58636K, capacity 60144K, committed 60236K, reserved 1101824K
  class space    used 7419K, capacity 7973K, committed 8012K, reserved 1048576K
}
Event: 4.312 GC heap after
{Heap after GC invocations=9 (full 0):
 garbage-first heap   total 260096K, used 43777K [0x0000000080000000, 0x0000000100000000)
  region size 1024K, 18 young (18432K), 18 survivors (18432K)
 Metaspace       used 58636K, capacity 60144K, committed 60236K, reserved 1101824K
  class space    used 7419K, capacity 7973K, committed 8012K, reserved 1048576K
}
Event: 5.246 GC heap before
{Heap before GC invocations=10 (full 0):
 garbage-first heap   total 260096K, used 176897K [0x0000000080000000, 0x0000000100000000)
  region size 1024K, 148 young (151552K), 18 survivors (18432K)
 Metaspace       used 70428K, capacity 72054K, committed 72268K, reserved 1112064K
  class space    used 9096K, capacity 9697K, committed 9804K, reserved 1048576K
}
Event: 5.259 GC heap after
{Heap after GC invocations=11 (full 0):
 garbage-first heap   total 260096K, used 54451K [0x0000000080000000, 0x0000000100000000)
  region size 1024K, 12 young (12288K), 12 survivors (12288K)
 Metaspace       used 70428K, capacity 72054K, committed 72268K, reserved 1112064K
  class space    used 9096K, capacity 9697K, committed 9804K, reserved 1048576K
}
Event: 6.275 GC heap before
{Heap before GC invocations=11 (full 0):
 garbage-first heap   total 260096K, used 182451K [0x0000000080000000, 0x0000000100000000)
  region size 1024K, 138 young (141312K), 12 survivors (12288K)
 Metaspace       used 81534K, capacity 83714K, committed 83916K, reserved 1122304K
  class space    used 10602K, capacity 11431K, committed 11468K, reserved 1048576K
}
Event: 6.286 GC heap after
{Heap after GC invocations=12 (full 0):
 garbage-first heap   total 260096K, used 64991K [0x0000000080000000, 0x0000000100000000)
  region size 1024K, 11 young (11264K), 11 survivors (11264K)
 Metaspace       used 81534K, capacity 83714K, committed 83916K, reserved 1122304K
  class space    used 10602K, capacity 11431K, committed 11468K, reserved 1048576K
}
Event: 8.030 GC heap before
{Heap before GC invocations=12 (full 0):
 garbage-first heap   total 260096K, used 188895K [0x0000000080000000, 0x0000000100000000)
  region size 1024K, 133 young (136192K), 11 survivors (11264K)
 Metaspace       used 82924K, capacity 85178K, committed 85324K, reserved 1122304K
  class space    used 10695K, capacity 11515K, committed 11596K, reserved 1048576K
}
Event: 8.040 GC heap after
{Heap after GC invocations=13 (full 0):
 garbage-first heap   total 260096K, used 72018K [0x0000000080000000, 0x0000000100000000)
  region size 1024K, 8 young (8192K), 8 survivors (8192K)
 Metaspace       used 82924K, capacity 85178K, committed 85324K, reserved 1122304K
  class space    used 10695K, capacity 11515K, committed 11596K, reserved 1048576K
}

Deoptimization events (20 events):
Event: 8.276 Thread 0x0000016741783800 Uncommon trap: trap_request=0xffffffde fr.pc=0x000001672afeea90 relative=0x0000000000000ed0
Event: 8.276 Thread 0x0000016741783800 Uncommon trap: reason=class_check action=maybe_recompile pc=0x000001672afeea90 method=org.gradle.internal.snapshot.ChildMap$Entry.handleAncestorDescendantOrExactMatch(Lorg/gradle/internal/snapshot/VfsRelativePath;Lorg/gradle/internal/snapshot/CaseSensitiv
Event: 8.276 Thread 0x0000016741783800 DEOPT PACKING pc=0x000001672afeea90 sp=0x0000001d8a4fbac0
Event: 8.276 Thread 0x0000016741783800 DEOPT UNPACKING pc=0x00000167230778af sp=0x0000001d8a4fbaa0 mode 2
Event: 8.285 Thread 0x0000016741783800 Uncommon trap: trap_request=0xffffffc6 fr.pc=0x000001672b000714 relative=0x0000000000000d94
Event: 8.285 Thread 0x0000016741783800 Uncommon trap: reason=bimorphic_or_optimized_type_check action=maybe_recompile pc=0x000001672b000714 method=org.gradle.internal.fingerprint.classpath.impl.ClasspathFingerprintingStrategy$ClasspathFingerprintingVisitor.visitEntry(Lorg/gradle/internal/snaps
Event: 8.285 Thread 0x0000016741783800 DEOPT PACKING pc=0x000001672b000714 sp=0x0000001d8a4fc570
Event: 8.285 Thread 0x0000016741783800 DEOPT UNPACKING pc=0x00000167230778af sp=0x0000001d8a4fc510 mode 2
Event: 8.338 Thread 0x000001673c58c000 Uncommon trap: trap_request=0xffffff4d fr.pc=0x000001672ae91d6c relative=0x000000000000020c
Event: 8.338 Thread 0x000001673c58c000 Uncommon trap: reason=unstable_if action=reinterpret pc=0x000001672ae91d6c method=org.gradle.internal.util.Trie.find(Ljava/lang/CharSequence;)Z @ 91 c2
Event: 8.338 Thread 0x000001673c58c000 DEOPT PACKING pc=0x000001672ae91d6c sp=0x0000001d87efb3a0
Event: 8.338 Thread 0x000001673c58c000 DEOPT UNPACKING pc=0x00000167230778af sp=0x0000001d87efb2f8 mode 2
Event: 8.381 Thread 0x000001673c58c000 Uncommon trap: trap_request=0xffffffc6 fr.pc=0x000001672afb5278 relative=0x0000000000000298
Event: 8.381 Thread 0x000001673c58c000 Uncommon trap: reason=bimorphic_or_optimized_type_check action=maybe_recompile pc=0x000001672afb5278 method=java.util.stream.ReduceOps$ReduceOp.evaluateSequential(Ljava/util/stream/PipelineHelper;Ljava/util/Spliterator;)Ljava/lang/Object; @ 2 c2
Event: 8.381 Thread 0x000001673c58c000 DEOPT PACKING pc=0x000001672afb5278 sp=0x0000001d87efc3d0
Event: 8.381 Thread 0x000001673c58c000 DEOPT UNPACKING pc=0x00000167230778af sp=0x0000001d87efc350 mode 2
Event: 8.381 Thread 0x000001673c58c000 Uncommon trap: trap_request=0xffffff4d fr.pc=0x000001672b00ed90 relative=0x00000000000007f0
Event: 8.381 Thread 0x000001673c58c000 Uncommon trap: reason=unstable_if action=reinterpret pc=0x000001672b00ed90 method=org.gradle.internal.snapshot.VfsRelativePath.compareToFirstSegment(Ljava/lang/String;Lorg/gradle/internal/snapshot/CaseSensitivity;)I @ 156 c2
Event: 8.381 Thread 0x000001673c58c000 DEOPT PACKING pc=0x000001672b00ed90 sp=0x0000001d87efbd10
Event: 8.381 Thread 0x000001673c58c000 DEOPT UNPACKING pc=0x00000167230778af sp=0x0000001d87efbc90 mode 2

Classes redefined (0 events):
No events

Internal exceptions (20 events):
Event: 5.974 Thread 0x000001674177d000 Exception <a 'java/lang/NoSuchMethodError'{0x000000008a7aefc0}: <clinit>> (0x000000008a7aefc0) thrown at [./src/hotspot/share/prims/jni.cpp, line 1362]
Event: 6.011 Thread 0x000001673abde800 Exception <a 'java/lang/NoSuchMethodError'{0x000000008a478508}: <clinit>> (0x000000008a478508) thrown at [./src/hotspot/share/prims/jni.cpp, line 1362]
Event: 6.039 Thread 0x0000016741783800 Exception <a 'java/lang/NoSuchMethodError'{0x000000008a30e698}: 'java.lang.Object java.lang.invoke.Invokers$Holder.linkToTargetMethod(java.lang.Object, java.lang.Object, java.lang.Object, int, java.lang.Object, java.lang.Object)'> (0x000000008a30e698) thrown at [./src/hotspot/share/interpreter/linkResolver.cpp, line 773]
Event: 6.176 Thread 0x000001673dfe5800 Exception <a 'java/lang/NoSuchMethodError'{0x0000000089656728}: 'java.lang.Object java.lang.invoke.DirectMethodHandle$Holder.invokeSpecialIFC(java.lang.Object, java.lang.Object, java.lang.Object)'> (0x0000000089656728) thrown at [./src/hotspot/share/interpreter/linkResolver.cpp, line 773]
Event: 6.176 Thread 0x000001673dfe3800 Exception <a 'java/lang/NoSuchMethodError'{0x0000000089724280}: 'java.lang.Object java.lang.invoke.DirectMethodHandle$Holder.invokeSpecialIFC(java.lang.Object, java.lang.Object, java.lang.Object)'> (0x0000000089724280) thrown at [./src/hotspot/share/interpreter/linkResolver.cpp, line 773]
Event: 6.176 Thread 0x0000016741783800 Exception <a 'java/lang/NoSuchMethodError'{0x00000000897ea040}: 'java.lang.Object java.lang.invoke.DirectMethodHandle$Holder.invokeSpecialIFC(java.lang.Object, java.lang.Object, java.lang.Object)'> (0x00000000897ea040) thrown at [./src/hotspot/share/interpreter/linkResolver.cpp, line 773]
Event: 6.176 Thread 0x000001673dfe0800 Exception <a 'java/lang/NoSuchMethodError'{0x000000008967dcc8}: 'java.lang.Object java.lang.invoke.DirectMethodHandle$Holder.invokeSpecialIFC(java.lang.Object, java.lang.Object, java.lang.Object)'> (0x000000008967dcc8) thrown at [./src/hotspot/share/interpreter/linkResolver.cpp, line 773]
Event: 6.176 Thread 0x000001673dfe4800 Exception <a 'java/lang/NoSuchMethodError'{0x00000000896d1050}: 'java.lang.Object java.lang.invoke.DirectMethodHandle$Holder.invokeSpecialIFC(java.lang.Object, java.lang.Object, java.lang.Object)'> (0x00000000896d1050) thrown at [./src/hotspot/share/interpreter/linkResolver.cpp, line 773]
Event: 6.177 Thread 0x000001673dfe3000 Exception <a 'java/lang/NoSuchMethodError'{0x00000000896a6948}: 'java.lang.Object java.lang.invoke.DirectMethodHandle$Holder.invokeSpecialIFC(java.lang.Object, java.lang.Object, java.lang.Object)'> (0x00000000896a6948) thrown at [./src/hotspot/share/interpreter/linkResolver.cpp, line 773]
Event: 6.196 Thread 0x0000016741783800 Exception <a 'java/lang/NoSuchMethodError'{0x000000008926cad8}: 'int java.lang.invoke.DirectMethodHandle$Holder.invokeStaticInit(java.lang.Object, java.lang.Object, java.lang.Object, java.lang.Object, java.lang.Object)'> (0x000000008926cad8) thrown at [./src/hotspot/share/interpreter/linkResolver.cpp, line 773]
Event: 6.313 Thread 0x0000016741783800 Exception <a 'java/lang/NoSuchMethodError'{0x000000008f980a98}: 'void java.lang.invoke.DirectMethodHandle$Holder.invokeVirtual(java.lang.Object, java.lang.Object)'> (0x000000008f980a98) thrown at [./src/hotspot/share/interpreter/linkResolver.cpp, line 773]
Event: 6.392 Thread 0x0000016741783800 Exception <a 'java/lang/IncompatibleClassChangeError'{0x000000008ec160e0}: Found class java.lang.Object, but interface was expected> (0x000000008ec160e0) thrown at [./src/hotspot/share/interpreter/linkResolver.cpp, line 839]
Event: 7.523 Thread 0x0000016741783800 Exception <a 'java/lang/NoSuchMethodError'{0x000000008b340300}: <clinit>> (0x000000008b340300) thrown at [./src/hotspot/share/prims/jni.cpp, line 1362]
Event: 7.523 Thread 0x0000016741783800 Exception <a 'java/lang/NoSuchMethodError'{0x000000008b341638}: <clinit>> (0x000000008b341638) thrown at [./src/hotspot/share/prims/jni.cpp, line 1362]
Event: 7.524 Thread 0x0000016741783800 Exception <a 'java/lang/NoSuchMethodError'{0x000000008b343d98}: <clinit>> (0x000000008b343d98) thrown at [./src/hotspot/share/prims/jni.cpp, line 1362]
Event: 7.524 Thread 0x0000016741783800 Exception <a 'java/lang/NoSuchMethodError'{0x000000008b35d468}: <clinit>> (0x000000008b35d468) thrown at [./src/hotspot/share/prims/jni.cpp, line 1362]
Event: 7.524 Thread 0x0000016741783800 Exception <a 'java/lang/NoSuchMethodError'{0x000000008b35e948}: <clinit>> (0x000000008b35e948) thrown at [./src/hotspot/share/prims/jni.cpp, line 1362]
Event: 7.627 Thread 0x0000016741783800 Exception <a 'java/lang/NoSuchMethodError'{0x000000008aa94dc8}: 'int java.lang.invoke.DirectMethodHandle$Holder.invokeSpecial(java.lang.Object, java.lang.Object, java.lang.Object, java.lang.Object, java.lang.Object)'> (0x000000008aa94dc8) thrown at [./src/hotspot/share/interpreter/linkResolver.cpp, line 773]
Event: 8.337 Thread 0x000001674177c000 Exception <a 'sun/nio/fs/WindowsException'{0x000000008ee815f8}> (0x000000008ee815f8) thrown at [./src/hotspot/share/prims/jni.cpp, line 615]
Event: 8.374 Thread 0x000001673c58c000 Exception <a 'java/lang/NoSuchMethodError'{0x000000008eab67f8}: 'int java.lang.invoke.DirectMethodHandle$Holder.invokeVirtual(java.lang.Object, java.lang.Object, java.lang.Object)'> (0x000000008eab67f8) thrown at [./src/hotspot/share/interpreter/linkResolver.cpp, line 773]

Events (20 events):
Event: 8.390 loading class com/google/wireless/android/sdk/stats/StudioRunEvent
Event: 8.390 loading class com/google/wireless/android/sdk/stats/StudioRunEvent done
Event: 8.390 loading class com/google/wireless/android/sdk/stats/ProductDetails
Event: 8.390 loading class com/google/wireless/android/sdk/stats/ProductDetails done
Event: 8.391 loading class com/google/wireless/android/sdk/stats/StudioCrash
Event: 8.391 loading class com/google/wireless/android/sdk/stats/StudioCrash done
Event: 8.391 loading class com/google/wireless/android/sdk/stats/EmulatorDetails
Event: 8.391 loading class com/google/wireless/android/sdk/stats/EmulatorDetails done
Event: 8.392 loading class com/google/wireless/android/sdk/stats/InstantRun
Event: 8.392 loading class com/google/wireless/android/sdk/stats/InstantRun done
Event: 8.392 loading class com/google/wireless/android/sdk/stats/NavEditorEvent
Event: 8.392 loading class com/google/wireless/android/sdk/stats/NavEditorEvent done
Event: 8.393 loading class com/google/wireless/android/sdk/stats/AndroidStudioEvent$TemplatesUsage
Event: 8.393 loading class com/google/wireless/android/sdk/stats/AndroidStudioEvent$TemplatesUsage done
Event: 8.393 loading class com/google/wireless/android/sdk/stats/ApkDebugProject
Event: 8.393 loading class com/google/wireless/android/sdk/stats/ApkDebugProject done
Event: 8.393 loading class com/google/wireless/android/sdk/stats/MachineDetails
Event: 8.393 loading class com/google/wireless/android/sdk/stats/MachineDetails done
Event: 8.394 loading class com/google/wireless/android/sdk/stats/OomDialogEvent
Event: 8.394 loading class com/google/wireless/android/sdk/stats/OomDialogEvent done


Dynamic libraries:
0x00007ff64e8d0000 - 0x00007ff64e8da000 	C:\Program Files\Android\Android Studio1\jre\bin\java.exe
0x00007ffee80d0000 - 0x00007ffee82c5000 	C:\WINDOWS\SYSTEM32\ntdll.dll
0x00007ffee6480000 - 0x00007ffee653d000 	C:\WINDOWS\System32\KERNEL32.DLL
0x00007ffee5bd0000 - 0x00007ffee5e99000 	C:\WINDOWS\System32\KERNELBASE.dll
0x00007ffee59c0000 - 0x00007ffee5ac0000 	C:\WINDOWS\System32\ucrtbase.dll
0x00007ffeddb50000 - 0x00007ffeddb69000 	C:\Program Files\Android\Android Studio1\jre\bin\jli.dll
0x00007ffedc190000 - 0x00007ffedc1a7000 	C:\Program Files\Android\Android Studio1\jre\bin\VCRUNTIME140.dll
0x00007ffee7470000 - 0x00007ffee7610000 	C:\WINDOWS\System32\USER32.dll
0x00007ffee6080000 - 0x00007ffee60a2000 	C:\WINDOWS\System32\win32u.dll
0x00007ffec59e0000 - 0x00007ffec5c7a000 	C:\WINDOWS\WinSxS\amd64_microsoft.windows.common-controls_6595b64144ccf1df_6.0.19041.1110_none_60b5254171f9507e\COMCTL32.dll
0x00007ffee6620000 - 0x00007ffee664a000 	C:\WINDOWS\System32\GDI32.dll
0x00007ffee6bb0000 - 0x00007ffee6c4e000 	C:\WINDOWS\System32\msvcrt.dll
0x00007ffee5ed0000 - 0x00007ffee5fdb000 	C:\WINDOWS\System32\gdi32full.dll
0x00007ffee5fe0000 - 0x00007ffee607d000 	C:\WINDOWS\System32\msvcp_win.dll
0x00007ffee6440000 - 0x00007ffee6470000 	C:\WINDOWS\System32\IMM32.DLL
0x00007ffed22b0000 - 0x00007ffed234d000 	C:\Program Files\Android\Android Studio1\jre\bin\msvcp140.dll
0x00007ffe770c0000 - 0x00007ffe77b8f000 	C:\Program Files\Android\Android Studio1\jre\bin\server\jvm.dll
0x00007ffee6390000 - 0x00007ffee643c000 	C:\WINDOWS\System32\ADVAPI32.dll
0x00007ffee7e40000 - 0x00007ffee7edb000 	C:\WINDOWS\System32\sechost.dll
0x00007ffee61f0000 - 0x00007ffee631a000 	C:\WINDOWS\System32\RPCRT4.dll
0x00007ffee7ee0000 - 0x00007ffee7ee8000 	C:\WINDOWS\System32\PSAPI.DLL
0x00007ffeddb20000 - 0x00007ffeddb29000 	C:\WINDOWS\SYSTEM32\WSOCK32.dll
0x00007ffec7b50000 - 0x00007ffec7b77000 	C:\WINDOWS\SYSTEM32\WINMM.dll
0x00007ffedca50000 - 0x00007ffedca5a000 	C:\WINDOWS\SYSTEM32\VERSION.dll
0x00007ffee7610000 - 0x00007ffee767b000 	C:\WINDOWS\System32\WS2_32.dll
0x00007ffee3760000 - 0x00007ffee3772000 	C:\WINDOWS\SYSTEM32\kernel.appcore.dll
0x00007ffee2c20000 - 0x00007ffee2c31000 	C:\Program Files\Android\Android Studio1\jre\bin\verify.dll
0x00007ffed48b0000 - 0x00007ffed4a94000 	C:\WINDOWS\SYSTEM32\DBGHELP.DLL
0x00007ffed4850000 - 0x00007ffed487c000 	C:\WINDOWS\SYSTEM32\dbgcore.DLL
0x00007ffee60b0000 - 0x00007ffee6133000 	C:\WINDOWS\System32\bcryptPrimitives.dll
0x00007ffedb5a0000 - 0x00007ffedb5c9000 	C:\Program Files\Android\Android Studio1\jre\bin\java.dll
0x00007ffee3140000 - 0x00007ffee314b000 	C:\Program Files\Android\Android Studio1\jre\bin\jimage.dll
0x00007ffee0780000 - 0x00007ffee0798000 	C:\Program Files\Android\Android Studio1\jre\bin\zip.dll
0x00007ffee7680000 - 0x00007ffee7dbf000 	C:\WINDOWS\System32\SHELL32.dll
0x00007ffee3960000 - 0x00007ffee40f1000 	C:\WINDOWS\SYSTEM32\windows.storage.dll
0x00007ffee6e00000 - 0x00007ffee7155000 	C:\WINDOWS\System32\combase.dll
0x00007ffee5280000 - 0x00007ffee52ac000 	C:\WINDOWS\SYSTEM32\Wldp.dll
0x00007ffee6140000 - 0x00007ffee61ee000 	C:\WINDOWS\System32\SHCORE.dll
0x00007ffee6330000 - 0x00007ffee6385000 	C:\WINDOWS\System32\shlwapi.dll
0x00007ffee5750000 - 0x00007ffee576f000 	C:\WINDOWS\SYSTEM32\profapi.dll
0x00007ffee0660000 - 0x00007ffee067a000 	C:\Program Files\Android\Android Studio1\jre\bin\net.dll
0x00007ffede980000 - 0x00007ffedea8a000 	C:\WINDOWS\SYSTEM32\WINHTTP.dll
0x00007ffee4f70000 - 0x00007ffee4fda000 	C:\WINDOWS\system32\mswsock.dll
0x00007ffedda30000 - 0x00007ffedda44000 	C:\Program Files\Android\Android Studio1\jre\bin\nio.dll
0x00007ffed4da0000 - 0x00007ffed4dc7000 	C:\Users\80010-02-05\.gradle\native\8bec1ad78214c89d9ad589b4d07fe93259594b29d510b10fafb7a158f7737e5d\windows-amd64\native-platform.dll
0x00007ffec6230000 - 0x00007ffec636d000 	C:\Users\80010-02-05\.gradle\native\53dbd7edfb1c66fb8903c78663c9afc45aea4f116125fa6feffd364cf09443e8\windows-amd64\native-platform-file-events.dll
0x00007ffee2b70000 - 0x00007ffee2b7a000 	C:\Program Files\Android\Android Studio1\jre\bin\management.dll
0x00007ffee0e10000 - 0x00007ffee0e1c000 	C:\Program Files\Android\Android Studio1\jre\bin\management_ext.dll
0x00007ffee5160000 - 0x00007ffee5178000 	C:\WINDOWS\SYSTEM32\CRYPTSP.dll
0x00007ffee48b0000 - 0x00007ffee48e4000 	C:\WINDOWS\system32\rsaenh.dll
0x00007ffee5ea0000 - 0x00007ffee5ec7000 	C:\WINDOWS\System32\bcrypt.dll
0x00007ffee5710000 - 0x00007ffee573e000 	C:\WINDOWS\SYSTEM32\USERENV.dll
0x00007ffee5150000 - 0x00007ffee515c000 	C:\WINDOWS\SYSTEM32\CRYPTBASE.dll
0x00007ffee4c00000 - 0x00007ffee4c3b000 	C:\WINDOWS\SYSTEM32\IPHLPAPI.DLL
0x00007ffee6320000 - 0x00007ffee6328000 	C:\WINDOWS\System32\NSI.dll
0x00007ffee0ce0000 - 0x00007ffee0cf7000 	C:\WINDOWS\SYSTEM32\dhcpcsvc6.DLL
0x00007ffee0c50000 - 0x00007ffee0c6d000 	C:\WINDOWS\SYSTEM32\dhcpcsvc.DLL
0x00007ffee4c40000 - 0x00007ffee4d0c000 	C:\WINDOWS\SYSTEM32\DNSAPI.dll

dbghelp: loaded successfully - version: 4.0.5 - missing functions: none
symbol engine: initialized successfully - sym options: 0x614 - pdb path: .;C:\Program Files\Android\Android Studio1\jre\bin;C:\WINDOWS\SYSTEM32;C:\WINDOWS\WinSxS\amd64_microsoft.windows.common-controls_6595b64144ccf1df_6.0.19041.1110_none_60b5254171f9507e;C:\Program Files\Android\Android Studio1\jre\bin\server;C:\Users\80010-02-05\.gradle\native\8bec1ad78214c89d9ad589b4d07fe93259594b29d510b10fafb7a158f7737e5d\windows-amd64;C:\Users\80010-02-05\.gradle\native\53dbd7edfb1c66fb8903c78663c9afc45aea4f116125fa6feffd364cf09443e8\windows-amd64

VM Arguments:
jvm_args: --add-opens=java.base/java.util=ALL-UNNAMED --add-opens=java.base/java.lang=ALL-UNNAMED --add-opens=java.base/java.lang.invoke=ALL-UNNAMED --add-opens=java.base/java.util=ALL-UNNAMED --add-opens=java.prefs/java.util.prefs=ALL-UNNAMED --add-opens=java.prefs/java.util.prefs=ALL-UNNAMED --add-opens=java.base/java.nio.charset=ALL-UNNAMED --add-opens=java.base/java.net=ALL-UNNAMED --add-opens=java.base/java.util.concurrent.atomic=ALL-UNNAMED -Xmx2048m -Dfile.encoding=UTF-8 -Duser.country=FR -Duser.language=fr -Duser.variant 
java_command: org.gradle.launcher.daemon.bootstrap.GradleDaemon 7.0.2
java_class_path (initial): C:\Users\80010-02-05\.gradle\wrapper\dists\gradle-7.0.2-bin\857tjihv64xamwrf0h14cai3r\gradle-7.0.2\lib\gradle-launcher-7.0.2.jar
Launcher Type: SUN_STANDARD

[Global flags]
     intx CICompilerCount                          = 3                                         {product} {ergonomic}
     uint ConcGCThreads                            = 2                                         {product} {ergonomic}
     uint G1ConcRefinementThreads                  = 6                                         {product} {ergonomic}
   size_t G1HeapRegionSize                         = 1048576                                   {product} {ergonomic}
    uintx GCDrainStackTargetSize                   = 64                                        {product} {ergonomic}
   size_t InitialHeapSize                          = 266338304                                 {product} {ergonomic}
   size_t MarkStackSize                            = 4194304                                   {product} {ergonomic}
   size_t MaxHeapSize                              = 2147483648                                {product} {command line}
   size_t MaxNewSize                               = 1287651328                                {product} {ergonomic}
   size_t MinHeapDeltaBytes                        = 1048576                                   {product} {ergonomic}
    uintx NonNMethodCodeHeapSize                   = 5830732                                {pd product} {ergonomic}
    uintx NonProfiledCodeHeapSize                  = 122913754                              {pd product} {ergonomic}
    uintx ProfiledCodeHeapSize                     = 122913754                              {pd product} {ergonomic}
    uintx ReservedCodeCacheSize                    = 251658240                              {pd product} {ergonomic}
     bool SegmentedCodeCache                       = true                                      {product} {ergonomic}
     bool UseCompressedClassPointers               = true                                 {lp64_product} {ergonomic}
     bool UseCompressedOops                        = true                                 {lp64_product} {ergonomic}
     bool UseG1GC                                  = true                                      {product} {ergonomic}
     bool UseLargePagesIndividualAllocation        = false                                  {pd product} {ergonomic}

Logging:
Log output configuration:
 #0: stdout all=warning uptime,level,tags
 #1: stderr all=off uptime,level,tags

Environment Variables:
JAVA_HOME=C:\Program Files\AdoptOpenJDK\jdk-16.0.1.9-hotspot\
PATH=C:\Program Files\AdoptOpenJDK\jdk-16.0.1.9-hotspot\bin;C:\Program Files\AdoptOpenJDK\jdk-11.0.5.10-hotspot\bin;C:\WINDOWS\system32;C:\WINDOWS;C:\WINDOWS\System32\Wbem;C:\WINDOWS\System32\WindowsPowerShell\v1.0\;C:\WINDOWS\System32\OpenSSH\;C:\Program Files\Git\cmd;C:\Program Files\Symfony;C:\ProgramData\ComposerSetup\bin;C:\php;C:\Users\80010-02-05\AppData\Local\Microsoft\WindowsApps;C:\Users\80010-02-05\AppData\Local\Programs\Microsoft VS Code\bin;C:\php;C:\Users\80010-02-05\AppData\Roaming\Composer\vendor\bin
USERNAME=80010-02-05
OS=Windows_NT
PROCESSOR_IDENTIFIER=Intel64 Family 6 Model 158 Stepping 10, GenuineIntel



---------------  S Y S T E M  ---------------

OS: Windows 10 , 64 bit Build 19041 (10.0.19041.1023)
OS uptime: 25 days 6:09 hours

CPU:total 6 (initial active 6) (6 cores per cpu, 1 threads per core) family 6 model 158 stepping 10 microcode 0xb4, cmov, cx8, fxsr, mmx, sse, sse2, sse3, ssse3, sse4.1, sse4.2, popcnt, avx, avx2, aes, clmul, erms, 3dnowpref, lzcnt, tsc, tscinvbit, bmi1, bmi2, adx, fma

Memory: 4k page, system-wide physical 16219M (6298M free)
TotalPageFile size 18651M (AvailPageFile size 4728M)
current process WorkingSet (physical memory assigned to process): 479M, peak: 483M
current process commit charge ("private bytes"): 539M, peak: 546M

vm_info: OpenJDK 64-Bit Server VM (11.0.10+0-b96-7249189) for windows-amd64 JRE (11.0.10+0-b96-7249189), built on Mar 31 2021 21:44:00 by "builder" with MS VC++ 14.0 (VS2015)

END.
