#
# A fatal error has been detected by the Java Runtime Environment:
#
#  EXCEPTION_ACCESS_VIOLATION (0xc0000005) at pc=0x00007ffd7cae362e, pid=14508, tid=10024
#
# JRE version: OpenJDK Runtime Environment AdoptOpenJDK-16.0.1+9 (16.0.1+9) (build 16.0.1+9)
# Java VM: OpenJDK 64-Bit Server VM AdoptOpenJDK-16.0.1+9 (16.0.1+9, mixed mode, sharing, tiered, compressed oops, compressed class ptrs, g1 gc, windows-amd64)
# Problematic frame:
# C  [native-platform-file-events.dll+0x2362e]
#
# No core dump will be written. Minidumps are not enabled by default on client versions of Windows
#
# If you would like to submit a bug report, please visit:
#   https://github.com/AdoptOpenJDK/openjdk-support/issues
# The crash happened outside the Java Virtual Machine in native code.
# See problematic frame for where to report the bug.
#

---------------  S U M M A R Y ------------

Command Line: --add-opens=java.base/java.util=ALL-UNNAMED --add-opens=java.base/java.lang=ALL-UNNAMED --add-opens=java.base/java.lang.invoke=ALL-UNNAMED --add-opens=java.base/java.util=ALL-UNNAMED --add-opens=java.prefs/java.util.prefs=ALL-UNNAMED --add-opens=java.prefs/java.util.prefs=ALL-UNNAMED --add-opens=java.base/java.nio.charset=ALL-UNNAMED --add-opens=java.base/java.net=ALL-UNNAMED --add-opens=java.base/java.util.concurrent.atomic=ALL-UNNAMED -XX:MaxMetaspaceSize=256m -XX:+HeapDumpOnOutOfMemoryError -Xms256m -Xmx512m -Dfile.encoding=windows-1252 -Duser.country=FR -Duser.language=fr -Duser.variant org.gradle.launcher.daemon.bootstrap.GradleDaemon 7.0

Host: Intel(R) Core(TM) i5-8400 CPU @ 2.80GHz, 6 cores, 15G,  Windows 10 , 64 bit Build 19041 (10.0.19041.1023)
Time: Tue Jul 27 16:01:49 2021 Paris, Madrid (heure duild 19041 (10.0.19041.1023) elapsed time: 20153.259105 seconds (0d 5h 35m 53s)

---------------  T H R E A D  ---------------

Current thread (0x0000019638e588a0):  JavaThread "File watcher server" daemon [_thread_in_native, id=10024, stack(0x000000279d600000,0x000000279d700000)]

Stack: [0x000000279d600000,0x000000279d700000],  sp=0x000000279d6fe990,  free space=1018k
Native frames: (J=compiled Java code, j=interpreted, Vv=VM code, C=native code)
C  [native-platform-file-events.dll+0x2362e]

Java frames: (J=compiled Java code, j=interpreted, Vv=VM code)
j  net.rubygrapefruit.platform.internal.jni.AbstractFileEventFunctions$NativeFileWatcher.executeRunLoop0(Ljava/lang/Object;)V+0
j  net.rubygrapefruit.platform.internal.jni.AbstractFileEventFunctions$NativeFileWatcher.access$100(Lnet/rubygrapefruit/platform/internal/jni/AbstractFileEventFunctions$NativeFileWatcher;Ljava/lang/Object;)V+2
j  net.rubygrapefruit.platform.internal.jni.AbstractFileEventFunctions$NativeFileWatcher$1.run()V+26
v  ~StubRoutines::call_stub

siginfo: EXCEPTION_ACCESS_VIOLATION (0xc0000005), reading address 0xffffffffffffffff


Register to memory mapping:

RIP=0x00007ffd7cae362e native-platform-file-events.dll
RAX=0x0074007500630065 is an unknown value
RBX=0x0000000000000001 is an unknown value
RCX=0x0074007500630065 is an unknown value
RDX=0x000000279d6fe9e8 is pointing into the stack for thread: 0x0000019638e588a0
RSP=0x000000279d6fe990 is pointing into the stack for thread: 0x0000019638e588a0
RBP=0x000000279d6ff388 is pointing into the stack for thread: 0x0000019638e588a0
RSI=0x0 is NULL
RDI=0x00000000ffffffff is an unallocated location in the heap
R8 =0x000000279d6fe9f0 is pointing into the stack for thread: 0x0000019638e588a0
R9 =0x000000007ffe6000 points into unknown readable memory: 0x00000000546c6148 | 48 61 6c 54 00 00 00 00
R10=0x00000000546c6148 is an unknown value
R11=0x0000075cac49c628 is an unknown value
R12=0x0 is NULL
R13={method} {0x000001963c747290} 'executeRunLoop0' '(Ljava/lang/Object;)V' in 'net/rubygrapefruit/platform/internal/jni/AbstractFileEventFunctions$NativeFileWatcher'
R14=0x000000279d6ff3b0 is pointing into the stack for thread: 0x0000019638e588a0
R15=0x0000019638e588a0 is a thread


Registers:
RAX=0x0074007500630065, RBX=0x0000000000000001, RCX=0x0074007500630065, RDX=0x000000279d6fe9e8
RSP=0x000000279d6fe990, RBP=0x000000279d6ff388, RSI=0x0000000000000000, RDI=0x00000000ffffffff
R8 =0x000000279d6fe9f0, R9 =0x000000007ffe6000, R10=0x00000000546c6148, R11=0x0000075cac49c628
R12=0x0000000000000000, R13=0x000001963c747288, R14=0x000000279d6ff3b0, R15=0x0000019638e588a0
RIP=0x00007ffd7cae362e, EFLAGS=0x0000000000010202

Top of Stack: (sp=0x000000279d6fe990)
0x000000279d6fe990:   0004b0f26645c898 0004b0f2578d0960
0x000000279d6fe9a0:   0004b0f26645c898 00007ffd7cafe965
0x000000279d6fe9b0:   000000279d6fea68 000000279d6fe9e8
0x000000279d6fe9c0:   0000002700000000 000000279d6fe9f8
0x000000279d6fe9d0:   000000279d6f0001 00000c026c8af016
0x000000279d6fe9e0:   000000279d6fe9f0 00000000000000f6
0x000000279d6fe9f0:   0004b0f2578d0960 0004b0f26645c898
0x000000279d6fea00:   00000000eaa000d8 00007ffd7cafe4f7
0x000000279d6fea10:   000000279d6fea68 000000279d6fea60
0x000000279d6fea20:   0000019638576b30 00007ffd7caed473
0x000000279d6fea30:   0000002700000000 000000279c1fc6f0
0x000000279d6fea40:   0004b0f26645c898 00000000000000f6
0x000000279d6fea50:   0000002700000000 000000279d6feac0
0x000000279d6fea60:   00002780442e9215 00000000000000f6
0x000000279d6fea70:   00000196398a30f0 00007ffd7cae385c
0x000000279d6fea80:   0074007500630065 0000019600000003 

Instructions: (pc=0x00007ffd7cae362e)
0x00007ffd7cae352e:   8b 00 48 89 44 24 38 48 8b 44 24 38 48 89 44 24
0x00007ffd7cae353e:   58 48 8b 84 24 b0 00 00 00 48 83 c0 08 48 89 44
0x00007ffd7cae354e:   24 40 48 8d 54 24 70 48 8b 4c 24 40 e8 84 1a fe
0x00007ffd7cae355e:   ff 48 8b 00 48 89 44 24 48 48 8b 44 24 48 48 89
0x00007ffd7cae356e:   44 24 60 4c 8b 4c 24 50 4c 8b 44 24 58 48 8b 54
0x00007ffd7cae357e:   24 60 48 8d 4c 24 78 e8 b2 48 fe ff 48 8d 4c 24
0x00007ffd7cae358e:   78 e8 a8 20 fe ff 48 8b c8 ff 15 6b ba 16 00 89
0x00007ffd7cae359e:   44 24 24 83 7c 24 24 ff 74 15 8b 44 24 24 83 e0
0x00007ffd7cae35ae:   10 85 c0 74 0a c7 44 24 28 01 00 00 00 eb 08 c7
0x00007ffd7cae35be:   44 24 28 00 00 00 00 0f b6 44 24 28 88 44 24 20
0x00007ffd7cae35ce:   48 8d 4c 24 78 e8 04 49 fe ff 0f b6 44 24 20 48
0x00007ffd7cae35de:   8b 8c 24 98 00 00 00 48 33 cc e8 35 fe fd ff 48
0x00007ffd7cae35ee:   81 c4 a8 00 00 00 c3 cc cc cc cc cc cc cc cc cc
0x00007ffd7cae35fe:   cc cc 48 89 4c 24 08 48 81 ec e8 00 00 00 48 8b
0x00007ffd7cae360e:   05 a5 1a 15 00 48 33 c4 48 89 84 24 d0 00 00 00
0x00007ffd7cae361e:   c7 44 24 30 00 00 00 00 48 8b 84 24 f0 00 00 00
0x00007ffd7cae362e:   83 78 68 03 0f 84 02 01 00 00 48 8b 84 24 f0 00
0x00007ffd7cae363e:   00 00 48 8b 48 28 ff 15 c6 b9 16 00 89 44 24 38
0x00007ffd7cae364e:   83 7c 24 38 00 0f 85 d0 00 00 00 ba 07 00 00 00
0x00007ffd7cae365e:   48 8b 0d e3 69 15 00 e8 cd d9 fd ff 88 44 24 34
0x00007ffd7cae366e:   0f b6 44 24 34 85 c0 0f 84 90 00 00 00 ff 15 97
0x00007ffd7cae367e:   b9 16 00 89 44 24 3c 48 8b 84 24 f0 00 00 00 48
0x00007ffd7cae368e:   83 c0 08 48 8b d0 48 8d 8c 24 90 00 00 00 e8 cd
0x00007ffd7cae369e:   5b fe ff 48 89 44 24 40 48 8b 44 24 40 48 89 44
0x00007ffd7cae36ae:   24 48 8b 44 24 30 83 c8 01 89 44 24 30 48 8b 4c
0x00007ffd7cae36be:   24 48 e8 4e 4d fe ff 48 89 44 24 50 48 8b 84 24
0x00007ffd7cae36ce:   f0 00 00 00 48 8b 40 28 48 89 44 24 58 8b 44 24
0x00007ffd7cae36de:   3c 89 44 24 28 48 8b 44 24 50 48 89 44 24 20 4c
0x00007ffd7cae36ee:   8b 4c 24 58 4c 8d 05 67 4f 11 00 ba 07 00 00 00
0x00007ffd7cae36fe:   48 8b 0d 43 69 15 00 e8 71 67 fe ff 90 8b 44 24
0x00007ffd7cae370e:   30 83 e0 01 85 c0 74 13 83 64 24 30 fe 48 8d 8c
0x00007ffd7cae371e:   24 90 00 00 00 e8 eb 1a fe ff 90 eb 00 48 8b 84 


Stack slot to memory mapping:
stack at sp + 0 slots: 0x0004b0f26645c898 is an unknown value
stack at sp + 1 slots: 0x0004b0f2578d0960 is an unknown value
stack at sp + 2 slots: 0x0004b0f26645c898 is an unknown value
stack at sp + 3 slots: 0x00007ffd7cafe965 native-platform-file-events.dll
stack at sp + 4 slots: 0x000000279d6fea68 is pointing into the stack for thread: 0x0000019638e588a0
stack at sp + 5 slots: 0x000000279d6fe9e8 is pointing into the stack for thread: 0x0000019638e588a0
stack at sp + 6 slots: 0x0000002700000000 is an unknown value
stack at sp + 7 slots: 0x000000279d6fe9f8 is pointing into the stack for thread: 0x0000019638e588a0


---------------  P R O C E S S  ---------------

Threads class SMR info:
_java_thread_list=0x000001963d41f210, length=47, elements={
0x00000196197aa7e0, 0x0000019636e4ff40, 0x0000019636e50a50, 0x0000019636e63080,
0x0000019636e65aa0, 0x0000019636e663b0, 0x0000019636e67cd0, 0x0000019636e699d0,
0x0000019636e723e0, 0x0000019636e72d30, 0x0000019637a033d0, 0x0000019637a04920,
0x00000196399685f0, 0x0000019639edb6c0, 0x000001963a336580, 0x0000019638e5b320,
0x0000019638e5a880, 0x0000019638e57e00, 0x0000019638e588a0, 0x0000019638e59de0,
0x000001963986e060, 0x000001963986c080, 0x0000019639870ae0, 0x000001963986db10,
0x0000019639872ac0, 0x0000019639872020, 0x000001963986eb00, 0x0000019639873010,
0x0000019639871030, 0x000001963ce72350, 0x000001963ce73890, 0x000001963ce74dd0,
0x000001963ce72df0, 0x000001963ce74330, 0x000001963ce73de0, 0x000001963ce74880,
0x000001963ce718b0, 0x000001963ce71e00, 0x000001963f3a7b10, 0x000001963f3aa590,
0x000001963f3ae550, 0x000001963f3aeaa0, 0x000001963f3ab030, 0x000001963f3ab580,
0x000001963f3ac020, 0x000001963f3acac0, 0x000001963f3ac570
}

Java Threads: ( => current thread )
  0x00000196197aa7e0 JavaThread "main" [_thread_blocked, id=14500, stack(0x000000279ae00000,0x000000279af00000)]
  0x0000019636e4ff40 JavaThread "Reference Handler" daemon [_thread_blocked, id=6272, stack(0x000000279b500000,0x000000279b600000)]
  0x0000019636e50a50 JavaThread "Finalizer" daemon [_thread_blocked, id=11196, stack(0x000000279b600000,0x000000279b700000)]
  0x0000019636e63080 JavaThread "Signal Dispatcher" daemon [_thread_blocked, id=12572, stack(0x000000279b700000,0x000000279b800000)]
  0x0000019636e65aa0 JavaThread "Attach Listener" daemon [_thread_blocked, id=6336, stack(0x000000279b800000,0x000000279b900000)]
  0x0000019636e663b0 JavaThread "Service Thread" daemon [_thread_blocked, id=12696, stack(0x000000279b900000,0x000000279ba00000)]
  0x0000019636e67cd0 JavaThread "Monitor Deflation Thread" daemon [_thread_blocked, id=10752, stack(0x000000279ba00000,0x000000279bb00000)]
  0x0000019636e699d0 JavaThread "C2 CompilerThread0" daemon [_thread_blocked, id=2816, stack(0x000000279bb00000,0x000000279bc00000)]
  0x0000019636e723e0 JavaThread "C1 CompilerThread0" daemon [_thread_blocked, id=6236, stack(0x000000279bc00000,0x000000279bd00000)]
  0x0000019636e72d30 JavaThread "Sweeper thread" daemon [_thread_blocked, id=11464, stack(0x000000279bd00000,0x000000279be00000)]
  0x0000019637a033d0 JavaThread "Common-Cleaner" daemon [_thread_blocked, id=12356, stack(0x000000279be00000,0x000000279bf00000)]
  0x0000019637a04920 JavaThread "Notification Thread" daemon [_thread_blocked, id=9788, stack(0x000000279bf00000,0x000000279c000000)]
  0x00000196399685f0 JavaThread "Daemon health stats" [_thread_blocked, id=15644, stack(0x000000279c800000,0x000000279c900000)]
  0x0000019639edb6c0 JavaThread "Incoming local TCP Connector on port 53625" [_thread_in_native, id=5216, stack(0x000000279c900000,0x000000279ca00000)]
  0x000001963a336580 JavaThread "Daemon periodic checks" [_thread_blocked, id=7152, stack(0x000000279ca00000,0x000000279cb00000)]
  0x0000019638e5b320 JavaThread "Cache worker for file hash cache (C:\Users\80010-02-05\.gradle\caches\7.0\fileHashes)" [_thread_blocked, id=4640, stack(0x000000279d200000,0x000000279d300000)]
  0x0000019638e5a880 JavaThread "File lock request listener" [_thread_in_native, id=9172, stack(0x000000279d300000,0x000000279d400000)]
  0x0000019638e57e00 JavaThread "Cache worker for journal cache (C:\Users\80010-02-05\.gradle\caches\journal-1)" [_thread_blocked, id=12628, stack(0x000000279d400000,0x000000279d500000)]
=>0x0000019638e588a0 JavaThread "File watcher server" daemon [_thread_in_native, id=10024, stack(0x000000279d600000,0x000000279d700000)]
  0x0000019638e59de0 JavaThread "File watcher consumer" daemon [_thread_blocked, id=11816, stack(0x000000279d700000,0x000000279d800000)]
  0x000001963986e060 JavaThread "Cache worker for execution history cache (C:\Users\80010-02-05\.gradle\caches\7.0\executionHistory)" [_thread_blocked, id=9880, stack(0x000000279db00000,0x000000279dc00000)]
  0x000001963986c080 JavaThread "jar transforms" [_thread_blocked, id=10604, stack(0x000000279dd00000,0x000000279de00000)]
  0x0000019639870ae0 JavaThread "jar transforms Thread 2" [_thread_blocked, id=2068, stack(0x000000279de00000,0x000000279df00000)]
  0x000001963986db10 JavaThread "Cache worker for file content cache (C:\Users\80010-02-05\.gradle\caches\7.0\fileContent)" [_thread_blocked, id=11768, stack(0x000000279df00000,0x000000279e000000)]
  0x0000019639872ac0 JavaThread "jar transforms Thread 3" [_thread_blocked, id=8776, stack(0x000000279e000000,0x000000279e100000)]
  0x0000019639872020 JavaThread "jar transforms Thread 4" [_thread_blocked, id=3528, stack(0x000000279e100000,0x000000279e200000)]
  0x000001963986eb00 JavaThread "jar transforms Thread 5" [_thread_blocked, id=10500, stack(0x000000279e200000,0x000000279e300000)]
  0x0000019639873010 JavaThread "jar transforms Thread 6" [_thread_blocked, id=14852, stack(0x000000279e300000,0x000000279e400000)]
  0x0000019639871030 JavaThread "Memory manager" [_thread_blocked, id=1244, stack(0x000000279ec00000,0x000000279ed00000)]
  0x000001963ce72350 JavaThread "Cache worker for Java compile cache (C:\Users\80010-02-05\.gradle\caches\7.0\javaCompile)" [_thread_blocked, id=276, stack(0x000000279f300000,0x000000279f400000)]
  0x000001963ce73890 JavaThread "Daemon Thread 6" [_thread_blocked, id=9088, stack(0x000000279ab00000,0x000000279ac00000)]
  0x000001963ce74dd0 JavaThread "Handler for socket connection from /127.0.0.1:53625 to /127.0.0.1:52086" [_thread_in_native, id=11980, stack(0x000000279ac00000,0x000000279ad00000)]
  0x000001963ce72df0 JavaThread "Cancel handler" [_thread_blocked, id=7768, stack(0x000000279ad00000,0x000000279ae00000)]
  0x000001963ce74330 JavaThread "Daemon worker Thread 6" [_thread_in_native, id=4440, stack(0x000000279c100000,0x000000279c200000)]
  0x000001963ce73de0 JavaThread "Asynchronous log dispatcher for DefaultDaemonConnection: socket connection from /127.0.0.1:53625 to /127.0.0.1:52086" [_thread_blocked, id=14504, stack(0x000000279cb00000,0x000000279cc00000)]
  0x000001963ce74880 JavaThread "Stdin handler" [_thread_blocked, id=15260, stack(0x000000279cc00000,0x000000279cd00000)]
  0x000001963ce718b0 JavaThread "Daemon client event forwarder" [_thread_blocked, id=5752, stack(0x000000279cd00000,0x000000279ce00000)]
  0x000001963ce71e00 JavaThread "Cache worker for file hash cache (U:\80010-02-05\CDA\JDBC-JAVA\.gradle\7.0\fileHashes)" [_thread_blocked, id=3400, stack(0x000000279ce00000,0x000000279cf00000)]
  0x000001963f3a7b10 JavaThread "Cache worker for checksums cache (U:\80010-02-05\CDA\JDBC-JAVA\.gradle\checksums)" [_thread_blocked, id=16040, stack(0x000000279cf00000,0x000000279d000000)]
  0x000001963f3aa590 JavaThread "Cache worker for cache directory md-rule (C:\Users\80010-02-05\.gradle\caches\7.0\md-rule)" [_thread_blocked, id=9544, stack(0x000000279d100000,0x000000279d200000)]
  0x000001963f3ae550 JavaThread "Cache worker for dependencies-accessors (U:\80010-02-05\CDA\JDBC-JAVA\.gradle\7.0\dependencies-accessors)" [_thread_blocked, id=10372, stack(0x000000279d800000,0x000000279d900000)]
  0x000001963f3aeaa0 JavaThread "Build operations" [_thread_blocked, id=8136, stack(0x000000279da00000,0x000000279db00000)]
  0x000001963f3ab030 JavaThread "Build operations Thread 2" [_thread_blocked, id=1420, stack(0x000000279e400000,0x000000279e500000)]
  0x000001963f3ab580 JavaThread "Build operations Thread 3" [_thread_blocked, id=3376, stack(0x000000279e500000,0x000000279e600000)]
  0x000001963f3ac020 JavaThread "Build operations Thread 4" [_thread_blocked, id=13624, stack(0x000000279e600000,0x000000279e700000)]
  0x000001963f3acac0 JavaThread "Build operations Thread 5" [_thread_blocked, id=14308, stack(0x000000279e700000,0x000000279e800000)]
  0x000001963f3ac570 JavaThread "Build operations Thread 6" [_thread_blocked, id=8884, stack(0x000000279e800000,0x000000279e900000)]

Other Threads:
  0x0000019636e48120 VMThread "VM Thread" [stack: 0x000000279b400000,0x000000279b500000] [id=4932]
  0x0000019637a05650 WatcherThread [stack: 0x000000279c000000,0x000000279c100000] [id=6560]
  0x0000019619983bd0 GCTaskThread "GC Thread#0" [stack: 0x000000279af00000,0x000000279b000000] [id=15552]
  0x0000019637dcfb80 GCTaskThread "GC Thread#1" [stack: 0x000000279c200000,0x000000279c300000] [id=15684]
  0x0000019637dcfe90 GCTaskThread "GC Thread#2" [stack: 0x000000279c300000,0x000000279c400000] [id=7724]
  0x0000019637dd01a0 GCTaskThread "GC Thread#3" [stack: 0x000000279c400000,0x000000279c500000] [id=14104]
  0x0000019638355210 GCTaskThread "GC Thread#4" [stack: 0x000000279c500000,0x000000279c600000] [id=2224]
  0x0000019637ec1810 GCTaskThread "GC Thread#5" [stack: 0x000000279c600000,0x000000279c700000] [id=11528]
  0x0000019619988ac0 ConcurrentGCThread "G1 Main Marker" [stack: 0x000000279b000000,0x000000279b100000] [id=11504]
  0x0000019619989360 ConcurrentGCThread "G1 Conc#0" [stack: 0x000000279b100000,0x000000279b200000] [id=5352]
  0x0000019637ebfc80 ConcurrentGCThread "G1 Conc#1" [stack: 0x000000279dc00000,0x000000279dd00000] [id=10440]
  0x0000019619a3da30 ConcurrentGCThread "G1 Refine#0" [stack: 0x000000279b200000,0x000000279b300000] [id=6392]
  0x0000019638163750 ConcurrentGCThread "G1 Refine#1" [stack: 0x000000279c700000,0x000000279c800000] [id=2732]
  0x00000196387ac8d0 ConcurrentGCThread "G1 Refine#2" [stack: 0x000000279f500000,0x000000279f600000] [id=6596]
  0x00000196387acc10 ConcurrentGCThread "G1 Refine#3" [stack: 0x000000279f600000,0x000000279f700000] [id=9720]
  0x00000196387ad5d0 ConcurrentGCThread "G1 Refine#4" [stack: 0x000000279f700000,0x000000279f800000] [id=10536]
  0x0000019619a3e2e0 ConcurrentGCThread "G1 Service" [stack: 0x000000279b300000,0x000000279b400000] [id=3760]

Threads with active compile tasks:

VM state: not at safepoint (normal execution)

VM Mutex/Monitor currently owned by a thread: None

Heap address: 0x00000000e0000000, size: 512 MB, Compressed Oops mode: 32-bit

CDS archive(s) mapped at: [0x0000000800000000-0x0000000800bf0000-0x0000000800bf0000), size 12517376, SharedBaseAddress: 0x0000000800000000, ArchiveRelocationMode: 0.
Compressed class space mapped at: 0x0000000800c00000-0x000000080dc00000, reserved size: 218103808
Narrow klass base: 0x0000000800000000, Narrow klass shift: 3, Narrow klass range: 0x100000000

GC Precious Log:
 CPUs: 6 total, 6 available
 Memory: 16219M
 Large Page Support: Disabled
 NUMA Support: Disabled
 Compressed Oops: Enabled (32-bit)
 Heap Region Size: 1M
 Heap Min Capacity: 256M
 Heap Initial Capacity: 256M
 Heap Max Capacity: 512M
 Pre-touch: Disabled
 Parallel Workers: 6
 Concurrent Workers: 2
 Concurrent Refinement Workers: 6
 Periodic GC: Disabled

Heap:
 garbage-first heap   total 262144K, used 194180K [0x00000000e0000000, 0x0000000100000000)
  region size 1024K, 138 young (141312K), 14 survivors (14336K)
 Metaspace       used 78628K, committed 80128K, reserved 286720K
  class space    used 9813K, committed 10432K, reserved 212992K

Heap Regions: E=young(eden), S=young(survivor), O=old, HS=humongous(starts), HC=humongous(continues), CS=collection set, F=free, OA=open archive, CA=closed archive, TAMS=top-at-mark-start (previous, next)
|   0|0x00000000e0000000, 0x00000000e0100000, 0x00000000e0100000|100%| O|  |TAMS 0x00000000e0100000, 0x00000000e0000000| Untracked 
|   1|0x00000000e0100000, 0x00000000e0200000, 0x00000000e0200000|100%| O|  |TAMS 0x00000000e0200000, 0x00000000e0100000| Untracked 
|   2|0x00000000e0200000, 0x00000000e0300000, 0x00000000e0300000|100%| O|  |TAMS 0x00000000e0300000, 0x00000000e0200000| Untracked 
|   3|0x00000000e0300000, 0x00000000e0400000, 0x00000000e0400000|100%|HS|  |TAMS 0x00000000e0400000, 0x00000000e0300000| Complete 
|   4|0x00000000e0400000, 0x00000000e0500000, 0x00000000e0500000|100%|HC|  |TAMS 0x00000000e0500000, 0x00000000e0400000| Complete 
|   5|0x00000000e0500000, 0x00000000e0600000, 0x00000000e0600000|100%|HC|  |TAMS 0x00000000e0600000, 0x00000000e0500000| Complete 
|   6|0x00000000e0600000, 0x00000000e0700000, 0x00000000e0700000|100%| O|  |TAMS 0x00000000e0700000, 0x00000000e0600000| Untracked 
|   7|0x00000000e0700000, 0x00000000e0800000, 0x00000000e0800000|100%| O|  |TAMS 0x00000000e0800000, 0x00000000e0700000| Untracked 
|   8|0x00000000e0800000, 0x00000000e0900000, 0x00000000e0900000|100%| O|  |TAMS 0x00000000e0900000, 0x00000000e0800000| Untracked 
|   9|0x00000000e0900000, 0x00000000e0a00000, 0x00000000e0a00000|100%| O|  |TAMS 0x00000000e0a00000, 0x00000000e0900000| Untracked 
|  10|0x00000000e0a00000, 0x00000000e0b00000, 0x00000000e0b00000|100%| O|  |TAMS 0x00000000e0b00000, 0x00000000e0a00000| Untracked 
|  11|0x00000000e0b00000, 0x00000000e0c00000, 0x00000000e0c00000|100%| O|  |TAMS 0x00000000e0c00000, 0x00000000e0b00000| Untracked 
|  12|0x00000000e0c00000, 0x00000000e0d00000, 0x00000000e0d00000|100%| O|  |TAMS 0x00000000e0d00000, 0x00000000e0c00000| Untracked 
|  13|0x00000000e0d00000, 0x00000000e0e00000, 0x00000000e0e00000|100%| O|  |TAMS 0x00000000e0e00000, 0x00000000e0d00000| Untracked 
|  14|0x00000000e0e00000, 0x00000000e0f00000, 0x00000000e0f00000|100%| O|  |TAMS 0x00000000e0f00000, 0x00000000e0e00000| Untracked 
|  15|0x00000000e0f00000, 0x00000000e1000000, 0x00000000e1000000|100%| O|  |TAMS 0x00000000e1000000, 0x00000000e0f00000| Untracked 
|  16|0x00000000e1000000, 0x00000000e1100000, 0x00000000e1100000|100%| O|  |TAMS 0x00000000e1100000, 0x00000000e1000000| Untracked 
|  17|0x00000000e1100000, 0x00000000e1200000, 0x00000000e1200000|100%| O|  |TAMS 0x00000000e1200000, 0x00000000e1100000| Untracked 
|  18|0x00000000e1200000, 0x00000000e1300000, 0x00000000e1300000|100%| O|  |TAMS 0x00000000e1300000, 0x00000000e1200000| Untracked 
|  19|0x00000000e1300000, 0x00000000e1400000, 0x00000000e1400000|100%| O|  |TAMS 0x00000000e1400000, 0x00000000e1300000| Untracked 
|  20|0x00000000e1400000, 0x00000000e1500000, 0x00000000e1500000|100%| O|  |TAMS 0x00000000e1500000, 0x00000000e1400000| Untracked 
|  21|0x00000000e1500000, 0x00000000e1600000, 0x00000000e1600000|100%| O|  |TAMS 0x00000000e1600000, 0x00000000e1500000| Untracked 
|  22|0x00000000e1600000, 0x00000000e1700000, 0x00000000e1700000|100%| O|  |TAMS 0x00000000e1700000, 0x00000000e1600000| Untracked 
|  23|0x00000000e1700000, 0x00000000e1800000, 0x00000000e1800000|100%| O|  |TAMS 0x00000000e1800000, 0x00000000e1700000| Untracked 
|  24|0x00000000e1800000, 0x00000000e1900000, 0x00000000e1900000|100%| O|  |TAMS 0x00000000e1900000, 0x00000000e1800000| Untracked 
|  25|0x00000000e1900000, 0x00000000e1a00000, 0x00000000e1a00000|100%| O|  |TAMS 0x00000000e1a00000, 0x00000000e1900000| Untracked 
|  26|0x00000000e1a00000, 0x00000000e1b00000, 0x00000000e1b00000|100%| O|  |TAMS 0x00000000e1b00000, 0x00000000e1a00000| Untracked 
|  27|0x00000000e1b00000, 0x00000000e1c00000, 0x00000000e1c00000|100%| O|  |TAMS 0x00000000e1c00000, 0x00000000e1b00000| Untracked 
|  28|0x00000000e1c00000, 0x00000000e1d00000, 0x00000000e1d00000|100%| O|  |TAMS 0x00000000e1d00000, 0x00000000e1c00000| Untracked 
|  29|0x00000000e1d00000, 0x00000000e1e00000, 0x00000000e1e00000|100%| O|  |TAMS 0x00000000e1e00000, 0x00000000e1d00000| Untracked 
|  30|0x00000000e1e00000, 0x00000000e1f00000, 0x00000000e1f00000|100%| O|  |TAMS 0x00000000e1f00000, 0x00000000e1e00000| Untracked 
|  31|0x00000000e1f00000, 0x00000000e2000000, 0x00000000e2000000|100%| O|  |TAMS 0x00000000e2000000, 0x00000000e1f00000| Untracked 
|  32|0x00000000e2000000, 0x00000000e2100000, 0x00000000e2100000|100%| O|  |TAMS 0x00000000e2100000, 0x00000000e2000000| Untracked 
|  33|0x00000000e2100000, 0x00000000e2200000, 0x00000000e2200000|100%| O|  |TAMS 0x00000000e2200000, 0x00000000e2100000| Untracked 
|  34|0x00000000e2200000, 0x00000000e2300000, 0x00000000e2300000|100%| O|  |TAMS 0x00000000e2300000, 0x00000000e2200000| Untracked 
|  35|0x00000000e2300000, 0x00000000e2400000, 0x00000000e2400000|100%| O|  |TAMS 0x00000000e2400000, 0x00000000e2300000| Untracked 
|  36|0x00000000e2400000, 0x00000000e2500000, 0x00000000e2500000|100%| O|  |TAMS 0x00000000e2500000, 0x00000000e2400000| Untracked 
|  37|0x00000000e2500000, 0x00000000e2600000, 0x00000000e2600000|100%| O|  |TAMS 0x00000000e2600000, 0x00000000e2500000| Untracked 
|  38|0x00000000e2600000, 0x00000000e2700000, 0x00000000e2700000|100%| O|  |TAMS 0x00000000e2700000, 0x00000000e2600000| Untracked 
|  39|0x00000000e2700000, 0x00000000e2800000, 0x00000000e2800000|100%| O|  |TAMS 0x00000000e2800000, 0x00000000e2700000| Untracked 
|  40|0x00000000e2800000, 0x00000000e2900000, 0x00000000e2900000|100%| O|  |TAMS 0x00000000e2900000, 0x00000000e2800000| Untracked 
|  41|0x00000000e2900000, 0x00000000e2a00000, 0x00000000e2a00000|100%| O|  |TAMS 0x00000000e297c400, 0x00000000e2900000| Untracked 
|  42|0x00000000e2a00000, 0x00000000e2b00000, 0x00000000e2b00000|100%| O|  |TAMS 0x00000000e2a00000, 0x00000000e2a00000| Untracked 
|  43|0x00000000e2b00000, 0x00000000e2c00000, 0x00000000e2c00000|100%| O|  |TAMS 0x00000000e2b00000, 0x00000000e2b00000| Untracked 
|  44|0x00000000e2c00000, 0x00000000e2d00000, 0x00000000e2d00000|100%| O|  |TAMS 0x00000000e2c00000, 0x00000000e2c00000| Untracked 
|  45|0x00000000e2d00000, 0x00000000e2e00000, 0x00000000e2e00000|100%| O|  |TAMS 0x00000000e2d00000, 0x00000000e2d00000| Untracked 
|  46|0x00000000e2e00000, 0x00000000e2f00000, 0x00000000e2f00000|100%| O|  |TAMS 0x00000000e2e00000, 0x00000000e2e00000| Untracked 
|  47|0x00000000e2f00000, 0x00000000e3000000, 0x00000000e3000000|100%| O|  |TAMS 0x00000000e2f00000, 0x00000000e2f00000| Untracked 
|  48|0x00000000e3000000, 0x00000000e3100000, 0x00000000e3100000|100%| O|  |TAMS 0x00000000e3000000, 0x00000000e3000000| Untracked 
|  49|0x00000000e3100000, 0x00000000e3200000, 0x00000000e3200000|100%| O|  |TAMS 0x00000000e3100000, 0x00000000e3100000| Untracked 
|  50|0x00000000e3200000, 0x00000000e3300000, 0x00000000e3300000|100%| O|  |TAMS 0x00000000e3200000, 0x00000000e3200000| Untracked 
|  51|0x00000000e3300000, 0x00000000e3400000, 0x00000000e3400000|100%| O|  |TAMS 0x00000000e3300000, 0x00000000e3300000| Untracked 
|  52|0x00000000e3400000, 0x00000000e3500000, 0x00000000e3500000|100%| O|  |TAMS 0x00000000e3400000, 0x00000000e3400000| Untracked 
|  53|0x00000000e3500000, 0x00000000e35e9800, 0x00000000e3600000| 91%| O|  |TAMS 0x00000000e3500000, 0x00000000e3500000| Untracked 
|  54|0x00000000e3600000, 0x00000000e3600000, 0x00000000e3700000|  0%| F|  |TAMS 0x00000000e3600000, 0x00000000e3600000| Untracked 
|  55|0x00000000e3700000, 0x00000000e3700000, 0x00000000e3800000|  0%| F|  |TAMS 0x00000000e3700000, 0x00000000e3700000| Untracked 
|  56|0x00000000e3800000, 0x00000000e3800000, 0x00000000e3900000|  0%| F|  |TAMS 0x00000000e3800000, 0x00000000e3800000| Untracked 
|  57|0x00000000e3900000, 0x00000000e3900000, 0x00000000e3a00000|  0%| F|  |TAMS 0x00000000e3900000, 0x00000000e3900000| Untracked 
|  58|0x00000000e3a00000, 0x00000000e3a00000, 0x00000000e3b00000|  0%| F|  |TAMS 0x00000000e3a00000, 0x00000000e3a00000| Untracked 
|  59|0x00000000e3b00000, 0x00000000e3b00000, 0x00000000e3c00000|  0%| F|  |TAMS 0x00000000e3b00000, 0x00000000e3b00000| Untracked 
|  60|0x00000000e3c00000, 0x00000000e3c00000, 0x00000000e3d00000|  0%| F|  |TAMS 0x00000000e3c00000, 0x00000000e3c00000| Untracked 
|  61|0x00000000e3d00000, 0x00000000e3d00000, 0x00000000e3e00000|  0%| F|  |TAMS 0x00000000e3d00000, 0x00000000e3d00000| Untracked 
|  62|0x00000000e3e00000, 0x00000000e3e00000, 0x00000000e3f00000|  0%| F|  |TAMS 0x00000000e3e00000, 0x00000000e3e00000| Untracked 
|  63|0x00000000e3f00000, 0x00000000e3f00000, 0x00000000e4000000|  0%| F|  |TAMS 0x00000000e3f00000, 0x00000000e3f00000| Untracked 
|  64|0x00000000e4000000, 0x00000000e4000000, 0x00000000e4100000|  0%| F|  |TAMS 0x00000000e4000000, 0x00000000e4000000| Untracked 
|  65|0x00000000e4100000, 0x00000000e4100000, 0x00000000e4200000|  0%| F|  |TAMS 0x00000000e4100000, 0x00000000e4100000| Untracked 
|  66|0x00000000e4200000, 0x00000000e4200000, 0x00000000e4300000|  0%| F|  |TAMS 0x00000000e4200000, 0x00000000e4200000| Untracked 
|  67|0x00000000e4300000, 0x00000000e4300000, 0x00000000e4400000|  0%| F|  |TAMS 0x00000000e4300000, 0x00000000e4300000| Untracked 
|  68|0x00000000e4400000, 0x00000000e4400000, 0x00000000e4500000|  0%| F|  |TAMS 0x00000000e4400000, 0x00000000e4400000| Untracked 
|  69|0x00000000e4500000, 0x00000000e4500000, 0x00000000e4600000|  0%| F|  |TAMS 0x00000000e4500000, 0x00000000e4500000| Untracked 
|  70|0x00000000e4600000, 0x00000000e4600000, 0x00000000e4700000|  0%| F|  |TAMS 0x00000000e4600000, 0x00000000e4600000| Untracked 
|  71|0x00000000e4700000, 0x00000000e4700000, 0x00000000e4800000|  0%| F|  |TAMS 0x00000000e4700000, 0x00000000e4700000| Untracked 
|  72|0x00000000e4800000, 0x00000000e4800000, 0x00000000e4900000|  0%| F|  |TAMS 0x00000000e4800000, 0x00000000e4800000| Untracked 
|  73|0x00000000e4900000, 0x00000000e4900000, 0x00000000e4a00000|  0%| F|  |TAMS 0x00000000e4900000, 0x00000000e4900000| Untracked 
|  74|0x00000000e4a00000, 0x00000000e4a00000, 0x00000000e4b00000|  0%| F|  |TAMS 0x00000000e4a00000, 0x00000000e4a00000| Untracked 
|  75|0x00000000e4b00000, 0x00000000e4b00000, 0x00000000e4c00000|  0%| F|  |TAMS 0x00000000e4b00000, 0x00000000e4b00000| Untracked 
|  76|0x00000000e4c00000, 0x00000000e4c00000, 0x00000000e4d00000|  0%| F|  |TAMS 0x00000000e4c00000, 0x00000000e4c00000| Untracked 
|  77|0x00000000e4d00000, 0x00000000e4d00000, 0x00000000e4e00000|  0%| F|  |TAMS 0x00000000e4d00000, 0x00000000e4d00000| Untracked 
|  78|0x00000000e4e00000, 0x00000000e4e00000, 0x00000000e4f00000|  0%| F|  |TAMS 0x00000000e4e00000, 0x00000000e4e00000| Untracked 
|  79|0x00000000e4f00000, 0x00000000e4f00000, 0x00000000e5000000|  0%| F|  |TAMS 0x00000000e4f00000, 0x00000000e4f00000| Untracked 
|  80|0x00000000e5000000, 0x00000000e5000000, 0x00000000e5100000|  0%| F|  |TAMS 0x00000000e5000000, 0x00000000e5000000| Untracked 
|  81|0x00000000e5100000, 0x00000000e5100000, 0x00000000e5200000|  0%| F|  |TAMS 0x00000000e5100000, 0x00000000e5100000| Untracked 
|  82|0x00000000e5200000, 0x00000000e5200000, 0x00000000e5300000|  0%| F|  |TAMS 0x00000000e5200000, 0x00000000e5200000| Untracked 
|  83|0x00000000e5300000, 0x00000000e5300000, 0x00000000e5400000|  0%| F|  |TAMS 0x00000000e5300000, 0x00000000e5300000| Untracked 
|  84|0x00000000e5400000, 0x00000000e5400000, 0x00000000e5500000|  0%| F|  |TAMS 0x00000000e5400000, 0x00000000e5400000| Untracked 
|  85|0x00000000e5500000, 0x00000000e5500000, 0x00000000e5600000|  0%| F|  |TAMS 0x00000000e5500000, 0x00000000e5500000| Untracked 
|  86|0x00000000e5600000, 0x00000000e5600000, 0x00000000e5700000|  0%| F|  |TAMS 0x00000000e5600000, 0x00000000e5600000| Untracked 
|  87|0x00000000e5700000, 0x00000000e5700000, 0x00000000e5800000|  0%| F|  |TAMS 0x00000000e5700000, 0x00000000e5700000| Untracked 
|  88|0x00000000e5800000, 0x00000000e5800000, 0x00000000e5900000|  0%| F|  |TAMS 0x00000000e5800000, 0x00000000e5800000| Untracked 
|  89|0x00000000e5900000, 0x00000000e59b78c8, 0x00000000e5a00000| 71%| S|CS|TAMS 0x00000000e5900000, 0x00000000e5900000| Complete 
|  90|0x00000000e5a00000, 0x00000000e5b00000, 0x00000000e5b00000|100%| S|CS|TAMS 0x00000000e5a00000, 0x00000000e5a00000| Complete 
|  91|0x00000000e5b00000, 0x00000000e5c00000, 0x00000000e5c00000|100%| S|CS|TAMS 0x00000000e5b00000, 0x00000000e5b00000| Complete 
|  92|0x00000000e5c00000, 0x00000000e5d00000, 0x00000000e5d00000|100%| S|CS|TAMS 0x00000000e5c00000, 0x00000000e5c00000| Complete 
|  93|0x00000000e5d00000, 0x00000000e5e00000, 0x00000000e5e00000|100%| S|CS|TAMS 0x00000000e5d00000, 0x00000000e5d00000| Complete 
|  94|0x00000000e5e00000, 0x00000000e5f00000, 0x00000000e5f00000|100%| S|CS|TAMS 0x00000000e5e00000, 0x00000000e5e00000| Complete 
|  95|0x00000000e5f00000, 0x00000000e6000000, 0x00000000e6000000|100%| S|CS|TAMS 0x00000000e5f00000, 0x00000000e5f00000| Complete 
|  96|0x00000000e6000000, 0x00000000e6100000, 0x00000000e6100000|100%| S|CS|TAMS 0x00000000e6000000, 0x00000000e6000000| Complete 
|  97|0x00000000e6100000, 0x00000000e6200000, 0x00000000e6200000|100%| S|CS|TAMS 0x00000000e6100000, 0x00000000e6100000| Complete 
|  98|0x00000000e6200000, 0x00000000e6300000, 0x00000000e6300000|100%| S|CS|TAMS 0x00000000e6200000, 0x00000000e6200000| Complete 
|  99|0x00000000e6300000, 0x00000000e6400000, 0x00000000e6400000|100%| S|CS|TAMS 0x00000000e6300000, 0x00000000e6300000| Complete 
| 100|0x00000000e6400000, 0x00000000e6400000, 0x00000000e6500000|  0%| F|  |TAMS 0x00000000e6400000, 0x00000000e6400000| Untracked 
| 101|0x00000000e6500000, 0x00000000e6500000, 0x00000000e6600000|  0%| F|  |TAMS 0x00000000e6500000, 0x00000000e6500000| Untracked 
| 102|0x00000000e6600000, 0x00000000e6600000, 0x00000000e6700000|  0%| F|  |TAMS 0x00000000e6600000, 0x00000000e6600000| Untracked 
| 103|0x00000000e6700000, 0x00000000e6800000, 0x00000000e6800000|100%| S|CS|TAMS 0x00000000e6700000, 0x00000000e6700000| Complete 
| 104|0x00000000e6800000, 0x00000000e6900000, 0x00000000e6900000|100%| S|CS|TAMS 0x00000000e6800000, 0x00000000e6800000| Complete 
| 105|0x00000000e6900000, 0x00000000e6a00000, 0x00000000e6a00000|100%| S|CS|TAMS 0x00000000e6900000, 0x00000000e6900000| Complete 
| 106|0x00000000e6a00000, 0x00000000e6a00000, 0x00000000e6b00000|  0%| F|  |TAMS 0x00000000e6a00000, 0x00000000e6a00000| Untracked 
| 107|0x00000000e6b00000, 0x00000000e6b00000, 0x00000000e6c00000|  0%| F|  |TAMS 0x00000000e6b00000, 0x00000000e6b00000| Untracked 
| 108|0x00000000e6c00000, 0x00000000e6c00000, 0x00000000e6d00000|  0%| F|  |TAMS 0x00000000e6c00000, 0x00000000e6c00000| Untracked 
| 109|0x00000000e6d00000, 0x00000000e6d00000, 0x00000000e6e00000|  0%| F|  |TAMS 0x00000000e6d00000, 0x00000000e6d00000| Untracked 
| 110|0x00000000e6e00000, 0x00000000e6e00000, 0x00000000e6f00000|  0%| F|  |TAMS 0x00000000e6e00000, 0x00000000e6e00000| Untracked 
| 111|0x00000000e6f00000, 0x00000000e6f00000, 0x00000000e7000000|  0%| F|  |TAMS 0x00000000e6f00000, 0x00000000e6f00000| Untracked 
| 112|0x00000000e7000000, 0x00000000e7000000, 0x00000000e7100000|  0%| F|  |TAMS 0x00000000e7000000, 0x00000000e7000000| Untracked 
| 113|0x00000000e7100000, 0x00000000e7100000, 0x00000000e7200000|  0%| F|  |TAMS 0x00000000e7100000, 0x00000000e7100000| Untracked 
| 114|0x00000000e7200000, 0x00000000e7200000, 0x00000000e7300000|  0%| F|  |TAMS 0x00000000e7200000, 0x00000000e7200000| Untracked 
| 115|0x00000000e7300000, 0x00000000e7300000, 0x00000000e7400000|  0%| F|  |TAMS 0x00000000e7300000, 0x00000000e7300000| Untracked 
| 116|0x00000000e7400000, 0x00000000e7400000, 0x00000000e7500000|  0%| F|  |TAMS 0x00000000e7400000, 0x00000000e7400000| Untracked 
| 117|0x00000000e7500000, 0x00000000e7500000, 0x00000000e7600000|  0%| F|  |TAMS 0x00000000e7500000, 0x00000000e7500000| Untracked 
| 118|0x00000000e7600000, 0x00000000e7600000, 0x00000000e7700000|  0%| F|  |TAMS 0x00000000e7600000, 0x00000000e7600000| Untracked 
| 119|0x00000000e7700000, 0x00000000e7700000, 0x00000000e7800000|  0%| F|  |TAMS 0x00000000e7700000, 0x00000000e7700000| Untracked 
| 120|0x00000000e7800000, 0x00000000e7800000, 0x00000000e7900000|  0%| F|  |TAMS 0x00000000e7800000, 0x00000000e7800000| Untracked 
| 121|0x00000000e7900000, 0x00000000e7900000, 0x00000000e7a00000|  0%| F|  |TAMS 0x00000000e7900000, 0x00000000e7900000| Untracked 
| 122|0x00000000e7a00000, 0x00000000e7a00000, 0x00000000e7b00000|  0%| F|  |TAMS 0x00000000e7a00000, 0x00000000e7a00000| Untracked 
| 123|0x00000000e7b00000, 0x00000000e7b00000, 0x00000000e7c00000|  0%| F|  |TAMS 0x00000000e7b00000, 0x00000000e7b00000| Untracked 
| 124|0x00000000e7c00000, 0x00000000e7c00000, 0x00000000e7d00000|  0%| F|  |TAMS 0x00000000e7c00000, 0x00000000e7c00000| Untracked 
| 125|0x00000000e7d00000, 0x00000000e7d00000, 0x00000000e7e00000|  0%| F|  |TAMS 0x00000000e7d00000, 0x00000000e7d00000| Untracked 
| 126|0x00000000e7e00000, 0x00000000e7e00000, 0x00000000e7f00000|  0%| F|  |TAMS 0x00000000e7e00000, 0x00000000e7e00000| Untracked 
| 127|0x00000000e7f00000, 0x00000000e7f00000, 0x00000000e8000000|  0%| F|  |TAMS 0x00000000e7f00000, 0x00000000e7f00000| Untracked 
| 128|0x00000000e8000000, 0x00000000e8000000, 0x00000000e8100000|  0%| F|  |TAMS 0x00000000e8000000, 0x00000000e8000000| Untracked 
| 129|0x00000000e8100000, 0x00000000e8100000, 0x00000000e8200000|  0%| F|  |TAMS 0x00000000e8100000, 0x00000000e8100000| Untracked 
| 130|0x00000000e8200000, 0x00000000e8200000, 0x00000000e8300000|  0%| F|  |TAMS 0x00000000e8200000, 0x00000000e8200000| Untracked 
| 131|0x00000000e8300000, 0x00000000e8300000, 0x00000000e8400000|  0%| F|  |TAMS 0x00000000e8300000, 0x00000000e8300000| Untracked 
| 132|0x00000000e8400000, 0x00000000e8441940, 0x00000000e8500000| 25%| E|  |TAMS 0x00000000e8400000, 0x00000000e8400000| Complete 
| 133|0x00000000e8500000, 0x00000000e8600000, 0x00000000e8600000|100%| E|  |TAMS 0x00000000e8500000, 0x00000000e8500000| Complete 
| 134|0x00000000e8600000, 0x00000000e8700000, 0x00000000e8700000|100%| E|CS|TAMS 0x00000000e8600000, 0x00000000e8600000| Complete 
| 135|0x00000000e8700000, 0x00000000e8800000, 0x00000000e8800000|100%| E|CS|TAMS 0x00000000e8700000, 0x00000000e8700000| Complete 
| 136|0x00000000e8800000, 0x00000000e8900000, 0x00000000e8900000|100%| E|CS|TAMS 0x00000000e8800000, 0x00000000e8800000| Complete 
| 137|0x00000000e8900000, 0x00000000e8a00000, 0x00000000e8a00000|100%| E|CS|TAMS 0x00000000e8900000, 0x00000000e8900000| Complete 
| 138|0x00000000e8a00000, 0x00000000e8b00000, 0x00000000e8b00000|100%| E|CS|TAMS 0x00000000e8a00000, 0x00000000e8a00000| Complete 
| 139|0x00000000e8b00000, 0x00000000e8c00000, 0x00000000e8c00000|100%| E|CS|TAMS 0x00000000e8b00000, 0x00000000e8b00000| Complete 
| 140|0x00000000e8c00000, 0x00000000e8d00000, 0x00000000e8d00000|100%| E|CS|TAMS 0x00000000e8c00000, 0x00000000e8c00000| Complete 
| 141|0x00000000e8d00000, 0x00000000e8e00000, 0x00000000e8e00000|100%| E|CS|TAMS 0x00000000e8d00000, 0x00000000e8d00000| Complete 
| 142|0x00000000e8e00000, 0x00000000e8f00000, 0x00000000e8f00000|100%| E|CS|TAMS 0x00000000e8e00000, 0x00000000e8e00000| Complete 
| 143|0x00000000e8f00000, 0x00000000e9000000, 0x00000000e9000000|100%| E|CS|TAMS 0x00000000e8f00000, 0x00000000e8f00000| Complete 
| 144|0x00000000e9000000, 0x00000000e9100000, 0x00000000e9100000|100%| E|CS|TAMS 0x00000000e9000000, 0x00000000e9000000| Complete 
| 145|0x00000000e9100000, 0x00000000e9200000, 0x00000000e9200000|100%| E|CS|TAMS 0x00000000e9100000, 0x00000000e9100000| Complete 
| 146|0x00000000e9200000, 0x00000000e9300000, 0x00000000e9300000|100%| E|CS|TAMS 0x00000000e9200000, 0x00000000e9200000| Complete 
| 147|0x00000000e9300000, 0x00000000e9400000, 0x00000000e9400000|100%| E|CS|TAMS 0x00000000e9300000, 0x00000000e9300000| Complete 
| 148|0x00000000e9400000, 0x00000000e9500000, 0x00000000e9500000|100%| E|CS|TAMS 0x00000000e9400000, 0x00000000e9400000| Complete 
| 149|0x00000000e9500000, 0x00000000e9600000, 0x00000000e9600000|100%| E|CS|TAMS 0x00000000e9500000, 0x00000000e9500000| Complete 
| 150|0x00000000e9600000, 0x00000000e9700000, 0x00000000e9700000|100%| E|CS|TAMS 0x00000000e9600000, 0x00000000e9600000| Complete 
| 151|0x00000000e9700000, 0x00000000e9800000, 0x00000000e9800000|100%| E|CS|TAMS 0x00000000e9700000, 0x00000000e9700000| Complete 
| 152|0x00000000e9800000, 0x00000000e9900000, 0x00000000e9900000|100%| E|CS|TAMS 0x00000000e9800000, 0x00000000e9800000| Complete 
| 153|0x00000000e9900000, 0x00000000e9a00000, 0x00000000e9a00000|100%| E|CS|TAMS 0x00000000e9900000, 0x00000000e9900000| Complete 
| 154|0x00000000e9a00000, 0x00000000e9b00000, 0x00000000e9b00000|100%| E|CS|TAMS 0x00000000e9a00000, 0x00000000e9a00000| Complete 
| 155|0x00000000e9b00000, 0x00000000e9c00000, 0x00000000e9c00000|100%| E|CS|TAMS 0x00000000e9b00000, 0x00000000e9b00000| Complete 
| 156|0x00000000e9c00000, 0x00000000e9d00000, 0x00000000e9d00000|100%| E|CS|TAMS 0x00000000e9c00000, 0x00000000e9c00000| Complete 
| 157|0x00000000e9d00000, 0x00000000e9e00000, 0x00000000e9e00000|100%| E|CS|TAMS 0x00000000e9d00000, 0x00000000e9d00000| Complete 
| 158|0x00000000e9e00000, 0x00000000e9f00000, 0x00000000e9f00000|100%| E|CS|TAMS 0x00000000e9e00000, 0x00000000e9e00000| Complete 
| 159|0x00000000e9f00000, 0x00000000ea000000, 0x00000000ea000000|100%| E|CS|TAMS 0x00000000e9f00000, 0x00000000e9f00000| Complete 
| 160|0x00000000ea000000, 0x00000000ea100000, 0x00000000ea100000|100%| E|CS|TAMS 0x00000000ea000000, 0x00000000ea000000| Complete 
| 161|0x00000000ea100000, 0x00000000ea200000, 0x00000000ea200000|100%| E|CS|TAMS 0x00000000ea100000, 0x00000000ea100000| Complete 
| 162|0x00000000ea200000, 0x00000000ea300000, 0x00000000ea300000|100%| E|CS|TAMS 0x00000000ea200000, 0x00000000ea200000| Complete 
| 163|0x00000000ea300000, 0x00000000ea400000, 0x00000000ea400000|100%| E|CS|TAMS 0x00000000ea300000, 0x00000000ea300000| Complete 
| 164|0x00000000ea400000, 0x00000000ea500000, 0x00000000ea500000|100%| E|CS|TAMS 0x00000000ea400000, 0x00000000ea400000| Complete 
| 165|0x00000000ea500000, 0x00000000ea600000, 0x00000000ea600000|100%| E|CS|TAMS 0x00000000ea500000, 0x00000000ea500000| Complete 
| 166|0x00000000ea600000, 0x00000000ea700000, 0x00000000ea700000|100%| E|CS|TAMS 0x00000000ea600000, 0x00000000ea600000| Complete 
| 167|0x00000000ea700000, 0x00000000ea800000, 0x00000000ea800000|100%| E|CS|TAMS 0x00000000ea700000, 0x00000000ea700000| Complete 
| 168|0x00000000ea800000, 0x00000000ea900000, 0x00000000ea900000|100%| E|CS|TAMS 0x00000000ea800000, 0x00000000ea800000| Complete 
| 169|0x00000000ea900000, 0x00000000eaa00000, 0x00000000eaa00000|100%| E|CS|TAMS 0x00000000ea900000, 0x00000000ea900000| Complete 
| 170|0x00000000eaa00000, 0x00000000eab00000, 0x00000000eab00000|100%| E|CS|TAMS 0x00000000eaa00000, 0x00000000eaa00000| Complete 
| 171|0x00000000eab00000, 0x00000000eac00000, 0x00000000eac00000|100%| E|CS|TAMS 0x00000000eab00000, 0x00000000eab00000| Complete 
| 172|0x00000000eac00000, 0x00000000ead00000, 0x00000000ead00000|100%| E|CS|TAMS 0x00000000eac00000, 0x00000000eac00000| Complete 
| 173|0x00000000ead00000, 0x00000000eae00000, 0x00000000eae00000|100%| E|CS|TAMS 0x00000000ead00000, 0x00000000ead00000| Complete 
| 174|0x00000000eae00000, 0x00000000eaf00000, 0x00000000eaf00000|100%| E|CS|TAMS 0x00000000eae00000, 0x00000000eae00000| Complete 
| 175|0x00000000eaf00000, 0x00000000eb000000, 0x00000000eb000000|100%| E|CS|TAMS 0x00000000eaf00000, 0x00000000eaf00000| Complete 
| 176|0x00000000eb000000, 0x00000000eb100000, 0x00000000eb100000|100%| E|CS|TAMS 0x00000000eb000000, 0x00000000eb000000| Complete 
| 177|0x00000000eb100000, 0x00000000eb200000, 0x00000000eb200000|100%| E|CS|TAMS 0x00000000eb100000, 0x00000000eb100000| Complete 
| 178|0x00000000eb200000, 0x00000000eb300000, 0x00000000eb300000|100%| E|CS|TAMS 0x00000000eb200000, 0x00000000eb200000| Complete 
| 179|0x00000000eb300000, 0x00000000eb400000, 0x00000000eb400000|100%| E|CS|TAMS 0x00000000eb300000, 0x00000000eb300000| Complete 
| 180|0x00000000eb400000, 0x00000000eb500000, 0x00000000eb500000|100%| E|CS|TAMS 0x00000000eb400000, 0x00000000eb400000| Complete 
| 181|0x00000000eb500000, 0x00000000eb600000, 0x00000000eb600000|100%| E|CS|TAMS 0x00000000eb500000, 0x00000000eb500000| Complete 
| 182|0x00000000eb600000, 0x00000000eb700000, 0x00000000eb700000|100%| E|CS|TAMS 0x00000000eb600000, 0x00000000eb600000| Complete 
| 183|0x00000000eb700000, 0x00000000eb800000, 0x00000000eb800000|100%| E|CS|TAMS 0x00000000eb700000, 0x00000000eb700000| Complete 
| 184|0x00000000eb800000, 0x00000000eb900000, 0x00000000eb900000|100%| E|CS|TAMS 0x00000000eb800000, 0x00000000eb800000| Complete 
| 185|0x00000000eb900000, 0x00000000eba00000, 0x00000000eba00000|100%| E|CS|TAMS 0x00000000eb900000, 0x00000000eb900000| Complete 
| 186|0x00000000eba00000, 0x00000000ebb00000, 0x00000000ebb00000|100%| E|CS|TAMS 0x00000000eba00000, 0x00000000eba00000| Complete 
| 187|0x00000000ebb00000, 0x00000000ebc00000, 0x00000000ebc00000|100%| E|CS|TAMS 0x00000000ebb00000, 0x00000000ebb00000| Complete 
| 188|0x00000000ebc00000, 0x00000000ebd00000, 0x00000000ebd00000|100%| E|CS|TAMS 0x00000000ebc00000, 0x00000000ebc00000| Complete 
| 189|0x00000000ebd00000, 0x00000000ebe00000, 0x00000000ebe00000|100%| E|CS|TAMS 0x00000000ebd00000, 0x00000000ebd00000| Complete 
| 190|0x00000000ebe00000, 0x00000000ebf00000, 0x00000000ebf00000|100%| E|CS|TAMS 0x00000000ebe00000, 0x00000000ebe00000| Complete 
| 191|0x00000000ebf00000, 0x00000000ec000000, 0x00000000ec000000|100%| E|CS|TAMS 0x00000000ebf00000, 0x00000000ebf00000| Complete 
| 192|0x00000000ec000000, 0x00000000ec100000, 0x00000000ec100000|100%| E|CS|TAMS 0x00000000ec000000, 0x00000000ec000000| Complete 
| 193|0x00000000ec100000, 0x00000000ec200000, 0x00000000ec200000|100%| E|CS|TAMS 0x00000000ec100000, 0x00000000ec100000| Complete 
| 194|0x00000000ec200000, 0x00000000ec300000, 0x00000000ec300000|100%| E|CS|TAMS 0x00000000ec200000, 0x00000000ec200000| Complete 
| 195|0x00000000ec300000, 0x00000000ec400000, 0x00000000ec400000|100%| E|CS|TAMS 0x00000000ec300000, 0x00000000ec300000| Complete 
| 196|0x00000000ec400000, 0x00000000ec500000, 0x00000000ec500000|100%| E|CS|TAMS 0x00000000ec400000, 0x00000000ec400000| Complete 
| 197|0x00000000ec500000, 0x00000000ec600000, 0x00000000ec600000|100%| E|CS|TAMS 0x00000000ec500000, 0x00000000ec500000| Complete 
| 198|0x00000000ec600000, 0x00000000ec700000, 0x00000000ec700000|100%| E|CS|TAMS 0x00000000ec600000, 0x00000000ec600000| Complete 
| 199|0x00000000ec700000, 0x00000000ec800000, 0x00000000ec800000|100%| E|CS|TAMS 0x00000000ec700000, 0x00000000ec700000| Complete 
| 200|0x00000000ec800000, 0x00000000ec900000, 0x00000000ec900000|100%| E|CS|TAMS 0x00000000ec800000, 0x00000000ec800000| Complete 
| 201|0x00000000ec900000, 0x00000000eca00000, 0x00000000eca00000|100%| E|CS|TAMS 0x00000000ec900000, 0x00000000ec900000| Complete 
| 202|0x00000000eca00000, 0x00000000ecb00000, 0x00000000ecb00000|100%| E|CS|TAMS 0x00000000eca00000, 0x00000000eca00000| Complete 
| 203|0x00000000ecb00000, 0x00000000ecc00000, 0x00000000ecc00000|100%| E|CS|TAMS 0x00000000ecb00000, 0x00000000ecb00000| Complete 
| 204|0x00000000ecc00000, 0x00000000ecd00000, 0x00000000ecd00000|100%| E|CS|TAMS 0x00000000ecc00000, 0x00000000ecc00000| Complete 
| 205|0x00000000ecd00000, 0x00000000ece00000, 0x00000000ece00000|100%| E|CS|TAMS 0x00000000ecd00000, 0x00000000ecd00000| Complete 
| 206|0x00000000ece00000, 0x00000000ecf00000, 0x00000000ecf00000|100%| E|CS|TAMS 0x00000000ece00000, 0x00000000ece00000| Complete 
| 207|0x00000000ecf00000, 0x00000000ed000000, 0x00000000ed000000|100%| E|CS|TAMS 0x00000000ecf00000, 0x00000000ecf00000| Complete 
| 208|0x00000000ed000000, 0x00000000ed100000, 0x00000000ed100000|100%| E|CS|TAMS 0x00000000ed000000, 0x00000000ed000000| Complete 
| 209|0x00000000ed100000, 0x00000000ed200000, 0x00000000ed200000|100%| E|CS|TAMS 0x00000000ed100000, 0x00000000ed100000| Complete 
| 210|0x00000000ed200000, 0x00000000ed300000, 0x00000000ed300000|100%| E|CS|TAMS 0x00000000ed200000, 0x00000000ed200000| Complete 
| 211|0x00000000ed300000, 0x00000000ed400000, 0x00000000ed400000|100%| E|CS|TAMS 0x00000000ed300000, 0x00000000ed300000| Complete 
| 212|0x00000000ed400000, 0x00000000ed500000, 0x00000000ed500000|100%| E|CS|TAMS 0x00000000ed400000, 0x00000000ed400000| Complete 
| 213|0x00000000ed500000, 0x00000000ed600000, 0x00000000ed600000|100%| E|CS|TAMS 0x00000000ed500000, 0x00000000ed500000| Complete 
| 214|0x00000000ed600000, 0x00000000ed700000, 0x00000000ed700000|100%| E|CS|TAMS 0x00000000ed600000, 0x00000000ed600000| Complete 
| 215|0x00000000ed700000, 0x00000000ed800000, 0x00000000ed800000|100%| E|CS|TAMS 0x00000000ed700000, 0x00000000ed700000| Complete 
| 216|0x00000000ed800000, 0x00000000ed900000, 0x00000000ed900000|100%| E|CS|TAMS 0x00000000ed800000, 0x00000000ed800000| Complete 
| 217|0x00000000ed900000, 0x00000000eda00000, 0x00000000eda00000|100%| E|CS|TAMS 0x00000000ed900000, 0x00000000ed900000| Complete 
| 218|0x00000000eda00000, 0x00000000edb00000, 0x00000000edb00000|100%| E|CS|TAMS 0x00000000eda00000, 0x00000000eda00000| Complete 
| 219|0x00000000edb00000, 0x00000000edc00000, 0x00000000edc00000|100%| E|CS|TAMS 0x00000000edb00000, 0x00000000edb00000| Complete 
| 220|0x00000000edc00000, 0x00000000edd00000, 0x00000000edd00000|100%| E|CS|TAMS 0x00000000edc00000, 0x00000000edc00000| Complete 
| 221|0x00000000edd00000, 0x00000000ede00000, 0x00000000ede00000|100%| E|CS|TAMS 0x00000000edd00000, 0x00000000edd00000| Complete 
| 222|0x00000000ede00000, 0x00000000edf00000, 0x00000000edf00000|100%| E|CS|TAMS 0x00000000ede00000, 0x00000000ede00000| Complete 
| 223|0x00000000edf00000, 0x00000000ee000000, 0x00000000ee000000|100%| E|CS|TAMS 0x00000000edf00000, 0x00000000edf00000| Complete 
| 224|0x00000000ee000000, 0x00000000ee100000, 0x00000000ee100000|100%| E|CS|TAMS 0x00000000ee000000, 0x00000000ee000000| Complete 
| 225|0x00000000ee100000, 0x00000000ee200000, 0x00000000ee200000|100%| E|CS|TAMS 0x00000000ee100000, 0x00000000ee100000| Complete 
| 226|0x00000000ee200000, 0x00000000ee300000, 0x00000000ee300000|100%| E|CS|TAMS 0x00000000ee200000, 0x00000000ee200000| Complete 
| 227|0x00000000ee300000, 0x00000000ee400000, 0x00000000ee400000|100%| E|CS|TAMS 0x00000000ee300000, 0x00000000ee300000| Complete 
| 228|0x00000000ee400000, 0x00000000ee500000, 0x00000000ee500000|100%| E|CS|TAMS 0x00000000ee400000, 0x00000000ee400000| Complete 
| 229|0x00000000ee500000, 0x00000000ee600000, 0x00000000ee600000|100%| E|CS|TAMS 0x00000000ee500000, 0x00000000ee500000| Complete 
| 230|0x00000000ee600000, 0x00000000ee700000, 0x00000000ee700000|100%| E|CS|TAMS 0x00000000ee600000, 0x00000000ee600000| Complete 
| 231|0x00000000ee700000, 0x00000000ee800000, 0x00000000ee800000|100%| E|CS|TAMS 0x00000000ee700000, 0x00000000ee700000| Complete 
| 232|0x00000000ee800000, 0x00000000ee900000, 0x00000000ee900000|100%| E|CS|TAMS 0x00000000ee800000, 0x00000000ee800000| Complete 
| 233|0x00000000ee900000, 0x00000000eea00000, 0x00000000eea00000|100%| E|CS|TAMS 0x00000000ee900000, 0x00000000ee900000| Complete 
| 234|0x00000000eea00000, 0x00000000eeb00000, 0x00000000eeb00000|100%| E|CS|TAMS 0x00000000eea00000, 0x00000000eea00000| Complete 
| 235|0x00000000eeb00000, 0x00000000eec00000, 0x00000000eec00000|100%| E|CS|TAMS 0x00000000eeb00000, 0x00000000eeb00000| Complete 
| 236|0x00000000eec00000, 0x00000000eed00000, 0x00000000eed00000|100%| E|CS|TAMS 0x00000000eec00000, 0x00000000eec00000| Complete 
| 237|0x00000000eed00000, 0x00000000eee00000, 0x00000000eee00000|100%| E|CS|TAMS 0x00000000eed00000, 0x00000000eed00000| Complete 
| 238|0x00000000eee00000, 0x00000000eef00000, 0x00000000eef00000|100%| E|CS|TAMS 0x00000000eee00000, 0x00000000eee00000| Complete 
| 239|0x00000000eef00000, 0x00000000ef000000, 0x00000000ef000000|100%| E|CS|TAMS 0x00000000eef00000, 0x00000000eef00000| Complete 
| 240|0x00000000ef000000, 0x00000000ef100000, 0x00000000ef100000|100%| E|CS|TAMS 0x00000000ef000000, 0x00000000ef000000| Complete 
| 241|0x00000000ef100000, 0x00000000ef200000, 0x00000000ef200000|100%| E|CS|TAMS 0x00000000ef100000, 0x00000000ef100000| Complete 
| 242|0x00000000ef200000, 0x00000000ef300000, 0x00000000ef300000|100%| E|CS|TAMS 0x00000000ef200000, 0x00000000ef200000| Complete 
| 243|0x00000000ef300000, 0x00000000ef400000, 0x00000000ef400000|100%| E|CS|TAMS 0x00000000ef300000, 0x00000000ef300000| Complete 
| 244|0x00000000ef400000, 0x00000000ef500000, 0x00000000ef500000|100%| E|CS|TAMS 0x00000000ef400000, 0x00000000ef400000| Complete 
| 245|0x00000000ef500000, 0x00000000ef600000, 0x00000000ef600000|100%| E|CS|TAMS 0x00000000ef500000, 0x00000000ef500000| Complete 
| 246|0x00000000ef600000, 0x00000000ef700000, 0x00000000ef700000|100%| E|CS|TAMS 0x00000000ef600000, 0x00000000ef600000| Complete 
| 247|0x00000000ef700000, 0x00000000ef800000, 0x00000000ef800000|100%| E|CS|TAMS 0x00000000ef700000, 0x00000000ef700000| Complete 
| 248|0x00000000ef800000, 0x00000000ef900000, 0x00000000ef900000|100%| E|CS|TAMS 0x00000000ef800000, 0x00000000ef800000| Complete 
| 249|0x00000000ef900000, 0x00000000efa00000, 0x00000000efa00000|100%| E|CS|TAMS 0x00000000ef900000, 0x00000000ef900000| Complete 
| 250|0x00000000efa00000, 0x00000000efb00000, 0x00000000efb00000|100%| E|CS|TAMS 0x00000000efa00000, 0x00000000efa00000| Complete 
| 251|0x00000000efb00000, 0x00000000efc00000, 0x00000000efc00000|100%| E|CS|TAMS 0x00000000efb00000, 0x00000000efb00000| Complete 
| 252|0x00000000efc00000, 0x00000000efd00000, 0x00000000efd00000|100%| E|CS|TAMS 0x00000000efc00000, 0x00000000efc00000| Complete 
| 253|0x00000000efd00000, 0x00000000efe00000, 0x00000000efe00000|100%| E|CS|TAMS 0x00000000efd00000, 0x00000000efd00000| Complete 
| 254|0x00000000efe00000, 0x00000000eff00000, 0x00000000eff00000|100%| E|CS|TAMS 0x00000000efe00000, 0x00000000efe00000| Complete 
| 255|0x00000000eff00000, 0x00000000f0000000, 0x00000000f0000000|100%| E|CS|TAMS 0x00000000eff00000, 0x00000000eff00000| Complete 

Card table byte_map: [0x0000019633450000,0x0000019633550000] _byte_map_base: 0x0000019632d50000

Marking Bits (Prev, Next): (CMBitMap*) 0x00000196199840b0, (CMBitMap*) 0x0000019619984070
 Prev Bits: [0x0000019633e50000, 0x0000019634650000)
 Next Bits: [0x0000019633650000, 0x0000019633e50000)

Polling page: 0x0000019619a40000

Metaspace:

Usage:
  Non-class:     67.20 MB used.
      Class:      9.58 MB used.
       Both:     76.79 MB used.

Virtual space:
  Non-class space:       72.00 MB reserved,      68.06 MB ( 95%) committed,  9 nodes.
      Class space:      208.00 MB reserved,      10.19 MB (  5%) committed,  1 nodes.
              Both:      280.00 MB reserved,      78.25 MB ( 28%) committed. 

Chunk freelists:
   Non-Class:  3.34 MB
       Class:  1.65 MB
        Both:  4.99 MB

MaxMetaspaceSize: 256.00 MB
CompressedClassSpaceSize: 208.00 MB
 - commit_granule_bytes: 65536.
 - commit_granule_words: 8192.
 - virtual_space_node_default_size: 1048576.
 - enlarge_chunks_in_place: 1.
 - new_chunks_are_fully_committed: 0.
 - uncommit_free_chunks: 1.
 - use_allocation_guard: 0.
 - handle_deallocations: 1.


Internal statistics:

num_allocs_failed_limit: 9.
num_arena_births: 2008.
num_arena_deaths: 82.
num_vsnodes_births: 10.
num_vsnodes_deaths: 0.
num_space_committed: 1252.
num_space_uncommitted: 0.
num_chunks_returned_to_freelist: 96.
num_chunks_taken_from_freelist: 5767.
num_chunk_merges: 34.
num_chunk_splits: 3516.
num_chunks_enlarged: 1995.
num_purges: 2.

CodeHeap 'non-profiled nmethods': size=120000Kb used=15419Kb max_used=15419Kb free=104580Kb
 bounds [0x000001962b5e0000, 0x000001962c4f0000, 0x0000019632b10000]
CodeHeap 'profiled nmethods': size=120000Kb used=39118Kb max_used=39216Kb free=80882Kb
 bounds [0x00000196240b0000, 0x0000019626700000, 0x000001962b5e0000]
CodeHeap 'non-nmethods': size=5760Kb used=2375Kb max_used=2474Kb free=3384Kb
 bounds [0x0000019623b10000, 0x0000019623d90000, 0x00000196240b0000]
 total_blobs=19242 nmethods=18351 adapters=802
 compilation: enabled
              stopped_count=0, restarted_count=0
 full_count=0

Compilation events (20 events):
Event: 20153.099 Thread 0x0000019636e723e0 nmethod 22577 0x0000019625eb7110 code [0x0000019625eb72c0, 0x0000019625eb76b8]
Event: 20153.104 Thread 0x0000019636e699d0 nmethod 22576 0x000001962c4e5110 code [0x000001962c4e5300, 0x000001962c4e5c30]
Event: 20153.149 Thread 0x0000019636e699d0 22578       4       com.sun.tools.javac.tree.JCTree$JCMethodDecl::accept (6 bytes)
Event: 20153.150 Thread 0x0000019636e699d0 nmethod 22578 0x000001962c4e6190 code [0x000001962c4e6320, 0x000001962c4e63b8]
Event: 20153.153 Thread 0x0000019636e699d0 22579       4       com.sun.tools.javac.jvm.ClassReader::readClassBuffer (328 bytes)
Event: 20153.160 Thread 0x0000019636e723e0 22581       3       com.sun.tools.javac.code.Types::isDerivedRawInternal (57 bytes)
Event: 20153.160 Thread 0x0000019636e723e0 nmethod 22581 0x0000019625eb5f10 code [0x0000019625eb6180, 0x0000019625eb6e08]
Event: 20153.160 Thread 0x0000019636e723e0 22582       3       com.sun.tools.javac.code.Types$CandidatesCache$Entry::hashCode (25 bytes)
Event: 20153.160 Thread 0x0000019636e723e0 nmethod 22582 0x0000019625eb5590 code [0x0000019625eb5780, 0x0000019625eb5cd8]
Event: 20153.165 Thread 0x0000019636e699d0 nmethod 22579 0x000001962c4e6490 code [0x000001962c4e6680, 0x000001962c4e74c8]
Event: 20153.165 Thread 0x0000019636e699d0 22580       4       com.sun.tools.javac.code.Types::isSubtypeUnchecked (25 bytes)
Event: 20153.174 Thread 0x0000019636e699d0 nmethod 22580 0x000001962c4e7b90 code [0x000001962c4e7e40, 0x000001962c4e8950]
Event: 20153.175 Thread 0x0000019636e699d0 22583       4       com.sun.tools.javac.jvm.ClassReader$AnnotationDeproxy::deproxyCompound (115 bytes)
Event: 20153.201 Thread 0x0000019636e699d0 nmethod 22583 0x000001962c4e9890 code [0x000001962c4e9b60, 0x000001962c4eb3d0]
Event: 20153.206 Thread 0x0000019636e699d0 22584       4       com.sun.tools.javac.jvm.ClassReader::readCompoundAnnotation (117 bytes)
Event: 20153.223 Thread 0x0000019636e699d0 nmethod 22584 0x000001962c4ecb10 code [0x000001962c4ecd80, 0x000001962c4ede20]
Event: 20153.247 Thread 0x0000019636e723e0 22585       3       org.gradle.internal.serialize.ExceptionPlaceholder::convertToExceptionPlaceholderList (113 bytes)
Event: 20153.247 Thread 0x0000019636e723e0 nmethod 22585 0x0000019625eb3990 code [0x0000019625eb3c80, 0x0000019625eb4fc8]
Event: 20153.247 Thread 0x0000019636e723e0 22586       3       org.gradle.internal.io.StreamByteBuffer$StreamByteBufferInputStream::readNextBuffer (24 bytes)
Event: 20153.248 Thread 0x0000019636e723e0 nmethod 22586 0x0000019625eb3410 code [0x0000019625eb35e0, 0x0000019625eb3818]

GC Heap History (20 events):
Event: 17430.973 GC heap before
{Heap before GC invocations=19 (full 0):
 garbage-first heap   total 262144K, used 200972K [0x00000000e0000000, 0x0000000100000000)
  region size 1024K, 153 young (156672K), 13 survivors (13312K)
 Metaspace       used 72144K, committed 73344K, reserved 278528K
  class space    used 9015K, committed 9600K, reserved 212992K
}
Event: 17430.981 GC heap after
{Heap after GC invocations=20 (full 0):
 garbage-first heap   total 262144K, used 61501K [0x00000000e0000000, 0x0000000100000000)
  region size 1024K, 13 young (13312K), 13 survivors (13312K)
 Metaspace       used 72144K, committed 73344K, reserved 278528K
  class space    used 9015K, committed 9600K, reserved 212992K
}
Event: 17590.734 GC heap before
{Heap before GC invocations=20 (full 0):
 garbage-first heap   total 262144K, used 203837K [0x00000000e0000000, 0x0000000100000000)
  region size 1024K, 153 young (156672K), 13 survivors (13312K)
 Metaspace       used 72858K, committed 74112K, reserved 278528K
  class space    used 9078K, committed 9664K, reserved 212992K
}
Event: 17590.741 GC heap after
{Heap after GC invocations=21 (full 0):
 garbage-first heap   total 262144K, used 60979K [0x00000000e0000000, 0x0000000100000000)
  region size 1024K, 6 young (6144K), 6 survivors (6144K)
 Metaspace       used 72858K, committed 74112K, reserved 278528K
  class space    used 9078K, committed 9664K, reserved 212992K
}
Event: 17726.928 GC heap before
{Heap before GC invocations=21 (full 0):
 garbage-first heap   total 262144K, used 210483K [0x00000000e0000000, 0x0000000100000000)
  region size 1024K, 153 young (156672K), 6 survivors (6144K)
 Metaspace       used 73763K, committed 75008K, reserved 286720K
  class space    used 9176K, committed 9728K, reserved 212992K
}
Event: 17726.932 GC heap after
{Heap after GC invocations=22 (full 0):
 garbage-first heap   total 262144K, used 61268K [0x00000000e0000000, 0x0000000100000000)
  region size 1024K, 6 young (6144K), 6 survivors (6144K)
 Metaspace       used 73763K, committed 75008K, reserved 286720K
  class space    used 9176K, committed 9728K, reserved 212992K
}
Event: 17898.539 GC heap before
{Heap before GC invocations=22 (full 0):
 garbage-first heap   total 262144K, used 210772K [0x00000000e0000000, 0x0000000100000000)
  region size 1024K, 153 young (156672K), 6 survivors (6144K)
 Metaspace       used 74536K, committed 75840K, reserved 286720K
  class space    used 9255K, committed 9856K, reserved 212992K
}
Event: 17898.542 GC heap after
{Heap after GC invocations=23 (full 0):
 garbage-first heap   total 262144K, used 60981K [0x00000000e0000000, 0x0000000100000000)
  region size 1024K, 6 young (6144K), 6 survivors (6144K)
 Metaspace       used 74536K, committed 75840K, reserved 286720K
  class space    used 9255K, committed 9856K, reserved 212992K
}
Event: 18063.802 GC heap before
{Heap before GC invocations=23 (full 0):
 garbage-first heap   total 262144K, used 210485K [0x00000000e0000000, 0x0000000100000000)
  region size 1024K, 153 young (156672K), 6 survivors (6144K)
 Metaspace       used 75231K, committed 76608K, reserved 286720K
  class space    used 9346K, committed 9920K, reserved 212992K
}
Event: 18063.809 GC heap after
{Heap after GC invocations=24 (full 0):
 garbage-first heap   total 262144K, used 60097K [0x00000000e0000000, 0x0000000100000000)
  region size 1024K, 5 young (5120K), 5 survivors (5120K)
 Metaspace       used 75231K, committed 76608K, reserved 286720K
  class space    used 9346K, committed 9920K, reserved 212992K
}
Event: 18459.473 GC heap before
{Heap before GC invocations=24 (full 0):
 garbage-first heap   total 262144K, used 210625K [0x00000000e0000000, 0x0000000100000000)
  region size 1024K, 153 young (156672K), 5 survivors (5120K)
 Metaspace       used 75846K, committed 77248K, reserved 286720K
  class space    used 9437K, committed 10048K, reserved 212992K
}
Event: 18459.477 GC heap after
{Heap after GC invocations=25 (full 0):
 garbage-first heap   total 262144K, used 60326K [0x00000000e0000000, 0x0000000100000000)
  region size 1024K, 5 young (5120K), 5 survivors (5120K)
 Metaspace       used 75846K, committed 77248K, reserved 286720K
  class space    used 9437K, committed 10048K, reserved 212992K
}
Event: 18857.340 GC heap before
{Heap before GC invocations=25 (full 0):
 garbage-first heap   total 262144K, used 210854K [0x00000000e0000000, 0x0000000100000000)
  region size 1024K, 153 young (156672K), 5 survivors (5120K)
 Metaspace       used 76489K, committed 77888K, reserved 286720K
  class space    used 9503K, committed 10112K, reserved 212992K
}
Event: 18857.343 GC heap after
{Heap after GC invocations=26 (full 0):
 garbage-first heap   total 262144K, used 60917K [0x00000000e0000000, 0x0000000100000000)
  region size 1024K, 6 young (6144K), 6 survivors (6144K)
 Metaspace       used 76489K, committed 77888K, reserved 286720K
  class space    used 9503K, committed 10112K, reserved 212992K
}
Event: 18927.267 GC heap before
{Heap before GC invocations=26 (full 0):
 garbage-first heap   total 262144K, used 210421K [0x00000000e0000000, 0x0000000100000000)
  region size 1024K, 153 young (156672K), 6 survivors (6144K)
 Metaspace       used 77112K, committed 78528K, reserved 286720K
  class space    used 9596K, committed 10176K, reserved 212992K
}
Event: 18927.271 GC heap after
{Heap after GC invocations=27 (full 0):
 garbage-first heap   total 262144K, used 65187K [0x00000000e0000000, 0x0000000100000000)
  region size 1024K, 10 young (10240K), 10 survivors (10240K)
 Metaspace       used 77112K, committed 78528K, reserved 286720K
  class space    used 9596K, committed 10176K, reserved 212992K
}
Event: 19283.625 GC heap before
{Heap before GC invocations=27 (full 0):
 garbage-first heap   total 262144K, used 210595K [0x00000000e0000000, 0x0000000100000000)
  region size 1024K, 153 young (156672K), 10 survivors (10240K)
 Metaspace       used 77599K, committed 79040K, reserved 286720K
  class space    used 9659K, committed 10240K, reserved 212992K
}
Event: 19283.629 GC heap after
{Heap after GC invocations=28 (full 0):
 garbage-first heap   total 262144K, used 61709K [0x00000000e0000000, 0x0000000100000000)
  region size 1024K, 7 young (7168K), 7 survivors (7168K)
 Metaspace       used 77599K, committed 79040K, reserved 286720K
  class space    used 9659K, committed 10240K, reserved 212992K
}
Event: 19635.140 GC heap before
{Heap before GC invocations=28 (full 0):
 garbage-first heap   total 262144K, used 210189K [0x00000000e0000000, 0x0000000100000000)
  region size 1024K, 153 young (156672K), 7 survivors (7168K)
 Metaspace       used 78231K, committed 79680K, reserved 286720K
  class space    used 9751K, committed 10368K, reserved 212992K
}
Event: 19635.147 GC heap after
{Heap after GC invocations=29 (full 0):
 garbage-first heap   total 262144K, used 69252K [0x00000000e0000000, 0x0000000100000000)
  region size 1024K, 14 young (14336K), 14 survivors (14336K)
 Metaspace       used 78231K, committed 79680K, reserved 286720K
  class space    used 9751K, committed 10368K, reserved 212992K
}

Deoptimization events (20 events):
Event: 19293.898 Thread 0x000001963f3a7b10 Uncommon trap: trap_request=0xffffff45 fr.pc=0x000001962ba755e4 relative=0x0000000000000044
Event: 19293.898 Thread 0x000001963f3a7b10 Uncommon trap: reason=unstable_if action=reinterpret pc=0x000001962ba755e4 method=java.lang.String.valueOf(Ljava/lang/Object;)Ljava/lang/String; @ 1 c2
Event: 19293.898 Thread 0x000001963f3a7b10 DEOPT PACKING pc=0x000001962ba755e4 sp=0x000000279eaf86a0
Event: 19293.898 Thread 0x000001963f3a7b10 DEOPT UNPACKING pc=0x0000019623b5d72e sp=0x000000279eaf8640 mode 2
Event: 19293.898 Thread 0x000001963f3a7b10 Uncommon trap: trap_request=0xffffff45 fr.pc=0x000001962c0d6cc4 relative=0x0000000000001384
Event: 19293.898 Thread 0x000001963f3a7b10 Uncommon trap: reason=unstable_if action=reinterpret pc=0x000001962c0d6cc4 method=com.sun.tools.javac.code.Symbol$TypeSymbol.formFullName(Lcom/sun/tools/javac/util/Name;Lcom/sun/tools/javac/code/Symbol;)Lcom/sun/tools/javac/util/Name; @ 13 c2
Event: 19293.898 Thread 0x000001963f3a7b10 DEOPT PACKING pc=0x000001962c0d6cc4 sp=0x000000279eaf9060
Event: 19293.898 Thread 0x000001963f3a7b10 DEOPT UNPACKING pc=0x0000019623b5d72e sp=0x000000279eaf8fe0 mode 2
Event: 19635.148 Thread 0x000001963f3aeaa0 Uncommon trap: trap_request=0xffffffde fr.pc=0x000001962c2abdf8 relative=0x0000000000004a78
Event: 19635.148 Thread 0x000001963f3aeaa0 Uncommon trap: reason=class_check action=maybe_recompile pc=0x000001962c2abdf8 method=com.sun.tools.javac.comp.Resolve$AbstractMethodCheck.argumentsAcceptable(Lcom/sun/tools/javac/comp/Env;Lcom/sun/tools/javac/comp/DeferredAttr$DeferredAttrContext;Lcom/su
Event: 19635.148 Thread 0x000001963f3aeaa0 DEOPT PACKING pc=0x000001962c2abdf8 sp=0x000000279eaf8460
Event: 19635.148 Thread 0x000001963f3aeaa0 DEOPT UNPACKING pc=0x0000019623b5d72e sp=0x000000279eaf8468 mode 2
Event: 19635.148 Thread 0x000001963f3aeaa0 Uncommon trap: trap_request=0xffffffde fr.pc=0x000001962c2abdf8 relative=0x0000000000004a78
Event: 19635.148 Thread 0x000001963f3aeaa0 Uncommon trap: reason=class_check action=maybe_recompile pc=0x000001962c2abdf8 method=com.sun.tools.javac.comp.Resolve$AbstractMethodCheck.argumentsAcceptable(Lcom/sun/tools/javac/comp/Env;Lcom/sun/tools/javac/comp/DeferredAttr$DeferredAttrContext;Lcom/su
Event: 19635.148 Thread 0x000001963f3aeaa0 DEOPT PACKING pc=0x000001962c2abdf8 sp=0x000000279eaf87d0
Event: 19635.148 Thread 0x000001963f3aeaa0 DEOPT UNPACKING pc=0x0000019623b5d72e sp=0x000000279eaf87d8 mode 2
Event: 20152.447 Thread 0x000001963ce74dd0 Uncommon trap: trap_request=0xffffff5c fr.pc=0x000001962c4b877c relative=0x000000000000055c
Event: 20152.447 Thread 0x000001963ce74dd0 Uncommon trap: reason=speculate_null_check action=make_not_entrant pc=0x000001962c4b877c method=java.util.concurrent.locks.AbstractQueuedSynchronizer.enqueue(Ljava/util/concurrent/locks/AbstractQueuedSynchronizer$Node;)V @ 15 c2
Event: 20152.447 Thread 0x000001963ce74dd0 DEOPT PACKING pc=0x000001962c4b877c sp=0x000000279acfe8e0
Event: 20152.447 Thread 0x000001963ce74dd0 DEOPT UNPACKING pc=0x0000019623b5d72e sp=0x000000279acfe7c0 mode 2

Classes unloaded (20 events):
Event: 487.411 Thread 0x0000019636e48120 Unloading class 0x0000000800d2d000 'java/lang/invoke/LambdaForm$MH+0x0000000800d2d000'
Event: 487.411 Thread 0x0000019636e48120 Unloading class 0x0000000800d2c800 'java/lang/invoke/LambdaForm$MH+0x0000000800d2c800'
Event: 487.411 Thread 0x0000019636e48120 Unloading class 0x0000000800ce2400 'java/lang/invoke/LambdaForm$DMH+0x0000000800ce2400'
Event: 487.411 Thread 0x0000019636e48120 Unloading class 0x0000000800ce1c00 'java/lang/invoke/LambdaForm$DMH+0x0000000800ce1c00'
Event: 487.411 Thread 0x0000019636e48120 Unloading class 0x0000000800ce1800 'java/lang/invoke/LambdaForm$MH+0x0000000800ce1800'
Event: 487.411 Thread 0x0000019636e48120 Unloading class 0x0000000800ce1400 'java/lang/invoke/LambdaForm$MH+0x0000000800ce1400'
Event: 487.411 Thread 0x0000019636e48120 Unloading class 0x0000000800ce1000 'java/lang/invoke/LambdaForm$MH+0x0000000800ce1000'
Event: 487.411 Thread 0x0000019636e48120 Unloading class 0x0000000800ce0c00 'java/lang/invoke/LambdaForm$MH+0x0000000800ce0c00'
Event: 487.411 Thread 0x0000019636e48120 Unloading class 0x0000000800ce0800 'java/lang/invoke/LambdaForm$MH+0x0000000800ce0800'
Event: 487.411 Thread 0x0000019636e48120 Unloading class 0x0000000800ce0400 'java/lang/invoke/LambdaForm$MH+0x0000000800ce0400'
Event: 487.411 Thread 0x0000019636e48120 Unloading class 0x0000000800ce0000 'java/lang/invoke/LambdaForm$MH+0x0000000800ce0000'
Event: 487.411 Thread 0x0000019636e48120 Unloading class 0x0000000800cc3000 'java/lang/invoke/LambdaForm$MH+0x0000000800cc3000'
Event: 487.411 Thread 0x0000019636e48120 Unloading class 0x0000000800cc2800 'java/lang/invoke/LambdaForm$MH+0x0000000800cc2800'
Event: 487.411 Thread 0x0000019636e48120 Unloading class 0x0000000800cc2400 'java/lang/invoke/LambdaForm$MH+0x0000000800cc2400'
Event: 487.411 Thread 0x0000019636e48120 Unloading class 0x0000000800cc2000 'java/lang/invoke/LambdaForm$MH+0x0000000800cc2000'
Event: 487.411 Thread 0x0000019636e48120 Unloading class 0x0000000800cc1c00 'java/lang/invoke/LambdaForm$MH+0x0000000800cc1c00'
Event: 487.411 Thread 0x0000019636e48120 Unloading class 0x0000000800cc1400 'java/lang/invoke/LambdaForm$MH+0x0000000800cc1400'
Event: 487.411 Thread 0x0000019636e48120 Unloading class 0x0000000800c22c00 'java/lang/invoke/LambdaForm$MH+0x0000000800c22c00'
Event: 487.411 Thread 0x0000019636e48120 Unloading class 0x0000000800c22800 'java/lang/invoke/LambdaForm$MH+0x0000000800c22800'
Event: 487.411 Thread 0x0000019636e48120 Unloading class 0x0000000800c20400 'java/lang/invoke/LambdaForm$MH+0x0000000800c20400'

Classes redefined (0 events):
No events

Internal exceptions (20 events):
Event: 20153.137 Thread 0x000001963f3ad010 Exception <a 'sun/nio/fs/WindowsException'{0x00000000e9186998}> (0x00000000e9186998) 
thrown [e:\jenkins\tmp\workspace\build\src\src\hotspot\share\prims\jni.cpp, line 579]
Event: 20153.137 Thread 0x000001963f3ad010 Exception <a 'sun/nio/fs/WindowsException'{0x00000000e9186c58}> (0x00000000e9186c58) 
thrown [e:\jenkins\tmp\workspace\build\src\src\hotspot\share\prims\jni.cpp, line 579]
Event: 20153.139 Thread 0x000001963f3ad010 Exception <a 'sun/nio/fs/WindowsException'{0x00000000e919ad30}> (0x00000000e919ad30) 
thrown [e:\jenkins\tmp\workspace\build\src\src\hotspot\share\prims\jni.cpp, line 579]
Event: 20153.140 Thread 0x000001963f3ad010 Exception <a 'sun/nio/fs/WindowsException'{0x00000000e919afe8}> (0x00000000e919afe8) 
thrown [e:\jenkins\tmp\workspace\build\src\src\hotspot\share\prims\jni.cpp, line 579]
Event: 20153.141 Thread 0x000001963f3ad010 Exception <a 'sun/nio/fs/WindowsException'{0x00000000e91e4a88}> (0x00000000e91e4a88) 
thrown [e:\jenkins\tmp\workspace\build\src\src\hotspot\share\prims\jni.cpp, line 579]
Event: 20153.141 Thread 0x000001963f3ad010 Exception <a 'sun/nio/fs/WindowsException'{0x00000000e91e4d48}> (0x00000000e91e4d48) 
thrown [e:\jenkins\tmp\workspace\build\src\src\hotspot\share\prims\jni.cpp, line 579]
Event: 20153.144 Thread 0x000001963f3ad010 Exception <a 'sun/nio/fs/WindowsException'{0x00000000e90c9ac8}> (0x00000000e90c9ac8) 
thrown [e:\jenkins\tmp\workspace\build\src\src\hotspot\share\prims\jni.cpp, line 579]
Event: 20153.144 Thread 0x000001963f3ad010 Exception <a 'sun/nio/fs/WindowsException'{0x00000000e90c9db8}> (0x00000000e90c9db8) 
thrown [e:\jenkins\tmp\workspace\build\src\src\hotspot\share\prims\jni.cpp, line 579]
Event: 20153.146 Thread 0x000001963f3ad010 Exception <a 'sun/nio/fs/WindowsException'{0x00000000e8e35680}> (0x00000000e8e35680) 
thrown [e:\jenkins\tmp\workspace\build\src\src\hotspot\share\prims\jni.cpp, line 579]
Event: 20153.146 Thread 0x000001963f3ad010 Exception <a 'sun/nio/fs/WindowsException'{0x00000000e8e35910}> (0x00000000e8e35910) 
thrown [e:\jenkins\tmp\workspace\build\src\src\hotspot\share\prims\jni.cpp, line 579]
Event: 20153.152 Thread 0x000001963f3ad010 Exception <a 'sun/nio/fs/WindowsException'{0x00000000e8abdc58}> (0x00000000e8abdc58) 
thrown [e:\jenkins\tmp\workspace\build\src\src\hotspot\share\prims\jni.cpp, line 579]
Event: 20153.152 Thread 0x000001963f3ad010 Exception <a 'sun/nio/fs/WindowsException'{0x00000000e8abdf10}> (0x00000000e8abdf10) 
thrown [e:\jenkins\tmp\workspace\build\src\src\hotspot\share\prims\jni.cpp, line 579]
Event: 20153.159 Thread 0x000001963f3ad010 Exception <a 'sun/nio/fs/WindowsException'{0x00000000e89adf18}> (0x00000000e89adf18) 
thrown [e:\jenkins\tmp\workspace\build\src\src\hotspot\share\prims\jni.cpp, line 579]
Event: 20153.159 Thread 0x000001963f3ad010 Exception <a 'sun/nio/fs/WindowsException'{0x00000000e89ae1d8}> (0x00000000e89ae1d8) 
thrown [e:\jenkins\tmp\workspace\build\src\src\hotspot\share\prims\jni.cpp, line 579]
Event: 20153.174 Thread 0x000001963f3ad010 Exception <a 'sun/nio/fs/WindowsException'{0x00000000e88028c8}> (0x00000000e88028c8) 
thrown [e:\jenkins\tmp\workspace\build\src\src\hotspot\share\prims\jni.cpp, line 579]
Event: 20153.174 Thread 0x000001963f3ad010 Exception <a 'sun/nio/fs/WindowsException'{0x00000000e8802bb0}> (0x00000000e8802bb0) 
thrown [e:\jenkins\tmp\workspace\build\src\src\hotspot\share\prims\jni.cpp, line 579]
Event: 20153.202 Thread 0x000001963f3ad010 Exception <a 'sun/nio/fs/WindowsException'{0x00000000e8784520}> (0x00000000e8784520) 
thrown [e:\jenkins\tmp\workspace\build\src\src\hotspot\share\prims\jni.cpp, line 579]
Event: 20153.202 Thread 0x000001963f3ad010 Exception <a 'sun/nio/fs/WindowsException'{0x00000000e8784810}> (0x00000000e8784810) 
thrown [e:\jenkins\tmp\workspace\build\src\src\hotspot\share\prims\jni.cpp, line 579]
Event: 20153.203 Thread 0x000001963f3ad010 Exception <a 'sun/nio/fs/WindowsException'{0x00000000e86137d0}> (0x00000000e86137d0) 
thrown [e:\jenkins\tmp\workspace\build\src\src\hotspot\share\prims\jni.cpp, line 579]
Event: 20153.203 Thread 0x000001963f3ad010 Exception <a 'sun/nio/fs/WindowsException'{0x00000000e8613a80}> (0x00000000e8613a80) 
thrown [e:\jenkins\tmp\workspace\build\src\src\hotspot\share\prims\jni.cpp, line 579]

Events (20 events):
Event: 20152.858 Thread 0x000001963f3ab030 Thread added: 0x000001963f3ab030
Event: 20152.858 Thread 0x000001963f3ab580 Thread added: 0x000001963f3ab580
Event: 20152.858 Thread 0x000001963f3ac020 Thread added: 0x000001963f3ac020
Event: 20152.858 Thread 0x000001963f3acac0 Thread added: 0x000001963f3acac0
Event: 20152.859 Thread 0x000001963f3ac570 Thread added: 0x000001963f3ac570
Event: 20152.874 Thread 0x000001963f3ad010 Thread added: 0x000001963f3ad010
Event: 20152.874 Thread 0x000001963f3adab0 Thread added: 0x000001963f3adab0
Event: 20152.874 Thread 0x000001963f3ae000 Thread added: 0x000001963f3ae000
Event: 20152.874 Thread 0x0000019639873560 Thread added: 0x0000019639873560
Event: 20152.874 Thread 0x0000019639870590 Thread added: 0x0000019639870590
Event: 20152.882 Thread 0x000001963986c5d0 Thread added: 0x000001963986c5d0
Event: 20152.913 Executing  VM operation: Cleanup
Event: 20152.913 Executing  VM operation: Cleanup done
Event: 20153.010 Thread 0x000001963986f050 Thread added: 0x000001963986f050
Event: 20153.153 Thread 0x000001963ba12530 Thread exited: 0x000001963ba12530
Event: 20153.244 Thread 0x0000019639873560 Thread exited: 0x0000019639873560
Event: 20153.244 Thread 0x0000019639870590 Thread exited: 0x0000019639870590
Event: 20153.244 Thread 0x000001963f3ae000 Thread exited: 0x000001963f3ae000
Event: 20153.244 Thread 0x000001963f3adab0 Thread exited: 0x000001963f3adab0
Event: 20153.244 Thread 0x000001963f3ad010 Thread exited: 0x000001963f3ad010


Dynamic libraries:
0x00007ff7687f0000 - 0x00007ff7687fe000 	C:\Program Files\AdoptOpenJDK\jdk-16.0.1.9-hotspot\bin\java.exe
0x00007ffddf710000 - 0x00007ffddf905000 	C:\WINDOWS\SYSTEM32\ntdll.dll
0x00007ffddea10000 - 0x00007ffddeacd000 	C:\WINDOWS\System32\KERNEL32.DLL
0x00007ffddd3c0000 - 0x00007ffddd689000 	C:\WINDOWS\System32\KERNELBASE.dll
0x00007ffddd160000 - 0x00007ffddd260000 	C:\WINDOWS\System32\ucrtbase.dll
0x00007ffdcf8c0000 - 0x00007ffdcf8d8000 	C:\Program Files\AdoptOpenJDK\jdk-16.0.1.9-hotspot\bin\jli.dll
0x00007ffdcdcb0000 - 0x00007ffdcdcc9000 	C:\Program Files\AdoptOpenJDK\jdk-16.0.1.9-hotspot\bin\VCRUNTIME140.dll
0x00007ffddedb0000 - 0x00007ffddef50000 	C:\WINDOWS\System32\USER32.dll
0x00007ffddd750000 - 0x00007ffddd772000 	C:\WINDOWS\System32\win32u.dll
0x00007ffdb8d80000 - 0x00007ffdb901a000 	C:\WINDOWS\WinSxS\amd64_microsoft.windows.common-controls_6595b64144ccf1df_6.0.19041.1083_none_60bbe31371f34e71\COMCTL32.dll
0x00007ffdde500000 - 0x00007ffdde52a000 	C:\WINDOWS\System32\GDI32.dll
0x00007ffdde970000 - 0x00007ffddea0e000 	C:\WINDOWS\System32\msvcrt.dll
0x00007ffddce50000 - 0x00007ffddcf5b000 	C:\WINDOWS\System32\gdi32full.dll
0x00007ffddcfc0000 - 0x00007ffddd05d000 	C:\WINDOWS\System32\msvcp_win.dll
0x00007ffddf6a0000 - 0x00007ffddf6d0000 	C:\WINDOWS\System32\IMM32.DLL
0x00007ffdd6a40000 - 0x00007ffdd6a4c000 	C:\Program Files\AdoptOpenJDK\jdk-16.0.1.9-hotspot\bin\vcruntime140_1.dll
0x00007ffdb1ca0000 - 0x00007ffdb1d31000 	C:\Program Files\AdoptOpenJDK\jdk-16.0.1.9-hotspot\bin\msvcp140.dll
0x00007ffd77a80000 - 0x00007ffd786b8000 	C:\Program Files\AdoptOpenJDK\jdk-16.0.1.9-hotspot\bin\server\jvm.dll
0x00007ffddead0000 - 0x00007ffddeb7c000 	C:\WINDOWS\System32\ADVAPI32.dll
0x00007ffdde400000 - 0x00007ffdde49b000 	C:\WINDOWS\System32\sechost.dll
0x00007ffddef50000 - 0x00007ffddf07a000 	C:\WINDOWS\System32\RPCRT4.dll
0x00007ffdddf20000 - 0x00007ffdddf28000 	C:\WINDOWS\System32\PSAPI.DLL
0x00007ffdc0d40000 - 0x00007ffdc0d67000 	C:\WINDOWS\SYSTEM32\WINMM.dll
0x00007ffdccf40000 - 0x00007ffdccf49000 	C:\WINDOWS\SYSTEM32\WSOCK32.dll
0x00007ffdd45d0000 - 0x00007ffdd45da000 	C:\WINDOWS\SYSTEM32\VERSION.dll
0x00007ffddf090000 - 0x00007ffddf0fb000 	C:\WINDOWS\System32\WS2_32.dll
0x00007ffddad90000 - 0x00007ffddada2000 	C:\WINDOWS\SYSTEM32\kernel.appcore.dll
0x00007ffdd64c0000 - 0x00007ffdd64ca000 	C:\Program Files\AdoptOpenJDK\jdk-16.0.1.9-hotspot\bin\jimage.dll
0x00007ffdd7c40000 - 0x00007ffdd7e24000 	C:\WINDOWS\SYSTEM32\DBGHELP.DLL
0x00007ffdd7a40000 - 0x00007ffdd7a6c000 	C:\WINDOWS\SYSTEM32\dbgcore.DLL
0x00007ffddd690000 - 0x00007ffddd713000 	C:\WINDOWS\System32\bcryptPrimitives.dll
0x00007ffdc55f0000 - 0x00007ffdc5615000 	C:\Program Files\AdoptOpenJDK\jdk-16.0.1.9-hotspot\bin\java.dll
0x00007ffddd780000 - 0x00007ffdddebf000 	C:\WINDOWS\System32\SHELL32.dll
0x00007ffddaf90000 - 0x00007ffddb721000 	C:\WINDOWS\SYSTEM32\windows.storage.dll
0x00007ffddf340000 - 0x00007ffddf695000 	C:\WINDOWS\System32\combase.dll
0x00007ffddc8c0000 - 0x00007ffddc8ec000 	C:\WINDOWS\SYSTEM32\Wldp.dll
0x00007ffddf1b0000 - 0x00007ffddf25e000 	C:\WINDOWS\System32\SHCORE.dll
0x00007ffddeb80000 - 0x00007ffddebd5000 	C:\WINDOWS\System32\shlwapi.dll
0x00007ffddcd90000 - 0x00007ffddcdaf000 	C:\WINDOWS\SYSTEM32\profapi.dll
0x00007ffdc55d0000 - 0x00007ffdc55e9000 	C:\Program Files\AdoptOpenJDK\jdk-16.0.1.9-hotspot\bin\net.dll
0x00007ffdd6030000 - 0x00007ffdd613a000 	C:\WINDOWS\SYSTEM32\WINHTTP.dll
0x00007ffddc620000 - 0x00007ffddc68a000 	C:\WINDOWS\system32\mswsock.dll
0x00007ffdc5510000 - 0x00007ffdc5523000 	C:\Program Files\AdoptOpenJDK\jdk-16.0.1.9-hotspot\bin\nio.dll
0x00007ffdc4ab0000 - 0x00007ffdc4ac8000 	C:\Program Files\AdoptOpenJDK\jdk-16.0.1.9-hotspot\bin\zip.dll
0x00007ffdd2260000 - 0x00007ffdd2270000 	C:\Program Files\AdoptOpenJDK\jdk-16.0.1.9-hotspot\bin\verify.dll
0x00007ffdc64b0000 - 0x00007ffdc64d7000 	C:\Users\80010-02-05\.gradle\native\49d0259a56938c7f99b2704e745ce422c4f750a7a20b539a32ccef96729676b1\windows-amd64\native-platform.dll
0x00007ffd7cac0000 - 0x00007ffd7cc56000 	C:\Users\80010-02-05\.gradle\native\12488b8bf47d2d4c9fbf2f6322a914ad602e24e48041cd04a747c6da556b65c4\windows-amd64\native-platform-file-events.dll
0x00007ffdcf100000 - 0x00007ffdcf109000 	C:\Program Files\AdoptOpenJDK\jdk-16.0.1.9-hotspot\bin\management.dll
0x00007ffdcdae0000 - 0x00007ffdcdaeb000 	C:\Program Files\AdoptOpenJDK\jdk-16.0.1.9-hotspot\bin\management_ext.dll
0x00007ffddc800000 - 0x00007ffddc818000 	C:\WINDOWS\SYSTEM32\CRYPTSP.dll
0x00007ffddbef0000 - 0x00007ffddbf24000 	C:\WINDOWS\system32\rsaenh.dll
0x00007ffddd720000 - 0x00007ffddd747000 	C:\WINDOWS\System32\bcrypt.dll
0x00007ffddcd50000 - 0x00007ffddcd7e000 	C:\WINDOWS\SYSTEM32\USERENV.dll
0x00007ffddc820000 - 0x00007ffddc82c000 	C:\WINDOWS\SYSTEM32\CRYPTBASE.dll
0x00007ffddc2c0000 - 0x00007ffddc2fb000 	C:\WINDOWS\SYSTEM32\IPHLPAPI.DLL
0x00007ffddf080000 - 0x00007ffddf088000 	C:\WINDOWS\System32\NSI.dll
0x00007ffdd8810000 - 0x00007ffdd8827000 	C:\WINDOWS\SYSTEM32\dhcpcsvc6.DLL
0x00007ffdd8610000 - 0x00007ffdd862d000 	C:\WINDOWS\SYSTEM32\dhcpcsvc.DLL
0x00007ffddc300000 - 0x00007ffddc3cc000 	C:\WINDOWS\SYSTEM32\DNSAPI.dll
0x00007ffdcd460000 - 0x00007ffdcd46e000 	C:\Program Files\AdoptOpenJDK\jdk-16.0.1.9-hotspot\bin\sunmscapi.dll
0x00007ffddd260000 - 0x00007ffddd3bf000 	C:\WINDOWS\System32\CRYPT32.dll
0x00007ffddc930000 - 0x00007ffddc957000 	C:\WINDOWS\SYSTEM32\ncrypt.dll
0x00007ffddc8f0000 - 0x00007ffddc92b000 	C:\WINDOWS\SYSTEM32\NTASN1.dll
0x00007ffdc97c0000 - 0x00007ffdc97c7000 	C:\WINDOWS\system32\wshunix.dll

dbghelp: loaded successfully - version: 4.0.5 - missing functions: none
symbol engine: initialized successfully - sym options: 0x614 - pdb path: .;C:\Program Files\AdoptOpenJDK\jdk-16.0.1.9-hotspot\bin;C:\WINDOWS\SYSTEM32;C:\WINDOWS\WinSxS\amd64_microsoft.windows.common-controls_6595b64144ccf1df_6.0.19041.1083_none_60bbe31371f34e71;C:\Program Files\AdoptOpenJDK\jdk-16.0.1.9-hotspot\bin\server;C:\Users\80010-02-05\.gradle\native\49d0259a56938c7f99b2704e745ce422c4f750a7a20b539a32ccef96729676b1\windows-amd64;C:\Users\80010-02-05\.gradle\native\12488b8bf47d2d4c9fbf2f6322a914ad602e24e48041cd04a747c6da556b65c4\windows-amd64

VM Arguments:
jvm_args: --add-opens=java.base/java.util=ALL-UNNAMED --add-opens=java.base/java.lang=ALL-UNNAMED --add-opens=java.base/java.lang.invoke=ALL-UNNAMED --add-opens=java.base/java.util=ALL-UNNAMED --add-opens=java.prefs/java.util.prefs=ALL-UNNAMED --add-opens=java.prefs/java.util.prefs=ALL-UNNAMED --add-opens=java.base/java.nio.charset=ALL-UNNAMED --add-opens=java.base/java.net=ALL-UNNAMED --add-opens=java.base/java.util.concurrent.atomic=ALL-UNNAMED -XX:MaxMetaspaceSize=256m -XX:+HeapDumpOnOutOfMemoryError -Xms256m -Xmx512m -Dfile.encoding=windows-1252 -Duser.country=FR -Duser.language=fr -Duser.variant 
java_command: org.gradle.launcher.daemon.bootstrap.GradleDaemon 7.0
java_class_path (initial): C:\Users\80010-02-05\.gradle\wrapper\dists\gradle-7.0-bin\2p9ebqfz6ilrfozi676ogco7n\gradle-7.0\lib\gradle-launcher-7.0.jar
Launcher Type: SUN_STANDARD

[Global flags]
     intx CICompilerCount                          = 3                                         {product} {ergonomic}
   size_t CompressedClassSpaceSize                 = 218103808                                 {product} {ergonomic}
     uint ConcGCThreads                            = 2                                         {product} {ergonomic}
     uint G1ConcRefinementThreads                  = 6                                         {product} {ergonomic}
   size_t G1HeapRegionSize                         = 1048576                                   {product} {ergonomic}
    uintx GCDrainStackTargetSize                   = 64                                        {product} {ergonomic}
     bool HeapDumpOnOutOfMemoryError               = true                                   {manageable} {command line}
   size_t InitialHeapSize                          = 268435456                                 {product} {command line}
   size_t MarkStackSize                            = 4194304                                   {product} {ergonomic}
   size_t MaxHeapSize                              = 536870912                                 {product} {command line}
   size_t MaxMetaspaceSize                         = 268435456                                 {product} {command line}
   size_t MaxNewSize                               = 321912832                                 {product} {ergonomic}
   size_t MinHeapDeltaBytes                        = 1048576                                   {product} {ergonomic}
   size_t MinHeapSize                              = 268435456                                 {product} {command line}
    uintx NonNMethodCodeHeapSize                   = 5832780                                {pd product} {ergonomic}
    uintx NonProfiledCodeHeapSize                  = 122912730                              {pd product} {ergonomic}
    uintx ProfiledCodeHeapSize                     = 122912730                              {pd product} {ergonomic}
    uintx ReservedCodeCacheSize                    = 251658240                              {pd product} {ergonomic}
     bool SegmentedCodeCache                       = true                                      {product} {ergonomic}
   size_t SoftMaxHeapSize                          = 536870912                              {manageable} {ergonomic}
     bool UseCompressedClassPointers               = true                           {product lp64_product} {ergonomic}
     bool UseCompressedOops                        = true                           {product lp64_product} {ergonomic}
     bool UseG1GC                                  = true                                      {product} {ergonomic}
     bool UseLargePagesIndividualAllocation        = false                                  {pd product} {ergonomic}

Logging:
Log output configuration:
 #0: stdout all=warning uptime,level,tags
 #1: stderr all=off uptime,level,tags

Environment Variables:
JAVA_HOME=C:\Program Files\AdoptOpenJDK\jdk-16.0.1.9-hotspot\
PATH=C:\Program Files\AdoptOpenJDK\jdk-16.0.1.9-hotspot\bin;C:\Program Files\AdoptOpenJDK\jdk-11.0.5.10-hotspot\bin;C:\WINDOWS\system32;C:\WINDOWS;C:\WINDOWS\System32\Wbem;C:\WINDOWS\System32\WindowsPowerShell\v1.0\;C:\WINDOWS\System32\OpenSSH\;C:\Program Files\Git\cmd;C:\Program Files\Symfony;C:\ProgramData\ComposerSetup\bin;C:\php;C:\Users\80010-02-05\AppData\Local\Microsoft\WindowsApps;C:\Users\80010-02-05\AppData\Local\Programs\Microsoft VS Code\bin;C:\php;C:\Users\80010-02-05\AppData\Roaming\Composer\vendor\bin
USERNAME=80010-02-05
OS=Windows_NT
PROCESSOR_IDENTIFIER=Intel64 Family 6 Model 158 Stepping 10, GenuineIntel



---------------  S Y S T E M  ---------------

OS:
 Windows 10 , 64 bit Build 19041 (10.0.19041.1023)
OS uptime: 15 days 6:47 hours

CPU: total 6 (initial active 6) (6 cores per cpu, 1 threads per core) family 6 model 158 stepping 10 microcode 0xb4, cx8, cmov, fxsr, mmx, 3dnowpref, sse, sse2, sse3, ssse3, sse4.1, sse4.2, popcnt, lzcnt, tsc, tscinvbit, avx, avx2, aes, erms, clmul, bmi1, bmi2, adx, fma, vzeroupper, clflush, clflushopt

Memory: 4k page, system-wide physical 16219M (7539M free)
TotalPageFile size 18651M (AvailPageFile size 4455M)
current process WorkingSet (physical memory assigned to process): 430M, peak: 441M
current process commit charge ("private bytes"): 559M, peak: 571M

vm_info: OpenJDK 64-Bit Server VM (16.0.1+9) for windows-amd64 JRE (16.0.1+9), built on Apr 21 2021 12:30:27 by "" with MS VC++ 16.7 (VS2019)

END.
