#
# A fatal error has been detected by the Java Runtime Environment:
#
#  EXCEPTION_ACCESS_VIOLATION (0xc0000005) at pc=0x00007ffe7cd0362e, pid=6044, tid=11988
#
# JRE version: OpenJDK Runtime Environment AdoptOpenJDK-16.0.1+9 (16.0.1+9) (build 16.0.1+9)
# Java VM: OpenJDK 64-Bit Server VM AdoptOpenJDK-16.0.1+9 (16.0.1+9, mixed mode, sharing, tiered, compressed oops, compressed class ptrs, g1 gc, windows-amd64)
# Problematic frame:
# C  [native-platform-file-events.dll+0x2362e]
#
# No core dump will be written. Minidumps are not enabled by default on client versions of Windows
#
# If you would like to submit a bug report, please visit:
#   https://github.com/AdoptOpenJDK/openjdk-support/issues
# The crash happened outside the Java Virtual Machine in native code.
# See problematic frame for where to report the bug.
#

---------------  S U M M A R Y ------------

Command Line: --add-opens=java.base/java.util=ALL-UNNAMED --add-opens=java.base/java.lang=ALL-UNNAMED --add-opens=java.base/java.lang.invoke=ALL-UNNAMED --add-opens=java.base/java.util=ALL-UNNAMED --add-opens=java.prefs/java.util.prefs=ALL-UNNAMED --add-opens=java.prefs/java.util.prefs=ALL-UNNAMED --add-opens=java.base/java.nio.charset=ALL-UNNAMED --add-opens=java.base/java.net=ALL-UNNAMED --add-opens=java.base/java.util.concurrent.atomic=ALL-UNNAMED -XX:MaxMetaspaceSize=256m -XX:+HeapDumpOnOutOfMemoryError -Xms256m -Xmx512m -Dfile.encoding=windows-1252 -Duser.country=FR -Duser.language=fr -Duser.variant org.gradle.launcher.daemon.bootstrap.GradleDaemon 7.0

Host: Intel(R) Core(TM) i5-8400 CPU @ 2.80GHz, 6 cores, 15G,  Windows 10 , 64 bit Build 19041 (10.0.19041.1023)
Time: Thu Jul 29 13:24:07 2021 Paris, Madrid (heure duild 19041 (10.0.19041.1023) elapsed time: 14870.360178 seconds (0d 4h 7m 50s)

---------------  T H R E A D  ---------------

Current thread (0x000002c248050d10):  JavaThread "File watcher server" daemon [_thread_in_native, id=11988, stack(0x000000fe35900000,0x000000fe35a00000)]

Stack: [0x000000fe35900000,0x000000fe35a00000],  sp=0x000000fe359fe6d0,  free space=1017k
Native frames: (J=compiled Java code, j=interpreted, Vv=VM code, C=native code)
C  [native-platform-file-events.dll+0x2362e]

Java frames: (J=compiled Java code, j=interpreted, Vv=VM code)
j  net.rubygrapefruit.platform.internal.jni.AbstractFileEventFunctions$NativeFileWatcher.executeRunLoop0(Ljava/lang/Object;)V+0
j  net.rubygrapefruit.platform.internal.jni.AbstractFileEventFunctions$NativeFileWatcher.access$100(Lnet/rubygrapefruit/platform/internal/jni/AbstractFileEventFunctions$NativeFileWatcher;Ljava/lang/Object;)V+2
j  net.rubygrapefruit.platform.internal.jni.AbstractFileEventFunctions$NativeFileWatcher$1.run()V+26
v  ~StubRoutines::call_stub

siginfo: EXCEPTION_ACCESS_VIOLATION (0xc0000005), reading address 0xffffffffffffffff


Register to memory mapping:

RIP=0x00007ffe7cd0362e native-platform-file-events.dll
RAX=0x23f0184000000003 is an unknown value
RBX=0x0000000000000001 is an unknown value
RCX=0x23f0184000000003 is an unknown value
RDX=0x000000fe359fe728 is pointing into the stack for thread: 0x000002c248050d10
RSP=0x000000fe359fe6d0 is pointing into the stack for thread: 0x000002c248050d10
RBP=0x000000fe359ff0c8 is pointing into the stack for thread: 0x000002c248050d10
RSI=0x0 is NULL
RDI=0x00000000ffffffff is an unallocated location in the heap
R8 =0x000000fe359fe730 is pointing into the stack for thread: 0x000002c248050d10
R9 =0x000000007ffea000 points into unknown readable memory: 0x00000000546c6148 | 48 61 6c 54 00 00 00 00
R10=0x00000000546c6148 is an unknown value
R11=0xffffffffeb62b4e1 is an unknown value
R12=0x0 is NULL
R13={method} {0x000002c24af47bb0} 'executeRunLoop0' '(Ljava/lang/Object;)V' in 'net/rubygrapefruit/platform/internal/jni/AbstractFileEventFunctions$NativeFileWatcher'
R14=0x000000fe359ff0f0 is pointing into the stack for thread: 0x000002c248050d10
R15=0x000002c248050d10 is a thread


Registers:
RAX=0x23f0184000000003, RBX=0x0000000000000001, RCX=0x23f0184000000003, RDX=0x000000fe359fe728
RSP=0x000000fe359fe6d0, RBP=0x000000fe359ff0c8, RSI=0x0000000000000000, RDI=0x00000000ffffffff
R8 =0x000000fe359fe730, R9 =0x000000007ffea000, R10=0x00000000546c6148, R11=0xffffffffeb62b4e1
R12=0x0000000000000000, R13=0x000002c24af47ba8, R14=0x000000fe359ff0f0, R15=0x000002c248050d10
RIP=0x00007ffe7cd0362e, EFLAGS=0x0000000000010206

Top of Stack: (sp=0x000000fe359fe6d0)
0x000000fe359fe6d0:   00000dac6b0ba7f0 00000dac612133cc
0x000000fe359fe6e0:   00000dac6b0ba7f0 00007ffe7cd1e965
0x000000fe359fe6f0:   000000fe359fe7a8 000000fe359fe728
0x000000fe359fe700:   000000fe00000000 000000fe359fe738
0x000000fe359fe710:   000000fe359f0001 000000230112095c
0x000000fe359fe720:   000000fe359fe730 00000000000000a6
0x000000fe359fe730:   00000dac612133cc 00000dac6b0ba7f0
0x000000fe359fe740:   00000000ea9808d8 00007ffe7cd1e4f7
0x000000fe359fe750:   000000fe359fe7a8 000000fe359fe7a0
0x000000fe359fe760:   000002c246c9ccc0 00007ffe7cd0d473
0x000000fe359fe770:   000000fe00000000 000000fe344fc250
0x000000fe359fe780:   00000dac6b0ba7f0 00000000000000a6
0x000000fe359fe790:   000000fe00000000 000000fe359fe800
0x000000fe359fe7a0:   00007a0eac1f5a6c 00000000000000a6
0x000000fe359fe7b0:   000002c24dca87a0 00007ffe7cd0385c
0x000000fe359fe7c0:   23f0184000000003 000002c200000003 

Instructions: (pc=0x00007ffe7cd0362e)
0x00007ffe7cd0352e:   8b 00 48 89 44 24 38 48 8b 44 24 38 48 89 44 24
0x00007ffe7cd0353e:   58 48 8b 84 24 b0 00 00 00 48 83 c0 08 48 89 44
0x00007ffe7cd0354e:   24 40 48 8d 54 24 70 48 8b 4c 24 40 e8 84 1a fe
0x00007ffe7cd0355e:   ff 48 8b 00 48 89 44 24 48 48 8b 44 24 48 48 89
0x00007ffe7cd0356e:   44 24 60 4c 8b 4c 24 50 4c 8b 44 24 58 48 8b 54
0x00007ffe7cd0357e:   24 60 48 8d 4c 24 78 e8 b2 48 fe ff 48 8d 4c 24
0x00007ffe7cd0358e:   78 e8 a8 20 fe ff 48 8b c8 ff 15 6b ba 16 00 89
0x00007ffe7cd0359e:   44 24 24 83 7c 24 24 ff 74 15 8b 44 24 24 83 e0
0x00007ffe7cd035ae:   10 85 c0 74 0a c7 44 24 28 01 00 00 00 eb 08 c7
0x00007ffe7cd035be:   44 24 28 00 00 00 00 0f b6 44 24 28 88 44 24 20
0x00007ffe7cd035ce:   48 8d 4c 24 78 e8 04 49 fe ff 0f b6 44 24 20 48
0x00007ffe7cd035de:   8b 8c 24 98 00 00 00 48 33 cc e8 35 fe fd ff 48
0x00007ffe7cd035ee:   81 c4 a8 00 00 00 c3 cc cc cc cc cc cc cc cc cc
0x00007ffe7cd035fe:   cc cc 48 89 4c 24 08 48 81 ec e8 00 00 00 48 8b
0x00007ffe7cd0360e:   05 a5 1a 15 00 48 33 c4 48 89 84 24 d0 00 00 00
0x00007ffe7cd0361e:   c7 44 24 30 00 00 00 00 48 8b 84 24 f0 00 00 00
0x00007ffe7cd0362e:   83 78 68 03 0f 84 02 01 00 00 48 8b 84 24 f0 00
0x00007ffe7cd0363e:   00 00 48 8b 48 28 ff 15 c6 b9 16 00 89 44 24 38
0x00007ffe7cd0364e:   83 7c 24 38 00 0f 85 d0 00 00 00 ba 07 00 00 00
0x00007ffe7cd0365e:   48 8b 0d e3 69 15 00 e8 cd d9 fd ff 88 44 24 34
0x00007ffe7cd0366e:   0f b6 44 24 34 85 c0 0f 84 90 00 00 00 ff 15 97
0x00007ffe7cd0367e:   b9 16 00 89 44 24 3c 48 8b 84 24 f0 00 00 00 48
0x00007ffe7cd0368e:   83 c0 08 48 8b d0 48 8d 8c 24 90 00 00 00 e8 cd
0x00007ffe7cd0369e:   5b fe ff 48 89 44 24 40 48 8b 44 24 40 48 89 44
0x00007ffe7cd036ae:   24 48 8b 44 24 30 83 c8 01 89 44 24 30 48 8b 4c
0x00007ffe7cd036be:   24 48 e8 4e 4d fe ff 48 89 44 24 50 48 8b 84 24
0x00007ffe7cd036ce:   f0 00 00 00 48 8b 40 28 48 89 44 24 58 8b 44 24
0x00007ffe7cd036de:   3c 89 44 24 28 48 8b 44 24 50 48 89 44 24 20 4c
0x00007ffe7cd036ee:   8b 4c 24 58 4c 8d 05 67 4f 11 00 ba 07 00 00 00
0x00007ffe7cd036fe:   48 8b 0d 43 69 15 00 e8 71 67 fe ff 90 8b 44 24
0x00007ffe7cd0370e:   30 83 e0 01 85 c0 74 13 83 64 24 30 fe 48 8d 8c
0x00007ffe7cd0371e:   24 90 00 00 00 e8 eb 1a fe ff 90 eb 00 48 8b 84 


Stack slot to memory mapping:
stack at sp + 0 slots: 0x00000dac6b0ba7f0 is an unknown value
stack at sp + 1 slots: 0x00000dac612133cc is an unknown value
stack at sp + 2 slots: 0x00000dac6b0ba7f0 is an unknown value
stack at sp + 3 slots: 0x00007ffe7cd1e965 native-platform-file-events.dll
stack at sp + 4 slots: 0x000000fe359fe7a8 is pointing into the stack for thread: 0x000002c248050d10
stack at sp + 5 slots: 0x000000fe359fe728 is pointing into the stack for thread: 0x000002c248050d10
stack at sp + 6 slots: 0x000000fe00000000 is an unknown value
stack at sp + 7 slots: 0x000000fe359fe738 is pointing into the stack for thread: 0x000002c248050d10


---------------  P R O C E S S  ---------------

Threads class SMR info:
_java_thread_list=0x000002c246c31580, length=50, elements={
0x000002c229e0d610, 0x000002c2453a0210, 0x000002c2453a0d20, 0x000002c2453b3e90,
0x000002c2453b48a0, 0x000002c2453b72c0, 0x000002c2453bc3d0, 0x000002c2453bae00,
0x000002c2453c10d0, 0x000002c2453c6d20, 0x000002c2460d2df0, 0x000002c2460f7d50,
0x000002c2477e73e0, 0x000002c2480be480, 0x000002c2474c0a30, 0x000002c248052250,
0x000002c248050270, 0x000002c2480507c0, 0x000002c248050d10, 0x000002c248053ce0,
0x000002c248053240, 0x000002c248053790, 0x000002c24804e290, 0x000002c248051260,
0x000002c248054780, 0x000002c24804d2a0, 0x000002c24804e7e0, 0x000002c24804d7f0,
0x000002c24bc25580, 0x000002c24b79c5d0, 0x000002c24b79f5a0, 0x000002c24b79cb20,
0x000002c24b79d070, 0x000002c24b79b090, 0x000002c24b79faf0, 0x000002c24b7a0040,
0x000002c24b7a1580, 0x000002c24b79c080, 0x000002c24b79e060, 0x000002c24b79a5f0,
0x000002c24b79d5c0, 0x000002c24b79eb00, 0x000002c24b7a0590, 0x000002c24b79db10,
0x000002c24b799b50, 0x000002c24b79f050, 0x000002c24b7a0ae0, 0x000002c24804cd50,
0x000002c24804dd40, 0x000002c2480527a0
}

Java Threads: ( => current thread )
  0x000002c229e0d610 JavaThread "main" [_thread_blocked, id=13240, stack(0x000000fe33100000,0x000000fe33200000)]
  0x000002c2453a0210 JavaThread "Reference Handler" daemon [_thread_blocked, id=7228, stack(0x000000fe33800000,0x000000fe33900000)]
  0x000002c2453a0d20 JavaThread "Finalizer" daemon [_thread_blocked, id=12640, stack(0x000000fe33900000,0x000000fe33a00000)]
  0x000002c2453b3e90 JavaThread "Signal Dispatcher" daemon [_thread_blocked, id=10448, stack(0x000000fe33a00000,0x000000fe33b00000)]
  0x000002c2453b48a0 JavaThread "Attach Listener" daemon [_thread_blocked, id=12812, stack(0x000000fe33b00000,0x000000fe33c00000)]
  0x000002c2453b72c0 JavaThread "Service Thread" daemon [_thread_blocked, id=9288, stack(0x000000fe33c00000,0x000000fe33d00000)]
  0x000002c2453bc3d0 JavaThread "Monitor Deflation Thread" daemon [_thread_blocked, id=9752, stack(0x000000fe33d00000,0x000000fe33e00000)]
  0x000002c2453bae00 JavaThread "C2 CompilerThread0" daemon [_thread_blocked, id=6556, stack(0x000000fe33e00000,0x000000fe33f00000)]
  0x000002c2453c10d0 JavaThread "C1 CompilerThread0" daemon [_thread_blocked, id=9948, stack(0x000000fe33f00000,0x000000fe34000000)]
  0x000002c2453c6d20 JavaThread "Sweeper thread" daemon [_thread_blocked, id=228, stack(0x000000fe34000000,0x000000fe34100000)]
  0x000002c2460d2df0 JavaThread "Common-Cleaner" daemon [_thread_blocked, id=10504, stack(0x000000fe34100000,0x000000fe34200000)]
  0x000002c2460f7d50 JavaThread "Notification Thread" daemon [_thread_blocked, id=5624, stack(0x000000fe34200000,0x000000fe34300000)]
  0x000002c2477e73e0 JavaThread "Daemon health stats" [_thread_blocked, id=10040, stack(0x000000fe34b00000,0x000000fe34c00000)]
  0x000002c2480be480 JavaThread "Incoming local TCP Connector on port 63213" [_thread_in_native, id=12672, stack(0x000000fe34c00000,0x000000fe34d00000)]
  0x000002c2474c0a30 JavaThread "Daemon periodic checks" [_thread_blocked, id=9060, stack(0x000000fe34d00000,0x000000fe34e00000)]
  0x000002c248052250 JavaThread "Cache worker for file hash cache (C:\Users\80010-02-05\.gradle\caches\7.0\fileHashes)" [_thread_blocked, id=12984, stack(0x000000fe35500000,0x000000fe35600000)]
  0x000002c248050270 JavaThread "File lock request listener" [_thread_in_native, id=11800, stack(0x000000fe35600000,0x000000fe35700000)]
  0x000002c2480507c0 JavaThread "Cache worker for journal cache (C:\Users\80010-02-05\.gradle\caches\journal-1)" [_thread_blocked, id=13280, stack(0x000000fe35700000,0x000000fe35800000)]
=>0x000002c248050d10 JavaThread "File watcher server" daemon [_thread_in_native, id=11988, stack(0x000000fe35900000,0x000000fe35a00000)]
  0x000002c248053ce0 JavaThread "File watcher consumer" daemon [_thread_blocked, id=5212, stack(0x000000fe35a00000,0x000000fe35b00000)]
  0x000002c248053240 JavaThread "Cache worker for execution history cache (C:\Users\80010-02-05\.gradle\caches\7.0\executionHistory)" [_thread_blocked, id=3324, stack(0x000000fe35e00000,0x000000fe35f00000)]
  0x000002c248053790 JavaThread "jar transforms" [_thread_blocked, id=6380, stack(0x000000fe36000000,0x000000fe36100000)]
  0x000002c24804e290 JavaThread "jar transforms Thread 2" [_thread_blocked, id=12344, stack(0x000000fe36100000,0x000000fe36200000)]
  0x000002c248051260 JavaThread "Cache worker for file content cache (C:\Users\80010-02-05\.gradle\caches\7.0\fileContent)" [_thread_blocked, id=12452, stack(0x000000fe36200000,0x000000fe36300000)]
  0x000002c248054780 JavaThread "jar transforms Thread 3" [_thread_blocked, id=3792, stack(0x000000fe36300000,0x000000fe36400000)]
  0x000002c24804d2a0 JavaThread "jar transforms Thread 4" [_thread_blocked, id=7804, stack(0x000000fe36400000,0x000000fe36500000)]
  0x000002c24804e7e0 JavaThread "jar transforms Thread 5" [_thread_blocked, id=2728, stack(0x000000fe36500000,0x000000fe36600000)]
  0x000002c24804d7f0 JavaThread "jar transforms Thread 6" [_thread_blocked, id=9884, stack(0x000000fe36600000,0x000000fe36700000)]
  0x000002c24bc25580 JavaThread "Memory manager" [_thread_blocked, id=9200, stack(0x000000fe36f00000,0x000000fe37000000)]
  0x000002c24b79c5d0 JavaThread "Cache worker for Java compile cache (C:\Users\80010-02-05\.gradle\caches\7.0\javaCompile)" [_thread_blocked, id=11340, stack(0x000000fe37600000,0x000000fe37700000)]
  0x000002c24b79f5a0 JavaThread "Daemon Thread 4" [_thread_blocked, id=1044, stack(0x000000fe32e00000,0x000000fe32f00000)]
  0x000002c24b79cb20 JavaThread "Handler for socket connection from /127.0.0.1:63213 to /127.0.0.1:52268" [_thread_in_native, id=8808, stack(0x000000fe32f00000,0x000000fe33000000)]
  0x000002c24b79d070 JavaThread "Cancel handler" [_thread_blocked, id=14316, stack(0x000000fe33000000,0x000000fe33100000)]
  0x000002c24b79b090 JavaThread "Daemon worker Thread 4" [_thread_in_native, id=13548, stack(0x000000fe34400000,0x000000fe34500000)]
  0x000002c24b79faf0 JavaThread "Asynchronous log dispatcher for DefaultDaemonConnection: socket connection from /127.0.0.1:63213 to /127.0.0.1:52268" [_thread_blocked, id=7340, stack(0x000000fe34e00000,0x000000fe34f00000)]
  0x000002c24b7a0040 JavaThread "Stdin handler" [_thread_blocked, id=6532, stack(0x000000fe34f00000,0x000000fe35000000)]
  0x000002c24b7a1580 JavaThread "Daemon client event forwarder" [_thread_blocked, id=9616, stack(0x000000fe35000000,0x000000fe35100000)]
  0x000002c24b79c080 JavaThread "Cache worker for file hash cache (U:\80010-02-05\CDA\JDBC-JAVA\.gradle\7.0\fileHashes)" [_thread_blocked, id=12184, stack(0x000000fe35100000,0x000000fe35200000)]
  0x000002c24b79e060 JavaThread "Cache worker for checksums cache (U:\80010-02-05\CDA\JDBC-JAVA\.gradle\checksums)" [_thread_blocked, id=1216, stack(0x000000fe35200000,0x000000fe35300000)]
  0x000002c24b79a5f0 JavaThread "Cache worker for cache directory md-rule (C:\Users\80010-02-05\.gradle\caches\7.0\md-rule)" [_thread_blocked, id=1140, stack(0x000000fe35400000,0x000000fe35500000)]
  0x000002c24b79d5c0 JavaThread "Cache worker for dependencies-accessors (U:\80010-02-05\CDA\JDBC-JAVA\.gradle\7.0\dependencies-accessors)" [_thread_blocked, id=13740, stack(0x000000fe35800000,0x000000fe35900000)]
  0x000002c24b79eb00 JavaThread "Build operations" [_thread_blocked, id=8724, stack(0x000000fe35c00000,0x000000fe35d00000)]
  0x000002c24b7a0590 JavaThread "Build operations Thread 2" [_thread_blocked, id=7108, stack(0x000000fe35d00000,0x000000fe35e00000)]
  0x000002c24b79db10 JavaThread "Build operations Thread 3" [_thread_blocked, id=4312, stack(0x000000fe36700000,0x000000fe36800000)]
  0x000002c24b799b50 JavaThread "Build operations Thread 4" [_thread_blocked, id=7292, stack(0x000000fe36800000,0x000000fe36900000)]
  0x000002c24b79f050 JavaThread "Build operations Thread 5" [_thread_blocked, id=13164, stack(0x000000fe36900000,0x000000fe36a00000)]
  0x000002c24b7a0ae0 JavaThread "Build operations Thread 6" [_thread_blocked, id=8088, stack(0x000000fe36a00000,0x000000fe36b00000)]
  0x000002c24804cd50 JavaThread "Exec process" [_thread_blocked, id=696, stack(0x000000fe37400000,0x000000fe37500000)]
  0x000002c24804dd40 JavaThread "Exec process Thread 2" [_thread_blocked, id=7748, stack(0x000000fe37500000,0x000000fe37600000)]
  0x000002c2480527a0 JavaThread "Exec process Thread 3" [_thread_blocked, id=7316, stack(0x000000fe37700000,0x000000fe37800000)]

Other Threads:
  0x000002c245397c50 VMThread "VM Thread" [stack: 0x000000fe33700000,0x000000fe33800000] [id=7120]
  0x000002c2460f8270 WatcherThread [stack: 0x000000fe34300000,0x000000fe34400000] [id=12140]
  0x000002c229e35fd0 GCTaskThread "GC Thread#0" [stack: 0x000000fe33200000,0x000000fe33300000] [id=4480]
  0x000002c246d36fc0 GCTaskThread "GC Thread#1" [stack: 0x000000fe34500000,0x000000fe34600000] [id=6808]
  0x000002c246d372d0 GCTaskThread "GC Thread#2" [stack: 0x000000fe34600000,0x000000fe34700000] [id=12332]
  0x000002c246d375e0 GCTaskThread "GC Thread#3" [stack: 0x000000fe34700000,0x000000fe34800000] [id=11752]
  0x000002c246d378f0 GCTaskThread "GC Thread#4" [stack: 0x000000fe34800000,0x000000fe34900000] [id=11608]
  0x000002c246e01ae0 GCTaskThread "GC Thread#5" [stack: 0x000000fe34900000,0x000000fe34a00000] [id=9292]
  0x000002c229e3aec0 ConcurrentGCThread "G1 Main Marker" [stack: 0x000000fe33300000,0x000000fe33400000] [id=11952]
  0x000002c229e3b760 ConcurrentGCThread "G1 Conc#0" [stack: 0x000000fe33400000,0x000000fe33500000] [id=12560]
  0x000002c249d94e70 ConcurrentGCThread "G1 Conc#1" [stack: 0x000000fe35f00000,0x000000fe36000000] [id=2084]
  0x000002c229eed460 ConcurrentGCThread "G1 Refine#0" [stack: 0x000000fe33500000,0x000000fe33600000] [id=576]
  0x000002c246dda520 ConcurrentGCThread "G1 Refine#1" [stack: 0x000000fe34a00000,0x000000fe34b00000] [id=12092]
  0x000002c24b952970 ConcurrentGCThread "G1 Refine#2" [stack: 0x000000fe37800000,0x000000fe37900000] [id=6732]
  0x000002c24b954370 ConcurrentGCThread "G1 Refine#3" [stack: 0x000000fe37900000,0x000000fe37a00000] [id=6416]
  0x000002c24b9539b0 ConcurrentGCThread "G1 Refine#4" [stack: 0x000000fe37a00000,0x000000fe37b00000] [id=12424]
  0x000002c229eedd10 ConcurrentGCThread "G1 Service" [stack: 0x000000fe33600000,0x000000fe33700000] [id=13308]

Threads with active compile tasks:

VM state: not at safepoint (normal execution)

VM Mutex/Monitor currently owned by a thread: None

Heap address: 0x00000000e0000000, size: 512 MB, Compressed Oops mode: 32-bit

CDS archive(s) mapped at: [0x0000000800000000-0x0000000800bf0000-0x0000000800bf0000), size 12517376, SharedBaseAddress: 0x0000000800000000, ArchiveRelocationMode: 0.
Compressed class space mapped at: 0x0000000800c00000-0x000000080dc00000, reserved size: 218103808
Narrow klass base: 0x0000000800000000, Narrow klass shift: 3, Narrow klass range: 0x100000000

GC Precious Log:
 CPUs: 6 total, 6 available
 Memory: 16219M
 Large Page Support: Disabled
 NUMA Support: Disabled
 Compressed Oops: Enabled (32-bit)
 Heap Region Size: 1M
 Heap Min Capacity: 256M
 Heap Initial Capacity: 256M
 Heap Max Capacity: 512M
 Pre-touch: Disabled
 Parallel Workers: 6
 Concurrent Workers: 2
 Concurrent Refinement Workers: 6
 Periodic GC: Disabled

Heap:
 garbage-first heap   total 262144K, used 64316K [0x00000000e0000000, 0x0000000100000000)
  region size 1024K, 22 young (22528K), 6 survivors (6144K)
 Metaspace       used 59370K, committed 59968K, reserved 270336K
  class space    used 7715K, committed 8000K, reserved 212992K

Heap Regions: E=young(eden), S=young(survivor), O=old, HS=humongous(starts), HC=humongous(continues), CS=collection set, F=free, OA=open archive, CA=closed archive, TAMS=top-at-mark-start (previous, next)
|   0|0x00000000e0000000, 0x00000000e0100000, 0x00000000e0100000|100%| O|  |TAMS 0x00000000e0100000, 0x00000000e0000000| Untracked 
|   1|0x00000000e0100000, 0x00000000e0200000, 0x00000000e0200000|100%| O|  |TAMS 0x00000000e0200000, 0x00000000e0100000| Untracked 
|   2|0x00000000e0200000, 0x00000000e0300000, 0x00000000e0300000|100%| O|  |TAMS 0x00000000e0300000, 0x00000000e0200000| Untracked 
|   3|0x00000000e0300000, 0x00000000e0400000, 0x00000000e0400000|100%|HS|  |TAMS 0x00000000e0400000, 0x00000000e0300000| Complete 
|   4|0x00000000e0400000, 0x00000000e0500000, 0x00000000e0500000|100%|HC|  |TAMS 0x00000000e0500000, 0x00000000e0400000| Complete 
|   5|0x00000000e0500000, 0x00000000e0600000, 0x00000000e0600000|100%|HC|  |TAMS 0x00000000e0600000, 0x00000000e0500000| Complete 
|   6|0x00000000e0600000, 0x00000000e0700000, 0x00000000e0700000|100%| O|  |TAMS 0x00000000e0700000, 0x00000000e0600000| Untracked 
|   7|0x00000000e0700000, 0x00000000e0800000, 0x00000000e0800000|100%| O|  |TAMS 0x00000000e0800000, 0x00000000e0700000| Untracked 
|   8|0x00000000e0800000, 0x00000000e0900000, 0x00000000e0900000|100%| O|  |TAMS 0x00000000e0900000, 0x00000000e0800000| Untracked 
|   9|0x00000000e0900000, 0x00000000e0a00000, 0x00000000e0a00000|100%| O|  |TAMS 0x00000000e0a00000, 0x00000000e0900000| Untracked 
|  10|0x00000000e0a00000, 0x00000000e0b00000, 0x00000000e0b00000|100%| O|  |TAMS 0x00000000e0b00000, 0x00000000e0a00000| Untracked 
|  11|0x00000000e0b00000, 0x00000000e0c00000, 0x00000000e0c00000|100%| O|  |TAMS 0x00000000e0c00000, 0x00000000e0b00000| Untracked 
|  12|0x00000000e0c00000, 0x00000000e0d00000, 0x00000000e0d00000|100%| O|  |TAMS 0x00000000e0d00000, 0x00000000e0c00000| Untracked 
|  13|0x00000000e0d00000, 0x00000000e0e00000, 0x00000000e0e00000|100%| O|  |TAMS 0x00000000e0e00000, 0x00000000e0d00000| Untracked 
|  14|0x00000000e0e00000, 0x00000000e0f00000, 0x00000000e0f00000|100%| O|  |TAMS 0x00000000e0f00000, 0x00000000e0e00000| Untracked 
|  15|0x00000000e0f00000, 0x00000000e1000000, 0x00000000e1000000|100%| O|  |TAMS 0x00000000e1000000, 0x00000000e0f00000| Untracked 
|  16|0x00000000e1000000, 0x00000000e1100000, 0x00000000e1100000|100%| O|  |TAMS 0x00000000e1100000, 0x00000000e1000000| Untracked 
|  17|0x00000000e1100000, 0x00000000e1200000, 0x00000000e1200000|100%| O|  |TAMS 0x00000000e1200000, 0x00000000e1100000| Untracked 
|  18|0x00000000e1200000, 0x00000000e1300000, 0x00000000e1300000|100%| O|  |TAMS 0x00000000e1300000, 0x00000000e1200000| Untracked 
|  19|0x00000000e1300000, 0x00000000e1400000, 0x00000000e1400000|100%| O|  |TAMS 0x00000000e1400000, 0x00000000e1300000| Untracked 
|  20|0x00000000e1400000, 0x00000000e1500000, 0x00000000e1500000|100%| O|  |TAMS 0x00000000e1500000, 0x00000000e1400000| Untracked 
|  21|0x00000000e1500000, 0x00000000e1600000, 0x00000000e1600000|100%| O|  |TAMS 0x00000000e1600000, 0x00000000e1500000| Untracked 
|  22|0x00000000e1600000, 0x00000000e1700000, 0x00000000e1700000|100%| O|  |TAMS 0x00000000e1700000, 0x00000000e1600000| Untracked 
|  23|0x00000000e1700000, 0x00000000e1800000, 0x00000000e1800000|100%| O|  |TAMS 0x00000000e1800000, 0x00000000e1700000| Untracked 
|  24|0x00000000e1800000, 0x00000000e1900000, 0x00000000e1900000|100%| O|  |TAMS 0x00000000e1900000, 0x00000000e1800000| Untracked 
|  25|0x00000000e1900000, 0x00000000e1a00000, 0x00000000e1a00000|100%| O|  |TAMS 0x00000000e1a00000, 0x00000000e1900000| Untracked 
|  26|0x00000000e1a00000, 0x00000000e1b00000, 0x00000000e1b00000|100%| O|  |TAMS 0x00000000e1b00000, 0x00000000e1a00000| Untracked 
|  27|0x00000000e1b00000, 0x00000000e1c00000, 0x00000000e1c00000|100%| O|  |TAMS 0x00000000e1c00000, 0x00000000e1b00000| Untracked 
|  28|0x00000000e1c00000, 0x00000000e1d00000, 0x00000000e1d00000|100%| O|  |TAMS 0x00000000e1d00000, 0x00000000e1c00000| Untracked 
|  29|0x00000000e1d00000, 0x00000000e1e00000, 0x00000000e1e00000|100%| O|  |TAMS 0x00000000e1e00000, 0x00000000e1d00000| Untracked 
|  30|0x00000000e1e00000, 0x00000000e1f00000, 0x00000000e1f00000|100%| O|  |TAMS 0x00000000e1f00000, 0x00000000e1e00000| Untracked 
|  31|0x00000000e1f00000, 0x00000000e2000000, 0x00000000e2000000|100%| O|  |TAMS 0x00000000e2000000, 0x00000000e1f00000| Untracked 
|  32|0x00000000e2000000, 0x00000000e2100000, 0x00000000e2100000|100%| O|  |TAMS 0x00000000e2100000, 0x00000000e2000000| Untracked 
|  33|0x00000000e2100000, 0x00000000e2200000, 0x00000000e2200000|100%| O|  |TAMS 0x00000000e2200000, 0x00000000e2100000| Untracked 
|  34|0x00000000e2200000, 0x00000000e2300000, 0x00000000e2300000|100%| O|  |TAMS 0x00000000e2300000, 0x00000000e2200000| Untracked 
|  35|0x00000000e2300000, 0x00000000e2400000, 0x00000000e2400000|100%| O|  |TAMS 0x00000000e2400000, 0x00000000e2300000| Untracked 
|  36|0x00000000e2400000, 0x00000000e2500000, 0x00000000e2500000|100%| O|  |TAMS 0x00000000e2500000, 0x00000000e2400000| Untracked 
|  37|0x00000000e2500000, 0x00000000e2600000, 0x00000000e2600000|100%| O|  |TAMS 0x00000000e2600000, 0x00000000e2500000| Untracked 
|  38|0x00000000e2600000, 0x00000000e2700000, 0x00000000e2700000|100%| O|  |TAMS 0x00000000e2700000, 0x00000000e2600000| Untracked 
|  39|0x00000000e2700000, 0x00000000e2800000, 0x00000000e2800000|100%| O|  |TAMS 0x00000000e2800000, 0x00000000e2700000| Untracked 
|  40|0x00000000e2800000, 0x00000000e2900000, 0x00000000e2900000|100%| O|  |TAMS 0x00000000e28f0600, 0x00000000e2800000| Untracked 
|  41|0x00000000e2900000, 0x00000000e2a00000, 0x00000000e2a00000|100%| O|  |TAMS 0x00000000e2900000, 0x00000000e2900000| Untracked 
|  42|0x00000000e2a00000, 0x00000000e2a85400, 0x00000000e2b00000| 52%| O|  |TAMS 0x00000000e2a00000, 0x00000000e2a00000| Untracked 
|  43|0x00000000e2b00000, 0x00000000e2b00000, 0x00000000e2c00000|  0%| F|  |TAMS 0x00000000e2b00000, 0x00000000e2b00000| Untracked 
|  44|0x00000000e2c00000, 0x00000000e2c00000, 0x00000000e2d00000|  0%| F|  |TAMS 0x00000000e2c00000, 0x00000000e2c00000| Untracked 
|  45|0x00000000e2d00000, 0x00000000e2d00000, 0x00000000e2e00000|  0%| F|  |TAMS 0x00000000e2d00000, 0x00000000e2d00000| Untracked 
|  46|0x00000000e2e00000, 0x00000000e2e00000, 0x00000000e2f00000|  0%| F|  |TAMS 0x00000000e2e00000, 0x00000000e2e00000| Untracked 
|  47|0x00000000e2f00000, 0x00000000e2f00000, 0x00000000e3000000|  0%| F|  |TAMS 0x00000000e2f00000, 0x00000000e2f00000| Untracked 
|  48|0x00000000e3000000, 0x00000000e3000000, 0x00000000e3100000|  0%| F|  |TAMS 0x00000000e3000000, 0x00000000e3000000| Untracked 
|  49|0x00000000e3100000, 0x00000000e3100000, 0x00000000e3200000|  0%| F|  |TAMS 0x00000000e3100000, 0x00000000e3100000| Untracked 
|  50|0x00000000e3200000, 0x00000000e3200000, 0x00000000e3300000|  0%| F|  |TAMS 0x00000000e3200000, 0x00000000e3200000| Untracked 
|  51|0x00000000e3300000, 0x00000000e3300000, 0x00000000e3400000|  0%| F|  |TAMS 0x00000000e3300000, 0x00000000e3300000| Untracked 
|  52|0x00000000e3400000, 0x00000000e3400000, 0x00000000e3500000|  0%| F|  |TAMS 0x00000000e3400000, 0x00000000e3400000| Untracked 
|  53|0x00000000e3500000, 0x00000000e3500000, 0x00000000e3600000|  0%| F|  |TAMS 0x00000000e3500000, 0x00000000e3500000| Untracked 
|  54|0x00000000e3600000, 0x00000000e3600000, 0x00000000e3700000|  0%| F|  |TAMS 0x00000000e3600000, 0x00000000e3600000| Untracked 
|  55|0x00000000e3700000, 0x00000000e3700000, 0x00000000e3800000|  0%| F|  |TAMS 0x00000000e3700000, 0x00000000e3700000| Untracked 
|  56|0x00000000e3800000, 0x00000000e3800000, 0x00000000e3900000|  0%| F|  |TAMS 0x00000000e3800000, 0x00000000e3800000| Untracked 
|  57|0x00000000e3900000, 0x00000000e3900000, 0x00000000e3a00000|  0%| F|  |TAMS 0x00000000e3900000, 0x00000000e3900000| Untracked 
|  58|0x00000000e3a00000, 0x00000000e3a00000, 0x00000000e3b00000|  0%| F|  |TAMS 0x00000000e3a00000, 0x00000000e3a00000| Untracked 
|  59|0x00000000e3b00000, 0x00000000e3b00000, 0x00000000e3c00000|  0%| F|  |TAMS 0x00000000e3b00000, 0x00000000e3b00000| Untracked 
|  60|0x00000000e3c00000, 0x00000000e3c00000, 0x00000000e3d00000|  0%| F|  |TAMS 0x00000000e3c00000, 0x00000000e3c00000| Untracked 
|  61|0x00000000e3d00000, 0x00000000e3d00000, 0x00000000e3e00000|  0%| F|  |TAMS 0x00000000e3d00000, 0x00000000e3d00000| Untracked 
|  62|0x00000000e3e00000, 0x00000000e3e00000, 0x00000000e3f00000|  0%| F|  |TAMS 0x00000000e3e00000, 0x00000000e3e00000| Untracked 
|  63|0x00000000e3f00000, 0x00000000e3f00000, 0x00000000e4000000|  0%| F|  |TAMS 0x00000000e3f00000, 0x00000000e3f00000| Untracked 
|  64|0x00000000e4000000, 0x00000000e4000000, 0x00000000e4100000|  0%| F|  |TAMS 0x00000000e4000000, 0x00000000e4000000| Untracked 
|  65|0x00000000e4100000, 0x00000000e4100000, 0x00000000e4200000|  0%| F|  |TAMS 0x00000000e4100000, 0x00000000e4100000| Untracked 
|  66|0x00000000e4200000, 0x00000000e4200000, 0x00000000e4300000|  0%| F|  |TAMS 0x00000000e4200000, 0x00000000e4200000| Untracked 
|  67|0x00000000e4300000, 0x00000000e4300000, 0x00000000e4400000|  0%| F|  |TAMS 0x00000000e4300000, 0x00000000e4300000| Untracked 
|  68|0x00000000e4400000, 0x00000000e4400000, 0x00000000e4500000|  0%| F|  |TAMS 0x00000000e4400000, 0x00000000e4400000| Untracked 
|  69|0x00000000e4500000, 0x00000000e4500000, 0x00000000e4600000|  0%| F|  |TAMS 0x00000000e4500000, 0x00000000e4500000| Untracked 
|  70|0x00000000e4600000, 0x00000000e4600000, 0x00000000e4700000|  0%| F|  |TAMS 0x00000000e4600000, 0x00000000e4600000| Untracked 
|  71|0x00000000e4700000, 0x00000000e4700000, 0x00000000e4800000|  0%| F|  |TAMS 0x00000000e4700000, 0x00000000e4700000| Untracked 
|  72|0x00000000e4800000, 0x00000000e4800000, 0x00000000e4900000|  0%| F|  |TAMS 0x00000000e4800000, 0x00000000e4800000| Untracked 
|  73|0x00000000e4900000, 0x00000000e4900000, 0x00000000e4a00000|  0%| F|  |TAMS 0x00000000e4900000, 0x00000000e4900000| Untracked 
|  74|0x00000000e4a00000, 0x00000000e4a00000, 0x00000000e4b00000|  0%| F|  |TAMS 0x00000000e4a00000, 0x00000000e4a00000| Untracked 
|  75|0x00000000e4b00000, 0x00000000e4b00000, 0x00000000e4c00000|  0%| F|  |TAMS 0x00000000e4b00000, 0x00000000e4b00000| Untracked 
|  76|0x00000000e4c00000, 0x00000000e4c00000, 0x00000000e4d00000|  0%| F|  |TAMS 0x00000000e4c00000, 0x00000000e4c00000| Untracked 
|  77|0x00000000e4d00000, 0x00000000e4d00000, 0x00000000e4e00000|  0%| F|  |TAMS 0x00000000e4d00000, 0x00000000e4d00000| Untracked 
|  78|0x00000000e4e00000, 0x00000000e4e00000, 0x00000000e4f00000|  0%| F|  |TAMS 0x00000000e4e00000, 0x00000000e4e00000| Untracked 
|  79|0x00000000e4f00000, 0x00000000e4f00000, 0x00000000e5000000|  0%| F|  |TAMS 0x00000000e4f00000, 0x00000000e4f00000| Untracked 
|  80|0x00000000e5000000, 0x00000000e5000000, 0x00000000e5100000|  0%| F|  |TAMS 0x00000000e5000000, 0x00000000e5000000| Untracked 
|  81|0x00000000e5100000, 0x00000000e5100000, 0x00000000e5200000|  0%| F|  |TAMS 0x00000000e5100000, 0x00000000e5100000| Untracked 
|  82|0x00000000e5200000, 0x00000000e5200000, 0x00000000e5300000|  0%| F|  |TAMS 0x00000000e5200000, 0x00000000e5200000| Untracked 
|  83|0x00000000e5300000, 0x00000000e5300000, 0x00000000e5400000|  0%| F|  |TAMS 0x00000000e5300000, 0x00000000e5300000| Untracked 
|  84|0x00000000e5400000, 0x00000000e5400000, 0x00000000e5500000|  0%| F|  |TAMS 0x00000000e5400000, 0x00000000e5400000| Untracked 
|  85|0x00000000e5500000, 0x00000000e5500000, 0x00000000e5600000|  0%| F|  |TAMS 0x00000000e5500000, 0x00000000e5500000| Untracked 
|  86|0x00000000e5600000, 0x00000000e5600000, 0x00000000e5700000|  0%| F|  |TAMS 0x00000000e5600000, 0x00000000e5600000| Untracked 
|  87|0x00000000e5700000, 0x00000000e5700000, 0x00000000e5800000|  0%| F|  |TAMS 0x00000000e5700000, 0x00000000e5700000| Untracked 
|  88|0x00000000e5800000, 0x00000000e5800000, 0x00000000e5900000|  0%| F|  |TAMS 0x00000000e5800000, 0x00000000e5800000| Untracked 
|  89|0x00000000e5900000, 0x00000000e5900000, 0x00000000e5a00000|  0%| F|  |TAMS 0x00000000e5900000, 0x00000000e5900000| Untracked 
|  90|0x00000000e5a00000, 0x00000000e5a00000, 0x00000000e5b00000|  0%| F|  |TAMS 0x00000000e5a00000, 0x00000000e5a00000| Untracked 
|  91|0x00000000e5b00000, 0x00000000e5b00000, 0x00000000e5c00000|  0%| F|  |TAMS 0x00000000e5b00000, 0x00000000e5b00000| Untracked 
|  92|0x00000000e5c00000, 0x00000000e5c00000, 0x00000000e5d00000|  0%| F|  |TAMS 0x00000000e5c00000, 0x00000000e5c00000| Untracked 
|  93|0x00000000e5d00000, 0x00000000e5d00000, 0x00000000e5e00000|  0%| F|  |TAMS 0x00000000e5d00000, 0x00000000e5d00000| Untracked 
|  94|0x00000000e5e00000, 0x00000000e5e00000, 0x00000000e5f00000|  0%| F|  |TAMS 0x00000000e5e00000, 0x00000000e5e00000| Untracked 
|  95|0x00000000e5f00000, 0x00000000e5f00000, 0x00000000e6000000|  0%| F|  |TAMS 0x00000000e5f00000, 0x00000000e5f00000| Untracked 
|  96|0x00000000e6000000, 0x00000000e6000000, 0x00000000e6100000|  0%| F|  |TAMS 0x00000000e6000000, 0x00000000e6000000| Untracked 
|  97|0x00000000e6100000, 0x00000000e6100000, 0x00000000e6200000|  0%| F|  |TAMS 0x00000000e6100000, 0x00000000e6100000| Untracked 
|  98|0x00000000e6200000, 0x00000000e6200000, 0x00000000e6300000|  0%| F|  |TAMS 0x00000000e6200000, 0x00000000e6200000| Untracked 
|  99|0x00000000e6300000, 0x00000000e6300000, 0x00000000e6400000|  0%| F|  |TAMS 0x00000000e6300000, 0x00000000e6300000| Untracked 
| 100|0x00000000e6400000, 0x00000000e6400000, 0x00000000e6500000|  0%| F|  |TAMS 0x00000000e6400000, 0x00000000e6400000| Untracked 
| 101|0x00000000e6500000, 0x00000000e6500000, 0x00000000e6600000|  0%| F|  |TAMS 0x00000000e6500000, 0x00000000e6500000| Untracked 
| 102|0x00000000e6600000, 0x00000000e6600000, 0x00000000e6700000|  0%| F|  |TAMS 0x00000000e6600000, 0x00000000e6600000| Untracked 
| 103|0x00000000e6700000, 0x00000000e6700000, 0x00000000e6800000|  0%| F|  |TAMS 0x00000000e6700000, 0x00000000e6700000| Untracked 
| 104|0x00000000e6800000, 0x00000000e6800000, 0x00000000e6900000|  0%| F|  |TAMS 0x00000000e6800000, 0x00000000e6800000| Untracked 
| 105|0x00000000e6900000, 0x00000000e6900000, 0x00000000e6a00000|  0%| F|  |TAMS 0x00000000e6900000, 0x00000000e6900000| Untracked 
| 106|0x00000000e6a00000, 0x00000000e6a00000, 0x00000000e6b00000|  0%| F|  |TAMS 0x00000000e6a00000, 0x00000000e6a00000| Untracked 
| 107|0x00000000e6b00000, 0x00000000e6b00000, 0x00000000e6c00000|  0%| F|  |TAMS 0x00000000e6b00000, 0x00000000e6b00000| Untracked 
| 108|0x00000000e6c00000, 0x00000000e6c00000, 0x00000000e6d00000|  0%| F|  |TAMS 0x00000000e6c00000, 0x00000000e6c00000| Untracked 
| 109|0x00000000e6d00000, 0x00000000e6d00000, 0x00000000e6e00000|  0%| F|  |TAMS 0x00000000e6d00000, 0x00000000e6d00000| Untracked 
| 110|0x00000000e6e00000, 0x00000000e6e00000, 0x00000000e6f00000|  0%| F|  |TAMS 0x00000000e6e00000, 0x00000000e6e00000| Untracked 
| 111|0x00000000e6f00000, 0x00000000e6f00000, 0x00000000e7000000|  0%| F|  |TAMS 0x00000000e6f00000, 0x00000000e6f00000| Untracked 
| 112|0x00000000e7000000, 0x00000000e7000000, 0x00000000e7100000|  0%| F|  |TAMS 0x00000000e7000000, 0x00000000e7000000| Untracked 
| 113|0x00000000e7100000, 0x00000000e7100000, 0x00000000e7200000|  0%| F|  |TAMS 0x00000000e7100000, 0x00000000e7100000| Untracked 
| 114|0x00000000e7200000, 0x00000000e7200000, 0x00000000e7300000|  0%| F|  |TAMS 0x00000000e7200000, 0x00000000e7200000| Untracked 
| 115|0x00000000e7300000, 0x00000000e7300000, 0x00000000e7400000|  0%| F|  |TAMS 0x00000000e7300000, 0x00000000e7300000| Untracked 
| 116|0x00000000e7400000, 0x00000000e7400000, 0x00000000e7500000|  0%| F|  |TAMS 0x00000000e7400000, 0x00000000e7400000| Untracked 
| 117|0x00000000e7500000, 0x00000000e7500000, 0x00000000e7600000|  0%| F|  |TAMS 0x00000000e7500000, 0x00000000e7500000| Untracked 
| 118|0x00000000e7600000, 0x00000000e7600000, 0x00000000e7700000|  0%| F|  |TAMS 0x00000000e7600000, 0x00000000e7600000| Untracked 
| 119|0x00000000e7700000, 0x00000000e7700000, 0x00000000e7800000|  0%| F|  |TAMS 0x00000000e7700000, 0x00000000e7700000| Untracked 
| 120|0x00000000e7800000, 0x00000000e7800000, 0x00000000e7900000|  0%| F|  |TAMS 0x00000000e7800000, 0x00000000e7800000| Untracked 
| 121|0x00000000e7900000, 0x00000000e7900000, 0x00000000e7a00000|  0%| F|  |TAMS 0x00000000e7900000, 0x00000000e7900000| Untracked 
| 122|0x00000000e7a00000, 0x00000000e7a00000, 0x00000000e7b00000|  0%| F|  |TAMS 0x00000000e7a00000, 0x00000000e7a00000| Untracked 
| 123|0x00000000e7b00000, 0x00000000e7b00000, 0x00000000e7c00000|  0%| F|  |TAMS 0x00000000e7b00000, 0x00000000e7b00000| Untracked 
| 124|0x00000000e7c00000, 0x00000000e7c00000, 0x00000000e7d00000|  0%| F|  |TAMS 0x00000000e7c00000, 0x00000000e7c00000| Untracked 
| 125|0x00000000e7d00000, 0x00000000e7d00000, 0x00000000e7e00000|  0%| F|  |TAMS 0x00000000e7d00000, 0x00000000e7d00000| Untracked 
| 126|0x00000000e7e00000, 0x00000000e7e00000, 0x00000000e7f00000|  0%| F|  |TAMS 0x00000000e7e00000, 0x00000000e7e00000| Untracked 
| 127|0x00000000e7f00000, 0x00000000e7f00000, 0x00000000e8000000|  0%| F|  |TAMS 0x00000000e7f00000, 0x00000000e7f00000| Untracked 
| 128|0x00000000e8000000, 0x00000000e8000000, 0x00000000e8100000|  0%| F|  |TAMS 0x00000000e8000000, 0x00000000e8000000| Untracked 
| 129|0x00000000e8100000, 0x00000000e8100000, 0x00000000e8200000|  0%| F|  |TAMS 0x00000000e8100000, 0x00000000e8100000| Untracked 
| 130|0x00000000e8200000, 0x00000000e8200000, 0x00000000e8300000|  0%| F|  |TAMS 0x00000000e8200000, 0x00000000e8200000| Untracked 
| 131|0x00000000e8300000, 0x00000000e8300000, 0x00000000e8400000|  0%| F|  |TAMS 0x00000000e8300000, 0x00000000e8300000| Untracked 
| 132|0x00000000e8400000, 0x00000000e8400000, 0x00000000e8500000|  0%| F|  |TAMS 0x00000000e8400000, 0x00000000e8400000| Untracked 
| 133|0x00000000e8500000, 0x00000000e8500000, 0x00000000e8600000|  0%| F|  |TAMS 0x00000000e8500000, 0x00000000e8500000| Untracked 
| 134|0x00000000e8600000, 0x00000000e8600000, 0x00000000e8700000|  0%| F|  |TAMS 0x00000000e8600000, 0x00000000e8600000| Untracked 
| 135|0x00000000e8700000, 0x00000000e8700000, 0x00000000e8800000|  0%| F|  |TAMS 0x00000000e8700000, 0x00000000e8700000| Untracked 
| 136|0x00000000e8800000, 0x00000000e8800000, 0x00000000e8900000|  0%| F|  |TAMS 0x00000000e8800000, 0x00000000e8800000| Untracked 
| 137|0x00000000e8900000, 0x00000000e8900000, 0x00000000e8a00000|  0%| F|  |TAMS 0x00000000e8900000, 0x00000000e8900000| Untracked 
| 138|0x00000000e8a00000, 0x00000000e8a00000, 0x00000000e8b00000|  0%| F|  |TAMS 0x00000000e8a00000, 0x00000000e8a00000| Untracked 
| 139|0x00000000e8b00000, 0x00000000e8b00000, 0x00000000e8c00000|  0%| F|  |TAMS 0x00000000e8b00000, 0x00000000e8b00000| Untracked 
| 140|0x00000000e8c00000, 0x00000000e8c00000, 0x00000000e8d00000|  0%| F|  |TAMS 0x00000000e8c00000, 0x00000000e8c00000| Untracked 
| 141|0x00000000e8d00000, 0x00000000e8d00000, 0x00000000e8e00000|  0%| F|  |TAMS 0x00000000e8d00000, 0x00000000e8d00000| Untracked 
| 142|0x00000000e8e00000, 0x00000000e8e00000, 0x00000000e8f00000|  0%| F|  |TAMS 0x00000000e8e00000, 0x00000000e8e00000| Untracked 
| 143|0x00000000e8f00000, 0x00000000e8f00000, 0x00000000e9000000|  0%| F|  |TAMS 0x00000000e8f00000, 0x00000000e8f00000| Untracked 
| 144|0x00000000e9000000, 0x00000000e9000000, 0x00000000e9100000|  0%| F|  |TAMS 0x00000000e9000000, 0x00000000e9000000| Untracked 
| 145|0x00000000e9100000, 0x00000000e9100000, 0x00000000e9200000|  0%| F|  |TAMS 0x00000000e9100000, 0x00000000e9100000| Untracked 
| 146|0x00000000e9200000, 0x00000000e9200000, 0x00000000e9300000|  0%| F|  |TAMS 0x00000000e9200000, 0x00000000e9200000| Untracked 
| 147|0x00000000e9300000, 0x00000000e9300000, 0x00000000e9400000|  0%| F|  |TAMS 0x00000000e9300000, 0x00000000e9300000| Untracked 
| 148|0x00000000e9400000, 0x00000000e9400000, 0x00000000e9500000|  0%| F|  |TAMS 0x00000000e9400000, 0x00000000e9400000| Untracked 
| 149|0x00000000e9500000, 0x00000000e9500000, 0x00000000e9600000|  0%| F|  |TAMS 0x00000000e9500000, 0x00000000e9500000| Untracked 
| 150|0x00000000e9600000, 0x00000000e9600000, 0x00000000e9700000|  0%| F|  |TAMS 0x00000000e9600000, 0x00000000e9600000| Untracked 
| 151|0x00000000e9700000, 0x00000000e9700000, 0x00000000e9800000|  0%| F|  |TAMS 0x00000000e9700000, 0x00000000e9700000| Untracked 
| 152|0x00000000e9800000, 0x00000000e9800000, 0x00000000e9900000|  0%| F|  |TAMS 0x00000000e9800000, 0x00000000e9800000| Untracked 
| 153|0x00000000e9900000, 0x00000000e9900000, 0x00000000e9a00000|  0%| F|  |TAMS 0x00000000e9900000, 0x00000000e9900000| Untracked 
| 154|0x00000000e9a00000, 0x00000000e9a00000, 0x00000000e9b00000|  0%| F|  |TAMS 0x00000000e9a00000, 0x00000000e9a00000| Untracked 
| 155|0x00000000e9b00000, 0x00000000e9b00000, 0x00000000e9c00000|  0%| F|  |TAMS 0x00000000e9b00000, 0x00000000e9b00000| Untracked 
| 156|0x00000000e9c00000, 0x00000000e9c00000, 0x00000000e9d00000|  0%| F|  |TAMS 0x00000000e9c00000, 0x00000000e9c00000| Untracked 
| 157|0x00000000e9d00000, 0x00000000e9d00000, 0x00000000e9e00000|  0%| F|  |TAMS 0x00000000e9d00000, 0x00000000e9d00000| Untracked 
| 158|0x00000000e9e00000, 0x00000000e9e00000, 0x00000000e9f00000|  0%| F|  |TAMS 0x00000000e9e00000, 0x00000000e9e00000| Untracked 
| 159|0x00000000e9f00000, 0x00000000e9f00000, 0x00000000ea000000|  0%| F|  |TAMS 0x00000000e9f00000, 0x00000000e9f00000| Untracked 
| 160|0x00000000ea000000, 0x00000000ea000000, 0x00000000ea100000|  0%| F|  |TAMS 0x00000000ea000000, 0x00000000ea000000| Untracked 
| 161|0x00000000ea100000, 0x00000000ea100000, 0x00000000ea200000|  0%| F|  |TAMS 0x00000000ea100000, 0x00000000ea100000| Untracked 
| 162|0x00000000ea200000, 0x00000000ea200000, 0x00000000ea300000|  0%| F|  |TAMS 0x00000000ea200000, 0x00000000ea200000| Untracked 
| 163|0x00000000ea300000, 0x00000000ea300000, 0x00000000ea400000|  0%| F|  |TAMS 0x00000000ea300000, 0x00000000ea300000| Untracked 
| 164|0x00000000ea400000, 0x00000000ea400000, 0x00000000ea500000|  0%| F|  |TAMS 0x00000000ea400000, 0x00000000ea400000| Untracked 
| 165|0x00000000ea500000, 0x00000000ea500000, 0x00000000ea600000|  0%| F|  |TAMS 0x00000000ea500000, 0x00000000ea500000| Untracked 
| 166|0x00000000ea600000, 0x00000000ea600000, 0x00000000ea700000|  0%| F|  |TAMS 0x00000000ea600000, 0x00000000ea600000| Untracked 
| 167|0x00000000ea700000, 0x00000000ea700000, 0x00000000ea800000|  0%| F|  |TAMS 0x00000000ea700000, 0x00000000ea700000| Untracked 
| 168|0x00000000ea800000, 0x00000000ea800000, 0x00000000ea900000|  0%| F|  |TAMS 0x00000000ea800000, 0x00000000ea800000| Untracked 
| 169|0x00000000ea900000, 0x00000000ea900000, 0x00000000eaa00000|  0%| F|  |TAMS 0x00000000ea900000, 0x00000000ea900000| Untracked 
| 170|0x00000000eaa00000, 0x00000000eaa00000, 0x00000000eab00000|  0%| F|  |TAMS 0x00000000eaa00000, 0x00000000eaa00000| Untracked 
| 171|0x00000000eab00000, 0x00000000eab00000, 0x00000000eac00000|  0%| F|  |TAMS 0x00000000eab00000, 0x00000000eab00000| Untracked 
| 172|0x00000000eac00000, 0x00000000eac00000, 0x00000000ead00000|  0%| F|  |TAMS 0x00000000eac00000, 0x00000000eac00000| Untracked 
| 173|0x00000000ead00000, 0x00000000ead00000, 0x00000000eae00000|  0%| F|  |TAMS 0x00000000ead00000, 0x00000000ead00000| Untracked 
| 174|0x00000000eae00000, 0x00000000eae00000, 0x00000000eaf00000|  0%| F|  |TAMS 0x00000000eae00000, 0x00000000eae00000| Untracked 
| 175|0x00000000eaf00000, 0x00000000eaf00000, 0x00000000eb000000|  0%| F|  |TAMS 0x00000000eaf00000, 0x00000000eaf00000| Untracked 
| 176|0x00000000eb000000, 0x00000000eb000000, 0x00000000eb100000|  0%| F|  |TAMS 0x00000000eb000000, 0x00000000eb000000| Untracked 
| 177|0x00000000eb100000, 0x00000000eb100000, 0x00000000eb200000|  0%| F|  |TAMS 0x00000000eb100000, 0x00000000eb100000| Untracked 
| 178|0x00000000eb200000, 0x00000000eb200000, 0x00000000eb300000|  0%| F|  |TAMS 0x00000000eb200000, 0x00000000eb200000| Untracked 
| 179|0x00000000eb300000, 0x00000000eb300000, 0x00000000eb400000|  0%| F|  |TAMS 0x00000000eb300000, 0x00000000eb300000| Untracked 
| 180|0x00000000eb400000, 0x00000000eb400000, 0x00000000eb500000|  0%| F|  |TAMS 0x00000000eb400000, 0x00000000eb400000| Untracked 
| 181|0x00000000eb500000, 0x00000000eb500000, 0x00000000eb600000|  0%| F|  |TAMS 0x00000000eb500000, 0x00000000eb500000| Untracked 
| 182|0x00000000eb600000, 0x00000000eb600000, 0x00000000eb700000|  0%| F|  |TAMS 0x00000000eb600000, 0x00000000eb600000| Untracked 
| 183|0x00000000eb700000, 0x00000000eb700000, 0x00000000eb800000|  0%| F|  |TAMS 0x00000000eb700000, 0x00000000eb700000| Untracked 
| 184|0x00000000eb800000, 0x00000000eb800000, 0x00000000eb900000|  0%| F|  |TAMS 0x00000000eb800000, 0x00000000eb800000| Untracked 
| 185|0x00000000eb900000, 0x00000000eb900000, 0x00000000eba00000|  0%| F|  |TAMS 0x00000000eb900000, 0x00000000eb900000| Untracked 
| 186|0x00000000eba00000, 0x00000000eba00000, 0x00000000ebb00000|  0%| F|  |TAMS 0x00000000eba00000, 0x00000000eba00000| Untracked 
| 187|0x00000000ebb00000, 0x00000000ebb00000, 0x00000000ebc00000|  0%| F|  |TAMS 0x00000000ebb00000, 0x00000000ebb00000| Untracked 
| 188|0x00000000ebc00000, 0x00000000ebc00000, 0x00000000ebd00000|  0%| F|  |TAMS 0x00000000ebc00000, 0x00000000ebc00000| Untracked 
| 189|0x00000000ebd00000, 0x00000000ebd00000, 0x00000000ebe00000|  0%| F|  |TAMS 0x00000000ebd00000, 0x00000000ebd00000| Untracked 
| 190|0x00000000ebe00000, 0x00000000ebe00000, 0x00000000ebf00000|  0%| F|  |TAMS 0x00000000ebe00000, 0x00000000ebe00000| Untracked 
| 191|0x00000000ebf00000, 0x00000000ebf00000, 0x00000000ec000000|  0%| F|  |TAMS 0x00000000ebf00000, 0x00000000ebf00000| Untracked 
| 192|0x00000000ec000000, 0x00000000ec000000, 0x00000000ec100000|  0%| F|  |TAMS 0x00000000ec000000, 0x00000000ec000000| Untracked 
| 193|0x00000000ec100000, 0x00000000ec100000, 0x00000000ec200000|  0%| F|  |TAMS 0x00000000ec100000, 0x00000000ec100000| Untracked 
| 194|0x00000000ec200000, 0x00000000ec200000, 0x00000000ec300000|  0%| F|  |TAMS 0x00000000ec200000, 0x00000000ec200000| Untracked 
| 195|0x00000000ec300000, 0x00000000ec300000, 0x00000000ec400000|  0%| F|  |TAMS 0x00000000ec300000, 0x00000000ec300000| Untracked 
| 196|0x00000000ec400000, 0x00000000ec400000, 0x00000000ec500000|  0%| F|  |TAMS 0x00000000ec400000, 0x00000000ec400000| Untracked 
| 197|0x00000000ec500000, 0x00000000ec500000, 0x00000000ec600000|  0%| F|  |TAMS 0x00000000ec500000, 0x00000000ec500000| Untracked 
| 198|0x00000000ec600000, 0x00000000ec600000, 0x00000000ec700000|  0%| F|  |TAMS 0x00000000ec600000, 0x00000000ec600000| Untracked 
| 199|0x00000000ec700000, 0x00000000ec700000, 0x00000000ec800000|  0%| F|  |TAMS 0x00000000ec700000, 0x00000000ec700000| Untracked 
| 200|0x00000000ec800000, 0x00000000ec800000, 0x00000000ec900000|  0%| F|  |TAMS 0x00000000ec800000, 0x00000000ec800000| Untracked 
| 201|0x00000000ec900000, 0x00000000ec900000, 0x00000000eca00000|  0%| F|  |TAMS 0x00000000ec900000, 0x00000000ec900000| Untracked 
| 202|0x00000000eca00000, 0x00000000eca00000, 0x00000000ecb00000|  0%| F|  |TAMS 0x00000000eca00000, 0x00000000eca00000| Untracked 
| 203|0x00000000ecb00000, 0x00000000ecb00000, 0x00000000ecc00000|  0%| F|  |TAMS 0x00000000ecb00000, 0x00000000ecb00000| Untracked 
| 204|0x00000000ecc00000, 0x00000000ecc00000, 0x00000000ecd00000|  0%| F|  |TAMS 0x00000000ecc00000, 0x00000000ecc00000| Untracked 
| 205|0x00000000ecd00000, 0x00000000ecd00000, 0x00000000ece00000|  0%| F|  |TAMS 0x00000000ecd00000, 0x00000000ecd00000| Untracked 
| 206|0x00000000ece00000, 0x00000000ece00000, 0x00000000ecf00000|  0%| F|  |TAMS 0x00000000ece00000, 0x00000000ece00000| Untracked 
| 207|0x00000000ecf00000, 0x00000000ecf00000, 0x00000000ed000000|  0%| F|  |TAMS 0x00000000ecf00000, 0x00000000ecf00000| Untracked 
| 208|0x00000000ed000000, 0x00000000ed000000, 0x00000000ed100000|  0%| F|  |TAMS 0x00000000ed000000, 0x00000000ed000000| Untracked 
| 209|0x00000000ed100000, 0x00000000ed100000, 0x00000000ed200000|  0%| F|  |TAMS 0x00000000ed100000, 0x00000000ed100000| Untracked 
| 210|0x00000000ed200000, 0x00000000ed200000, 0x00000000ed300000|  0%| F|  |TAMS 0x00000000ed200000, 0x00000000ed200000| Untracked 
| 211|0x00000000ed300000, 0x00000000ed300000, 0x00000000ed400000|  0%| F|  |TAMS 0x00000000ed300000, 0x00000000ed300000| Untracked 
| 212|0x00000000ed400000, 0x00000000ed400000, 0x00000000ed500000|  0%| F|  |TAMS 0x00000000ed400000, 0x00000000ed400000| Untracked 
| 213|0x00000000ed500000, 0x00000000ed500000, 0x00000000ed600000|  0%| F|  |TAMS 0x00000000ed500000, 0x00000000ed500000| Untracked 
| 214|0x00000000ed600000, 0x00000000ed600000, 0x00000000ed700000|  0%| F|  |TAMS 0x00000000ed600000, 0x00000000ed600000| Untracked 
| 215|0x00000000ed700000, 0x00000000ed700000, 0x00000000ed800000|  0%| F|  |TAMS 0x00000000ed700000, 0x00000000ed700000| Untracked 
| 216|0x00000000ed800000, 0x00000000ed800000, 0x00000000ed900000|  0%| F|  |TAMS 0x00000000ed800000, 0x00000000ed800000| Untracked 
| 217|0x00000000ed900000, 0x00000000ed900000, 0x00000000eda00000|  0%| F|  |TAMS 0x00000000ed900000, 0x00000000ed900000| Untracked 
| 218|0x00000000eda00000, 0x00000000eda00000, 0x00000000edb00000|  0%| F|  |TAMS 0x00000000eda00000, 0x00000000eda00000| Untracked 
| 219|0x00000000edb00000, 0x00000000edb00000, 0x00000000edc00000|  0%| F|  |TAMS 0x00000000edb00000, 0x00000000edb00000| Untracked 
| 220|0x00000000edc00000, 0x00000000edc00000, 0x00000000edd00000|  0%| F|  |TAMS 0x00000000edc00000, 0x00000000edc00000| Untracked 
| 221|0x00000000edd00000, 0x00000000edd00000, 0x00000000ede00000|  0%| F|  |TAMS 0x00000000edd00000, 0x00000000edd00000| Untracked 
| 222|0x00000000ede00000, 0x00000000ede00000, 0x00000000edf00000|  0%| F|  |TAMS 0x00000000ede00000, 0x00000000ede00000| Untracked 
| 223|0x00000000edf00000, 0x00000000edf00000, 0x00000000ee000000|  0%| F|  |TAMS 0x00000000edf00000, 0x00000000edf00000| Untracked 
| 224|0x00000000ee000000, 0x00000000ee000000, 0x00000000ee100000|  0%| F|  |TAMS 0x00000000ee000000, 0x00000000ee000000| Untracked 
| 225|0x00000000ee100000, 0x00000000ee100000, 0x00000000ee200000|  0%| F|  |TAMS 0x00000000ee100000, 0x00000000ee100000| Untracked 
| 226|0x00000000ee200000, 0x00000000ee200000, 0x00000000ee300000|  0%| F|  |TAMS 0x00000000ee200000, 0x00000000ee200000| Untracked 
| 227|0x00000000ee300000, 0x00000000ee300000, 0x00000000ee400000|  0%| F|  |TAMS 0x00000000ee300000, 0x00000000ee300000| Untracked 
| 228|0x00000000ee400000, 0x00000000ee400000, 0x00000000ee500000|  0%| F|  |TAMS 0x00000000ee400000, 0x00000000ee400000| Untracked 
| 229|0x00000000ee500000, 0x00000000ee500000, 0x00000000ee600000|  0%| F|  |TAMS 0x00000000ee500000, 0x00000000ee500000| Untracked 
| 230|0x00000000ee600000, 0x00000000ee600000, 0x00000000ee700000|  0%| F|  |TAMS 0x00000000ee600000, 0x00000000ee600000| Untracked 
| 231|0x00000000ee700000, 0x00000000ee700000, 0x00000000ee800000|  0%| F|  |TAMS 0x00000000ee700000, 0x00000000ee700000| Untracked 
| 232|0x00000000ee800000, 0x00000000ee800000, 0x00000000ee900000|  0%| F|  |TAMS 0x00000000ee800000, 0x00000000ee800000| Untracked 
| 233|0x00000000ee900000, 0x00000000ee900000, 0x00000000eea00000|  0%| F|  |TAMS 0x00000000ee900000, 0x00000000ee900000| Untracked 
| 234|0x00000000eea00000, 0x00000000eea99e30, 0x00000000eeb00000| 60%| E|  |TAMS 0x00000000eea00000, 0x00000000eea00000| Complete 
| 235|0x00000000eeb00000, 0x00000000eec00000, 0x00000000eec00000|100%| E|CS|TAMS 0x00000000eeb00000, 0x00000000eeb00000| Complete 
| 236|0x00000000eec00000, 0x00000000eed00000, 0x00000000eed00000|100%| E|CS|TAMS 0x00000000eec00000, 0x00000000eec00000| Complete 
| 237|0x00000000eed00000, 0x00000000eee00000, 0x00000000eee00000|100%| E|CS|TAMS 0x00000000eed00000, 0x00000000eed00000| Complete 
| 238|0x00000000eee00000, 0x00000000eef00000, 0x00000000eef00000|100%| E|CS|TAMS 0x00000000eee00000, 0x00000000eee00000| Complete 
| 239|0x00000000eef00000, 0x00000000ef000000, 0x00000000ef000000|100%| E|CS|TAMS 0x00000000eef00000, 0x00000000eef00000| Complete 
| 240|0x00000000ef000000, 0x00000000ef049f90, 0x00000000ef100000| 28%| S|CS|TAMS 0x00000000ef000000, 0x00000000ef000000| Complete 
| 241|0x00000000ef100000, 0x00000000ef200000, 0x00000000ef200000|100%| S|CS|TAMS 0x00000000ef100000, 0x00000000ef100000| Complete 
| 242|0x00000000ef200000, 0x00000000ef300000, 0x00000000ef300000|100%| S|CS|TAMS 0x00000000ef200000, 0x00000000ef200000| Complete 
| 243|0x00000000ef300000, 0x00000000ef400000, 0x00000000ef400000|100%| S|CS|TAMS 0x00000000ef300000, 0x00000000ef300000| Complete 
| 244|0x00000000ef400000, 0x00000000ef500000, 0x00000000ef500000|100%| S|CS|TAMS 0x00000000ef400000, 0x00000000ef400000| Complete 
| 245|0x00000000ef500000, 0x00000000ef600000, 0x00000000ef600000|100%| S|CS|TAMS 0x00000000ef500000, 0x00000000ef500000| Complete 
| 246|0x00000000ef600000, 0x00000000ef700000, 0x00000000ef700000|100%| E|CS|TAMS 0x00000000ef600000, 0x00000000ef600000| Complete 
| 247|0x00000000ef700000, 0x00000000ef800000, 0x00000000ef800000|100%| E|CS|TAMS 0x00000000ef700000, 0x00000000ef700000| Complete 
| 248|0x00000000ef800000, 0x00000000ef900000, 0x00000000ef900000|100%| E|CS|TAMS 0x00000000ef800000, 0x00000000ef800000| Complete 
| 249|0x00000000ef900000, 0x00000000efa00000, 0x00000000efa00000|100%| E|CS|TAMS 0x00000000ef900000, 0x00000000ef900000| Complete 
| 250|0x00000000efa00000, 0x00000000efb00000, 0x00000000efb00000|100%| E|CS|TAMS 0x00000000efa00000, 0x00000000efa00000| Complete 
| 251|0x00000000efb00000, 0x00000000efc00000, 0x00000000efc00000|100%| E|CS|TAMS 0x00000000efb00000, 0x00000000efb00000| Complete 
| 252|0x00000000efc00000, 0x00000000efd00000, 0x00000000efd00000|100%| E|CS|TAMS 0x00000000efc00000, 0x00000000efc00000| Complete 
| 253|0x00000000efd00000, 0x00000000efe00000, 0x00000000efe00000|100%| E|CS|TAMS 0x00000000efd00000, 0x00000000efd00000| Complete 
| 254|0x00000000efe00000, 0x00000000eff00000, 0x00000000eff00000|100%| E|CS|TAMS 0x00000000efe00000, 0x00000000efe00000| Complete 
| 255|0x00000000eff00000, 0x00000000f0000000, 0x00000000f0000000|100%| E|CS|TAMS 0x00000000eff00000, 0x00000000eff00000| Complete 

Card table byte_map: [0x000002c2419d0000,0x000002c241ad0000] _byte_map_base: 0x000002c2412d0000

Marking Bits (Prev, Next): (CMBitMap*) 0x000002c229e364b0, (CMBitMap*) 0x000002c229e36470
 Prev Bits: [0x000002c2423d0000, 0x000002c242bd0000)
 Next Bits: [0x000002c241bd0000, 0x000002c2423d0000)

Polling page: 0x000002c2295f0000

Metaspace:

Usage:
  Non-class:     50.44 MB used.
      Class:      7.53 MB used.
       Both:     57.98 MB used.

Virtual space:
  Non-class space:       56.00 MB reserved,      50.75 MB ( 91%) committed,  7 nodes.
      Class space:      208.00 MB reserved,       7.81 MB (  4%) committed,  1 nodes.
              Both:      264.00 MB reserved,      58.56 MB ( 22%) committed. 

Chunk freelists:
   Non-Class:  1.05 MB
       Class:  208.00 KB
        Both:  1.25 MB

MaxMetaspaceSize: 256.00 MB
CompressedClassSpaceSize: 208.00 MB
 - commit_granule_bytes: 65536.
 - commit_granule_words: 8192.
 - virtual_space_node_default_size: 1048576.
 - enlarge_chunks_in_place: 1.
 - new_chunks_are_fully_committed: 0.
 - uncommit_free_chunks: 1.
 - use_allocation_guard: 0.
 - handle_deallocations: 1.


Internal statistics:

num_allocs_failed_limit: 9.
num_arena_births: 878.
num_arena_deaths: 166.
num_vsnodes_births: 8.
num_vsnodes_deaths: 0.
num_space_committed: 937.
num_space_uncommitted: 0.
num_chunks_returned_to_freelist: 200.
num_chunks_taken_from_freelist: 3445.
num_chunk_merges: 61.
num_chunk_splits: 2095.
num_chunks_enlarged: 1300.
num_purges: 2.

CodeHeap 'non-profiled nmethods': size=120000Kb used=5963Kb max_used=6098Kb free=114036Kb
 bounds [0x000002c23a290000, 0x000002c23a890000, 0x000002c2417c0000]
CodeHeap 'profiled nmethods': size=120000Kb used=16999Kb max_used=18902Kb free=103000Kb
 bounds [0x000002c232d60000, 0x000002c233fe0000, 0x000002c23a290000]
CodeHeap 'non-nmethods': size=5760Kb used=2352Kb max_used=2455Kb free=3408Kb
 bounds [0x000002c2327c0000, 0x000002c232a30000, 0x000002c232d60000]
 total_blobs=9679 nmethods=8812 adapters=779
 compilation: enabled
              stopped_count=0, restarted_count=0
 full_count=0

Compilation events (20 events):
Event: 14870.339 Thread 0x000002c2453c10d0 nmethod 10450 0x000002c232fc0b10 code [0x000002c232fc0ce0, 0x000002c232fc0f38]
Event: 14870.339 Thread 0x000002c2453c10d0 10451       3       kotlin.reflect.jvm.internal.impl.name.FqNameUnsafe::asString (13 bytes)
Event: 14870.340 Thread 0x000002c2453c10d0 nmethod 10451 0x000002c233135f10 code [0x000002c2331360c0, 0x000002c233136248]
Event: 14870.340 Thread 0x000002c2453c10d0 10452       3       kotlin.reflect.jvm.internal.impl.name.Name::asString (13 bytes)
Event: 14870.340 Thread 0x000002c2453c10d0 nmethod 10452 0x000002c233153c90 code [0x000002c233153e40, 0x000002c233153fc8]
Event: 14870.340 Thread 0x000002c2453bae00 nmethod 10453 0x000002c23a7eb990 code [0x000002c23a7ebb00, 0x000002c23a7ebc58]
Event: 14870.341 Thread 0x000002c2453c10d0 10456       3       java.util.stream.IntPipeline$10::<init> (20 bytes)
Event: 14870.342 Thread 0x000002c2453c10d0 nmethod 10456 0x000002c2332e5810 code [0x000002c2332e59e0, 0x000002c2332e5cc8]
Event: 14870.342 Thread 0x000002c2453c10d0 10460       3       java.lang.reflect.AccessibleObject::checkCanSetAccessible (386 bytes)
Event: 14870.344 Thread 0x000002c2453c10d0 nmethod 10460 0x000002c233318310 code [0x000002c233318a80, 0x000002c23331c588]
Event: 14870.344 Thread 0x000002c2453c10d0 10457       3       java.util.stream.IntPipeline$10::opWrapSink (10 bytes)
Event: 14870.344 Thread 0x000002c2453c10d0 nmethod 10457 0x000002c2330b8310 code [0x000002c2330b8500, 0x000002c2330b8ac8]
Event: 14870.344 Thread 0x000002c2453c10d0 10458       3       java.util.stream.IntPipeline$10$1::<init> (11 bytes)
Event: 14870.345 Thread 0x000002c2453c10d0 nmethod 10458 0x000002c233364b90 code [0x000002c233364d60, 0x000002c233365268]
Event: 14870.345 Thread 0x000002c2453c10d0 10454       3       java.lang.StringLatin1$CharsSpliterator::<init> (36 bytes)
Event: 14870.345 Thread 0x000002c2453c10d0 nmethod 10454 0x000002c23321b690 code [0x000002c23321b840, 0x000002c23321ba18]
Event: 14870.345 Thread 0x000002c2453c10d0 10455       3       java.lang.StringLatin1$CharsSpliterator::estimateSize (11 bytes)
Event: 14870.345 Thread 0x000002c2453c10d0 nmethod 10455 0x000002c233102810 code [0x000002c2331029a0, 0x000002c233102ab8]
Event: 14870.345 Thread 0x000002c2453c10d0 10459       3       java.util.stream.IntPipeline::filter (22 bytes)
Event: 14870.345 Thread 0x000002c2453c10d0 nmethod 10459 0x000002c2330bf110 code [0x000002c2330bf300, 0x000002c2330bf838]

GC Heap History (20 events):
Event: 0.435 GC heap before
{Heap before GC invocations=0 (full 0):
 garbage-first heap   total 262144K, used 26624K [0x00000000e0000000, 0x0000000100000000)
  region size 1024K, 21 young (21504K), 0 survivors (0K)
 Metaspace       used 3183K, committed 3328K, reserved 221184K
  class space    used 380K, committed 448K, reserved 212992K
}
Event: 0.437 GC heap after
{Heap after GC invocations=1 (full 0):
 garbage-first heap   total 262144K, used 9057K [0x00000000e0000000, 0x0000000100000000)
  region size 1024K, 3 young (3072K), 3 survivors (3072K)
 Metaspace       used 3183K, committed 3328K, reserved 221184K
  class space    used 380K, committed 448K, reserved 212992K
}
Event: 0.679 GC heap before
{Heap before GC invocations=1 (full 0):
 garbage-first heap   total 262144K, used 32609K [0x00000000e0000000, 0x0000000100000000)
  region size 1024K, 26 young (26624K), 3 survivors (3072K)
 Metaspace       used 4124K, committed 4288K, reserved 221184K
  class space    used 481K, committed 576K, reserved 212992K
}
Event: 0.680 GC heap after
{Heap after GC invocations=2 (full 0):
 garbage-first heap   total 262144K, used 9774K [0x00000000e0000000, 0x0000000100000000)
  region size 1024K, 1 young (1024K), 1 survivors (1024K)
 Metaspace       used 4124K, committed 4288K, reserved 221184K
  class space    used 481K, committed 576K, reserved 212992K
}
Event: 2.116 GC heap before
{Heap before GC invocations=2 (full 0):
 garbage-first heap   total 262144K, used 121390K [0x00000000e0000000, 0x0000000100000000)
  region size 1024K, 111 young (113664K), 1 survivors (1024K)
 Metaspace       used 20966K, committed 21248K, reserved 237568K
  class space    used 3024K, committed 3200K, reserved 212992K
}
Event: 2.122 GC heap after
{Heap after GC invocations=3 (full 0):
 garbage-first heap   total 262144K, used 19901K [0x00000000e0000000, 0x0000000100000000)
  region size 1024K, 11 young (11264K), 11 survivors (11264K)
 Metaspace       used 20966K, committed 21248K, reserved 237568K
  class space    used 3024K, committed 3200K, reserved 212992K
}
Event: 3.311 GC heap before
{Heap before GC invocations=4 (full 0):
 garbage-first heap   total 262144K, used 119229K [0x00000000e0000000, 0x0000000100000000)
  region size 1024K, 106 young (108544K), 11 survivors (11264K)
 Metaspace       used 35140K, committed 35520K, reserved 245760K
  class space    used 4645K, committed 4864K, reserved 212992K
}
Event: 3.319 GC heap after
{Heap after GC invocations=5 (full 0):
 garbage-first heap   total 262144K, used 28588K [0x00000000e0000000, 0x0000000100000000)
  region size 1024K, 19 young (19456K), 19 survivors (19456K)
 Metaspace       used 35140K, committed 35520K, reserved 245760K
  class space    used 4645K, committed 4864K, reserved 212992K
}
Event: 5.324 GC heap before
{Heap before GC invocations=6 (full 0):
 garbage-first heap   total 262144K, used 165804K [0x00000000e0000000, 0x0000000100000000)
  region size 1024K, 153 young (156672K), 19 survivors (19456K)
 Metaspace       used 53488K, committed 53952K, reserved 262144K
  class space    used 7278K, committed 7488K, reserved 212992K
}
Event: 5.341 GC heap after
{Heap after GC invocations=7 (full 0):
 garbage-first heap   total 262144K, used 43502K [0x00000000e0000000, 0x0000000100000000)
  region size 1024K, 20 young (20480K), 20 survivors (20480K)
 Metaspace       used 53488K, committed 53952K, reserved 262144K
  class space    used 7278K, committed 7488K, reserved 212992K
}
Event: 1549.899 GC heap before
{Heap before GC invocations=7 (full 0):
 garbage-first heap   total 262144K, used 178670K [0x00000000e0000000, 0x0000000100000000)
  region size 1024K, 153 young (156672K), 20 survivors (20480K)
 Metaspace       used 57115K, committed 57792K, reserved 270336K
  class space    used 7531K, committed 7872K, reserved 212992K
}
Event: 1549.909 GC heap after
{Heap after GC invocations=8 (full 0):
 garbage-first heap   total 262144K, used 45865K [0x00000000e0000000, 0x0000000100000000)
  region size 1024K, 4 young (4096K), 4 survivors (4096K)
 Metaspace       used 57115K, committed 57792K, reserved 270336K
  class space    used 7531K, committed 7872K, reserved 212992K
}
Event: 6994.903 GC heap before
{Heap before GC invocations=8 (full 0):
 garbage-first heap   total 262144K, used 193321K [0x00000000e0000000, 0x0000000100000000)
  region size 1024K, 148 young (151552K), 4 survivors (4096K)
 Metaspace       used 57192K, committed 57856K, reserved 270336K
  class space    used 7533K, committed 7872K, reserved 212992K
}
Event: 6994.915 GC heap after
{Heap after GC invocations=9 (full 0):
 garbage-first heap   total 262144K, used 44390K [0x00000000e0000000, 0x0000000100000000)
  region size 1024K, 3 young (3072K), 3 survivors (3072K)
 Metaspace       used 57192K, committed 57856K, reserved 270336K
  class space    used 7533K, committed 7872K, reserved 212992K
}
Event: 10553.875 GC heap before
{Heap before GC invocations=9 (full 0):
 garbage-first heap   total 262144K, used 196966K [0x00000000e0000000, 0x0000000100000000)
  region size 1024K, 153 young (156672K), 3 survivors (3072K)
 Metaspace       used 57990K, committed 58688K, reserved 270336K
  class space    used 7572K, committed 7936K, reserved 212992K
}
Event: 10553.880 GC heap after
{Heap after GC invocations=10 (full 0):
 garbage-first heap   total 262144K, used 44786K [0x00000000e0000000, 0x0000000100000000)
  region size 1024K, 3 young (3072K), 3 survivors (3072K)
 Metaspace       used 57990K, committed 58688K, reserved 270336K
  class space    used 7572K, committed 7936K, reserved 212992K
}
Event: 14849.033 GC heap before
{Heap before GC invocations=10 (full 0):
 garbage-first heap   total 262144K, used 197362K [0x00000000e0000000, 0x0000000100000000)
  region size 1024K, 153 young (156672K), 3 survivors (3072K)
 Metaspace       used 58273K, committed 58944K, reserved 270336K
  class space    used 7576K, committed 7936K, reserved 212992K
}
Event: 14849.054 GC heap after
{Heap after GC invocations=11 (full 0):
 garbage-first heap   total 262144K, used 53574K [0x00000000e0000000, 0x0000000100000000)
  region size 1024K, 12 young (12288K), 12 survivors (12288K)
 Metaspace       used 58273K, committed 58944K, reserved 270336K
  class space    used 7576K, committed 7936K, reserved 212992K
}
Event: 14849.557 GC heap before
{Heap before GC invocations=11 (full 0):
 garbage-first heap   total 262144K, used 61766K [0x00000000e0000000, 0x0000000100000000)
  region size 1024K, 22 young (22528K), 12 survivors (12288K)
 Metaspace       used 58669K, committed 59328K, reserved 270336K
  class space    used 7636K, committed 7936K, reserved 212992K
}
Event: 14849.561 GC heap after
{Heap after GC invocations=12 (full 0):
 garbage-first heap   total 262144K, used 48956K [0x00000000e0000000, 0x0000000100000000)
  region size 1024K, 6 young (6144K), 6 survivors (6144K)
 Metaspace       used 58669K, committed 59328K, reserved 270336K
  class space    used 7636K, committed 7936K, reserved 212992K
}

Deoptimization events (20 events):
Event: 14849.946 Thread 0x000002c24804cd50 Uncommon trap: trap_request=0xffffffc6 fr.pc=0x000002c23a76053c relative=0x00000000000006dc
Event: 14849.946 Thread 0x000002c24804cd50 Uncommon trap: reason=bimorphic_or_optimized_type_check action=maybe_recompile pc=0x000002c23a76053c method=org.gradle.internal.event.ListenerBroadcast.dispatch(Lorg/gradle/internal/dispatch/MethodInvocation;)V @ 5 c2
Event: 14849.946 Thread 0x000002c24804cd50 DEOPT PACKING pc=0x000002c23a76053c sp=0x000000fe374ff1d0
Event: 14849.946 Thread 0x000002c24804cd50 DEOPT UNPACKING pc=0x000002c23280d72e sp=0x000000fe374ff130 mode 2
Event: 14849.946 Thread 0x000002c2480527a0 Uncommon trap: trap_request=0xffffffc6 fr.pc=0x000002c23a490488 relative=0x00000000000007e8
Event: 14849.946 Thread 0x000002c2480527a0 Uncommon trap: reason=bimorphic_or_optimized_type_check action=maybe_recompile pc=0x000002c23a490488 method=java.io.BufferedInputStream.read1([BII)I @ 39 c2
Event: 14849.946 Thread 0x000002c2480527a0 DEOPT PACKING pc=0x000002c23a490488 sp=0x000000fe377fedc0
Event: 14849.946 Thread 0x000002c2480527a0 DEOPT UNPACKING pc=0x000002c23280d72e sp=0x000000fe377fecd8 mode 2
Event: 14862.782 Thread 0x000002c2480527a0 Uncommon trap: trap_request=0xffffffc6 fr.pc=0x000002c23a490488 relative=0x00000000000007e8
Event: 14862.782 Thread 0x000002c2480527a0 Uncommon trap: reason=bimorphic_or_optimized_type_check action=maybe_recompile pc=0x000002c23a490488 method=java.io.BufferedInputStream.read1([BII)I @ 39 c2
Event: 14862.782 Thread 0x000002c2480527a0 DEOPT PACKING pc=0x000002c23a490488 sp=0x000000fe377fedc0
Event: 14862.782 Thread 0x000002c2480527a0 DEOPT UNPACKING pc=0x000002c23280d72e sp=0x000000fe377fecd8 mode 2
Event: 14865.637 Thread 0x000002c2480527a0 Uncommon trap: trap_request=0xffffffc6 fr.pc=0x000002c23a490488 relative=0x00000000000007e8
Event: 14865.637 Thread 0x000002c2480527a0 Uncommon trap: reason=bimorphic_or_optimized_type_check action=maybe_recompile pc=0x000002c23a490488 method=java.io.BufferedInputStream.read1([BII)I @ 39 c2
Event: 14865.637 Thread 0x000002c2480527a0 DEOPT PACKING pc=0x000002c23a490488 sp=0x000000fe377fedc0
Event: 14865.637 Thread 0x000002c2480527a0 DEOPT UNPACKING pc=0x000002c23280d72e sp=0x000000fe377fecd8 mode 2
Event: 14870.295 Thread 0x000002c24804cd50 Uncommon trap: trap_request=0xffffffc6 fr.pc=0x000002c23a76053c relative=0x00000000000006dc
Event: 14870.295 Thread 0x000002c24804cd50 Uncommon trap: reason=bimorphic_or_optimized_type_check action=maybe_recompile pc=0x000002c23a76053c method=org.gradle.internal.event.ListenerBroadcast.dispatch(Lorg/gradle/internal/dispatch/MethodInvocation;)V @ 5 c2
Event: 14870.295 Thread 0x000002c24804cd50 DEOPT PACKING pc=0x000002c23a76053c sp=0x000000fe374ff0c0
Event: 14870.295 Thread 0x000002c24804cd50 DEOPT UNPACKING pc=0x000002c23280d72e sp=0x000000fe374ff020 mode 2

Classes unloaded (20 events):
Event: 14849.597 Thread 0x000002c245397c50 Unloading class 0x0000000800d12400 'jdk/internal/reflect/GeneratedSerializationConstructorAccessor1'
Event: 14849.597 Thread 0x000002c245397c50 Unloading class 0x0000000800ce2400 'java/lang/invoke/LambdaForm$DMH+0x0000000800ce2400'
Event: 14849.597 Thread 0x000002c245397c50 Unloading class 0x0000000800ce1c00 'java/lang/invoke/LambdaForm$DMH+0x0000000800ce1c00'
Event: 14849.597 Thread 0x000002c245397c50 Unloading class 0x0000000800ce1800 'java/lang/invoke/LambdaForm$MH+0x0000000800ce1800'
Event: 14849.597 Thread 0x000002c245397c50 Unloading class 0x0000000800ce1400 'java/lang/invoke/LambdaForm$MH+0x0000000800ce1400'
Event: 14849.597 Thread 0x000002c245397c50 Unloading class 0x0000000800ce1000 'java/lang/invoke/LambdaForm$MH+0x0000000800ce1000'
Event: 14849.597 Thread 0x000002c245397c50 Unloading class 0x0000000800ce0c00 'java/lang/invoke/LambdaForm$MH+0x0000000800ce0c00'
Event: 14849.597 Thread 0x000002c245397c50 Unloading class 0x0000000800ce0800 'java/lang/invoke/LambdaForm$MH+0x0000000800ce0800'
Event: 14849.597 Thread 0x000002c245397c50 Unloading class 0x0000000800ce0400 'java/lang/invoke/LambdaForm$MH+0x0000000800ce0400'
Event: 14849.597 Thread 0x000002c245397c50 Unloading class 0x0000000800ce0000 'java/lang/invoke/LambdaForm$MH+0x0000000800ce0000'
Event: 14849.597 Thread 0x000002c245397c50 Unloading class 0x0000000800cc3000 'java/lang/invoke/LambdaForm$MH+0x0000000800cc3000'
Event: 14849.597 Thread 0x000002c245397c50 Unloading class 0x0000000800cc2800 'java/lang/invoke/LambdaForm$MH+0x0000000800cc2800'
Event: 14849.597 Thread 0x000002c245397c50 Unloading class 0x0000000800cc2400 'java/lang/invoke/LambdaForm$MH+0x0000000800cc2400'
Event: 14849.597 Thread 0x000002c245397c50 Unloading class 0x0000000800cc2000 'java/lang/invoke/LambdaForm$MH+0x0000000800cc2000'
Event: 14849.597 Thread 0x000002c245397c50 Unloading class 0x0000000800cc1c00 'java/lang/invoke/LambdaForm$MH+0x0000000800cc1c00'
Event: 14849.597 Thread 0x000002c245397c50 Unloading class 0x0000000800cc1400 'java/lang/invoke/LambdaForm$MH+0x0000000800cc1400'
Event: 14849.597 Thread 0x000002c245397c50 Unloading class 0x0000000800c22c00 'java/lang/invoke/LambdaForm$MH+0x0000000800c22c00'
Event: 14849.597 Thread 0x000002c245397c50 Unloading class 0x0000000800c22800 'java/lang/invoke/LambdaForm$MH+0x0000000800c22800'
Event: 14849.597 Thread 0x000002c245397c50 Unloading class 0x0000000800c22000 'java/lang/invoke/LambdaForm$MH+0x0000000800c22000'
Event: 14849.597 Thread 0x000002c245397c50 Unloading class 0x0000000800c20400 'java/lang/invoke/LambdaForm$MH+0x0000000800c20400'

Classes redefined (0 events):
No events

Internal exceptions (20 events):
Event: 14849.904 Thread 0x000002c248051d00 Exception <a 'java/lang/ClassNotFoundException'{0x00000000ef8b5070}: org/gradle/api/internal/file/collections/DefaultConfigurableFileCollectionBeanInfo> (0x00000000ef8b5070) 
thrown [e:\jenkins\tmp\workspace\build\src\src\hotspot\share\classfile\systemDictionary.cpp, line 256]
Event: 14849.904 Thread 0x000002c248051d00 Exception <a 'java/lang/ClassNotFoundException'{0x00000000ef8bac98}: org/gradle/api/internal/file/CompositeFileCollectionBeanInfo> (0x00000000ef8bac98) 
thrown [e:\jenkins\tmp\workspace\build\src\src\hotspot\share\classfile\systemDictionary.cpp, line 256]
Event: 14849.904 Thread 0x000002c248051d00 Exception <a 'java/lang/ClassNotFoundException'{0x00000000ef8c08b0}: org/gradle/api/internal/file/AbstractFileCollectionBeanInfo> (0x00000000ef8c08b0) 
thrown [e:\jenkins\tmp\workspace\build\src\src\hotspot\share\classfile\systemDictionary.cpp, line 256]
Event: 14849.904 Thread 0x000002c248051d00 Exception <a 'java/lang/ClassNotFoundException'{0x00000000ef8c6498}: org/gradle/api/internal/file/AbstractFileCollectionCustomizer> (0x00000000ef8c6498) 
thrown [e:\jenkins\tmp\workspace\build\src\src\hotspot\share\classfile\systemDictionary.cpp, line 256]
Event: 14849.905 Thread 0x000002c248051d00 Exception <a 'java/lang/ClassNotFoundException'{0x00000000ef8e0368}: org/gradle/api/internal/file/CompositeFileCollectionCustomizer> (0x00000000ef8e0368) 
thrown [e:\jenkins\tmp\workspace\build\src\src\hotspot\share\classfile\systemDictionary.cpp, line 256]
Event: 14849.905 Thread 0x000002c248051d00 Exception <a 'java/lang/ClassNotFoundException'{0x00000000ef8ee948}: org/gradle/api/internal/file/collections/DefaultConfigurableFileCollectionCustomizer> (0x00000000ef8ee948) 
thrown [e:\jenkins\tmp\workspace\build\src\src\hotspot\share\classfile\systemDictionary.cpp, line 256]
Event: 14849.906 Thread 0x000002c248051d00 Implicit null exception at 0x000002c23a39d177 to 0x000002c23a3a3704
Event: 14849.912 Thread 0x000002c248051d00 Exception <a 'java/lang/ClassNotFoundException'{0x00000000ef6d56c0}: java/io/FileBeanInfo> (0x00000000ef6d56c0) 
thrown [e:\jenkins\tmp\workspace\build\src\src\hotspot\share\classfile\systemDictionary.cpp, line 256]
Event: 14849.912 Thread 0x000002c248051d00 Exception <a 'java/lang/ClassNotFoundException'{0x00000000ef6d8b08}: java/io/FileCustomizer> (0x00000000ef6d8b08) 
thrown [e:\jenkins\tmp\workspace\build\src\src\hotspot\share\classfile\systemDictionary.cpp, line 256]
Event: 14849.916 Thread 0x000002c248051d00 Exception <a 'java/lang/ClassNotFoundException'{0x00000000eee0cbc0}: java/lang/StringBeanInfo> (0x00000000eee0cbc0) 
thrown [e:\jenkins\tmp\workspace\build\src\src\hotspot\share\classfile\systemDictionary.cpp, line 256]
Event: 14849.916 Thread 0x000002c248051d00 Exception <a 'java/lang/ClassNotFoundException'{0x00000000eee103b8}: java/lang/StringCustomizer> (0x00000000eee103b8) 
thrown [e:\jenkins\tmp\workspace\build\src\src\hotspot\share\classfile\systemDictionary.cpp, line 256]
Event: 14849.918 Thread 0x000002c248051d00 Implicit null exception at 0x000002c23a4afdef to 0x000002c23a4b02e4
Event: 14849.918 Thread 0x000002c248051d00 Implicit null exception at 0x000002c23a5c3f86 to 0x000002c23a5c4940
Event: 14849.920 Thread 0x000002c248051d00 Exception <a 'java/lang/NoSuchMethodError'{0x00000000eee47e50}: 'void java.lang.invoke.DirectMethodHandle$Holder.invokeInterface(java.lang.Object, java.lang.Object, java.lang.Object, java.lang.Object)'> (0x00000000eee47e50) 
thrown [e:\jenkins\tmp\workspace\build\src\src\hotspot\share\interpreter\linkResolver.cpp, line 790]
Event: 14849.924 Thread 0x000002c248051d00 Implicit null exception at 0x000002c23a30806d to 0x000002c23a30ab64
Event: 14849.940 Thread 0x000002c24804cd50 Exception <a 'java/lang/NoSuchMethodError'{0x00000000eed08530}: 'void java.lang.invoke.DirectMethodHandle$Holder.invokeStatic(java.lang.Object, long)'> (0x00000000eed08530) 
thrown [e:\jenkins\tmp\workspace\build\src\src\hotspot\share\interpreter\linkResolver.cpp, line 790]
Event: 14849.941 Thread 0x000002c24804cd50 Exception <a 'java/lang/NoSuchMethodError'{0x00000000eed0ddb8}: 'java.lang.Object java.lang.invoke.DirectMethodHandle$Holder.newInvokeSpecial(java.lang.Object, long)'> (0x00000000eed0ddb8) 
thrown [e:\jenkins\tmp\workspace\build\src\src\hotspot\share\interpreter\linkResolver.cpp, line 790]
Event: 14849.942 Thread 0x000002c24804cd50 Exception <a 'java/lang/NoSuchMethodError'{0x00000000eed18248}: 'java.lang.Object java.lang.invoke.DirectMethodHandle$Holder.invokeStaticInit(java.lang.Object, java.lang.Object, long, java.lang.Object)'> (0x00000000eed18248) 
thrown [e:\jenkins\tmp\workspace\build\src\src\hotspot\share\interpreter\linkResolver.cpp, line 790]
Event: 14849.942 Thread 0x000002c24804cd50 Exception <a 'java/lang/NoSuchMethodError'{0x00000000eed1ebb0}: 'java.lang.Object java.lang.invoke.DirectMethodHandle$Holder.newInvokeSpecial(java.lang.Object, java.lang.Object, long)'> (0x00000000eed1ebb0) 
thrown [e:\jenkins\tmp\workspace\build\src\src\hotspot\share\interpreter\linkResolver.cpp, line 790]
Event: 14849.942 Thread 0x000002c24804cd50 Exception <a 'java/lang/NoSuchMethodError'{0x00000000eed22b78}: 'java.lang.Object java.lang.invoke.Invokers$Holder.linkToTargetMethod(java.lang.Object, long, java.lang.Object)'> (0x00000000eed22b78) 
thrown [e:\jenkins\tmp\workspace\build\src\src\hotspot\share\interpreter\linkResolver.cpp, line 790]

Events (20 events):
Event: 14849.944 loading class jdk/internal/event/ProcessStartEvent
Event: 14849.944 loading class jdk/internal/event/Event
Event: 14849.945 loading class jdk/internal/event/Event done
Event: 14849.945 loading class jdk/internal/event/ProcessStartEvent done
Event: 14849.946 Thread 0x000002c24804dd40 Thread added: 0x000002c24804dd40
Event: 14849.946 Thread 0x000002c2480527a0 Thread added: 0x000002c2480527a0
Event: 14850.950 Executing  VM operation: Cleanup
Event: 14850.950 Executing  VM operation: Cleanup done
Event: 14851.962 Executing  VM operation: Cleanup
Event: 14851.962 Executing  VM operation: Cleanup done
Event: 14853.974 Executing  VM operation: Cleanup
Event: 14853.974 Executing  VM operation: Cleanup done
Event: 14854.971 Thread 0x000002c249df2260 Thread exited: 0x000002c249df2260
Event: 14863.067 Executing  VM operation: Cleanup
Event: 14863.067 Executing  VM operation: Cleanup done
Event: 14870.296 Thread 0x000002c24b7a1030 Thread exited: 0x000002c24b7a1030
Event: 14870.296 Thread 0x000002c24b79ab40 Thread exited: 0x000002c24b79ab40
Event: 14870.296 Thread 0x000002c24b79b5e0 Thread exited: 0x000002c24b79b5e0
Event: 14870.296 Thread 0x000002c248051d00 Thread exited: 0x000002c248051d00
Event: 14870.296 Thread 0x000002c2480517b0 Thread exited: 0x000002c2480517b0


Dynamic libraries:
0x00007ff628660000 - 0x00007ff62866e000 	C:\Program Files\AdoptOpenJDK\jdk-16.0.1.9-hotspot\bin\java.exe
0x00007ffee80d0000 - 0x00007ffee82c5000 	C:\WINDOWS\SYSTEM32\ntdll.dll
0x00007ffee6480000 - 0x00007ffee653d000 	C:\WINDOWS\System32\KERNEL32.DLL
0x00007ffee5bd0000 - 0x00007ffee5e99000 	C:\WINDOWS\System32\KERNELBASE.dll
0x00007ffee59c0000 - 0x00007ffee5ac0000 	C:\WINDOWS\System32\ucrtbase.dll
0x00007ffe7ccc0000 - 0x00007ffe7ccd8000 	C:\Program Files\AdoptOpenJDK\jdk-16.0.1.9-hotspot\bin\jli.dll
0x00007ffe7cca0000 - 0x00007ffe7ccb9000 	C:\Program Files\AdoptOpenJDK\jdk-16.0.1.9-hotspot\bin\VCRUNTIME140.dll
0x00007ffee7470000 - 0x00007ffee7610000 	C:\WINDOWS\System32\USER32.dll
0x00007ffee6080000 - 0x00007ffee60a2000 	C:\WINDOWS\System32\win32u.dll
0x00007ffec59e0000 - 0x00007ffec5c7a000 	C:\WINDOWS\WinSxS\amd64_microsoft.windows.common-controls_6595b64144ccf1df_6.0.19041.1110_none_60b5254171f9507e\COMCTL32.dll
0x00007ffee6620000 - 0x00007ffee664a000 	C:\WINDOWS\System32\GDI32.dll
0x00007ffee6bb0000 - 0x00007ffee6c4e000 	C:\WINDOWS\System32\msvcrt.dll
0x00007ffee5ed0000 - 0x00007ffee5fdb000 	C:\WINDOWS\System32\gdi32full.dll
0x00007ffee5fe0000 - 0x00007ffee607d000 	C:\WINDOWS\System32\msvcp_win.dll
0x00007ffee6440000 - 0x00007ffee6470000 	C:\WINDOWS\System32\IMM32.DLL
0x00007ffe7cc90000 - 0x00007ffe7cc9c000 	C:\Program Files\AdoptOpenJDK\jdk-16.0.1.9-hotspot\bin\vcruntime140_1.dll
0x00007ffe7cbf0000 - 0x00007ffe7cc81000 	C:\Program Files\AdoptOpenJDK\jdk-16.0.1.9-hotspot\bin\msvcp140.dll
0x00007ffe78fe0000 - 0x00007ffe79c18000 	C:\Program Files\AdoptOpenJDK\jdk-16.0.1.9-hotspot\bin\server\jvm.dll
0x00007ffee6390000 - 0x00007ffee643c000 	C:\WINDOWS\System32\ADVAPI32.dll
0x00007ffee7e40000 - 0x00007ffee7edb000 	C:\WINDOWS\System32\sechost.dll
0x00007ffee61f0000 - 0x00007ffee631a000 	C:\WINDOWS\System32\RPCRT4.dll
0x00007ffee7ee0000 - 0x00007ffee7ee8000 	C:\WINDOWS\System32\PSAPI.DLL
0x00007ffeddb20000 - 0x00007ffeddb29000 	C:\WINDOWS\SYSTEM32\WSOCK32.dll
0x00007ffec7b50000 - 0x00007ffec7b77000 	C:\WINDOWS\SYSTEM32\WINMM.dll
0x00007ffee7610000 - 0x00007ffee767b000 	C:\WINDOWS\System32\WS2_32.dll
0x00007ffedca50000 - 0x00007ffedca5a000 	C:\WINDOWS\SYSTEM32\VERSION.dll
0x00007ffee3760000 - 0x00007ffee3772000 	C:\WINDOWS\SYSTEM32\kernel.appcore.dll
0x00007ffe7cbe0000 - 0x00007ffe7cbea000 	C:\Program Files\AdoptOpenJDK\jdk-16.0.1.9-hotspot\bin\jimage.dll
0x00007ffed48b0000 - 0x00007ffed4a94000 	C:\WINDOWS\SYSTEM32\DBGHELP.DLL
0x00007ffed4850000 - 0x00007ffed487c000 	C:\WINDOWS\SYSTEM32\dbgcore.DLL
0x00007ffee60b0000 - 0x00007ffee6133000 	C:\WINDOWS\System32\bcryptPrimitives.dll
0x00007ffe7cbb0000 - 0x00007ffe7cbd5000 	C:\Program Files\AdoptOpenJDK\jdk-16.0.1.9-hotspot\bin\java.dll
0x00007ffee7680000 - 0x00007ffee7dbf000 	C:\WINDOWS\System32\SHELL32.dll
0x00007ffee3960000 - 0x00007ffee40f1000 	C:\WINDOWS\SYSTEM32\windows.storage.dll
0x00007ffee6e00000 - 0x00007ffee7155000 	C:\WINDOWS\System32\combase.dll
0x00007ffee5280000 - 0x00007ffee52ac000 	C:\WINDOWS\SYSTEM32\Wldp.dll
0x00007ffee6140000 - 0x00007ffee61ee000 	C:\WINDOWS\System32\SHCORE.dll
0x00007ffee6330000 - 0x00007ffee6385000 	C:\WINDOWS\System32\shlwapi.dll
0x00007ffee5750000 - 0x00007ffee576f000 	C:\WINDOWS\SYSTEM32\profapi.dll
0x00007ffe7cb90000 - 0x00007ffe7cba9000 	C:\Program Files\AdoptOpenJDK\jdk-16.0.1.9-hotspot\bin\net.dll
0x00007ffede980000 - 0x00007ffedea8a000 	C:\WINDOWS\SYSTEM32\WINHTTP.dll
0x00007ffee4f70000 - 0x00007ffee4fda000 	C:\WINDOWS\system32\mswsock.dll
0x00007ffe7cb70000 - 0x00007ffe7cb83000 	C:\Program Files\AdoptOpenJDK\jdk-16.0.1.9-hotspot\bin\nio.dll
0x00007ffe7cb50000 - 0x00007ffe7cb68000 	C:\Program Files\AdoptOpenJDK\jdk-16.0.1.9-hotspot\bin\zip.dll
0x00007ffe7cb40000 - 0x00007ffe7cb50000 	C:\Program Files\AdoptOpenJDK\jdk-16.0.1.9-hotspot\bin\verify.dll
0x00007ffe7ce80000 - 0x00007ffe7cea7000 	C:\Users\80010-02-05\.gradle\native\49d0259a56938c7f99b2704e745ce422c4f750a7a20b539a32ccef96729676b1\windows-amd64\native-platform.dll
0x00007ffe7cce0000 - 0x00007ffe7ce76000 	C:\Users\80010-02-05\.gradle\native\12488b8bf47d2d4c9fbf2f6322a914ad602e24e48041cd04a747c6da556b65c4\windows-amd64\native-platform-file-events.dll
0x00007ffe7cb30000 - 0x00007ffe7cb39000 	C:\Program Files\AdoptOpenJDK\jdk-16.0.1.9-hotspot\bin\management.dll
0x00007ffe7cb20000 - 0x00007ffe7cb2b000 	C:\Program Files\AdoptOpenJDK\jdk-16.0.1.9-hotspot\bin\management_ext.dll
0x00007ffee5160000 - 0x00007ffee5178000 	C:\WINDOWS\SYSTEM32\CRYPTSP.dll
0x00007ffee48b0000 - 0x00007ffee48e4000 	C:\WINDOWS\system32\rsaenh.dll
0x00007ffee5ea0000 - 0x00007ffee5ec7000 	C:\WINDOWS\System32\bcrypt.dll
0x00007ffee5710000 - 0x00007ffee573e000 	C:\WINDOWS\SYSTEM32\USERENV.dll
0x00007ffee5150000 - 0x00007ffee515c000 	C:\WINDOWS\SYSTEM32\CRYPTBASE.dll
0x00007ffee4c00000 - 0x00007ffee4c3b000 	C:\WINDOWS\SYSTEM32\IPHLPAPI.DLL
0x00007ffee6320000 - 0x00007ffee6328000 	C:\WINDOWS\System32\NSI.dll
0x00007ffee0ce0000 - 0x00007ffee0cf7000 	C:\WINDOWS\SYSTEM32\dhcpcsvc6.DLL
0x00007ffee0c50000 - 0x00007ffee0c6d000 	C:\WINDOWS\SYSTEM32\dhcpcsvc.DLL
0x00007ffee4c40000 - 0x00007ffee4d0c000 	C:\WINDOWS\SYSTEM32\DNSAPI.dll
0x00007ffe7cb10000 - 0x00007ffe7cb1e000 	C:\Program Files\AdoptOpenJDK\jdk-16.0.1.9-hotspot\bin\sunmscapi.dll
0x00007ffee5810000 - 0x00007ffee596f000 	C:\WINDOWS\System32\CRYPT32.dll
0x00007ffee52f0000 - 0x00007ffee5317000 	C:\WINDOWS\SYSTEM32\ncrypt.dll
0x00007ffee52b0000 - 0x00007ffee52eb000 	C:\WINDOWS\SYSTEM32\NTASN1.dll
0x00007ffe7cb00000 - 0x00007ffe7cb07000 	C:\WINDOWS\system32\wshunix.dll

dbghelp: loaded successfully - version: 4.0.5 - missing functions: none
symbol engine: initialized successfully - sym options: 0x614 - pdb path: .;C:\Program Files\AdoptOpenJDK\jdk-16.0.1.9-hotspot\bin;C:\WINDOWS\SYSTEM32;C:\WINDOWS\WinSxS\amd64_microsoft.windows.common-controls_6595b64144ccf1df_6.0.19041.1110_none_60b5254171f9507e;C:\Program Files\AdoptOpenJDK\jdk-16.0.1.9-hotspot\bin\server;C:\Users\80010-02-05\.gradle\native\49d0259a56938c7f99b2704e745ce422c4f750a7a20b539a32ccef96729676b1\windows-amd64;C:\Users\80010-02-05\.gradle\native\12488b8bf47d2d4c9fbf2f6322a914ad602e24e48041cd04a747c6da556b65c4\windows-amd64

VM Arguments:
jvm_args: --add-opens=java.base/java.util=ALL-UNNAMED --add-opens=java.base/java.lang=ALL-UNNAMED --add-opens=java.base/java.lang.invoke=ALL-UNNAMED --add-opens=java.base/java.util=ALL-UNNAMED --add-opens=java.prefs/java.util.prefs=ALL-UNNAMED --add-opens=java.prefs/java.util.prefs=ALL-UNNAMED --add-opens=java.base/java.nio.charset=ALL-UNNAMED --add-opens=java.base/java.net=ALL-UNNAMED --add-opens=java.base/java.util.concurrent.atomic=ALL-UNNAMED -XX:MaxMetaspaceSize=256m -XX:+HeapDumpOnOutOfMemoryError -Xms256m -Xmx512m -Dfile.encoding=windows-1252 -Duser.country=FR -Duser.language=fr -Duser.variant 
java_command: org.gradle.launcher.daemon.bootstrap.GradleDaemon 7.0
java_class_path (initial): C:\Users\80010-02-05\.gradle\wrapper\dists\gradle-7.0-bin\2p9ebqfz6ilrfozi676ogco7n\gradle-7.0\lib\gradle-launcher-7.0.jar
Launcher Type: SUN_STANDARD

[Global flags]
     intx CICompilerCount                          = 3                                         {product} {ergonomic}
   size_t CompressedClassSpaceSize                 = 218103808                                 {product} {ergonomic}
     uint ConcGCThreads                            = 2                                         {product} {ergonomic}
     uint G1ConcRefinementThreads                  = 6                                         {product} {ergonomic}
   size_t G1HeapRegionSize                         = 1048576                                   {product} {ergonomic}
    uintx GCDrainStackTargetSize                   = 64                                        {product} {ergonomic}
     bool HeapDumpOnOutOfMemoryError               = true                                   {manageable} {command line}
   size_t InitialHeapSize                          = 268435456                                 {product} {command line}
   size_t MarkStackSize                            = 4194304                                   {product} {ergonomic}
   size_t MaxHeapSize                              = 536870912                                 {product} {command line}
   size_t MaxMetaspaceSize                         = 268435456                                 {product} {command line}
   size_t MaxNewSize                               = 321912832                                 {product} {ergonomic}
   size_t MinHeapDeltaBytes                        = 1048576                                   {product} {ergonomic}
   size_t MinHeapSize                              = 268435456                                 {product} {command line}
    uintx NonNMethodCodeHeapSize                   = 5832780                                {pd product} {ergonomic}
    uintx NonProfiledCodeHeapSize                  = 122912730                              {pd product} {ergonomic}
    uintx ProfiledCodeHeapSize                     = 122912730                              {pd product} {ergonomic}
    uintx ReservedCodeCacheSize                    = 251658240                              {pd product} {ergonomic}
     bool SegmentedCodeCache                       = true                                      {product} {ergonomic}
   size_t SoftMaxHeapSize                          = 536870912                              {manageable} {ergonomic}
     bool UseCompressedClassPointers               = true                           {product lp64_product} {ergonomic}
     bool UseCompressedOops                        = true                           {product lp64_product} {ergonomic}
     bool UseG1GC                                  = true                                      {product} {ergonomic}
     bool UseLargePagesIndividualAllocation        = false                                  {pd product} {ergonomic}

Logging:
Log output configuration:
 #0: stdout all=warning uptime,level,tags
 #1: stderr all=off uptime,level,tags

Environment Variables:
JAVA_HOME=C:\Program Files\AdoptOpenJDK\jdk-16.0.1.9-hotspot\
PATH=C:\Program Files\AdoptOpenJDK\jdk-16.0.1.9-hotspot\bin;C:\Program Files\AdoptOpenJDK\jdk-11.0.5.10-hotspot\bin;C:\WINDOWS\system32;C:\WINDOWS;C:\WINDOWS\System32\Wbem;C:\WINDOWS\System32\WindowsPowerShell\v1.0\;C:\WINDOWS\System32\OpenSSH\;C:\Program Files\Git\cmd;C:\Program Files\Symfony;C:\ProgramData\ComposerSetup\bin;C:\php;C:\Users\80010-02-05\AppData\Local\Microsoft\WindowsApps;C:\Users\80010-02-05\AppData\Local\Programs\Microsoft VS Code\bin;C:\php;C:\Users\80010-02-05\AppData\Roaming\Composer\vendor\bin
USERNAME=80010-02-05
OS=Windows_NT
PROCESSOR_IDENTIFIER=Intel64 Family 6 Model 158 Stepping 10, GenuineIntel



---------------  S Y S T E M  ---------------

OS:
 Windows 10 , 64 bit Build 19041 (10.0.19041.1023)
OS uptime: 0 days 4:10 hours

CPU: total 6 (initial active 6) (6 cores per cpu, 1 threads per core) family 6 model 158 stepping 10 microcode 0xb4, cx8, cmov, fxsr, mmx, 3dnowpref, sse, sse2, sse3, ssse3, sse4.1, sse4.2, popcnt, lzcnt, tsc, tscinvbit, avx, avx2, aes, erms, clmul, bmi1, bmi2, adx, fma, vzeroupper, clflush, clflushopt

Memory: 4k page, system-wide physical 16219M (3616M free)
TotalPageFile size 20734M (AvailPageFile size 3091M)
current process WorkingSet (physical memory assigned to process): 358M, peak: 396M
current process commit charge ("private bytes"): 469M, peak: 503M

vm_info: OpenJDK 64-Bit Server VM (16.0.1+9) for windows-amd64 JRE (16.0.1+9), built on Apr 21 2021 12:30:27 by "" with MS VC++ 16.7 (VS2019)

END.
